INFO - 2024-08-29 17:47:48 --> Config Class Initialized
INFO - 2024-08-29 17:47:48 --> Hooks Class Initialized
DEBUG - 2024-08-29 17:47:48 --> UTF-8 Support Enabled
INFO - 2024-08-29 17:47:48 --> Utf8 Class Initialized
INFO - 2024-08-29 17:47:48 --> URI Class Initialized
INFO - 2024-08-29 17:47:48 --> Router Class Initialized
INFO - 2024-08-29 17:47:48 --> Output Class Initialized
INFO - 2024-08-29 17:47:48 --> Security Class Initialized
DEBUG - 2024-08-29 17:47:48 --> Global POST, GET and COOKIE data sanitized
INFO - 2024-08-29 17:47:48 --> Input Class Initialized
INFO - 2024-08-29 17:47:48 --> Language Class Initialized
INFO - 2024-08-29 17:47:48 --> Loader Class Initialized
INFO - 2024-08-29 17:47:48 --> Helper loaded: url_helper
INFO - 2024-08-29 17:47:48 --> Database Driver Class Initialized
INFO - 2024-08-29 17:47:48 --> Controller Class Initialized
INFO - 2024-08-29 17:47:48 --> Model "Mconfigkey" initialized
INFO - 2024-08-29 17:47:48 --> Final output sent to browser
DEBUG - 2024-08-29 17:47:48 --> Total execution time: 0.3921
INFO - 2024-08-29 17:47:49 --> Config Class Initialized
INFO - 2024-08-29 17:47:49 --> Hooks Class Initialized
DEBUG - 2024-08-29 17:47:49 --> UTF-8 Support Enabled
INFO - 2024-08-29 17:47:49 --> Utf8 Class Initialized
INFO - 2024-08-29 17:47:49 --> URI Class Initialized
INFO - 2024-08-29 17:47:49 --> Router Class Initialized
INFO - 2024-08-29 17:47:49 --> Output Class Initialized
INFO - 2024-08-29 17:47:49 --> Security Class Initialized
DEBUG - 2024-08-29 17:47:49 --> Global POST, GET and COOKIE data sanitized
INFO - 2024-08-29 17:47:49 --> Input Class Initialized
INFO - 2024-08-29 17:47:49 --> Language Class Initialized
INFO - 2024-08-29 17:47:49 --> Loader Class Initialized
INFO - 2024-08-29 17:47:49 --> Helper loaded: url_helper
INFO - 2024-08-29 17:47:49 --> Database Driver Class Initialized
INFO - 2024-08-29 17:47:49 --> Controller Class Initialized
INFO - 2024-08-29 17:47:49 --> Model "Mauth" initialized
INFO - 2024-08-29 17:47:49 --> Model "Mconfigkey" initialized
INFO - 2024-08-29 17:47:49 --> Final output sent to browser
DEBUG - 2024-08-29 17:47:49 --> Total execution time: 0.0333
INFO - 2024-08-29 17:47:55 --> Config Class Initialized
INFO - 2024-08-29 17:47:55 --> Hooks Class Initialized
DEBUG - 2024-08-29 17:47:55 --> UTF-8 Support Enabled
INFO - 2024-08-29 17:47:55 --> Utf8 Class Initialized
INFO - 2024-08-29 17:47:55 --> URI Class Initialized
INFO - 2024-08-29 17:47:55 --> Router Class Initialized
INFO - 2024-08-29 17:47:55 --> Output Class Initialized
INFO - 2024-08-29 17:47:55 --> Security Class Initialized
DEBUG - 2024-08-29 17:47:55 --> Global POST, GET and COOKIE data sanitized
INFO - 2024-08-29 17:47:55 --> Input Class Initialized
INFO - 2024-08-29 17:47:55 --> Language Class Initialized
INFO - 2024-08-29 17:47:55 --> Loader Class Initialized
INFO - 2024-08-29 17:47:55 --> Helper loaded: url_helper
INFO - 2024-08-29 17:47:55 --> Database Driver Class Initialized
INFO - 2024-08-29 17:47:55 --> Controller Class Initialized
INFO - 2024-08-29 17:47:55 --> Model "Mconfigkey" initialized
INFO - 2024-08-29 17:47:55 --> Model "Msync_doc_aw" initialized
INFO - 2024-08-29 17:47:55 --> Final output sent to browser
DEBUG - 2024-08-29 17:47:55 --> Total execution time: 0.0340
INFO - 2024-08-29 17:48:20 --> Config Class Initialized
INFO - 2024-08-29 17:48:20 --> Hooks Class Initialized
DEBUG - 2024-08-29 17:48:20 --> UTF-8 Support Enabled
INFO - 2024-08-29 17:48:20 --> Utf8 Class Initialized
INFO - 2024-08-29 17:48:20 --> URI Class Initialized
INFO - 2024-08-29 17:48:20 --> Router Class Initialized
INFO - 2024-08-29 17:48:20 --> Output Class Initialized
INFO - 2024-08-29 17:48:20 --> Security Class Initialized
DEBUG - 2024-08-29 17:48:20 --> Global POST, GET and COOKIE data sanitized
INFO - 2024-08-29 17:48:20 --> Input Class Initialized
INFO - 2024-08-29 17:48:20 --> Language Class Initialized
INFO - 2024-08-29 17:48:20 --> Loader Class Initialized
INFO - 2024-08-29 17:48:20 --> Helper loaded: url_helper
INFO - 2024-08-29 17:48:20 --> Database Driver Class Initialized
INFO - 2024-08-29 17:48:20 --> Controller Class Initialized
INFO - 2024-08-29 17:48:20 --> Model "Mconfigkey" initialized
INFO - 2024-08-29 17:48:20 --> Final output sent to browser
DEBUG - 2024-08-29 17:48:20 --> Total execution time: 0.0202
INFO - 2024-08-29 17:48:24 --> Config Class Initialized
INFO - 2024-08-29 17:48:24 --> Hooks Class Initialized
DEBUG - 2024-08-29 17:48:24 --> UTF-8 Support Enabled
INFO - 2024-08-29 17:48:24 --> Utf8 Class Initialized
INFO - 2024-08-29 17:48:24 --> URI Class Initialized
INFO - 2024-08-29 17:48:24 --> Router Class Initialized
INFO - 2024-08-29 17:48:24 --> Output Class Initialized
INFO - 2024-08-29 17:48:24 --> Security Class Initialized
DEBUG - 2024-08-29 17:48:24 --> Global POST, GET and COOKIE data sanitized
INFO - 2024-08-29 17:48:24 --> Input Class Initialized
INFO - 2024-08-29 17:48:24 --> Language Class Initialized
INFO - 2024-08-29 17:48:24 --> Loader Class Initialized
INFO - 2024-08-29 17:48:24 --> Helper loaded: url_helper
INFO - 2024-08-29 17:48:24 --> Database Driver Class Initialized
INFO - 2024-08-29 17:48:24 --> Controller Class Initialized
INFO - 2024-08-29 17:48:24 --> Model "Mconfigkey" initialized
INFO - 2024-08-29 17:48:24 --> Model "Msync_doc_aw" initialized
INFO - 2024-08-29 17:48:24 --> Final output sent to browser
DEBUG - 2024-08-29 17:48:24 --> Total execution time: 0.0259
INFO - 2024-08-29 17:48:32 --> Config Class Initialized
INFO - 2024-08-29 17:48:32 --> Hooks Class Initialized
DEBUG - 2024-08-29 17:48:32 --> UTF-8 Support Enabled
INFO - 2024-08-29 17:48:32 --> Utf8 Class Initialized
INFO - 2024-08-29 17:48:32 --> URI Class Initialized
INFO - 2024-08-29 17:48:32 --> Router Class Initialized
INFO - 2024-08-29 17:48:32 --> Output Class Initialized
INFO - 2024-08-29 17:48:32 --> Security Class Initialized
DEBUG - 2024-08-29 17:48:32 --> Global POST, GET and COOKIE data sanitized
INFO - 2024-08-29 17:48:32 --> Input Class Initialized
INFO - 2024-08-29 17:48:32 --> Language Class Initialized
INFO - 2024-08-29 17:48:32 --> Loader Class Initialized
INFO - 2024-08-29 17:48:32 --> Helper loaded: url_helper
INFO - 2024-08-29 17:48:32 --> Database Driver Class Initialized
INFO - 2024-08-29 17:48:32 --> Controller Class Initialized
INFO - 2024-08-29 17:48:32 --> Model "Mconfigkey" initialized
INFO - 2024-08-29 17:48:32 --> Model "Msync_doc_aw" initialized
INFO - 2024-08-29 17:48:32 --> Final output sent to browser
DEBUG - 2024-08-29 17:48:32 --> Total execution time: 0.0512
INFO - 2024-08-29 17:48:47 --> Config Class Initialized
INFO - 2024-08-29 17:48:47 --> Hooks Class Initialized
DEBUG - 2024-08-29 17:48:47 --> UTF-8 Support Enabled
INFO - 2024-08-29 17:48:47 --> Utf8 Class Initialized
INFO - 2024-08-29 17:48:47 --> URI Class Initialized
INFO - 2024-08-29 17:48:47 --> Router Class Initialized
INFO - 2024-08-29 17:48:47 --> Output Class Initialized
INFO - 2024-08-29 17:48:47 --> Security Class Initialized
DEBUG - 2024-08-29 17:48:47 --> Global POST, GET and COOKIE data sanitized
INFO - 2024-08-29 17:48:47 --> Input Class Initialized
INFO - 2024-08-29 17:48:47 --> Language Class Initialized
INFO - 2024-08-29 17:48:47 --> Loader Class Initialized
INFO - 2024-08-29 17:48:47 --> Helper loaded: url_helper
INFO - 2024-08-29 17:48:47 --> Database Driver Class Initialized
INFO - 2024-08-29 17:48:47 --> Controller Class Initialized
INFO - 2024-08-29 17:48:47 --> Model "Mconfigkey" initialized
INFO - 2024-08-29 17:48:47 --> Model "Mportal_data" initialized
INFO - 2024-08-29 17:48:47 --> Final output sent to browser
DEBUG - 2024-08-29 17:48:47 --> Total execution time: 0.0299
INFO - 2024-08-29 17:49:34 --> Config Class Initialized
INFO - 2024-08-29 17:49:34 --> Hooks Class Initialized
DEBUG - 2024-08-29 17:49:34 --> UTF-8 Support Enabled
INFO - 2024-08-29 17:49:34 --> Utf8 Class Initialized
INFO - 2024-08-29 17:49:34 --> URI Class Initialized
INFO - 2024-08-29 17:49:34 --> Router Class Initialized
INFO - 2024-08-29 17:49:34 --> Output Class Initialized
INFO - 2024-08-29 17:49:34 --> Security Class Initialized
DEBUG - 2024-08-29 17:49:34 --> Global POST, GET and COOKIE data sanitized
INFO - 2024-08-29 17:49:34 --> Input Class Initialized
INFO - 2024-08-29 17:49:34 --> Language Class Initialized
INFO - 2024-08-29 17:49:34 --> Loader Class Initialized
INFO - 2024-08-29 17:49:34 --> Helper loaded: url_helper
INFO - 2024-08-29 17:49:34 --> Database Driver Class Initialized
INFO - 2024-08-29 17:49:34 --> Controller Class Initialized
INFO - 2024-08-29 17:49:35 --> Model "Mportal_data" initialized
INFO - 2024-08-29 17:49:38 --> Final output sent to browser
DEBUG - 2024-08-29 17:49:38 --> Total execution time: 4.0452
INFO - 2024-08-29 17:49:58 --> Config Class Initialized
INFO - 2024-08-29 17:49:58 --> Hooks Class Initialized
DEBUG - 2024-08-29 17:49:58 --> UTF-8 Support Enabled
INFO - 2024-08-29 17:49:58 --> Utf8 Class Initialized
INFO - 2024-08-29 17:49:58 --> URI Class Initialized
INFO - 2024-08-29 17:49:58 --> Router Class Initialized
INFO - 2024-08-29 17:49:58 --> Output Class Initialized
INFO - 2024-08-29 17:49:58 --> Security Class Initialized
DEBUG - 2024-08-29 17:49:58 --> Global POST, GET and COOKIE data sanitized
INFO - 2024-08-29 17:49:58 --> Input Class Initialized
INFO - 2024-08-29 17:49:58 --> Language Class Initialized
INFO - 2024-08-29 17:49:58 --> Loader Class Initialized
INFO - 2024-08-29 17:49:58 --> Helper loaded: url_helper
INFO - 2024-08-29 17:49:58 --> Database Driver Class Initialized
INFO - 2024-08-29 17:49:58 --> Controller Class Initialized
INFO - 2024-08-29 17:49:58 --> Model "Mconfigkey" initialized
INFO - 2024-08-29 17:49:58 --> Model "Msync_doc_aw" initialized
INFO - 2024-08-29 17:49:58 --> Final output sent to browser
DEBUG - 2024-08-29 17:49:58 --> Total execution time: 0.0300
INFO - 2024-08-29 17:50:00 --> Config Class Initialized
INFO - 2024-08-29 17:50:00 --> Hooks Class Initialized
DEBUG - 2024-08-29 17:50:00 --> UTF-8 Support Enabled
INFO - 2024-08-29 17:50:00 --> Utf8 Class Initialized
INFO - 2024-08-29 17:50:00 --> URI Class Initialized
INFO - 2024-08-29 17:50:00 --> Router Class Initialized
INFO - 2024-08-29 17:50:00 --> Output Class Initialized
INFO - 2024-08-29 17:50:00 --> Security Class Initialized
DEBUG - 2024-08-29 17:50:00 --> Global POST, GET and COOKIE data sanitized
INFO - 2024-08-29 17:50:00 --> Input Class Initialized
INFO - 2024-08-29 17:50:00 --> Language Class Initialized
INFO - 2024-08-29 17:50:00 --> Loader Class Initialized
INFO - 2024-08-29 17:50:00 --> Helper loaded: url_helper
INFO - 2024-08-29 17:50:00 --> Database Driver Class Initialized
INFO - 2024-08-29 17:50:00 --> Controller Class Initialized
INFO - 2024-08-29 17:50:00 --> Model "Mconfigkey" initialized
INFO - 2024-08-29 17:50:00 --> Model "Msync_doc_aw" initialized
INFO - 2024-08-29 17:50:00 --> Final output sent to browser
DEBUG - 2024-08-29 17:50:00 --> Total execution time: 0.0257
INFO - 2024-08-29 17:52:46 --> Config Class Initialized
INFO - 2024-08-29 17:52:46 --> Hooks Class Initialized
DEBUG - 2024-08-29 17:52:46 --> UTF-8 Support Enabled
INFO - 2024-08-29 17:52:46 --> Utf8 Class Initialized
INFO - 2024-08-29 17:52:46 --> URI Class Initialized
INFO - 2024-08-29 17:52:46 --> Router Class Initialized
INFO - 2024-08-29 17:52:46 --> Output Class Initialized
INFO - 2024-08-29 17:52:46 --> Security Class Initialized
DEBUG - 2024-08-29 17:52:46 --> Global POST, GET and COOKIE data sanitized
INFO - 2024-08-29 17:52:46 --> Input Class Initialized
INFO - 2024-08-29 17:52:46 --> Language Class Initialized
INFO - 2024-08-29 17:52:46 --> Loader Class Initialized
INFO - 2024-08-29 17:52:46 --> Helper loaded: url_helper
INFO - 2024-08-29 17:52:46 --> Database Driver Class Initialized
INFO - 2024-08-29 17:52:46 --> Controller Class Initialized
INFO - 2024-08-29 17:52:46 --> Model "Mconfigkey" initialized
INFO - 2024-08-29 17:52:46 --> Final output sent to browser
DEBUG - 2024-08-29 17:52:46 --> Total execution time: 0.0206
INFO - 2024-08-29 17:52:56 --> Config Class Initialized
INFO - 2024-08-29 17:52:56 --> Hooks Class Initialized
DEBUG - 2024-08-29 17:52:56 --> UTF-8 Support Enabled
INFO - 2024-08-29 17:52:56 --> Utf8 Class Initialized
INFO - 2024-08-29 17:52:56 --> URI Class Initialized
INFO - 2024-08-29 17:52:56 --> Router Class Initialized
INFO - 2024-08-29 17:52:56 --> Output Class Initialized
INFO - 2024-08-29 17:52:56 --> Security Class Initialized
DEBUG - 2024-08-29 17:52:56 --> Global POST, GET and COOKIE data sanitized
INFO - 2024-08-29 17:52:56 --> Input Class Initialized
INFO - 2024-08-29 17:52:56 --> Language Class Initialized
INFO - 2024-08-29 17:52:56 --> Loader Class Initialized
INFO - 2024-08-29 17:52:56 --> Helper loaded: url_helper
INFO - 2024-08-29 17:52:56 --> Database Driver Class Initialized
INFO - 2024-08-29 17:52:56 --> Controller Class Initialized
INFO - 2024-08-29 17:52:56 --> Model "Mauth" initialized
INFO - 2024-08-29 17:52:56 --> Model "Mconfigkey" initialized
INFO - 2024-08-29 17:52:56 --> Final output sent to browser
DEBUG - 2024-08-29 17:52:56 --> Total execution time: 0.0288
INFO - 2024-08-29 17:53:00 --> Config Class Initialized
INFO - 2024-08-29 17:53:00 --> Hooks Class Initialized
DEBUG - 2024-08-29 17:53:00 --> UTF-8 Support Enabled
INFO - 2024-08-29 17:53:00 --> Utf8 Class Initialized
INFO - 2024-08-29 17:53:00 --> URI Class Initialized
INFO - 2024-08-29 17:53:00 --> Router Class Initialized
INFO - 2024-08-29 17:53:00 --> Output Class Initialized
INFO - 2024-08-29 17:53:00 --> Security Class Initialized
DEBUG - 2024-08-29 17:53:00 --> Global POST, GET and COOKIE data sanitized
INFO - 2024-08-29 17:53:00 --> Input Class Initialized
INFO - 2024-08-29 17:53:00 --> Language Class Initialized
INFO - 2024-08-29 17:53:00 --> Loader Class Initialized
INFO - 2024-08-29 17:53:00 --> Helper loaded: url_helper
INFO - 2024-08-29 17:53:00 --> Database Driver Class Initialized
INFO - 2024-08-29 17:53:00 --> Controller Class Initialized
INFO - 2024-08-29 17:53:00 --> Model "Mconfigkey" initialized
INFO - 2024-08-29 17:53:00 --> Model "Msync_doc_aw" initialized
INFO - 2024-08-29 17:53:00 --> Final output sent to browser
DEBUG - 2024-08-29 17:53:00 --> Total execution time: 0.0258
INFO - 2024-08-29 17:53:16 --> Config Class Initialized
INFO - 2024-08-29 17:53:16 --> Hooks Class Initialized
DEBUG - 2024-08-29 17:53:16 --> UTF-8 Support Enabled
INFO - 2024-08-29 17:53:16 --> Utf8 Class Initialized
INFO - 2024-08-29 17:53:16 --> URI Class Initialized
INFO - 2024-08-29 17:53:16 --> Router Class Initialized
INFO - 2024-08-29 17:53:16 --> Output Class Initialized
INFO - 2024-08-29 17:53:16 --> Security Class Initialized
DEBUG - 2024-08-29 17:53:16 --> Global POST, GET and COOKIE data sanitized
INFO - 2024-08-29 17:53:16 --> Input Class Initialized
INFO - 2024-08-29 17:53:16 --> Language Class Initialized
INFO - 2024-08-29 17:53:16 --> Loader Class Initialized
INFO - 2024-08-29 17:53:16 --> Helper loaded: url_helper
INFO - 2024-08-29 17:53:16 --> Database Driver Class Initialized
INFO - 2024-08-29 17:53:16 --> Controller Class Initialized
INFO - 2024-08-29 17:53:16 --> Model "Mconfigkey" initialized
INFO - 2024-08-29 17:53:16 --> Model "Mportal_data" initialized
INFO - 2024-08-29 17:53:16 --> Final output sent to browser
DEBUG - 2024-08-29 17:53:16 --> Total execution time: 0.0225
INFO - 2024-08-29 17:53:21 --> Config Class Initialized
INFO - 2024-08-29 17:53:21 --> Hooks Class Initialized
DEBUG - 2024-08-29 17:53:21 --> UTF-8 Support Enabled
INFO - 2024-08-29 17:53:21 --> Utf8 Class Initialized
INFO - 2024-08-29 17:53:21 --> URI Class Initialized
INFO - 2024-08-29 17:53:21 --> Router Class Initialized
INFO - 2024-08-29 17:53:21 --> Output Class Initialized
INFO - 2024-08-29 17:53:21 --> Security Class Initialized
DEBUG - 2024-08-29 17:53:21 --> Global POST, GET and COOKIE data sanitized
INFO - 2024-08-29 17:53:21 --> Input Class Initialized
INFO - 2024-08-29 17:53:21 --> Language Class Initialized
INFO - 2024-08-29 17:53:21 --> Loader Class Initialized
INFO - 2024-08-29 17:53:21 --> Helper loaded: url_helper
INFO - 2024-08-29 17:53:21 --> Database Driver Class Initialized
INFO - 2024-08-29 17:53:21 --> Controller Class Initialized
INFO - 2024-08-29 17:53:23 --> Model "Mportal_data" initialized
INFO - 2024-08-29 17:53:38 --> Config Class Initialized
INFO - 2024-08-29 17:53:38 --> Hooks Class Initialized
DEBUG - 2024-08-29 17:53:38 --> UTF-8 Support Enabled
INFO - 2024-08-29 17:53:38 --> Utf8 Class Initialized
INFO - 2024-08-29 17:53:38 --> URI Class Initialized
INFO - 2024-08-29 17:53:38 --> Router Class Initialized
INFO - 2024-08-29 17:53:38 --> Output Class Initialized
INFO - 2024-08-29 17:53:38 --> Security Class Initialized
DEBUG - 2024-08-29 17:53:38 --> Global POST, GET and COOKIE data sanitized
INFO - 2024-08-29 17:53:38 --> Input Class Initialized
INFO - 2024-08-29 17:53:38 --> Language Class Initialized
INFO - 2024-08-29 17:53:38 --> Loader Class Initialized
INFO - 2024-08-29 17:53:38 --> Helper loaded: url_helper
INFO - 2024-08-29 17:53:38 --> Database Driver Class Initialized
INFO - 2024-08-29 17:53:38 --> Controller Class Initialized
INFO - 2024-08-29 17:53:38 --> Model "Mconfigkey" initialized
INFO - 2024-08-29 17:53:38 --> Model "Mgoods_stuffing" initialized
INFO - 2024-08-29 17:53:38 --> Final output sent to browser
DEBUG - 2024-08-29 17:53:38 --> Total execution time: 0.0238
INFO - 2024-08-29 17:53:41 --> Config Class Initialized
INFO - 2024-08-29 17:53:41 --> Hooks Class Initialized
DEBUG - 2024-08-29 17:53:41 --> UTF-8 Support Enabled
INFO - 2024-08-29 17:53:41 --> Utf8 Class Initialized
INFO - 2024-08-29 17:53:41 --> URI Class Initialized
INFO - 2024-08-29 17:53:41 --> Router Class Initialized
INFO - 2024-08-29 17:53:41 --> Output Class Initialized
INFO - 2024-08-29 17:53:41 --> Security Class Initialized
DEBUG - 2024-08-29 17:53:41 --> Global POST, GET and COOKIE data sanitized
INFO - 2024-08-29 17:53:41 --> Input Class Initialized
INFO - 2024-08-29 17:53:41 --> Language Class Initialized
INFO - 2024-08-29 17:53:41 --> Loader Class Initialized
INFO - 2024-08-29 17:53:41 --> Helper loaded: url_helper
INFO - 2024-08-29 17:53:41 --> Database Driver Class Initialized
INFO - 2024-08-29 17:53:41 --> Controller Class Initialized
INFO - 2024-08-29 17:53:41 --> Model "Mconfigkey" initialized
INFO - 2024-08-29 17:53:41 --> Model "Mgoods_racking" initialized
INFO - 2024-08-29 17:53:41 --> Final output sent to browser
DEBUG - 2024-08-29 17:53:41 --> Total execution time: 0.0259
INFO - 2024-08-29 17:53:46 --> Config Class Initialized
INFO - 2024-08-29 17:53:46 --> Hooks Class Initialized
DEBUG - 2024-08-29 17:53:46 --> UTF-8 Support Enabled
INFO - 2024-08-29 17:53:46 --> Utf8 Class Initialized
INFO - 2024-08-29 17:53:46 --> URI Class Initialized
INFO - 2024-08-29 17:53:46 --> Router Class Initialized
INFO - 2024-08-29 17:53:46 --> Output Class Initialized
INFO - 2024-08-29 17:53:46 --> Security Class Initialized
DEBUG - 2024-08-29 17:53:46 --> Global POST, GET and COOKIE data sanitized
INFO - 2024-08-29 17:53:46 --> Input Class Initialized
INFO - 2024-08-29 17:53:46 --> Language Class Initialized
INFO - 2024-08-29 17:53:46 --> Loader Class Initialized
INFO - 2024-08-29 17:53:46 --> Helper loaded: url_helper
INFO - 2024-08-29 17:53:46 --> Database Driver Class Initialized
INFO - 2024-08-29 17:53:46 --> Controller Class Initialized
INFO - 2024-08-29 17:53:46 --> Model "Mconfigkey" initialized
INFO - 2024-08-29 17:53:46 --> Model "Mgoods_stuffing" initialized
INFO - 2024-08-29 17:53:46 --> Final output sent to browser
DEBUG - 2024-08-29 17:53:46 --> Total execution time: 0.0165
INFO - 2024-08-29 17:54:09 --> Config Class Initialized
INFO - 2024-08-29 17:54:09 --> Hooks Class Initialized
DEBUG - 2024-08-29 17:54:09 --> UTF-8 Support Enabled
INFO - 2024-08-29 17:54:09 --> Utf8 Class Initialized
INFO - 2024-08-29 17:54:09 --> URI Class Initialized
INFO - 2024-08-29 17:54:09 --> Router Class Initialized
INFO - 2024-08-29 17:54:09 --> Output Class Initialized
INFO - 2024-08-29 17:54:09 --> Security Class Initialized
DEBUG - 2024-08-29 17:54:09 --> Global POST, GET and COOKIE data sanitized
INFO - 2024-08-29 17:54:09 --> Input Class Initialized
INFO - 2024-08-29 17:54:09 --> Language Class Initialized
INFO - 2024-08-29 17:54:09 --> Loader Class Initialized
INFO - 2024-08-29 17:54:09 --> Helper loaded: url_helper
INFO - 2024-08-29 17:54:09 --> Database Driver Class Initialized
INFO - 2024-08-29 17:54:09 --> Controller Class Initialized
INFO - 2024-08-29 17:54:09 --> Model "Mconfigkey" initialized
INFO - 2024-08-29 17:54:09 --> Model "Mportal_data" initialized
INFO - 2024-08-29 17:54:09 --> Final output sent to browser
DEBUG - 2024-08-29 17:54:09 --> Total execution time: 0.0206
INFO - 2024-08-29 17:54:12 --> Config Class Initialized
INFO - 2024-08-29 17:54:12 --> Hooks Class Initialized
DEBUG - 2024-08-29 17:54:12 --> UTF-8 Support Enabled
INFO - 2024-08-29 17:54:12 --> Utf8 Class Initialized
INFO - 2024-08-29 17:54:12 --> URI Class Initialized
INFO - 2024-08-29 17:54:12 --> Router Class Initialized
INFO - 2024-08-29 17:54:12 --> Output Class Initialized
INFO - 2024-08-29 17:54:12 --> Security Class Initialized
DEBUG - 2024-08-29 17:54:12 --> Global POST, GET and COOKIE data sanitized
INFO - 2024-08-29 17:54:12 --> Input Class Initialized
INFO - 2024-08-29 17:54:12 --> Language Class Initialized
INFO - 2024-08-29 17:54:12 --> Loader Class Initialized
INFO - 2024-08-29 17:54:12 --> Helper loaded: url_helper
INFO - 2024-08-29 17:54:12 --> Database Driver Class Initialized
INFO - 2024-08-29 17:54:12 --> Controller Class Initialized
INFO - 2024-08-29 17:54:12 --> Model "Mconfigkey" initialized
INFO - 2024-08-29 17:54:12 --> Model "Msync_doc_aw" initialized
INFO - 2024-08-29 17:54:12 --> Final output sent to browser
DEBUG - 2024-08-29 17:54:12 --> Total execution time: 0.0264
ERROR - 2024-08-29 17:54:26 --> Severity: Warning --> array_key_exists() expects parameter 2 to be array, string given D:\xampp\htdocs\plb\dummyservice\application\controllers\PortalApi.php 429
INFO - 2024-08-29 17:54:26 --> Final output sent to browser
DEBUG - 2024-08-29 17:54:26 --> Total execution time: 64.8198
INFO - 2024-08-29 17:54:33 --> Config Class Initialized
INFO - 2024-08-29 17:54:33 --> Hooks Class Initialized
DEBUG - 2024-08-29 17:54:33 --> UTF-8 Support Enabled
INFO - 2024-08-29 17:54:33 --> Utf8 Class Initialized
INFO - 2024-08-29 17:54:33 --> URI Class Initialized
INFO - 2024-08-29 17:54:33 --> Router Class Initialized
INFO - 2024-08-29 17:54:33 --> Output Class Initialized
INFO - 2024-08-29 17:54:33 --> Security Class Initialized
DEBUG - 2024-08-29 17:54:33 --> Global POST, GET and COOKIE data sanitized
INFO - 2024-08-29 17:54:33 --> Input Class Initialized
INFO - 2024-08-29 17:54:33 --> Language Class Initialized
INFO - 2024-08-29 17:54:33 --> Loader Class Initialized
INFO - 2024-08-29 17:54:33 --> Helper loaded: url_helper
INFO - 2024-08-29 17:54:33 --> Database Driver Class Initialized
INFO - 2024-08-29 17:54:33 --> Controller Class Initialized
INFO - 2024-08-29 17:54:33 --> Model "Mconfigkey" initialized
INFO - 2024-08-29 17:54:33 --> Model "Mgoods_stuffing" initialized
INFO - 2024-08-29 17:54:33 --> Final output sent to browser
DEBUG - 2024-08-29 17:54:33 --> Total execution time: 0.0229
INFO - 2024-08-29 17:54:36 --> Config Class Initialized
INFO - 2024-08-29 17:54:36 --> Hooks Class Initialized
DEBUG - 2024-08-29 17:54:36 --> UTF-8 Support Enabled
INFO - 2024-08-29 17:54:36 --> Utf8 Class Initialized
INFO - 2024-08-29 17:54:36 --> URI Class Initialized
INFO - 2024-08-29 17:54:36 --> Router Class Initialized
INFO - 2024-08-29 17:54:36 --> Output Class Initialized
INFO - 2024-08-29 17:54:36 --> Security Class Initialized
DEBUG - 2024-08-29 17:54:36 --> Global POST, GET and COOKIE data sanitized
INFO - 2024-08-29 17:54:36 --> Input Class Initialized
INFO - 2024-08-29 17:54:36 --> Language Class Initialized
INFO - 2024-08-29 17:54:36 --> Loader Class Initialized
INFO - 2024-08-29 17:54:36 --> Helper loaded: url_helper
INFO - 2024-08-29 17:54:36 --> Database Driver Class Initialized
INFO - 2024-08-29 17:54:36 --> Controller Class Initialized
INFO - 2024-08-29 17:54:36 --> Model "Mconfigkey" initialized
INFO - 2024-08-29 17:54:36 --> Model "Mgoods_stuffing" initialized
INFO - 2024-08-29 17:54:36 --> Final output sent to browser
DEBUG - 2024-08-29 17:54:36 --> Total execution time: 0.0201
INFO - 2024-08-29 17:54:37 --> Config Class Initialized
INFO - 2024-08-29 17:54:37 --> Hooks Class Initialized
DEBUG - 2024-08-29 17:54:37 --> UTF-8 Support Enabled
INFO - 2024-08-29 17:54:37 --> Utf8 Class Initialized
INFO - 2024-08-29 17:54:37 --> URI Class Initialized
INFO - 2024-08-29 17:54:37 --> Router Class Initialized
INFO - 2024-08-29 17:54:37 --> Output Class Initialized
INFO - 2024-08-29 17:54:37 --> Security Class Initialized
DEBUG - 2024-08-29 17:54:37 --> Global POST, GET and COOKIE data sanitized
INFO - 2024-08-29 17:54:37 --> Input Class Initialized
INFO - 2024-08-29 17:54:37 --> Language Class Initialized
INFO - 2024-08-29 17:54:37 --> Loader Class Initialized
INFO - 2024-08-29 17:54:37 --> Helper loaded: url_helper
INFO - 2024-08-29 17:54:37 --> Database Driver Class Initialized
INFO - 2024-08-29 17:54:37 --> Controller Class Initialized
INFO - 2024-08-29 17:54:37 --> Model "Mconfigkey" initialized
INFO - 2024-08-29 17:54:37 --> Model "Mgoods_stuffing" initialized
INFO - 2024-08-29 17:54:37 --> Final output sent to browser
DEBUG - 2024-08-29 17:54:37 --> Total execution time: 0.0201
INFO - 2024-08-29 17:54:40 --> Config Class Initialized
INFO - 2024-08-29 17:54:40 --> Hooks Class Initialized
DEBUG - 2024-08-29 17:54:40 --> UTF-8 Support Enabled
INFO - 2024-08-29 17:54:40 --> Utf8 Class Initialized
INFO - 2024-08-29 17:54:40 --> URI Class Initialized
INFO - 2024-08-29 17:54:40 --> Router Class Initialized
INFO - 2024-08-29 17:54:40 --> Output Class Initialized
INFO - 2024-08-29 17:54:40 --> Security Class Initialized
DEBUG - 2024-08-29 17:54:40 --> Global POST, GET and COOKIE data sanitized
INFO - 2024-08-29 17:54:40 --> Input Class Initialized
INFO - 2024-08-29 17:54:40 --> Language Class Initialized
INFO - 2024-08-29 17:54:40 --> Loader Class Initialized
INFO - 2024-08-29 17:54:40 --> Helper loaded: url_helper
INFO - 2024-08-29 17:54:40 --> Database Driver Class Initialized
INFO - 2024-08-29 17:54:40 --> Controller Class Initialized
INFO - 2024-08-29 17:54:40 --> Model "Mconfigkey" initialized
INFO - 2024-08-29 17:54:40 --> Model "Msync_doc_aw" initialized
INFO - 2024-08-29 17:54:40 --> Final output sent to browser
DEBUG - 2024-08-29 17:54:40 --> Total execution time: 0.0330
INFO - 2024-08-29 17:54:46 --> Config Class Initialized
INFO - 2024-08-29 17:54:46 --> Hooks Class Initialized
DEBUG - 2024-08-29 17:54:46 --> UTF-8 Support Enabled
INFO - 2024-08-29 17:54:46 --> Utf8 Class Initialized
INFO - 2024-08-29 17:54:46 --> URI Class Initialized
INFO - 2024-08-29 17:54:46 --> Router Class Initialized
INFO - 2024-08-29 17:54:46 --> Output Class Initialized
INFO - 2024-08-29 17:54:46 --> Security Class Initialized
DEBUG - 2024-08-29 17:54:46 --> Global POST, GET and COOKIE data sanitized
INFO - 2024-08-29 17:54:46 --> Input Class Initialized
INFO - 2024-08-29 17:54:46 --> Language Class Initialized
INFO - 2024-08-29 17:54:46 --> Loader Class Initialized
INFO - 2024-08-29 17:54:46 --> Helper loaded: url_helper
INFO - 2024-08-29 17:54:46 --> Database Driver Class Initialized
INFO - 2024-08-29 17:54:46 --> Controller Class Initialized
INFO - 2024-08-29 17:54:46 --> Model "Mconfigkey" initialized
INFO - 2024-08-29 17:54:46 --> Model "Mgoods_stuffing" initialized
INFO - 2024-08-29 17:54:46 --> Final output sent to browser
DEBUG - 2024-08-29 17:54:46 --> Total execution time: 0.0194
INFO - 2024-08-29 17:54:57 --> Config Class Initialized
INFO - 2024-08-29 17:54:57 --> Hooks Class Initialized
DEBUG - 2024-08-29 17:54:57 --> UTF-8 Support Enabled
INFO - 2024-08-29 17:54:57 --> Utf8 Class Initialized
INFO - 2024-08-29 17:54:57 --> URI Class Initialized
INFO - 2024-08-29 17:54:57 --> Router Class Initialized
INFO - 2024-08-29 17:54:57 --> Output Class Initialized
INFO - 2024-08-29 17:54:57 --> Security Class Initialized
DEBUG - 2024-08-29 17:54:57 --> Global POST, GET and COOKIE data sanitized
INFO - 2024-08-29 17:54:57 --> Input Class Initialized
INFO - 2024-08-29 17:54:57 --> Language Class Initialized
INFO - 2024-08-29 17:54:57 --> Loader Class Initialized
INFO - 2024-08-29 17:54:57 --> Helper loaded: url_helper
INFO - 2024-08-29 17:54:57 --> Database Driver Class Initialized
INFO - 2024-08-29 17:54:57 --> Controller Class Initialized
INFO - 2024-08-29 17:54:57 --> Model "Mconfigkey" initialized
INFO - 2024-08-29 17:54:57 --> Model "Mgoods_stuffing" initialized
INFO - 2024-08-29 17:54:57 --> Final output sent to browser
DEBUG - 2024-08-29 17:54:57 --> Total execution time: 0.0205
INFO - 2024-08-29 17:54:57 --> Config Class Initialized
INFO - 2024-08-29 17:54:57 --> Hooks Class Initialized
DEBUG - 2024-08-29 17:54:57 --> UTF-8 Support Enabled
INFO - 2024-08-29 17:54:57 --> Utf8 Class Initialized
INFO - 2024-08-29 17:54:57 --> URI Class Initialized
INFO - 2024-08-29 17:54:57 --> Router Class Initialized
INFO - 2024-08-29 17:54:57 --> Output Class Initialized
INFO - 2024-08-29 17:54:57 --> Security Class Initialized
DEBUG - 2024-08-29 17:54:57 --> Global POST, GET and COOKIE data sanitized
INFO - 2024-08-29 17:54:57 --> Input Class Initialized
INFO - 2024-08-29 17:54:57 --> Language Class Initialized
INFO - 2024-08-29 17:54:57 --> Loader Class Initialized
INFO - 2024-08-29 17:54:57 --> Helper loaded: url_helper
INFO - 2024-08-29 17:54:57 --> Database Driver Class Initialized
INFO - 2024-08-29 17:54:57 --> Controller Class Initialized
INFO - 2024-08-29 17:54:57 --> Model "Mconfigkey" initialized
INFO - 2024-08-29 17:54:57 --> Model "Mgoods_stuffing" initialized
INFO - 2024-08-29 17:54:57 --> Final output sent to browser
DEBUG - 2024-08-29 17:54:57 --> Total execution time: 0.0219
INFO - 2024-08-29 17:55:01 --> Config Class Initialized
INFO - 2024-08-29 17:55:01 --> Hooks Class Initialized
DEBUG - 2024-08-29 17:55:01 --> UTF-8 Support Enabled
INFO - 2024-08-29 17:55:01 --> Utf8 Class Initialized
INFO - 2024-08-29 17:55:01 --> URI Class Initialized
INFO - 2024-08-29 17:55:01 --> Router Class Initialized
INFO - 2024-08-29 17:55:01 --> Output Class Initialized
INFO - 2024-08-29 17:55:01 --> Security Class Initialized
DEBUG - 2024-08-29 17:55:01 --> Global POST, GET and COOKIE data sanitized
INFO - 2024-08-29 17:55:01 --> Input Class Initialized
INFO - 2024-08-29 17:55:01 --> Language Class Initialized
INFO - 2024-08-29 17:55:01 --> Loader Class Initialized
INFO - 2024-08-29 17:55:01 --> Helper loaded: url_helper
INFO - 2024-08-29 17:55:01 --> Database Driver Class Initialized
INFO - 2024-08-29 17:55:01 --> Controller Class Initialized
INFO - 2024-08-29 17:55:01 --> Model "Mconfigkey" initialized
INFO - 2024-08-29 17:55:01 --> Model "Mgoods_stuffing" initialized
INFO - 2024-08-29 17:55:01 --> Final output sent to browser
DEBUG - 2024-08-29 17:55:01 --> Total execution time: 0.0525
INFO - 2024-08-29 17:55:49 --> Config Class Initialized
INFO - 2024-08-29 17:55:49 --> Hooks Class Initialized
DEBUG - 2024-08-29 17:55:49 --> UTF-8 Support Enabled
INFO - 2024-08-29 17:55:49 --> Utf8 Class Initialized
INFO - 2024-08-29 17:55:49 --> URI Class Initialized
INFO - 2024-08-29 17:55:49 --> Router Class Initialized
INFO - 2024-08-29 17:55:49 --> Output Class Initialized
INFO - 2024-08-29 17:55:49 --> Security Class Initialized
DEBUG - 2024-08-29 17:55:49 --> Global POST, GET and COOKIE data sanitized
INFO - 2024-08-29 17:55:49 --> Input Class Initialized
INFO - 2024-08-29 17:55:49 --> Language Class Initialized
INFO - 2024-08-29 17:55:49 --> Loader Class Initialized
INFO - 2024-08-29 17:55:49 --> Helper loaded: url_helper
INFO - 2024-08-29 17:55:49 --> Database Driver Class Initialized
INFO - 2024-08-29 17:55:49 --> Controller Class Initialized
INFO - 2024-08-29 17:55:49 --> Model "Mconfigkey" initialized
INFO - 2024-08-29 17:55:49 --> Model "Mgoods_stuffing" initialized
INFO - 2024-08-29 17:55:49 --> Final output sent to browser
DEBUG - 2024-08-29 17:55:49 --> Total execution time: 0.0404
INFO - 2024-08-29 17:55:52 --> Config Class Initialized
INFO - 2024-08-29 17:55:52 --> Hooks Class Initialized
DEBUG - 2024-08-29 17:55:52 --> UTF-8 Support Enabled
INFO - 2024-08-29 17:55:52 --> Utf8 Class Initialized
INFO - 2024-08-29 17:55:52 --> URI Class Initialized
INFO - 2024-08-29 17:55:52 --> Router Class Initialized
INFO - 2024-08-29 17:55:52 --> Output Class Initialized
INFO - 2024-08-29 17:55:52 --> Security Class Initialized
DEBUG - 2024-08-29 17:55:52 --> Global POST, GET and COOKIE data sanitized
INFO - 2024-08-29 17:55:52 --> Input Class Initialized
INFO - 2024-08-29 17:55:52 --> Language Class Initialized
INFO - 2024-08-29 17:55:52 --> Loader Class Initialized
INFO - 2024-08-29 17:55:52 --> Helper loaded: url_helper
INFO - 2024-08-29 17:55:52 --> Database Driver Class Initialized
INFO - 2024-08-29 17:55:52 --> Controller Class Initialized
INFO - 2024-08-29 17:55:52 --> Model "Mconfigkey" initialized
INFO - 2024-08-29 17:55:52 --> Model "Mgoods_stuffing" initialized
INFO - 2024-08-29 17:55:52 --> Final output sent to browser
DEBUG - 2024-08-29 17:55:52 --> Total execution time: 0.0418
INFO - 2024-08-29 17:56:10 --> Config Class Initialized
INFO - 2024-08-29 17:56:10 --> Hooks Class Initialized
DEBUG - 2024-08-29 17:56:10 --> UTF-8 Support Enabled
INFO - 2024-08-29 17:56:10 --> Utf8 Class Initialized
INFO - 2024-08-29 17:56:10 --> URI Class Initialized
INFO - 2024-08-29 17:56:10 --> Router Class Initialized
INFO - 2024-08-29 17:56:10 --> Output Class Initialized
INFO - 2024-08-29 17:56:10 --> Security Class Initialized
DEBUG - 2024-08-29 17:56:10 --> Global POST, GET and COOKIE data sanitized
INFO - 2024-08-29 17:56:10 --> Input Class Initialized
INFO - 2024-08-29 17:56:10 --> Language Class Initialized
INFO - 2024-08-29 17:56:10 --> Loader Class Initialized
INFO - 2024-08-29 17:56:10 --> Helper loaded: url_helper
INFO - 2024-08-29 17:56:10 --> Database Driver Class Initialized
INFO - 2024-08-29 17:56:10 --> Controller Class Initialized
INFO - 2024-08-29 17:56:10 --> Model "Mconfigkey" initialized
INFO - 2024-08-29 17:56:10 --> Model "Mportal_data" initialized
INFO - 2024-08-29 17:56:10 --> Final output sent to browser
DEBUG - 2024-08-29 17:56:10 --> Total execution time: 0.0244
INFO - 2024-08-29 17:56:11 --> Config Class Initialized
INFO - 2024-08-29 17:56:11 --> Hooks Class Initialized
DEBUG - 2024-08-29 17:56:11 --> UTF-8 Support Enabled
INFO - 2024-08-29 17:56:11 --> Utf8 Class Initialized
INFO - 2024-08-29 17:56:11 --> URI Class Initialized
INFO - 2024-08-29 17:56:11 --> Router Class Initialized
INFO - 2024-08-29 17:56:11 --> Output Class Initialized
INFO - 2024-08-29 17:56:11 --> Security Class Initialized
DEBUG - 2024-08-29 17:56:11 --> Global POST, GET and COOKIE data sanitized
INFO - 2024-08-29 17:56:11 --> Input Class Initialized
INFO - 2024-08-29 17:56:11 --> Language Class Initialized
INFO - 2024-08-29 17:56:11 --> Loader Class Initialized
INFO - 2024-08-29 17:56:11 --> Helper loaded: url_helper
INFO - 2024-08-29 17:56:11 --> Database Driver Class Initialized
INFO - 2024-08-29 17:56:11 --> Controller Class Initialized
INFO - 2024-08-29 17:56:11 --> Model "Mconfigkey" initialized
INFO - 2024-08-29 17:56:11 --> Model "Mportal_data" initialized
INFO - 2024-08-29 17:56:11 --> Final output sent to browser
DEBUG - 2024-08-29 17:56:11 --> Total execution time: 0.0209
INFO - 2024-08-29 17:56:12 --> Config Class Initialized
INFO - 2024-08-29 17:56:12 --> Hooks Class Initialized
DEBUG - 2024-08-29 17:56:12 --> UTF-8 Support Enabled
INFO - 2024-08-29 17:56:12 --> Utf8 Class Initialized
INFO - 2024-08-29 17:56:12 --> URI Class Initialized
INFO - 2024-08-29 17:56:12 --> Router Class Initialized
INFO - 2024-08-29 17:56:12 --> Output Class Initialized
INFO - 2024-08-29 17:56:12 --> Security Class Initialized
DEBUG - 2024-08-29 17:56:12 --> Global POST, GET and COOKIE data sanitized
INFO - 2024-08-29 17:56:12 --> Input Class Initialized
INFO - 2024-08-29 17:56:12 --> Language Class Initialized
INFO - 2024-08-29 17:56:12 --> Loader Class Initialized
INFO - 2024-08-29 17:56:12 --> Helper loaded: url_helper
INFO - 2024-08-29 17:56:12 --> Database Driver Class Initialized
INFO - 2024-08-29 17:56:12 --> Controller Class Initialized
INFO - 2024-08-29 17:56:12 --> Model "Mconfigkey" initialized
INFO - 2024-08-29 17:56:12 --> Model "Mportal_data" initialized
INFO - 2024-08-29 17:56:12 --> Final output sent to browser
DEBUG - 2024-08-29 17:56:12 --> Total execution time: 0.0208
INFO - 2024-08-29 17:56:13 --> Config Class Initialized
INFO - 2024-08-29 17:56:13 --> Hooks Class Initialized
DEBUG - 2024-08-29 17:56:13 --> UTF-8 Support Enabled
INFO - 2024-08-29 17:56:13 --> Utf8 Class Initialized
INFO - 2024-08-29 17:56:13 --> URI Class Initialized
INFO - 2024-08-29 17:56:13 --> Router Class Initialized
INFO - 2024-08-29 17:56:13 --> Output Class Initialized
INFO - 2024-08-29 17:56:13 --> Security Class Initialized
DEBUG - 2024-08-29 17:56:13 --> Global POST, GET and COOKIE data sanitized
INFO - 2024-08-29 17:56:13 --> Input Class Initialized
INFO - 2024-08-29 17:56:13 --> Language Class Initialized
INFO - 2024-08-29 17:56:13 --> Loader Class Initialized
INFO - 2024-08-29 17:56:13 --> Helper loaded: url_helper
INFO - 2024-08-29 17:56:13 --> Database Driver Class Initialized
INFO - 2024-08-29 17:56:13 --> Controller Class Initialized
INFO - 2024-08-29 17:56:13 --> Model "Mconfigkey" initialized
INFO - 2024-08-29 17:56:13 --> Model "Mportal_data" initialized
INFO - 2024-08-29 17:56:13 --> Final output sent to browser
DEBUG - 2024-08-29 17:56:13 --> Total execution time: 0.0207
INFO - 2024-08-29 17:56:14 --> Config Class Initialized
INFO - 2024-08-29 17:56:14 --> Hooks Class Initialized
DEBUG - 2024-08-29 17:56:14 --> UTF-8 Support Enabled
INFO - 2024-08-29 17:56:14 --> Utf8 Class Initialized
INFO - 2024-08-29 17:56:14 --> URI Class Initialized
INFO - 2024-08-29 17:56:14 --> Router Class Initialized
INFO - 2024-08-29 17:56:14 --> Output Class Initialized
INFO - 2024-08-29 17:56:14 --> Security Class Initialized
DEBUG - 2024-08-29 17:56:14 --> Global POST, GET and COOKIE data sanitized
INFO - 2024-08-29 17:56:14 --> Input Class Initialized
INFO - 2024-08-29 17:56:14 --> Language Class Initialized
INFO - 2024-08-29 17:56:14 --> Loader Class Initialized
INFO - 2024-08-29 17:56:14 --> Helper loaded: url_helper
INFO - 2024-08-29 17:56:14 --> Database Driver Class Initialized
INFO - 2024-08-29 17:56:14 --> Controller Class Initialized
INFO - 2024-08-29 17:56:14 --> Model "Mconfigkey" initialized
INFO - 2024-08-29 17:56:14 --> Model "Mportal_data" initialized
INFO - 2024-08-29 17:56:14 --> Final output sent to browser
DEBUG - 2024-08-29 17:56:14 --> Total execution time: 0.0210
INFO - 2024-08-29 17:56:15 --> Config Class Initialized
INFO - 2024-08-29 17:56:15 --> Hooks Class Initialized
DEBUG - 2024-08-29 17:56:15 --> UTF-8 Support Enabled
INFO - 2024-08-29 17:56:15 --> Utf8 Class Initialized
INFO - 2024-08-29 17:56:15 --> URI Class Initialized
INFO - 2024-08-29 17:56:15 --> Router Class Initialized
INFO - 2024-08-29 17:56:15 --> Output Class Initialized
INFO - 2024-08-29 17:56:15 --> Security Class Initialized
DEBUG - 2024-08-29 17:56:15 --> Global POST, GET and COOKIE data sanitized
INFO - 2024-08-29 17:56:15 --> Input Class Initialized
INFO - 2024-08-29 17:56:15 --> Language Class Initialized
INFO - 2024-08-29 17:56:15 --> Loader Class Initialized
INFO - 2024-08-29 17:56:15 --> Helper loaded: url_helper
INFO - 2024-08-29 17:56:15 --> Database Driver Class Initialized
INFO - 2024-08-29 17:56:15 --> Controller Class Initialized
ERROR - 2024-08-29 17:56:15 --> Severity: Warning --> array_merge(): Expected parameter 1 to be an array, null given D:\xampp\htdocs\plb\dummyservice\application\controllers\PortalApiPlb.php 46
INFO - 2024-08-29 17:56:17 --> Final output sent to browser
DEBUG - 2024-08-29 17:56:17 --> Total execution time: 1.7563
INFO - 2024-08-29 18:00:00 --> Config Class Initialized
INFO - 2024-08-29 18:00:00 --> Hooks Class Initialized
DEBUG - 2024-08-29 18:00:00 --> UTF-8 Support Enabled
INFO - 2024-08-29 18:00:00 --> Utf8 Class Initialized
INFO - 2024-08-29 18:00:00 --> URI Class Initialized
INFO - 2024-08-29 18:00:00 --> Router Class Initialized
INFO - 2024-08-29 18:00:00 --> Output Class Initialized
INFO - 2024-08-29 18:00:00 --> Security Class Initialized
DEBUG - 2024-08-29 18:00:00 --> Global POST, GET and COOKIE data sanitized
INFO - 2024-08-29 18:00:00 --> Input Class Initialized
INFO - 2024-08-29 18:00:00 --> Language Class Initialized
INFO - 2024-08-29 18:00:00 --> Loader Class Initialized
INFO - 2024-08-29 18:00:00 --> Helper loaded: url_helper
INFO - 2024-08-29 18:00:00 --> Database Driver Class Initialized
INFO - 2024-08-29 18:00:00 --> Controller Class Initialized
ERROR - 2024-08-29 18:00:00 --> Severity: Warning --> array_merge(): Expected parameter 1 to be an array, null given D:\xampp\htdocs\plb\dummyservice\application\controllers\PortalApiPlb.php 46
INFO - 2024-08-29 18:00:02 --> Final output sent to browser
DEBUG - 2024-08-29 18:00:02 --> Total execution time: 2.6516
INFO - 2024-08-29 18:00:02 --> Config Class Initialized
INFO - 2024-08-29 18:00:02 --> Hooks Class Initialized
DEBUG - 2024-08-29 18:00:02 --> UTF-8 Support Enabled
INFO - 2024-08-29 18:00:02 --> Utf8 Class Initialized
INFO - 2024-08-29 18:00:02 --> URI Class Initialized
INFO - 2024-08-29 18:00:02 --> Router Class Initialized
INFO - 2024-08-29 18:00:02 --> Output Class Initialized
INFO - 2024-08-29 18:00:02 --> Security Class Initialized
DEBUG - 2024-08-29 18:00:02 --> Global POST, GET and COOKIE data sanitized
INFO - 2024-08-29 18:00:02 --> Input Class Initialized
INFO - 2024-08-29 18:00:02 --> Language Class Initialized
INFO - 2024-08-29 18:00:02 --> Loader Class Initialized
INFO - 2024-08-29 18:00:02 --> Helper loaded: url_helper
INFO - 2024-08-29 18:00:02 --> Database Driver Class Initialized
INFO - 2024-08-29 18:00:02 --> Controller Class Initialized
INFO - 2024-08-29 18:00:02 --> Model "Mconfigkey" initialized
INFO - 2024-08-29 18:00:02 --> Final output sent to browser
DEBUG - 2024-08-29 18:00:02 --> Total execution time: 0.0185
INFO - 2024-08-29 18:00:10 --> Config Class Initialized
INFO - 2024-08-29 18:00:10 --> Hooks Class Initialized
DEBUG - 2024-08-29 18:00:10 --> UTF-8 Support Enabled
INFO - 2024-08-29 18:00:10 --> Utf8 Class Initialized
INFO - 2024-08-29 18:00:10 --> URI Class Initialized
INFO - 2024-08-29 18:00:10 --> Router Class Initialized
INFO - 2024-08-29 18:00:10 --> Output Class Initialized
INFO - 2024-08-29 18:00:10 --> Security Class Initialized
DEBUG - 2024-08-29 18:00:10 --> Global POST, GET and COOKIE data sanitized
INFO - 2024-08-29 18:00:10 --> Input Class Initialized
INFO - 2024-08-29 18:00:10 --> Language Class Initialized
INFO - 2024-08-29 18:00:10 --> Loader Class Initialized
INFO - 2024-08-29 18:00:10 --> Helper loaded: url_helper
INFO - 2024-08-29 18:00:10 --> Database Driver Class Initialized
INFO - 2024-08-29 18:00:10 --> Controller Class Initialized
INFO - 2024-08-29 18:00:10 --> Model "Mconfigkey" initialized
INFO - 2024-08-29 18:00:10 --> Final output sent to browser
DEBUG - 2024-08-29 18:00:10 --> Total execution time: 0.0187
INFO - 2024-08-29 18:00:14 --> Config Class Initialized
INFO - 2024-08-29 18:00:14 --> Hooks Class Initialized
DEBUG - 2024-08-29 18:00:14 --> UTF-8 Support Enabled
INFO - 2024-08-29 18:00:14 --> Utf8 Class Initialized
INFO - 2024-08-29 18:00:14 --> URI Class Initialized
INFO - 2024-08-29 18:00:14 --> Router Class Initialized
INFO - 2024-08-29 18:00:14 --> Output Class Initialized
INFO - 2024-08-29 18:00:14 --> Security Class Initialized
DEBUG - 2024-08-29 18:00:14 --> Global POST, GET and COOKIE data sanitized
INFO - 2024-08-29 18:00:14 --> Input Class Initialized
INFO - 2024-08-29 18:00:14 --> Language Class Initialized
INFO - 2024-08-29 18:00:14 --> Loader Class Initialized
INFO - 2024-08-29 18:00:14 --> Helper loaded: url_helper
INFO - 2024-08-29 18:00:14 --> Database Driver Class Initialized
INFO - 2024-08-29 18:00:14 --> Controller Class Initialized
INFO - 2024-08-29 18:00:14 --> Model "Mauth" initialized
INFO - 2024-08-29 18:00:14 --> Model "Mconfigkey" initialized
INFO - 2024-08-29 18:00:14 --> Final output sent to browser
DEBUG - 2024-08-29 18:00:14 --> Total execution time: 0.0242
INFO - 2024-08-29 18:00:21 --> Config Class Initialized
INFO - 2024-08-29 18:00:21 --> Hooks Class Initialized
DEBUG - 2024-08-29 18:00:21 --> UTF-8 Support Enabled
INFO - 2024-08-29 18:00:21 --> Utf8 Class Initialized
INFO - 2024-08-29 18:00:21 --> URI Class Initialized
INFO - 2024-08-29 18:00:21 --> Router Class Initialized
INFO - 2024-08-29 18:00:21 --> Output Class Initialized
INFO - 2024-08-29 18:00:21 --> Security Class Initialized
DEBUG - 2024-08-29 18:00:21 --> Global POST, GET and COOKIE data sanitized
INFO - 2024-08-29 18:00:21 --> Input Class Initialized
INFO - 2024-08-29 18:00:21 --> Language Class Initialized
INFO - 2024-08-29 18:00:21 --> Loader Class Initialized
INFO - 2024-08-29 18:00:21 --> Helper loaded: url_helper
INFO - 2024-08-29 18:00:21 --> Database Driver Class Initialized
INFO - 2024-08-29 18:00:21 --> Controller Class Initialized
INFO - 2024-08-29 18:00:21 --> Model "Mconfigkey" initialized
INFO - 2024-08-29 18:00:21 --> Model "Mportal_data" initialized
INFO - 2024-08-29 18:00:21 --> Final output sent to browser
DEBUG - 2024-08-29 18:00:21 --> Total execution time: 0.0212
INFO - 2024-08-29 18:00:29 --> Config Class Initialized
INFO - 2024-08-29 18:00:29 --> Hooks Class Initialized
DEBUG - 2024-08-29 18:00:29 --> UTF-8 Support Enabled
INFO - 2024-08-29 18:00:29 --> Utf8 Class Initialized
INFO - 2024-08-29 18:00:29 --> URI Class Initialized
INFO - 2024-08-29 18:00:29 --> Router Class Initialized
INFO - 2024-08-29 18:00:29 --> Output Class Initialized
INFO - 2024-08-29 18:00:29 --> Security Class Initialized
DEBUG - 2024-08-29 18:00:29 --> Global POST, GET and COOKIE data sanitized
INFO - 2024-08-29 18:00:29 --> Input Class Initialized
INFO - 2024-08-29 18:00:29 --> Language Class Initialized
INFO - 2024-08-29 18:00:29 --> Loader Class Initialized
INFO - 2024-08-29 18:00:29 --> Helper loaded: url_helper
INFO - 2024-08-29 18:00:29 --> Database Driver Class Initialized
INFO - 2024-08-29 18:00:29 --> Controller Class Initialized
INFO - 2024-08-29 18:00:29 --> Model "Mconfigkey" initialized
INFO - 2024-08-29 18:00:29 --> Model "Mgoods_stuffing" initialized
INFO - 2024-08-29 18:00:29 --> Final output sent to browser
DEBUG - 2024-08-29 18:00:29 --> Total execution time: 0.0197
INFO - 2024-08-29 18:00:30 --> Config Class Initialized
INFO - 2024-08-29 18:00:30 --> Hooks Class Initialized
DEBUG - 2024-08-29 18:00:30 --> UTF-8 Support Enabled
INFO - 2024-08-29 18:00:30 --> Utf8 Class Initialized
INFO - 2024-08-29 18:00:30 --> URI Class Initialized
INFO - 2024-08-29 18:00:30 --> Router Class Initialized
INFO - 2024-08-29 18:00:30 --> Output Class Initialized
INFO - 2024-08-29 18:00:30 --> Security Class Initialized
DEBUG - 2024-08-29 18:00:30 --> Global POST, GET and COOKIE data sanitized
INFO - 2024-08-29 18:00:30 --> Input Class Initialized
INFO - 2024-08-29 18:00:30 --> Language Class Initialized
INFO - 2024-08-29 18:00:30 --> Loader Class Initialized
INFO - 2024-08-29 18:00:30 --> Helper loaded: url_helper
INFO - 2024-08-29 18:00:30 --> Database Driver Class Initialized
INFO - 2024-08-29 18:00:30 --> Controller Class Initialized
INFO - 2024-08-29 18:00:30 --> Model "Mconfigkey" initialized
INFO - 2024-08-29 18:00:30 --> Model "Mgoods_stuffing" initialized
INFO - 2024-08-29 18:00:30 --> Final output sent to browser
DEBUG - 2024-08-29 18:00:30 --> Total execution time: 0.0211
INFO - 2024-08-29 18:00:33 --> Config Class Initialized
INFO - 2024-08-29 18:00:33 --> Hooks Class Initialized
DEBUG - 2024-08-29 18:00:33 --> UTF-8 Support Enabled
INFO - 2024-08-29 18:00:33 --> Utf8 Class Initialized
INFO - 2024-08-29 18:00:33 --> URI Class Initialized
INFO - 2024-08-29 18:00:33 --> Router Class Initialized
INFO - 2024-08-29 18:00:33 --> Output Class Initialized
INFO - 2024-08-29 18:00:33 --> Security Class Initialized
DEBUG - 2024-08-29 18:00:33 --> Global POST, GET and COOKIE data sanitized
INFO - 2024-08-29 18:00:33 --> Input Class Initialized
INFO - 2024-08-29 18:00:33 --> Language Class Initialized
INFO - 2024-08-29 18:00:33 --> Loader Class Initialized
INFO - 2024-08-29 18:00:33 --> Helper loaded: url_helper
INFO - 2024-08-29 18:00:33 --> Database Driver Class Initialized
INFO - 2024-08-29 18:00:33 --> Controller Class Initialized
INFO - 2024-08-29 18:00:33 --> Model "Mconfigkey" initialized
INFO - 2024-08-29 18:00:33 --> Model "Mgoods_stuffing" initialized
INFO - 2024-08-29 18:00:33 --> Final output sent to browser
DEBUG - 2024-08-29 18:00:33 --> Total execution time: 0.0191
INFO - 2024-08-29 18:00:33 --> Config Class Initialized
INFO - 2024-08-29 18:00:33 --> Hooks Class Initialized
DEBUG - 2024-08-29 18:00:33 --> UTF-8 Support Enabled
INFO - 2024-08-29 18:00:33 --> Utf8 Class Initialized
INFO - 2024-08-29 18:00:33 --> URI Class Initialized
INFO - 2024-08-29 18:00:33 --> Router Class Initialized
INFO - 2024-08-29 18:00:33 --> Output Class Initialized
INFO - 2024-08-29 18:00:33 --> Security Class Initialized
DEBUG - 2024-08-29 18:00:33 --> Global POST, GET and COOKIE data sanitized
INFO - 2024-08-29 18:00:33 --> Input Class Initialized
INFO - 2024-08-29 18:00:33 --> Language Class Initialized
INFO - 2024-08-29 18:00:33 --> Loader Class Initialized
INFO - 2024-08-29 18:00:33 --> Helper loaded: url_helper
INFO - 2024-08-29 18:00:33 --> Database Driver Class Initialized
INFO - 2024-08-29 18:00:33 --> Controller Class Initialized
INFO - 2024-08-29 18:00:33 --> Model "Mconfigkey" initialized
INFO - 2024-08-29 18:00:33 --> Model "Mgoods_stuffing" initialized
INFO - 2024-08-29 18:00:33 --> Final output sent to browser
DEBUG - 2024-08-29 18:00:33 --> Total execution time: 0.0195
INFO - 2024-08-29 18:00:37 --> Config Class Initialized
INFO - 2024-08-29 18:00:37 --> Hooks Class Initialized
DEBUG - 2024-08-29 18:00:37 --> UTF-8 Support Enabled
INFO - 2024-08-29 18:00:37 --> Utf8 Class Initialized
INFO - 2024-08-29 18:00:37 --> URI Class Initialized
INFO - 2024-08-29 18:00:37 --> Router Class Initialized
INFO - 2024-08-29 18:00:37 --> Output Class Initialized
INFO - 2024-08-29 18:00:37 --> Security Class Initialized
DEBUG - 2024-08-29 18:00:37 --> Global POST, GET and COOKIE data sanitized
INFO - 2024-08-29 18:00:37 --> Input Class Initialized
INFO - 2024-08-29 18:00:37 --> Language Class Initialized
INFO - 2024-08-29 18:00:37 --> Loader Class Initialized
INFO - 2024-08-29 18:00:37 --> Helper loaded: url_helper
INFO - 2024-08-29 18:00:37 --> Database Driver Class Initialized
INFO - 2024-08-29 18:00:37 --> Controller Class Initialized
INFO - 2024-08-29 18:00:37 --> Model "Mconfigkey" initialized
INFO - 2024-08-29 18:00:37 --> Model "Mgoods_stuffing" initialized
INFO - 2024-08-29 18:00:37 --> Final output sent to browser
DEBUG - 2024-08-29 18:00:37 --> Total execution time: 0.0325
INFO - 2024-08-29 18:01:26 --> Config Class Initialized
INFO - 2024-08-29 18:01:26 --> Hooks Class Initialized
DEBUG - 2024-08-29 18:01:26 --> UTF-8 Support Enabled
INFO - 2024-08-29 18:01:26 --> Utf8 Class Initialized
INFO - 2024-08-29 18:01:26 --> URI Class Initialized
INFO - 2024-08-29 18:01:26 --> Router Class Initialized
INFO - 2024-08-29 18:01:26 --> Output Class Initialized
INFO - 2024-08-29 18:01:26 --> Security Class Initialized
DEBUG - 2024-08-29 18:01:26 --> Global POST, GET and COOKIE data sanitized
INFO - 2024-08-29 18:01:26 --> Input Class Initialized
INFO - 2024-08-29 18:01:26 --> Language Class Initialized
INFO - 2024-08-29 18:01:26 --> Loader Class Initialized
INFO - 2024-08-29 18:01:26 --> Helper loaded: url_helper
INFO - 2024-08-29 18:01:26 --> Database Driver Class Initialized
INFO - 2024-08-29 18:01:26 --> Controller Class Initialized
INFO - 2024-08-29 18:01:26 --> Model "Mconfigkey" initialized
INFO - 2024-08-29 18:01:26 --> Model "Msync_doc_aw" initialized
INFO - 2024-08-29 18:01:26 --> Final output sent to browser
DEBUG - 2024-08-29 18:01:26 --> Total execution time: 0.0298
INFO - 2024-08-29 18:02:43 --> Config Class Initialized
INFO - 2024-08-29 18:02:43 --> Hooks Class Initialized
DEBUG - 2024-08-29 18:02:43 --> UTF-8 Support Enabled
INFO - 2024-08-29 18:02:43 --> Utf8 Class Initialized
INFO - 2024-08-29 18:02:43 --> URI Class Initialized
INFO - 2024-08-29 18:02:43 --> Router Class Initialized
INFO - 2024-08-29 18:02:43 --> Output Class Initialized
INFO - 2024-08-29 18:02:43 --> Security Class Initialized
DEBUG - 2024-08-29 18:02:43 --> Global POST, GET and COOKIE data sanitized
INFO - 2024-08-29 18:02:43 --> Input Class Initialized
INFO - 2024-08-29 18:02:43 --> Language Class Initialized
INFO - 2024-08-29 18:02:43 --> Loader Class Initialized
INFO - 2024-08-29 18:02:43 --> Helper loaded: url_helper
INFO - 2024-08-29 18:02:43 --> Database Driver Class Initialized
INFO - 2024-08-29 18:02:43 --> Controller Class Initialized
INFO - 2024-08-29 18:02:43 --> Model "Mconfigkey" initialized
INFO - 2024-08-29 18:02:43 --> Model "Mportal_data" initialized
INFO - 2024-08-29 18:02:43 --> Final output sent to browser
DEBUG - 2024-08-29 18:02:43 --> Total execution time: 0.0232
INFO - 2024-08-29 18:02:44 --> Config Class Initialized
INFO - 2024-08-29 18:02:44 --> Hooks Class Initialized
DEBUG - 2024-08-29 18:02:44 --> UTF-8 Support Enabled
INFO - 2024-08-29 18:02:44 --> Utf8 Class Initialized
INFO - 2024-08-29 18:02:44 --> URI Class Initialized
INFO - 2024-08-29 18:02:44 --> Router Class Initialized
INFO - 2024-08-29 18:02:44 --> Output Class Initialized
INFO - 2024-08-29 18:02:44 --> Security Class Initialized
DEBUG - 2024-08-29 18:02:44 --> Global POST, GET and COOKIE data sanitized
INFO - 2024-08-29 18:02:44 --> Input Class Initialized
INFO - 2024-08-29 18:02:44 --> Language Class Initialized
INFO - 2024-08-29 18:02:44 --> Loader Class Initialized
INFO - 2024-08-29 18:02:44 --> Helper loaded: url_helper
INFO - 2024-08-29 18:02:44 --> Database Driver Class Initialized
INFO - 2024-08-29 18:02:44 --> Controller Class Initialized
INFO - 2024-08-29 18:02:44 --> Model "Mconfigkey" initialized
INFO - 2024-08-29 18:02:44 --> Model "Msync_doc_aw" initialized
INFO - 2024-08-29 18:02:44 --> Final output sent to browser
DEBUG - 2024-08-29 18:02:44 --> Total execution time: 0.0258
INFO - 2024-08-29 18:02:45 --> Config Class Initialized
INFO - 2024-08-29 18:02:45 --> Hooks Class Initialized
DEBUG - 2024-08-29 18:02:45 --> UTF-8 Support Enabled
INFO - 2024-08-29 18:02:45 --> Utf8 Class Initialized
INFO - 2024-08-29 18:02:45 --> URI Class Initialized
INFO - 2024-08-29 18:02:45 --> Router Class Initialized
INFO - 2024-08-29 18:02:45 --> Output Class Initialized
INFO - 2024-08-29 18:02:45 --> Security Class Initialized
DEBUG - 2024-08-29 18:02:45 --> Global POST, GET and COOKIE data sanitized
INFO - 2024-08-29 18:02:45 --> Input Class Initialized
INFO - 2024-08-29 18:02:45 --> Language Class Initialized
INFO - 2024-08-29 18:02:45 --> Loader Class Initialized
INFO - 2024-08-29 18:02:45 --> Helper loaded: url_helper
INFO - 2024-08-29 18:02:45 --> Database Driver Class Initialized
INFO - 2024-08-29 18:02:45 --> Controller Class Initialized
INFO - 2024-08-29 18:02:45 --> Model "Mconfigkey" initialized
INFO - 2024-08-29 18:02:45 --> Model "Msync_doc_aw" initialized
INFO - 2024-08-29 18:02:45 --> Final output sent to browser
DEBUG - 2024-08-29 18:02:45 --> Total execution time: 0.0299
INFO - 2024-08-29 18:02:47 --> Config Class Initialized
INFO - 2024-08-29 18:02:47 --> Hooks Class Initialized
DEBUG - 2024-08-29 18:02:47 --> UTF-8 Support Enabled
INFO - 2024-08-29 18:02:47 --> Utf8 Class Initialized
INFO - 2024-08-29 18:02:47 --> URI Class Initialized
INFO - 2024-08-29 18:02:47 --> Router Class Initialized
INFO - 2024-08-29 18:02:47 --> Output Class Initialized
INFO - 2024-08-29 18:02:47 --> Security Class Initialized
DEBUG - 2024-08-29 18:02:47 --> Global POST, GET and COOKIE data sanitized
INFO - 2024-08-29 18:02:47 --> Input Class Initialized
INFO - 2024-08-29 18:02:47 --> Language Class Initialized
INFO - 2024-08-29 18:02:47 --> Loader Class Initialized
INFO - 2024-08-29 18:02:47 --> Helper loaded: url_helper
INFO - 2024-08-29 18:02:47 --> Database Driver Class Initialized
INFO - 2024-08-29 18:02:47 --> Controller Class Initialized
INFO - 2024-08-29 18:02:47 --> Model "Mconfigkey" initialized
INFO - 2024-08-29 18:02:47 --> Model "Msync_doc_aw" initialized
INFO - 2024-08-29 18:02:47 --> Final output sent to browser
DEBUG - 2024-08-29 18:02:47 --> Total execution time: 0.0300
INFO - 2024-08-29 18:03:13 --> Config Class Initialized
INFO - 2024-08-29 18:03:13 --> Hooks Class Initialized
DEBUG - 2024-08-29 18:03:13 --> UTF-8 Support Enabled
INFO - 2024-08-29 18:03:13 --> Utf8 Class Initialized
INFO - 2024-08-29 18:03:13 --> URI Class Initialized
INFO - 2024-08-29 18:03:13 --> Router Class Initialized
INFO - 2024-08-29 18:03:13 --> Output Class Initialized
INFO - 2024-08-29 18:03:13 --> Security Class Initialized
DEBUG - 2024-08-29 18:03:13 --> Global POST, GET and COOKIE data sanitized
INFO - 2024-08-29 18:03:13 --> Input Class Initialized
INFO - 2024-08-29 18:03:13 --> Language Class Initialized
INFO - 2024-08-29 18:03:13 --> Loader Class Initialized
INFO - 2024-08-29 18:03:13 --> Helper loaded: url_helper
INFO - 2024-08-29 18:03:13 --> Database Driver Class Initialized
INFO - 2024-08-29 18:03:13 --> Controller Class Initialized
INFO - 2024-08-29 18:03:13 --> Model "Mconfigkey" initialized
INFO - 2024-08-29 18:03:13 --> Model "Mportal_data" initialized
INFO - 2024-08-29 18:03:13 --> Final output sent to browser
DEBUG - 2024-08-29 18:03:13 --> Total execution time: 0.0226
INFO - 2024-08-29 18:14:49 --> Config Class Initialized
INFO - 2024-08-29 18:14:49 --> Hooks Class Initialized
DEBUG - 2024-08-29 18:14:49 --> UTF-8 Support Enabled
INFO - 2024-08-29 18:14:49 --> Utf8 Class Initialized
INFO - 2024-08-29 18:14:49 --> URI Class Initialized
INFO - 2024-08-29 18:14:49 --> Router Class Initialized
INFO - 2024-08-29 18:14:49 --> Output Class Initialized
INFO - 2024-08-29 18:14:49 --> Security Class Initialized
DEBUG - 2024-08-29 18:14:49 --> Global POST, GET and COOKIE data sanitized
INFO - 2024-08-29 18:14:49 --> Input Class Initialized
INFO - 2024-08-29 18:14:49 --> Language Class Initialized
INFO - 2024-08-29 18:14:49 --> Loader Class Initialized
INFO - 2024-08-29 18:14:49 --> Helper loaded: url_helper
INFO - 2024-08-29 18:14:49 --> Database Driver Class Initialized
INFO - 2024-08-29 18:14:49 --> Controller Class Initialized
INFO - 2024-08-29 18:14:49 --> Model "Mconfigkey" initialized
INFO - 2024-08-29 18:14:49 --> Model "Mext_rpt_stock_card" initialized
INFO - 2024-08-29 18:14:49 --> Final output sent to browser
DEBUG - 2024-08-29 18:14:49 --> Total execution time: 0.1568
INFO - 2024-08-29 18:15:11 --> Config Class Initialized
INFO - 2024-08-29 18:15:11 --> Hooks Class Initialized
DEBUG - 2024-08-29 18:15:11 --> UTF-8 Support Enabled
INFO - 2024-08-29 18:15:11 --> Utf8 Class Initialized
INFO - 2024-08-29 18:15:11 --> URI Class Initialized
INFO - 2024-08-29 18:15:11 --> Router Class Initialized
INFO - 2024-08-29 18:15:11 --> Output Class Initialized
INFO - 2024-08-29 18:15:11 --> Security Class Initialized
DEBUG - 2024-08-29 18:15:11 --> Global POST, GET and COOKIE data sanitized
INFO - 2024-08-29 18:15:11 --> Input Class Initialized
INFO - 2024-08-29 18:15:11 --> Language Class Initialized
INFO - 2024-08-29 18:15:11 --> Loader Class Initialized
INFO - 2024-08-29 18:15:11 --> Helper loaded: url_helper
INFO - 2024-08-29 18:15:11 --> Database Driver Class Initialized
INFO - 2024-08-29 18:15:11 --> Controller Class Initialized
INFO - 2024-08-29 18:15:11 --> Model "Mconfigkey" initialized
ERROR - 2024-08-29 18:15:11 --> Severity: error --> Exception: D:\xampp\htdocs\plb\dummyservice\application\models/Mgoods_delivery.php exists, but doesn't declare class Mgoods_delivery D:\xampp\htdocs\plb\dummyservice\system\core\Loader.php 340
INFO - 2024-08-29 18:15:20 --> Config Class Initialized
INFO - 2024-08-29 18:15:20 --> Hooks Class Initialized
DEBUG - 2024-08-29 18:15:20 --> UTF-8 Support Enabled
INFO - 2024-08-29 18:15:20 --> Utf8 Class Initialized
INFO - 2024-08-29 18:15:20 --> URI Class Initialized
INFO - 2024-08-29 18:15:20 --> Router Class Initialized
INFO - 2024-08-29 18:15:20 --> Output Class Initialized
INFO - 2024-08-29 18:15:20 --> Security Class Initialized
DEBUG - 2024-08-29 18:15:20 --> Global POST, GET and COOKIE data sanitized
INFO - 2024-08-29 18:15:20 --> Input Class Initialized
INFO - 2024-08-29 18:15:20 --> Language Class Initialized
INFO - 2024-08-29 18:15:20 --> Loader Class Initialized
INFO - 2024-08-29 18:15:20 --> Helper loaded: url_helper
INFO - 2024-08-29 18:15:20 --> Database Driver Class Initialized
INFO - 2024-08-29 18:15:20 --> Controller Class Initialized
INFO - 2024-08-29 18:15:20 --> Model "Mconfigkey" initialized
INFO - 2024-08-29 18:15:20 --> Model "Mgoods_stuffing" initialized
INFO - 2024-08-29 18:15:20 --> Final output sent to browser
DEBUG - 2024-08-29 18:15:20 --> Total execution time: 0.0212
INFO - 2024-08-29 18:15:42 --> Config Class Initialized
INFO - 2024-08-29 18:15:42 --> Hooks Class Initialized
DEBUG - 2024-08-29 18:15:42 --> UTF-8 Support Enabled
INFO - 2024-08-29 18:15:42 --> Utf8 Class Initialized
INFO - 2024-08-29 18:15:42 --> URI Class Initialized
INFO - 2024-08-29 18:15:42 --> Router Class Initialized
INFO - 2024-08-29 18:15:42 --> Output Class Initialized
INFO - 2024-08-29 18:15:42 --> Security Class Initialized
DEBUG - 2024-08-29 18:15:42 --> Global POST, GET and COOKIE data sanitized
INFO - 2024-08-29 18:15:42 --> Input Class Initialized
INFO - 2024-08-29 18:15:42 --> Language Class Initialized
INFO - 2024-08-29 18:15:42 --> Loader Class Initialized
INFO - 2024-08-29 18:15:42 --> Helper loaded: url_helper
INFO - 2024-08-29 18:15:42 --> Database Driver Class Initialized
INFO - 2024-08-29 18:15:42 --> Controller Class Initialized
INFO - 2024-08-29 18:15:42 --> Model "Mconfigkey" initialized
INFO - 2024-08-29 18:15:42 --> Model "Mgoods_stuffing" initialized
INFO - 2024-08-29 18:15:42 --> Final output sent to browser
DEBUG - 2024-08-29 18:15:42 --> Total execution time: 0.0202
INFO - 2024-08-29 18:15:42 --> Config Class Initialized
INFO - 2024-08-29 18:15:42 --> Hooks Class Initialized
DEBUG - 2024-08-29 18:15:42 --> UTF-8 Support Enabled
INFO - 2024-08-29 18:15:42 --> Utf8 Class Initialized
INFO - 2024-08-29 18:15:42 --> URI Class Initialized
INFO - 2024-08-29 18:15:42 --> Router Class Initialized
INFO - 2024-08-29 18:15:42 --> Output Class Initialized
INFO - 2024-08-29 18:15:42 --> Security Class Initialized
DEBUG - 2024-08-29 18:15:42 --> Global POST, GET and COOKIE data sanitized
INFO - 2024-08-29 18:15:42 --> Input Class Initialized
INFO - 2024-08-29 18:15:42 --> Language Class Initialized
INFO - 2024-08-29 18:15:42 --> Loader Class Initialized
INFO - 2024-08-29 18:15:42 --> Helper loaded: url_helper
INFO - 2024-08-29 18:15:42 --> Database Driver Class Initialized
INFO - 2024-08-29 18:15:42 --> Controller Class Initialized
INFO - 2024-08-29 18:15:42 --> Model "Mconfigkey" initialized
INFO - 2024-08-29 18:15:42 --> Model "Mgoods_stuffing" initialized
INFO - 2024-08-29 18:15:42 --> Final output sent to browser
DEBUG - 2024-08-29 18:15:42 --> Total execution time: 0.0196
INFO - 2024-08-29 18:16:01 --> Config Class Initialized
INFO - 2024-08-29 18:16:01 --> Hooks Class Initialized
DEBUG - 2024-08-29 18:16:01 --> UTF-8 Support Enabled
INFO - 2024-08-29 18:16:01 --> Utf8 Class Initialized
INFO - 2024-08-29 18:16:01 --> URI Class Initialized
INFO - 2024-08-29 18:16:01 --> Router Class Initialized
INFO - 2024-08-29 18:16:01 --> Output Class Initialized
INFO - 2024-08-29 18:16:01 --> Security Class Initialized
DEBUG - 2024-08-29 18:16:01 --> Global POST, GET and COOKIE data sanitized
INFO - 2024-08-29 18:16:01 --> Input Class Initialized
INFO - 2024-08-29 18:16:01 --> Language Class Initialized
INFO - 2024-08-29 18:16:01 --> Loader Class Initialized
INFO - 2024-08-29 18:16:01 --> Helper loaded: url_helper
INFO - 2024-08-29 18:16:01 --> Database Driver Class Initialized
INFO - 2024-08-29 18:16:01 --> Controller Class Initialized
INFO - 2024-08-29 18:16:01 --> Model "Mconfigkey" initialized
INFO - 2024-08-29 18:16:01 --> Model "Mgoods_stuffing" initialized
INFO - 2024-08-29 18:16:01 --> Final output sent to browser
DEBUG - 2024-08-29 18:16:01 --> Total execution time: 0.0212
INFO - 2024-08-29 18:16:01 --> Config Class Initialized
INFO - 2024-08-29 18:16:01 --> Hooks Class Initialized
DEBUG - 2024-08-29 18:16:01 --> UTF-8 Support Enabled
INFO - 2024-08-29 18:16:01 --> Utf8 Class Initialized
INFO - 2024-08-29 18:16:01 --> URI Class Initialized
INFO - 2024-08-29 18:16:01 --> Router Class Initialized
INFO - 2024-08-29 18:16:01 --> Output Class Initialized
INFO - 2024-08-29 18:16:01 --> Security Class Initialized
DEBUG - 2024-08-29 18:16:01 --> Global POST, GET and COOKIE data sanitized
INFO - 2024-08-29 18:16:01 --> Input Class Initialized
INFO - 2024-08-29 18:16:01 --> Language Class Initialized
INFO - 2024-08-29 18:16:01 --> Loader Class Initialized
INFO - 2024-08-29 18:16:01 --> Helper loaded: url_helper
INFO - 2024-08-29 18:16:01 --> Database Driver Class Initialized
INFO - 2024-08-29 18:16:01 --> Controller Class Initialized
INFO - 2024-08-29 18:16:01 --> Model "Mconfigkey" initialized
INFO - 2024-08-29 18:16:01 --> Model "Mgoods_stuffing" initialized
INFO - 2024-08-29 18:16:01 --> Final output sent to browser
DEBUG - 2024-08-29 18:16:01 --> Total execution time: 0.0200
INFO - 2024-08-29 18:16:29 --> Config Class Initialized
INFO - 2024-08-29 18:16:29 --> Hooks Class Initialized
DEBUG - 2024-08-29 18:16:29 --> UTF-8 Support Enabled
INFO - 2024-08-29 18:16:29 --> Utf8 Class Initialized
INFO - 2024-08-29 18:16:29 --> URI Class Initialized
INFO - 2024-08-29 18:16:29 --> Router Class Initialized
INFO - 2024-08-29 18:16:29 --> Output Class Initialized
INFO - 2024-08-29 18:16:29 --> Security Class Initialized
DEBUG - 2024-08-29 18:16:29 --> Global POST, GET and COOKIE data sanitized
INFO - 2024-08-29 18:16:29 --> Input Class Initialized
INFO - 2024-08-29 18:16:29 --> Language Class Initialized
INFO - 2024-08-29 18:16:29 --> Loader Class Initialized
INFO - 2024-08-29 18:16:29 --> Helper loaded: url_helper
INFO - 2024-08-29 18:16:29 --> Database Driver Class Initialized
INFO - 2024-08-29 18:16:29 --> Controller Class Initialized
INFO - 2024-08-29 18:16:29 --> Model "Mconfigkey" initialized
INFO - 2024-08-29 18:16:29 --> Model "Mmaster_goods" initialized
INFO - 2024-08-29 18:16:29 --> Final output sent to browser
DEBUG - 2024-08-29 18:16:29 --> Total execution time: 0.0302
INFO - 2024-08-29 18:17:11 --> Config Class Initialized
INFO - 2024-08-29 18:17:11 --> Hooks Class Initialized
DEBUG - 2024-08-29 18:17:11 --> UTF-8 Support Enabled
INFO - 2024-08-29 18:17:11 --> Utf8 Class Initialized
INFO - 2024-08-29 18:17:11 --> URI Class Initialized
INFO - 2024-08-29 18:17:11 --> Router Class Initialized
INFO - 2024-08-29 18:17:11 --> Output Class Initialized
INFO - 2024-08-29 18:17:11 --> Security Class Initialized
DEBUG - 2024-08-29 18:17:11 --> Global POST, GET and COOKIE data sanitized
INFO - 2024-08-29 18:17:11 --> Input Class Initialized
INFO - 2024-08-29 18:17:11 --> Language Class Initialized
INFO - 2024-08-29 18:17:11 --> Loader Class Initialized
INFO - 2024-08-29 18:17:11 --> Helper loaded: url_helper
INFO - 2024-08-29 18:17:11 --> Database Driver Class Initialized
INFO - 2024-08-29 18:17:11 --> Controller Class Initialized
INFO - 2024-08-29 18:17:11 --> Model "Mconfigkey" initialized
INFO - 2024-08-29 18:17:11 --> Model "Mbcin_16" initialized
INFO - 2024-08-29 18:17:11 --> Final output sent to browser
DEBUG - 2024-08-29 18:17:11 --> Total execution time: 0.0300
INFO - 2024-08-29 18:39:25 --> Config Class Initialized
INFO - 2024-08-29 18:39:25 --> Hooks Class Initialized
DEBUG - 2024-08-29 18:39:25 --> UTF-8 Support Enabled
INFO - 2024-08-29 18:39:25 --> Utf8 Class Initialized
INFO - 2024-08-29 18:39:25 --> URI Class Initialized
INFO - 2024-08-29 18:39:25 --> Router Class Initialized
INFO - 2024-08-29 18:39:25 --> Output Class Initialized
INFO - 2024-08-29 18:39:25 --> Security Class Initialized
DEBUG - 2024-08-29 18:39:25 --> Global POST, GET and COOKIE data sanitized
INFO - 2024-08-29 18:39:25 --> Input Class Initialized
INFO - 2024-08-29 18:39:25 --> Language Class Initialized
INFO - 2024-08-29 18:39:25 --> Loader Class Initialized
INFO - 2024-08-29 18:39:25 --> Helper loaded: url_helper
INFO - 2024-08-29 18:39:25 --> Database Driver Class Initialized
INFO - 2024-08-29 18:39:25 --> Controller Class Initialized
INFO - 2024-08-29 18:39:25 --> Model "Mconfigkey" initialized
ERROR - 2024-08-29 18:39:25 --> Severity: error --> Exception: Unable to locate the model you have specified: Mbcout_27_aw D:\xampp\htdocs\plb\dummyservice\system\core\Loader.php 348
INFO - 2024-08-29 18:40:58 --> Config Class Initialized
INFO - 2024-08-29 18:40:58 --> Hooks Class Initialized
DEBUG - 2024-08-29 18:40:58 --> UTF-8 Support Enabled
INFO - 2024-08-29 18:40:58 --> Utf8 Class Initialized
INFO - 2024-08-29 18:40:58 --> URI Class Initialized
INFO - 2024-08-29 18:40:58 --> Router Class Initialized
INFO - 2024-08-29 18:40:58 --> Output Class Initialized
INFO - 2024-08-29 18:40:58 --> Security Class Initialized
DEBUG - 2024-08-29 18:40:58 --> Global POST, GET and COOKIE data sanitized
INFO - 2024-08-29 18:40:58 --> Input Class Initialized
INFO - 2024-08-29 18:40:58 --> Language Class Initialized
INFO - 2024-08-29 18:40:58 --> Loader Class Initialized
INFO - 2024-08-29 18:40:58 --> Helper loaded: url_helper
INFO - 2024-08-29 18:40:58 --> Database Driver Class Initialized
INFO - 2024-08-29 18:40:58 --> Controller Class Initialized
INFO - 2024-08-29 18:40:58 --> Model "Mconfigkey" initialized
INFO - 2024-08-29 18:40:58 --> Model "Mbcin_271" initialized
INFO - 2024-08-29 18:40:58 --> Final output sent to browser
DEBUG - 2024-08-29 18:40:58 --> Total execution time: 0.0400
INFO - 2024-08-29 18:41:03 --> Config Class Initialized
INFO - 2024-08-29 18:41:03 --> Hooks Class Initialized
DEBUG - 2024-08-29 18:41:03 --> UTF-8 Support Enabled
INFO - 2024-08-29 18:41:03 --> Utf8 Class Initialized
INFO - 2024-08-29 18:41:03 --> URI Class Initialized
INFO - 2024-08-29 18:41:03 --> Router Class Initialized
INFO - 2024-08-29 18:41:03 --> Output Class Initialized
INFO - 2024-08-29 18:41:03 --> Security Class Initialized
DEBUG - 2024-08-29 18:41:03 --> Global POST, GET and COOKIE data sanitized
INFO - 2024-08-29 18:41:03 --> Input Class Initialized
INFO - 2024-08-29 18:41:03 --> Language Class Initialized
INFO - 2024-08-29 18:41:03 --> Loader Class Initialized
INFO - 2024-08-29 18:41:03 --> Helper loaded: url_helper
INFO - 2024-08-29 18:41:03 --> Database Driver Class Initialized
INFO - 2024-08-29 18:41:03 --> Controller Class Initialized
INFO - 2024-08-29 18:41:03 --> Model "Mconfigkey" initialized
INFO - 2024-08-29 18:41:03 --> Model "Mbcin_271" initialized
INFO - 2024-08-29 18:41:03 --> Final output sent to browser
DEBUG - 2024-08-29 18:41:03 --> Total execution time: 0.0334
INFO - 2024-08-29 18:41:47 --> Config Class Initialized
INFO - 2024-08-29 18:41:47 --> Hooks Class Initialized
DEBUG - 2024-08-29 18:41:47 --> UTF-8 Support Enabled
INFO - 2024-08-29 18:41:47 --> Utf8 Class Initialized
INFO - 2024-08-29 18:41:47 --> URI Class Initialized
INFO - 2024-08-29 18:41:47 --> Router Class Initialized
INFO - 2024-08-29 18:41:47 --> Output Class Initialized
INFO - 2024-08-29 18:41:47 --> Security Class Initialized
DEBUG - 2024-08-29 18:41:47 --> Global POST, GET and COOKIE data sanitized
INFO - 2024-08-29 18:41:47 --> Input Class Initialized
INFO - 2024-08-29 18:41:47 --> Language Class Initialized
INFO - 2024-08-29 18:41:47 --> Loader Class Initialized
INFO - 2024-08-29 18:41:47 --> Helper loaded: url_helper
INFO - 2024-08-29 18:41:47 --> Database Driver Class Initialized
INFO - 2024-08-29 18:41:47 --> Controller Class Initialized
INFO - 2024-08-29 18:41:47 --> Model "Mconfigkey" initialized
INFO - 2024-08-29 18:41:47 --> Model "Mbcin_271" initialized
INFO - 2024-08-29 18:41:47 --> Final output sent to browser
DEBUG - 2024-08-29 18:41:47 --> Total execution time: 0.0206
INFO - 2024-08-29 18:43:43 --> Config Class Initialized
INFO - 2024-08-29 18:43:43 --> Hooks Class Initialized
DEBUG - 2024-08-29 18:43:43 --> UTF-8 Support Enabled
INFO - 2024-08-29 18:43:43 --> Utf8 Class Initialized
INFO - 2024-08-29 18:43:43 --> URI Class Initialized
INFO - 2024-08-29 18:43:43 --> Router Class Initialized
INFO - 2024-08-29 18:43:43 --> Output Class Initialized
INFO - 2024-08-29 18:43:43 --> Security Class Initialized
DEBUG - 2024-08-29 18:43:43 --> Global POST, GET and COOKIE data sanitized
INFO - 2024-08-29 18:43:43 --> Input Class Initialized
INFO - 2024-08-29 18:43:43 --> Language Class Initialized
INFO - 2024-08-29 18:43:43 --> Loader Class Initialized
INFO - 2024-08-29 18:43:43 --> Helper loaded: url_helper
INFO - 2024-08-29 18:43:43 --> Database Driver Class Initialized
INFO - 2024-08-29 18:43:43 --> Controller Class Initialized
INFO - 2024-08-29 18:43:43 --> Model "Mconfigkey" initialized
INFO - 2024-08-29 18:43:43 --> Model "Mbcout_27" initialized
INFO - 2024-08-29 18:43:43 --> Final output sent to browser
DEBUG - 2024-08-29 18:43:43 --> Total execution time: 0.0218
INFO - 2024-08-29 18:43:51 --> Config Class Initialized
INFO - 2024-08-29 18:43:51 --> Hooks Class Initialized
DEBUG - 2024-08-29 18:43:51 --> UTF-8 Support Enabled
INFO - 2024-08-29 18:43:51 --> Utf8 Class Initialized
INFO - 2024-08-29 18:43:51 --> URI Class Initialized
INFO - 2024-08-29 18:43:51 --> Router Class Initialized
INFO - 2024-08-29 18:43:51 --> Output Class Initialized
INFO - 2024-08-29 18:43:51 --> Security Class Initialized
DEBUG - 2024-08-29 18:43:51 --> Global POST, GET and COOKIE data sanitized
INFO - 2024-08-29 18:43:51 --> Input Class Initialized
INFO - 2024-08-29 18:43:51 --> Language Class Initialized
INFO - 2024-08-29 18:43:51 --> Loader Class Initialized
INFO - 2024-08-29 18:43:51 --> Helper loaded: url_helper
INFO - 2024-08-29 18:43:51 --> Database Driver Class Initialized
INFO - 2024-08-29 18:43:51 --> Controller Class Initialized
INFO - 2024-08-29 18:43:51 --> Model "Mconfigkey" initialized
INFO - 2024-08-29 18:43:51 --> Model "Mbcin_40" initialized
INFO - 2024-08-29 18:43:51 --> Final output sent to browser
DEBUG - 2024-08-29 18:43:51 --> Total execution time: 0.0259
INFO - 2024-08-29 18:43:57 --> Config Class Initialized
INFO - 2024-08-29 18:43:57 --> Hooks Class Initialized
DEBUG - 2024-08-29 18:43:57 --> UTF-8 Support Enabled
INFO - 2024-08-29 18:43:57 --> Utf8 Class Initialized
INFO - 2024-08-29 18:43:57 --> URI Class Initialized
INFO - 2024-08-29 18:43:57 --> Router Class Initialized
INFO - 2024-08-29 18:43:57 --> Output Class Initialized
INFO - 2024-08-29 18:43:57 --> Security Class Initialized
DEBUG - 2024-08-29 18:43:57 --> Global POST, GET and COOKIE data sanitized
INFO - 2024-08-29 18:43:57 --> Input Class Initialized
INFO - 2024-08-29 18:43:57 --> Language Class Initialized
INFO - 2024-08-29 18:43:57 --> Loader Class Initialized
INFO - 2024-08-29 18:43:57 --> Helper loaded: url_helper
INFO - 2024-08-29 18:43:57 --> Database Driver Class Initialized
INFO - 2024-08-29 18:43:57 --> Controller Class Initialized
INFO - 2024-08-29 18:43:57 --> Model "Mconfigkey" initialized
ERROR - 2024-08-29 18:43:57 --> Severity: error --> Exception: Unable to locate the model you have specified: Mbcout_30_aw D:\xampp\htdocs\plb\dummyservice\system\core\Loader.php 348
