INFO - 2024-10-23 10:23:20 --> Config Class Initialized
INFO - 2024-10-23 10:23:20 --> Hooks Class Initialized
DEBUG - 2024-10-23 10:23:20 --> UTF-8 Support Enabled
INFO - 2024-10-23 10:23:20 --> Utf8 Class Initialized
INFO - 2024-10-23 10:23:20 --> URI Class Initialized
INFO - 2024-10-23 10:23:20 --> Router Class Initialized
INFO - 2024-10-23 10:23:20 --> Output Class Initialized
INFO - 2024-10-23 10:23:20 --> Security Class Initialized
DEBUG - 2024-10-23 10:23:20 --> Global POST, GET and COOKIE data sanitized
INFO - 2024-10-23 10:23:20 --> Input Class Initialized
INFO - 2024-10-23 10:23:20 --> Language Class Initialized
INFO - 2024-10-23 10:23:20 --> Loader Class Initialized
INFO - 2024-10-23 10:23:20 --> Helper loaded: url_helper
INFO - 2024-10-23 10:23:20 --> Database Driver Class Initialized
INFO - 2024-10-23 10:23:20 --> Controller Class Initialized
INFO - 2024-10-23 10:23:20 --> Model "Mconfigkey" initialized
INFO - 2024-10-23 10:23:20 --> Final output sent to browser
DEBUG - 2024-10-23 10:23:20 --> Total execution time: 0.0226
INFO - 2024-10-23 10:23:34 --> Config Class Initialized
INFO - 2024-10-23 10:23:34 --> Hooks Class Initialized
DEBUG - 2024-10-23 10:23:34 --> UTF-8 Support Enabled
INFO - 2024-10-23 10:23:34 --> Utf8 Class Initialized
INFO - 2024-10-23 10:23:34 --> URI Class Initialized
INFO - 2024-10-23 10:23:34 --> Router Class Initialized
INFO - 2024-10-23 10:23:34 --> Output Class Initialized
INFO - 2024-10-23 10:23:34 --> Security Class Initialized
DEBUG - 2024-10-23 10:23:34 --> Global POST, GET and COOKIE data sanitized
INFO - 2024-10-23 10:23:34 --> Input Class Initialized
INFO - 2024-10-23 10:23:34 --> Language Class Initialized
INFO - 2024-10-23 10:23:34 --> Loader Class Initialized
INFO - 2024-10-23 10:23:34 --> Helper loaded: url_helper
INFO - 2024-10-23 10:23:34 --> Database Driver Class Initialized
INFO - 2024-10-23 10:23:34 --> Controller Class Initialized
INFO - 2024-10-23 10:23:34 --> Model "Mauth" initialized
INFO - 2024-10-23 10:23:34 --> Model "Mconfigkey" initialized
INFO - 2024-10-23 10:23:34 --> Final output sent to browser
DEBUG - 2024-10-23 10:23:34 --> Total execution time: 0.0384
INFO - 2024-10-23 10:23:40 --> Config Class Initialized
INFO - 2024-10-23 10:23:40 --> Hooks Class Initialized
DEBUG - 2024-10-23 10:23:40 --> UTF-8 Support Enabled
INFO - 2024-10-23 10:23:40 --> Utf8 Class Initialized
INFO - 2024-10-23 10:23:40 --> URI Class Initialized
INFO - 2024-10-23 10:23:40 --> Router Class Initialized
INFO - 2024-10-23 10:23:40 --> Output Class Initialized
INFO - 2024-10-23 10:23:40 --> Security Class Initialized
DEBUG - 2024-10-23 10:23:40 --> Global POST, GET and COOKIE data sanitized
INFO - 2024-10-23 10:23:40 --> Input Class Initialized
INFO - 2024-10-23 10:23:40 --> Language Class Initialized
INFO - 2024-10-23 10:23:40 --> Loader Class Initialized
INFO - 2024-10-23 10:23:40 --> Helper loaded: url_helper
INFO - 2024-10-23 10:23:40 --> Database Driver Class Initialized
INFO - 2024-10-23 10:23:40 --> Controller Class Initialized
INFO - 2024-10-23 10:23:40 --> Model "Mconfigkey" initialized
INFO - 2024-10-23 10:23:40 --> Model "Msync_delivery_instruction" initialized
INFO - 2024-10-23 10:23:40 --> Final output sent to browser
DEBUG - 2024-10-23 10:23:40 --> Total execution time: 0.0314
INFO - 2024-10-23 10:23:44 --> Config Class Initialized
INFO - 2024-10-23 10:23:44 --> Hooks Class Initialized
DEBUG - 2024-10-23 10:23:44 --> UTF-8 Support Enabled
INFO - 2024-10-23 10:23:44 --> Utf8 Class Initialized
INFO - 2024-10-23 10:23:44 --> URI Class Initialized
INFO - 2024-10-23 10:23:44 --> Router Class Initialized
INFO - 2024-10-23 10:23:44 --> Output Class Initialized
INFO - 2024-10-23 10:23:44 --> Security Class Initialized
DEBUG - 2024-10-23 10:23:44 --> Global POST, GET and COOKIE data sanitized
INFO - 2024-10-23 10:23:44 --> Input Class Initialized
INFO - 2024-10-23 10:23:44 --> Language Class Initialized
INFO - 2024-10-23 10:23:44 --> Loader Class Initialized
INFO - 2024-10-23 10:23:44 --> Helper loaded: url_helper
INFO - 2024-10-23 10:23:44 --> Database Driver Class Initialized
INFO - 2024-10-23 10:23:44 --> Controller Class Initialized
INFO - 2024-10-23 10:23:44 --> Model "Mconfigkey" initialized
INFO - 2024-10-23 10:23:44 --> Model "Mportal_data" initialized
INFO - 2024-10-23 10:23:44 --> Final output sent to browser
DEBUG - 2024-10-23 10:23:44 --> Total execution time: 0.0407
INFO - 2024-10-23 10:23:56 --> Config Class Initialized
INFO - 2024-10-23 10:23:56 --> Hooks Class Initialized
DEBUG - 2024-10-23 10:23:56 --> UTF-8 Support Enabled
INFO - 2024-10-23 10:23:56 --> Utf8 Class Initialized
INFO - 2024-10-23 10:23:56 --> URI Class Initialized
INFO - 2024-10-23 10:23:56 --> Router Class Initialized
INFO - 2024-10-23 10:23:56 --> Output Class Initialized
INFO - 2024-10-23 10:23:56 --> Security Class Initialized
DEBUG - 2024-10-23 10:23:56 --> Global POST, GET and COOKIE data sanitized
INFO - 2024-10-23 10:23:56 --> Input Class Initialized
INFO - 2024-10-23 10:23:56 --> Language Class Initialized
INFO - 2024-10-23 10:23:56 --> Loader Class Initialized
INFO - 2024-10-23 10:23:56 --> Helper loaded: url_helper
INFO - 2024-10-23 10:23:56 --> Database Driver Class Initialized
INFO - 2024-10-23 10:23:56 --> Controller Class Initialized
INFO - 2024-10-23 10:23:56 --> Model "Mconfigkey" initialized
INFO - 2024-10-23 10:23:56 --> Final output sent to browser
DEBUG - 2024-10-23 10:23:56 --> Total execution time: 0.0203
INFO - 2024-10-23 10:35:43 --> Config Class Initialized
INFO - 2024-10-23 10:35:43 --> Hooks Class Initialized
DEBUG - 2024-10-23 10:35:43 --> UTF-8 Support Enabled
INFO - 2024-10-23 10:35:43 --> Utf8 Class Initialized
INFO - 2024-10-23 10:35:43 --> URI Class Initialized
INFO - 2024-10-23 10:35:43 --> Router Class Initialized
INFO - 2024-10-23 10:35:43 --> Output Class Initialized
INFO - 2024-10-23 10:35:43 --> Security Class Initialized
DEBUG - 2024-10-23 10:35:43 --> Global POST, GET and COOKIE data sanitized
INFO - 2024-10-23 10:35:43 --> Input Class Initialized
INFO - 2024-10-23 10:35:43 --> Language Class Initialized
INFO - 2024-10-23 10:35:43 --> Loader Class Initialized
INFO - 2024-10-23 10:35:43 --> Helper loaded: url_helper
INFO - 2024-10-23 10:35:43 --> Database Driver Class Initialized
INFO - 2024-10-23 10:35:43 --> Controller Class Initialized
INFO - 2024-10-23 10:35:43 --> Model "Mconfigkey" initialized
INFO - 2024-10-23 10:35:43 --> Model "Msync_delivery_instruction" initialized
INFO - 2024-10-23 10:35:43 --> Final output sent to browser
DEBUG - 2024-10-23 10:35:43 --> Total execution time: 0.0234
INFO - 2024-10-23 10:58:10 --> Config Class Initialized
INFO - 2024-10-23 10:58:10 --> Hooks Class Initialized
DEBUG - 2024-10-23 10:58:10 --> UTF-8 Support Enabled
INFO - 2024-10-23 10:58:10 --> Utf8 Class Initialized
INFO - 2024-10-23 10:58:10 --> URI Class Initialized
INFO - 2024-10-23 10:58:10 --> Router Class Initialized
INFO - 2024-10-23 10:58:10 --> Output Class Initialized
INFO - 2024-10-23 10:58:10 --> Security Class Initialized
DEBUG - 2024-10-23 10:58:10 --> Global POST, GET and COOKIE data sanitized
INFO - 2024-10-23 10:58:10 --> Input Class Initialized
INFO - 2024-10-23 10:58:10 --> Language Class Initialized
INFO - 2024-10-23 10:58:10 --> Loader Class Initialized
INFO - 2024-10-23 10:58:10 --> Helper loaded: url_helper
INFO - 2024-10-23 10:58:10 --> Database Driver Class Initialized
INFO - 2024-10-23 10:58:10 --> Controller Class Initialized
INFO - 2024-10-23 10:58:10 --> Model "Mconfigkey" initialized
INFO - 2024-10-23 10:58:10 --> Final output sent to browser
DEBUG - 2024-10-23 10:58:10 --> Total execution time: 0.0227
INFO - 2024-10-23 11:20:34 --> Config Class Initialized
INFO - 2024-10-23 11:20:34 --> Hooks Class Initialized
DEBUG - 2024-10-23 11:20:34 --> UTF-8 Support Enabled
INFO - 2024-10-23 11:20:34 --> Utf8 Class Initialized
INFO - 2024-10-23 11:20:34 --> URI Class Initialized
INFO - 2024-10-23 11:20:34 --> Router Class Initialized
INFO - 2024-10-23 11:20:34 --> Output Class Initialized
INFO - 2024-10-23 11:20:34 --> Security Class Initialized
DEBUG - 2024-10-23 11:20:34 --> Global POST, GET and COOKIE data sanitized
INFO - 2024-10-23 11:20:34 --> Input Class Initialized
INFO - 2024-10-23 11:20:34 --> Language Class Initialized
INFO - 2024-10-23 11:20:34 --> Loader Class Initialized
INFO - 2024-10-23 11:20:34 --> Helper loaded: url_helper
INFO - 2024-10-23 11:20:34 --> Database Driver Class Initialized
INFO - 2024-10-23 11:20:34 --> Controller Class Initialized
INFO - 2024-10-23 11:20:34 --> Model "Mconfigkey" initialized
INFO - 2024-10-23 11:20:34 --> Final output sent to browser
DEBUG - 2024-10-23 11:20:34 --> Total execution time: 0.0219
INFO - 2024-10-23 11:20:37 --> Config Class Initialized
INFO - 2024-10-23 11:20:37 --> Hooks Class Initialized
DEBUG - 2024-10-23 11:20:37 --> UTF-8 Support Enabled
INFO - 2024-10-23 11:20:37 --> Utf8 Class Initialized
INFO - 2024-10-23 11:20:37 --> URI Class Initialized
INFO - 2024-10-23 11:20:37 --> Router Class Initialized
INFO - 2024-10-23 11:20:37 --> Output Class Initialized
INFO - 2024-10-23 11:20:37 --> Security Class Initialized
DEBUG - 2024-10-23 11:20:37 --> Global POST, GET and COOKIE data sanitized
INFO - 2024-10-23 11:20:37 --> Input Class Initialized
INFO - 2024-10-23 11:20:37 --> Language Class Initialized
INFO - 2024-10-23 11:20:37 --> Loader Class Initialized
INFO - 2024-10-23 11:20:37 --> Helper loaded: url_helper
INFO - 2024-10-23 11:20:37 --> Database Driver Class Initialized
INFO - 2024-10-23 11:20:37 --> Controller Class Initialized
INFO - 2024-10-23 11:20:37 --> Model "Mconfigkey" initialized
INFO - 2024-10-23 11:20:37 --> Model "Msync_delivery_instruction" initialized
INFO - 2024-10-23 11:20:37 --> Final output sent to browser
DEBUG - 2024-10-23 11:20:37 --> Total execution time: 0.0211
INFO - 2024-10-23 11:28:00 --> Config Class Initialized
INFO - 2024-10-23 11:28:00 --> Hooks Class Initialized
DEBUG - 2024-10-23 11:28:00 --> UTF-8 Support Enabled
INFO - 2024-10-23 11:28:00 --> Utf8 Class Initialized
INFO - 2024-10-23 11:28:00 --> URI Class Initialized
INFO - 2024-10-23 11:28:00 --> Router Class Initialized
INFO - 2024-10-23 11:28:00 --> Output Class Initialized
INFO - 2024-10-23 11:28:00 --> Security Class Initialized
DEBUG - 2024-10-23 11:28:00 --> Global POST, GET and COOKIE data sanitized
INFO - 2024-10-23 11:28:00 --> Input Class Initialized
INFO - 2024-10-23 11:28:00 --> Language Class Initialized
INFO - 2024-10-23 11:28:00 --> Loader Class Initialized
INFO - 2024-10-23 11:28:00 --> Helper loaded: url_helper
INFO - 2024-10-23 11:28:00 --> Database Driver Class Initialized
INFO - 2024-10-23 11:28:00 --> Controller Class Initialized
INFO - 2024-10-23 11:28:00 --> Model "Mconfigkey" initialized
INFO - 2024-10-23 11:28:00 --> Model "Msync_delivery_instruction" initialized
INFO - 2024-10-23 11:28:00 --> Final output sent to browser
DEBUG - 2024-10-23 11:28:00 --> Total execution time: 0.0233
INFO - 2024-10-23 11:28:05 --> Config Class Initialized
INFO - 2024-10-23 11:28:05 --> Hooks Class Initialized
DEBUG - 2024-10-23 11:28:05 --> UTF-8 Support Enabled
INFO - 2024-10-23 11:28:05 --> Utf8 Class Initialized
INFO - 2024-10-23 11:28:05 --> URI Class Initialized
INFO - 2024-10-23 11:28:05 --> Router Class Initialized
INFO - 2024-10-23 11:28:05 --> Output Class Initialized
INFO - 2024-10-23 11:28:05 --> Security Class Initialized
DEBUG - 2024-10-23 11:28:05 --> Global POST, GET and COOKIE data sanitized
INFO - 2024-10-23 11:28:05 --> Input Class Initialized
INFO - 2024-10-23 11:28:05 --> Language Class Initialized
INFO - 2024-10-23 11:28:05 --> Loader Class Initialized
INFO - 2024-10-23 11:28:05 --> Helper loaded: url_helper
INFO - 2024-10-23 11:28:05 --> Database Driver Class Initialized
INFO - 2024-10-23 11:28:06 --> Controller Class Initialized
INFO - 2024-10-23 11:28:06 --> Final output sent to browser
DEBUG - 2024-10-23 11:28:06 --> Total execution time: 0.6972
INFO - 2024-10-23 11:28:08 --> Config Class Initialized
INFO - 2024-10-23 11:28:08 --> Hooks Class Initialized
DEBUG - 2024-10-23 11:28:08 --> UTF-8 Support Enabled
INFO - 2024-10-23 11:28:08 --> Utf8 Class Initialized
INFO - 2024-10-23 11:28:08 --> URI Class Initialized
INFO - 2024-10-23 11:28:08 --> Router Class Initialized
INFO - 2024-10-23 11:28:08 --> Output Class Initialized
INFO - 2024-10-23 11:28:08 --> Security Class Initialized
DEBUG - 2024-10-23 11:28:08 --> Global POST, GET and COOKIE data sanitized
INFO - 2024-10-23 11:28:08 --> Input Class Initialized
INFO - 2024-10-23 11:28:08 --> Language Class Initialized
INFO - 2024-10-23 11:28:08 --> Loader Class Initialized
INFO - 2024-10-23 11:28:08 --> Helper loaded: url_helper
INFO - 2024-10-23 11:28:08 --> Database Driver Class Initialized
INFO - 2024-10-23 11:28:08 --> Controller Class Initialized
INFO - 2024-10-23 11:28:08 --> Model "Mconfigkey" initialized
INFO - 2024-10-23 11:28:08 --> Model "Msync_delivery_instruction" initialized
INFO - 2024-10-23 11:28:08 --> Final output sent to browser
DEBUG - 2024-10-23 11:28:08 --> Total execution time: 0.0199
INFO - 2024-10-23 11:41:26 --> Config Class Initialized
INFO - 2024-10-23 11:41:26 --> Hooks Class Initialized
DEBUG - 2024-10-23 11:41:26 --> UTF-8 Support Enabled
INFO - 2024-10-23 11:41:26 --> Utf8 Class Initialized
INFO - 2024-10-23 11:41:26 --> URI Class Initialized
INFO - 2024-10-23 11:41:26 --> Router Class Initialized
INFO - 2024-10-23 11:41:26 --> Output Class Initialized
INFO - 2024-10-23 11:41:26 --> Security Class Initialized
DEBUG - 2024-10-23 11:41:26 --> Global POST, GET and COOKIE data sanitized
INFO - 2024-10-23 11:41:26 --> Input Class Initialized
INFO - 2024-10-23 11:41:26 --> Language Class Initialized
INFO - 2024-10-23 11:41:26 --> Loader Class Initialized
INFO - 2024-10-23 11:41:26 --> Helper loaded: url_helper
INFO - 2024-10-23 11:41:26 --> Database Driver Class Initialized
INFO - 2024-10-23 11:41:26 --> Controller Class Initialized
INFO - 2024-10-23 11:41:26 --> Model "Mconfigkey" initialized
INFO - 2024-10-23 11:41:26 --> Final output sent to browser
DEBUG - 2024-10-23 11:41:26 --> Total execution time: 0.0214
INFO - 2024-10-23 13:18:36 --> Config Class Initialized
INFO - 2024-10-23 13:18:36 --> Hooks Class Initialized
DEBUG - 2024-10-23 13:18:36 --> UTF-8 Support Enabled
INFO - 2024-10-23 13:18:36 --> Utf8 Class Initialized
INFO - 2024-10-23 13:18:36 --> URI Class Initialized
INFO - 2024-10-23 13:18:36 --> Router Class Initialized
INFO - 2024-10-23 13:18:36 --> Output Class Initialized
INFO - 2024-10-23 13:18:36 --> Security Class Initialized
DEBUG - 2024-10-23 13:18:36 --> Global POST, GET and COOKIE data sanitized
INFO - 2024-10-23 13:18:36 --> Input Class Initialized
INFO - 2024-10-23 13:18:36 --> Language Class Initialized
INFO - 2024-10-23 13:18:36 --> Loader Class Initialized
INFO - 2024-10-23 13:18:36 --> Helper loaded: url_helper
INFO - 2024-10-23 13:18:36 --> Database Driver Class Initialized
INFO - 2024-10-23 13:18:36 --> Controller Class Initialized
INFO - 2024-10-23 13:18:36 --> Model "Mconfigkey" initialized
INFO - 2024-10-23 13:18:36 --> Final output sent to browser
DEBUG - 2024-10-23 13:18:36 --> Total execution time: 0.0198
INFO - 2024-10-23 13:25:34 --> Config Class Initialized
INFO - 2024-10-23 13:25:34 --> Hooks Class Initialized
DEBUG - 2024-10-23 13:25:34 --> UTF-8 Support Enabled
INFO - 2024-10-23 13:25:34 --> Utf8 Class Initialized
INFO - 2024-10-23 13:25:34 --> URI Class Initialized
INFO - 2024-10-23 13:25:34 --> Router Class Initialized
INFO - 2024-10-23 13:25:34 --> Output Class Initialized
INFO - 2024-10-23 13:25:34 --> Security Class Initialized
DEBUG - 2024-10-23 13:25:34 --> Global POST, GET and COOKIE data sanitized
INFO - 2024-10-23 13:25:34 --> Input Class Initialized
INFO - 2024-10-23 13:25:34 --> Language Class Initialized
INFO - 2024-10-23 13:25:34 --> Loader Class Initialized
INFO - 2024-10-23 13:25:34 --> Helper loaded: url_helper
INFO - 2024-10-23 13:25:34 --> Database Driver Class Initialized
INFO - 2024-10-23 13:25:34 --> Controller Class Initialized
INFO - 2024-10-23 13:25:34 --> Model "Mconfigkey" initialized
INFO - 2024-10-23 13:25:34 --> Final output sent to browser
DEBUG - 2024-10-23 13:25:34 --> Total execution time: 0.0189
INFO - 2024-10-23 13:25:37 --> Config Class Initialized
INFO - 2024-10-23 13:25:37 --> Hooks Class Initialized
DEBUG - 2024-10-23 13:25:37 --> UTF-8 Support Enabled
INFO - 2024-10-23 13:25:37 --> Utf8 Class Initialized
INFO - 2024-10-23 13:25:37 --> URI Class Initialized
INFO - 2024-10-23 13:25:37 --> Router Class Initialized
INFO - 2024-10-23 13:25:37 --> Output Class Initialized
INFO - 2024-10-23 13:25:37 --> Security Class Initialized
DEBUG - 2024-10-23 13:25:37 --> Global POST, GET and COOKIE data sanitized
INFO - 2024-10-23 13:25:37 --> Input Class Initialized
INFO - 2024-10-23 13:25:37 --> Language Class Initialized
INFO - 2024-10-23 13:25:37 --> Loader Class Initialized
INFO - 2024-10-23 13:25:37 --> Helper loaded: url_helper
INFO - 2024-10-23 13:25:37 --> Database Driver Class Initialized
INFO - 2024-10-23 13:25:37 --> Controller Class Initialized
INFO - 2024-10-23 13:25:37 --> Model "Mconfigkey" initialized
INFO - 2024-10-23 13:25:37 --> Final output sent to browser
DEBUG - 2024-10-23 13:25:37 --> Total execution time: 0.0186
INFO - 2024-10-23 13:25:39 --> Config Class Initialized
INFO - 2024-10-23 13:25:39 --> Hooks Class Initialized
DEBUG - 2024-10-23 13:25:39 --> UTF-8 Support Enabled
INFO - 2024-10-23 13:25:39 --> Utf8 Class Initialized
INFO - 2024-10-23 13:25:39 --> URI Class Initialized
INFO - 2024-10-23 13:25:39 --> Router Class Initialized
INFO - 2024-10-23 13:25:39 --> Output Class Initialized
INFO - 2024-10-23 13:25:39 --> Security Class Initialized
DEBUG - 2024-10-23 13:25:39 --> Global POST, GET and COOKIE data sanitized
INFO - 2024-10-23 13:25:39 --> Input Class Initialized
INFO - 2024-10-23 13:25:39 --> Language Class Initialized
INFO - 2024-10-23 13:25:39 --> Loader Class Initialized
INFO - 2024-10-23 13:25:39 --> Helper loaded: url_helper
INFO - 2024-10-23 13:25:39 --> Database Driver Class Initialized
INFO - 2024-10-23 13:25:39 --> Controller Class Initialized
INFO - 2024-10-23 13:25:39 --> Model "Mconfigkey" initialized
INFO - 2024-10-23 13:25:39 --> Final output sent to browser
DEBUG - 2024-10-23 13:25:39 --> Total execution time: 0.0191
INFO - 2024-10-23 13:25:43 --> Config Class Initialized
INFO - 2024-10-23 13:25:43 --> Hooks Class Initialized
DEBUG - 2024-10-23 13:25:43 --> UTF-8 Support Enabled
INFO - 2024-10-23 13:25:43 --> Utf8 Class Initialized
INFO - 2024-10-23 13:25:43 --> URI Class Initialized
INFO - 2024-10-23 13:25:43 --> Router Class Initialized
INFO - 2024-10-23 13:25:43 --> Output Class Initialized
INFO - 2024-10-23 13:25:43 --> Security Class Initialized
DEBUG - 2024-10-23 13:25:43 --> Global POST, GET and COOKIE data sanitized
INFO - 2024-10-23 13:25:43 --> Input Class Initialized
INFO - 2024-10-23 13:25:43 --> Language Class Initialized
INFO - 2024-10-23 13:25:43 --> Loader Class Initialized
INFO - 2024-10-23 13:25:43 --> Helper loaded: url_helper
INFO - 2024-10-23 13:25:43 --> Database Driver Class Initialized
INFO - 2024-10-23 13:25:43 --> Controller Class Initialized
INFO - 2024-10-23 13:25:43 --> Model "Mconfigkey" initialized
INFO - 2024-10-23 13:25:43 --> Final output sent to browser
DEBUG - 2024-10-23 13:25:43 --> Total execution time: 0.0187
INFO - 2024-10-23 13:25:50 --> Config Class Initialized
INFO - 2024-10-23 13:25:50 --> Hooks Class Initialized
DEBUG - 2024-10-23 13:25:50 --> UTF-8 Support Enabled
INFO - 2024-10-23 13:25:50 --> Utf8 Class Initialized
INFO - 2024-10-23 13:25:50 --> URI Class Initialized
INFO - 2024-10-23 13:25:50 --> Router Class Initialized
INFO - 2024-10-23 13:25:50 --> Output Class Initialized
INFO - 2024-10-23 13:25:50 --> Security Class Initialized
DEBUG - 2024-10-23 13:25:50 --> Global POST, GET and COOKIE data sanitized
INFO - 2024-10-23 13:25:50 --> Input Class Initialized
INFO - 2024-10-23 13:25:50 --> Language Class Initialized
INFO - 2024-10-23 13:25:50 --> Loader Class Initialized
INFO - 2024-10-23 13:25:50 --> Helper loaded: url_helper
INFO - 2024-10-23 13:25:50 --> Database Driver Class Initialized
INFO - 2024-10-23 13:25:50 --> Controller Class Initialized
INFO - 2024-10-23 13:25:50 --> Model "Mauth" initialized
INFO - 2024-10-23 13:25:50 --> Model "Mconfigkey" initialized
INFO - 2024-10-23 13:25:50 --> Final output sent to browser
DEBUG - 2024-10-23 13:25:50 --> Total execution time: 0.0248
INFO - 2024-10-23 13:25:52 --> Config Class Initialized
INFO - 2024-10-23 13:25:52 --> Hooks Class Initialized
DEBUG - 2024-10-23 13:25:52 --> UTF-8 Support Enabled
INFO - 2024-10-23 13:25:52 --> Utf8 Class Initialized
INFO - 2024-10-23 13:25:52 --> URI Class Initialized
INFO - 2024-10-23 13:25:52 --> Router Class Initialized
INFO - 2024-10-23 13:25:52 --> Output Class Initialized
INFO - 2024-10-23 13:25:52 --> Security Class Initialized
DEBUG - 2024-10-23 13:25:52 --> Global POST, GET and COOKIE data sanitized
INFO - 2024-10-23 13:25:52 --> Input Class Initialized
INFO - 2024-10-23 13:25:52 --> Language Class Initialized
INFO - 2024-10-23 13:25:52 --> Loader Class Initialized
INFO - 2024-10-23 13:25:52 --> Helper loaded: url_helper
INFO - 2024-10-23 13:25:52 --> Database Driver Class Initialized
INFO - 2024-10-23 13:25:52 --> Controller Class Initialized
INFO - 2024-10-23 13:25:52 --> Model "Mconfigkey" initialized
INFO - 2024-10-23 13:25:52 --> Model "Mbcin_271" initialized
INFO - 2024-10-23 13:25:52 --> Final output sent to browser
DEBUG - 2024-10-23 13:25:52 --> Total execution time: 0.0352
INFO - 2024-10-23 13:25:54 --> Config Class Initialized
INFO - 2024-10-23 13:25:54 --> Hooks Class Initialized
DEBUG - 2024-10-23 13:25:54 --> UTF-8 Support Enabled
INFO - 2024-10-23 13:25:54 --> Utf8 Class Initialized
INFO - 2024-10-23 13:25:54 --> URI Class Initialized
INFO - 2024-10-23 13:25:54 --> Router Class Initialized
INFO - 2024-10-23 13:25:54 --> Output Class Initialized
INFO - 2024-10-23 13:25:54 --> Security Class Initialized
DEBUG - 2024-10-23 13:25:54 --> Global POST, GET and COOKIE data sanitized
INFO - 2024-10-23 13:25:54 --> Input Class Initialized
INFO - 2024-10-23 13:25:54 --> Language Class Initialized
INFO - 2024-10-23 13:25:54 --> Loader Class Initialized
INFO - 2024-10-23 13:25:54 --> Helper loaded: url_helper
INFO - 2024-10-23 13:25:54 --> Database Driver Class Initialized
INFO - 2024-10-23 13:25:54 --> Controller Class Initialized
INFO - 2024-10-23 13:25:54 --> Model "Mconfigkey" initialized
INFO - 2024-10-23 13:25:54 --> Model "Mbcin_271" initialized
INFO - 2024-10-23 13:25:54 --> Final output sent to browser
DEBUG - 2024-10-23 13:25:54 --> Total execution time: 0.0226
INFO - 2024-10-23 13:42:37 --> Config Class Initialized
INFO - 2024-10-23 13:42:37 --> Hooks Class Initialized
DEBUG - 2024-10-23 13:42:38 --> UTF-8 Support Enabled
INFO - 2024-10-23 13:42:38 --> Utf8 Class Initialized
INFO - 2024-10-23 13:42:38 --> URI Class Initialized
INFO - 2024-10-23 13:42:38 --> Router Class Initialized
INFO - 2024-10-23 13:42:38 --> Output Class Initialized
INFO - 2024-10-23 13:42:38 --> Security Class Initialized
DEBUG - 2024-10-23 13:42:38 --> Global POST, GET and COOKIE data sanitized
INFO - 2024-10-23 13:42:38 --> Input Class Initialized
INFO - 2024-10-23 13:42:38 --> Language Class Initialized
INFO - 2024-10-23 13:42:38 --> Loader Class Initialized
INFO - 2024-10-23 13:42:38 --> Helper loaded: url_helper
INFO - 2024-10-23 13:42:38 --> Database Driver Class Initialized
INFO - 2024-10-23 13:42:38 --> Controller Class Initialized
INFO - 2024-10-23 13:42:38 --> Model "Mconfigkey" initialized
INFO - 2024-10-23 13:42:38 --> Model "Mbcin_271" initialized
INFO - 2024-10-23 13:42:38 --> Final output sent to browser
DEBUG - 2024-10-23 13:42:38 --> Total execution time: 0.4773
INFO - 2024-10-23 15:45:38 --> Config Class Initialized
INFO - 2024-10-23 15:45:38 --> Hooks Class Initialized
DEBUG - 2024-10-23 15:45:38 --> UTF-8 Support Enabled
INFO - 2024-10-23 15:45:38 --> Utf8 Class Initialized
INFO - 2024-10-23 15:45:38 --> URI Class Initialized
INFO - 2024-10-23 15:45:38 --> Router Class Initialized
INFO - 2024-10-23 15:45:38 --> Output Class Initialized
INFO - 2024-10-23 15:45:38 --> Security Class Initialized
DEBUG - 2024-10-23 15:45:38 --> Global POST, GET and COOKIE data sanitized
INFO - 2024-10-23 15:45:38 --> Input Class Initialized
INFO - 2024-10-23 15:45:38 --> Language Class Initialized
INFO - 2024-10-23 15:45:38 --> Loader Class Initialized
INFO - 2024-10-23 15:45:38 --> Helper loaded: url_helper
INFO - 2024-10-23 15:45:39 --> Database Driver Class Initialized
INFO - 2024-10-23 15:45:39 --> Controller Class Initialized
INFO - 2024-10-23 15:45:39 --> Model "Mconfigkey" initialized
INFO - 2024-10-23 15:45:39 --> Model "Mgoods_delivery" initialized
INFO - 2024-10-23 15:45:39 --> Final output sent to browser
DEBUG - 2024-10-23 15:45:39 --> Total execution time: 0.2615
INFO - 2024-10-23 15:45:46 --> Config Class Initialized
INFO - 2024-10-23 15:45:46 --> Hooks Class Initialized
DEBUG - 2024-10-23 15:45:46 --> UTF-8 Support Enabled
INFO - 2024-10-23 15:45:46 --> Utf8 Class Initialized
INFO - 2024-10-23 15:45:46 --> URI Class Initialized
INFO - 2024-10-23 15:45:46 --> Router Class Initialized
INFO - 2024-10-23 15:45:46 --> Output Class Initialized
INFO - 2024-10-23 15:45:46 --> Security Class Initialized
DEBUG - 2024-10-23 15:45:46 --> Global POST, GET and COOKIE data sanitized
INFO - 2024-10-23 15:45:46 --> Input Class Initialized
INFO - 2024-10-23 15:45:46 --> Language Class Initialized
INFO - 2024-10-23 15:45:46 --> Loader Class Initialized
INFO - 2024-10-23 15:45:46 --> Helper loaded: url_helper
INFO - 2024-10-23 15:45:46 --> Database Driver Class Initialized
INFO - 2024-10-23 15:45:46 --> Controller Class Initialized
INFO - 2024-10-23 15:45:46 --> Model "Mconfigkey" initialized
INFO - 2024-10-23 15:45:46 --> Final output sent to browser
DEBUG - 2024-10-23 15:45:46 --> Total execution time: 0.0187
INFO - 2024-10-23 15:45:50 --> Config Class Initialized
INFO - 2024-10-23 15:45:50 --> Hooks Class Initialized
DEBUG - 2024-10-23 15:45:50 --> UTF-8 Support Enabled
INFO - 2024-10-23 15:45:50 --> Utf8 Class Initialized
INFO - 2024-10-23 15:45:50 --> URI Class Initialized
INFO - 2024-10-23 15:45:50 --> Router Class Initialized
INFO - 2024-10-23 15:45:50 --> Output Class Initialized
INFO - 2024-10-23 15:45:50 --> Security Class Initialized
DEBUG - 2024-10-23 15:45:50 --> Global POST, GET and COOKIE data sanitized
INFO - 2024-10-23 15:45:50 --> Input Class Initialized
INFO - 2024-10-23 15:45:50 --> Language Class Initialized
INFO - 2024-10-23 15:45:50 --> Loader Class Initialized
INFO - 2024-10-23 15:45:50 --> Helper loaded: url_helper
INFO - 2024-10-23 15:45:50 --> Database Driver Class Initialized
INFO - 2024-10-23 15:45:50 --> Controller Class Initialized
INFO - 2024-10-23 15:45:50 --> Model "Mconfigkey" initialized
INFO - 2024-10-23 15:45:50 --> Model "Mgoods_delivery" initialized
INFO - 2024-10-23 15:45:50 --> Final output sent to browser
DEBUG - 2024-10-23 15:45:50 --> Total execution time: 0.0203
INFO - 2024-10-23 15:54:37 --> Config Class Initialized
INFO - 2024-10-23 15:54:37 --> Hooks Class Initialized
DEBUG - 2024-10-23 15:54:37 --> UTF-8 Support Enabled
INFO - 2024-10-23 15:54:37 --> Utf8 Class Initialized
INFO - 2024-10-23 15:54:37 --> URI Class Initialized
INFO - 2024-10-23 15:54:37 --> Router Class Initialized
INFO - 2024-10-23 15:54:37 --> Output Class Initialized
INFO - 2024-10-23 15:54:37 --> Security Class Initialized
DEBUG - 2024-10-23 15:54:37 --> Global POST, GET and COOKIE data sanitized
INFO - 2024-10-23 15:54:37 --> Input Class Initialized
INFO - 2024-10-23 15:54:37 --> Language Class Initialized
INFO - 2024-10-23 15:54:37 --> Loader Class Initialized
INFO - 2024-10-23 15:54:37 --> Helper loaded: url_helper
INFO - 2024-10-23 15:54:37 --> Database Driver Class Initialized
INFO - 2024-10-23 15:54:37 --> Controller Class Initialized
INFO - 2024-10-23 15:54:37 --> Model "Mconfigkey" initialized
INFO - 2024-10-23 15:54:37 --> Model "Mgoods_delivery" initialized
INFO - 2024-10-23 15:54:37 --> Final output sent to browser
DEBUG - 2024-10-23 15:54:37 --> Total execution time: 0.0236
INFO - 2024-10-23 21:15:50 --> Config Class Initialized
INFO - 2024-10-23 21:15:50 --> Hooks Class Initialized
DEBUG - 2024-10-23 21:15:50 --> UTF-8 Support Enabled
INFO - 2024-10-23 21:15:50 --> Utf8 Class Initialized
INFO - 2024-10-23 21:15:50 --> URI Class Initialized
INFO - 2024-10-23 21:15:50 --> Router Class Initialized
INFO - 2024-10-23 21:15:50 --> Output Class Initialized
INFO - 2024-10-23 21:15:50 --> Security Class Initialized
DEBUG - 2024-10-23 21:15:50 --> Global POST, GET and COOKIE data sanitized
INFO - 2024-10-23 21:15:50 --> Input Class Initialized
INFO - 2024-10-23 21:15:50 --> Language Class Initialized
INFO - 2024-10-23 21:15:50 --> Loader Class Initialized
INFO - 2024-10-23 21:15:50 --> Helper loaded: url_helper
INFO - 2024-10-23 21:15:50 --> Database Driver Class Initialized
INFO - 2024-10-23 21:15:50 --> Controller Class Initialized
INFO - 2024-10-23 21:15:50 --> Model "Mconfigkey" initialized
INFO - 2024-10-23 21:15:50 --> Final output sent to browser
DEBUG - 2024-10-23 21:15:50 --> Total execution time: 0.0213
INFO - 2024-10-23 21:17:12 --> Config Class Initialized
INFO - 2024-10-23 21:17:12 --> Hooks Class Initialized
DEBUG - 2024-10-23 21:17:12 --> UTF-8 Support Enabled
INFO - 2024-10-23 21:17:12 --> Utf8 Class Initialized
INFO - 2024-10-23 21:17:12 --> URI Class Initialized
INFO - 2024-10-23 21:17:12 --> Router Class Initialized
INFO - 2024-10-23 21:17:12 --> Output Class Initialized
INFO - 2024-10-23 21:17:12 --> Security Class Initialized
DEBUG - 2024-10-23 21:17:12 --> Global POST, GET and COOKIE data sanitized
INFO - 2024-10-23 21:17:12 --> Input Class Initialized
INFO - 2024-10-23 21:17:12 --> Language Class Initialized
INFO - 2024-10-23 21:17:12 --> Loader Class Initialized
INFO - 2024-10-23 21:17:12 --> Helper loaded: url_helper
INFO - 2024-10-23 21:17:12 --> Database Driver Class Initialized
INFO - 2024-10-23 21:17:12 --> Controller Class Initialized
INFO - 2024-10-23 21:17:12 --> Model "Mauth" initialized
INFO - 2024-10-23 21:17:12 --> Model "Mconfigkey" initialized
INFO - 2024-10-23 21:17:12 --> Final output sent to browser
DEBUG - 2024-10-23 21:17:12 --> Total execution time: 0.0378
INFO - 2024-10-23 21:17:15 --> Config Class Initialized
INFO - 2024-10-23 21:17:15 --> Hooks Class Initialized
DEBUG - 2024-10-23 21:17:15 --> UTF-8 Support Enabled
INFO - 2024-10-23 21:17:15 --> Utf8 Class Initialized
INFO - 2024-10-23 21:17:15 --> URI Class Initialized
INFO - 2024-10-23 21:17:15 --> Router Class Initialized
INFO - 2024-10-23 21:17:15 --> Output Class Initialized
INFO - 2024-10-23 21:17:15 --> Security Class Initialized
DEBUG - 2024-10-23 21:17:15 --> Global POST, GET and COOKIE data sanitized
INFO - 2024-10-23 21:17:15 --> Input Class Initialized
INFO - 2024-10-23 21:17:15 --> Language Class Initialized
INFO - 2024-10-23 21:17:15 --> Loader Class Initialized
INFO - 2024-10-23 21:17:15 --> Helper loaded: url_helper
INFO - 2024-10-23 21:17:15 --> Database Driver Class Initialized
INFO - 2024-10-23 21:17:15 --> Controller Class Initialized
INFO - 2024-10-23 21:17:15 --> Model "Mconfigkey" initialized
INFO - 2024-10-23 21:17:15 --> Model "Mgoods_control" initialized
INFO - 2024-10-23 21:17:15 --> Final output sent to browser
DEBUG - 2024-10-23 21:17:15 --> Total execution time: 0.0310
INFO - 2024-10-23 21:17:18 --> Config Class Initialized
INFO - 2024-10-23 21:17:18 --> Hooks Class Initialized
DEBUG - 2024-10-23 21:17:18 --> UTF-8 Support Enabled
INFO - 2024-10-23 21:17:18 --> Utf8 Class Initialized
INFO - 2024-10-23 21:17:18 --> URI Class Initialized
INFO - 2024-10-23 21:17:18 --> Router Class Initialized
INFO - 2024-10-23 21:17:18 --> Output Class Initialized
INFO - 2024-10-23 21:17:18 --> Security Class Initialized
DEBUG - 2024-10-23 21:17:18 --> Global POST, GET and COOKIE data sanitized
INFO - 2024-10-23 21:17:18 --> Input Class Initialized
INFO - 2024-10-23 21:17:18 --> Language Class Initialized
INFO - 2024-10-23 21:17:18 --> Loader Class Initialized
INFO - 2024-10-23 21:17:18 --> Helper loaded: url_helper
INFO - 2024-10-23 21:17:18 --> Database Driver Class Initialized
INFO - 2024-10-23 21:17:18 --> Controller Class Initialized
INFO - 2024-10-23 21:17:18 --> Model "Mconfigkey" initialized
INFO - 2024-10-23 21:17:18 --> Model "Msync_delivery_instruction" initialized
INFO - 2024-10-23 21:17:18 --> Final output sent to browser
DEBUG - 2024-10-23 21:17:18 --> Total execution time: 0.0306
INFO - 2024-10-23 21:17:22 --> Config Class Initialized
INFO - 2024-10-23 21:17:22 --> Hooks Class Initialized
DEBUG - 2024-10-23 21:17:22 --> UTF-8 Support Enabled
INFO - 2024-10-23 21:17:22 --> Utf8 Class Initialized
INFO - 2024-10-23 21:17:22 --> URI Class Initialized
INFO - 2024-10-23 21:17:22 --> Router Class Initialized
INFO - 2024-10-23 21:17:22 --> Output Class Initialized
INFO - 2024-10-23 21:17:22 --> Security Class Initialized
DEBUG - 2024-10-23 21:17:22 --> Global POST, GET and COOKIE data sanitized
INFO - 2024-10-23 21:17:22 --> Input Class Initialized
INFO - 2024-10-23 21:17:22 --> Language Class Initialized
INFO - 2024-10-23 21:17:22 --> Loader Class Initialized
INFO - 2024-10-23 21:17:22 --> Helper loaded: url_helper
INFO - 2024-10-23 21:17:22 --> Database Driver Class Initialized
INFO - 2024-10-23 21:17:22 --> Controller Class Initialized
INFO - 2024-10-23 21:17:22 --> Model "Mconfigkey" initialized
INFO - 2024-10-23 21:17:22 --> Model "Msync_delivery_instruction" initialized
INFO - 2024-10-23 21:17:22 --> Final output sent to browser
DEBUG - 2024-10-23 21:17:22 --> Total execution time: 0.0215
INFO - 2024-10-23 21:17:23 --> Config Class Initialized
INFO - 2024-10-23 21:17:23 --> Hooks Class Initialized
DEBUG - 2024-10-23 21:17:23 --> UTF-8 Support Enabled
INFO - 2024-10-23 21:17:23 --> Utf8 Class Initialized
INFO - 2024-10-23 21:17:23 --> URI Class Initialized
INFO - 2024-10-23 21:17:23 --> Router Class Initialized
INFO - 2024-10-23 21:17:23 --> Output Class Initialized
INFO - 2024-10-23 21:17:23 --> Security Class Initialized
DEBUG - 2024-10-23 21:17:23 --> Global POST, GET and COOKIE data sanitized
INFO - 2024-10-23 21:17:23 --> Input Class Initialized
INFO - 2024-10-23 21:17:23 --> Language Class Initialized
INFO - 2024-10-23 21:17:23 --> Loader Class Initialized
INFO - 2024-10-23 21:17:23 --> Helper loaded: url_helper
INFO - 2024-10-23 21:17:23 --> Database Driver Class Initialized
INFO - 2024-10-23 21:17:23 --> Controller Class Initialized
INFO - 2024-10-23 21:17:23 --> Model "Mconfigkey" initialized
INFO - 2024-10-23 21:17:23 --> Model "Msync_delivery_instruction" initialized
INFO - 2024-10-23 21:17:23 --> Final output sent to browser
DEBUG - 2024-10-23 21:17:23 --> Total execution time: 0.0230
INFO - 2024-10-23 21:17:25 --> Config Class Initialized
INFO - 2024-10-23 21:17:25 --> Hooks Class Initialized
DEBUG - 2024-10-23 21:17:25 --> UTF-8 Support Enabled
INFO - 2024-10-23 21:17:25 --> Utf8 Class Initialized
INFO - 2024-10-23 21:17:25 --> URI Class Initialized
INFO - 2024-10-23 21:17:25 --> Router Class Initialized
INFO - 2024-10-23 21:17:25 --> Output Class Initialized
INFO - 2024-10-23 21:17:25 --> Security Class Initialized
DEBUG - 2024-10-23 21:17:25 --> Global POST, GET and COOKIE data sanitized
INFO - 2024-10-23 21:17:25 --> Input Class Initialized
INFO - 2024-10-23 21:17:25 --> Language Class Initialized
INFO - 2024-10-23 21:17:25 --> Loader Class Initialized
INFO - 2024-10-23 21:17:25 --> Helper loaded: url_helper
INFO - 2024-10-23 21:17:25 --> Database Driver Class Initialized
INFO - 2024-10-23 21:17:25 --> Controller Class Initialized
INFO - 2024-10-23 21:17:25 --> Model "Mconfigkey" initialized
INFO - 2024-10-23 21:17:25 --> Model "Msync_delivery_instruction" initialized
INFO - 2024-10-23 21:17:25 --> Final output sent to browser
DEBUG - 2024-10-23 21:17:25 --> Total execution time: 0.0651
INFO - 2024-10-23 21:17:40 --> Config Class Initialized
INFO - 2024-10-23 21:17:40 --> Hooks Class Initialized
DEBUG - 2024-10-23 21:17:40 --> UTF-8 Support Enabled
INFO - 2024-10-23 21:17:40 --> Utf8 Class Initialized
INFO - 2024-10-23 21:17:40 --> URI Class Initialized
INFO - 2024-10-23 21:17:40 --> Router Class Initialized
INFO - 2024-10-23 21:17:40 --> Output Class Initialized
INFO - 2024-10-23 21:17:40 --> Security Class Initialized
DEBUG - 2024-10-23 21:17:40 --> Global POST, GET and COOKIE data sanitized
INFO - 2024-10-23 21:17:40 --> Input Class Initialized
INFO - 2024-10-23 21:17:40 --> Language Class Initialized
INFO - 2024-10-23 21:17:40 --> Loader Class Initialized
INFO - 2024-10-23 21:17:40 --> Helper loaded: url_helper
INFO - 2024-10-23 21:17:40 --> Database Driver Class Initialized
INFO - 2024-10-23 21:17:40 --> Controller Class Initialized
INFO - 2024-10-23 21:17:40 --> Model "Mconfigkey" initialized
INFO - 2024-10-23 21:17:40 --> Model "Msync_delivery_instruction" initialized
INFO - 2024-10-23 21:17:40 --> Final output sent to browser
DEBUG - 2024-10-23 21:17:40 --> Total execution time: 0.0659
INFO - 2024-10-23 21:17:43 --> Config Class Initialized
INFO - 2024-10-23 21:17:43 --> Hooks Class Initialized
DEBUG - 2024-10-23 21:17:43 --> UTF-8 Support Enabled
INFO - 2024-10-23 21:17:43 --> Utf8 Class Initialized
INFO - 2024-10-23 21:17:43 --> URI Class Initialized
INFO - 2024-10-23 21:17:43 --> Router Class Initialized
INFO - 2024-10-23 21:17:43 --> Output Class Initialized
INFO - 2024-10-23 21:17:43 --> Security Class Initialized
DEBUG - 2024-10-23 21:17:43 --> Global POST, GET and COOKIE data sanitized
INFO - 2024-10-23 21:17:43 --> Input Class Initialized
INFO - 2024-10-23 21:17:43 --> Language Class Initialized
INFO - 2024-10-23 21:17:43 --> Loader Class Initialized
INFO - 2024-10-23 21:17:43 --> Helper loaded: url_helper
INFO - 2024-10-23 21:17:43 --> Database Driver Class Initialized
INFO - 2024-10-23 21:17:43 --> Controller Class Initialized
INFO - 2024-10-23 21:17:43 --> Model "Mconfigkey" initialized
INFO - 2024-10-23 21:17:43 --> Model "Msync_delivery_instruction" initialized
INFO - 2024-10-23 21:17:43 --> Final output sent to browser
DEBUG - 2024-10-23 21:17:43 --> Total execution time: 0.0715
INFO - 2024-10-23 21:17:45 --> Config Class Initialized
INFO - 2024-10-23 21:17:45 --> Hooks Class Initialized
DEBUG - 2024-10-23 21:17:45 --> UTF-8 Support Enabled
INFO - 2024-10-23 21:17:45 --> Utf8 Class Initialized
INFO - 2024-10-23 21:17:45 --> URI Class Initialized
INFO - 2024-10-23 21:17:45 --> Router Class Initialized
INFO - 2024-10-23 21:17:45 --> Output Class Initialized
INFO - 2024-10-23 21:17:45 --> Security Class Initialized
DEBUG - 2024-10-23 21:17:45 --> Global POST, GET and COOKIE data sanitized
INFO - 2024-10-23 21:17:45 --> Input Class Initialized
INFO - 2024-10-23 21:17:45 --> Language Class Initialized
INFO - 2024-10-23 21:17:45 --> Loader Class Initialized
INFO - 2024-10-23 21:17:45 --> Helper loaded: url_helper
INFO - 2024-10-23 21:17:45 --> Database Driver Class Initialized
INFO - 2024-10-23 21:17:45 --> Controller Class Initialized
INFO - 2024-10-23 21:17:45 --> Model "Mconfigkey" initialized
INFO - 2024-10-23 21:17:45 --> Model "Msync_delivery_instruction" initialized
INFO - 2024-10-23 21:17:45 --> Final output sent to browser
DEBUG - 2024-10-23 21:17:45 --> Total execution time: 0.0715
INFO - 2024-10-23 21:17:47 --> Config Class Initialized
INFO - 2024-10-23 21:17:47 --> Hooks Class Initialized
DEBUG - 2024-10-23 21:17:47 --> UTF-8 Support Enabled
INFO - 2024-10-23 21:17:47 --> Utf8 Class Initialized
INFO - 2024-10-23 21:17:47 --> URI Class Initialized
INFO - 2024-10-23 21:17:47 --> Router Class Initialized
INFO - 2024-10-23 21:17:47 --> Output Class Initialized
INFO - 2024-10-23 21:17:47 --> Security Class Initialized
DEBUG - 2024-10-23 21:17:47 --> Global POST, GET and COOKIE data sanitized
INFO - 2024-10-23 21:17:47 --> Input Class Initialized
INFO - 2024-10-23 21:17:47 --> Language Class Initialized
INFO - 2024-10-23 21:17:47 --> Loader Class Initialized
INFO - 2024-10-23 21:17:47 --> Helper loaded: url_helper
INFO - 2024-10-23 21:17:47 --> Database Driver Class Initialized
INFO - 2024-10-23 21:17:47 --> Controller Class Initialized
INFO - 2024-10-23 21:17:47 --> Model "Mconfigkey" initialized
INFO - 2024-10-23 21:17:47 --> Model "Msync_delivery_instruction" initialized
INFO - 2024-10-23 21:17:47 --> Final output sent to browser
DEBUG - 2024-10-23 21:17:47 --> Total execution time: 0.0738
INFO - 2024-10-23 23:12:54 --> Config Class Initialized
INFO - 2024-10-23 23:12:54 --> Hooks Class Initialized
DEBUG - 2024-10-23 23:12:54 --> UTF-8 Support Enabled
INFO - 2024-10-23 23:12:54 --> Utf8 Class Initialized
INFO - 2024-10-23 23:12:54 --> URI Class Initialized
INFO - 2024-10-23 23:12:54 --> Router Class Initialized
INFO - 2024-10-23 23:12:54 --> Output Class Initialized
INFO - 2024-10-23 23:12:54 --> Security Class Initialized
DEBUG - 2024-10-23 23:12:54 --> Global POST, GET and COOKIE data sanitized
INFO - 2024-10-23 23:12:54 --> Input Class Initialized
INFO - 2024-10-23 23:12:54 --> Language Class Initialized
INFO - 2024-10-23 23:12:54 --> Loader Class Initialized
INFO - 2024-10-23 23:12:54 --> Helper loaded: url_helper
INFO - 2024-10-23 23:12:54 --> Database Driver Class Initialized
INFO - 2024-10-23 23:12:54 --> Controller Class Initialized
INFO - 2024-10-23 23:12:54 --> Model "Mconfigkey" initialized
INFO - 2024-10-23 23:12:54 --> Final output sent to browser
DEBUG - 2024-10-23 23:12:54 --> Total execution time: 0.0229
INFO - 2024-10-23 23:12:57 --> Config Class Initialized
INFO - 2024-10-23 23:12:57 --> Hooks Class Initialized
DEBUG - 2024-10-23 23:12:57 --> UTF-8 Support Enabled
INFO - 2024-10-23 23:12:57 --> Utf8 Class Initialized
INFO - 2024-10-23 23:12:57 --> URI Class Initialized
INFO - 2024-10-23 23:12:57 --> Router Class Initialized
INFO - 2024-10-23 23:12:57 --> Output Class Initialized
INFO - 2024-10-23 23:12:57 --> Security Class Initialized
DEBUG - 2024-10-23 23:12:57 --> Global POST, GET and COOKIE data sanitized
INFO - 2024-10-23 23:12:57 --> Input Class Initialized
INFO - 2024-10-23 23:12:57 --> Language Class Initialized
INFO - 2024-10-23 23:12:57 --> Loader Class Initialized
INFO - 2024-10-23 23:12:57 --> Helper loaded: url_helper
INFO - 2024-10-23 23:12:57 --> Database Driver Class Initialized
INFO - 2024-10-23 23:12:57 --> Controller Class Initialized
INFO - 2024-10-23 23:12:57 --> Model "Mconfigkey" initialized
INFO - 2024-10-23 23:12:57 --> Model "Msync_delivery_instruction" initialized
INFO - 2024-10-23 23:12:57 --> Final output sent to browser
DEBUG - 2024-10-23 23:12:57 --> Total execution time: 0.0258
INFO - 2024-10-23 23:13:02 --> Config Class Initialized
INFO - 2024-10-23 23:13:02 --> Hooks Class Initialized
DEBUG - 2024-10-23 23:13:02 --> UTF-8 Support Enabled
INFO - 2024-10-23 23:13:02 --> Utf8 Class Initialized
INFO - 2024-10-23 23:13:02 --> URI Class Initialized
INFO - 2024-10-23 23:13:02 --> Router Class Initialized
INFO - 2024-10-23 23:13:02 --> Output Class Initialized
INFO - 2024-10-23 23:13:02 --> Security Class Initialized
DEBUG - 2024-10-23 23:13:02 --> Global POST, GET and COOKIE data sanitized
INFO - 2024-10-23 23:13:02 --> Input Class Initialized
INFO - 2024-10-23 23:13:02 --> Language Class Initialized
INFO - 2024-10-23 23:13:02 --> Loader Class Initialized
INFO - 2024-10-23 23:13:02 --> Helper loaded: url_helper
INFO - 2024-10-23 23:13:02 --> Database Driver Class Initialized
INFO - 2024-10-23 23:13:02 --> Controller Class Initialized
INFO - 2024-10-23 23:13:02 --> Model "Mconfigkey" initialized
INFO - 2024-10-23 23:13:02 --> Model "Msync_delivery_instruction" initialized
INFO - 2024-10-23 23:13:02 --> Final output sent to browser
DEBUG - 2024-10-23 23:13:02 --> Total execution time: 0.0264
INFO - 2024-10-23 23:13:04 --> Config Class Initialized
INFO - 2024-10-23 23:13:04 --> Hooks Class Initialized
DEBUG - 2024-10-23 23:13:04 --> UTF-8 Support Enabled
INFO - 2024-10-23 23:13:04 --> Utf8 Class Initialized
INFO - 2024-10-23 23:13:04 --> URI Class Initialized
INFO - 2024-10-23 23:13:04 --> Router Class Initialized
INFO - 2024-10-23 23:13:04 --> Output Class Initialized
INFO - 2024-10-23 23:13:04 --> Security Class Initialized
DEBUG - 2024-10-23 23:13:04 --> Global POST, GET and COOKIE data sanitized
INFO - 2024-10-23 23:13:04 --> Input Class Initialized
INFO - 2024-10-23 23:13:04 --> Language Class Initialized
INFO - 2024-10-23 23:13:04 --> Loader Class Initialized
INFO - 2024-10-23 23:13:04 --> Helper loaded: url_helper
INFO - 2024-10-23 23:13:04 --> Database Driver Class Initialized
INFO - 2024-10-23 23:13:04 --> Controller Class Initialized
INFO - 2024-10-23 23:13:04 --> Model "Mconfigkey" initialized
INFO - 2024-10-23 23:13:04 --> Model "Msync_delivery_instruction" initialized
INFO - 2024-10-23 23:13:04 --> Final output sent to browser
DEBUG - 2024-10-23 23:13:04 --> Total execution time: 0.0200
INFO - 2024-10-23 23:13:05 --> Config Class Initialized
INFO - 2024-10-23 23:13:05 --> Hooks Class Initialized
DEBUG - 2024-10-23 23:13:05 --> UTF-8 Support Enabled
INFO - 2024-10-23 23:13:05 --> Utf8 Class Initialized
INFO - 2024-10-23 23:13:05 --> URI Class Initialized
INFO - 2024-10-23 23:13:05 --> Router Class Initialized
INFO - 2024-10-23 23:13:05 --> Output Class Initialized
INFO - 2024-10-23 23:13:05 --> Security Class Initialized
DEBUG - 2024-10-23 23:13:05 --> Global POST, GET and COOKIE data sanitized
INFO - 2024-10-23 23:13:05 --> Input Class Initialized
INFO - 2024-10-23 23:13:05 --> Language Class Initialized
INFO - 2024-10-23 23:13:05 --> Loader Class Initialized
INFO - 2024-10-23 23:13:05 --> Helper loaded: url_helper
INFO - 2024-10-23 23:13:05 --> Database Driver Class Initialized
INFO - 2024-10-23 23:13:05 --> Controller Class Initialized
INFO - 2024-10-23 23:13:05 --> Model "Mconfigkey" initialized
INFO - 2024-10-23 23:13:05 --> Model "Msync_delivery_instruction" initialized
INFO - 2024-10-23 23:13:06 --> Final output sent to browser
DEBUG - 2024-10-23 23:13:06 --> Total execution time: 0.0987
INFO - 2024-10-23 23:13:12 --> Config Class Initialized
INFO - 2024-10-23 23:13:12 --> Hooks Class Initialized
DEBUG - 2024-10-23 23:13:12 --> UTF-8 Support Enabled
INFO - 2024-10-23 23:13:12 --> Utf8 Class Initialized
INFO - 2024-10-23 23:13:12 --> URI Class Initialized
INFO - 2024-10-23 23:13:12 --> Router Class Initialized
INFO - 2024-10-23 23:13:12 --> Output Class Initialized
INFO - 2024-10-23 23:13:12 --> Security Class Initialized
DEBUG - 2024-10-23 23:13:12 --> Global POST, GET and COOKIE data sanitized
INFO - 2024-10-23 23:13:12 --> Input Class Initialized
INFO - 2024-10-23 23:13:12 --> Language Class Initialized
INFO - 2024-10-23 23:13:12 --> Loader Class Initialized
INFO - 2024-10-23 23:13:12 --> Helper loaded: url_helper
INFO - 2024-10-23 23:13:12 --> Database Driver Class Initialized
INFO - 2024-10-23 23:13:12 --> Controller Class Initialized
INFO - 2024-10-23 23:13:12 --> Model "Mconfigkey" initialized
INFO - 2024-10-23 23:13:12 --> Model "Msync_delivery_instruction" initialized
INFO - 2024-10-23 23:13:12 --> Final output sent to browser
DEBUG - 2024-10-23 23:13:12 --> Total execution time: 0.0189
INFO - 2024-10-23 23:17:12 --> Config Class Initialized
INFO - 2024-10-23 23:17:12 --> Hooks Class Initialized
DEBUG - 2024-10-23 23:17:12 --> UTF-8 Support Enabled
INFO - 2024-10-23 23:17:12 --> Utf8 Class Initialized
INFO - 2024-10-23 23:17:12 --> URI Class Initialized
INFO - 2024-10-23 23:17:12 --> Router Class Initialized
INFO - 2024-10-23 23:17:12 --> Output Class Initialized
INFO - 2024-10-23 23:17:12 --> Security Class Initialized
DEBUG - 2024-10-23 23:17:12 --> Global POST, GET and COOKIE data sanitized
INFO - 2024-10-23 23:17:12 --> Input Class Initialized
INFO - 2024-10-23 23:17:12 --> Language Class Initialized
INFO - 2024-10-23 23:17:12 --> Loader Class Initialized
INFO - 2024-10-23 23:17:12 --> Helper loaded: url_helper
INFO - 2024-10-23 23:17:12 --> Database Driver Class Initialized
INFO - 2024-10-23 23:17:12 --> Controller Class Initialized
INFO - 2024-10-23 23:17:12 --> Model "Mconfigkey" initialized
INFO - 2024-10-23 23:17:12 --> Model "Msync_delivery_instruction" initialized
INFO - 2024-10-23 23:17:12 --> Final output sent to browser
DEBUG - 2024-10-23 23:17:12 --> Total execution time: 0.0840
INFO - 2024-10-23 23:19:03 --> Config Class Initialized
INFO - 2024-10-23 23:19:03 --> Hooks Class Initialized
DEBUG - 2024-10-23 23:19:03 --> UTF-8 Support Enabled
INFO - 2024-10-23 23:19:03 --> Utf8 Class Initialized
INFO - 2024-10-23 23:19:03 --> URI Class Initialized
INFO - 2024-10-23 23:19:03 --> Router Class Initialized
INFO - 2024-10-23 23:19:03 --> Output Class Initialized
INFO - 2024-10-23 23:19:03 --> Security Class Initialized
DEBUG - 2024-10-23 23:19:03 --> Global POST, GET and COOKIE data sanitized
INFO - 2024-10-23 23:19:03 --> Input Class Initialized
INFO - 2024-10-23 23:19:03 --> Language Class Initialized
INFO - 2024-10-23 23:19:03 --> Loader Class Initialized
INFO - 2024-10-23 23:19:03 --> Helper loaded: url_helper
INFO - 2024-10-23 23:19:03 --> Database Driver Class Initialized
INFO - 2024-10-23 23:19:03 --> Controller Class Initialized
INFO - 2024-10-23 23:19:03 --> Model "Mconfigkey" initialized
INFO - 2024-10-23 23:19:03 --> Final output sent to browser
DEBUG - 2024-10-23 23:19:03 --> Total execution time: 0.0206
INFO - 2024-10-23 23:19:06 --> Config Class Initialized
INFO - 2024-10-23 23:19:06 --> Hooks Class Initialized
DEBUG - 2024-10-23 23:19:06 --> UTF-8 Support Enabled
INFO - 2024-10-23 23:19:06 --> Utf8 Class Initialized
INFO - 2024-10-23 23:19:06 --> URI Class Initialized
INFO - 2024-10-23 23:19:06 --> Router Class Initialized
INFO - 2024-10-23 23:19:06 --> Output Class Initialized
INFO - 2024-10-23 23:19:06 --> Security Class Initialized
DEBUG - 2024-10-23 23:19:06 --> Global POST, GET and COOKIE data sanitized
INFO - 2024-10-23 23:19:06 --> Input Class Initialized
INFO - 2024-10-23 23:19:06 --> Language Class Initialized
INFO - 2024-10-23 23:19:06 --> Loader Class Initialized
INFO - 2024-10-23 23:19:06 --> Helper loaded: url_helper
INFO - 2024-10-23 23:19:06 --> Database Driver Class Initialized
INFO - 2024-10-23 23:19:06 --> Controller Class Initialized
INFO - 2024-10-23 23:19:06 --> Model "Mconfigkey" initialized
INFO - 2024-10-23 23:19:06 --> Model "Msync_delivery_instruction" initialized
INFO - 2024-10-23 23:19:06 --> Final output sent to browser
DEBUG - 2024-10-23 23:19:06 --> Total execution time: 0.0205
INFO - 2024-10-23 23:19:09 --> Config Class Initialized
INFO - 2024-10-23 23:19:09 --> Hooks Class Initialized
DEBUG - 2024-10-23 23:19:09 --> UTF-8 Support Enabled
INFO - 2024-10-23 23:19:09 --> Utf8 Class Initialized
INFO - 2024-10-23 23:19:09 --> URI Class Initialized
INFO - 2024-10-23 23:19:09 --> Router Class Initialized
INFO - 2024-10-23 23:19:09 --> Output Class Initialized
INFO - 2024-10-23 23:19:09 --> Security Class Initialized
DEBUG - 2024-10-23 23:19:09 --> Global POST, GET and COOKIE data sanitized
INFO - 2024-10-23 23:19:09 --> Input Class Initialized
INFO - 2024-10-23 23:19:09 --> Language Class Initialized
INFO - 2024-10-23 23:19:09 --> Loader Class Initialized
INFO - 2024-10-23 23:19:09 --> Helper loaded: url_helper
INFO - 2024-10-23 23:19:09 --> Database Driver Class Initialized
INFO - 2024-10-23 23:19:09 --> Controller Class Initialized
INFO - 2024-10-23 23:19:09 --> Model "Mconfigkey" initialized
INFO - 2024-10-23 23:19:09 --> Model "Msync_delivery_instruction" initialized
INFO - 2024-10-23 23:19:09 --> Final output sent to browser
DEBUG - 2024-10-23 23:19:09 --> Total execution time: 0.0262
INFO - 2024-10-23 23:19:11 --> Config Class Initialized
INFO - 2024-10-23 23:19:11 --> Hooks Class Initialized
DEBUG - 2024-10-23 23:19:11 --> UTF-8 Support Enabled
INFO - 2024-10-23 23:19:11 --> Utf8 Class Initialized
INFO - 2024-10-23 23:19:11 --> URI Class Initialized
INFO - 2024-10-23 23:19:11 --> Router Class Initialized
INFO - 2024-10-23 23:19:11 --> Output Class Initialized
INFO - 2024-10-23 23:19:11 --> Security Class Initialized
DEBUG - 2024-10-23 23:19:11 --> Global POST, GET and COOKIE data sanitized
INFO - 2024-10-23 23:19:11 --> Input Class Initialized
INFO - 2024-10-23 23:19:11 --> Language Class Initialized
INFO - 2024-10-23 23:19:11 --> Loader Class Initialized
INFO - 2024-10-23 23:19:11 --> Helper loaded: url_helper
INFO - 2024-10-23 23:19:11 --> Database Driver Class Initialized
INFO - 2024-10-23 23:19:11 --> Controller Class Initialized
INFO - 2024-10-23 23:19:11 --> Model "Mconfigkey" initialized
INFO - 2024-10-23 23:19:11 --> Model "Msync_delivery_instruction" initialized
INFO - 2024-10-23 23:19:11 --> Final output sent to browser
DEBUG - 2024-10-23 23:19:11 --> Total execution time: 0.0200
INFO - 2024-10-23 23:19:12 --> Config Class Initialized
INFO - 2024-10-23 23:19:12 --> Hooks Class Initialized
DEBUG - 2024-10-23 23:19:12 --> UTF-8 Support Enabled
INFO - 2024-10-23 23:19:12 --> Utf8 Class Initialized
INFO - 2024-10-23 23:19:12 --> URI Class Initialized
INFO - 2024-10-23 23:19:12 --> Router Class Initialized
INFO - 2024-10-23 23:19:12 --> Output Class Initialized
INFO - 2024-10-23 23:19:12 --> Security Class Initialized
DEBUG - 2024-10-23 23:19:12 --> Global POST, GET and COOKIE data sanitized
INFO - 2024-10-23 23:19:12 --> Input Class Initialized
INFO - 2024-10-23 23:19:12 --> Language Class Initialized
INFO - 2024-10-23 23:19:12 --> Loader Class Initialized
INFO - 2024-10-23 23:19:12 --> Helper loaded: url_helper
INFO - 2024-10-23 23:19:12 --> Database Driver Class Initialized
INFO - 2024-10-23 23:19:12 --> Controller Class Initialized
INFO - 2024-10-23 23:19:12 --> Model "Mconfigkey" initialized
INFO - 2024-10-23 23:19:12 --> Model "Msync_delivery_instruction" initialized
INFO - 2024-10-23 23:19:12 --> Final output sent to browser
DEBUG - 2024-10-23 23:19:12 --> Total execution time: 0.0777
INFO - 2024-10-23 23:19:20 --> Config Class Initialized
INFO - 2024-10-23 23:19:20 --> Hooks Class Initialized
DEBUG - 2024-10-23 23:19:20 --> UTF-8 Support Enabled
INFO - 2024-10-23 23:19:20 --> Utf8 Class Initialized
INFO - 2024-10-23 23:19:20 --> URI Class Initialized
INFO - 2024-10-23 23:19:20 --> Router Class Initialized
INFO - 2024-10-23 23:19:20 --> Output Class Initialized
INFO - 2024-10-23 23:19:20 --> Security Class Initialized
DEBUG - 2024-10-23 23:19:20 --> Global POST, GET and COOKIE data sanitized
INFO - 2024-10-23 23:19:20 --> Input Class Initialized
INFO - 2024-10-23 23:19:20 --> Language Class Initialized
INFO - 2024-10-23 23:19:20 --> Loader Class Initialized
INFO - 2024-10-23 23:19:20 --> Helper loaded: url_helper
INFO - 2024-10-23 23:19:20 --> Database Driver Class Initialized
INFO - 2024-10-23 23:19:20 --> Controller Class Initialized
INFO - 2024-10-23 23:19:20 --> Model "Mconfigkey" initialized
INFO - 2024-10-23 23:19:20 --> Model "Msync_delivery_instruction" initialized
INFO - 2024-10-23 23:19:21 --> Final output sent to browser
DEBUG - 2024-10-23 23:19:21 --> Total execution time: 0.0839
INFO - 2024-10-23 23:20:58 --> Config Class Initialized
INFO - 2024-10-23 23:20:58 --> Hooks Class Initialized
DEBUG - 2024-10-23 23:20:58 --> UTF-8 Support Enabled
INFO - 2024-10-23 23:20:58 --> Utf8 Class Initialized
INFO - 2024-10-23 23:20:58 --> URI Class Initialized
INFO - 2024-10-23 23:20:58 --> Router Class Initialized
INFO - 2024-10-23 23:20:58 --> Output Class Initialized
INFO - 2024-10-23 23:20:58 --> Security Class Initialized
DEBUG - 2024-10-23 23:20:58 --> Global POST, GET and COOKIE data sanitized
INFO - 2024-10-23 23:20:58 --> Input Class Initialized
INFO - 2024-10-23 23:20:58 --> Language Class Initialized
INFO - 2024-10-23 23:20:58 --> Loader Class Initialized
INFO - 2024-10-23 23:20:58 --> Helper loaded: url_helper
INFO - 2024-10-23 23:20:58 --> Database Driver Class Initialized
INFO - 2024-10-23 23:20:58 --> Controller Class Initialized
INFO - 2024-10-23 23:20:58 --> Model "Mconfigkey" initialized
INFO - 2024-10-23 23:20:58 --> Final output sent to browser
DEBUG - 2024-10-23 23:20:58 --> Total execution time: 0.0203
INFO - 2024-10-23 23:21:01 --> Config Class Initialized
INFO - 2024-10-23 23:21:01 --> Hooks Class Initialized
DEBUG - 2024-10-23 23:21:01 --> UTF-8 Support Enabled
INFO - 2024-10-23 23:21:01 --> Utf8 Class Initialized
INFO - 2024-10-23 23:21:01 --> URI Class Initialized
INFO - 2024-10-23 23:21:01 --> Router Class Initialized
INFO - 2024-10-23 23:21:01 --> Output Class Initialized
INFO - 2024-10-23 23:21:01 --> Security Class Initialized
DEBUG - 2024-10-23 23:21:01 --> Global POST, GET and COOKIE data sanitized
INFO - 2024-10-23 23:21:01 --> Input Class Initialized
INFO - 2024-10-23 23:21:01 --> Language Class Initialized
INFO - 2024-10-23 23:21:01 --> Loader Class Initialized
INFO - 2024-10-23 23:21:01 --> Helper loaded: url_helper
INFO - 2024-10-23 23:21:01 --> Database Driver Class Initialized
INFO - 2024-10-23 23:21:01 --> Controller Class Initialized
INFO - 2024-10-23 23:21:01 --> Model "Mconfigkey" initialized
INFO - 2024-10-23 23:21:01 --> Model "Msync_delivery_instruction" initialized
INFO - 2024-10-23 23:21:01 --> Final output sent to browser
DEBUG - 2024-10-23 23:21:01 --> Total execution time: 0.0206
INFO - 2024-10-23 23:21:06 --> Config Class Initialized
INFO - 2024-10-23 23:21:06 --> Hooks Class Initialized
DEBUG - 2024-10-23 23:21:06 --> UTF-8 Support Enabled
INFO - 2024-10-23 23:21:06 --> Utf8 Class Initialized
INFO - 2024-10-23 23:21:06 --> URI Class Initialized
INFO - 2024-10-23 23:21:06 --> Router Class Initialized
INFO - 2024-10-23 23:21:06 --> Output Class Initialized
INFO - 2024-10-23 23:21:06 --> Security Class Initialized
DEBUG - 2024-10-23 23:21:06 --> Global POST, GET and COOKIE data sanitized
INFO - 2024-10-23 23:21:06 --> Input Class Initialized
INFO - 2024-10-23 23:21:06 --> Language Class Initialized
INFO - 2024-10-23 23:21:06 --> Loader Class Initialized
INFO - 2024-10-23 23:21:06 --> Helper loaded: url_helper
INFO - 2024-10-23 23:21:06 --> Database Driver Class Initialized
INFO - 2024-10-23 23:21:06 --> Controller Class Initialized
INFO - 2024-10-23 23:21:06 --> Model "Mconfigkey" initialized
INFO - 2024-10-23 23:21:06 --> Model "Msync_delivery_instruction" initialized
INFO - 2024-10-23 23:21:06 --> Final output sent to browser
DEBUG - 2024-10-23 23:21:06 --> Total execution time: 0.0217
INFO - 2024-10-23 23:21:08 --> Config Class Initialized
INFO - 2024-10-23 23:21:08 --> Hooks Class Initialized
DEBUG - 2024-10-23 23:21:08 --> UTF-8 Support Enabled
INFO - 2024-10-23 23:21:08 --> Utf8 Class Initialized
INFO - 2024-10-23 23:21:08 --> URI Class Initialized
INFO - 2024-10-23 23:21:08 --> Router Class Initialized
INFO - 2024-10-23 23:21:08 --> Output Class Initialized
INFO - 2024-10-23 23:21:08 --> Security Class Initialized
DEBUG - 2024-10-23 23:21:08 --> Global POST, GET and COOKIE data sanitized
INFO - 2024-10-23 23:21:08 --> Input Class Initialized
INFO - 2024-10-23 23:21:08 --> Language Class Initialized
INFO - 2024-10-23 23:21:08 --> Loader Class Initialized
INFO - 2024-10-23 23:21:08 --> Helper loaded: url_helper
INFO - 2024-10-23 23:21:08 --> Database Driver Class Initialized
INFO - 2024-10-23 23:21:08 --> Controller Class Initialized
INFO - 2024-10-23 23:21:08 --> Model "Mconfigkey" initialized
INFO - 2024-10-23 23:21:08 --> Model "Msync_delivery_instruction" initialized
INFO - 2024-10-23 23:21:08 --> Final output sent to browser
DEBUG - 2024-10-23 23:21:08 --> Total execution time: 0.0199
INFO - 2024-10-23 23:21:10 --> Config Class Initialized
INFO - 2024-10-23 23:21:10 --> Hooks Class Initialized
DEBUG - 2024-10-23 23:21:10 --> UTF-8 Support Enabled
INFO - 2024-10-23 23:21:10 --> Utf8 Class Initialized
INFO - 2024-10-23 23:21:10 --> URI Class Initialized
INFO - 2024-10-23 23:21:10 --> Router Class Initialized
INFO - 2024-10-23 23:21:10 --> Output Class Initialized
INFO - 2024-10-23 23:21:10 --> Security Class Initialized
DEBUG - 2024-10-23 23:21:10 --> Global POST, GET and COOKIE data sanitized
INFO - 2024-10-23 23:21:10 --> Input Class Initialized
INFO - 2024-10-23 23:21:10 --> Language Class Initialized
INFO - 2024-10-23 23:21:10 --> Loader Class Initialized
INFO - 2024-10-23 23:21:10 --> Helper loaded: url_helper
INFO - 2024-10-23 23:21:10 --> Database Driver Class Initialized
INFO - 2024-10-23 23:21:10 --> Controller Class Initialized
INFO - 2024-10-23 23:21:10 --> Model "Mconfigkey" initialized
INFO - 2024-10-23 23:21:10 --> Model "Msync_delivery_instruction" initialized
INFO - 2024-10-23 23:21:10 --> Final output sent to browser
DEBUG - 2024-10-23 23:21:10 --> Total execution time: 0.0783
INFO - 2024-10-23 23:24:30 --> Config Class Initialized
INFO - 2024-10-23 23:24:30 --> Hooks Class Initialized
DEBUG - 2024-10-23 23:24:30 --> UTF-8 Support Enabled
INFO - 2024-10-23 23:24:30 --> Utf8 Class Initialized
INFO - 2024-10-23 23:24:30 --> URI Class Initialized
INFO - 2024-10-23 23:24:30 --> Router Class Initialized
INFO - 2024-10-23 23:24:30 --> Output Class Initialized
INFO - 2024-10-23 23:24:30 --> Security Class Initialized
DEBUG - 2024-10-23 23:24:30 --> Global POST, GET and COOKIE data sanitized
INFO - 2024-10-23 23:24:30 --> Input Class Initialized
INFO - 2024-10-23 23:24:30 --> Language Class Initialized
INFO - 2024-10-23 23:24:30 --> Loader Class Initialized
INFO - 2024-10-23 23:24:30 --> Helper loaded: url_helper
INFO - 2024-10-23 23:24:30 --> Database Driver Class Initialized
INFO - 2024-10-23 23:24:30 --> Controller Class Initialized
INFO - 2024-10-23 23:24:30 --> Model "Mconfigkey" initialized
INFO - 2024-10-23 23:24:30 --> Final output sent to browser
DEBUG - 2024-10-23 23:24:30 --> Total execution time: 0.0204
INFO - 2024-10-23 23:24:32 --> Config Class Initialized
INFO - 2024-10-23 23:24:32 --> Hooks Class Initialized
DEBUG - 2024-10-23 23:24:32 --> UTF-8 Support Enabled
INFO - 2024-10-23 23:24:32 --> Utf8 Class Initialized
INFO - 2024-10-23 23:24:32 --> URI Class Initialized
INFO - 2024-10-23 23:24:32 --> Router Class Initialized
INFO - 2024-10-23 23:24:32 --> Output Class Initialized
INFO - 2024-10-23 23:24:32 --> Security Class Initialized
DEBUG - 2024-10-23 23:24:32 --> Global POST, GET and COOKIE data sanitized
INFO - 2024-10-23 23:24:32 --> Input Class Initialized
INFO - 2024-10-23 23:24:32 --> Language Class Initialized
INFO - 2024-10-23 23:24:32 --> Loader Class Initialized
INFO - 2024-10-23 23:24:32 --> Helper loaded: url_helper
INFO - 2024-10-23 23:24:32 --> Database Driver Class Initialized
INFO - 2024-10-23 23:24:32 --> Controller Class Initialized
INFO - 2024-10-23 23:24:32 --> Model "Mconfigkey" initialized
INFO - 2024-10-23 23:24:32 --> Model "Msync_delivery_instruction" initialized
INFO - 2024-10-23 23:24:32 --> Final output sent to browser
DEBUG - 2024-10-23 23:24:32 --> Total execution time: 0.0204
INFO - 2024-10-23 23:24:36 --> Config Class Initialized
INFO - 2024-10-23 23:24:36 --> Hooks Class Initialized
DEBUG - 2024-10-23 23:24:36 --> UTF-8 Support Enabled
INFO - 2024-10-23 23:24:36 --> Utf8 Class Initialized
INFO - 2024-10-23 23:24:36 --> URI Class Initialized
INFO - 2024-10-23 23:24:36 --> Router Class Initialized
INFO - 2024-10-23 23:24:36 --> Output Class Initialized
INFO - 2024-10-23 23:24:36 --> Security Class Initialized
DEBUG - 2024-10-23 23:24:36 --> Global POST, GET and COOKIE data sanitized
INFO - 2024-10-23 23:24:36 --> Input Class Initialized
INFO - 2024-10-23 23:24:36 --> Language Class Initialized
INFO - 2024-10-23 23:24:36 --> Loader Class Initialized
INFO - 2024-10-23 23:24:36 --> Helper loaded: url_helper
INFO - 2024-10-23 23:24:36 --> Database Driver Class Initialized
INFO - 2024-10-23 23:24:36 --> Controller Class Initialized
INFO - 2024-10-23 23:24:36 --> Model "Mconfigkey" initialized
INFO - 2024-10-23 23:24:36 --> Model "Msync_delivery_instruction" initialized
INFO - 2024-10-23 23:24:36 --> Final output sent to browser
DEBUG - 2024-10-23 23:24:36 --> Total execution time: 0.0250
INFO - 2024-10-23 23:24:38 --> Config Class Initialized
INFO - 2024-10-23 23:24:38 --> Hooks Class Initialized
DEBUG - 2024-10-23 23:24:38 --> UTF-8 Support Enabled
INFO - 2024-10-23 23:24:38 --> Utf8 Class Initialized
INFO - 2024-10-23 23:24:38 --> URI Class Initialized
INFO - 2024-10-23 23:24:38 --> Router Class Initialized
INFO - 2024-10-23 23:24:38 --> Output Class Initialized
INFO - 2024-10-23 23:24:38 --> Security Class Initialized
DEBUG - 2024-10-23 23:24:38 --> Global POST, GET and COOKIE data sanitized
INFO - 2024-10-23 23:24:38 --> Input Class Initialized
INFO - 2024-10-23 23:24:38 --> Language Class Initialized
INFO - 2024-10-23 23:24:38 --> Loader Class Initialized
INFO - 2024-10-23 23:24:38 --> Helper loaded: url_helper
INFO - 2024-10-23 23:24:38 --> Database Driver Class Initialized
INFO - 2024-10-23 23:24:38 --> Controller Class Initialized
INFO - 2024-10-23 23:24:38 --> Model "Mconfigkey" initialized
INFO - 2024-10-23 23:24:38 --> Model "Msync_delivery_instruction" initialized
INFO - 2024-10-23 23:24:38 --> Final output sent to browser
DEBUG - 2024-10-23 23:24:38 --> Total execution time: 0.0207
INFO - 2024-10-23 23:24:40 --> Config Class Initialized
INFO - 2024-10-23 23:24:40 --> Hooks Class Initialized
DEBUG - 2024-10-23 23:24:40 --> UTF-8 Support Enabled
INFO - 2024-10-23 23:24:40 --> Utf8 Class Initialized
INFO - 2024-10-23 23:24:40 --> URI Class Initialized
INFO - 2024-10-23 23:24:40 --> Router Class Initialized
INFO - 2024-10-23 23:24:40 --> Output Class Initialized
INFO - 2024-10-23 23:24:40 --> Security Class Initialized
DEBUG - 2024-10-23 23:24:40 --> Global POST, GET and COOKIE data sanitized
INFO - 2024-10-23 23:24:40 --> Input Class Initialized
INFO - 2024-10-23 23:24:40 --> Language Class Initialized
INFO - 2024-10-23 23:24:40 --> Loader Class Initialized
INFO - 2024-10-23 23:24:40 --> Helper loaded: url_helper
INFO - 2024-10-23 23:24:40 --> Database Driver Class Initialized
INFO - 2024-10-23 23:24:40 --> Controller Class Initialized
INFO - 2024-10-23 23:24:40 --> Model "Mconfigkey" initialized
INFO - 2024-10-23 23:24:40 --> Model "Msync_delivery_instruction" initialized
INFO - 2024-10-23 23:24:40 --> Final output sent to browser
DEBUG - 2024-10-23 23:24:40 --> Total execution time: 0.0641
INFO - 2024-10-23 23:25:49 --> Config Class Initialized
INFO - 2024-10-23 23:25:49 --> Hooks Class Initialized
DEBUG - 2024-10-23 23:25:49 --> UTF-8 Support Enabled
INFO - 2024-10-23 23:25:49 --> Utf8 Class Initialized
INFO - 2024-10-23 23:25:49 --> URI Class Initialized
INFO - 2024-10-23 23:25:49 --> Router Class Initialized
INFO - 2024-10-23 23:25:49 --> Output Class Initialized
INFO - 2024-10-23 23:25:49 --> Security Class Initialized
DEBUG - 2024-10-23 23:25:49 --> Global POST, GET and COOKIE data sanitized
INFO - 2024-10-23 23:25:49 --> Input Class Initialized
INFO - 2024-10-23 23:25:49 --> Language Class Initialized
INFO - 2024-10-23 23:25:49 --> Loader Class Initialized
INFO - 2024-10-23 23:25:49 --> Helper loaded: url_helper
INFO - 2024-10-23 23:25:49 --> Database Driver Class Initialized
INFO - 2024-10-23 23:25:49 --> Controller Class Initialized
INFO - 2024-10-23 23:25:49 --> Model "Mconfigkey" initialized
INFO - 2024-10-23 23:25:49 --> Final output sent to browser
DEBUG - 2024-10-23 23:25:49 --> Total execution time: 0.0202
INFO - 2024-10-23 23:25:52 --> Config Class Initialized
INFO - 2024-10-23 23:25:52 --> Hooks Class Initialized
DEBUG - 2024-10-23 23:25:52 --> UTF-8 Support Enabled
INFO - 2024-10-23 23:25:52 --> Utf8 Class Initialized
INFO - 2024-10-23 23:25:52 --> URI Class Initialized
INFO - 2024-10-23 23:25:52 --> Router Class Initialized
INFO - 2024-10-23 23:25:52 --> Output Class Initialized
INFO - 2024-10-23 23:25:52 --> Security Class Initialized
DEBUG - 2024-10-23 23:25:52 --> Global POST, GET and COOKIE data sanitized
INFO - 2024-10-23 23:25:52 --> Input Class Initialized
INFO - 2024-10-23 23:25:52 --> Language Class Initialized
INFO - 2024-10-23 23:25:52 --> Loader Class Initialized
INFO - 2024-10-23 23:25:52 --> Helper loaded: url_helper
INFO - 2024-10-23 23:25:52 --> Database Driver Class Initialized
INFO - 2024-10-23 23:25:52 --> Controller Class Initialized
INFO - 2024-10-23 23:25:52 --> Model "Mconfigkey" initialized
INFO - 2024-10-23 23:25:52 --> Model "Msync_delivery_instruction" initialized
INFO - 2024-10-23 23:25:52 --> Final output sent to browser
DEBUG - 2024-10-23 23:25:52 --> Total execution time: 0.0202
INFO - 2024-10-23 23:25:57 --> Config Class Initialized
INFO - 2024-10-23 23:25:57 --> Hooks Class Initialized
DEBUG - 2024-10-23 23:25:57 --> UTF-8 Support Enabled
INFO - 2024-10-23 23:25:57 --> Utf8 Class Initialized
INFO - 2024-10-23 23:25:57 --> URI Class Initialized
INFO - 2024-10-23 23:25:57 --> Router Class Initialized
INFO - 2024-10-23 23:25:57 --> Output Class Initialized
INFO - 2024-10-23 23:25:57 --> Security Class Initialized
DEBUG - 2024-10-23 23:25:57 --> Global POST, GET and COOKIE data sanitized
INFO - 2024-10-23 23:25:57 --> Input Class Initialized
INFO - 2024-10-23 23:25:57 --> Language Class Initialized
INFO - 2024-10-23 23:25:57 --> Loader Class Initialized
INFO - 2024-10-23 23:25:57 --> Helper loaded: url_helper
INFO - 2024-10-23 23:25:57 --> Database Driver Class Initialized
INFO - 2024-10-23 23:25:57 --> Controller Class Initialized
INFO - 2024-10-23 23:25:57 --> Model "Mconfigkey" initialized
INFO - 2024-10-23 23:25:57 --> Model "Msync_delivery_instruction" initialized
INFO - 2024-10-23 23:25:57 --> Final output sent to browser
DEBUG - 2024-10-23 23:25:57 --> Total execution time: 0.0213
INFO - 2024-10-23 23:25:59 --> Config Class Initialized
INFO - 2024-10-23 23:25:59 --> Hooks Class Initialized
DEBUG - 2024-10-23 23:25:59 --> UTF-8 Support Enabled
INFO - 2024-10-23 23:25:59 --> Utf8 Class Initialized
INFO - 2024-10-23 23:25:59 --> URI Class Initialized
INFO - 2024-10-23 23:25:59 --> Router Class Initialized
INFO - 2024-10-23 23:25:59 --> Output Class Initialized
INFO - 2024-10-23 23:25:59 --> Security Class Initialized
DEBUG - 2024-10-23 23:25:59 --> Global POST, GET and COOKIE data sanitized
INFO - 2024-10-23 23:25:59 --> Input Class Initialized
INFO - 2024-10-23 23:25:59 --> Language Class Initialized
INFO - 2024-10-23 23:25:59 --> Loader Class Initialized
INFO - 2024-10-23 23:25:59 --> Helper loaded: url_helper
INFO - 2024-10-23 23:25:59 --> Database Driver Class Initialized
INFO - 2024-10-23 23:25:59 --> Controller Class Initialized
INFO - 2024-10-23 23:25:59 --> Model "Mconfigkey" initialized
INFO - 2024-10-23 23:25:59 --> Model "Msync_delivery_instruction" initialized
INFO - 2024-10-23 23:25:59 --> Final output sent to browser
DEBUG - 2024-10-23 23:25:59 --> Total execution time: 0.0205
INFO - 2024-10-23 23:26:00 --> Config Class Initialized
INFO - 2024-10-23 23:26:00 --> Hooks Class Initialized
DEBUG - 2024-10-23 23:26:00 --> UTF-8 Support Enabled
INFO - 2024-10-23 23:26:00 --> Utf8 Class Initialized
INFO - 2024-10-23 23:26:00 --> URI Class Initialized
INFO - 2024-10-23 23:26:00 --> Router Class Initialized
INFO - 2024-10-23 23:26:00 --> Output Class Initialized
INFO - 2024-10-23 23:26:00 --> Security Class Initialized
DEBUG - 2024-10-23 23:26:00 --> Global POST, GET and COOKIE data sanitized
INFO - 2024-10-23 23:26:00 --> Input Class Initialized
INFO - 2024-10-23 23:26:00 --> Language Class Initialized
INFO - 2024-10-23 23:26:00 --> Loader Class Initialized
INFO - 2024-10-23 23:26:00 --> Helper loaded: url_helper
INFO - 2024-10-23 23:26:00 --> Database Driver Class Initialized
INFO - 2024-10-23 23:26:00 --> Controller Class Initialized
INFO - 2024-10-23 23:26:00 --> Model "Mconfigkey" initialized
INFO - 2024-10-23 23:26:00 --> Model "Msync_delivery_instruction" initialized
INFO - 2024-10-23 23:26:00 --> Final output sent to browser
DEBUG - 2024-10-23 23:26:00 --> Total execution time: 0.0670
INFO - 2024-10-23 23:27:15 --> Config Class Initialized
INFO - 2024-10-23 23:27:15 --> Hooks Class Initialized
DEBUG - 2024-10-23 23:27:15 --> UTF-8 Support Enabled
INFO - 2024-10-23 23:27:15 --> Utf8 Class Initialized
INFO - 2024-10-23 23:27:15 --> URI Class Initialized
INFO - 2024-10-23 23:27:15 --> Router Class Initialized
INFO - 2024-10-23 23:27:15 --> Output Class Initialized
INFO - 2024-10-23 23:27:15 --> Security Class Initialized
DEBUG - 2024-10-23 23:27:15 --> Global POST, GET and COOKIE data sanitized
INFO - 2024-10-23 23:27:15 --> Input Class Initialized
INFO - 2024-10-23 23:27:15 --> Language Class Initialized
INFO - 2024-10-23 23:27:15 --> Loader Class Initialized
INFO - 2024-10-23 23:27:15 --> Helper loaded: url_helper
INFO - 2024-10-23 23:27:15 --> Database Driver Class Initialized
INFO - 2024-10-23 23:27:15 --> Controller Class Initialized
INFO - 2024-10-23 23:27:15 --> Model "Mconfigkey" initialized
INFO - 2024-10-23 23:27:15 --> Final output sent to browser
DEBUG - 2024-10-23 23:27:15 --> Total execution time: 0.0207
INFO - 2024-10-23 23:27:18 --> Config Class Initialized
INFO - 2024-10-23 23:27:18 --> Hooks Class Initialized
DEBUG - 2024-10-23 23:27:18 --> UTF-8 Support Enabled
INFO - 2024-10-23 23:27:18 --> Utf8 Class Initialized
INFO - 2024-10-23 23:27:18 --> URI Class Initialized
INFO - 2024-10-23 23:27:18 --> Router Class Initialized
INFO - 2024-10-23 23:27:18 --> Output Class Initialized
INFO - 2024-10-23 23:27:18 --> Security Class Initialized
DEBUG - 2024-10-23 23:27:18 --> Global POST, GET and COOKIE data sanitized
INFO - 2024-10-23 23:27:18 --> Input Class Initialized
INFO - 2024-10-23 23:27:18 --> Language Class Initialized
INFO - 2024-10-23 23:27:18 --> Loader Class Initialized
INFO - 2024-10-23 23:27:18 --> Helper loaded: url_helper
INFO - 2024-10-23 23:27:18 --> Database Driver Class Initialized
INFO - 2024-10-23 23:27:18 --> Controller Class Initialized
INFO - 2024-10-23 23:27:18 --> Model "Mconfigkey" initialized
INFO - 2024-10-23 23:27:18 --> Model "Msync_delivery_instruction" initialized
INFO - 2024-10-23 23:27:18 --> Final output sent to browser
DEBUG - 2024-10-23 23:27:18 --> Total execution time: 0.0204
INFO - 2024-10-23 23:27:22 --> Config Class Initialized
INFO - 2024-10-23 23:27:22 --> Hooks Class Initialized
DEBUG - 2024-10-23 23:27:22 --> UTF-8 Support Enabled
INFO - 2024-10-23 23:27:22 --> Utf8 Class Initialized
INFO - 2024-10-23 23:27:22 --> URI Class Initialized
INFO - 2024-10-23 23:27:22 --> Router Class Initialized
INFO - 2024-10-23 23:27:22 --> Output Class Initialized
INFO - 2024-10-23 23:27:22 --> Security Class Initialized
DEBUG - 2024-10-23 23:27:22 --> Global POST, GET and COOKIE data sanitized
INFO - 2024-10-23 23:27:22 --> Input Class Initialized
INFO - 2024-10-23 23:27:22 --> Language Class Initialized
INFO - 2024-10-23 23:27:22 --> Loader Class Initialized
INFO - 2024-10-23 23:27:22 --> Helper loaded: url_helper
INFO - 2024-10-23 23:27:22 --> Database Driver Class Initialized
INFO - 2024-10-23 23:27:22 --> Controller Class Initialized
INFO - 2024-10-23 23:27:22 --> Model "Mconfigkey" initialized
INFO - 2024-10-23 23:27:22 --> Model "Msync_delivery_instruction" initialized
INFO - 2024-10-23 23:27:22 --> Final output sent to browser
DEBUG - 2024-10-23 23:27:22 --> Total execution time: 0.0248
INFO - 2024-10-23 23:27:25 --> Config Class Initialized
INFO - 2024-10-23 23:27:25 --> Hooks Class Initialized
DEBUG - 2024-10-23 23:27:25 --> UTF-8 Support Enabled
INFO - 2024-10-23 23:27:25 --> Utf8 Class Initialized
INFO - 2024-10-23 23:27:25 --> URI Class Initialized
INFO - 2024-10-23 23:27:25 --> Router Class Initialized
INFO - 2024-10-23 23:27:25 --> Output Class Initialized
INFO - 2024-10-23 23:27:25 --> Security Class Initialized
DEBUG - 2024-10-23 23:27:25 --> Global POST, GET and COOKIE data sanitized
INFO - 2024-10-23 23:27:25 --> Input Class Initialized
INFO - 2024-10-23 23:27:25 --> Language Class Initialized
INFO - 2024-10-23 23:27:25 --> Loader Class Initialized
INFO - 2024-10-23 23:27:25 --> Helper loaded: url_helper
INFO - 2024-10-23 23:27:25 --> Database Driver Class Initialized
INFO - 2024-10-23 23:27:25 --> Controller Class Initialized
INFO - 2024-10-23 23:27:25 --> Model "Mconfigkey" initialized
INFO - 2024-10-23 23:27:25 --> Model "Msync_delivery_instruction" initialized
INFO - 2024-10-23 23:27:25 --> Final output sent to browser
DEBUG - 2024-10-23 23:27:25 --> Total execution time: 0.0199
INFO - 2024-10-23 23:27:26 --> Config Class Initialized
INFO - 2024-10-23 23:27:26 --> Hooks Class Initialized
DEBUG - 2024-10-23 23:27:26 --> UTF-8 Support Enabled
INFO - 2024-10-23 23:27:26 --> Utf8 Class Initialized
INFO - 2024-10-23 23:27:26 --> URI Class Initialized
INFO - 2024-10-23 23:27:26 --> Router Class Initialized
INFO - 2024-10-23 23:27:26 --> Output Class Initialized
INFO - 2024-10-23 23:27:26 --> Security Class Initialized
DEBUG - 2024-10-23 23:27:26 --> Global POST, GET and COOKIE data sanitized
INFO - 2024-10-23 23:27:26 --> Input Class Initialized
INFO - 2024-10-23 23:27:26 --> Language Class Initialized
INFO - 2024-10-23 23:27:26 --> Loader Class Initialized
INFO - 2024-10-23 23:27:26 --> Helper loaded: url_helper
INFO - 2024-10-23 23:27:26 --> Database Driver Class Initialized
INFO - 2024-10-23 23:27:26 --> Controller Class Initialized
INFO - 2024-10-23 23:27:26 --> Model "Mconfigkey" initialized
INFO - 2024-10-23 23:27:26 --> Model "Msync_delivery_instruction" initialized
INFO - 2024-10-23 23:27:26 --> Final output sent to browser
DEBUG - 2024-10-23 23:27:26 --> Total execution time: 0.0668
INFO - 2024-10-23 23:27:57 --> Config Class Initialized
INFO - 2024-10-23 23:27:57 --> Hooks Class Initialized
DEBUG - 2024-10-23 23:27:57 --> UTF-8 Support Enabled
INFO - 2024-10-23 23:27:57 --> Utf8 Class Initialized
INFO - 2024-10-23 23:27:57 --> URI Class Initialized
INFO - 2024-10-23 23:27:57 --> Router Class Initialized
INFO - 2024-10-23 23:27:57 --> Output Class Initialized
INFO - 2024-10-23 23:27:57 --> Security Class Initialized
DEBUG - 2024-10-23 23:27:57 --> Global POST, GET and COOKIE data sanitized
INFO - 2024-10-23 23:27:57 --> Input Class Initialized
INFO - 2024-10-23 23:27:57 --> Language Class Initialized
INFO - 2024-10-23 23:27:57 --> Loader Class Initialized
INFO - 2024-10-23 23:27:57 --> Helper loaded: url_helper
INFO - 2024-10-23 23:27:57 --> Database Driver Class Initialized
INFO - 2024-10-23 23:27:57 --> Controller Class Initialized
INFO - 2024-10-23 23:27:57 --> Model "Mconfigkey" initialized
INFO - 2024-10-23 23:27:57 --> Final output sent to browser
DEBUG - 2024-10-23 23:27:57 --> Total execution time: 0.0204
INFO - 2024-10-23 23:28:00 --> Config Class Initialized
INFO - 2024-10-23 23:28:00 --> Hooks Class Initialized
DEBUG - 2024-10-23 23:28:00 --> UTF-8 Support Enabled
INFO - 2024-10-23 23:28:00 --> Utf8 Class Initialized
INFO - 2024-10-23 23:28:00 --> URI Class Initialized
INFO - 2024-10-23 23:28:00 --> Router Class Initialized
INFO - 2024-10-23 23:28:00 --> Output Class Initialized
INFO - 2024-10-23 23:28:00 --> Security Class Initialized
DEBUG - 2024-10-23 23:28:00 --> Global POST, GET and COOKIE data sanitized
INFO - 2024-10-23 23:28:00 --> Input Class Initialized
INFO - 2024-10-23 23:28:00 --> Language Class Initialized
INFO - 2024-10-23 23:28:00 --> Loader Class Initialized
INFO - 2024-10-23 23:28:00 --> Helper loaded: url_helper
INFO - 2024-10-23 23:28:00 --> Database Driver Class Initialized
INFO - 2024-10-23 23:28:00 --> Controller Class Initialized
INFO - 2024-10-23 23:28:00 --> Model "Mconfigkey" initialized
INFO - 2024-10-23 23:28:00 --> Model "Msync_delivery_instruction" initialized
INFO - 2024-10-23 23:28:00 --> Final output sent to browser
DEBUG - 2024-10-23 23:28:00 --> Total execution time: 0.0207
INFO - 2024-10-23 23:28:04 --> Config Class Initialized
INFO - 2024-10-23 23:28:04 --> Hooks Class Initialized
DEBUG - 2024-10-23 23:28:04 --> UTF-8 Support Enabled
INFO - 2024-10-23 23:28:04 --> Utf8 Class Initialized
INFO - 2024-10-23 23:28:04 --> URI Class Initialized
INFO - 2024-10-23 23:28:04 --> Router Class Initialized
INFO - 2024-10-23 23:28:04 --> Output Class Initialized
INFO - 2024-10-23 23:28:04 --> Security Class Initialized
DEBUG - 2024-10-23 23:28:04 --> Global POST, GET and COOKIE data sanitized
INFO - 2024-10-23 23:28:04 --> Input Class Initialized
INFO - 2024-10-23 23:28:04 --> Language Class Initialized
INFO - 2024-10-23 23:28:04 --> Loader Class Initialized
INFO - 2024-10-23 23:28:04 --> Helper loaded: url_helper
INFO - 2024-10-23 23:28:04 --> Database Driver Class Initialized
INFO - 2024-10-23 23:28:04 --> Controller Class Initialized
INFO - 2024-10-23 23:28:04 --> Model "Mconfigkey" initialized
INFO - 2024-10-23 23:28:04 --> Model "Msync_delivery_instruction" initialized
INFO - 2024-10-23 23:28:04 --> Final output sent to browser
DEBUG - 2024-10-23 23:28:04 --> Total execution time: 0.0276
INFO - 2024-10-23 23:28:07 --> Config Class Initialized
INFO - 2024-10-23 23:28:07 --> Hooks Class Initialized
DEBUG - 2024-10-23 23:28:07 --> UTF-8 Support Enabled
INFO - 2024-10-23 23:28:07 --> Utf8 Class Initialized
INFO - 2024-10-23 23:28:07 --> URI Class Initialized
INFO - 2024-10-23 23:28:07 --> Router Class Initialized
INFO - 2024-10-23 23:28:07 --> Output Class Initialized
INFO - 2024-10-23 23:28:07 --> Security Class Initialized
DEBUG - 2024-10-23 23:28:07 --> Global POST, GET and COOKIE data sanitized
INFO - 2024-10-23 23:28:07 --> Input Class Initialized
INFO - 2024-10-23 23:28:07 --> Language Class Initialized
INFO - 2024-10-23 23:28:07 --> Loader Class Initialized
INFO - 2024-10-23 23:28:07 --> Helper loaded: url_helper
INFO - 2024-10-23 23:28:07 --> Database Driver Class Initialized
INFO - 2024-10-23 23:28:08 --> Controller Class Initialized
INFO - 2024-10-23 23:28:08 --> Model "Mconfigkey" initialized
INFO - 2024-10-23 23:28:08 --> Model "Msync_delivery_instruction" initialized
INFO - 2024-10-23 23:28:08 --> Final output sent to browser
DEBUG - 2024-10-23 23:28:08 --> Total execution time: 0.0217
INFO - 2024-10-23 23:28:09 --> Config Class Initialized
INFO - 2024-10-23 23:28:09 --> Hooks Class Initialized
DEBUG - 2024-10-23 23:28:09 --> UTF-8 Support Enabled
INFO - 2024-10-23 23:28:09 --> Utf8 Class Initialized
INFO - 2024-10-23 23:28:09 --> URI Class Initialized
INFO - 2024-10-23 23:28:09 --> Router Class Initialized
INFO - 2024-10-23 23:28:09 --> Output Class Initialized
INFO - 2024-10-23 23:28:09 --> Security Class Initialized
DEBUG - 2024-10-23 23:28:09 --> Global POST, GET and COOKIE data sanitized
INFO - 2024-10-23 23:28:09 --> Input Class Initialized
INFO - 2024-10-23 23:28:09 --> Language Class Initialized
INFO - 2024-10-23 23:28:09 --> Loader Class Initialized
INFO - 2024-10-23 23:28:09 --> Helper loaded: url_helper
INFO - 2024-10-23 23:28:09 --> Database Driver Class Initialized
INFO - 2024-10-23 23:28:09 --> Controller Class Initialized
INFO - 2024-10-23 23:28:09 --> Model "Mconfigkey" initialized
INFO - 2024-10-23 23:28:09 --> Model "Msync_delivery_instruction" initialized
INFO - 2024-10-23 23:28:09 --> Final output sent to browser
DEBUG - 2024-10-23 23:28:09 --> Total execution time: 0.0203
INFO - 2024-10-23 23:28:11 --> Config Class Initialized
INFO - 2024-10-23 23:28:11 --> Hooks Class Initialized
DEBUG - 2024-10-23 23:28:11 --> UTF-8 Support Enabled
INFO - 2024-10-23 23:28:11 --> Utf8 Class Initialized
INFO - 2024-10-23 23:28:11 --> URI Class Initialized
INFO - 2024-10-23 23:28:11 --> Router Class Initialized
INFO - 2024-10-23 23:28:11 --> Output Class Initialized
INFO - 2024-10-23 23:28:11 --> Security Class Initialized
DEBUG - 2024-10-23 23:28:11 --> Global POST, GET and COOKIE data sanitized
INFO - 2024-10-23 23:28:11 --> Input Class Initialized
INFO - 2024-10-23 23:28:11 --> Language Class Initialized
INFO - 2024-10-23 23:28:11 --> Loader Class Initialized
INFO - 2024-10-23 23:28:11 --> Helper loaded: url_helper
INFO - 2024-10-23 23:28:11 --> Database Driver Class Initialized
INFO - 2024-10-23 23:28:11 --> Controller Class Initialized
INFO - 2024-10-23 23:28:11 --> Model "Mconfigkey" initialized
INFO - 2024-10-23 23:28:11 --> Model "Msync_delivery_instruction" initialized
INFO - 2024-10-23 23:28:11 --> Final output sent to browser
DEBUG - 2024-10-23 23:28:11 --> Total execution time: 0.0897
INFO - 2024-10-23 23:28:39 --> Config Class Initialized
INFO - 2024-10-23 23:28:39 --> Hooks Class Initialized
DEBUG - 2024-10-23 23:28:39 --> UTF-8 Support Enabled
INFO - 2024-10-23 23:28:39 --> Utf8 Class Initialized
INFO - 2024-10-23 23:28:39 --> URI Class Initialized
INFO - 2024-10-23 23:28:39 --> Router Class Initialized
INFO - 2024-10-23 23:28:39 --> Output Class Initialized
INFO - 2024-10-23 23:28:39 --> Security Class Initialized
DEBUG - 2024-10-23 23:28:39 --> Global POST, GET and COOKIE data sanitized
INFO - 2024-10-23 23:28:39 --> Input Class Initialized
INFO - 2024-10-23 23:28:39 --> Language Class Initialized
INFO - 2024-10-23 23:28:39 --> Loader Class Initialized
INFO - 2024-10-23 23:28:39 --> Helper loaded: url_helper
INFO - 2024-10-23 23:28:39 --> Database Driver Class Initialized
INFO - 2024-10-23 23:28:39 --> Controller Class Initialized
INFO - 2024-10-23 23:28:39 --> Model "Mconfigkey" initialized
INFO - 2024-10-23 23:28:39 --> Model "Msync_delivery_instruction" initialized
INFO - 2024-10-23 23:28:39 --> Final output sent to browser
DEBUG - 2024-10-23 23:28:39 --> Total execution time: 0.0854
INFO - 2024-10-23 23:34:08 --> Config Class Initialized
INFO - 2024-10-23 23:34:08 --> Hooks Class Initialized
DEBUG - 2024-10-23 23:34:08 --> UTF-8 Support Enabled
INFO - 2024-10-23 23:34:08 --> Utf8 Class Initialized
INFO - 2024-10-23 23:34:08 --> URI Class Initialized
INFO - 2024-10-23 23:34:08 --> Router Class Initialized
INFO - 2024-10-23 23:34:08 --> Output Class Initialized
INFO - 2024-10-23 23:34:08 --> Security Class Initialized
DEBUG - 2024-10-23 23:34:08 --> Global POST, GET and COOKIE data sanitized
INFO - 2024-10-23 23:34:08 --> Input Class Initialized
INFO - 2024-10-23 23:34:08 --> Language Class Initialized
INFO - 2024-10-23 23:34:08 --> Loader Class Initialized
INFO - 2024-10-23 23:34:08 --> Helper loaded: url_helper
INFO - 2024-10-23 23:34:08 --> Database Driver Class Initialized
INFO - 2024-10-23 23:34:08 --> Controller Class Initialized
INFO - 2024-10-23 23:34:08 --> Model "Mconfigkey" initialized
INFO - 2024-10-23 23:34:08 --> Model "Msync_delivery_instruction" initialized
INFO - 2024-10-23 23:34:08 --> Final output sent to browser
DEBUG - 2024-10-23 23:34:08 --> Total execution time: 0.0238
INFO - 2024-10-23 23:34:09 --> Config Class Initialized
INFO - 2024-10-23 23:34:09 --> Hooks Class Initialized
DEBUG - 2024-10-23 23:34:09 --> UTF-8 Support Enabled
INFO - 2024-10-23 23:34:09 --> Utf8 Class Initialized
INFO - 2024-10-23 23:34:09 --> URI Class Initialized
INFO - 2024-10-23 23:34:09 --> Router Class Initialized
INFO - 2024-10-23 23:34:09 --> Output Class Initialized
INFO - 2024-10-23 23:34:09 --> Security Class Initialized
DEBUG - 2024-10-23 23:34:09 --> Global POST, GET and COOKIE data sanitized
INFO - 2024-10-23 23:34:09 --> Input Class Initialized
INFO - 2024-10-23 23:34:09 --> Language Class Initialized
INFO - 2024-10-23 23:34:09 --> Loader Class Initialized
INFO - 2024-10-23 23:34:09 --> Helper loaded: url_helper
INFO - 2024-10-23 23:34:09 --> Database Driver Class Initialized
INFO - 2024-10-23 23:34:09 --> Controller Class Initialized
INFO - 2024-10-23 23:34:09 --> Model "Mconfigkey" initialized
INFO - 2024-10-23 23:34:09 --> Model "Msync_delivery_instruction" initialized
INFO - 2024-10-23 23:34:09 --> Final output sent to browser
DEBUG - 2024-10-23 23:34:09 --> Total execution time: 0.0537
INFO - 2024-10-23 23:34:14 --> Config Class Initialized
INFO - 2024-10-23 23:34:14 --> Hooks Class Initialized
DEBUG - 2024-10-23 23:34:14 --> UTF-8 Support Enabled
INFO - 2024-10-23 23:34:14 --> Utf8 Class Initialized
INFO - 2024-10-23 23:34:14 --> URI Class Initialized
INFO - 2024-10-23 23:34:14 --> Router Class Initialized
INFO - 2024-10-23 23:34:14 --> Output Class Initialized
INFO - 2024-10-23 23:34:14 --> Security Class Initialized
DEBUG - 2024-10-23 23:34:14 --> Global POST, GET and COOKIE data sanitized
INFO - 2024-10-23 23:34:14 --> Input Class Initialized
INFO - 2024-10-23 23:34:14 --> Language Class Initialized
INFO - 2024-10-23 23:34:14 --> Loader Class Initialized
INFO - 2024-10-23 23:34:14 --> Helper loaded: url_helper
INFO - 2024-10-23 23:34:14 --> Database Driver Class Initialized
INFO - 2024-10-23 23:34:14 --> Controller Class Initialized
INFO - 2024-10-23 23:34:14 --> Model "Mconfigkey" initialized
INFO - 2024-10-23 23:34:14 --> Model "Msync_delivery_instruction" initialized
INFO - 2024-10-23 23:34:14 --> Final output sent to browser
DEBUG - 2024-10-23 23:34:14 --> Total execution time: 0.0225
INFO - 2024-10-23 23:34:25 --> Config Class Initialized
INFO - 2024-10-23 23:34:25 --> Hooks Class Initialized
DEBUG - 2024-10-23 23:34:25 --> UTF-8 Support Enabled
INFO - 2024-10-23 23:34:25 --> Utf8 Class Initialized
INFO - 2024-10-23 23:34:25 --> URI Class Initialized
INFO - 2024-10-23 23:34:25 --> Router Class Initialized
INFO - 2024-10-23 23:34:25 --> Output Class Initialized
INFO - 2024-10-23 23:34:25 --> Security Class Initialized
DEBUG - 2024-10-23 23:34:25 --> Global POST, GET and COOKIE data sanitized
INFO - 2024-10-23 23:34:25 --> Input Class Initialized
INFO - 2024-10-23 23:34:25 --> Language Class Initialized
INFO - 2024-10-23 23:34:25 --> Loader Class Initialized
INFO - 2024-10-23 23:34:25 --> Helper loaded: url_helper
INFO - 2024-10-23 23:34:25 --> Database Driver Class Initialized
INFO - 2024-10-23 23:34:25 --> Controller Class Initialized
INFO - 2024-10-23 23:34:25 --> Model "Mconfigkey" initialized
INFO - 2024-10-23 23:34:25 --> Model "Msync_delivery_instruction" initialized
INFO - 2024-10-23 23:34:25 --> Final output sent to browser
DEBUG - 2024-10-23 23:34:25 --> Total execution time: 0.0208
INFO - 2024-10-23 23:34:35 --> Config Class Initialized
INFO - 2024-10-23 23:34:35 --> Hooks Class Initialized
DEBUG - 2024-10-23 23:34:35 --> UTF-8 Support Enabled
INFO - 2024-10-23 23:34:35 --> Utf8 Class Initialized
INFO - 2024-10-23 23:34:35 --> URI Class Initialized
INFO - 2024-10-23 23:34:35 --> Router Class Initialized
INFO - 2024-10-23 23:34:35 --> Output Class Initialized
INFO - 2024-10-23 23:34:35 --> Security Class Initialized
DEBUG - 2024-10-23 23:34:35 --> Global POST, GET and COOKIE data sanitized
INFO - 2024-10-23 23:34:35 --> Input Class Initialized
INFO - 2024-10-23 23:34:35 --> Language Class Initialized
INFO - 2024-10-23 23:34:35 --> Loader Class Initialized
INFO - 2024-10-23 23:34:35 --> Helper loaded: url_helper
INFO - 2024-10-23 23:34:35 --> Database Driver Class Initialized
INFO - 2024-10-23 23:34:35 --> Controller Class Initialized
INFO - 2024-10-23 23:34:35 --> Model "Mconfigkey" initialized
INFO - 2024-10-23 23:34:35 --> Model "Msync_delivery_instruction" initialized
INFO - 2024-10-23 23:34:35 --> Final output sent to browser
DEBUG - 2024-10-23 23:34:35 --> Total execution time: 0.0201
INFO - 2024-10-23 23:34:38 --> Config Class Initialized
INFO - 2024-10-23 23:34:38 --> Hooks Class Initialized
DEBUG - 2024-10-23 23:34:38 --> UTF-8 Support Enabled
INFO - 2024-10-23 23:34:38 --> Utf8 Class Initialized
INFO - 2024-10-23 23:34:38 --> URI Class Initialized
INFO - 2024-10-23 23:34:38 --> Router Class Initialized
INFO - 2024-10-23 23:34:38 --> Output Class Initialized
INFO - 2024-10-23 23:34:38 --> Security Class Initialized
DEBUG - 2024-10-23 23:34:38 --> Global POST, GET and COOKIE data sanitized
INFO - 2024-10-23 23:34:38 --> Input Class Initialized
INFO - 2024-10-23 23:34:38 --> Language Class Initialized
INFO - 2024-10-23 23:34:38 --> Loader Class Initialized
INFO - 2024-10-23 23:34:38 --> Helper loaded: url_helper
INFO - 2024-10-23 23:34:38 --> Database Driver Class Initialized
INFO - 2024-10-23 23:34:38 --> Controller Class Initialized
INFO - 2024-10-23 23:34:38 --> Model "Mconfigkey" initialized
INFO - 2024-10-23 23:34:38 --> Model "Msync_delivery_instruction" initialized
INFO - 2024-10-23 23:34:38 --> Final output sent to browser
DEBUG - 2024-10-23 23:34:38 --> Total execution time: 0.0207
INFO - 2024-10-23 23:35:24 --> Config Class Initialized
INFO - 2024-10-23 23:35:24 --> Hooks Class Initialized
DEBUG - 2024-10-23 23:35:24 --> UTF-8 Support Enabled
INFO - 2024-10-23 23:35:24 --> Utf8 Class Initialized
INFO - 2024-10-23 23:35:24 --> URI Class Initialized
INFO - 2024-10-23 23:35:24 --> Router Class Initialized
INFO - 2024-10-23 23:35:24 --> Output Class Initialized
INFO - 2024-10-23 23:35:24 --> Security Class Initialized
DEBUG - 2024-10-23 23:35:24 --> Global POST, GET and COOKIE data sanitized
INFO - 2024-10-23 23:35:24 --> Input Class Initialized
INFO - 2024-10-23 23:35:24 --> Language Class Initialized
INFO - 2024-10-23 23:35:24 --> Loader Class Initialized
INFO - 2024-10-23 23:35:24 --> Helper loaded: url_helper
INFO - 2024-10-23 23:35:24 --> Database Driver Class Initialized
INFO - 2024-10-23 23:35:24 --> Controller Class Initialized
INFO - 2024-10-23 23:35:24 --> Model "Mconfigkey" initialized
INFO - 2024-10-23 23:35:24 --> Model "Msync_delivery_instruction" initialized
INFO - 2024-10-23 23:35:24 --> Final output sent to browser
DEBUG - 2024-10-23 23:35:24 --> Total execution time: 0.0225
INFO - 2024-10-23 23:47:39 --> Config Class Initialized
INFO - 2024-10-23 23:47:39 --> Hooks Class Initialized
DEBUG - 2024-10-23 23:47:39 --> UTF-8 Support Enabled
INFO - 2024-10-23 23:47:39 --> Utf8 Class Initialized
INFO - 2024-10-23 23:47:39 --> URI Class Initialized
INFO - 2024-10-23 23:47:39 --> Router Class Initialized
INFO - 2024-10-23 23:47:39 --> Output Class Initialized
INFO - 2024-10-23 23:47:39 --> Security Class Initialized
DEBUG - 2024-10-23 23:47:39 --> Global POST, GET and COOKIE data sanitized
INFO - 2024-10-23 23:47:39 --> Input Class Initialized
INFO - 2024-10-23 23:47:39 --> Language Class Initialized
INFO - 2024-10-23 23:47:39 --> Loader Class Initialized
INFO - 2024-10-23 23:47:39 --> Helper loaded: url_helper
INFO - 2024-10-23 23:47:39 --> Database Driver Class Initialized
INFO - 2024-10-23 23:47:39 --> Controller Class Initialized
INFO - 2024-10-23 23:47:39 --> Model "Mconfigkey" initialized
INFO - 2024-10-23 23:47:39 --> Model "Msync_delivery_instruction" initialized
INFO - 2024-10-23 23:47:39 --> Final output sent to browser
DEBUG - 2024-10-23 23:47:39 --> Total execution time: 0.0244
