INFO - 2024-12-23 05:31:36 --> Config Class Initialized
INFO - 2024-12-23 05:31:36 --> Hooks Class Initialized
DEBUG - 2024-12-23 05:31:36 --> UTF-8 Support Enabled
INFO - 2024-12-23 05:31:36 --> Utf8 Class Initialized
INFO - 2024-12-23 05:31:36 --> URI Class Initialized
INFO - 2024-12-23 05:31:36 --> Router Class Initialized
INFO - 2024-12-23 05:31:36 --> Output Class Initialized
INFO - 2024-12-23 05:31:36 --> Security Class Initialized
DEBUG - 2024-12-23 05:31:36 --> Global POST, GET and COOKIE data sanitized
INFO - 2024-12-23 05:31:36 --> Input Class Initialized
INFO - 2024-12-23 05:31:36 --> Language Class Initialized
INFO - 2024-12-23 05:31:36 --> Loader Class Initialized
INFO - 2024-12-23 05:31:36 --> Helper loaded: url_helper
INFO - 2024-12-23 05:31:36 --> Database Driver Class Initialized
INFO - 2024-12-23 05:31:36 --> Controller Class Initialized
INFO - 2024-12-23 05:31:36 --> Model "Mconfigkey" initialized
INFO - 2024-12-23 05:31:36 --> Final output sent to browser
DEBUG - 2024-12-23 05:31:36 --> Total execution time: 0.5345
INFO - 2024-12-23 17:50:39 --> Config Class Initialized
INFO - 2024-12-23 17:50:39 --> Hooks Class Initialized
DEBUG - 2024-12-23 17:50:39 --> UTF-8 Support Enabled
INFO - 2024-12-23 17:50:39 --> Utf8 Class Initialized
INFO - 2024-12-23 17:50:39 --> URI Class Initialized
INFO - 2024-12-23 17:50:39 --> Router Class Initialized
INFO - 2024-12-23 17:50:39 --> Output Class Initialized
INFO - 2024-12-23 17:50:39 --> Security Class Initialized
DEBUG - 2024-12-23 17:50:39 --> Global POST, GET and COOKIE data sanitized
INFO - 2024-12-23 17:50:39 --> Input Class Initialized
INFO - 2024-12-23 17:50:39 --> Language Class Initialized
INFO - 2024-12-23 17:50:39 --> Loader Class Initialized
INFO - 2024-12-23 17:50:39 --> Helper loaded: url_helper
INFO - 2024-12-23 17:50:39 --> Database Driver Class Initialized
INFO - 2024-12-23 17:50:39 --> Controller Class Initialized
INFO - 2024-12-23 17:50:39 --> Model "Mconfigkey" initialized
INFO - 2024-12-23 17:50:39 --> Final output sent to browser
DEBUG - 2024-12-23 17:50:39 --> Total execution time: 0.5541
