INFO - 2024-09-16 08:57:03 --> Config Class Initialized
INFO - 2024-09-16 08:57:03 --> Hooks Class Initialized
DEBUG - 2024-09-16 08:57:03 --> UTF-8 Support Enabled
INFO - 2024-09-16 08:57:03 --> Utf8 Class Initialized
INFO - 2024-09-16 08:57:03 --> URI Class Initialized
INFO - 2024-09-16 08:57:03 --> Router Class Initialized
INFO - 2024-09-16 08:57:03 --> Output Class Initialized
INFO - 2024-09-16 08:57:03 --> Security Class Initialized
DEBUG - 2024-09-16 08:57:03 --> Global POST, GET and COOKIE data sanitized
INFO - 2024-09-16 08:57:03 --> Input Class Initialized
INFO - 2024-09-16 08:57:03 --> Language Class Initialized
INFO - 2024-09-16 08:57:03 --> Loader Class Initialized
INFO - 2024-09-16 08:57:03 --> Helper loaded: url_helper
INFO - 2024-09-16 08:57:03 --> Database Driver Class Initialized
INFO - 2024-09-16 08:57:03 --> Controller Class Initialized
INFO - 2024-09-16 08:57:03 --> Model "Mconfigkey" initialized
INFO - 2024-09-16 08:57:03 --> Final output sent to browser
DEBUG - 2024-09-16 08:57:03 --> Total execution time: 0.4015
INFO - 2024-09-16 08:57:09 --> Config Class Initialized
INFO - 2024-09-16 08:57:09 --> Hooks Class Initialized
DEBUG - 2024-09-16 08:57:09 --> UTF-8 Support Enabled
INFO - 2024-09-16 08:57:09 --> Utf8 Class Initialized
INFO - 2024-09-16 08:57:09 --> URI Class Initialized
INFO - 2024-09-16 08:57:09 --> Router Class Initialized
INFO - 2024-09-16 08:57:09 --> Output Class Initialized
INFO - 2024-09-16 08:57:09 --> Security Class Initialized
DEBUG - 2024-09-16 08:57:09 --> Global POST, GET and COOKIE data sanitized
INFO - 2024-09-16 08:57:09 --> Input Class Initialized
INFO - 2024-09-16 08:57:09 --> Language Class Initialized
INFO - 2024-09-16 08:57:09 --> Loader Class Initialized
INFO - 2024-09-16 08:57:09 --> Helper loaded: url_helper
INFO - 2024-09-16 08:57:09 --> Database Driver Class Initialized
INFO - 2024-09-16 08:57:09 --> Controller Class Initialized
INFO - 2024-09-16 08:57:09 --> Model "Mauth" initialized
INFO - 2024-09-16 08:57:09 --> Model "Mconfigkey" initialized
INFO - 2024-09-16 08:57:09 --> Final output sent to browser
DEBUG - 2024-09-16 08:57:09 --> Total execution time: 0.0339
INFO - 2024-09-16 08:57:17 --> Config Class Initialized
INFO - 2024-09-16 08:57:17 --> Hooks Class Initialized
DEBUG - 2024-09-16 08:57:17 --> UTF-8 Support Enabled
INFO - 2024-09-16 08:57:17 --> Utf8 Class Initialized
INFO - 2024-09-16 08:57:17 --> URI Class Initialized
INFO - 2024-09-16 08:57:17 --> Router Class Initialized
INFO - 2024-09-16 08:57:17 --> Output Class Initialized
INFO - 2024-09-16 08:57:17 --> Security Class Initialized
DEBUG - 2024-09-16 08:57:17 --> Global POST, GET and COOKIE data sanitized
INFO - 2024-09-16 08:57:17 --> Input Class Initialized
INFO - 2024-09-16 08:57:17 --> Language Class Initialized
INFO - 2024-09-16 08:57:17 --> Loader Class Initialized
INFO - 2024-09-16 08:57:17 --> Helper loaded: url_helper
INFO - 2024-09-16 08:57:17 --> Database Driver Class Initialized
INFO - 2024-09-16 08:57:18 --> Controller Class Initialized
INFO - 2024-09-16 08:57:18 --> Model "Mconfigkey" initialized
INFO - 2024-09-16 08:57:18 --> Model "Msync_doc_aw" initialized
INFO - 2024-09-16 08:57:18 --> Final output sent to browser
DEBUG - 2024-09-16 08:57:18 --> Total execution time: 0.0538
