INFO - 2025-05-25 21:44:07 --> Config Class Initialized
INFO - 2025-05-25 21:44:07 --> Hooks Class Initialized
DEBUG - 2025-05-25 21:44:07 --> UTF-8 Support Enabled
INFO - 2025-05-25 21:44:07 --> Utf8 Class Initialized
INFO - 2025-05-25 21:44:07 --> URI Class Initialized
INFO - 2025-05-25 21:44:08 --> Router Class Initialized
INFO - 2025-05-25 21:44:08 --> Output Class Initialized
INFO - 2025-05-25 21:44:08 --> Security Class Initialized
DEBUG - 2025-05-25 21:44:08 --> Global POST, GET and COOKIE data sanitized
INFO - 2025-05-25 21:44:08 --> Input Class Initialized
INFO - 2025-05-25 21:44:08 --> Language Class Initialized
INFO - 2025-05-25 21:44:08 --> Loader Class Initialized
INFO - 2025-05-25 21:44:08 --> Helper loaded: url_helper
INFO - 2025-05-25 21:44:08 --> Database Driver Class Initialized
INFO - 2025-05-25 21:44:08 --> Controller Class Initialized
INFO - 2025-05-25 21:44:08 --> Model "Mconfigkey" initialized
INFO - 2025-05-25 21:44:08 --> Final output sent to browser
DEBUG - 2025-05-25 21:44:08 --> Total execution time: 0.6808
INFO - 2025-05-25 21:44:09 --> Config Class Initialized
INFO - 2025-05-25 21:44:09 --> Hooks Class Initialized
DEBUG - 2025-05-25 21:44:09 --> UTF-8 Support Enabled
INFO - 2025-05-25 21:44:09 --> Utf8 Class Initialized
INFO - 2025-05-25 21:44:09 --> URI Class Initialized
INFO - 2025-05-25 21:44:09 --> Router Class Initialized
INFO - 2025-05-25 21:44:09 --> Output Class Initialized
INFO - 2025-05-25 21:44:09 --> Security Class Initialized
DEBUG - 2025-05-25 21:44:09 --> Global POST, GET and COOKIE data sanitized
INFO - 2025-05-25 21:44:09 --> Input Class Initialized
INFO - 2025-05-25 21:44:09 --> Language Class Initialized
INFO - 2025-05-25 21:44:09 --> Loader Class Initialized
INFO - 2025-05-25 21:44:09 --> Helper loaded: url_helper
INFO - 2025-05-25 21:44:09 --> Database Driver Class Initialized
INFO - 2025-05-25 21:44:09 --> Controller Class Initialized
INFO - 2025-05-25 21:44:09 --> Model "Mauth" initialized
INFO - 2025-05-25 21:44:09 --> Model "Mconfigkey" initialized
INFO - 2025-05-25 21:44:09 --> Final output sent to browser
DEBUG - 2025-05-25 21:44:09 --> Total execution time: 0.0471
INFO - 2025-05-25 21:44:32 --> Config Class Initialized
INFO - 2025-05-25 21:44:32 --> Hooks Class Initialized
DEBUG - 2025-05-25 21:44:32 --> UTF-8 Support Enabled
INFO - 2025-05-25 21:44:32 --> Utf8 Class Initialized
INFO - 2025-05-25 21:44:32 --> URI Class Initialized
INFO - 2025-05-25 21:44:32 --> Router Class Initialized
INFO - 2025-05-25 21:44:32 --> Output Class Initialized
INFO - 2025-05-25 21:44:32 --> Security Class Initialized
DEBUG - 2025-05-25 21:44:32 --> Global POST, GET and COOKIE data sanitized
INFO - 2025-05-25 21:44:32 --> Input Class Initialized
INFO - 2025-05-25 21:44:32 --> Language Class Initialized
INFO - 2025-05-25 21:44:32 --> Loader Class Initialized
INFO - 2025-05-25 21:44:32 --> Helper loaded: url_helper
INFO - 2025-05-25 21:44:32 --> Database Driver Class Initialized
INFO - 2025-05-25 21:44:32 --> Controller Class Initialized
INFO - 2025-05-25 21:44:32 --> Model "Mconfigkey" initialized
INFO - 2025-05-25 21:44:32 --> Model "Mext_rpt_mutasi" initialized
INFO - 2025-05-25 21:44:33 --> Final output sent to browser
DEBUG - 2025-05-25 21:44:33 --> Total execution time: 1.0666
INFO - 2025-05-25 21:46:27 --> Config Class Initialized
INFO - 2025-05-25 21:46:27 --> Hooks Class Initialized
DEBUG - 2025-05-25 21:46:27 --> UTF-8 Support Enabled
INFO - 2025-05-25 21:46:27 --> Utf8 Class Initialized
INFO - 2025-05-25 21:46:27 --> URI Class Initialized
INFO - 2025-05-25 21:46:27 --> Router Class Initialized
INFO - 2025-05-25 21:46:27 --> Output Class Initialized
INFO - 2025-05-25 21:46:27 --> Security Class Initialized
DEBUG - 2025-05-25 21:46:27 --> Global POST, GET and COOKIE data sanitized
INFO - 2025-05-25 21:46:27 --> Input Class Initialized
INFO - 2025-05-25 21:46:27 --> Language Class Initialized
INFO - 2025-05-25 21:46:27 --> Loader Class Initialized
INFO - 2025-05-25 21:46:27 --> Helper loaded: url_helper
INFO - 2025-05-25 21:46:27 --> Database Driver Class Initialized
INFO - 2025-05-25 21:46:27 --> Controller Class Initialized
INFO - 2025-05-25 21:46:27 --> Model "Mconfigkey" initialized
INFO - 2025-05-25 21:46:27 --> Model "Mext_rpt_stock_card" initialized
INFO - 2025-05-25 21:46:27 --> Final output sent to browser
DEBUG - 2025-05-25 21:46:27 --> Total execution time: 0.4939
INFO - 2025-05-25 21:46:52 --> Config Class Initialized
INFO - 2025-05-25 21:46:52 --> Hooks Class Initialized
DEBUG - 2025-05-25 21:46:52 --> UTF-8 Support Enabled
INFO - 2025-05-25 21:46:52 --> Utf8 Class Initialized
INFO - 2025-05-25 21:46:52 --> URI Class Initialized
INFO - 2025-05-25 21:46:52 --> Router Class Initialized
INFO - 2025-05-25 21:46:52 --> Output Class Initialized
INFO - 2025-05-25 21:46:52 --> Security Class Initialized
DEBUG - 2025-05-25 21:46:52 --> Global POST, GET and COOKIE data sanitized
INFO - 2025-05-25 21:46:52 --> Input Class Initialized
INFO - 2025-05-25 21:46:52 --> Language Class Initialized
INFO - 2025-05-25 21:46:52 --> Loader Class Initialized
INFO - 2025-05-25 21:46:52 --> Helper loaded: url_helper
INFO - 2025-05-25 21:46:52 --> Database Driver Class Initialized
INFO - 2025-05-25 21:46:52 --> Controller Class Initialized
INFO - 2025-05-25 21:46:52 --> Model "Mconfigkey" initialized
INFO - 2025-05-25 21:46:52 --> Model "Mext_rpt_pengeluaran" initialized
INFO - 2025-05-25 21:46:53 --> Final output sent to browser
DEBUG - 2025-05-25 21:46:53 --> Total execution time: 0.2264
