INFO - 2024-11-28 04:47:49 --> Config Class Initialized
INFO - 2024-11-28 04:47:49 --> Hooks Class Initialized
DEBUG - 2024-11-28 04:47:49 --> UTF-8 Support Enabled
INFO - 2024-11-28 04:47:49 --> Utf8 Class Initialized
INFO - 2024-11-28 04:47:49 --> URI Class Initialized
INFO - 2024-11-28 04:47:49 --> Router Class Initialized
INFO - 2024-11-28 04:47:49 --> Output Class Initialized
INFO - 2024-11-28 04:47:49 --> Security Class Initialized
DEBUG - 2024-11-28 04:47:49 --> Global POST, GET and COOKIE data sanitized
INFO - 2024-11-28 04:47:49 --> Input Class Initialized
INFO - 2024-11-28 04:47:49 --> Language Class Initialized
INFO - 2024-11-28 04:47:49 --> Loader Class Initialized
INFO - 2024-11-28 04:47:49 --> Helper loaded: url_helper
INFO - 2024-11-28 04:47:49 --> Database Driver Class Initialized
INFO - 2024-11-28 04:47:49 --> Controller Class Initialized
INFO - 2024-11-28 04:47:49 --> Model "Mconfigkey" initialized
INFO - 2024-11-28 04:47:49 --> Final output sent to browser
DEBUG - 2024-11-28 04:47:49 --> Total execution time: 0.0254
INFO - 2024-11-28 11:02:52 --> Config Class Initialized
INFO - 2024-11-28 11:02:52 --> Hooks Class Initialized
DEBUG - 2024-11-28 11:02:52 --> UTF-8 Support Enabled
INFO - 2024-11-28 11:02:52 --> Utf8 Class Initialized
INFO - 2024-11-28 11:02:52 --> URI Class Initialized
INFO - 2024-11-28 11:02:52 --> Router Class Initialized
INFO - 2024-11-28 11:02:52 --> Output Class Initialized
INFO - 2024-11-28 11:02:52 --> Security Class Initialized
DEBUG - 2024-11-28 11:02:52 --> Global POST, GET and COOKIE data sanitized
INFO - 2024-11-28 11:02:52 --> Input Class Initialized
INFO - 2024-11-28 11:02:52 --> Language Class Initialized
INFO - 2024-11-28 11:02:52 --> Loader Class Initialized
INFO - 2024-11-28 11:02:52 --> Helper loaded: url_helper
INFO - 2024-11-28 11:02:52 --> Database Driver Class Initialized
INFO - 2024-11-28 11:02:52 --> Controller Class Initialized
INFO - 2024-11-28 11:02:52 --> Model "Mconfigkey" initialized
INFO - 2024-11-28 11:02:52 --> Final output sent to browser
DEBUG - 2024-11-28 11:02:52 --> Total execution time: 0.0201
INFO - 2024-11-28 11:02:54 --> Config Class Initialized
INFO - 2024-11-28 11:02:54 --> Hooks Class Initialized
DEBUG - 2024-11-28 11:02:54 --> UTF-8 Support Enabled
INFO - 2024-11-28 11:02:54 --> Utf8 Class Initialized
INFO - 2024-11-28 11:02:54 --> URI Class Initialized
INFO - 2024-11-28 11:02:54 --> Router Class Initialized
INFO - 2024-11-28 11:02:54 --> Output Class Initialized
INFO - 2024-11-28 11:02:54 --> Security Class Initialized
DEBUG - 2024-11-28 11:02:54 --> Global POST, GET and COOKIE data sanitized
INFO - 2024-11-28 11:02:54 --> Input Class Initialized
INFO - 2024-11-28 11:02:54 --> Language Class Initialized
INFO - 2024-11-28 11:02:54 --> Loader Class Initialized
INFO - 2024-11-28 11:02:54 --> Helper loaded: url_helper
INFO - 2024-11-28 11:02:54 --> Database Driver Class Initialized
INFO - 2024-11-28 11:02:54 --> Controller Class Initialized
INFO - 2024-11-28 11:02:54 --> Model "Mauth" initialized
INFO - 2024-11-28 11:02:54 --> Model "Mconfigkey" initialized
INFO - 2024-11-28 11:02:54 --> Final output sent to browser
DEBUG - 2024-11-28 11:02:54 --> Total execution time: 0.0360
INFO - 2024-11-28 11:02:58 --> Config Class Initialized
INFO - 2024-11-28 11:02:58 --> Hooks Class Initialized
DEBUG - 2024-11-28 11:02:58 --> UTF-8 Support Enabled
INFO - 2024-11-28 11:02:58 --> Utf8 Class Initialized
INFO - 2024-11-28 11:02:58 --> URI Class Initialized
INFO - 2024-11-28 11:02:58 --> Router Class Initialized
INFO - 2024-11-28 11:02:58 --> Output Class Initialized
INFO - 2024-11-28 11:02:59 --> Security Class Initialized
DEBUG - 2024-11-28 11:02:59 --> Global POST, GET and COOKIE data sanitized
INFO - 2024-11-28 11:02:59 --> Input Class Initialized
INFO - 2024-11-28 11:02:59 --> Language Class Initialized
INFO - 2024-11-28 11:02:59 --> Loader Class Initialized
INFO - 2024-11-28 11:02:59 --> Helper loaded: url_helper
INFO - 2024-11-28 11:02:59 --> Database Driver Class Initialized
INFO - 2024-11-28 11:02:59 --> Controller Class Initialized
INFO - 2024-11-28 11:02:59 --> Model "Mconfigkey" initialized
INFO - 2024-11-28 11:02:59 --> Model "Msync_doc_aw" initialized
INFO - 2024-11-28 11:02:59 --> Final output sent to browser
DEBUG - 2024-11-28 11:02:59 --> Total execution time: 0.0892
INFO - 2024-11-28 11:03:04 --> Config Class Initialized
INFO - 2024-11-28 11:03:04 --> Hooks Class Initialized
DEBUG - 2024-11-28 11:03:04 --> UTF-8 Support Enabled
INFO - 2024-11-28 11:03:04 --> Utf8 Class Initialized
INFO - 2024-11-28 11:03:04 --> URI Class Initialized
INFO - 2024-11-28 11:03:04 --> Router Class Initialized
INFO - 2024-11-28 11:03:04 --> Output Class Initialized
INFO - 2024-11-28 11:03:04 --> Security Class Initialized
DEBUG - 2024-11-28 11:03:04 --> Global POST, GET and COOKIE data sanitized
INFO - 2024-11-28 11:03:04 --> Input Class Initialized
INFO - 2024-11-28 11:03:04 --> Language Class Initialized
INFO - 2024-11-28 11:03:04 --> Loader Class Initialized
INFO - 2024-11-28 11:03:04 --> Helper loaded: url_helper
INFO - 2024-11-28 11:03:04 --> Database Driver Class Initialized
INFO - 2024-11-28 11:03:04 --> Controller Class Initialized
INFO - 2024-11-28 11:03:04 --> Model "Mconfigkey" initialized
INFO - 2024-11-28 11:03:04 --> Model "Msync_doc_aw" initialized
INFO - 2024-11-28 11:03:16 --> Final output sent to browser
DEBUG - 2024-11-28 11:03:16 --> Total execution time: 11.1905
INFO - 2024-11-28 11:03:16 --> Config Class Initialized
INFO - 2024-11-28 11:03:16 --> Hooks Class Initialized
DEBUG - 2024-11-28 11:03:16 --> UTF-8 Support Enabled
INFO - 2024-11-28 11:03:16 --> Utf8 Class Initialized
INFO - 2024-11-28 11:03:16 --> URI Class Initialized
INFO - 2024-11-28 11:03:16 --> Router Class Initialized
INFO - 2024-11-28 11:03:16 --> Output Class Initialized
INFO - 2024-11-28 11:03:16 --> Security Class Initialized
DEBUG - 2024-11-28 11:03:16 --> Global POST, GET and COOKIE data sanitized
INFO - 2024-11-28 11:03:16 --> Input Class Initialized
INFO - 2024-11-28 11:03:16 --> Language Class Initialized
INFO - 2024-11-28 11:03:16 --> Loader Class Initialized
INFO - 2024-11-28 11:03:16 --> Helper loaded: url_helper
INFO - 2024-11-28 11:03:16 --> Database Driver Class Initialized
INFO - 2024-11-28 11:03:16 --> Controller Class Initialized
INFO - 2024-11-28 11:03:16 --> Model "Mconfigkey" initialized
INFO - 2024-11-28 11:03:16 --> Model "Msync_doc_aw" initialized
INFO - 2024-11-28 11:03:16 --> Final output sent to browser
DEBUG - 2024-11-28 11:03:16 --> Total execution time: 0.1124
INFO - 2024-11-28 11:03:23 --> Config Class Initialized
INFO - 2024-11-28 11:03:23 --> Hooks Class Initialized
DEBUG - 2024-11-28 11:03:23 --> UTF-8 Support Enabled
INFO - 2024-11-28 11:03:23 --> Utf8 Class Initialized
INFO - 2024-11-28 11:03:23 --> URI Class Initialized
INFO - 2024-11-28 11:03:23 --> Router Class Initialized
INFO - 2024-11-28 11:03:23 --> Output Class Initialized
INFO - 2024-11-28 11:03:23 --> Security Class Initialized
DEBUG - 2024-11-28 11:03:23 --> Global POST, GET and COOKIE data sanitized
INFO - 2024-11-28 11:03:23 --> Input Class Initialized
INFO - 2024-11-28 11:03:23 --> Language Class Initialized
INFO - 2024-11-28 11:03:23 --> Loader Class Initialized
INFO - 2024-11-28 11:03:23 --> Helper loaded: url_helper
INFO - 2024-11-28 11:03:23 --> Database Driver Class Initialized
INFO - 2024-11-28 11:03:23 --> Controller Class Initialized
INFO - 2024-11-28 11:03:23 --> Model "Mconfigkey" initialized
INFO - 2024-11-28 11:03:23 --> Model "Mgoods_in" initialized
INFO - 2024-11-28 11:03:23 --> Final output sent to browser
DEBUG - 2024-11-28 11:03:23 --> Total execution time: 0.0485
INFO - 2024-11-28 11:03:39 --> Config Class Initialized
INFO - 2024-11-28 11:03:39 --> Hooks Class Initialized
DEBUG - 2024-11-28 11:03:39 --> UTF-8 Support Enabled
INFO - 2024-11-28 11:03:39 --> Utf8 Class Initialized
INFO - 2024-11-28 11:03:39 --> URI Class Initialized
INFO - 2024-11-28 11:03:39 --> Router Class Initialized
INFO - 2024-11-28 11:03:39 --> Output Class Initialized
INFO - 2024-11-28 11:03:39 --> Security Class Initialized
DEBUG - 2024-11-28 11:03:39 --> Global POST, GET and COOKIE data sanitized
INFO - 2024-11-28 11:03:39 --> Input Class Initialized
INFO - 2024-11-28 11:03:39 --> Language Class Initialized
INFO - 2024-11-28 11:03:39 --> Loader Class Initialized
INFO - 2024-11-28 11:03:39 --> Helper loaded: url_helper
INFO - 2024-11-28 11:03:39 --> Database Driver Class Initialized
INFO - 2024-11-28 11:03:39 --> Controller Class Initialized
INFO - 2024-11-28 11:03:39 --> Model "Mconfigkey" initialized
INFO - 2024-11-28 11:03:39 --> Model "Mportal_data" initialized
INFO - 2024-11-28 11:03:39 --> Final output sent to browser
DEBUG - 2024-11-28 11:03:39 --> Total execution time: 0.1350
INFO - 2024-11-28 11:03:39 --> Config Class Initialized
INFO - 2024-11-28 11:03:39 --> Hooks Class Initialized
DEBUG - 2024-11-28 11:03:39 --> UTF-8 Support Enabled
INFO - 2024-11-28 11:03:39 --> Utf8 Class Initialized
INFO - 2024-11-28 11:03:39 --> URI Class Initialized
INFO - 2024-11-28 11:03:39 --> Router Class Initialized
INFO - 2024-11-28 11:03:39 --> Output Class Initialized
INFO - 2024-11-28 11:03:39 --> Security Class Initialized
DEBUG - 2024-11-28 11:03:39 --> Global POST, GET and COOKIE data sanitized
INFO - 2024-11-28 11:03:39 --> Input Class Initialized
INFO - 2024-11-28 11:03:39 --> Language Class Initialized
INFO - 2024-11-28 11:03:39 --> Loader Class Initialized
INFO - 2024-11-28 11:03:39 --> Helper loaded: url_helper
INFO - 2024-11-28 11:03:39 --> Database Driver Class Initialized
INFO - 2024-11-28 11:03:39 --> Controller Class Initialized
INFO - 2024-11-28 11:03:39 --> Model "Mconfigkey" initialized
INFO - 2024-11-28 11:03:39 --> Model "Msync_doc_aw" initialized
INFO - 2024-11-28 11:03:40 --> Final output sent to browser
DEBUG - 2024-11-28 11:03:40 --> Total execution time: 0.1208
INFO - 2024-11-28 11:15:52 --> Config Class Initialized
INFO - 2024-11-28 11:15:52 --> Hooks Class Initialized
DEBUG - 2024-11-28 11:15:52 --> UTF-8 Support Enabled
INFO - 2024-11-28 11:15:52 --> Utf8 Class Initialized
INFO - 2024-11-28 11:15:52 --> URI Class Initialized
INFO - 2024-11-28 11:15:52 --> Router Class Initialized
INFO - 2024-11-28 11:15:52 --> Output Class Initialized
INFO - 2024-11-28 11:15:52 --> Security Class Initialized
DEBUG - 2024-11-28 11:15:52 --> Global POST, GET and COOKIE data sanitized
INFO - 2024-11-28 11:15:52 --> Input Class Initialized
INFO - 2024-11-28 11:15:52 --> Language Class Initialized
INFO - 2024-11-28 11:15:52 --> Loader Class Initialized
INFO - 2024-11-28 11:15:52 --> Helper loaded: url_helper
INFO - 2024-11-28 11:15:52 --> Database Driver Class Initialized
INFO - 2024-11-28 11:15:52 --> Controller Class Initialized
INFO - 2024-11-28 11:15:52 --> Model "Mconfigkey" initialized
INFO - 2024-11-28 11:15:52 --> Model "Mgoods_in" initialized
INFO - 2024-11-28 11:15:52 --> Final output sent to browser
DEBUG - 2024-11-28 11:15:52 --> Total execution time: 0.1148
INFO - 2024-11-28 11:16:11 --> Config Class Initialized
INFO - 2024-11-28 11:16:11 --> Hooks Class Initialized
DEBUG - 2024-11-28 11:16:11 --> UTF-8 Support Enabled
INFO - 2024-11-28 11:16:11 --> Utf8 Class Initialized
INFO - 2024-11-28 11:16:11 --> URI Class Initialized
INFO - 2024-11-28 11:16:11 --> Router Class Initialized
INFO - 2024-11-28 11:16:11 --> Output Class Initialized
INFO - 2024-11-28 11:16:11 --> Security Class Initialized
DEBUG - 2024-11-28 11:16:11 --> Global POST, GET and COOKIE data sanitized
INFO - 2024-11-28 11:16:11 --> Input Class Initialized
INFO - 2024-11-28 11:16:11 --> Language Class Initialized
INFO - 2024-11-28 11:16:11 --> Loader Class Initialized
INFO - 2024-11-28 11:16:11 --> Helper loaded: url_helper
INFO - 2024-11-28 11:16:11 --> Database Driver Class Initialized
INFO - 2024-11-28 11:16:11 --> Controller Class Initialized
INFO - 2024-11-28 11:16:11 --> Model "Mconfigkey" initialized
INFO - 2024-11-28 11:16:11 --> Model "Mgoods_in" initialized
INFO - 2024-11-28 11:16:11 --> Final output sent to browser
DEBUG - 2024-11-28 11:16:11 --> Total execution time: 0.2322
INFO - 2024-11-28 11:16:14 --> Config Class Initialized
INFO - 2024-11-28 11:16:14 --> Hooks Class Initialized
DEBUG - 2024-11-28 11:16:14 --> UTF-8 Support Enabled
INFO - 2024-11-28 11:16:14 --> Utf8 Class Initialized
INFO - 2024-11-28 11:16:14 --> URI Class Initialized
INFO - 2024-11-28 11:16:14 --> Router Class Initialized
INFO - 2024-11-28 11:16:14 --> Output Class Initialized
INFO - 2024-11-28 11:16:14 --> Security Class Initialized
DEBUG - 2024-11-28 11:16:14 --> Global POST, GET and COOKIE data sanitized
INFO - 2024-11-28 11:16:14 --> Input Class Initialized
INFO - 2024-11-28 11:16:14 --> Language Class Initialized
INFO - 2024-11-28 11:16:14 --> Loader Class Initialized
INFO - 2024-11-28 11:16:14 --> Helper loaded: url_helper
INFO - 2024-11-28 11:16:14 --> Database Driver Class Initialized
INFO - 2024-11-28 11:16:14 --> Controller Class Initialized
INFO - 2024-11-28 11:16:14 --> Model "Mconfigkey" initialized
INFO - 2024-11-28 11:16:14 --> Model "Mgoods_in" initialized
INFO - 2024-11-28 11:16:14 --> Final output sent to browser
DEBUG - 2024-11-28 11:16:14 --> Total execution time: 0.1658
INFO - 2024-11-28 11:16:20 --> Config Class Initialized
INFO - 2024-11-28 11:16:20 --> Hooks Class Initialized
DEBUG - 2024-11-28 11:16:20 --> UTF-8 Support Enabled
INFO - 2024-11-28 11:16:20 --> Utf8 Class Initialized
INFO - 2024-11-28 11:16:20 --> URI Class Initialized
INFO - 2024-11-28 11:16:20 --> Router Class Initialized
INFO - 2024-11-28 11:16:20 --> Output Class Initialized
INFO - 2024-11-28 11:16:20 --> Security Class Initialized
DEBUG - 2024-11-28 11:16:20 --> Global POST, GET and COOKIE data sanitized
INFO - 2024-11-28 11:16:20 --> Input Class Initialized
INFO - 2024-11-28 11:16:20 --> Language Class Initialized
INFO - 2024-11-28 11:16:20 --> Loader Class Initialized
INFO - 2024-11-28 11:16:20 --> Helper loaded: url_helper
INFO - 2024-11-28 11:16:20 --> Database Driver Class Initialized
INFO - 2024-11-28 11:16:20 --> Controller Class Initialized
INFO - 2024-11-28 11:16:20 --> Model "Mconfigkey" initialized
INFO - 2024-11-28 11:16:20 --> Model "Mgoods_in" initialized
INFO - 2024-11-28 11:16:21 --> Final output sent to browser
DEBUG - 2024-11-28 11:16:21 --> Total execution time: 0.2860
INFO - 2024-11-28 11:16:21 --> Config Class Initialized
INFO - 2024-11-28 11:16:21 --> Hooks Class Initialized
DEBUG - 2024-11-28 11:16:21 --> UTF-8 Support Enabled
INFO - 2024-11-28 11:16:21 --> Utf8 Class Initialized
INFO - 2024-11-28 11:16:21 --> URI Class Initialized
INFO - 2024-11-28 11:16:21 --> Router Class Initialized
INFO - 2024-11-28 11:16:21 --> Output Class Initialized
INFO - 2024-11-28 11:16:21 --> Security Class Initialized
DEBUG - 2024-11-28 11:16:21 --> Global POST, GET and COOKIE data sanitized
INFO - 2024-11-28 11:16:21 --> Input Class Initialized
INFO - 2024-11-28 11:16:21 --> Language Class Initialized
INFO - 2024-11-28 11:16:21 --> Loader Class Initialized
INFO - 2024-11-28 11:16:21 --> Helper loaded: url_helper
INFO - 2024-11-28 11:16:21 --> Database Driver Class Initialized
INFO - 2024-11-28 11:16:21 --> Controller Class Initialized
INFO - 2024-11-28 11:16:21 --> Model "Mconfigkey" initialized
INFO - 2024-11-28 11:16:21 --> Model "Mgoods_in" initialized
INFO - 2024-11-28 11:16:21 --> Final output sent to browser
DEBUG - 2024-11-28 11:16:21 --> Total execution time: 0.0343
INFO - 2024-11-28 15:17:30 --> Config Class Initialized
INFO - 2024-11-28 15:17:30 --> Hooks Class Initialized
DEBUG - 2024-11-28 15:17:30 --> UTF-8 Support Enabled
INFO - 2024-11-28 15:17:30 --> Utf8 Class Initialized
INFO - 2024-11-28 15:17:30 --> URI Class Initialized
INFO - 2024-11-28 15:17:30 --> Router Class Initialized
INFO - 2024-11-28 15:17:30 --> Output Class Initialized
INFO - 2024-11-28 15:17:30 --> Security Class Initialized
DEBUG - 2024-11-28 15:17:30 --> Global POST, GET and COOKIE data sanitized
INFO - 2024-11-28 15:17:30 --> Input Class Initialized
INFO - 2024-11-28 15:17:30 --> Language Class Initialized
INFO - 2024-11-28 15:17:30 --> Loader Class Initialized
INFO - 2024-11-28 15:17:30 --> Helper loaded: url_helper
INFO - 2024-11-28 15:17:30 --> Database Driver Class Initialized
INFO - 2024-11-28 15:17:30 --> Controller Class Initialized
INFO - 2024-11-28 15:17:30 --> Model "Mconfigkey" initialized
INFO - 2024-11-28 15:17:30 --> Final output sent to browser
DEBUG - 2024-11-28 15:17:30 --> Total execution time: 0.5287
INFO - 2024-11-28 15:17:34 --> Config Class Initialized
INFO - 2024-11-28 15:17:34 --> Hooks Class Initialized
DEBUG - 2024-11-28 15:17:34 --> UTF-8 Support Enabled
INFO - 2024-11-28 15:17:34 --> Utf8 Class Initialized
INFO - 2024-11-28 15:17:34 --> URI Class Initialized
INFO - 2024-11-28 15:17:34 --> Router Class Initialized
INFO - 2024-11-28 15:17:34 --> Output Class Initialized
INFO - 2024-11-28 15:17:34 --> Security Class Initialized
DEBUG - 2024-11-28 15:17:34 --> Global POST, GET and COOKIE data sanitized
INFO - 2024-11-28 15:17:34 --> Input Class Initialized
INFO - 2024-11-28 15:17:34 --> Language Class Initialized
INFO - 2024-11-28 15:17:34 --> Loader Class Initialized
INFO - 2024-11-28 15:17:34 --> Helper loaded: url_helper
INFO - 2024-11-28 15:17:34 --> Database Driver Class Initialized
INFO - 2024-11-28 15:17:34 --> Controller Class Initialized
INFO - 2024-11-28 15:17:34 --> Model "Mauth" initialized
INFO - 2024-11-28 15:17:34 --> Model "Mconfigkey" initialized
INFO - 2024-11-28 15:17:34 --> Final output sent to browser
DEBUG - 2024-11-28 15:17:34 --> Total execution time: 0.0387
