INFO - 2024-09-29 14:45:09 --> Config Class Initialized
INFO - 2024-09-29 14:45:09 --> Hooks Class Initialized
DEBUG - 2024-09-29 14:45:10 --> UTF-8 Support Enabled
INFO - 2024-09-29 14:45:10 --> Utf8 Class Initialized
INFO - 2024-09-29 14:45:10 --> URI Class Initialized
INFO - 2024-09-29 14:45:10 --> Router Class Initialized
INFO - 2024-09-29 14:45:10 --> Output Class Initialized
INFO - 2024-09-29 14:45:10 --> Security Class Initialized
DEBUG - 2024-09-29 14:45:10 --> Global POST, GET and COOKIE data sanitized
INFO - 2024-09-29 14:45:10 --> Input Class Initialized
INFO - 2024-09-29 14:45:10 --> Language Class Initialized
INFO - 2024-09-29 14:45:10 --> Loader Class Initialized
INFO - 2024-09-29 14:45:10 --> Helper loaded: url_helper
INFO - 2024-09-29 14:45:10 --> Database Driver Class Initialized
INFO - 2024-09-29 14:45:10 --> Controller Class Initialized
INFO - 2024-09-29 14:45:10 --> Model "Mconfigkey" initialized
INFO - 2024-09-29 14:45:10 --> Final output sent to browser
DEBUG - 2024-09-29 14:45:10 --> Total execution time: 0.3979
INFO - 2024-09-29 14:45:20 --> Config Class Initialized
INFO - 2024-09-29 14:45:20 --> Hooks Class Initialized
DEBUG - 2024-09-29 14:45:20 --> UTF-8 Support Enabled
INFO - 2024-09-29 14:45:20 --> Utf8 Class Initialized
INFO - 2024-09-29 14:45:20 --> URI Class Initialized
INFO - 2024-09-29 14:45:20 --> Router Class Initialized
INFO - 2024-09-29 14:45:20 --> Output Class Initialized
INFO - 2024-09-29 14:45:20 --> Security Class Initialized
DEBUG - 2024-09-29 14:45:20 --> Global POST, GET and COOKIE data sanitized
INFO - 2024-09-29 14:45:20 --> Input Class Initialized
INFO - 2024-09-29 14:45:20 --> Language Class Initialized
INFO - 2024-09-29 14:45:20 --> Loader Class Initialized
INFO - 2024-09-29 14:45:20 --> Helper loaded: url_helper
INFO - 2024-09-29 14:45:20 --> Database Driver Class Initialized
INFO - 2024-09-29 14:45:20 --> Controller Class Initialized
INFO - 2024-09-29 14:45:20 --> Model "Mconfigkey" initialized
INFO - 2024-09-29 14:45:20 --> Final output sent to browser
DEBUG - 2024-09-29 14:45:20 --> Total execution time: 0.0188
INFO - 2024-09-29 14:45:23 --> Config Class Initialized
INFO - 2024-09-29 14:45:23 --> Hooks Class Initialized
DEBUG - 2024-09-29 14:45:23 --> UTF-8 Support Enabled
INFO - 2024-09-29 14:45:23 --> Utf8 Class Initialized
INFO - 2024-09-29 14:45:23 --> URI Class Initialized
INFO - 2024-09-29 14:45:23 --> Router Class Initialized
INFO - 2024-09-29 14:45:23 --> Output Class Initialized
INFO - 2024-09-29 14:45:23 --> Security Class Initialized
DEBUG - 2024-09-29 14:45:23 --> Global POST, GET and COOKIE data sanitized
INFO - 2024-09-29 14:45:23 --> Input Class Initialized
INFO - 2024-09-29 14:45:23 --> Language Class Initialized
INFO - 2024-09-29 14:45:23 --> Loader Class Initialized
INFO - 2024-09-29 14:45:23 --> Helper loaded: url_helper
INFO - 2024-09-29 14:45:23 --> Database Driver Class Initialized
INFO - 2024-09-29 14:45:23 --> Controller Class Initialized
INFO - 2024-09-29 14:45:23 --> Model "Mauth" initialized
INFO - 2024-09-29 14:45:23 --> Model "Mconfigkey" initialized
INFO - 2024-09-29 14:45:23 --> Final output sent to browser
DEBUG - 2024-09-29 14:45:23 --> Total execution time: 0.0331
INFO - 2024-09-29 14:45:27 --> Config Class Initialized
INFO - 2024-09-29 14:45:27 --> Hooks Class Initialized
DEBUG - 2024-09-29 14:45:27 --> UTF-8 Support Enabled
INFO - 2024-09-29 14:45:27 --> Utf8 Class Initialized
INFO - 2024-09-29 14:45:27 --> URI Class Initialized
INFO - 2024-09-29 14:45:27 --> Router Class Initialized
INFO - 2024-09-29 14:45:27 --> Output Class Initialized
INFO - 2024-09-29 14:45:27 --> Security Class Initialized
DEBUG - 2024-09-29 14:45:27 --> Global POST, GET and COOKIE data sanitized
INFO - 2024-09-29 14:45:27 --> Input Class Initialized
INFO - 2024-09-29 14:45:27 --> Language Class Initialized
INFO - 2024-09-29 14:45:27 --> Loader Class Initialized
INFO - 2024-09-29 14:45:27 --> Helper loaded: url_helper
INFO - 2024-09-29 14:45:27 --> Database Driver Class Initialized
INFO - 2024-09-29 14:45:27 --> Controller Class Initialized
INFO - 2024-09-29 14:45:27 --> Model "Mconfigkey" initialized
INFO - 2024-09-29 14:45:27 --> Model "Msync_doc_aw" initialized
INFO - 2024-09-29 14:45:27 --> Final output sent to browser
DEBUG - 2024-09-29 14:45:27 --> Total execution time: 0.0632
