INFO - 2024-06-29 00:00:44 --> Config Class Initialized
INFO - 2024-06-29 00:00:44 --> Hooks Class Initialized
DEBUG - 2024-06-29 00:00:44 --> UTF-8 Support Enabled
INFO - 2024-06-29 00:00:44 --> Utf8 Class Initialized
INFO - 2024-06-29 00:00:44 --> URI Class Initialized
INFO - 2024-06-29 00:00:44 --> Router Class Initialized
INFO - 2024-06-29 00:00:44 --> Output Class Initialized
INFO - 2024-06-29 00:00:44 --> Security Class Initialized
DEBUG - 2024-06-29 00:00:44 --> Global POST, GET and COOKIE data sanitized
INFO - 2024-06-29 00:00:44 --> Input Class Initialized
INFO - 2024-06-29 00:00:44 --> Language Class Initialized
INFO - 2024-06-29 00:00:44 --> Loader Class Initialized
INFO - 2024-06-29 00:00:44 --> Helper loaded: url_helper
INFO - 2024-06-29 00:00:44 --> Database Driver Class Initialized
INFO - 2024-06-29 00:00:44 --> Controller Class Initialized
INFO - 2024-06-29 00:00:44 --> Model "Mconfigkey" initialized
INFO - 2024-06-29 00:00:44 --> Model "Msync_doc_aw" initialized
INFO - 2024-06-29 00:00:44 --> Final output sent to browser
DEBUG - 2024-06-29 00:00:44 --> Total execution time: 0.0244
INFO - 2024-06-29 00:00:44 --> Config Class Initialized
INFO - 2024-06-29 00:00:44 --> Hooks Class Initialized
DEBUG - 2024-06-29 00:00:44 --> UTF-8 Support Enabled
INFO - 2024-06-29 00:00:44 --> Utf8 Class Initialized
INFO - 2024-06-29 00:00:44 --> URI Class Initialized
INFO - 2024-06-29 00:00:44 --> Router Class Initialized
INFO - 2024-06-29 00:00:44 --> Output Class Initialized
INFO - 2024-06-29 00:00:44 --> Security Class Initialized
DEBUG - 2024-06-29 00:00:44 --> Global POST, GET and COOKIE data sanitized
INFO - 2024-06-29 00:00:44 --> Input Class Initialized
INFO - 2024-06-29 00:00:44 --> Language Class Initialized
INFO - 2024-06-29 00:00:44 --> Loader Class Initialized
INFO - 2024-06-29 00:00:44 --> Helper loaded: url_helper
INFO - 2024-06-29 00:00:44 --> Database Driver Class Initialized
INFO - 2024-06-29 00:00:44 --> Controller Class Initialized
INFO - 2024-06-29 00:00:44 --> Model "Mconfigkey" initialized
INFO - 2024-06-29 00:00:44 --> Model "Msync_doc_aw" initialized
INFO - 2024-06-29 00:00:44 --> Final output sent to browser
DEBUG - 2024-06-29 00:00:44 --> Total execution time: 0.0232
INFO - 2024-06-29 00:00:50 --> Config Class Initialized
INFO - 2024-06-29 00:00:50 --> Hooks Class Initialized
DEBUG - 2024-06-29 00:00:50 --> UTF-8 Support Enabled
INFO - 2024-06-29 00:00:50 --> Utf8 Class Initialized
INFO - 2024-06-29 00:00:50 --> URI Class Initialized
INFO - 2024-06-29 00:00:50 --> Router Class Initialized
INFO - 2024-06-29 00:00:50 --> Output Class Initialized
INFO - 2024-06-29 00:00:50 --> Security Class Initialized
DEBUG - 2024-06-29 00:00:50 --> Global POST, GET and COOKIE data sanitized
INFO - 2024-06-29 00:00:50 --> Input Class Initialized
INFO - 2024-06-29 00:00:50 --> Language Class Initialized
INFO - 2024-06-29 00:00:50 --> Loader Class Initialized
INFO - 2024-06-29 00:00:50 --> Helper loaded: url_helper
INFO - 2024-06-29 00:00:50 --> Database Driver Class Initialized
INFO - 2024-06-29 00:00:50 --> Controller Class Initialized
INFO - 2024-06-29 00:00:50 --> Model "Mconfigkey" initialized
INFO - 2024-06-29 00:00:50 --> Model "Msync_doc_aw" initialized
INFO - 2024-06-29 00:00:50 --> Final output sent to browser
DEBUG - 2024-06-29 00:00:50 --> Total execution time: 0.0228
INFO - 2024-06-29 00:00:51 --> Config Class Initialized
INFO - 2024-06-29 00:00:51 --> Hooks Class Initialized
DEBUG - 2024-06-29 00:00:51 --> UTF-8 Support Enabled
INFO - 2024-06-29 00:00:51 --> Utf8 Class Initialized
INFO - 2024-06-29 00:00:51 --> URI Class Initialized
INFO - 2024-06-29 00:00:51 --> Router Class Initialized
INFO - 2024-06-29 00:00:51 --> Output Class Initialized
INFO - 2024-06-29 00:00:51 --> Security Class Initialized
DEBUG - 2024-06-29 00:00:51 --> Global POST, GET and COOKIE data sanitized
INFO - 2024-06-29 00:00:51 --> Input Class Initialized
INFO - 2024-06-29 00:00:51 --> Language Class Initialized
INFO - 2024-06-29 00:00:51 --> Loader Class Initialized
INFO - 2024-06-29 00:00:51 --> Helper loaded: url_helper
INFO - 2024-06-29 00:00:51 --> Database Driver Class Initialized
INFO - 2024-06-29 00:00:51 --> Controller Class Initialized
INFO - 2024-06-29 00:00:51 --> Model "Mconfigkey" initialized
INFO - 2024-06-29 00:00:51 --> Model "Msync_doc_aw" initialized
INFO - 2024-06-29 00:00:51 --> Final output sent to browser
DEBUG - 2024-06-29 00:00:51 --> Total execution time: 0.0213
INFO - 2024-06-29 00:00:52 --> Config Class Initialized
INFO - 2024-06-29 00:00:52 --> Hooks Class Initialized
DEBUG - 2024-06-29 00:00:52 --> UTF-8 Support Enabled
INFO - 2024-06-29 00:00:52 --> Utf8 Class Initialized
INFO - 2024-06-29 00:00:52 --> URI Class Initialized
INFO - 2024-06-29 00:00:52 --> Router Class Initialized
INFO - 2024-06-29 00:00:52 --> Output Class Initialized
INFO - 2024-06-29 00:00:52 --> Security Class Initialized
DEBUG - 2024-06-29 00:00:52 --> Global POST, GET and COOKIE data sanitized
INFO - 2024-06-29 00:00:52 --> Input Class Initialized
INFO - 2024-06-29 00:00:52 --> Language Class Initialized
INFO - 2024-06-29 00:00:52 --> Loader Class Initialized
INFO - 2024-06-29 00:00:52 --> Helper loaded: url_helper
INFO - 2024-06-29 00:00:52 --> Database Driver Class Initialized
INFO - 2024-06-29 00:00:52 --> Controller Class Initialized
INFO - 2024-06-29 00:00:52 --> Model "Mconfigkey" initialized
INFO - 2024-06-29 00:00:52 --> Model "Msync_doc_aw" initialized
INFO - 2024-06-29 00:00:52 --> Final output sent to browser
DEBUG - 2024-06-29 00:00:52 --> Total execution time: 0.0224
INFO - 2024-06-29 00:01:07 --> Config Class Initialized
INFO - 2024-06-29 00:01:07 --> Hooks Class Initialized
DEBUG - 2024-06-29 00:01:07 --> UTF-8 Support Enabled
INFO - 2024-06-29 00:01:07 --> Utf8 Class Initialized
INFO - 2024-06-29 00:01:07 --> URI Class Initialized
INFO - 2024-06-29 00:01:07 --> Router Class Initialized
INFO - 2024-06-29 00:01:07 --> Output Class Initialized
INFO - 2024-06-29 00:01:07 --> Security Class Initialized
DEBUG - 2024-06-29 00:01:07 --> Global POST, GET and COOKIE data sanitized
INFO - 2024-06-29 00:01:07 --> Input Class Initialized
INFO - 2024-06-29 00:01:07 --> Language Class Initialized
INFO - 2024-06-29 00:01:07 --> Loader Class Initialized
INFO - 2024-06-29 00:01:07 --> Helper loaded: url_helper
INFO - 2024-06-29 00:01:07 --> Database Driver Class Initialized
INFO - 2024-06-29 00:01:07 --> Controller Class Initialized
INFO - 2024-06-29 00:01:07 --> Model "Mconfigkey" initialized
INFO - 2024-06-29 00:01:07 --> Model "Msync_doc_aw" initialized
INFO - 2024-06-29 00:01:07 --> Final output sent to browser
DEBUG - 2024-06-29 00:01:07 --> Total execution time: 0.0202
INFO - 2024-06-29 00:01:08 --> Config Class Initialized
INFO - 2024-06-29 00:01:08 --> Hooks Class Initialized
DEBUG - 2024-06-29 00:01:08 --> UTF-8 Support Enabled
INFO - 2024-06-29 00:01:08 --> Utf8 Class Initialized
INFO - 2024-06-29 00:01:08 --> URI Class Initialized
INFO - 2024-06-29 00:01:08 --> Router Class Initialized
INFO - 2024-06-29 00:01:08 --> Output Class Initialized
INFO - 2024-06-29 00:01:08 --> Security Class Initialized
DEBUG - 2024-06-29 00:01:08 --> Global POST, GET and COOKIE data sanitized
INFO - 2024-06-29 00:01:08 --> Input Class Initialized
INFO - 2024-06-29 00:01:08 --> Language Class Initialized
INFO - 2024-06-29 00:01:08 --> Loader Class Initialized
INFO - 2024-06-29 00:01:08 --> Helper loaded: url_helper
INFO - 2024-06-29 00:01:08 --> Database Driver Class Initialized
INFO - 2024-06-29 00:01:08 --> Controller Class Initialized
INFO - 2024-06-29 00:01:08 --> Model "Mconfigkey" initialized
INFO - 2024-06-29 00:01:08 --> Model "Msync_doc_aw" initialized
INFO - 2024-06-29 00:01:08 --> Final output sent to browser
DEBUG - 2024-06-29 00:01:08 --> Total execution time: 0.0203
INFO - 2024-06-29 00:01:09 --> Config Class Initialized
INFO - 2024-06-29 00:01:09 --> Hooks Class Initialized
DEBUG - 2024-06-29 00:01:09 --> UTF-8 Support Enabled
INFO - 2024-06-29 00:01:09 --> Utf8 Class Initialized
INFO - 2024-06-29 00:01:09 --> URI Class Initialized
INFO - 2024-06-29 00:01:09 --> Router Class Initialized
INFO - 2024-06-29 00:01:09 --> Output Class Initialized
INFO - 2024-06-29 00:01:09 --> Security Class Initialized
DEBUG - 2024-06-29 00:01:09 --> Global POST, GET and COOKIE data sanitized
INFO - 2024-06-29 00:01:09 --> Input Class Initialized
INFO - 2024-06-29 00:01:09 --> Language Class Initialized
INFO - 2024-06-29 00:01:09 --> Loader Class Initialized
INFO - 2024-06-29 00:01:09 --> Helper loaded: url_helper
INFO - 2024-06-29 00:01:09 --> Database Driver Class Initialized
INFO - 2024-06-29 00:01:09 --> Controller Class Initialized
INFO - 2024-06-29 00:01:09 --> Model "Mconfigkey" initialized
INFO - 2024-06-29 00:01:09 --> Model "Msync_doc_aw" initialized
INFO - 2024-06-29 00:01:09 --> Final output sent to browser
DEBUG - 2024-06-29 00:01:09 --> Total execution time: 0.0211
INFO - 2024-06-29 00:01:10 --> Config Class Initialized
INFO - 2024-06-29 00:01:10 --> Hooks Class Initialized
DEBUG - 2024-06-29 00:01:10 --> UTF-8 Support Enabled
INFO - 2024-06-29 00:01:10 --> Utf8 Class Initialized
INFO - 2024-06-29 00:01:10 --> URI Class Initialized
INFO - 2024-06-29 00:01:10 --> Router Class Initialized
INFO - 2024-06-29 00:01:10 --> Output Class Initialized
INFO - 2024-06-29 00:01:10 --> Security Class Initialized
DEBUG - 2024-06-29 00:01:10 --> Global POST, GET and COOKIE data sanitized
INFO - 2024-06-29 00:01:10 --> Input Class Initialized
INFO - 2024-06-29 00:01:10 --> Language Class Initialized
INFO - 2024-06-29 00:01:10 --> Loader Class Initialized
INFO - 2024-06-29 00:01:10 --> Helper loaded: url_helper
INFO - 2024-06-29 00:01:10 --> Database Driver Class Initialized
INFO - 2024-06-29 00:01:10 --> Controller Class Initialized
INFO - 2024-06-29 00:01:10 --> Model "Mconfigkey" initialized
INFO - 2024-06-29 00:01:10 --> Model "Msync_doc_aw" initialized
INFO - 2024-06-29 00:01:10 --> Final output sent to browser
DEBUG - 2024-06-29 00:01:10 --> Total execution time: 0.0218
INFO - 2024-06-29 00:01:12 --> Config Class Initialized
INFO - 2024-06-29 00:01:12 --> Hooks Class Initialized
DEBUG - 2024-06-29 00:01:12 --> UTF-8 Support Enabled
INFO - 2024-06-29 00:01:12 --> Utf8 Class Initialized
INFO - 2024-06-29 00:01:12 --> URI Class Initialized
INFO - 2024-06-29 00:01:12 --> Router Class Initialized
INFO - 2024-06-29 00:01:12 --> Output Class Initialized
INFO - 2024-06-29 00:01:12 --> Security Class Initialized
DEBUG - 2024-06-29 00:01:12 --> Global POST, GET and COOKIE data sanitized
INFO - 2024-06-29 00:01:12 --> Input Class Initialized
INFO - 2024-06-29 00:01:12 --> Language Class Initialized
INFO - 2024-06-29 00:01:12 --> Loader Class Initialized
INFO - 2024-06-29 00:01:12 --> Helper loaded: url_helper
INFO - 2024-06-29 00:01:12 --> Database Driver Class Initialized
INFO - 2024-06-29 00:01:12 --> Controller Class Initialized
INFO - 2024-06-29 00:01:12 --> Model "Mconfigkey" initialized
INFO - 2024-06-29 00:01:12 --> Model "Msync_doc_aw" initialized
INFO - 2024-06-29 00:01:12 --> Final output sent to browser
DEBUG - 2024-06-29 00:01:12 --> Total execution time: 0.0220
INFO - 2024-06-29 00:01:13 --> Config Class Initialized
INFO - 2024-06-29 00:01:13 --> Hooks Class Initialized
DEBUG - 2024-06-29 00:01:13 --> UTF-8 Support Enabled
INFO - 2024-06-29 00:01:13 --> Utf8 Class Initialized
INFO - 2024-06-29 00:01:13 --> URI Class Initialized
INFO - 2024-06-29 00:01:13 --> Router Class Initialized
INFO - 2024-06-29 00:01:13 --> Output Class Initialized
INFO - 2024-06-29 00:01:13 --> Security Class Initialized
DEBUG - 2024-06-29 00:01:13 --> Global POST, GET and COOKIE data sanitized
INFO - 2024-06-29 00:01:13 --> Input Class Initialized
INFO - 2024-06-29 00:01:13 --> Language Class Initialized
INFO - 2024-06-29 00:01:13 --> Loader Class Initialized
INFO - 2024-06-29 00:01:13 --> Helper loaded: url_helper
INFO - 2024-06-29 00:01:13 --> Database Driver Class Initialized
INFO - 2024-06-29 00:01:13 --> Controller Class Initialized
INFO - 2024-06-29 00:01:13 --> Model "Mconfigkey" initialized
INFO - 2024-06-29 00:01:13 --> Model "Msync_doc_aw" initialized
INFO - 2024-06-29 00:01:13 --> Final output sent to browser
DEBUG - 2024-06-29 00:01:13 --> Total execution time: 0.0219
INFO - 2024-06-29 00:01:14 --> Config Class Initialized
INFO - 2024-06-29 00:01:14 --> Hooks Class Initialized
DEBUG - 2024-06-29 00:01:14 --> UTF-8 Support Enabled
INFO - 2024-06-29 00:01:14 --> Utf8 Class Initialized
INFO - 2024-06-29 00:01:14 --> URI Class Initialized
INFO - 2024-06-29 00:01:14 --> Router Class Initialized
INFO - 2024-06-29 00:01:14 --> Output Class Initialized
INFO - 2024-06-29 00:01:14 --> Security Class Initialized
DEBUG - 2024-06-29 00:01:14 --> Global POST, GET and COOKIE data sanitized
INFO - 2024-06-29 00:01:14 --> Input Class Initialized
INFO - 2024-06-29 00:01:14 --> Language Class Initialized
INFO - 2024-06-29 00:01:14 --> Loader Class Initialized
INFO - 2024-06-29 00:01:14 --> Helper loaded: url_helper
INFO - 2024-06-29 00:01:14 --> Database Driver Class Initialized
INFO - 2024-06-29 00:01:14 --> Controller Class Initialized
INFO - 2024-06-29 00:01:14 --> Model "Mconfigkey" initialized
INFO - 2024-06-29 00:01:14 --> Model "Msync_doc_aw" initialized
INFO - 2024-06-29 00:01:14 --> Final output sent to browser
DEBUG - 2024-06-29 00:01:14 --> Total execution time: 0.0227
INFO - 2024-06-29 00:01:18 --> Config Class Initialized
INFO - 2024-06-29 00:01:18 --> Hooks Class Initialized
DEBUG - 2024-06-29 00:01:18 --> UTF-8 Support Enabled
INFO - 2024-06-29 00:01:18 --> Utf8 Class Initialized
INFO - 2024-06-29 00:01:18 --> URI Class Initialized
INFO - 2024-06-29 00:01:18 --> Router Class Initialized
INFO - 2024-06-29 00:01:18 --> Output Class Initialized
INFO - 2024-06-29 00:01:18 --> Security Class Initialized
DEBUG - 2024-06-29 00:01:18 --> Global POST, GET and COOKIE data sanitized
INFO - 2024-06-29 00:01:18 --> Input Class Initialized
INFO - 2024-06-29 00:01:18 --> Language Class Initialized
INFO - 2024-06-29 00:01:18 --> Loader Class Initialized
INFO - 2024-06-29 00:01:18 --> Helper loaded: url_helper
INFO - 2024-06-29 00:01:18 --> Database Driver Class Initialized
INFO - 2024-06-29 00:01:18 --> Controller Class Initialized
INFO - 2024-06-29 00:01:18 --> Model "Mconfigkey" initialized
INFO - 2024-06-29 00:01:18 --> Model "Msync_doc_aw" initialized
INFO - 2024-06-29 00:01:18 --> Final output sent to browser
DEBUG - 2024-06-29 00:01:18 --> Total execution time: 0.0204
INFO - 2024-06-29 00:01:20 --> Config Class Initialized
INFO - 2024-06-29 00:01:20 --> Hooks Class Initialized
DEBUG - 2024-06-29 00:01:20 --> UTF-8 Support Enabled
INFO - 2024-06-29 00:01:20 --> Utf8 Class Initialized
INFO - 2024-06-29 00:01:20 --> URI Class Initialized
INFO - 2024-06-29 00:01:20 --> Router Class Initialized
INFO - 2024-06-29 00:01:20 --> Output Class Initialized
INFO - 2024-06-29 00:01:20 --> Security Class Initialized
DEBUG - 2024-06-29 00:01:20 --> Global POST, GET and COOKIE data sanitized
INFO - 2024-06-29 00:01:20 --> Input Class Initialized
INFO - 2024-06-29 00:01:20 --> Language Class Initialized
INFO - 2024-06-29 00:01:20 --> Loader Class Initialized
INFO - 2024-06-29 00:01:20 --> Helper loaded: url_helper
INFO - 2024-06-29 00:01:20 --> Database Driver Class Initialized
INFO - 2024-06-29 00:01:20 --> Controller Class Initialized
INFO - 2024-06-29 00:01:20 --> Model "Mconfigkey" initialized
INFO - 2024-06-29 00:01:20 --> Model "Msync_doc_aw" initialized
INFO - 2024-06-29 00:01:20 --> Final output sent to browser
DEBUG - 2024-06-29 00:01:20 --> Total execution time: 0.0215
INFO - 2024-06-29 00:01:20 --> Config Class Initialized
INFO - 2024-06-29 00:01:20 --> Hooks Class Initialized
DEBUG - 2024-06-29 00:01:20 --> UTF-8 Support Enabled
INFO - 2024-06-29 00:01:20 --> Utf8 Class Initialized
INFO - 2024-06-29 00:01:20 --> URI Class Initialized
INFO - 2024-06-29 00:01:20 --> Router Class Initialized
INFO - 2024-06-29 00:01:20 --> Output Class Initialized
INFO - 2024-06-29 00:01:20 --> Security Class Initialized
DEBUG - 2024-06-29 00:01:20 --> Global POST, GET and COOKIE data sanitized
INFO - 2024-06-29 00:01:20 --> Input Class Initialized
INFO - 2024-06-29 00:01:20 --> Language Class Initialized
INFO - 2024-06-29 00:01:20 --> Loader Class Initialized
INFO - 2024-06-29 00:01:20 --> Helper loaded: url_helper
INFO - 2024-06-29 00:01:20 --> Database Driver Class Initialized
INFO - 2024-06-29 00:01:20 --> Controller Class Initialized
INFO - 2024-06-29 00:01:20 --> Model "Mconfigkey" initialized
INFO - 2024-06-29 00:01:20 --> Model "Msync_doc_aw" initialized
INFO - 2024-06-29 00:01:20 --> Final output sent to browser
DEBUG - 2024-06-29 00:01:20 --> Total execution time: 0.0203
INFO - 2024-06-29 00:01:20 --> Config Class Initialized
INFO - 2024-06-29 00:01:20 --> Hooks Class Initialized
DEBUG - 2024-06-29 00:01:20 --> UTF-8 Support Enabled
INFO - 2024-06-29 00:01:20 --> Utf8 Class Initialized
INFO - 2024-06-29 00:01:20 --> URI Class Initialized
INFO - 2024-06-29 00:01:20 --> Router Class Initialized
INFO - 2024-06-29 00:01:20 --> Output Class Initialized
INFO - 2024-06-29 00:01:20 --> Security Class Initialized
DEBUG - 2024-06-29 00:01:20 --> Global POST, GET and COOKIE data sanitized
INFO - 2024-06-29 00:01:20 --> Input Class Initialized
INFO - 2024-06-29 00:01:20 --> Language Class Initialized
INFO - 2024-06-29 00:01:20 --> Loader Class Initialized
INFO - 2024-06-29 00:01:20 --> Helper loaded: url_helper
INFO - 2024-06-29 00:01:20 --> Database Driver Class Initialized
INFO - 2024-06-29 00:01:20 --> Controller Class Initialized
INFO - 2024-06-29 00:01:20 --> Model "Mconfigkey" initialized
INFO - 2024-06-29 00:01:20 --> Model "Msync_doc_aw" initialized
INFO - 2024-06-29 00:01:20 --> Final output sent to browser
DEBUG - 2024-06-29 00:01:20 --> Total execution time: 0.0200
INFO - 2024-06-29 00:01:25 --> Config Class Initialized
INFO - 2024-06-29 00:01:25 --> Hooks Class Initialized
DEBUG - 2024-06-29 00:01:25 --> UTF-8 Support Enabled
INFO - 2024-06-29 00:01:25 --> Utf8 Class Initialized
INFO - 2024-06-29 00:01:25 --> URI Class Initialized
INFO - 2024-06-29 00:01:25 --> Router Class Initialized
INFO - 2024-06-29 00:01:25 --> Output Class Initialized
INFO - 2024-06-29 00:01:25 --> Security Class Initialized
DEBUG - 2024-06-29 00:01:25 --> Global POST, GET and COOKIE data sanitized
INFO - 2024-06-29 00:01:25 --> Input Class Initialized
INFO - 2024-06-29 00:01:25 --> Language Class Initialized
INFO - 2024-06-29 00:01:25 --> Loader Class Initialized
INFO - 2024-06-29 00:01:25 --> Helper loaded: url_helper
INFO - 2024-06-29 00:01:25 --> Database Driver Class Initialized
INFO - 2024-06-29 00:01:25 --> Controller Class Initialized
INFO - 2024-06-29 00:01:25 --> Model "Mconfigkey" initialized
INFO - 2024-06-29 00:01:25 --> Model "Msync_doc_aw" initialized
INFO - 2024-06-29 00:01:25 --> Final output sent to browser
DEBUG - 2024-06-29 00:01:25 --> Total execution time: 0.0203
INFO - 2024-06-29 00:01:25 --> Config Class Initialized
INFO - 2024-06-29 00:01:25 --> Hooks Class Initialized
DEBUG - 2024-06-29 00:01:25 --> UTF-8 Support Enabled
INFO - 2024-06-29 00:01:25 --> Utf8 Class Initialized
INFO - 2024-06-29 00:01:25 --> URI Class Initialized
INFO - 2024-06-29 00:01:25 --> Router Class Initialized
INFO - 2024-06-29 00:01:25 --> Output Class Initialized
INFO - 2024-06-29 00:01:25 --> Security Class Initialized
DEBUG - 2024-06-29 00:01:25 --> Global POST, GET and COOKIE data sanitized
INFO - 2024-06-29 00:01:25 --> Input Class Initialized
INFO - 2024-06-29 00:01:25 --> Language Class Initialized
INFO - 2024-06-29 00:01:25 --> Loader Class Initialized
INFO - 2024-06-29 00:01:25 --> Helper loaded: url_helper
INFO - 2024-06-29 00:01:25 --> Database Driver Class Initialized
INFO - 2024-06-29 00:01:25 --> Controller Class Initialized
INFO - 2024-06-29 00:01:25 --> Model "Mconfigkey" initialized
INFO - 2024-06-29 00:01:25 --> Model "Msync_doc_aw" initialized
INFO - 2024-06-29 00:01:25 --> Final output sent to browser
DEBUG - 2024-06-29 00:01:25 --> Total execution time: 0.0199
INFO - 2024-06-29 00:01:28 --> Config Class Initialized
INFO - 2024-06-29 00:01:28 --> Hooks Class Initialized
DEBUG - 2024-06-29 00:01:28 --> UTF-8 Support Enabled
INFO - 2024-06-29 00:01:28 --> Utf8 Class Initialized
INFO - 2024-06-29 00:01:28 --> URI Class Initialized
INFO - 2024-06-29 00:01:28 --> Router Class Initialized
INFO - 2024-06-29 00:01:28 --> Output Class Initialized
INFO - 2024-06-29 00:01:28 --> Security Class Initialized
DEBUG - 2024-06-29 00:01:28 --> Global POST, GET and COOKIE data sanitized
INFO - 2024-06-29 00:01:28 --> Input Class Initialized
INFO - 2024-06-29 00:01:28 --> Language Class Initialized
INFO - 2024-06-29 00:01:28 --> Loader Class Initialized
INFO - 2024-06-29 00:01:28 --> Helper loaded: url_helper
INFO - 2024-06-29 00:01:28 --> Database Driver Class Initialized
INFO - 2024-06-29 00:01:28 --> Controller Class Initialized
INFO - 2024-06-29 00:01:28 --> Model "Mconfigkey" initialized
INFO - 2024-06-29 00:01:28 --> Model "Msync_doc_aw" initialized
INFO - 2024-06-29 00:01:28 --> Final output sent to browser
DEBUG - 2024-06-29 00:01:28 --> Total execution time: 0.0200
INFO - 2024-06-29 00:01:31 --> Config Class Initialized
INFO - 2024-06-29 00:01:31 --> Hooks Class Initialized
DEBUG - 2024-06-29 00:01:31 --> UTF-8 Support Enabled
INFO - 2024-06-29 00:01:31 --> Utf8 Class Initialized
INFO - 2024-06-29 00:01:31 --> URI Class Initialized
INFO - 2024-06-29 00:01:31 --> Router Class Initialized
INFO - 2024-06-29 00:01:31 --> Output Class Initialized
INFO - 2024-06-29 00:01:31 --> Security Class Initialized
DEBUG - 2024-06-29 00:01:31 --> Global POST, GET and COOKIE data sanitized
INFO - 2024-06-29 00:01:31 --> Input Class Initialized
INFO - 2024-06-29 00:01:31 --> Language Class Initialized
INFO - 2024-06-29 00:01:31 --> Loader Class Initialized
INFO - 2024-06-29 00:01:31 --> Helper loaded: url_helper
INFO - 2024-06-29 00:01:31 --> Database Driver Class Initialized
INFO - 2024-06-29 00:01:31 --> Controller Class Initialized
INFO - 2024-06-29 00:01:31 --> Model "Mconfigkey" initialized
INFO - 2024-06-29 00:01:31 --> Model "Msync_doc_aw" initialized
INFO - 2024-06-29 00:01:31 --> Final output sent to browser
DEBUG - 2024-06-29 00:01:31 --> Total execution time: 0.0198
INFO - 2024-06-29 00:01:35 --> Config Class Initialized
INFO - 2024-06-29 00:01:35 --> Hooks Class Initialized
DEBUG - 2024-06-29 00:01:35 --> UTF-8 Support Enabled
INFO - 2024-06-29 00:01:35 --> Utf8 Class Initialized
INFO - 2024-06-29 00:01:35 --> URI Class Initialized
INFO - 2024-06-29 00:01:35 --> Router Class Initialized
INFO - 2024-06-29 00:01:35 --> Output Class Initialized
INFO - 2024-06-29 00:01:35 --> Security Class Initialized
DEBUG - 2024-06-29 00:01:35 --> Global POST, GET and COOKIE data sanitized
INFO - 2024-06-29 00:01:35 --> Input Class Initialized
INFO - 2024-06-29 00:01:35 --> Language Class Initialized
INFO - 2024-06-29 00:01:35 --> Loader Class Initialized
INFO - 2024-06-29 00:01:35 --> Helper loaded: url_helper
INFO - 2024-06-29 00:01:35 --> Database Driver Class Initialized
INFO - 2024-06-29 00:01:35 --> Controller Class Initialized
INFO - 2024-06-29 00:01:35 --> Model "Mconfigkey" initialized
INFO - 2024-06-29 00:01:35 --> Model "Msync_doc_aw" initialized
INFO - 2024-06-29 00:01:35 --> Final output sent to browser
DEBUG - 2024-06-29 00:01:35 --> Total execution time: 0.0200
INFO - 2024-06-29 00:01:38 --> Config Class Initialized
INFO - 2024-06-29 00:01:38 --> Hooks Class Initialized
DEBUG - 2024-06-29 00:01:38 --> UTF-8 Support Enabled
INFO - 2024-06-29 00:01:38 --> Utf8 Class Initialized
INFO - 2024-06-29 00:01:38 --> URI Class Initialized
INFO - 2024-06-29 00:01:38 --> Router Class Initialized
INFO - 2024-06-29 00:01:38 --> Output Class Initialized
INFO - 2024-06-29 00:01:38 --> Security Class Initialized
DEBUG - 2024-06-29 00:01:38 --> Global POST, GET and COOKIE data sanitized
INFO - 2024-06-29 00:01:38 --> Input Class Initialized
INFO - 2024-06-29 00:01:38 --> Language Class Initialized
INFO - 2024-06-29 00:01:38 --> Loader Class Initialized
INFO - 2024-06-29 00:01:38 --> Helper loaded: url_helper
INFO - 2024-06-29 00:01:38 --> Database Driver Class Initialized
INFO - 2024-06-29 00:01:38 --> Controller Class Initialized
INFO - 2024-06-29 00:01:38 --> Model "Mconfigkey" initialized
INFO - 2024-06-29 00:01:38 --> Model "Msync_doc_aw" initialized
INFO - 2024-06-29 00:01:38 --> Final output sent to browser
DEBUG - 2024-06-29 00:01:38 --> Total execution time: 0.0202
INFO - 2024-06-29 00:01:38 --> Config Class Initialized
INFO - 2024-06-29 00:01:38 --> Hooks Class Initialized
DEBUG - 2024-06-29 00:01:38 --> UTF-8 Support Enabled
INFO - 2024-06-29 00:01:38 --> Utf8 Class Initialized
INFO - 2024-06-29 00:01:38 --> URI Class Initialized
INFO - 2024-06-29 00:01:38 --> Router Class Initialized
INFO - 2024-06-29 00:01:38 --> Output Class Initialized
INFO - 2024-06-29 00:01:38 --> Security Class Initialized
DEBUG - 2024-06-29 00:01:38 --> Global POST, GET and COOKIE data sanitized
INFO - 2024-06-29 00:01:38 --> Input Class Initialized
INFO - 2024-06-29 00:01:38 --> Language Class Initialized
INFO - 2024-06-29 00:01:38 --> Loader Class Initialized
INFO - 2024-06-29 00:01:38 --> Helper loaded: url_helper
INFO - 2024-06-29 00:01:38 --> Database Driver Class Initialized
INFO - 2024-06-29 00:01:38 --> Controller Class Initialized
INFO - 2024-06-29 00:01:38 --> Model "Mconfigkey" initialized
INFO - 2024-06-29 00:01:38 --> Model "Msync_doc_aw" initialized
INFO - 2024-06-29 00:01:38 --> Final output sent to browser
DEBUG - 2024-06-29 00:01:38 --> Total execution time: 0.0199
INFO - 2024-06-29 00:01:42 --> Config Class Initialized
INFO - 2024-06-29 00:01:42 --> Hooks Class Initialized
DEBUG - 2024-06-29 00:01:42 --> UTF-8 Support Enabled
INFO - 2024-06-29 00:01:42 --> Utf8 Class Initialized
INFO - 2024-06-29 00:01:42 --> URI Class Initialized
INFO - 2024-06-29 00:01:42 --> Router Class Initialized
INFO - 2024-06-29 00:01:42 --> Output Class Initialized
INFO - 2024-06-29 00:01:42 --> Security Class Initialized
DEBUG - 2024-06-29 00:01:42 --> Global POST, GET and COOKIE data sanitized
INFO - 2024-06-29 00:01:42 --> Input Class Initialized
INFO - 2024-06-29 00:01:42 --> Language Class Initialized
INFO - 2024-06-29 00:01:42 --> Loader Class Initialized
INFO - 2024-06-29 00:01:42 --> Helper loaded: url_helper
INFO - 2024-06-29 00:01:42 --> Database Driver Class Initialized
INFO - 2024-06-29 00:01:42 --> Controller Class Initialized
INFO - 2024-06-29 00:01:42 --> Model "Mconfigkey" initialized
INFO - 2024-06-29 00:01:42 --> Model "Msync_doc_aw" initialized
INFO - 2024-06-29 00:01:42 --> Final output sent to browser
DEBUG - 2024-06-29 00:01:42 --> Total execution time: 0.0200
