INFO - 2025-06-01 11:19:13 --> Config Class Initialized
INFO - 2025-06-01 11:19:13 --> Hooks Class Initialized
DEBUG - 2025-06-01 11:19:13 --> UTF-8 Support Enabled
INFO - 2025-06-01 11:19:13 --> Utf8 Class Initialized
INFO - 2025-06-01 11:19:13 --> URI Class Initialized
INFO - 2025-06-01 11:19:13 --> Router Class Initialized
INFO - 2025-06-01 11:19:13 --> Output Class Initialized
INFO - 2025-06-01 11:19:13 --> Security Class Initialized
DEBUG - 2025-06-01 11:19:13 --> Global POST, GET and COOKIE data sanitized
INFO - 2025-06-01 11:19:13 --> Input Class Initialized
INFO - 2025-06-01 11:19:13 --> Language Class Initialized
INFO - 2025-06-01 11:19:13 --> Loader Class Initialized
INFO - 2025-06-01 11:19:13 --> Helper loaded: url_helper
INFO - 2025-06-01 11:19:13 --> Database Driver Class Initialized
INFO - 2025-06-01 11:19:13 --> Controller Class Initialized
INFO - 2025-06-01 11:19:14 --> Model "Mconfigkey" initialized
INFO - 2025-06-01 11:19:14 --> Final output sent to browser
DEBUG - 2025-06-01 11:19:14 --> Total execution time: 0.6671
INFO - 2025-06-01 11:19:16 --> Config Class Initialized
INFO - 2025-06-01 11:19:16 --> Hooks Class Initialized
DEBUG - 2025-06-01 11:19:16 --> UTF-8 Support Enabled
INFO - 2025-06-01 11:19:16 --> Utf8 Class Initialized
INFO - 2025-06-01 11:19:16 --> URI Class Initialized
INFO - 2025-06-01 11:19:16 --> Router Class Initialized
INFO - 2025-06-01 11:19:16 --> Output Class Initialized
INFO - 2025-06-01 11:19:16 --> Security Class Initialized
DEBUG - 2025-06-01 11:19:16 --> Global POST, GET and COOKIE data sanitized
INFO - 2025-06-01 11:19:16 --> Input Class Initialized
INFO - 2025-06-01 11:19:16 --> Language Class Initialized
INFO - 2025-06-01 11:19:16 --> Loader Class Initialized
INFO - 2025-06-01 11:19:16 --> Helper loaded: url_helper
INFO - 2025-06-01 11:19:16 --> Database Driver Class Initialized
INFO - 2025-06-01 11:19:16 --> Controller Class Initialized
INFO - 2025-06-01 11:19:16 --> Model "Mconfigkey" initialized
INFO - 2025-06-01 11:19:16 --> Final output sent to browser
DEBUG - 2025-06-01 11:19:16 --> Total execution time: 0.0230
INFO - 2025-06-01 11:25:42 --> Config Class Initialized
INFO - 2025-06-01 11:25:42 --> Hooks Class Initialized
DEBUG - 2025-06-01 11:25:42 --> UTF-8 Support Enabled
INFO - 2025-06-01 11:25:42 --> Utf8 Class Initialized
INFO - 2025-06-01 11:25:42 --> URI Class Initialized
INFO - 2025-06-01 11:25:42 --> Router Class Initialized
INFO - 2025-06-01 11:25:42 --> Output Class Initialized
INFO - 2025-06-01 11:25:42 --> Security Class Initialized
DEBUG - 2025-06-01 11:25:42 --> Global POST, GET and COOKIE data sanitized
INFO - 2025-06-01 11:25:42 --> Input Class Initialized
INFO - 2025-06-01 11:25:42 --> Language Class Initialized
INFO - 2025-06-01 11:25:42 --> Loader Class Initialized
INFO - 2025-06-01 11:25:42 --> Helper loaded: url_helper
INFO - 2025-06-01 11:25:42 --> Database Driver Class Initialized
INFO - 2025-06-01 11:25:42 --> Controller Class Initialized
INFO - 2025-06-01 11:25:42 --> Model "Mconfigkey" initialized
INFO - 2025-06-01 11:25:42 --> Final output sent to browser
DEBUG - 2025-06-01 11:25:42 --> Total execution time: 0.0223
INFO - 2025-06-01 11:25:47 --> Config Class Initialized
INFO - 2025-06-01 11:25:47 --> Hooks Class Initialized
DEBUG - 2025-06-01 11:25:47 --> UTF-8 Support Enabled
INFO - 2025-06-01 11:25:47 --> Utf8 Class Initialized
INFO - 2025-06-01 11:25:47 --> URI Class Initialized
INFO - 2025-06-01 11:25:47 --> Router Class Initialized
INFO - 2025-06-01 11:25:47 --> Output Class Initialized
INFO - 2025-06-01 11:25:47 --> Security Class Initialized
DEBUG - 2025-06-01 11:25:47 --> Global POST, GET and COOKIE data sanitized
INFO - 2025-06-01 11:25:47 --> Input Class Initialized
INFO - 2025-06-01 11:25:47 --> Language Class Initialized
INFO - 2025-06-01 11:25:47 --> Loader Class Initialized
INFO - 2025-06-01 11:25:47 --> Helper loaded: url_helper
INFO - 2025-06-01 11:25:47 --> Database Driver Class Initialized
INFO - 2025-06-01 11:25:47 --> Controller Class Initialized
INFO - 2025-06-01 11:25:47 --> Model "Mauth" initialized
INFO - 2025-06-01 11:25:47 --> Model "Mconfigkey" initialized
INFO - 2025-06-01 11:25:47 --> Final output sent to browser
DEBUG - 2025-06-01 11:25:47 --> Total execution time: 0.0427
INFO - 2025-06-01 11:25:48 --> Config Class Initialized
INFO - 2025-06-01 11:25:48 --> Hooks Class Initialized
DEBUG - 2025-06-01 11:25:48 --> UTF-8 Support Enabled
INFO - 2025-06-01 11:25:48 --> Utf8 Class Initialized
INFO - 2025-06-01 11:25:48 --> URI Class Initialized
INFO - 2025-06-01 11:25:48 --> Router Class Initialized
INFO - 2025-06-01 11:25:48 --> Output Class Initialized
INFO - 2025-06-01 11:25:48 --> Security Class Initialized
DEBUG - 2025-06-01 11:25:48 --> Global POST, GET and COOKIE data sanitized
INFO - 2025-06-01 11:25:48 --> Input Class Initialized
INFO - 2025-06-01 11:25:48 --> Language Class Initialized
INFO - 2025-06-01 11:25:48 --> Loader Class Initialized
INFO - 2025-06-01 11:25:48 --> Helper loaded: url_helper
INFO - 2025-06-01 11:25:48 --> Database Driver Class Initialized
INFO - 2025-06-01 11:25:48 --> Controller Class Initialized
INFO - 2025-06-01 11:25:48 --> Model "Mconfigkey" initialized
INFO - 2025-06-01 11:25:48 --> Final output sent to browser
DEBUG - 2025-06-01 11:25:48 --> Total execution time: 0.0213
INFO - 2025-06-01 11:25:50 --> Config Class Initialized
INFO - 2025-06-01 11:25:50 --> Hooks Class Initialized
DEBUG - 2025-06-01 11:25:50 --> UTF-8 Support Enabled
INFO - 2025-06-01 11:25:50 --> Utf8 Class Initialized
INFO - 2025-06-01 11:25:50 --> URI Class Initialized
INFO - 2025-06-01 11:25:50 --> Router Class Initialized
INFO - 2025-06-01 11:25:50 --> Output Class Initialized
INFO - 2025-06-01 11:25:50 --> Security Class Initialized
DEBUG - 2025-06-01 11:25:50 --> Global POST, GET and COOKIE data sanitized
INFO - 2025-06-01 11:25:50 --> Input Class Initialized
INFO - 2025-06-01 11:25:50 --> Language Class Initialized
INFO - 2025-06-01 11:25:50 --> Loader Class Initialized
INFO - 2025-06-01 11:25:50 --> Helper loaded: url_helper
INFO - 2025-06-01 11:25:51 --> Database Driver Class Initialized
INFO - 2025-06-01 11:25:51 --> Controller Class Initialized
INFO - 2025-06-01 11:25:51 --> Model "Mconfigkey" initialized
INFO - 2025-06-01 11:25:51 --> Final output sent to browser
DEBUG - 2025-06-01 11:25:51 --> Total execution time: 0.0212
INFO - 2025-06-01 11:25:54 --> Config Class Initialized
INFO - 2025-06-01 11:25:54 --> Hooks Class Initialized
DEBUG - 2025-06-01 11:25:54 --> UTF-8 Support Enabled
INFO - 2025-06-01 11:25:54 --> Utf8 Class Initialized
INFO - 2025-06-01 11:25:54 --> URI Class Initialized
INFO - 2025-06-01 11:25:54 --> Router Class Initialized
INFO - 2025-06-01 11:25:54 --> Output Class Initialized
INFO - 2025-06-01 11:25:54 --> Security Class Initialized
DEBUG - 2025-06-01 11:25:54 --> Global POST, GET and COOKIE data sanitized
INFO - 2025-06-01 11:25:54 --> Input Class Initialized
INFO - 2025-06-01 11:25:54 --> Language Class Initialized
INFO - 2025-06-01 11:25:54 --> Loader Class Initialized
INFO - 2025-06-01 11:25:54 --> Helper loaded: url_helper
INFO - 2025-06-01 11:25:54 --> Database Driver Class Initialized
INFO - 2025-06-01 11:25:54 --> Controller Class Initialized
INFO - 2025-06-01 11:25:54 --> Model "Mconfigkey" initialized
INFO - 2025-06-01 11:25:54 --> Model "Mportal_data" initialized
INFO - 2025-06-01 11:25:54 --> Final output sent to browser
DEBUG - 2025-06-01 11:25:54 --> Total execution time: 0.0759
INFO - 2025-06-01 11:25:56 --> Config Class Initialized
INFO - 2025-06-01 11:25:56 --> Hooks Class Initialized
DEBUG - 2025-06-01 11:25:56 --> UTF-8 Support Enabled
INFO - 2025-06-01 11:25:56 --> Utf8 Class Initialized
INFO - 2025-06-01 11:25:56 --> URI Class Initialized
INFO - 2025-06-01 11:25:56 --> Router Class Initialized
INFO - 2025-06-01 11:25:56 --> Output Class Initialized
INFO - 2025-06-01 11:25:56 --> Security Class Initialized
DEBUG - 2025-06-01 11:25:56 --> Global POST, GET and COOKIE data sanitized
INFO - 2025-06-01 11:25:56 --> Input Class Initialized
INFO - 2025-06-01 11:25:56 --> Language Class Initialized
INFO - 2025-06-01 11:25:56 --> Loader Class Initialized
INFO - 2025-06-01 11:25:56 --> Helper loaded: url_helper
INFO - 2025-06-01 11:25:56 --> Database Driver Class Initialized
INFO - 2025-06-01 11:25:56 --> Controller Class Initialized
INFO - 2025-06-01 11:25:56 --> Model "Mconfigkey" initialized
INFO - 2025-06-01 11:25:56 --> Model "Msync_doc_aw" initialized
INFO - 2025-06-01 11:25:58 --> Final output sent to browser
DEBUG - 2025-06-01 11:25:58 --> Total execution time: 1.9384
INFO - 2025-06-01 11:26:02 --> Config Class Initialized
INFO - 2025-06-01 11:26:02 --> Hooks Class Initialized
DEBUG - 2025-06-01 11:26:02 --> UTF-8 Support Enabled
INFO - 2025-06-01 11:26:02 --> Utf8 Class Initialized
INFO - 2025-06-01 11:26:02 --> URI Class Initialized
INFO - 2025-06-01 11:26:02 --> Router Class Initialized
INFO - 2025-06-01 11:26:02 --> Output Class Initialized
INFO - 2025-06-01 11:26:02 --> Security Class Initialized
DEBUG - 2025-06-01 11:26:02 --> Global POST, GET and COOKIE data sanitized
INFO - 2025-06-01 11:26:02 --> Input Class Initialized
INFO - 2025-06-01 11:26:02 --> Language Class Initialized
INFO - 2025-06-01 11:26:02 --> Loader Class Initialized
INFO - 2025-06-01 11:26:02 --> Helper loaded: url_helper
INFO - 2025-06-01 11:26:02 --> Database Driver Class Initialized
INFO - 2025-06-01 11:26:02 --> Controller Class Initialized
INFO - 2025-06-01 11:26:02 --> Model "Mconfigkey" initialized
INFO - 2025-06-01 11:26:02 --> Model "Msync_doc_aw" initialized
INFO - 2025-06-01 11:26:04 --> Final output sent to browser
DEBUG - 2025-06-01 11:26:04 --> Total execution time: 2.1352
INFO - 2025-06-01 11:26:07 --> Config Class Initialized
INFO - 2025-06-01 11:26:07 --> Hooks Class Initialized
DEBUG - 2025-06-01 11:26:07 --> UTF-8 Support Enabled
INFO - 2025-06-01 11:26:07 --> Utf8 Class Initialized
INFO - 2025-06-01 11:26:07 --> URI Class Initialized
INFO - 2025-06-01 11:26:07 --> Router Class Initialized
INFO - 2025-06-01 11:26:07 --> Output Class Initialized
INFO - 2025-06-01 11:26:07 --> Security Class Initialized
DEBUG - 2025-06-01 11:26:07 --> Global POST, GET and COOKIE data sanitized
INFO - 2025-06-01 11:26:07 --> Input Class Initialized
INFO - 2025-06-01 11:26:07 --> Language Class Initialized
INFO - 2025-06-01 11:26:07 --> Loader Class Initialized
INFO - 2025-06-01 11:26:07 --> Helper loaded: url_helper
INFO - 2025-06-01 11:26:07 --> Database Driver Class Initialized
INFO - 2025-06-01 11:26:07 --> Controller Class Initialized
INFO - 2025-06-01 11:26:07 --> Model "Mconfigkey" initialized
INFO - 2025-06-01 11:26:07 --> Model "Msync_doc_aw" initialized
INFO - 2025-06-01 11:26:09 --> Final output sent to browser
DEBUG - 2025-06-01 11:26:09 --> Total execution time: 2.3671
INFO - 2025-06-01 11:26:10 --> Config Class Initialized
INFO - 2025-06-01 11:26:10 --> Hooks Class Initialized
DEBUG - 2025-06-01 11:26:10 --> UTF-8 Support Enabled
INFO - 2025-06-01 11:26:10 --> Utf8 Class Initialized
INFO - 2025-06-01 11:26:10 --> URI Class Initialized
INFO - 2025-06-01 11:26:10 --> Router Class Initialized
INFO - 2025-06-01 11:26:10 --> Output Class Initialized
INFO - 2025-06-01 11:26:10 --> Security Class Initialized
DEBUG - 2025-06-01 11:26:10 --> Global POST, GET and COOKIE data sanitized
INFO - 2025-06-01 11:26:10 --> Input Class Initialized
INFO - 2025-06-01 11:26:10 --> Language Class Initialized
INFO - 2025-06-01 11:26:10 --> Loader Class Initialized
INFO - 2025-06-01 11:26:10 --> Helper loaded: url_helper
INFO - 2025-06-01 11:26:10 --> Database Driver Class Initialized
INFO - 2025-06-01 11:26:10 --> Controller Class Initialized
INFO - 2025-06-01 11:26:10 --> Model "Mconfigkey" initialized
INFO - 2025-06-01 11:26:10 --> Model "Msync_doc_aw" initialized
INFO - 2025-06-01 11:26:12 --> Final output sent to browser
DEBUG - 2025-06-01 11:26:12 --> Total execution time: 2.3953
INFO - 2025-06-01 11:26:18 --> Config Class Initialized
INFO - 2025-06-01 11:26:18 --> Hooks Class Initialized
DEBUG - 2025-06-01 11:26:18 --> UTF-8 Support Enabled
INFO - 2025-06-01 11:26:18 --> Utf8 Class Initialized
INFO - 2025-06-01 11:26:18 --> URI Class Initialized
INFO - 2025-06-01 11:26:18 --> Router Class Initialized
INFO - 2025-06-01 11:26:18 --> Output Class Initialized
INFO - 2025-06-01 11:26:18 --> Security Class Initialized
DEBUG - 2025-06-01 11:26:18 --> Global POST, GET and COOKIE data sanitized
INFO - 2025-06-01 11:26:18 --> Input Class Initialized
INFO - 2025-06-01 11:26:18 --> Language Class Initialized
INFO - 2025-06-01 11:26:18 --> Loader Class Initialized
INFO - 2025-06-01 11:26:18 --> Helper loaded: url_helper
INFO - 2025-06-01 11:26:18 --> Database Driver Class Initialized
INFO - 2025-06-01 11:26:18 --> Controller Class Initialized
INFO - 2025-06-01 11:26:18 --> Model "Mconfigkey" initialized
INFO - 2025-06-01 11:26:18 --> Model "Mportal_data" initialized
INFO - 2025-06-01 11:26:18 --> Final output sent to browser
DEBUG - 2025-06-01 11:26:18 --> Total execution time: 0.0690
INFO - 2025-06-01 11:26:20 --> Config Class Initialized
INFO - 2025-06-01 11:26:20 --> Hooks Class Initialized
DEBUG - 2025-06-01 11:26:20 --> UTF-8 Support Enabled
INFO - 2025-06-01 11:26:20 --> Utf8 Class Initialized
INFO - 2025-06-01 11:26:20 --> URI Class Initialized
INFO - 2025-06-01 11:26:20 --> Router Class Initialized
INFO - 2025-06-01 11:26:20 --> Output Class Initialized
INFO - 2025-06-01 11:26:20 --> Security Class Initialized
DEBUG - 2025-06-01 11:26:20 --> Global POST, GET and COOKIE data sanitized
INFO - 2025-06-01 11:26:20 --> Input Class Initialized
INFO - 2025-06-01 11:26:20 --> Language Class Initialized
INFO - 2025-06-01 11:26:20 --> Loader Class Initialized
INFO - 2025-06-01 11:26:20 --> Helper loaded: url_helper
INFO - 2025-06-01 11:26:20 --> Database Driver Class Initialized
INFO - 2025-06-01 11:26:20 --> Controller Class Initialized
INFO - 2025-06-01 11:26:20 --> Model "Mconfigkey" initialized
INFO - 2025-06-01 11:26:20 --> Final output sent to browser
DEBUG - 2025-06-01 11:26:20 --> Total execution time: 0.0240
INFO - 2025-06-01 11:26:37 --> Config Class Initialized
INFO - 2025-06-01 11:26:37 --> Hooks Class Initialized
DEBUG - 2025-06-01 11:26:37 --> UTF-8 Support Enabled
INFO - 2025-06-01 11:26:37 --> Utf8 Class Initialized
INFO - 2025-06-01 11:26:37 --> URI Class Initialized
INFO - 2025-06-01 11:26:37 --> Router Class Initialized
INFO - 2025-06-01 11:26:37 --> Output Class Initialized
INFO - 2025-06-01 11:26:37 --> Security Class Initialized
DEBUG - 2025-06-01 11:26:37 --> Global POST, GET and COOKIE data sanitized
INFO - 2025-06-01 11:26:37 --> Input Class Initialized
INFO - 2025-06-01 11:26:37 --> Language Class Initialized
INFO - 2025-06-01 11:26:37 --> Loader Class Initialized
INFO - 2025-06-01 11:26:37 --> Helper loaded: url_helper
INFO - 2025-06-01 11:26:37 --> Database Driver Class Initialized
INFO - 2025-06-01 11:26:37 --> Controller Class Initialized
INFO - 2025-06-01 11:26:37 --> Model "Mconfigkey" initialized
INFO - 2025-06-01 11:26:37 --> Final output sent to browser
DEBUG - 2025-06-01 11:26:37 --> Total execution time: 0.0231
INFO - 2025-06-01 11:26:38 --> Config Class Initialized
INFO - 2025-06-01 11:26:38 --> Hooks Class Initialized
DEBUG - 2025-06-01 11:26:38 --> UTF-8 Support Enabled
INFO - 2025-06-01 11:26:38 --> Utf8 Class Initialized
INFO - 2025-06-01 11:26:38 --> URI Class Initialized
INFO - 2025-06-01 11:26:38 --> Router Class Initialized
INFO - 2025-06-01 11:26:38 --> Output Class Initialized
INFO - 2025-06-01 11:26:38 --> Security Class Initialized
DEBUG - 2025-06-01 11:26:38 --> Global POST, GET and COOKIE data sanitized
INFO - 2025-06-01 11:26:38 --> Input Class Initialized
INFO - 2025-06-01 11:26:38 --> Language Class Initialized
INFO - 2025-06-01 11:26:38 --> Loader Class Initialized
INFO - 2025-06-01 11:26:38 --> Helper loaded: url_helper
INFO - 2025-06-01 11:26:38 --> Database Driver Class Initialized
INFO - 2025-06-01 11:26:38 --> Controller Class Initialized
INFO - 2025-06-01 11:26:38 --> Model "Mconfigkey" initialized
INFO - 2025-06-01 11:26:38 --> Model "Mportal_data" initialized
INFO - 2025-06-01 11:26:38 --> Final output sent to browser
DEBUG - 2025-06-01 11:26:38 --> Total execution time: 0.0494
INFO - 2025-06-01 11:28:16 --> Config Class Initialized
INFO - 2025-06-01 11:28:16 --> Hooks Class Initialized
DEBUG - 2025-06-01 11:28:16 --> UTF-8 Support Enabled
INFO - 2025-06-01 11:28:16 --> Utf8 Class Initialized
INFO - 2025-06-01 11:28:16 --> URI Class Initialized
INFO - 2025-06-01 11:28:16 --> Router Class Initialized
INFO - 2025-06-01 11:28:16 --> Output Class Initialized
INFO - 2025-06-01 11:28:16 --> Security Class Initialized
DEBUG - 2025-06-01 11:28:16 --> Global POST, GET and COOKIE data sanitized
INFO - 2025-06-01 11:28:16 --> Input Class Initialized
INFO - 2025-06-01 11:28:16 --> Language Class Initialized
INFO - 2025-06-01 11:28:16 --> Loader Class Initialized
INFO - 2025-06-01 11:28:16 --> Helper loaded: url_helper
INFO - 2025-06-01 11:28:16 --> Database Driver Class Initialized
INFO - 2025-06-01 11:28:16 --> Controller Class Initialized
INFO - 2025-06-01 11:28:16 --> Model "Mconfigkey" initialized
INFO - 2025-06-01 11:28:16 --> Final output sent to browser
DEBUG - 2025-06-01 11:28:16 --> Total execution time: 0.0245
INFO - 2025-06-01 11:28:18 --> Config Class Initialized
INFO - 2025-06-01 11:28:18 --> Hooks Class Initialized
DEBUG - 2025-06-01 11:28:18 --> UTF-8 Support Enabled
INFO - 2025-06-01 11:28:18 --> Utf8 Class Initialized
INFO - 2025-06-01 11:28:18 --> URI Class Initialized
INFO - 2025-06-01 11:28:18 --> Router Class Initialized
INFO - 2025-06-01 11:28:18 --> Output Class Initialized
INFO - 2025-06-01 11:28:18 --> Security Class Initialized
DEBUG - 2025-06-01 11:28:18 --> Global POST, GET and COOKIE data sanitized
INFO - 2025-06-01 11:28:18 --> Input Class Initialized
INFO - 2025-06-01 11:28:18 --> Language Class Initialized
INFO - 2025-06-01 11:28:18 --> Loader Class Initialized
INFO - 2025-06-01 11:28:18 --> Helper loaded: url_helper
INFO - 2025-06-01 11:28:18 --> Database Driver Class Initialized
INFO - 2025-06-01 11:28:18 --> Controller Class Initialized
INFO - 2025-06-01 11:28:18 --> Model "Mconfigkey" initialized
INFO - 2025-06-01 11:28:18 --> Model "Mportal_data" initialized
INFO - 2025-06-01 11:28:18 --> Final output sent to browser
DEBUG - 2025-06-01 11:28:18 --> Total execution time: 0.0633
INFO - 2025-06-01 11:28:22 --> Config Class Initialized
INFO - 2025-06-01 11:28:22 --> Hooks Class Initialized
DEBUG - 2025-06-01 11:28:22 --> UTF-8 Support Enabled
INFO - 2025-06-01 11:28:22 --> Utf8 Class Initialized
INFO - 2025-06-01 11:28:22 --> URI Class Initialized
INFO - 2025-06-01 11:28:22 --> Router Class Initialized
INFO - 2025-06-01 11:28:22 --> Output Class Initialized
INFO - 2025-06-01 11:28:22 --> Security Class Initialized
DEBUG - 2025-06-01 11:28:22 --> Global POST, GET and COOKIE data sanitized
INFO - 2025-06-01 11:28:22 --> Input Class Initialized
INFO - 2025-06-01 11:28:22 --> Language Class Initialized
INFO - 2025-06-01 11:28:22 --> Loader Class Initialized
INFO - 2025-06-01 11:28:22 --> Helper loaded: url_helper
INFO - 2025-06-01 11:28:22 --> Database Driver Class Initialized
INFO - 2025-06-01 11:28:22 --> Controller Class Initialized
INFO - 2025-06-01 11:28:22 --> Model "Mconfigkey" initialized
INFO - 2025-06-01 11:28:22 --> Model "Mportal_data" initialized
INFO - 2025-06-01 11:28:22 --> Final output sent to browser
DEBUG - 2025-06-01 11:28:22 --> Total execution time: 0.0478
INFO - 2025-06-01 11:29:20 --> Config Class Initialized
INFO - 2025-06-01 11:29:20 --> Hooks Class Initialized
DEBUG - 2025-06-01 11:29:20 --> UTF-8 Support Enabled
INFO - 2025-06-01 11:29:20 --> Utf8 Class Initialized
INFO - 2025-06-01 11:29:20 --> URI Class Initialized
INFO - 2025-06-01 11:29:20 --> Router Class Initialized
INFO - 2025-06-01 11:29:20 --> Output Class Initialized
INFO - 2025-06-01 11:29:20 --> Security Class Initialized
DEBUG - 2025-06-01 11:29:20 --> Global POST, GET and COOKIE data sanitized
INFO - 2025-06-01 11:29:20 --> Input Class Initialized
INFO - 2025-06-01 11:29:20 --> Language Class Initialized
INFO - 2025-06-01 11:29:20 --> Loader Class Initialized
INFO - 2025-06-01 11:29:20 --> Helper loaded: url_helper
INFO - 2025-06-01 11:29:20 --> Database Driver Class Initialized
INFO - 2025-06-01 11:29:20 --> Controller Class Initialized
INFO - 2025-06-01 11:29:20 --> Model "Mconfigkey" initialized
INFO - 2025-06-01 11:29:20 --> Final output sent to browser
DEBUG - 2025-06-01 11:29:20 --> Total execution time: 0.0259
INFO - 2025-06-01 11:29:26 --> Config Class Initialized
INFO - 2025-06-01 11:29:26 --> Hooks Class Initialized
DEBUG - 2025-06-01 11:29:26 --> UTF-8 Support Enabled
INFO - 2025-06-01 11:29:26 --> Utf8 Class Initialized
INFO - 2025-06-01 11:29:26 --> URI Class Initialized
INFO - 2025-06-01 11:29:26 --> Router Class Initialized
INFO - 2025-06-01 11:29:26 --> Output Class Initialized
INFO - 2025-06-01 11:29:26 --> Security Class Initialized
DEBUG - 2025-06-01 11:29:26 --> Global POST, GET and COOKIE data sanitized
INFO - 2025-06-01 11:29:26 --> Input Class Initialized
INFO - 2025-06-01 11:29:26 --> Language Class Initialized
INFO - 2025-06-01 11:29:26 --> Loader Class Initialized
INFO - 2025-06-01 11:29:26 --> Helper loaded: url_helper
INFO - 2025-06-01 11:29:26 --> Database Driver Class Initialized
INFO - 2025-06-01 11:29:26 --> Controller Class Initialized
INFO - 2025-06-01 11:29:26 --> Model "Mconfigkey" initialized
INFO - 2025-06-01 11:29:26 --> Model "Mportal_data" initialized
INFO - 2025-06-01 11:29:26 --> Final output sent to browser
DEBUG - 2025-06-01 11:29:26 --> Total execution time: 0.0637
INFO - 2025-06-01 11:29:27 --> Config Class Initialized
INFO - 2025-06-01 11:29:27 --> Hooks Class Initialized
DEBUG - 2025-06-01 11:29:27 --> UTF-8 Support Enabled
INFO - 2025-06-01 11:29:27 --> Utf8 Class Initialized
INFO - 2025-06-01 11:29:27 --> URI Class Initialized
INFO - 2025-06-01 11:29:27 --> Router Class Initialized
INFO - 2025-06-01 11:29:27 --> Output Class Initialized
INFO - 2025-06-01 11:29:27 --> Security Class Initialized
DEBUG - 2025-06-01 11:29:27 --> Global POST, GET and COOKIE data sanitized
INFO - 2025-06-01 11:29:27 --> Input Class Initialized
INFO - 2025-06-01 11:29:27 --> Language Class Initialized
INFO - 2025-06-01 11:29:27 --> Loader Class Initialized
INFO - 2025-06-01 11:29:27 --> Helper loaded: url_helper
INFO - 2025-06-01 11:29:27 --> Database Driver Class Initialized
INFO - 2025-06-01 11:29:27 --> Controller Class Initialized
INFO - 2025-06-01 11:29:27 --> Model "Mconfigkey" initialized
INFO - 2025-06-01 11:29:27 --> Model "Mportal_data" initialized
INFO - 2025-06-01 11:29:27 --> Final output sent to browser
DEBUG - 2025-06-01 11:29:27 --> Total execution time: 0.0483
INFO - 2025-06-01 11:30:57 --> Config Class Initialized
INFO - 2025-06-01 11:30:57 --> Hooks Class Initialized
DEBUG - 2025-06-01 11:30:57 --> UTF-8 Support Enabled
INFO - 2025-06-01 11:30:57 --> Utf8 Class Initialized
INFO - 2025-06-01 11:30:57 --> URI Class Initialized
INFO - 2025-06-01 11:30:57 --> Router Class Initialized
INFO - 2025-06-01 11:30:57 --> Output Class Initialized
INFO - 2025-06-01 11:30:57 --> Security Class Initialized
DEBUG - 2025-06-01 11:30:57 --> Global POST, GET and COOKIE data sanitized
INFO - 2025-06-01 11:30:57 --> Input Class Initialized
INFO - 2025-06-01 11:30:57 --> Language Class Initialized
INFO - 2025-06-01 11:30:57 --> Loader Class Initialized
INFO - 2025-06-01 11:30:57 --> Helper loaded: url_helper
INFO - 2025-06-01 11:30:57 --> Database Driver Class Initialized
INFO - 2025-06-01 11:30:57 --> Controller Class Initialized
INFO - 2025-06-01 11:30:57 --> Model "Mconfigkey" initialized
INFO - 2025-06-01 11:30:57 --> Final output sent to browser
DEBUG - 2025-06-01 11:30:57 --> Total execution time: 0.0227
INFO - 2025-06-01 11:31:01 --> Config Class Initialized
INFO - 2025-06-01 11:31:01 --> Hooks Class Initialized
DEBUG - 2025-06-01 11:31:01 --> UTF-8 Support Enabled
INFO - 2025-06-01 11:31:01 --> Utf8 Class Initialized
INFO - 2025-06-01 11:31:01 --> URI Class Initialized
INFO - 2025-06-01 11:31:01 --> Router Class Initialized
INFO - 2025-06-01 11:31:01 --> Output Class Initialized
INFO - 2025-06-01 11:31:01 --> Security Class Initialized
DEBUG - 2025-06-01 11:31:01 --> Global POST, GET and COOKIE data sanitized
INFO - 2025-06-01 11:31:01 --> Input Class Initialized
INFO - 2025-06-01 11:31:01 --> Language Class Initialized
INFO - 2025-06-01 11:31:01 --> Loader Class Initialized
INFO - 2025-06-01 11:31:01 --> Helper loaded: url_helper
INFO - 2025-06-01 11:31:01 --> Database Driver Class Initialized
INFO - 2025-06-01 11:31:01 --> Controller Class Initialized
INFO - 2025-06-01 11:31:01 --> Model "Mconfigkey" initialized
INFO - 2025-06-01 11:31:01 --> Model "Mportal_data" initialized
INFO - 2025-06-01 11:31:01 --> Final output sent to browser
DEBUG - 2025-06-01 11:31:01 --> Total execution time: 0.0594
INFO - 2025-06-01 11:31:04 --> Config Class Initialized
INFO - 2025-06-01 11:31:04 --> Hooks Class Initialized
DEBUG - 2025-06-01 11:31:04 --> UTF-8 Support Enabled
INFO - 2025-06-01 11:31:04 --> Utf8 Class Initialized
INFO - 2025-06-01 11:31:04 --> URI Class Initialized
INFO - 2025-06-01 11:31:04 --> Router Class Initialized
INFO - 2025-06-01 11:31:04 --> Output Class Initialized
INFO - 2025-06-01 11:31:04 --> Security Class Initialized
DEBUG - 2025-06-01 11:31:04 --> Global POST, GET and COOKIE data sanitized
INFO - 2025-06-01 11:31:04 --> Input Class Initialized
INFO - 2025-06-01 11:31:04 --> Language Class Initialized
INFO - 2025-06-01 11:31:04 --> Loader Class Initialized
INFO - 2025-06-01 11:31:04 --> Helper loaded: url_helper
INFO - 2025-06-01 11:31:04 --> Database Driver Class Initialized
INFO - 2025-06-01 11:31:04 --> Controller Class Initialized
INFO - 2025-06-01 11:31:04 --> Model "Mconfigkey" initialized
INFO - 2025-06-01 11:31:04 --> Model "Mportal_data" initialized
INFO - 2025-06-01 11:31:04 --> Final output sent to browser
DEBUG - 2025-06-01 11:31:04 --> Total execution time: 0.0487
INFO - 2025-06-01 11:32:22 --> Config Class Initialized
INFO - 2025-06-01 11:32:22 --> Hooks Class Initialized
DEBUG - 2025-06-01 11:32:22 --> UTF-8 Support Enabled
INFO - 2025-06-01 11:32:22 --> Utf8 Class Initialized
INFO - 2025-06-01 11:32:22 --> URI Class Initialized
INFO - 2025-06-01 11:32:22 --> Router Class Initialized
INFO - 2025-06-01 11:32:22 --> Output Class Initialized
INFO - 2025-06-01 11:32:22 --> Security Class Initialized
DEBUG - 2025-06-01 11:32:22 --> Global POST, GET and COOKIE data sanitized
INFO - 2025-06-01 11:32:22 --> Input Class Initialized
INFO - 2025-06-01 11:32:22 --> Language Class Initialized
INFO - 2025-06-01 11:32:22 --> Loader Class Initialized
INFO - 2025-06-01 11:32:22 --> Helper loaded: url_helper
INFO - 2025-06-01 11:32:22 --> Database Driver Class Initialized
INFO - 2025-06-01 11:32:22 --> Controller Class Initialized
INFO - 2025-06-01 11:32:22 --> Model "Mconfigkey" initialized
INFO - 2025-06-01 11:32:22 --> Final output sent to browser
DEBUG - 2025-06-01 11:32:22 --> Total execution time: 0.0411
INFO - 2025-06-01 11:32:26 --> Config Class Initialized
INFO - 2025-06-01 11:32:26 --> Hooks Class Initialized
DEBUG - 2025-06-01 11:32:26 --> UTF-8 Support Enabled
INFO - 2025-06-01 11:32:26 --> Utf8 Class Initialized
INFO - 2025-06-01 11:32:26 --> URI Class Initialized
INFO - 2025-06-01 11:32:26 --> Router Class Initialized
INFO - 2025-06-01 11:32:26 --> Output Class Initialized
INFO - 2025-06-01 11:32:26 --> Security Class Initialized
DEBUG - 2025-06-01 11:32:26 --> Global POST, GET and COOKIE data sanitized
INFO - 2025-06-01 11:32:26 --> Input Class Initialized
INFO - 2025-06-01 11:32:26 --> Language Class Initialized
INFO - 2025-06-01 11:32:26 --> Loader Class Initialized
INFO - 2025-06-01 11:32:26 --> Helper loaded: url_helper
INFO - 2025-06-01 11:32:26 --> Database Driver Class Initialized
INFO - 2025-06-01 11:32:26 --> Controller Class Initialized
INFO - 2025-06-01 11:32:26 --> Model "Mconfigkey" initialized
INFO - 2025-06-01 11:32:26 --> Model "Msync_doc_aw" initialized
INFO - 2025-06-01 11:32:29 --> Final output sent to browser
DEBUG - 2025-06-01 11:32:29 --> Total execution time: 2.0765
INFO - 2025-06-01 11:32:29 --> Config Class Initialized
INFO - 2025-06-01 11:32:29 --> Hooks Class Initialized
DEBUG - 2025-06-01 11:32:29 --> UTF-8 Support Enabled
INFO - 2025-06-01 11:32:29 --> Utf8 Class Initialized
INFO - 2025-06-01 11:32:29 --> URI Class Initialized
INFO - 2025-06-01 11:32:29 --> Router Class Initialized
INFO - 2025-06-01 11:32:29 --> Output Class Initialized
INFO - 2025-06-01 11:32:29 --> Security Class Initialized
DEBUG - 2025-06-01 11:32:29 --> Global POST, GET and COOKIE data sanitized
INFO - 2025-06-01 11:32:29 --> Input Class Initialized
INFO - 2025-06-01 11:32:29 --> Language Class Initialized
INFO - 2025-06-01 11:32:29 --> Loader Class Initialized
INFO - 2025-06-01 11:32:29 --> Helper loaded: url_helper
INFO - 2025-06-01 11:32:29 --> Database Driver Class Initialized
INFO - 2025-06-01 11:32:29 --> Controller Class Initialized
INFO - 2025-06-01 11:32:29 --> Model "Mconfigkey" initialized
INFO - 2025-06-01 11:32:29 --> Model "Mportal_data" initialized
INFO - 2025-06-01 11:32:29 --> Final output sent to browser
DEBUG - 2025-06-01 11:32:29 --> Total execution time: 0.0641
INFO - 2025-06-01 11:32:31 --> Config Class Initialized
INFO - 2025-06-01 11:32:31 --> Hooks Class Initialized
DEBUG - 2025-06-01 11:32:31 --> UTF-8 Support Enabled
INFO - 2025-06-01 11:32:31 --> Utf8 Class Initialized
INFO - 2025-06-01 11:32:31 --> URI Class Initialized
INFO - 2025-06-01 11:32:31 --> Router Class Initialized
INFO - 2025-06-01 11:32:31 --> Output Class Initialized
INFO - 2025-06-01 11:32:31 --> Security Class Initialized
DEBUG - 2025-06-01 11:32:31 --> Global POST, GET and COOKIE data sanitized
INFO - 2025-06-01 11:32:31 --> Input Class Initialized
INFO - 2025-06-01 11:32:31 --> Language Class Initialized
INFO - 2025-06-01 11:32:31 --> Loader Class Initialized
INFO - 2025-06-01 11:32:31 --> Helper loaded: url_helper
INFO - 2025-06-01 11:32:31 --> Database Driver Class Initialized
INFO - 2025-06-01 11:32:31 --> Controller Class Initialized
INFO - 2025-06-01 11:32:31 --> Model "Mconfigkey" initialized
INFO - 2025-06-01 11:32:31 --> Model "Mportal_data" initialized
INFO - 2025-06-01 11:32:31 --> Final output sent to browser
DEBUG - 2025-06-01 11:32:31 --> Total execution time: 0.0509
INFO - 2025-06-01 11:33:27 --> Config Class Initialized
INFO - 2025-06-01 11:33:27 --> Hooks Class Initialized
DEBUG - 2025-06-01 11:33:27 --> UTF-8 Support Enabled
INFO - 2025-06-01 11:33:27 --> Utf8 Class Initialized
INFO - 2025-06-01 11:33:27 --> URI Class Initialized
INFO - 2025-06-01 11:33:27 --> Router Class Initialized
INFO - 2025-06-01 11:33:27 --> Output Class Initialized
INFO - 2025-06-01 11:33:27 --> Security Class Initialized
DEBUG - 2025-06-01 11:33:27 --> Global POST, GET and COOKIE data sanitized
INFO - 2025-06-01 11:33:27 --> Input Class Initialized
INFO - 2025-06-01 11:33:27 --> Language Class Initialized
INFO - 2025-06-01 11:33:27 --> Loader Class Initialized
INFO - 2025-06-01 11:33:27 --> Helper loaded: url_helper
INFO - 2025-06-01 11:33:27 --> Database Driver Class Initialized
INFO - 2025-06-01 11:33:27 --> Controller Class Initialized
INFO - 2025-06-01 11:33:27 --> Model "Mconfigkey" initialized
INFO - 2025-06-01 11:33:27 --> Final output sent to browser
DEBUG - 2025-06-01 11:33:27 --> Total execution time: 0.0233
INFO - 2025-06-01 11:33:29 --> Config Class Initialized
INFO - 2025-06-01 11:33:29 --> Hooks Class Initialized
DEBUG - 2025-06-01 11:33:29 --> UTF-8 Support Enabled
INFO - 2025-06-01 11:33:29 --> Utf8 Class Initialized
INFO - 2025-06-01 11:33:29 --> URI Class Initialized
INFO - 2025-06-01 11:33:29 --> Router Class Initialized
INFO - 2025-06-01 11:33:29 --> Output Class Initialized
INFO - 2025-06-01 11:33:29 --> Security Class Initialized
DEBUG - 2025-06-01 11:33:29 --> Global POST, GET and COOKIE data sanitized
INFO - 2025-06-01 11:33:29 --> Input Class Initialized
INFO - 2025-06-01 11:33:29 --> Language Class Initialized
INFO - 2025-06-01 11:33:29 --> Loader Class Initialized
INFO - 2025-06-01 11:33:29 --> Helper loaded: url_helper
INFO - 2025-06-01 11:33:29 --> Database Driver Class Initialized
INFO - 2025-06-01 11:33:29 --> Controller Class Initialized
INFO - 2025-06-01 11:33:29 --> Model "Mconfigkey" initialized
INFO - 2025-06-01 11:33:29 --> Model "Mportal_data" initialized
INFO - 2025-06-01 11:33:29 --> Final output sent to browser
DEBUG - 2025-06-01 11:33:29 --> Total execution time: 0.0639
INFO - 2025-06-01 11:33:34 --> Config Class Initialized
INFO - 2025-06-01 11:33:34 --> Hooks Class Initialized
DEBUG - 2025-06-01 11:33:34 --> UTF-8 Support Enabled
INFO - 2025-06-01 11:33:34 --> Utf8 Class Initialized
INFO - 2025-06-01 11:33:34 --> URI Class Initialized
INFO - 2025-06-01 11:33:34 --> Router Class Initialized
INFO - 2025-06-01 11:33:34 --> Output Class Initialized
INFO - 2025-06-01 11:33:34 --> Security Class Initialized
DEBUG - 2025-06-01 11:33:34 --> Global POST, GET and COOKIE data sanitized
INFO - 2025-06-01 11:33:34 --> Input Class Initialized
INFO - 2025-06-01 11:33:34 --> Language Class Initialized
INFO - 2025-06-01 11:33:34 --> Loader Class Initialized
INFO - 2025-06-01 11:33:34 --> Helper loaded: url_helper
INFO - 2025-06-01 11:33:34 --> Database Driver Class Initialized
INFO - 2025-06-01 11:33:34 --> Controller Class Initialized
INFO - 2025-06-01 11:33:34 --> Model "Mconfigkey" initialized
INFO - 2025-06-01 11:33:34 --> Model "Mportal_data" initialized
INFO - 2025-06-01 11:33:35 --> Final output sent to browser
DEBUG - 2025-06-01 11:33:35 --> Total execution time: 0.0521
INFO - 2025-06-01 11:34:34 --> Config Class Initialized
INFO - 2025-06-01 11:34:34 --> Hooks Class Initialized
DEBUG - 2025-06-01 11:34:34 --> UTF-8 Support Enabled
INFO - 2025-06-01 11:34:34 --> Utf8 Class Initialized
INFO - 2025-06-01 11:34:34 --> URI Class Initialized
INFO - 2025-06-01 11:34:34 --> Router Class Initialized
INFO - 2025-06-01 11:34:34 --> Output Class Initialized
INFO - 2025-06-01 11:34:34 --> Security Class Initialized
DEBUG - 2025-06-01 11:34:34 --> Global POST, GET and COOKIE data sanitized
INFO - 2025-06-01 11:34:34 --> Input Class Initialized
INFO - 2025-06-01 11:34:34 --> Language Class Initialized
INFO - 2025-06-01 11:34:34 --> Loader Class Initialized
INFO - 2025-06-01 11:34:34 --> Helper loaded: url_helper
INFO - 2025-06-01 11:34:34 --> Database Driver Class Initialized
INFO - 2025-06-01 11:34:34 --> Controller Class Initialized
INFO - 2025-06-01 11:34:34 --> Model "Mconfigkey" initialized
ERROR - 2025-06-01 11:34:34 --> Severity: Warning --> array_merge(): Expected parameter 1 to be an array, null given D:\xampp\htdocs\plb\dummyservice\application\controllers\PortalApi.php 51
INFO - 2025-06-01 11:34:35 --> Final output sent to browser
DEBUG - 2025-06-01 11:34:35 --> Total execution time: 0.9485
INFO - 2025-06-01 11:36:41 --> Config Class Initialized
INFO - 2025-06-01 11:36:41 --> Hooks Class Initialized
DEBUG - 2025-06-01 11:36:41 --> UTF-8 Support Enabled
INFO - 2025-06-01 11:36:41 --> Utf8 Class Initialized
INFO - 2025-06-01 11:36:41 --> URI Class Initialized
INFO - 2025-06-01 11:36:41 --> Router Class Initialized
INFO - 2025-06-01 11:36:41 --> Output Class Initialized
INFO - 2025-06-01 11:36:41 --> Security Class Initialized
DEBUG - 2025-06-01 11:36:41 --> Global POST, GET and COOKIE data sanitized
INFO - 2025-06-01 11:36:41 --> Input Class Initialized
INFO - 2025-06-01 11:36:41 --> Language Class Initialized
INFO - 2025-06-01 11:36:41 --> Loader Class Initialized
INFO - 2025-06-01 11:36:41 --> Helper loaded: url_helper
INFO - 2025-06-01 11:36:41 --> Database Driver Class Initialized
INFO - 2025-06-01 11:36:41 --> Controller Class Initialized
INFO - 2025-06-01 11:36:41 --> Model "Mconfigkey" initialized
INFO - 2025-06-01 11:36:41 --> Final output sent to browser
DEBUG - 2025-06-01 11:36:41 --> Total execution time: 0.0234
INFO - 2025-06-01 11:36:45 --> Config Class Initialized
INFO - 2025-06-01 11:36:45 --> Hooks Class Initialized
DEBUG - 2025-06-01 11:36:45 --> UTF-8 Support Enabled
INFO - 2025-06-01 11:36:45 --> Utf8 Class Initialized
INFO - 2025-06-01 11:36:45 --> URI Class Initialized
INFO - 2025-06-01 11:36:45 --> Router Class Initialized
INFO - 2025-06-01 11:36:45 --> Output Class Initialized
INFO - 2025-06-01 11:36:45 --> Security Class Initialized
DEBUG - 2025-06-01 11:36:45 --> Global POST, GET and COOKIE data sanitized
INFO - 2025-06-01 11:36:45 --> Input Class Initialized
INFO - 2025-06-01 11:36:45 --> Language Class Initialized
INFO - 2025-06-01 11:36:45 --> Loader Class Initialized
INFO - 2025-06-01 11:36:45 --> Helper loaded: url_helper
INFO - 2025-06-01 11:36:45 --> Database Driver Class Initialized
INFO - 2025-06-01 11:36:45 --> Controller Class Initialized
INFO - 2025-06-01 11:36:45 --> Model "Mconfigkey" initialized
INFO - 2025-06-01 11:36:45 --> Model "Mportal_data" initialized
INFO - 2025-06-01 11:36:45 --> Final output sent to browser
DEBUG - 2025-06-01 11:36:45 --> Total execution time: 0.1532
INFO - 2025-06-01 11:36:47 --> Config Class Initialized
INFO - 2025-06-01 11:36:47 --> Hooks Class Initialized
DEBUG - 2025-06-01 11:36:47 --> UTF-8 Support Enabled
INFO - 2025-06-01 11:36:47 --> Utf8 Class Initialized
INFO - 2025-06-01 11:36:47 --> URI Class Initialized
INFO - 2025-06-01 11:36:47 --> Router Class Initialized
INFO - 2025-06-01 11:36:47 --> Output Class Initialized
INFO - 2025-06-01 11:36:47 --> Security Class Initialized
DEBUG - 2025-06-01 11:36:47 --> Global POST, GET and COOKIE data sanitized
INFO - 2025-06-01 11:36:47 --> Input Class Initialized
INFO - 2025-06-01 11:36:47 --> Language Class Initialized
INFO - 2025-06-01 11:36:47 --> Loader Class Initialized
INFO - 2025-06-01 11:36:47 --> Helper loaded: url_helper
INFO - 2025-06-01 11:36:47 --> Database Driver Class Initialized
INFO - 2025-06-01 11:36:47 --> Controller Class Initialized
INFO - 2025-06-01 11:36:47 --> Model "Mconfigkey" initialized
INFO - 2025-06-01 11:36:47 --> Model "Mportal_data" initialized
INFO - 2025-06-01 11:36:47 --> Final output sent to browser
DEBUG - 2025-06-01 11:36:47 --> Total execution time: 0.0605
INFO - 2025-06-01 11:36:50 --> Config Class Initialized
INFO - 2025-06-01 11:36:50 --> Hooks Class Initialized
DEBUG - 2025-06-01 11:36:50 --> UTF-8 Support Enabled
INFO - 2025-06-01 11:36:50 --> Utf8 Class Initialized
INFO - 2025-06-01 11:36:50 --> URI Class Initialized
INFO - 2025-06-01 11:36:50 --> Router Class Initialized
INFO - 2025-06-01 11:36:50 --> Output Class Initialized
INFO - 2025-06-01 11:36:50 --> Security Class Initialized
DEBUG - 2025-06-01 11:36:50 --> Global POST, GET and COOKIE data sanitized
INFO - 2025-06-01 11:36:50 --> Input Class Initialized
INFO - 2025-06-01 11:36:50 --> Language Class Initialized
INFO - 2025-06-01 11:36:50 --> Loader Class Initialized
INFO - 2025-06-01 11:36:50 --> Helper loaded: url_helper
INFO - 2025-06-01 11:36:50 --> Database Driver Class Initialized
INFO - 2025-06-01 11:36:50 --> Controller Class Initialized
INFO - 2025-06-01 11:36:50 --> Model "Mconfigkey" initialized
INFO - 2025-06-01 11:36:50 --> Model "Mportal_data" initialized
INFO - 2025-06-01 11:36:50 --> Final output sent to browser
DEBUG - 2025-06-01 11:36:50 --> Total execution time: 0.0658
INFO - 2025-06-01 11:37:16 --> Config Class Initialized
INFO - 2025-06-01 11:37:16 --> Hooks Class Initialized
DEBUG - 2025-06-01 11:37:16 --> UTF-8 Support Enabled
INFO - 2025-06-01 11:37:16 --> Utf8 Class Initialized
INFO - 2025-06-01 11:37:16 --> URI Class Initialized
INFO - 2025-06-01 11:37:16 --> Router Class Initialized
INFO - 2025-06-01 11:37:16 --> Output Class Initialized
INFO - 2025-06-01 11:37:16 --> Security Class Initialized
DEBUG - 2025-06-01 11:37:16 --> Global POST, GET and COOKIE data sanitized
INFO - 2025-06-01 11:37:16 --> Input Class Initialized
INFO - 2025-06-01 11:37:16 --> Language Class Initialized
INFO - 2025-06-01 11:37:16 --> Loader Class Initialized
INFO - 2025-06-01 11:37:16 --> Helper loaded: url_helper
INFO - 2025-06-01 11:37:16 --> Database Driver Class Initialized
INFO - 2025-06-01 11:37:16 --> Controller Class Initialized
INFO - 2025-06-01 11:37:16 --> Model "Mconfigkey" initialized
INFO - 2025-06-01 11:37:16 --> Model "Msync_doc_aw" initialized
INFO - 2025-06-01 11:37:18 --> Final output sent to browser
DEBUG - 2025-06-01 11:37:18 --> Total execution time: 2.0110
INFO - 2025-06-01 11:42:17 --> Config Class Initialized
INFO - 2025-06-01 11:42:17 --> Hooks Class Initialized
DEBUG - 2025-06-01 11:42:17 --> UTF-8 Support Enabled
INFO - 2025-06-01 11:42:17 --> Utf8 Class Initialized
INFO - 2025-06-01 11:42:17 --> URI Class Initialized
INFO - 2025-06-01 11:42:17 --> Router Class Initialized
INFO - 2025-06-01 11:42:17 --> Output Class Initialized
INFO - 2025-06-01 11:42:17 --> Security Class Initialized
DEBUG - 2025-06-01 11:42:17 --> Global POST, GET and COOKIE data sanitized
INFO - 2025-06-01 11:42:17 --> Input Class Initialized
INFO - 2025-06-01 11:42:17 --> Language Class Initialized
INFO - 2025-06-01 11:42:17 --> Loader Class Initialized
INFO - 2025-06-01 11:42:17 --> Helper loaded: url_helper
INFO - 2025-06-01 11:42:17 --> Database Driver Class Initialized
INFO - 2025-06-01 11:42:17 --> Controller Class Initialized
INFO - 2025-06-01 11:42:17 --> Model "Mconfigkey" initialized
INFO - 2025-06-01 11:42:17 --> Final output sent to browser
DEBUG - 2025-06-01 11:42:17 --> Total execution time: 0.0293
INFO - 2025-06-01 11:42:34 --> Config Class Initialized
INFO - 2025-06-01 11:42:34 --> Hooks Class Initialized
DEBUG - 2025-06-01 11:42:34 --> UTF-8 Support Enabled
INFO - 2025-06-01 11:42:34 --> Utf8 Class Initialized
INFO - 2025-06-01 11:42:34 --> URI Class Initialized
INFO - 2025-06-01 11:42:34 --> Router Class Initialized
INFO - 2025-06-01 11:42:34 --> Output Class Initialized
INFO - 2025-06-01 11:42:34 --> Security Class Initialized
DEBUG - 2025-06-01 11:42:34 --> Global POST, GET and COOKIE data sanitized
INFO - 2025-06-01 11:42:34 --> Input Class Initialized
INFO - 2025-06-01 11:42:34 --> Language Class Initialized
INFO - 2025-06-01 11:42:34 --> Loader Class Initialized
INFO - 2025-06-01 11:42:34 --> Helper loaded: url_helper
INFO - 2025-06-01 11:42:34 --> Database Driver Class Initialized
INFO - 2025-06-01 11:42:34 --> Controller Class Initialized
INFO - 2025-06-01 11:42:34 --> Model "Mauth" initialized
INFO - 2025-06-01 11:42:34 --> Model "Mconfigkey" initialized
INFO - 2025-06-01 11:42:34 --> Final output sent to browser
DEBUG - 2025-06-01 11:42:34 --> Total execution time: 0.0326
INFO - 2025-06-01 11:42:44 --> Config Class Initialized
INFO - 2025-06-01 11:42:44 --> Hooks Class Initialized
DEBUG - 2025-06-01 11:42:44 --> UTF-8 Support Enabled
INFO - 2025-06-01 11:42:44 --> Utf8 Class Initialized
INFO - 2025-06-01 11:42:44 --> URI Class Initialized
INFO - 2025-06-01 11:42:44 --> Router Class Initialized
INFO - 2025-06-01 11:42:44 --> Output Class Initialized
INFO - 2025-06-01 11:42:44 --> Security Class Initialized
DEBUG - 2025-06-01 11:42:44 --> Global POST, GET and COOKIE data sanitized
INFO - 2025-06-01 11:42:44 --> Input Class Initialized
INFO - 2025-06-01 11:42:44 --> Language Class Initialized
INFO - 2025-06-01 11:42:44 --> Loader Class Initialized
INFO - 2025-06-01 11:42:44 --> Helper loaded: url_helper
INFO - 2025-06-01 11:42:44 --> Database Driver Class Initialized
INFO - 2025-06-01 11:42:44 --> Controller Class Initialized
INFO - 2025-06-01 11:42:44 --> Model "Mconfigkey" initialized
INFO - 2025-06-01 11:42:44 --> Final output sent to browser
DEBUG - 2025-06-01 11:42:44 --> Total execution time: 0.0274
INFO - 2025-06-01 11:42:46 --> Config Class Initialized
INFO - 2025-06-01 11:42:46 --> Hooks Class Initialized
DEBUG - 2025-06-01 11:42:46 --> UTF-8 Support Enabled
INFO - 2025-06-01 11:42:46 --> Utf8 Class Initialized
INFO - 2025-06-01 11:42:46 --> URI Class Initialized
INFO - 2025-06-01 11:42:46 --> Router Class Initialized
INFO - 2025-06-01 11:42:46 --> Output Class Initialized
INFO - 2025-06-01 11:42:46 --> Security Class Initialized
DEBUG - 2025-06-01 11:42:46 --> Global POST, GET and COOKIE data sanitized
INFO - 2025-06-01 11:42:46 --> Input Class Initialized
INFO - 2025-06-01 11:42:46 --> Language Class Initialized
INFO - 2025-06-01 11:42:46 --> Loader Class Initialized
INFO - 2025-06-01 11:42:46 --> Helper loaded: url_helper
INFO - 2025-06-01 11:42:46 --> Database Driver Class Initialized
INFO - 2025-06-01 11:42:46 --> Controller Class Initialized
INFO - 2025-06-01 11:42:46 --> Model "Mconfigkey" initialized
INFO - 2025-06-01 11:42:46 --> Final output sent to browser
DEBUG - 2025-06-01 11:42:46 --> Total execution time: 0.0212
INFO - 2025-06-01 11:43:13 --> Config Class Initialized
INFO - 2025-06-01 11:43:13 --> Hooks Class Initialized
DEBUG - 2025-06-01 11:43:13 --> UTF-8 Support Enabled
INFO - 2025-06-01 11:43:13 --> Utf8 Class Initialized
INFO - 2025-06-01 11:43:13 --> URI Class Initialized
INFO - 2025-06-01 11:43:13 --> Router Class Initialized
INFO - 2025-06-01 11:43:13 --> Output Class Initialized
INFO - 2025-06-01 11:43:13 --> Security Class Initialized
DEBUG - 2025-06-01 11:43:13 --> Global POST, GET and COOKIE data sanitized
INFO - 2025-06-01 11:43:13 --> Input Class Initialized
INFO - 2025-06-01 11:43:13 --> Language Class Initialized
INFO - 2025-06-01 11:43:13 --> Loader Class Initialized
INFO - 2025-06-01 11:43:13 --> Helper loaded: url_helper
INFO - 2025-06-01 11:43:13 --> Database Driver Class Initialized
INFO - 2025-06-01 11:43:13 --> Controller Class Initialized
INFO - 2025-06-01 11:43:13 --> Model "Mconfigkey" initialized
INFO - 2025-06-01 11:43:13 --> Final output sent to browser
DEBUG - 2025-06-01 11:43:13 --> Total execution time: 0.0227
INFO - 2025-06-01 11:45:00 --> Config Class Initialized
INFO - 2025-06-01 11:45:00 --> Hooks Class Initialized
DEBUG - 2025-06-01 11:45:00 --> UTF-8 Support Enabled
INFO - 2025-06-01 11:45:00 --> Utf8 Class Initialized
INFO - 2025-06-01 11:45:00 --> URI Class Initialized
INFO - 2025-06-01 11:45:00 --> Router Class Initialized
INFO - 2025-06-01 11:45:00 --> Output Class Initialized
INFO - 2025-06-01 11:45:00 --> Security Class Initialized
DEBUG - 2025-06-01 11:45:00 --> Global POST, GET and COOKIE data sanitized
INFO - 2025-06-01 11:45:00 --> Input Class Initialized
INFO - 2025-06-01 11:45:00 --> Language Class Initialized
INFO - 2025-06-01 11:45:00 --> Loader Class Initialized
INFO - 2025-06-01 11:45:00 --> Helper loaded: url_helper
INFO - 2025-06-01 11:45:00 --> Database Driver Class Initialized
INFO - 2025-06-01 11:45:00 --> Controller Class Initialized
INFO - 2025-06-01 11:45:00 --> Model "Mauth" initialized
INFO - 2025-06-01 11:45:00 --> Final output sent to browser
DEBUG - 2025-06-01 11:45:00 --> Total execution time: 0.0258
INFO - 2025-06-01 11:45:03 --> Config Class Initialized
INFO - 2025-06-01 11:45:03 --> Hooks Class Initialized
DEBUG - 2025-06-01 11:45:03 --> UTF-8 Support Enabled
INFO - 2025-06-01 11:45:03 --> Utf8 Class Initialized
INFO - 2025-06-01 11:45:03 --> URI Class Initialized
INFO - 2025-06-01 11:45:03 --> Router Class Initialized
INFO - 2025-06-01 11:45:03 --> Output Class Initialized
INFO - 2025-06-01 11:45:03 --> Security Class Initialized
DEBUG - 2025-06-01 11:45:03 --> Global POST, GET and COOKIE data sanitized
INFO - 2025-06-01 11:45:03 --> Input Class Initialized
INFO - 2025-06-01 11:45:03 --> Language Class Initialized
INFO - 2025-06-01 11:45:03 --> Loader Class Initialized
INFO - 2025-06-01 11:45:03 --> Helper loaded: url_helper
INFO - 2025-06-01 11:45:03 --> Database Driver Class Initialized
INFO - 2025-06-01 11:45:03 --> Controller Class Initialized
INFO - 2025-06-01 11:45:03 --> Model "Mauth" initialized
INFO - 2025-06-01 11:45:03 --> Model "Mconfigkey" initialized
INFO - 2025-06-01 11:45:03 --> Final output sent to browser
DEBUG - 2025-06-01 11:45:03 --> Total execution time: 0.0342
INFO - 2025-06-01 11:45:09 --> Config Class Initialized
INFO - 2025-06-01 11:45:09 --> Hooks Class Initialized
DEBUG - 2025-06-01 11:45:09 --> UTF-8 Support Enabled
INFO - 2025-06-01 11:45:09 --> Utf8 Class Initialized
INFO - 2025-06-01 11:45:09 --> URI Class Initialized
INFO - 2025-06-01 11:45:09 --> Router Class Initialized
INFO - 2025-06-01 11:45:09 --> Output Class Initialized
INFO - 2025-06-01 11:45:09 --> Security Class Initialized
DEBUG - 2025-06-01 11:45:09 --> Global POST, GET and COOKIE data sanitized
INFO - 2025-06-01 11:45:09 --> Input Class Initialized
INFO - 2025-06-01 11:45:09 --> Language Class Initialized
INFO - 2025-06-01 11:45:09 --> Loader Class Initialized
INFO - 2025-06-01 11:45:09 --> Helper loaded: url_helper
INFO - 2025-06-01 11:45:09 --> Database Driver Class Initialized
INFO - 2025-06-01 11:45:09 --> Controller Class Initialized
INFO - 2025-06-01 11:45:09 --> Model "Mconfigkey" initialized
INFO - 2025-06-01 11:45:09 --> Model "Msync_doc_aw" initialized
INFO - 2025-06-01 11:45:11 --> Final output sent to browser
DEBUG - 2025-06-01 11:45:11 --> Total execution time: 1.9806
INFO - 2025-06-01 11:45:11 --> Config Class Initialized
INFO - 2025-06-01 11:45:11 --> Hooks Class Initialized
DEBUG - 2025-06-01 11:45:11 --> UTF-8 Support Enabled
INFO - 2025-06-01 11:45:11 --> Utf8 Class Initialized
INFO - 2025-06-01 11:45:11 --> URI Class Initialized
INFO - 2025-06-01 11:45:11 --> Router Class Initialized
INFO - 2025-06-01 11:45:11 --> Output Class Initialized
INFO - 2025-06-01 11:45:11 --> Security Class Initialized
DEBUG - 2025-06-01 11:45:11 --> Global POST, GET and COOKIE data sanitized
INFO - 2025-06-01 11:45:11 --> Input Class Initialized
INFO - 2025-06-01 11:45:11 --> Language Class Initialized
INFO - 2025-06-01 11:45:11 --> Loader Class Initialized
INFO - 2025-06-01 11:45:11 --> Helper loaded: url_helper
INFO - 2025-06-01 11:45:11 --> Database Driver Class Initialized
INFO - 2025-06-01 11:45:11 --> Controller Class Initialized
INFO - 2025-06-01 11:45:11 --> Model "Mconfigkey" initialized
INFO - 2025-06-01 11:45:11 --> Model "Msync_delivery_instruction" initialized
INFO - 2025-06-01 11:45:11 --> Final output sent to browser
DEBUG - 2025-06-01 11:45:11 --> Total execution time: 0.0607
INFO - 2025-06-01 11:45:15 --> Config Class Initialized
INFO - 2025-06-01 11:45:15 --> Hooks Class Initialized
DEBUG - 2025-06-01 11:45:15 --> UTF-8 Support Enabled
INFO - 2025-06-01 11:45:15 --> Utf8 Class Initialized
INFO - 2025-06-01 11:45:15 --> URI Class Initialized
INFO - 2025-06-01 11:45:15 --> Router Class Initialized
INFO - 2025-06-01 11:45:15 --> Output Class Initialized
INFO - 2025-06-01 11:45:15 --> Security Class Initialized
DEBUG - 2025-06-01 11:45:15 --> Global POST, GET and COOKIE data sanitized
INFO - 2025-06-01 11:45:15 --> Input Class Initialized
INFO - 2025-06-01 11:45:15 --> Language Class Initialized
INFO - 2025-06-01 11:45:15 --> Loader Class Initialized
INFO - 2025-06-01 11:45:15 --> Helper loaded: url_helper
INFO - 2025-06-01 11:45:15 --> Database Driver Class Initialized
INFO - 2025-06-01 11:45:15 --> Controller Class Initialized
INFO - 2025-06-01 11:45:15 --> Model "Mconfigkey" initialized
INFO - 2025-06-01 11:45:15 --> Model "Mportal_data" initialized
INFO - 2025-06-01 11:45:16 --> Final output sent to browser
DEBUG - 2025-06-01 11:45:16 --> Total execution time: 0.0606
INFO - 2025-06-01 11:46:03 --> Config Class Initialized
INFO - 2025-06-01 11:46:03 --> Hooks Class Initialized
DEBUG - 2025-06-01 11:46:03 --> UTF-8 Support Enabled
INFO - 2025-06-01 11:46:03 --> Utf8 Class Initialized
INFO - 2025-06-01 11:46:03 --> URI Class Initialized
INFO - 2025-06-01 11:46:03 --> Router Class Initialized
INFO - 2025-06-01 11:46:03 --> Output Class Initialized
INFO - 2025-06-01 11:46:03 --> Security Class Initialized
DEBUG - 2025-06-01 11:46:03 --> Global POST, GET and COOKIE data sanitized
INFO - 2025-06-01 11:46:03 --> Input Class Initialized
INFO - 2025-06-01 11:46:03 --> Language Class Initialized
INFO - 2025-06-01 11:46:03 --> Loader Class Initialized
INFO - 2025-06-01 11:46:03 --> Helper loaded: url_helper
INFO - 2025-06-01 11:46:03 --> Database Driver Class Initialized
INFO - 2025-06-01 11:46:03 --> Controller Class Initialized
INFO - 2025-06-01 11:46:03 --> Model "Mconfigkey" initialized
INFO - 2025-06-01 11:46:03 --> Model "Mgoods_delivery" initialized
INFO - 2025-06-01 11:46:03 --> Final output sent to browser
DEBUG - 2025-06-01 11:46:03 --> Total execution time: 0.0608
INFO - 2025-06-01 11:46:46 --> Config Class Initialized
INFO - 2025-06-01 11:46:46 --> Hooks Class Initialized
DEBUG - 2025-06-01 11:46:46 --> UTF-8 Support Enabled
INFO - 2025-06-01 11:46:46 --> Utf8 Class Initialized
INFO - 2025-06-01 11:46:46 --> URI Class Initialized
INFO - 2025-06-01 11:46:46 --> Router Class Initialized
INFO - 2025-06-01 11:46:46 --> Output Class Initialized
INFO - 2025-06-01 11:46:46 --> Security Class Initialized
DEBUG - 2025-06-01 11:46:46 --> Global POST, GET and COOKIE data sanitized
INFO - 2025-06-01 11:46:46 --> Input Class Initialized
INFO - 2025-06-01 11:46:46 --> Language Class Initialized
INFO - 2025-06-01 11:46:46 --> Loader Class Initialized
INFO - 2025-06-01 11:46:46 --> Helper loaded: url_helper
INFO - 2025-06-01 11:46:46 --> Database Driver Class Initialized
INFO - 2025-06-01 11:46:46 --> Controller Class Initialized
INFO - 2025-06-01 11:46:46 --> Model "Mauth" initialized
INFO - 2025-06-01 11:46:46 --> Model "Mconfigkey" initialized
INFO - 2025-06-01 11:46:46 --> Final output sent to browser
DEBUG - 2025-06-01 11:46:46 --> Total execution time: 0.0280
INFO - 2025-06-01 11:46:52 --> Config Class Initialized
INFO - 2025-06-01 11:46:52 --> Hooks Class Initialized
DEBUG - 2025-06-01 11:46:52 --> UTF-8 Support Enabled
INFO - 2025-06-01 11:46:52 --> Utf8 Class Initialized
INFO - 2025-06-01 11:46:52 --> URI Class Initialized
INFO - 2025-06-01 11:46:52 --> Router Class Initialized
INFO - 2025-06-01 11:46:52 --> Output Class Initialized
INFO - 2025-06-01 11:46:52 --> Security Class Initialized
DEBUG - 2025-06-01 11:46:52 --> Global POST, GET and COOKIE data sanitized
INFO - 2025-06-01 11:46:52 --> Input Class Initialized
INFO - 2025-06-01 11:46:52 --> Language Class Initialized
INFO - 2025-06-01 11:46:52 --> Loader Class Initialized
INFO - 2025-06-01 11:46:52 --> Helper loaded: url_helper
INFO - 2025-06-01 11:46:52 --> Database Driver Class Initialized
INFO - 2025-06-01 11:46:52 --> Controller Class Initialized
INFO - 2025-06-01 11:46:52 --> Model "Mconfigkey" initialized
INFO - 2025-06-01 11:46:52 --> Model "Msync_doc_aw" initialized
INFO - 2025-06-01 11:46:54 --> Final output sent to browser
DEBUG - 2025-06-01 11:46:54 --> Total execution time: 2.0990
INFO - 2025-06-01 11:46:56 --> Config Class Initialized
INFO - 2025-06-01 11:46:56 --> Hooks Class Initialized
DEBUG - 2025-06-01 11:46:56 --> UTF-8 Support Enabled
INFO - 2025-06-01 11:46:56 --> Utf8 Class Initialized
INFO - 2025-06-01 11:46:56 --> URI Class Initialized
INFO - 2025-06-01 11:46:56 --> Router Class Initialized
INFO - 2025-06-01 11:46:56 --> Output Class Initialized
INFO - 2025-06-01 11:46:56 --> Security Class Initialized
DEBUG - 2025-06-01 11:46:56 --> Global POST, GET and COOKIE data sanitized
INFO - 2025-06-01 11:46:56 --> Input Class Initialized
INFO - 2025-06-01 11:46:56 --> Language Class Initialized
INFO - 2025-06-01 11:46:56 --> Loader Class Initialized
INFO - 2025-06-01 11:46:56 --> Helper loaded: url_helper
INFO - 2025-06-01 11:46:56 --> Database Driver Class Initialized
INFO - 2025-06-01 11:46:56 --> Controller Class Initialized
INFO - 2025-06-01 11:46:56 --> Model "Mconfigkey" initialized
INFO - 2025-06-01 11:46:56 --> Model "Msync_delivery_instruction" initialized
INFO - 2025-06-01 11:46:56 --> Final output sent to browser
DEBUG - 2025-06-01 11:46:56 --> Total execution time: 0.0483
INFO - 2025-06-01 11:47:09 --> Config Class Initialized
INFO - 2025-06-01 11:47:09 --> Hooks Class Initialized
DEBUG - 2025-06-01 11:47:09 --> UTF-8 Support Enabled
INFO - 2025-06-01 11:47:09 --> Utf8 Class Initialized
INFO - 2025-06-01 11:47:09 --> URI Class Initialized
INFO - 2025-06-01 11:47:09 --> Router Class Initialized
INFO - 2025-06-01 11:47:09 --> Output Class Initialized
INFO - 2025-06-01 11:47:09 --> Security Class Initialized
DEBUG - 2025-06-01 11:47:09 --> Global POST, GET and COOKIE data sanitized
INFO - 2025-06-01 11:47:09 --> Input Class Initialized
INFO - 2025-06-01 11:47:09 --> Language Class Initialized
INFO - 2025-06-01 11:47:09 --> Loader Class Initialized
INFO - 2025-06-01 11:47:09 --> Helper loaded: url_helper
INFO - 2025-06-01 11:47:09 --> Database Driver Class Initialized
INFO - 2025-06-01 11:47:09 --> Controller Class Initialized
INFO - 2025-06-01 11:47:09 --> Model "Mconfigkey" initialized
INFO - 2025-06-01 11:47:09 --> Model "Mportal_data" initialized
INFO - 2025-06-01 11:47:09 --> Final output sent to browser
DEBUG - 2025-06-01 11:47:09 --> Total execution time: 0.0717
INFO - 2025-06-01 11:50:15 --> Config Class Initialized
INFO - 2025-06-01 11:50:15 --> Hooks Class Initialized
DEBUG - 2025-06-01 11:50:15 --> UTF-8 Support Enabled
INFO - 2025-06-01 11:50:15 --> Utf8 Class Initialized
INFO - 2025-06-01 11:50:15 --> URI Class Initialized
INFO - 2025-06-01 11:50:15 --> Router Class Initialized
INFO - 2025-06-01 11:50:15 --> Output Class Initialized
INFO - 2025-06-01 11:50:15 --> Security Class Initialized
DEBUG - 2025-06-01 11:50:15 --> Global POST, GET and COOKIE data sanitized
INFO - 2025-06-01 11:50:15 --> Input Class Initialized
INFO - 2025-06-01 11:50:15 --> Language Class Initialized
INFO - 2025-06-01 11:50:15 --> Loader Class Initialized
INFO - 2025-06-01 11:50:15 --> Helper loaded: url_helper
INFO - 2025-06-01 11:50:15 --> Database Driver Class Initialized
INFO - 2025-06-01 11:50:15 --> Controller Class Initialized
INFO - 2025-06-01 11:50:15 --> Model "Mconfigkey" initialized
INFO - 2025-06-01 11:50:15 --> Final output sent to browser
DEBUG - 2025-06-01 11:50:15 --> Total execution time: 0.0232
INFO - 2025-06-01 12:34:12 --> Config Class Initialized
INFO - 2025-06-01 12:34:12 --> Hooks Class Initialized
DEBUG - 2025-06-01 12:34:12 --> UTF-8 Support Enabled
INFO - 2025-06-01 12:34:12 --> Utf8 Class Initialized
INFO - 2025-06-01 12:34:12 --> URI Class Initialized
INFO - 2025-06-01 12:34:12 --> Router Class Initialized
INFO - 2025-06-01 12:34:12 --> Output Class Initialized
INFO - 2025-06-01 12:34:12 --> Security Class Initialized
DEBUG - 2025-06-01 12:34:12 --> Global POST, GET and COOKIE data sanitized
INFO - 2025-06-01 12:34:12 --> Input Class Initialized
INFO - 2025-06-01 12:34:12 --> Language Class Initialized
INFO - 2025-06-01 12:34:12 --> Loader Class Initialized
INFO - 2025-06-01 12:34:12 --> Helper loaded: url_helper
INFO - 2025-06-01 12:34:12 --> Database Driver Class Initialized
INFO - 2025-06-01 12:34:12 --> Controller Class Initialized
INFO - 2025-06-01 12:34:12 --> Model "Mconfigkey" initialized
INFO - 2025-06-01 12:34:12 --> Final output sent to browser
DEBUG - 2025-06-01 12:34:12 --> Total execution time: 0.0237
INFO - 2025-06-01 23:33:01 --> Config Class Initialized
INFO - 2025-06-01 23:33:01 --> Hooks Class Initialized
DEBUG - 2025-06-01 23:33:01 --> UTF-8 Support Enabled
INFO - 2025-06-01 23:33:01 --> Utf8 Class Initialized
INFO - 2025-06-01 23:33:01 --> URI Class Initialized
INFO - 2025-06-01 23:33:01 --> Router Class Initialized
INFO - 2025-06-01 23:33:01 --> Output Class Initialized
INFO - 2025-06-01 23:33:01 --> Security Class Initialized
DEBUG - 2025-06-01 23:33:01 --> Global POST, GET and COOKIE data sanitized
INFO - 2025-06-01 23:33:01 --> Input Class Initialized
INFO - 2025-06-01 23:33:01 --> Language Class Initialized
INFO - 2025-06-01 23:33:01 --> Loader Class Initialized
INFO - 2025-06-01 23:33:01 --> Helper loaded: url_helper
INFO - 2025-06-01 23:33:01 --> Database Driver Class Initialized
INFO - 2025-06-01 23:33:01 --> Controller Class Initialized
INFO - 2025-06-01 23:33:01 --> Model "Mconfigkey" initialized
INFO - 2025-06-01 23:33:01 --> Final output sent to browser
DEBUG - 2025-06-01 23:33:01 --> Total execution time: 0.0971
