INFO - 2024-03-25 18:37:07 --> Config Class Initialized
INFO - 2024-03-25 18:37:07 --> Hooks Class Initialized
DEBUG - 2024-03-25 18:37:07 --> UTF-8 Support Enabled
INFO - 2024-03-25 18:37:07 --> Utf8 Class Initialized
INFO - 2024-03-25 18:37:07 --> URI Class Initialized
INFO - 2024-03-25 18:37:08 --> Router Class Initialized
INFO - 2024-03-25 18:37:08 --> Output Class Initialized
INFO - 2024-03-25 18:37:08 --> Security Class Initialized
DEBUG - 2024-03-25 18:37:08 --> Global POST, GET and COOKIE data sanitized
INFO - 2024-03-25 18:37:08 --> Input Class Initialized
INFO - 2024-03-25 18:37:08 --> Language Class Initialized
INFO - 2024-03-25 18:37:08 --> Loader Class Initialized
INFO - 2024-03-25 18:37:08 --> Helper loaded: url_helper
INFO - 2024-03-25 18:37:08 --> Database Driver Class Initialized
INFO - 2024-03-25 18:37:08 --> Controller Class Initialized
INFO - 2024-03-25 18:37:08 --> Model "Mconfigkey" initialized
INFO - 2024-03-25 18:37:08 --> Final output sent to browser
DEBUG - 2024-03-25 18:37:08 --> Total execution time: 0.4019
INFO - 2024-03-25 18:37:13 --> Config Class Initialized
INFO - 2024-03-25 18:37:13 --> Hooks Class Initialized
DEBUG - 2024-03-25 18:37:13 --> UTF-8 Support Enabled
INFO - 2024-03-25 18:37:13 --> Utf8 Class Initialized
INFO - 2024-03-25 18:37:13 --> URI Class Initialized
INFO - 2024-03-25 18:37:13 --> Router Class Initialized
INFO - 2024-03-25 18:37:13 --> Output Class Initialized
INFO - 2024-03-25 18:37:13 --> Security Class Initialized
DEBUG - 2024-03-25 18:37:13 --> Global POST, GET and COOKIE data sanitized
INFO - 2024-03-25 18:37:13 --> Input Class Initialized
INFO - 2024-03-25 18:37:13 --> Language Class Initialized
INFO - 2024-03-25 18:37:13 --> Loader Class Initialized
INFO - 2024-03-25 18:37:13 --> Helper loaded: url_helper
INFO - 2024-03-25 18:37:13 --> Database Driver Class Initialized
INFO - 2024-03-25 18:37:13 --> Controller Class Initialized
INFO - 2024-03-25 18:37:13 --> Model "Mauth" initialized
INFO - 2024-03-25 18:37:13 --> Model "Mconfigkey" initialized
INFO - 2024-03-25 18:37:13 --> Final output sent to browser
DEBUG - 2024-03-25 18:37:13 --> Total execution time: 0.0363
INFO - 2024-03-25 18:37:18 --> Config Class Initialized
INFO - 2024-03-25 18:37:18 --> Hooks Class Initialized
DEBUG - 2024-03-25 18:37:18 --> UTF-8 Support Enabled
INFO - 2024-03-25 18:37:18 --> Utf8 Class Initialized
INFO - 2024-03-25 18:37:18 --> URI Class Initialized
INFO - 2024-03-25 18:37:18 --> Router Class Initialized
INFO - 2024-03-25 18:37:18 --> Output Class Initialized
INFO - 2024-03-25 18:37:18 --> Security Class Initialized
DEBUG - 2024-03-25 18:37:18 --> Global POST, GET and COOKIE data sanitized
INFO - 2024-03-25 18:37:18 --> Input Class Initialized
INFO - 2024-03-25 18:37:18 --> Language Class Initialized
INFO - 2024-03-25 18:37:18 --> Loader Class Initialized
INFO - 2024-03-25 18:37:18 --> Helper loaded: url_helper
INFO - 2024-03-25 18:37:18 --> Database Driver Class Initialized
INFO - 2024-03-25 18:37:18 --> Controller Class Initialized
INFO - 2024-03-25 18:37:18 --> Model "Mconfigkey" initialized
INFO - 2024-03-25 18:37:18 --> Model "Mportal_data" initialized
INFO - 2024-03-25 18:37:18 --> Final output sent to browser
DEBUG - 2024-03-25 18:37:18 --> Total execution time: 0.0738
INFO - 2024-03-25 18:37:20 --> Config Class Initialized
INFO - 2024-03-25 18:37:20 --> Hooks Class Initialized
DEBUG - 2024-03-25 18:37:20 --> UTF-8 Support Enabled
INFO - 2024-03-25 18:37:20 --> Utf8 Class Initialized
INFO - 2024-03-25 18:37:20 --> URI Class Initialized
INFO - 2024-03-25 18:37:20 --> Router Class Initialized
INFO - 2024-03-25 18:37:20 --> Output Class Initialized
INFO - 2024-03-25 18:37:20 --> Security Class Initialized
DEBUG - 2024-03-25 18:37:20 --> Global POST, GET and COOKIE data sanitized
INFO - 2024-03-25 18:37:20 --> Input Class Initialized
INFO - 2024-03-25 18:37:20 --> Language Class Initialized
INFO - 2024-03-25 18:37:20 --> Loader Class Initialized
INFO - 2024-03-25 18:37:20 --> Helper loaded: url_helper
INFO - 2024-03-25 18:37:20 --> Database Driver Class Initialized
INFO - 2024-03-25 18:37:20 --> Controller Class Initialized
INFO - 2024-03-25 18:37:23 --> Final output sent to browser
DEBUG - 2024-03-25 18:37:23 --> Total execution time: 3.0785
INFO - 2024-03-25 18:37:30 --> Config Class Initialized
INFO - 2024-03-25 18:37:30 --> Hooks Class Initialized
DEBUG - 2024-03-25 18:37:30 --> UTF-8 Support Enabled
INFO - 2024-03-25 18:37:30 --> Utf8 Class Initialized
INFO - 2024-03-25 18:37:30 --> URI Class Initialized
INFO - 2024-03-25 18:37:30 --> Router Class Initialized
INFO - 2024-03-25 18:37:30 --> Output Class Initialized
INFO - 2024-03-25 18:37:30 --> Security Class Initialized
DEBUG - 2024-03-25 18:37:30 --> Global POST, GET and COOKIE data sanitized
INFO - 2024-03-25 18:37:30 --> Input Class Initialized
INFO - 2024-03-25 18:37:30 --> Language Class Initialized
INFO - 2024-03-25 18:37:30 --> Loader Class Initialized
INFO - 2024-03-25 18:37:30 --> Helper loaded: url_helper
INFO - 2024-03-25 18:37:30 --> Database Driver Class Initialized
INFO - 2024-03-25 18:37:30 --> Controller Class Initialized
ERROR - 2024-03-25 18:38:00 --> Severity: Warning --> A non-numeric value encountered D:\xampp\htdocs\plb\dummyservice\application\controllers\PortalApi.php 462
ERROR - 2024-03-25 18:38:00 --> Severity: Warning --> A non-numeric value encountered D:\xampp\htdocs\plb\dummyservice\application\controllers\PortalApi.php 462
INFO - 2024-03-25 18:38:00 --> Final output sent to browser
DEBUG - 2024-03-25 18:38:00 --> Total execution time: 30.4225
INFO - 2024-03-25 18:39:35 --> Config Class Initialized
INFO - 2024-03-25 18:39:35 --> Hooks Class Initialized
DEBUG - 2024-03-25 18:39:35 --> UTF-8 Support Enabled
INFO - 2024-03-25 18:39:35 --> Utf8 Class Initialized
INFO - 2024-03-25 18:39:35 --> URI Class Initialized
INFO - 2024-03-25 18:39:35 --> Router Class Initialized
INFO - 2024-03-25 18:39:35 --> Output Class Initialized
INFO - 2024-03-25 18:39:35 --> Security Class Initialized
DEBUG - 2024-03-25 18:39:35 --> Global POST, GET and COOKIE data sanitized
INFO - 2024-03-25 18:39:35 --> Input Class Initialized
INFO - 2024-03-25 18:39:35 --> Language Class Initialized
INFO - 2024-03-25 18:39:35 --> Loader Class Initialized
INFO - 2024-03-25 18:39:35 --> Helper loaded: url_helper
INFO - 2024-03-25 18:39:35 --> Database Driver Class Initialized
INFO - 2024-03-25 18:39:35 --> Controller Class Initialized
ERROR - 2024-03-25 18:40:05 --> Severity: Warning --> A non-numeric value encountered D:\xampp\htdocs\plb\dummyservice\application\controllers\PortalApi.php 462
ERROR - 2024-03-25 18:40:05 --> Severity: Warning --> A non-numeric value encountered D:\xampp\htdocs\plb\dummyservice\application\controllers\PortalApi.php 462
INFO - 2024-03-25 18:40:05 --> Final output sent to browser
DEBUG - 2024-03-25 18:40:05 --> Total execution time: 30.5823
INFO - 2024-03-25 18:40:50 --> Config Class Initialized
INFO - 2024-03-25 18:40:50 --> Hooks Class Initialized
DEBUG - 2024-03-25 18:40:50 --> UTF-8 Support Enabled
INFO - 2024-03-25 18:40:50 --> Utf8 Class Initialized
INFO - 2024-03-25 18:40:50 --> URI Class Initialized
INFO - 2024-03-25 18:40:50 --> Router Class Initialized
INFO - 2024-03-25 18:40:50 --> Output Class Initialized
INFO - 2024-03-25 18:40:50 --> Security Class Initialized
DEBUG - 2024-03-25 18:40:50 --> Global POST, GET and COOKIE data sanitized
INFO - 2024-03-25 18:40:50 --> Input Class Initialized
INFO - 2024-03-25 18:40:50 --> Language Class Initialized
INFO - 2024-03-25 18:40:50 --> Loader Class Initialized
INFO - 2024-03-25 18:40:50 --> Helper loaded: url_helper
INFO - 2024-03-25 18:40:50 --> Database Driver Class Initialized
INFO - 2024-03-25 18:40:50 --> Controller Class Initialized
INFO - 2024-03-25 18:40:54 --> Model "Mportal_data" initialized
INFO - 2024-03-25 18:40:56 --> Final output sent to browser
DEBUG - 2024-03-25 18:40:56 --> Total execution time: 6.3998
