INFO - 2024-06-04 19:33:18 --> Config Class Initialized
INFO - 2024-06-04 19:33:18 --> Hooks Class Initialized
DEBUG - 2024-06-04 19:33:18 --> UTF-8 Support Enabled
INFO - 2024-06-04 19:33:18 --> Utf8 Class Initialized
INFO - 2024-06-04 19:33:18 --> URI Class Initialized
INFO - 2024-06-04 19:33:18 --> Router Class Initialized
INFO - 2024-06-04 19:33:18 --> Output Class Initialized
INFO - 2024-06-04 19:33:18 --> Security Class Initialized
DEBUG - 2024-06-04 19:33:18 --> Global POST, GET and COOKIE data sanitized
INFO - 2024-06-04 19:33:18 --> Input Class Initialized
INFO - 2024-06-04 19:33:18 --> Language Class Initialized
INFO - 2024-06-04 19:33:18 --> Loader Class Initialized
INFO - 2024-06-04 19:33:18 --> Helper loaded: url_helper
INFO - 2024-06-04 19:33:19 --> Database Driver Class Initialized
INFO - 2024-06-04 19:33:19 --> Controller Class Initialized
INFO - 2024-06-04 19:33:19 --> Model "Mauth" initialized
INFO - 2024-06-04 19:33:19 --> Model "Mconfigkey" initialized
INFO - 2024-06-04 19:33:19 --> Final output sent to browser
DEBUG - 2024-06-04 19:33:19 --> Total execution time: 0.4381
INFO - 2024-06-04 19:33:23 --> Config Class Initialized
INFO - 2024-06-04 19:33:23 --> Hooks Class Initialized
DEBUG - 2024-06-04 19:33:23 --> UTF-8 Support Enabled
INFO - 2024-06-04 19:33:23 --> Utf8 Class Initialized
INFO - 2024-06-04 19:33:23 --> URI Class Initialized
INFO - 2024-06-04 19:33:23 --> Router Class Initialized
INFO - 2024-06-04 19:33:23 --> Output Class Initialized
INFO - 2024-06-04 19:33:23 --> Security Class Initialized
DEBUG - 2024-06-04 19:33:23 --> Global POST, GET and COOKIE data sanitized
INFO - 2024-06-04 19:33:23 --> Input Class Initialized
INFO - 2024-06-04 19:33:23 --> Language Class Initialized
INFO - 2024-06-04 19:33:23 --> Loader Class Initialized
INFO - 2024-06-04 19:33:23 --> Helper loaded: url_helper
INFO - 2024-06-04 19:33:23 --> Database Driver Class Initialized
INFO - 2024-06-04 19:33:23 --> Controller Class Initialized
INFO - 2024-06-04 19:33:23 --> Model "Mconfigkey" initialized
INFO - 2024-06-04 19:33:23 --> Model "Mmaster_goods" initialized
INFO - 2024-06-04 19:33:23 --> Final output sent to browser
DEBUG - 2024-06-04 19:33:23 --> Total execution time: 0.0401
INFO - 2024-06-04 19:33:28 --> Config Class Initialized
INFO - 2024-06-04 19:33:28 --> Hooks Class Initialized
DEBUG - 2024-06-04 19:33:28 --> UTF-8 Support Enabled
INFO - 2024-06-04 19:33:28 --> Utf8 Class Initialized
INFO - 2024-06-04 19:33:28 --> URI Class Initialized
INFO - 2024-06-04 19:33:28 --> Router Class Initialized
INFO - 2024-06-04 19:33:28 --> Output Class Initialized
INFO - 2024-06-04 19:33:28 --> Security Class Initialized
DEBUG - 2024-06-04 19:33:28 --> Global POST, GET and COOKIE data sanitized
INFO - 2024-06-04 19:33:28 --> Input Class Initialized
INFO - 2024-06-04 19:33:28 --> Language Class Initialized
INFO - 2024-06-04 19:33:28 --> Loader Class Initialized
INFO - 2024-06-04 19:33:28 --> Helper loaded: url_helper
INFO - 2024-06-04 19:33:28 --> Database Driver Class Initialized
INFO - 2024-06-04 19:33:28 --> Controller Class Initialized
INFO - 2024-06-04 19:33:28 --> Model "Mconfigkey" initialized
INFO - 2024-06-04 19:33:28 --> Model "Mmaster_goods" initialized
INFO - 2024-06-04 19:33:28 --> Final output sent to browser
DEBUG - 2024-06-04 19:33:28 --> Total execution time: 0.0223
INFO - 2024-06-04 19:33:29 --> Config Class Initialized
INFO - 2024-06-04 19:33:29 --> Hooks Class Initialized
DEBUG - 2024-06-04 19:33:29 --> UTF-8 Support Enabled
INFO - 2024-06-04 19:33:29 --> Utf8 Class Initialized
INFO - 2024-06-04 19:33:29 --> URI Class Initialized
INFO - 2024-06-04 19:33:29 --> Router Class Initialized
INFO - 2024-06-04 19:33:29 --> Output Class Initialized
INFO - 2024-06-04 19:33:29 --> Security Class Initialized
DEBUG - 2024-06-04 19:33:29 --> Global POST, GET and COOKIE data sanitized
INFO - 2024-06-04 19:33:29 --> Input Class Initialized
INFO - 2024-06-04 19:33:29 --> Language Class Initialized
INFO - 2024-06-04 19:33:29 --> Loader Class Initialized
INFO - 2024-06-04 19:33:29 --> Helper loaded: url_helper
INFO - 2024-06-04 19:33:29 --> Database Driver Class Initialized
INFO - 2024-06-04 19:33:29 --> Controller Class Initialized
INFO - 2024-06-04 19:33:29 --> Model "Mconfigkey" initialized
INFO - 2024-06-04 19:33:29 --> Model "Mmaster_goods" initialized
INFO - 2024-06-04 19:33:29 --> Final output sent to browser
DEBUG - 2024-06-04 19:33:29 --> Total execution time: 0.0222
INFO - 2024-06-04 19:33:30 --> Config Class Initialized
INFO - 2024-06-04 19:33:30 --> Hooks Class Initialized
DEBUG - 2024-06-04 19:33:30 --> UTF-8 Support Enabled
INFO - 2024-06-04 19:33:30 --> Utf8 Class Initialized
INFO - 2024-06-04 19:33:30 --> URI Class Initialized
INFO - 2024-06-04 19:33:30 --> Router Class Initialized
INFO - 2024-06-04 19:33:30 --> Output Class Initialized
INFO - 2024-06-04 19:33:30 --> Security Class Initialized
DEBUG - 2024-06-04 19:33:30 --> Global POST, GET and COOKIE data sanitized
INFO - 2024-06-04 19:33:30 --> Input Class Initialized
INFO - 2024-06-04 19:33:30 --> Language Class Initialized
INFO - 2024-06-04 19:33:30 --> Loader Class Initialized
INFO - 2024-06-04 19:33:30 --> Helper loaded: url_helper
INFO - 2024-06-04 19:33:30 --> Database Driver Class Initialized
INFO - 2024-06-04 19:33:30 --> Controller Class Initialized
INFO - 2024-06-04 19:33:30 --> Model "Mconfigkey" initialized
INFO - 2024-06-04 19:33:30 --> Model "Mmaster_goods" initialized
INFO - 2024-06-04 19:33:30 --> Final output sent to browser
DEBUG - 2024-06-04 19:33:30 --> Total execution time: 0.0218
INFO - 2024-06-04 19:33:31 --> Config Class Initialized
INFO - 2024-06-04 19:33:31 --> Hooks Class Initialized
DEBUG - 2024-06-04 19:33:31 --> UTF-8 Support Enabled
INFO - 2024-06-04 19:33:31 --> Utf8 Class Initialized
INFO - 2024-06-04 19:33:31 --> URI Class Initialized
INFO - 2024-06-04 19:33:31 --> Router Class Initialized
INFO - 2024-06-04 19:33:31 --> Output Class Initialized
INFO - 2024-06-04 19:33:31 --> Security Class Initialized
DEBUG - 2024-06-04 19:33:31 --> Global POST, GET and COOKIE data sanitized
INFO - 2024-06-04 19:33:31 --> Input Class Initialized
INFO - 2024-06-04 19:33:31 --> Language Class Initialized
INFO - 2024-06-04 19:33:31 --> Loader Class Initialized
INFO - 2024-06-04 19:33:31 --> Helper loaded: url_helper
INFO - 2024-06-04 19:33:31 --> Database Driver Class Initialized
INFO - 2024-06-04 19:33:31 --> Controller Class Initialized
INFO - 2024-06-04 19:33:31 --> Model "Mconfigkey" initialized
INFO - 2024-06-04 19:33:31 --> Model "Mmaster_goods" initialized
INFO - 2024-06-04 19:33:31 --> Final output sent to browser
DEBUG - 2024-06-04 19:33:31 --> Total execution time: 0.0220
INFO - 2024-06-04 19:33:31 --> Config Class Initialized
INFO - 2024-06-04 19:33:31 --> Hooks Class Initialized
DEBUG - 2024-06-04 19:33:31 --> UTF-8 Support Enabled
INFO - 2024-06-04 19:33:31 --> Utf8 Class Initialized
INFO - 2024-06-04 19:33:31 --> URI Class Initialized
INFO - 2024-06-04 19:33:31 --> Router Class Initialized
INFO - 2024-06-04 19:33:31 --> Output Class Initialized
INFO - 2024-06-04 19:33:31 --> Security Class Initialized
DEBUG - 2024-06-04 19:33:31 --> Global POST, GET and COOKIE data sanitized
INFO - 2024-06-04 19:33:31 --> Input Class Initialized
INFO - 2024-06-04 19:33:31 --> Language Class Initialized
INFO - 2024-06-04 19:33:31 --> Loader Class Initialized
INFO - 2024-06-04 19:33:31 --> Helper loaded: url_helper
INFO - 2024-06-04 19:33:31 --> Database Driver Class Initialized
INFO - 2024-06-04 19:33:31 --> Controller Class Initialized
INFO - 2024-06-04 19:33:31 --> Model "Mconfigkey" initialized
INFO - 2024-06-04 19:33:31 --> Model "Mmaster_goods" initialized
INFO - 2024-06-04 19:33:31 --> Final output sent to browser
DEBUG - 2024-06-04 19:33:31 --> Total execution time: 0.0224
INFO - 2024-06-04 19:33:31 --> Config Class Initialized
INFO - 2024-06-04 19:33:31 --> Hooks Class Initialized
DEBUG - 2024-06-04 19:33:31 --> UTF-8 Support Enabled
INFO - 2024-06-04 19:33:31 --> Utf8 Class Initialized
INFO - 2024-06-04 19:33:31 --> URI Class Initialized
INFO - 2024-06-04 19:33:31 --> Router Class Initialized
INFO - 2024-06-04 19:33:31 --> Output Class Initialized
INFO - 2024-06-04 19:33:31 --> Security Class Initialized
DEBUG - 2024-06-04 19:33:31 --> Global POST, GET and COOKIE data sanitized
INFO - 2024-06-04 19:33:31 --> Input Class Initialized
INFO - 2024-06-04 19:33:31 --> Language Class Initialized
INFO - 2024-06-04 19:33:31 --> Loader Class Initialized
INFO - 2024-06-04 19:33:31 --> Helper loaded: url_helper
INFO - 2024-06-04 19:33:31 --> Database Driver Class Initialized
INFO - 2024-06-04 19:33:31 --> Controller Class Initialized
INFO - 2024-06-04 19:33:31 --> Model "Mconfigkey" initialized
INFO - 2024-06-04 19:33:31 --> Model "Mmaster_goods" initialized
INFO - 2024-06-04 19:33:31 --> Final output sent to browser
DEBUG - 2024-06-04 19:33:31 --> Total execution time: 0.0223
INFO - 2024-06-04 19:33:31 --> Config Class Initialized
INFO - 2024-06-04 19:33:31 --> Hooks Class Initialized
DEBUG - 2024-06-04 19:33:31 --> UTF-8 Support Enabled
INFO - 2024-06-04 19:33:31 --> Utf8 Class Initialized
INFO - 2024-06-04 19:33:31 --> URI Class Initialized
INFO - 2024-06-04 19:33:31 --> Router Class Initialized
INFO - 2024-06-04 19:33:31 --> Output Class Initialized
INFO - 2024-06-04 19:33:31 --> Security Class Initialized
DEBUG - 2024-06-04 19:33:31 --> Global POST, GET and COOKIE data sanitized
INFO - 2024-06-04 19:33:31 --> Input Class Initialized
INFO - 2024-06-04 19:33:31 --> Language Class Initialized
INFO - 2024-06-04 19:33:31 --> Loader Class Initialized
INFO - 2024-06-04 19:33:31 --> Helper loaded: url_helper
INFO - 2024-06-04 19:33:31 --> Database Driver Class Initialized
INFO - 2024-06-04 19:33:31 --> Controller Class Initialized
INFO - 2024-06-04 19:33:31 --> Model "Mconfigkey" initialized
INFO - 2024-06-04 19:33:31 --> Model "Mmaster_goods" initialized
INFO - 2024-06-04 19:33:31 --> Final output sent to browser
DEBUG - 2024-06-04 19:33:31 --> Total execution time: 0.0227
INFO - 2024-06-04 19:33:31 --> Config Class Initialized
INFO - 2024-06-04 19:33:31 --> Hooks Class Initialized
DEBUG - 2024-06-04 19:33:31 --> UTF-8 Support Enabled
INFO - 2024-06-04 19:33:31 --> Utf8 Class Initialized
INFO - 2024-06-04 19:33:31 --> URI Class Initialized
INFO - 2024-06-04 19:33:31 --> Router Class Initialized
INFO - 2024-06-04 19:33:31 --> Output Class Initialized
INFO - 2024-06-04 19:33:31 --> Security Class Initialized
DEBUG - 2024-06-04 19:33:31 --> Global POST, GET and COOKIE data sanitized
INFO - 2024-06-04 19:33:31 --> Input Class Initialized
INFO - 2024-06-04 19:33:31 --> Language Class Initialized
INFO - 2024-06-04 19:33:31 --> Loader Class Initialized
INFO - 2024-06-04 19:33:31 --> Helper loaded: url_helper
INFO - 2024-06-04 19:33:31 --> Database Driver Class Initialized
INFO - 2024-06-04 19:33:31 --> Controller Class Initialized
INFO - 2024-06-04 19:33:31 --> Model "Mconfigkey" initialized
INFO - 2024-06-04 19:33:31 --> Model "Mmaster_goods" initialized
INFO - 2024-06-04 19:33:31 --> Final output sent to browser
DEBUG - 2024-06-04 19:33:31 --> Total execution time: 0.0221
INFO - 2024-06-04 19:33:32 --> Config Class Initialized
INFO - 2024-06-04 19:33:32 --> Hooks Class Initialized
DEBUG - 2024-06-04 19:33:32 --> UTF-8 Support Enabled
INFO - 2024-06-04 19:33:32 --> Utf8 Class Initialized
INFO - 2024-06-04 19:33:32 --> URI Class Initialized
INFO - 2024-06-04 19:33:32 --> Router Class Initialized
INFO - 2024-06-04 19:33:32 --> Output Class Initialized
INFO - 2024-06-04 19:33:32 --> Security Class Initialized
DEBUG - 2024-06-04 19:33:32 --> Global POST, GET and COOKIE data sanitized
INFO - 2024-06-04 19:33:32 --> Input Class Initialized
INFO - 2024-06-04 19:33:32 --> Language Class Initialized
INFO - 2024-06-04 19:33:32 --> Loader Class Initialized
INFO - 2024-06-04 19:33:32 --> Helper loaded: url_helper
INFO - 2024-06-04 19:33:32 --> Database Driver Class Initialized
INFO - 2024-06-04 19:33:32 --> Controller Class Initialized
INFO - 2024-06-04 19:33:32 --> Model "Mconfigkey" initialized
INFO - 2024-06-04 19:33:32 --> Model "Mmaster_goods" initialized
INFO - 2024-06-04 19:33:32 --> Final output sent to browser
DEBUG - 2024-06-04 19:33:32 --> Total execution time: 0.0231
INFO - 2024-06-04 19:33:32 --> Config Class Initialized
INFO - 2024-06-04 19:33:32 --> Hooks Class Initialized
DEBUG - 2024-06-04 19:33:32 --> UTF-8 Support Enabled
INFO - 2024-06-04 19:33:32 --> Utf8 Class Initialized
INFO - 2024-06-04 19:33:32 --> URI Class Initialized
INFO - 2024-06-04 19:33:32 --> Router Class Initialized
INFO - 2024-06-04 19:33:32 --> Output Class Initialized
INFO - 2024-06-04 19:33:32 --> Security Class Initialized
DEBUG - 2024-06-04 19:33:32 --> Global POST, GET and COOKIE data sanitized
INFO - 2024-06-04 19:33:32 --> Input Class Initialized
INFO - 2024-06-04 19:33:32 --> Language Class Initialized
INFO - 2024-06-04 19:33:32 --> Loader Class Initialized
INFO - 2024-06-04 19:33:32 --> Helper loaded: url_helper
INFO - 2024-06-04 19:33:32 --> Database Driver Class Initialized
INFO - 2024-06-04 19:33:32 --> Controller Class Initialized
INFO - 2024-06-04 19:33:32 --> Model "Mconfigkey" initialized
INFO - 2024-06-04 19:33:32 --> Model "Mmaster_goods" initialized
INFO - 2024-06-04 19:33:32 --> Final output sent to browser
DEBUG - 2024-06-04 19:33:32 --> Total execution time: 0.0221
INFO - 2024-06-04 19:33:32 --> Config Class Initialized
INFO - 2024-06-04 19:33:32 --> Hooks Class Initialized
DEBUG - 2024-06-04 19:33:32 --> UTF-8 Support Enabled
INFO - 2024-06-04 19:33:32 --> Utf8 Class Initialized
INFO - 2024-06-04 19:33:32 --> URI Class Initialized
INFO - 2024-06-04 19:33:32 --> Router Class Initialized
INFO - 2024-06-04 19:33:32 --> Output Class Initialized
INFO - 2024-06-04 19:33:32 --> Security Class Initialized
DEBUG - 2024-06-04 19:33:32 --> Global POST, GET and COOKIE data sanitized
INFO - 2024-06-04 19:33:32 --> Input Class Initialized
INFO - 2024-06-04 19:33:32 --> Language Class Initialized
INFO - 2024-06-04 19:33:32 --> Loader Class Initialized
INFO - 2024-06-04 19:33:32 --> Helper loaded: url_helper
INFO - 2024-06-04 19:33:32 --> Database Driver Class Initialized
INFO - 2024-06-04 19:33:32 --> Controller Class Initialized
INFO - 2024-06-04 19:33:32 --> Model "Mconfigkey" initialized
INFO - 2024-06-04 19:33:32 --> Model "Mmaster_goods" initialized
INFO - 2024-06-04 19:33:32 --> Final output sent to browser
DEBUG - 2024-06-04 19:33:32 --> Total execution time: 0.0220
INFO - 2024-06-04 19:33:32 --> Config Class Initialized
INFO - 2024-06-04 19:33:32 --> Hooks Class Initialized
DEBUG - 2024-06-04 19:33:32 --> UTF-8 Support Enabled
INFO - 2024-06-04 19:33:32 --> Utf8 Class Initialized
INFO - 2024-06-04 19:33:32 --> URI Class Initialized
INFO - 2024-06-04 19:33:32 --> Router Class Initialized
INFO - 2024-06-04 19:33:32 --> Output Class Initialized
INFO - 2024-06-04 19:33:32 --> Security Class Initialized
DEBUG - 2024-06-04 19:33:32 --> Global POST, GET and COOKIE data sanitized
INFO - 2024-06-04 19:33:32 --> Input Class Initialized
INFO - 2024-06-04 19:33:32 --> Language Class Initialized
INFO - 2024-06-04 19:33:32 --> Loader Class Initialized
INFO - 2024-06-04 19:33:32 --> Helper loaded: url_helper
INFO - 2024-06-04 19:33:32 --> Database Driver Class Initialized
INFO - 2024-06-04 19:33:32 --> Controller Class Initialized
INFO - 2024-06-04 19:33:32 --> Model "Mconfigkey" initialized
INFO - 2024-06-04 19:33:32 --> Model "Mmaster_goods" initialized
INFO - 2024-06-04 19:33:32 --> Final output sent to browser
DEBUG - 2024-06-04 19:33:32 --> Total execution time: 0.0222
INFO - 2024-06-04 19:33:32 --> Config Class Initialized
INFO - 2024-06-04 19:33:32 --> Hooks Class Initialized
DEBUG - 2024-06-04 19:33:32 --> UTF-8 Support Enabled
INFO - 2024-06-04 19:33:32 --> Utf8 Class Initialized
INFO - 2024-06-04 19:33:32 --> URI Class Initialized
INFO - 2024-06-04 19:33:32 --> Router Class Initialized
INFO - 2024-06-04 19:33:32 --> Output Class Initialized
INFO - 2024-06-04 19:33:32 --> Security Class Initialized
DEBUG - 2024-06-04 19:33:32 --> Global POST, GET and COOKIE data sanitized
INFO - 2024-06-04 19:33:32 --> Input Class Initialized
INFO - 2024-06-04 19:33:32 --> Language Class Initialized
INFO - 2024-06-04 19:33:32 --> Loader Class Initialized
INFO - 2024-06-04 19:33:32 --> Helper loaded: url_helper
INFO - 2024-06-04 19:33:32 --> Database Driver Class Initialized
INFO - 2024-06-04 19:33:32 --> Controller Class Initialized
INFO - 2024-06-04 19:33:32 --> Model "Mconfigkey" initialized
INFO - 2024-06-04 19:33:32 --> Model "Mmaster_goods" initialized
INFO - 2024-06-04 19:33:32 --> Final output sent to browser
DEBUG - 2024-06-04 19:33:32 --> Total execution time: 0.0224
INFO - 2024-06-04 19:33:32 --> Config Class Initialized
INFO - 2024-06-04 19:33:32 --> Hooks Class Initialized
DEBUG - 2024-06-04 19:33:32 --> UTF-8 Support Enabled
INFO - 2024-06-04 19:33:32 --> Utf8 Class Initialized
INFO - 2024-06-04 19:33:32 --> URI Class Initialized
INFO - 2024-06-04 19:33:32 --> Router Class Initialized
INFO - 2024-06-04 19:33:32 --> Output Class Initialized
INFO - 2024-06-04 19:33:32 --> Security Class Initialized
DEBUG - 2024-06-04 19:33:32 --> Global POST, GET and COOKIE data sanitized
INFO - 2024-06-04 19:33:32 --> Input Class Initialized
INFO - 2024-06-04 19:33:32 --> Language Class Initialized
INFO - 2024-06-04 19:33:32 --> Loader Class Initialized
INFO - 2024-06-04 19:33:32 --> Helper loaded: url_helper
INFO - 2024-06-04 19:33:32 --> Database Driver Class Initialized
INFO - 2024-06-04 19:33:32 --> Controller Class Initialized
INFO - 2024-06-04 19:33:32 --> Model "Mconfigkey" initialized
INFO - 2024-06-04 19:33:32 --> Model "Mmaster_goods" initialized
INFO - 2024-06-04 19:33:32 --> Final output sent to browser
DEBUG - 2024-06-04 19:33:32 --> Total execution time: 0.0220
INFO - 2024-06-04 19:33:33 --> Config Class Initialized
INFO - 2024-06-04 19:33:33 --> Hooks Class Initialized
DEBUG - 2024-06-04 19:33:33 --> UTF-8 Support Enabled
INFO - 2024-06-04 19:33:33 --> Utf8 Class Initialized
INFO - 2024-06-04 19:33:33 --> URI Class Initialized
INFO - 2024-06-04 19:33:33 --> Router Class Initialized
INFO - 2024-06-04 19:33:33 --> Output Class Initialized
INFO - 2024-06-04 19:33:33 --> Security Class Initialized
DEBUG - 2024-06-04 19:33:33 --> Global POST, GET and COOKIE data sanitized
INFO - 2024-06-04 19:33:33 --> Input Class Initialized
INFO - 2024-06-04 19:33:33 --> Language Class Initialized
INFO - 2024-06-04 19:33:33 --> Loader Class Initialized
INFO - 2024-06-04 19:33:33 --> Helper loaded: url_helper
INFO - 2024-06-04 19:33:33 --> Database Driver Class Initialized
INFO - 2024-06-04 19:33:33 --> Controller Class Initialized
INFO - 2024-06-04 19:33:33 --> Model "Mconfigkey" initialized
INFO - 2024-06-04 19:33:33 --> Model "Mmaster_goods" initialized
INFO - 2024-06-04 19:33:33 --> Final output sent to browser
DEBUG - 2024-06-04 19:33:33 --> Total execution time: 0.0237
INFO - 2024-06-04 19:34:02 --> Config Class Initialized
INFO - 2024-06-04 19:34:02 --> Hooks Class Initialized
DEBUG - 2024-06-04 19:34:02 --> UTF-8 Support Enabled
INFO - 2024-06-04 19:34:02 --> Utf8 Class Initialized
INFO - 2024-06-04 19:34:02 --> URI Class Initialized
INFO - 2024-06-04 19:34:02 --> Router Class Initialized
INFO - 2024-06-04 19:34:02 --> Output Class Initialized
INFO - 2024-06-04 19:34:02 --> Security Class Initialized
DEBUG - 2024-06-04 19:34:02 --> Global POST, GET and COOKIE data sanitized
INFO - 2024-06-04 19:34:02 --> Input Class Initialized
INFO - 2024-06-04 19:34:02 --> Language Class Initialized
INFO - 2024-06-04 19:34:02 --> Loader Class Initialized
INFO - 2024-06-04 19:34:02 --> Helper loaded: url_helper
INFO - 2024-06-04 19:34:02 --> Database Driver Class Initialized
INFO - 2024-06-04 19:34:02 --> Controller Class Initialized
INFO - 2024-06-04 19:34:02 --> Model "Mconfigkey" initialized
INFO - 2024-06-04 19:34:02 --> Model "Mext_rpt_pemasukan" initialized
INFO - 2024-06-04 19:34:02 --> Final output sent to browser
DEBUG - 2024-06-04 19:34:02 --> Total execution time: 0.0652
INFO - 2024-06-04 19:34:04 --> Config Class Initialized
INFO - 2024-06-04 19:34:04 --> Hooks Class Initialized
DEBUG - 2024-06-04 19:34:04 --> UTF-8 Support Enabled
INFO - 2024-06-04 19:34:04 --> Utf8 Class Initialized
INFO - 2024-06-04 19:34:04 --> URI Class Initialized
INFO - 2024-06-04 19:34:04 --> Router Class Initialized
INFO - 2024-06-04 19:34:04 --> Output Class Initialized
INFO - 2024-06-04 19:34:04 --> Security Class Initialized
DEBUG - 2024-06-04 19:34:04 --> Global POST, GET and COOKIE data sanitized
INFO - 2024-06-04 19:34:04 --> Input Class Initialized
INFO - 2024-06-04 19:34:04 --> Language Class Initialized
INFO - 2024-06-04 19:34:04 --> Loader Class Initialized
INFO - 2024-06-04 19:34:04 --> Helper loaded: url_helper
INFO - 2024-06-04 19:34:04 --> Database Driver Class Initialized
INFO - 2024-06-04 19:34:04 --> Controller Class Initialized
INFO - 2024-06-04 19:34:04 --> Model "Mconfigkey" initialized
ERROR - 2024-06-04 19:34:04 --> Severity: error --> Exception: Unable to locate the model you have specified: Mext_rpt_mutasi D:\xampp\htdocs\plb\dummyservice\system\core\Loader.php 348
INFO - 2024-06-04 19:34:06 --> Config Class Initialized
INFO - 2024-06-04 19:34:06 --> Hooks Class Initialized
DEBUG - 2024-06-04 19:34:06 --> UTF-8 Support Enabled
INFO - 2024-06-04 19:34:06 --> Utf8 Class Initialized
INFO - 2024-06-04 19:34:06 --> URI Class Initialized
INFO - 2024-06-04 19:34:06 --> Router Class Initialized
INFO - 2024-06-04 19:34:06 --> Output Class Initialized
INFO - 2024-06-04 19:34:06 --> Security Class Initialized
DEBUG - 2024-06-04 19:34:06 --> Global POST, GET and COOKIE data sanitized
INFO - 2024-06-04 19:34:06 --> Input Class Initialized
INFO - 2024-06-04 19:34:06 --> Language Class Initialized
INFO - 2024-06-04 19:34:06 --> Loader Class Initialized
INFO - 2024-06-04 19:34:06 --> Helper loaded: url_helper
INFO - 2024-06-04 19:34:06 --> Database Driver Class Initialized
INFO - 2024-06-04 19:34:06 --> Controller Class Initialized
INFO - 2024-06-04 19:34:06 --> Model "Mconfigkey" initialized
INFO - 2024-06-04 19:34:06 --> Model "Mext_rpt_pengeluaran" initialized
ERROR - 2024-06-04 19:34:06 --> Query error: [Microsoft][ODBC Driver 18 for SQL Server][SQL Server]Invalid object name 'VW_EXT_RPT_PENGELUARAN_PER_DOKUMEN'. - Invalid query: SELECT COUNT(*) AS "numrows"
FROM "VW_EXT_RPT_PENGELUARAN_PER_DOKUMEN"
WHERE 
        VW_EXT_RPT_PENGELUARAN_PER_DOKUMEN.JENIS_DOKUMEN_PABEAN = '' AND 
        FORMAT(VW_EXT_RPT_PENGELUARAN_PER_DOKUMEN.TANGGAL_AJU,'yyyy-MM-dd') BETWEEN '' AND ''
        
INFO - 2024-06-04 19:34:06 --> Language file loaded: language/english/db_lang.php
INFO - 2024-06-04 19:34:07 --> Config Class Initialized
INFO - 2024-06-04 19:34:07 --> Hooks Class Initialized
DEBUG - 2024-06-04 19:34:07 --> UTF-8 Support Enabled
INFO - 2024-06-04 19:34:07 --> Utf8 Class Initialized
INFO - 2024-06-04 19:34:07 --> URI Class Initialized
INFO - 2024-06-04 19:34:07 --> Router Class Initialized
INFO - 2024-06-04 19:34:07 --> Output Class Initialized
INFO - 2024-06-04 19:34:07 --> Security Class Initialized
DEBUG - 2024-06-04 19:34:07 --> Global POST, GET and COOKIE data sanitized
INFO - 2024-06-04 19:34:07 --> Input Class Initialized
INFO - 2024-06-04 19:34:07 --> Language Class Initialized
INFO - 2024-06-04 19:34:07 --> Loader Class Initialized
INFO - 2024-06-04 19:34:07 --> Helper loaded: url_helper
INFO - 2024-06-04 19:34:07 --> Database Driver Class Initialized
INFO - 2024-06-04 19:34:07 --> Controller Class Initialized
INFO - 2024-06-04 19:34:07 --> Model "Mconfigkey" initialized
ERROR - 2024-06-04 19:34:07 --> Severity: error --> Exception: Unable to locate the model you have specified: Mext_rpt_stock_card D:\xampp\htdocs\plb\dummyservice\system\core\Loader.php 348
INFO - 2024-06-04 19:34:10 --> Config Class Initialized
INFO - 2024-06-04 19:34:10 --> Hooks Class Initialized
DEBUG - 2024-06-04 19:34:10 --> UTF-8 Support Enabled
INFO - 2024-06-04 19:34:10 --> Utf8 Class Initialized
INFO - 2024-06-04 19:34:10 --> URI Class Initialized
INFO - 2024-06-04 19:34:10 --> Router Class Initialized
INFO - 2024-06-04 19:34:10 --> Output Class Initialized
INFO - 2024-06-04 19:34:10 --> Security Class Initialized
DEBUG - 2024-06-04 19:34:10 --> Global POST, GET and COOKIE data sanitized
INFO - 2024-06-04 19:34:10 --> Input Class Initialized
INFO - 2024-06-04 19:34:10 --> Language Class Initialized
INFO - 2024-06-04 19:34:10 --> Loader Class Initialized
INFO - 2024-06-04 19:34:10 --> Helper loaded: url_helper
INFO - 2024-06-04 19:34:10 --> Database Driver Class Initialized
INFO - 2024-06-04 19:34:10 --> Controller Class Initialized
INFO - 2024-06-04 19:34:10 --> Model "Mconfigkey" initialized
INFO - 2024-06-04 19:34:10 --> Model "Mgoods_control" initialized
INFO - 2024-06-04 19:34:10 --> Final output sent to browser
DEBUG - 2024-06-04 19:34:10 --> Total execution time: 0.0273
INFO - 2024-06-04 19:34:11 --> Config Class Initialized
INFO - 2024-06-04 19:34:11 --> Hooks Class Initialized
DEBUG - 2024-06-04 19:34:11 --> UTF-8 Support Enabled
INFO - 2024-06-04 19:34:11 --> Utf8 Class Initialized
INFO - 2024-06-04 19:34:11 --> URI Class Initialized
INFO - 2024-06-04 19:34:11 --> Router Class Initialized
INFO - 2024-06-04 19:34:11 --> Output Class Initialized
INFO - 2024-06-04 19:34:11 --> Security Class Initialized
DEBUG - 2024-06-04 19:34:11 --> Global POST, GET and COOKIE data sanitized
INFO - 2024-06-04 19:34:11 --> Input Class Initialized
INFO - 2024-06-04 19:34:11 --> Language Class Initialized
INFO - 2024-06-04 19:34:11 --> Loader Class Initialized
INFO - 2024-06-04 19:34:11 --> Helper loaded: url_helper
INFO - 2024-06-04 19:34:11 --> Database Driver Class Initialized
INFO - 2024-06-04 19:34:11 --> Controller Class Initialized
INFO - 2024-06-04 19:34:11 --> Model "Mconfigkey" initialized
INFO - 2024-06-04 19:34:11 --> Model "Mgoods_control" initialized
INFO - 2024-06-04 19:34:11 --> Final output sent to browser
DEBUG - 2024-06-04 19:34:11 --> Total execution time: 0.0506
INFO - 2024-06-04 19:34:12 --> Config Class Initialized
INFO - 2024-06-04 19:34:12 --> Hooks Class Initialized
DEBUG - 2024-06-04 19:34:12 --> UTF-8 Support Enabled
INFO - 2024-06-04 19:34:12 --> Utf8 Class Initialized
INFO - 2024-06-04 19:34:12 --> Config Class Initialized
INFO - 2024-06-04 19:34:12 --> Hooks Class Initialized
INFO - 2024-06-04 19:34:12 --> URI Class Initialized
INFO - 2024-06-04 19:34:12 --> Router Class Initialized
DEBUG - 2024-06-04 19:34:12 --> UTF-8 Support Enabled
INFO - 2024-06-04 19:34:12 --> Utf8 Class Initialized
INFO - 2024-06-04 19:34:12 --> Output Class Initialized
INFO - 2024-06-04 19:34:12 --> URI Class Initialized
INFO - 2024-06-04 19:34:12 --> Router Class Initialized
INFO - 2024-06-04 19:34:12 --> Security Class Initialized
INFO - 2024-06-04 19:34:12 --> Output Class Initialized
DEBUG - 2024-06-04 19:34:12 --> Global POST, GET and COOKIE data sanitized
INFO - 2024-06-04 19:34:12 --> Security Class Initialized
INFO - 2024-06-04 19:34:12 --> Input Class Initialized
INFO - 2024-06-04 19:34:12 --> Language Class Initialized
DEBUG - 2024-06-04 19:34:12 --> Global POST, GET and COOKIE data sanitized
INFO - 2024-06-04 19:34:12 --> Input Class Initialized
INFO - 2024-06-04 19:34:12 --> Language Class Initialized
INFO - 2024-06-04 19:34:12 --> Config Class Initialized
INFO - 2024-06-04 19:34:12 --> Hooks Class Initialized
INFO - 2024-06-04 19:34:12 --> Loader Class Initialized
INFO - 2024-06-04 19:34:12 --> Helper loaded: url_helper
INFO - 2024-06-04 19:34:12 --> Loader Class Initialized
INFO - 2024-06-04 19:34:12 --> Helper loaded: url_helper
INFO - 2024-06-04 19:34:12 --> Database Driver Class Initialized
DEBUG - 2024-06-04 19:34:12 --> UTF-8 Support Enabled
INFO - 2024-06-04 19:34:12 --> Utf8 Class Initialized
INFO - 2024-06-04 19:34:12 --> URI Class Initialized
INFO - 2024-06-04 19:34:12 --> Database Driver Class Initialized
INFO - 2024-06-04 19:34:12 --> Router Class Initialized
INFO - 2024-06-04 19:34:12 --> Output Class Initialized
INFO - 2024-06-04 19:34:12 --> Security Class Initialized
DEBUG - 2024-06-04 19:34:12 --> Global POST, GET and COOKIE data sanitized
INFO - 2024-06-04 19:34:12 --> Input Class Initialized
INFO - 2024-06-04 19:34:12 --> Language Class Initialized
INFO - 2024-06-04 19:34:12 --> Loader Class Initialized
INFO - 2024-06-04 19:34:12 --> Helper loaded: url_helper
INFO - 2024-06-04 19:34:12 --> Database Driver Class Initialized
INFO - 2024-06-04 19:34:12 --> Controller Class Initialized
INFO - 2024-06-04 19:34:12 --> Controller Class Initialized
INFO - 2024-06-04 19:34:12 --> Model "Mconfigkey" initialized
INFO - 2024-06-04 19:34:12 --> Model "Mgoods_control" initialized
INFO - 2024-06-04 19:34:12 --> Controller Class Initialized
INFO - 2024-06-04 19:34:12 --> Final output sent to browser
INFO - 2024-06-04 19:34:12 --> Model "Mconfigkey" initialized
DEBUG - 2024-06-04 19:34:12 --> Total execution time: 0.0221
INFO - 2024-06-04 19:34:12 --> Model "Mgoods_control" initialized
INFO - 2024-06-04 19:34:12 --> Model "Mconfigkey" initialized
INFO - 2024-06-04 19:34:12 --> Model "Mgoods_control" initialized
INFO - 2024-06-04 19:34:12 --> Final output sent to browser
DEBUG - 2024-06-04 19:34:12 --> Total execution time: 0.0393
INFO - 2024-06-04 19:34:12 --> Final output sent to browser
DEBUG - 2024-06-04 19:34:12 --> Total execution time: 0.0466
INFO - 2024-06-04 19:34:13 --> Config Class Initialized
INFO - 2024-06-04 19:34:13 --> Hooks Class Initialized
DEBUG - 2024-06-04 19:34:13 --> UTF-8 Support Enabled
INFO - 2024-06-04 19:34:13 --> Utf8 Class Initialized
INFO - 2024-06-04 19:34:13 --> URI Class Initialized
INFO - 2024-06-04 19:34:13 --> Config Class Initialized
INFO - 2024-06-04 19:34:13 --> Hooks Class Initialized
INFO - 2024-06-04 19:34:13 --> Router Class Initialized
DEBUG - 2024-06-04 19:34:13 --> UTF-8 Support Enabled
INFO - 2024-06-04 19:34:13 --> Utf8 Class Initialized
INFO - 2024-06-04 19:34:13 --> Output Class Initialized
INFO - 2024-06-04 19:34:13 --> URI Class Initialized
INFO - 2024-06-04 19:34:13 --> Security Class Initialized
INFO - 2024-06-04 19:34:13 --> Router Class Initialized
DEBUG - 2024-06-04 19:34:13 --> Global POST, GET and COOKIE data sanitized
INFO - 2024-06-04 19:34:13 --> Output Class Initialized
INFO - 2024-06-04 19:34:13 --> Input Class Initialized
INFO - 2024-06-04 19:34:13 --> Config Class Initialized
INFO - 2024-06-04 19:34:13 --> Language Class Initialized
INFO - 2024-06-04 19:34:13 --> Hooks Class Initialized
INFO - 2024-06-04 19:34:13 --> Security Class Initialized
DEBUG - 2024-06-04 19:34:13 --> Global POST, GET and COOKIE data sanitized
INFO - 2024-06-04 19:34:13 --> Input Class Initialized
DEBUG - 2024-06-04 19:34:13 --> UTF-8 Support Enabled
INFO - 2024-06-04 19:34:13 --> Utf8 Class Initialized
INFO - 2024-06-04 19:34:13 --> Language Class Initialized
INFO - 2024-06-04 19:34:13 --> URI Class Initialized
INFO - 2024-06-04 19:34:13 --> Loader Class Initialized
INFO - 2024-06-04 19:34:13 --> Helper loaded: url_helper
INFO - 2024-06-04 19:34:13 --> Router Class Initialized
INFO - 2024-06-04 19:34:13 --> Loader Class Initialized
INFO - 2024-06-04 19:34:13 --> Output Class Initialized
INFO - 2024-06-04 19:34:13 --> Helper loaded: url_helper
INFO - 2024-06-04 19:34:13 --> Security Class Initialized
INFO - 2024-06-04 19:34:13 --> Database Driver Class Initialized
DEBUG - 2024-06-04 19:34:13 --> Global POST, GET and COOKIE data sanitized
INFO - 2024-06-04 19:34:13 --> Input Class Initialized
INFO - 2024-06-04 19:34:13 --> Language Class Initialized
INFO - 2024-06-04 19:34:13 --> Loader Class Initialized
INFO - 2024-06-04 19:34:13 --> Database Driver Class Initialized
INFO - 2024-06-04 19:34:13 --> Helper loaded: url_helper
INFO - 2024-06-04 19:34:13 --> Database Driver Class Initialized
INFO - 2024-06-04 19:34:13 --> Controller Class Initialized
INFO - 2024-06-04 19:34:13 --> Controller Class Initialized
INFO - 2024-06-04 19:34:13 --> Controller Class Initialized
INFO - 2024-06-04 19:34:13 --> Model "Mconfigkey" initialized
INFO - 2024-06-04 19:34:13 --> Model "Mconfigkey" initialized
INFO - 2024-06-04 19:34:13 --> Model "Mgoods_control" initialized
INFO - 2024-06-04 19:34:13 --> Model "Mgoods_control" initialized
INFO - 2024-06-04 19:34:13 --> Model "Mconfigkey" initialized
INFO - 2024-06-04 19:34:13 --> Model "Mgoods_control" initialized
INFO - 2024-06-04 19:34:13 --> Final output sent to browser
DEBUG - 2024-06-04 19:34:13 --> Total execution time: 0.0268
INFO - 2024-06-04 19:34:13 --> Final output sent to browser
INFO - 2024-06-04 19:34:13 --> Final output sent to browser
DEBUG - 2024-06-04 19:34:13 --> Total execution time: 0.0357
DEBUG - 2024-06-04 19:34:13 --> Total execution time: 0.0334
INFO - 2024-06-04 19:34:21 --> Config Class Initialized
INFO - 2024-06-04 19:34:21 --> Hooks Class Initialized
DEBUG - 2024-06-04 19:34:21 --> UTF-8 Support Enabled
INFO - 2024-06-04 19:34:21 --> Utf8 Class Initialized
INFO - 2024-06-04 19:34:21 --> URI Class Initialized
INFO - 2024-06-04 19:34:21 --> Router Class Initialized
INFO - 2024-06-04 19:34:21 --> Output Class Initialized
INFO - 2024-06-04 19:34:21 --> Security Class Initialized
DEBUG - 2024-06-04 19:34:21 --> Global POST, GET and COOKIE data sanitized
INFO - 2024-06-04 19:34:21 --> Input Class Initialized
INFO - 2024-06-04 19:34:21 --> Language Class Initialized
INFO - 2024-06-04 19:34:21 --> Loader Class Initialized
INFO - 2024-06-04 19:34:21 --> Helper loaded: url_helper
INFO - 2024-06-04 19:34:21 --> Database Driver Class Initialized
INFO - 2024-06-04 19:34:21 --> Controller Class Initialized
INFO - 2024-06-04 19:34:21 --> Model "Mconfigkey" initialized
INFO - 2024-06-04 19:34:21 --> Model "Mgoods_control" initialized
INFO - 2024-06-04 19:34:21 --> Final output sent to browser
DEBUG - 2024-06-04 19:34:21 --> Total execution time: 0.0184
INFO - 2024-06-04 19:34:25 --> Config Class Initialized
INFO - 2024-06-04 19:34:25 --> Hooks Class Initialized
DEBUG - 2024-06-04 19:34:25 --> UTF-8 Support Enabled
INFO - 2024-06-04 19:34:25 --> Utf8 Class Initialized
INFO - 2024-06-04 19:34:25 --> URI Class Initialized
INFO - 2024-06-04 19:34:25 --> Router Class Initialized
INFO - 2024-06-04 19:34:25 --> Output Class Initialized
INFO - 2024-06-04 19:34:25 --> Security Class Initialized
DEBUG - 2024-06-04 19:34:25 --> Global POST, GET and COOKIE data sanitized
INFO - 2024-06-04 19:34:25 --> Input Class Initialized
INFO - 2024-06-04 19:34:25 --> Language Class Initialized
INFO - 2024-06-04 19:34:25 --> Loader Class Initialized
INFO - 2024-06-04 19:34:25 --> Helper loaded: url_helper
INFO - 2024-06-04 19:34:25 --> Database Driver Class Initialized
INFO - 2024-06-04 19:34:25 --> Controller Class Initialized
INFO - 2024-06-04 19:34:25 --> Model "Mconfigkey" initialized
INFO - 2024-06-04 19:34:25 --> Model "Mgoods_control" initialized
INFO - 2024-06-04 19:34:25 --> Final output sent to browser
DEBUG - 2024-06-04 19:34:25 --> Total execution time: 0.0418
INFO - 2024-06-04 19:34:29 --> Config Class Initialized
INFO - 2024-06-04 19:34:29 --> Hooks Class Initialized
DEBUG - 2024-06-04 19:34:29 --> UTF-8 Support Enabled
INFO - 2024-06-04 19:34:29 --> Utf8 Class Initialized
INFO - 2024-06-04 19:34:29 --> URI Class Initialized
INFO - 2024-06-04 19:34:29 --> Router Class Initialized
INFO - 2024-06-04 19:34:29 --> Output Class Initialized
INFO - 2024-06-04 19:34:29 --> Security Class Initialized
DEBUG - 2024-06-04 19:34:29 --> Global POST, GET and COOKIE data sanitized
INFO - 2024-06-04 19:34:29 --> Input Class Initialized
INFO - 2024-06-04 19:34:29 --> Language Class Initialized
INFO - 2024-06-04 19:34:29 --> Loader Class Initialized
INFO - 2024-06-04 19:34:29 --> Helper loaded: url_helper
INFO - 2024-06-04 19:34:29 --> Database Driver Class Initialized
INFO - 2024-06-04 19:34:29 --> Config Class Initialized
INFO - 2024-06-04 19:34:29 --> Hooks Class Initialized
DEBUG - 2024-06-04 19:34:29 --> UTF-8 Support Enabled
INFO - 2024-06-04 19:34:29 --> Utf8 Class Initialized
INFO - 2024-06-04 19:34:29 --> URI Class Initialized
INFO - 2024-06-04 19:34:29 --> Router Class Initialized
INFO - 2024-06-04 19:34:29 --> Output Class Initialized
INFO - 2024-06-04 19:34:29 --> Security Class Initialized
DEBUG - 2024-06-04 19:34:29 --> Global POST, GET and COOKIE data sanitized
INFO - 2024-06-04 19:34:29 --> Input Class Initialized
INFO - 2024-06-04 19:34:29 --> Language Class Initialized
INFO - 2024-06-04 19:34:29 --> Loader Class Initialized
INFO - 2024-06-04 19:34:29 --> Config Class Initialized
INFO - 2024-06-04 19:34:29 --> Hooks Class Initialized
INFO - 2024-06-04 19:34:29 --> Helper loaded: url_helper
DEBUG - 2024-06-04 19:34:29 --> UTF-8 Support Enabled
INFO - 2024-06-04 19:34:29 --> Utf8 Class Initialized
INFO - 2024-06-04 19:34:29 --> URI Class Initialized
INFO - 2024-06-04 19:34:29 --> Router Class Initialized
INFO - 2024-06-04 19:34:30 --> Output Class Initialized
INFO - 2024-06-04 19:34:30 --> Database Driver Class Initialized
INFO - 2024-06-04 19:34:30 --> Security Class Initialized
DEBUG - 2024-06-04 19:34:30 --> Global POST, GET and COOKIE data sanitized
INFO - 2024-06-04 19:34:30 --> Input Class Initialized
INFO - 2024-06-04 19:34:30 --> Language Class Initialized
INFO - 2024-06-04 19:34:30 --> Loader Class Initialized
INFO - 2024-06-04 19:34:30 --> Helper loaded: url_helper
INFO - 2024-06-04 19:34:30 --> Controller Class Initialized
INFO - 2024-06-04 19:34:30 --> Model "Mconfigkey" initialized
INFO - 2024-06-04 19:34:30 --> Model "Mgoods_control" initialized
INFO - 2024-06-04 19:34:30 --> Database Driver Class Initialized
INFO - 2024-06-04 19:34:30 --> Controller Class Initialized
INFO - 2024-06-04 19:34:30 --> Model "Mconfigkey" initialized
INFO - 2024-06-04 19:34:30 --> Model "Mgoods_control" initialized
INFO - 2024-06-04 19:34:30 --> Controller Class Initialized
INFO - 2024-06-04 19:34:30 --> Final output sent to browser
DEBUG - 2024-06-04 19:34:30 --> Total execution time: 0.0239
INFO - 2024-06-04 19:34:30 --> Final output sent to browser
DEBUG - 2024-06-04 19:34:30 --> Total execution time: 0.0378
INFO - 2024-06-04 19:34:30 --> Model "Mconfigkey" initialized
INFO - 2024-06-04 19:34:30 --> Model "Mgoods_control" initialized
INFO - 2024-06-04 19:34:30 --> Final output sent to browser
DEBUG - 2024-06-04 19:34:30 --> Total execution time: 0.0189
INFO - 2024-06-04 19:34:31 --> Config Class Initialized
INFO - 2024-06-04 19:34:31 --> Hooks Class Initialized
DEBUG - 2024-06-04 19:34:31 --> UTF-8 Support Enabled
INFO - 2024-06-04 19:34:31 --> Utf8 Class Initialized
INFO - 2024-06-04 19:34:31 --> URI Class Initialized
INFO - 2024-06-04 19:34:31 --> Router Class Initialized
INFO - 2024-06-04 19:34:31 --> Output Class Initialized
INFO - 2024-06-04 19:34:31 --> Security Class Initialized
DEBUG - 2024-06-04 19:34:31 --> Global POST, GET and COOKIE data sanitized
INFO - 2024-06-04 19:34:31 --> Input Class Initialized
INFO - 2024-06-04 19:34:31 --> Language Class Initialized
INFO - 2024-06-04 19:34:31 --> Loader Class Initialized
INFO - 2024-06-04 19:34:31 --> Helper loaded: url_helper
INFO - 2024-06-04 19:34:31 --> Config Class Initialized
INFO - 2024-06-04 19:34:31 --> Hooks Class Initialized
DEBUG - 2024-06-04 19:34:31 --> UTF-8 Support Enabled
INFO - 2024-06-04 19:34:31 --> Utf8 Class Initialized
INFO - 2024-06-04 19:34:31 --> URI Class Initialized
INFO - 2024-06-04 19:34:31 --> Router Class Initialized
INFO - 2024-06-04 19:34:31 --> Database Driver Class Initialized
INFO - 2024-06-04 19:34:31 --> Output Class Initialized
INFO - 2024-06-04 19:34:31 --> Security Class Initialized
DEBUG - 2024-06-04 19:34:31 --> Global POST, GET and COOKIE data sanitized
INFO - 2024-06-04 19:34:31 --> Input Class Initialized
INFO - 2024-06-04 19:34:31 --> Language Class Initialized
INFO - 2024-06-04 19:34:31 --> Loader Class Initialized
INFO - 2024-06-04 19:34:31 --> Helper loaded: url_helper
INFO - 2024-06-04 19:34:31 --> Config Class Initialized
INFO - 2024-06-04 19:34:31 --> Hooks Class Initialized
DEBUG - 2024-06-04 19:34:31 --> UTF-8 Support Enabled
INFO - 2024-06-04 19:34:31 --> Utf8 Class Initialized
INFO - 2024-06-04 19:34:31 --> URI Class Initialized
INFO - 2024-06-04 19:34:31 --> Router Class Initialized
INFO - 2024-06-04 19:34:31 --> Database Driver Class Initialized
INFO - 2024-06-04 19:34:31 --> Output Class Initialized
INFO - 2024-06-04 19:34:31 --> Security Class Initialized
DEBUG - 2024-06-04 19:34:31 --> Global POST, GET and COOKIE data sanitized
INFO - 2024-06-04 19:34:31 --> Input Class Initialized
INFO - 2024-06-04 19:34:31 --> Language Class Initialized
INFO - 2024-06-04 19:34:31 --> Loader Class Initialized
INFO - 2024-06-04 19:34:31 --> Helper loaded: url_helper
INFO - 2024-06-04 19:34:31 --> Database Driver Class Initialized
INFO - 2024-06-04 19:34:31 --> Controller Class Initialized
INFO - 2024-06-04 19:34:31 --> Controller Class Initialized
INFO - 2024-06-04 19:34:31 --> Model "Mconfigkey" initialized
INFO - 2024-06-04 19:34:31 --> Model "Mconfigkey" initialized
INFO - 2024-06-04 19:34:31 --> Model "Mgoods_control" initialized
INFO - 2024-06-04 19:34:31 --> Model "Mgoods_control" initialized
INFO - 2024-06-04 19:34:31 --> Final output sent to browser
DEBUG - 2024-06-04 19:34:31 --> Total execution time: 0.0281
INFO - 2024-06-04 19:34:31 --> Final output sent to browser
DEBUG - 2024-06-04 19:34:31 --> Total execution time: 0.0393
INFO - 2024-06-04 19:34:31 --> Controller Class Initialized
INFO - 2024-06-04 19:34:31 --> Model "Mconfigkey" initialized
INFO - 2024-06-04 19:34:31 --> Model "Mgoods_control" initialized
INFO - 2024-06-04 19:34:31 --> Final output sent to browser
DEBUG - 2024-06-04 19:34:31 --> Total execution time: 0.0310
INFO - 2024-06-04 19:34:33 --> Config Class Initialized
INFO - 2024-06-04 19:34:33 --> Hooks Class Initialized
DEBUG - 2024-06-04 19:34:33 --> UTF-8 Support Enabled
INFO - 2024-06-04 19:34:33 --> Utf8 Class Initialized
INFO - 2024-06-04 19:34:33 --> URI Class Initialized
INFO - 2024-06-04 19:34:33 --> Router Class Initialized
INFO - 2024-06-04 19:34:33 --> Config Class Initialized
INFO - 2024-06-04 19:34:33 --> Hooks Class Initialized
INFO - 2024-06-04 19:34:33 --> Output Class Initialized
DEBUG - 2024-06-04 19:34:33 --> UTF-8 Support Enabled
INFO - 2024-06-04 19:34:33 --> Utf8 Class Initialized
INFO - 2024-06-04 19:34:33 --> Security Class Initialized
INFO - 2024-06-04 19:34:33 --> URI Class Initialized
INFO - 2024-06-04 19:34:33 --> Router Class Initialized
INFO - 2024-06-04 19:34:33 --> Output Class Initialized
INFO - 2024-06-04 19:34:33 --> Security Class Initialized
DEBUG - 2024-06-04 19:34:33 --> Global POST, GET and COOKIE data sanitized
INFO - 2024-06-04 19:34:33 --> Input Class Initialized
DEBUG - 2024-06-04 19:34:33 --> Global POST, GET and COOKIE data sanitized
INFO - 2024-06-04 19:34:33 --> Input Class Initialized
INFO - 2024-06-04 19:34:33 --> Language Class Initialized
INFO - 2024-06-04 19:34:33 --> Language Class Initialized
INFO - 2024-06-04 19:34:33 --> Config Class Initialized
INFO - 2024-06-04 19:34:33 --> Hooks Class Initialized
INFO - 2024-06-04 19:34:33 --> Loader Class Initialized
INFO - 2024-06-04 19:34:33 --> Loader Class Initialized
INFO - 2024-06-04 19:34:33 --> Helper loaded: url_helper
DEBUG - 2024-06-04 19:34:33 --> UTF-8 Support Enabled
INFO - 2024-06-04 19:34:33 --> Utf8 Class Initialized
INFO - 2024-06-04 19:34:33 --> URI Class Initialized
INFO - 2024-06-04 19:34:33 --> Router Class Initialized
INFO - 2024-06-04 19:34:33 --> Output Class Initialized
INFO - 2024-06-04 19:34:33 --> Database Driver Class Initialized
INFO - 2024-06-04 19:34:33 --> Security Class Initialized
INFO - 2024-06-04 19:34:33 --> Helper loaded: url_helper
DEBUG - 2024-06-04 19:34:33 --> Global POST, GET and COOKIE data sanitized
INFO - 2024-06-04 19:34:33 --> Input Class Initialized
INFO - 2024-06-04 19:34:33 --> Language Class Initialized
INFO - 2024-06-04 19:34:33 --> Loader Class Initialized
INFO - 2024-06-04 19:34:33 --> Helper loaded: url_helper
INFO - 2024-06-04 19:34:33 --> Database Driver Class Initialized
INFO - 2024-06-04 19:34:33 --> Database Driver Class Initialized
INFO - 2024-06-04 19:34:33 --> Controller Class Initialized
INFO - 2024-06-04 19:34:33 --> Controller Class Initialized
INFO - 2024-06-04 19:34:33 --> Model "Mconfigkey" initialized
INFO - 2024-06-04 19:34:33 --> Model "Mgoods_control" initialized
INFO - 2024-06-04 19:34:33 --> Controller Class Initialized
INFO - 2024-06-04 19:34:33 --> Model "Mconfigkey" initialized
INFO - 2024-06-04 19:34:33 --> Model "Mgoods_control" initialized
INFO - 2024-06-04 19:34:33 --> Model "Mconfigkey" initialized
INFO - 2024-06-04 19:34:33 --> Model "Mgoods_control" initialized
INFO - 2024-06-04 19:34:33 --> Final output sent to browser
DEBUG - 2024-06-04 19:34:33 --> Total execution time: 0.0277
INFO - 2024-06-04 19:34:33 --> Final output sent to browser
DEBUG - 2024-06-04 19:34:33 --> Total execution time: 0.0336
INFO - 2024-06-04 19:34:33 --> Final output sent to browser
DEBUG - 2024-06-04 19:34:33 --> Total execution time: 0.0405
INFO - 2024-06-04 19:34:34 --> Config Class Initialized
INFO - 2024-06-04 19:34:34 --> Hooks Class Initialized
DEBUG - 2024-06-04 19:34:34 --> UTF-8 Support Enabled
INFO - 2024-06-04 19:34:34 --> Utf8 Class Initialized
INFO - 2024-06-04 19:34:34 --> URI Class Initialized
INFO - 2024-06-04 19:34:34 --> Router Class Initialized
INFO - 2024-06-04 19:34:34 --> Config Class Initialized
INFO - 2024-06-04 19:34:34 --> Hooks Class Initialized
INFO - 2024-06-04 19:34:34 --> Output Class Initialized
INFO - 2024-06-04 19:34:34 --> Security Class Initialized
DEBUG - 2024-06-04 19:34:34 --> UTF-8 Support Enabled
INFO - 2024-06-04 19:34:34 --> Utf8 Class Initialized
DEBUG - 2024-06-04 19:34:34 --> Global POST, GET and COOKIE data sanitized
INFO - 2024-06-04 19:34:34 --> Input Class Initialized
INFO - 2024-06-04 19:34:34 --> URI Class Initialized
INFO - 2024-06-04 19:34:34 --> Language Class Initialized
INFO - 2024-06-04 19:34:34 --> Router Class Initialized
INFO - 2024-06-04 19:34:34 --> Loader Class Initialized
INFO - 2024-06-04 19:34:34 --> Helper loaded: url_helper
INFO - 2024-06-04 19:34:34 --> Output Class Initialized
INFO - 2024-06-04 19:34:34 --> Config Class Initialized
INFO - 2024-06-04 19:34:34 --> Hooks Class Initialized
INFO - 2024-06-04 19:34:34 --> Security Class Initialized
DEBUG - 2024-06-04 19:34:34 --> UTF-8 Support Enabled
DEBUG - 2024-06-04 19:34:34 --> Global POST, GET and COOKIE data sanitized
INFO - 2024-06-04 19:34:34 --> Utf8 Class Initialized
INFO - 2024-06-04 19:34:34 --> Input Class Initialized
INFO - 2024-06-04 19:34:34 --> URI Class Initialized
INFO - 2024-06-04 19:34:34 --> Language Class Initialized
INFO - 2024-06-04 19:34:34 --> Router Class Initialized
INFO - 2024-06-04 19:34:34 --> Loader Class Initialized
INFO - 2024-06-04 19:34:34 --> Database Driver Class Initialized
INFO - 2024-06-04 19:34:34 --> Helper loaded: url_helper
INFO - 2024-06-04 19:34:34 --> Output Class Initialized
INFO - 2024-06-04 19:34:34 --> Security Class Initialized
DEBUG - 2024-06-04 19:34:34 --> Global POST, GET and COOKIE data sanitized
INFO - 2024-06-04 19:34:34 --> Input Class Initialized
INFO - 2024-06-04 19:34:34 --> Language Class Initialized
INFO - 2024-06-04 19:34:34 --> Database Driver Class Initialized
INFO - 2024-06-04 19:34:34 --> Loader Class Initialized
INFO - 2024-06-04 19:34:34 --> Helper loaded: url_helper
INFO - 2024-06-04 19:34:34 --> Database Driver Class Initialized
INFO - 2024-06-04 19:34:34 --> Controller Class Initialized
INFO - 2024-06-04 19:34:34 --> Controller Class Initialized
INFO - 2024-06-04 19:34:34 --> Model "Mconfigkey" initialized
INFO - 2024-06-04 19:34:34 --> Model "Mconfigkey" initialized
INFO - 2024-06-04 19:34:34 --> Model "Mgoods_control" initialized
INFO - 2024-06-04 19:34:34 --> Model "Mgoods_control" initialized
INFO - 2024-06-04 19:34:34 --> Controller Class Initialized
INFO - 2024-06-04 19:34:34 --> Model "Mconfigkey" initialized
INFO - 2024-06-04 19:34:34 --> Model "Mgoods_control" initialized
INFO - 2024-06-04 19:34:34 --> Final output sent to browser
DEBUG - 2024-06-04 19:34:34 --> Total execution time: 0.0271
INFO - 2024-06-04 19:34:34 --> Final output sent to browser
DEBUG - 2024-06-04 19:34:34 --> Total execution time: 0.0382
INFO - 2024-06-04 19:34:34 --> Final output sent to browser
DEBUG - 2024-06-04 19:34:34 --> Total execution time: 0.0359
INFO - 2024-06-04 19:34:34 --> Config Class Initialized
INFO - 2024-06-04 19:34:34 --> Hooks Class Initialized
DEBUG - 2024-06-04 19:34:34 --> UTF-8 Support Enabled
INFO - 2024-06-04 19:34:34 --> Utf8 Class Initialized
INFO - 2024-06-04 19:34:34 --> Config Class Initialized
INFO - 2024-06-04 19:34:34 --> Hooks Class Initialized
INFO - 2024-06-04 19:34:34 --> URI Class Initialized
DEBUG - 2024-06-04 19:34:34 --> UTF-8 Support Enabled
INFO - 2024-06-04 19:34:34 --> Router Class Initialized
INFO - 2024-06-04 19:34:34 --> Utf8 Class Initialized
INFO - 2024-06-04 19:34:34 --> Output Class Initialized
INFO - 2024-06-04 19:34:34 --> URI Class Initialized
INFO - 2024-06-04 19:34:34 --> Config Class Initialized
INFO - 2024-06-04 19:34:34 --> Security Class Initialized
INFO - 2024-06-04 19:34:34 --> Hooks Class Initialized
INFO - 2024-06-04 19:34:34 --> Router Class Initialized
DEBUG - 2024-06-04 19:34:34 --> Global POST, GET and COOKIE data sanitized
DEBUG - 2024-06-04 19:34:34 --> UTF-8 Support Enabled
INFO - 2024-06-04 19:34:34 --> Input Class Initialized
INFO - 2024-06-04 19:34:34 --> Utf8 Class Initialized
INFO - 2024-06-04 19:34:34 --> Output Class Initialized
INFO - 2024-06-04 19:34:34 --> Language Class Initialized
INFO - 2024-06-04 19:34:34 --> URI Class Initialized
INFO - 2024-06-04 19:34:34 --> Security Class Initialized
INFO - 2024-06-04 19:34:34 --> Router Class Initialized
INFO - 2024-06-04 19:34:34 --> Loader Class Initialized
DEBUG - 2024-06-04 19:34:34 --> Global POST, GET and COOKIE data sanitized
INFO - 2024-06-04 19:34:34 --> Output Class Initialized
INFO - 2024-06-04 19:34:34 --> Helper loaded: url_helper
INFO - 2024-06-04 19:34:34 --> Input Class Initialized
INFO - 2024-06-04 19:34:34 --> Security Class Initialized
INFO - 2024-06-04 19:34:34 --> Language Class Initialized
DEBUG - 2024-06-04 19:34:34 --> Global POST, GET and COOKIE data sanitized
INFO - 2024-06-04 19:34:34 --> Loader Class Initialized
INFO - 2024-06-04 19:34:34 --> Input Class Initialized
INFO - 2024-06-04 19:34:34 --> Database Driver Class Initialized
INFO - 2024-06-04 19:34:34 --> Language Class Initialized
INFO - 2024-06-04 19:34:34 --> Helper loaded: url_helper
INFO - 2024-06-04 19:34:34 --> Loader Class Initialized
INFO - 2024-06-04 19:34:34 --> Helper loaded: url_helper
INFO - 2024-06-04 19:34:34 --> Database Driver Class Initialized
INFO - 2024-06-04 19:34:34 --> Database Driver Class Initialized
INFO - 2024-06-04 19:34:34 --> Controller Class Initialized
INFO - 2024-06-04 19:34:34 --> Controller Class Initialized
INFO - 2024-06-04 19:34:34 --> Model "Mconfigkey" initialized
INFO - 2024-06-04 19:34:34 --> Model "Mgoods_control" initialized
INFO - 2024-06-04 19:34:34 --> Model "Mconfigkey" initialized
INFO - 2024-06-04 19:34:34 --> Model "Mgoods_control" initialized
INFO - 2024-06-04 19:34:34 --> Controller Class Initialized
INFO - 2024-06-04 19:34:34 --> Model "Mconfigkey" initialized
INFO - 2024-06-04 19:34:34 --> Model "Mgoods_control" initialized
INFO - 2024-06-04 19:34:34 --> Final output sent to browser
DEBUG - 2024-06-04 19:34:34 --> Total execution time: 0.0291
INFO - 2024-06-04 19:34:34 --> Final output sent to browser
INFO - 2024-06-04 19:34:34 --> Final output sent to browser
DEBUG - 2024-06-04 19:34:34 --> Total execution time: 0.0401
DEBUG - 2024-06-04 19:34:34 --> Total execution time: 0.0382
INFO - 2024-06-04 19:34:35 --> Config Class Initialized
INFO - 2024-06-04 19:34:35 --> Hooks Class Initialized
DEBUG - 2024-06-04 19:34:35 --> UTF-8 Support Enabled
INFO - 2024-06-04 19:34:35 --> Utf8 Class Initialized
INFO - 2024-06-04 19:34:35 --> Config Class Initialized
INFO - 2024-06-04 19:34:35 --> Hooks Class Initialized
INFO - 2024-06-04 19:34:35 --> URI Class Initialized
INFO - 2024-06-04 19:34:35 --> Router Class Initialized
DEBUG - 2024-06-04 19:34:35 --> UTF-8 Support Enabled
INFO - 2024-06-04 19:34:35 --> Utf8 Class Initialized
INFO - 2024-06-04 19:34:35 --> URI Class Initialized
INFO - 2024-06-04 19:34:35 --> Output Class Initialized
INFO - 2024-06-04 19:34:35 --> Router Class Initialized
INFO - 2024-06-04 19:34:35 --> Security Class Initialized
DEBUG - 2024-06-04 19:34:35 --> Global POST, GET and COOKIE data sanitized
INFO - 2024-06-04 19:34:35 --> Input Class Initialized
INFO - 2024-06-04 19:34:35 --> Output Class Initialized
INFO - 2024-06-04 19:34:35 --> Language Class Initialized
INFO - 2024-06-04 19:34:35 --> Security Class Initialized
INFO - 2024-06-04 19:34:35 --> Loader Class Initialized
INFO - 2024-06-04 19:34:35 --> Helper loaded: url_helper
DEBUG - 2024-06-04 19:34:35 --> Global POST, GET and COOKIE data sanitized
INFO - 2024-06-04 19:34:35 --> Config Class Initialized
INFO - 2024-06-04 19:34:35 --> Input Class Initialized
INFO - 2024-06-04 19:34:35 --> Hooks Class Initialized
INFO - 2024-06-04 19:34:35 --> Language Class Initialized
DEBUG - 2024-06-04 19:34:35 --> UTF-8 Support Enabled
INFO - 2024-06-04 19:34:35 --> Database Driver Class Initialized
INFO - 2024-06-04 19:34:35 --> Utf8 Class Initialized
INFO - 2024-06-04 19:34:35 --> Loader Class Initialized
INFO - 2024-06-04 19:34:35 --> URI Class Initialized
INFO - 2024-06-04 19:34:35 --> Helper loaded: url_helper
INFO - 2024-06-04 19:34:35 --> Router Class Initialized
INFO - 2024-06-04 19:34:35 --> Output Class Initialized
INFO - 2024-06-04 19:34:35 --> Security Class Initialized
DEBUG - 2024-06-04 19:34:35 --> Global POST, GET and COOKIE data sanitized
INFO - 2024-06-04 19:34:35 --> Input Class Initialized
INFO - 2024-06-04 19:34:35 --> Language Class Initialized
INFO - 2024-06-04 19:34:35 --> Database Driver Class Initialized
INFO - 2024-06-04 19:34:35 --> Loader Class Initialized
INFO - 2024-06-04 19:34:35 --> Helper loaded: url_helper
INFO - 2024-06-04 19:34:35 --> Database Driver Class Initialized
INFO - 2024-06-04 19:34:35 --> Controller Class Initialized
INFO - 2024-06-04 19:34:35 --> Controller Class Initialized
INFO - 2024-06-04 19:34:35 --> Model "Mconfigkey" initialized
INFO - 2024-06-04 19:34:35 --> Model "Mconfigkey" initialized
INFO - 2024-06-04 19:34:35 --> Model "Mgoods_control" initialized
INFO - 2024-06-04 19:34:35 --> Model "Mgoods_control" initialized
INFO - 2024-06-04 19:34:35 --> Final output sent to browser
DEBUG - 2024-06-04 19:34:35 --> Total execution time: 0.0321
INFO - 2024-06-04 19:34:35 --> Final output sent to browser
DEBUG - 2024-06-04 19:34:35 --> Total execution time: 0.0367
INFO - 2024-06-04 19:34:35 --> Controller Class Initialized
INFO - 2024-06-04 19:34:35 --> Model "Mconfigkey" initialized
INFO - 2024-06-04 19:34:35 --> Model "Mgoods_control" initialized
INFO - 2024-06-04 19:34:35 --> Final output sent to browser
DEBUG - 2024-06-04 19:34:35 --> Total execution time: 0.0303
INFO - 2024-06-04 19:34:36 --> Config Class Initialized
INFO - 2024-06-04 19:34:36 --> Hooks Class Initialized
DEBUG - 2024-06-04 19:34:36 --> UTF-8 Support Enabled
INFO - 2024-06-04 19:34:36 --> Utf8 Class Initialized
INFO - 2024-06-04 19:34:36 --> URI Class Initialized
INFO - 2024-06-04 19:34:36 --> Router Class Initialized
INFO - 2024-06-04 19:34:36 --> Output Class Initialized
INFO - 2024-06-04 19:34:36 --> Config Class Initialized
INFO - 2024-06-04 19:34:36 --> Hooks Class Initialized
INFO - 2024-06-04 19:34:36 --> Security Class Initialized
DEBUG - 2024-06-04 19:34:36 --> UTF-8 Support Enabled
INFO - 2024-06-04 19:34:36 --> Utf8 Class Initialized
INFO - 2024-06-04 19:34:36 --> URI Class Initialized
DEBUG - 2024-06-04 19:34:36 --> Global POST, GET and COOKIE data sanitized
INFO - 2024-06-04 19:34:36 --> Router Class Initialized
INFO - 2024-06-04 19:34:36 --> Input Class Initialized
INFO - 2024-06-04 19:34:36 --> Output Class Initialized
INFO - 2024-06-04 19:34:36 --> Language Class Initialized
INFO - 2024-06-04 19:34:36 --> Security Class Initialized
INFO - 2024-06-04 19:34:36 --> Config Class Initialized
DEBUG - 2024-06-04 19:34:36 --> Global POST, GET and COOKIE data sanitized
INFO - 2024-06-04 19:34:36 --> Hooks Class Initialized
INFO - 2024-06-04 19:34:36 --> Input Class Initialized
INFO - 2024-06-04 19:34:36 --> Loader Class Initialized
INFO - 2024-06-04 19:34:36 --> Language Class Initialized
INFO - 2024-06-04 19:34:36 --> Helper loaded: url_helper
DEBUG - 2024-06-04 19:34:36 --> UTF-8 Support Enabled
INFO - 2024-06-04 19:34:36 --> Utf8 Class Initialized
INFO - 2024-06-04 19:34:36 --> Loader Class Initialized
INFO - 2024-06-04 19:34:36 --> Helper loaded: url_helper
INFO - 2024-06-04 19:34:36 --> Database Driver Class Initialized
INFO - 2024-06-04 19:34:36 --> URI Class Initialized
INFO - 2024-06-04 19:34:36 --> Router Class Initialized
INFO - 2024-06-04 19:34:36 --> Output Class Initialized
INFO - 2024-06-04 19:34:36 --> Database Driver Class Initialized
INFO - 2024-06-04 19:34:36 --> Security Class Initialized
DEBUG - 2024-06-04 19:34:36 --> Global POST, GET and COOKIE data sanitized
INFO - 2024-06-04 19:34:36 --> Input Class Initialized
INFO - 2024-06-04 19:34:36 --> Language Class Initialized
INFO - 2024-06-04 19:34:36 --> Loader Class Initialized
INFO - 2024-06-04 19:34:36 --> Helper loaded: url_helper
INFO - 2024-06-04 19:34:36 --> Database Driver Class Initialized
INFO - 2024-06-04 19:34:36 --> Controller Class Initialized
INFO - 2024-06-04 19:34:36 --> Model "Mconfigkey" initialized
INFO - 2024-06-04 19:34:36 --> Model "Mgoods_control" initialized
INFO - 2024-06-04 19:34:36 --> Controller Class Initialized
INFO - 2024-06-04 19:34:36 --> Final output sent to browser
DEBUG - 2024-06-04 19:34:36 --> Total execution time: 0.0313
INFO - 2024-06-04 19:34:36 --> Model "Mconfigkey" initialized
INFO - 2024-06-04 19:34:36 --> Model "Mgoods_control" initialized
INFO - 2024-06-04 19:34:36 --> Controller Class Initialized
INFO - 2024-06-04 19:34:36 --> Model "Mconfigkey" initialized
INFO - 2024-06-04 19:34:36 --> Final output sent to browser
INFO - 2024-06-04 19:34:36 --> Model "Mgoods_control" initialized
DEBUG - 2024-06-04 19:34:36 --> Total execution time: 0.0410
INFO - 2024-06-04 19:34:36 --> Final output sent to browser
DEBUG - 2024-06-04 19:34:36 --> Total execution time: 0.0330
INFO - 2024-06-04 19:34:39 --> Config Class Initialized
INFO - 2024-06-04 19:34:39 --> Hooks Class Initialized
DEBUG - 2024-06-04 19:34:39 --> UTF-8 Support Enabled
INFO - 2024-06-04 19:34:39 --> Utf8 Class Initialized
INFO - 2024-06-04 19:34:39 --> URI Class Initialized
INFO - 2024-06-04 19:34:39 --> Router Class Initialized
INFO - 2024-06-04 19:34:39 --> Output Class Initialized
INFO - 2024-06-04 19:34:39 --> Config Class Initialized
INFO - 2024-06-04 19:34:39 --> Hooks Class Initialized
INFO - 2024-06-04 19:34:39 --> Security Class Initialized
DEBUG - 2024-06-04 19:34:39 --> Global POST, GET and COOKIE data sanitized
INFO - 2024-06-04 19:34:39 --> Input Class Initialized
DEBUG - 2024-06-04 19:34:39 --> UTF-8 Support Enabled
INFO - 2024-06-04 19:34:39 --> Utf8 Class Initialized
INFO - 2024-06-04 19:34:39 --> Language Class Initialized
INFO - 2024-06-04 19:34:39 --> Config Class Initialized
INFO - 2024-06-04 19:34:39 --> URI Class Initialized
INFO - 2024-06-04 19:34:39 --> Hooks Class Initialized
INFO - 2024-06-04 19:34:39 --> Router Class Initialized
DEBUG - 2024-06-04 19:34:39 --> UTF-8 Support Enabled
INFO - 2024-06-04 19:34:39 --> Utf8 Class Initialized
INFO - 2024-06-04 19:34:39 --> Loader Class Initialized
INFO - 2024-06-04 19:34:39 --> Helper loaded: url_helper
INFO - 2024-06-04 19:34:39 --> Output Class Initialized
INFO - 2024-06-04 19:34:39 --> URI Class Initialized
INFO - 2024-06-04 19:34:39 --> Security Class Initialized
INFO - 2024-06-04 19:34:39 --> Router Class Initialized
DEBUG - 2024-06-04 19:34:39 --> Global POST, GET and COOKIE data sanitized
INFO - 2024-06-04 19:34:39 --> Input Class Initialized
INFO - 2024-06-04 19:34:39 --> Database Driver Class Initialized
INFO - 2024-06-04 19:34:39 --> Output Class Initialized
INFO - 2024-06-04 19:34:39 --> Language Class Initialized
INFO - 2024-06-04 19:34:39 --> Security Class Initialized
DEBUG - 2024-06-04 19:34:39 --> Global POST, GET and COOKIE data sanitized
INFO - 2024-06-04 19:34:39 --> Input Class Initialized
INFO - 2024-06-04 19:34:39 --> Loader Class Initialized
INFO - 2024-06-04 19:34:39 --> Language Class Initialized
INFO - 2024-06-04 19:34:39 --> Helper loaded: url_helper
INFO - 2024-06-04 19:34:39 --> Loader Class Initialized
INFO - 2024-06-04 19:34:39 --> Helper loaded: url_helper
INFO - 2024-06-04 19:34:39 --> Database Driver Class Initialized
INFO - 2024-06-04 19:34:39 --> Database Driver Class Initialized
INFO - 2024-06-04 19:34:39 --> Controller Class Initialized
INFO - 2024-06-04 19:34:39 --> Controller Class Initialized
INFO - 2024-06-04 19:34:39 --> Controller Class Initialized
INFO - 2024-06-04 19:34:39 --> Model "Mconfigkey" initialized
INFO - 2024-06-04 19:34:39 --> Model "Mconfigkey" initialized
INFO - 2024-06-04 19:34:39 --> Model "Mgoods_control" initialized
INFO - 2024-06-04 19:34:39 --> Model "Mgoods_control" initialized
INFO - 2024-06-04 19:34:39 --> Final output sent to browser
INFO - 2024-06-04 19:34:39 --> Model "Mconfigkey" initialized
DEBUG - 2024-06-04 19:34:39 --> Total execution time: 0.0292
INFO - 2024-06-04 19:34:39 --> Model "Mgoods_control" initialized
INFO - 2024-06-04 19:34:39 --> Final output sent to browser
INFO - 2024-06-04 19:34:39 --> Final output sent to browser
DEBUG - 2024-06-04 19:34:39 --> Total execution time: 0.0361
DEBUG - 2024-06-04 19:34:39 --> Total execution time: 0.0390
INFO - 2024-06-04 19:34:40 --> Config Class Initialized
INFO - 2024-06-04 19:34:40 --> Hooks Class Initialized
DEBUG - 2024-06-04 19:34:40 --> UTF-8 Support Enabled
INFO - 2024-06-04 19:34:40 --> Utf8 Class Initialized
INFO - 2024-06-04 19:34:40 --> URI Class Initialized
INFO - 2024-06-04 19:34:40 --> Config Class Initialized
INFO - 2024-06-04 19:34:40 --> Hooks Class Initialized
INFO - 2024-06-04 19:34:40 --> Router Class Initialized
DEBUG - 2024-06-04 19:34:40 --> UTF-8 Support Enabled
INFO - 2024-06-04 19:34:40 --> Utf8 Class Initialized
INFO - 2024-06-04 19:34:40 --> Output Class Initialized
INFO - 2024-06-04 19:34:40 --> URI Class Initialized
INFO - 2024-06-04 19:34:40 --> Security Class Initialized
INFO - 2024-06-04 19:34:40 --> Router Class Initialized
DEBUG - 2024-06-04 19:34:40 --> Global POST, GET and COOKIE data sanitized
INFO - 2024-06-04 19:34:40 --> Input Class Initialized
INFO - 2024-06-04 19:34:40 --> Language Class Initialized
INFO - 2024-06-04 19:34:40 --> Output Class Initialized
INFO - 2024-06-04 19:34:40 --> Security Class Initialized
INFO - 2024-06-04 19:34:40 --> Config Class Initialized
INFO - 2024-06-04 19:34:40 --> Hooks Class Initialized
INFO - 2024-06-04 19:34:40 --> Loader Class Initialized
DEBUG - 2024-06-04 19:34:40 --> Global POST, GET and COOKIE data sanitized
INFO - 2024-06-04 19:34:40 --> Input Class Initialized
INFO - 2024-06-04 19:34:40 --> Helper loaded: url_helper
INFO - 2024-06-04 19:34:40 --> Language Class Initialized
DEBUG - 2024-06-04 19:34:40 --> UTF-8 Support Enabled
INFO - 2024-06-04 19:34:40 --> Utf8 Class Initialized
INFO - 2024-06-04 19:34:40 --> Loader Class Initialized
INFO - 2024-06-04 19:34:40 --> Database Driver Class Initialized
INFO - 2024-06-04 19:34:40 --> Helper loaded: url_helper
INFO - 2024-06-04 19:34:40 --> URI Class Initialized
INFO - 2024-06-04 19:34:40 --> Router Class Initialized
INFO - 2024-06-04 19:34:40 --> Output Class Initialized
INFO - 2024-06-04 19:34:40 --> Security Class Initialized
INFO - 2024-06-04 19:34:40 --> Database Driver Class Initialized
DEBUG - 2024-06-04 19:34:40 --> Global POST, GET and COOKIE data sanitized
INFO - 2024-06-04 19:34:40 --> Input Class Initialized
INFO - 2024-06-04 19:34:40 --> Language Class Initialized
INFO - 2024-06-04 19:34:40 --> Loader Class Initialized
INFO - 2024-06-04 19:34:40 --> Helper loaded: url_helper
INFO - 2024-06-04 19:34:40 --> Database Driver Class Initialized
INFO - 2024-06-04 19:34:40 --> Controller Class Initialized
INFO - 2024-06-04 19:34:40 --> Controller Class Initialized
INFO - 2024-06-04 19:34:40 --> Model "Mconfigkey" initialized
INFO - 2024-06-04 19:34:40 --> Model "Mconfigkey" initialized
INFO - 2024-06-04 19:34:40 --> Model "Mgoods_control" initialized
INFO - 2024-06-04 19:34:40 --> Model "Mgoods_control" initialized
INFO - 2024-06-04 19:34:40 --> Final output sent to browser
DEBUG - 2024-06-04 19:34:40 --> Total execution time: 0.0312
INFO - 2024-06-04 19:34:40 --> Final output sent to browser
DEBUG - 2024-06-04 19:34:40 --> Total execution time: 0.0379
INFO - 2024-06-04 19:34:40 --> Controller Class Initialized
INFO - 2024-06-04 19:34:40 --> Model "Mconfigkey" initialized
INFO - 2024-06-04 19:34:40 --> Model "Mgoods_control" initialized
INFO - 2024-06-04 19:34:40 --> Final output sent to browser
DEBUG - 2024-06-04 19:34:40 --> Total execution time: 0.0307
INFO - 2024-06-04 19:34:42 --> Config Class Initialized
INFO - 2024-06-04 19:34:42 --> Hooks Class Initialized
DEBUG - 2024-06-04 19:34:42 --> UTF-8 Support Enabled
INFO - 2024-06-04 19:34:42 --> Utf8 Class Initialized
INFO - 2024-06-04 19:34:42 --> Config Class Initialized
INFO - 2024-06-04 19:34:42 --> Hooks Class Initialized
INFO - 2024-06-04 19:34:42 --> URI Class Initialized
DEBUG - 2024-06-04 19:34:42 --> UTF-8 Support Enabled
INFO - 2024-06-04 19:34:42 --> Utf8 Class Initialized
INFO - 2024-06-04 19:34:42 --> Router Class Initialized
INFO - 2024-06-04 19:34:42 --> URI Class Initialized
INFO - 2024-06-04 19:34:42 --> Router Class Initialized
INFO - 2024-06-04 19:34:42 --> Output Class Initialized
INFO - 2024-06-04 19:34:42 --> Config Class Initialized
INFO - 2024-06-04 19:34:42 --> Hooks Class Initialized
INFO - 2024-06-04 19:34:42 --> Output Class Initialized
INFO - 2024-06-04 19:34:42 --> Security Class Initialized
DEBUG - 2024-06-04 19:34:42 --> UTF-8 Support Enabled
INFO - 2024-06-04 19:34:42 --> Utf8 Class Initialized
DEBUG - 2024-06-04 19:34:42 --> Global POST, GET and COOKIE data sanitized
INFO - 2024-06-04 19:34:42 --> Input Class Initialized
INFO - 2024-06-04 19:34:42 --> Security Class Initialized
INFO - 2024-06-04 19:34:42 --> Language Class Initialized
INFO - 2024-06-04 19:34:42 --> URI Class Initialized
DEBUG - 2024-06-04 19:34:42 --> Global POST, GET and COOKIE data sanitized
INFO - 2024-06-04 19:34:42 --> Input Class Initialized
INFO - 2024-06-04 19:34:42 --> Router Class Initialized
INFO - 2024-06-04 19:34:42 --> Language Class Initialized
INFO - 2024-06-04 19:34:42 --> Loader Class Initialized
INFO - 2024-06-04 19:34:42 --> Output Class Initialized
INFO - 2024-06-04 19:34:42 --> Helper loaded: url_helper
INFO - 2024-06-04 19:34:42 --> Security Class Initialized
INFO - 2024-06-04 19:34:42 --> Loader Class Initialized
INFO - 2024-06-04 19:34:42 --> Helper loaded: url_helper
INFO - 2024-06-04 19:34:42 --> Database Driver Class Initialized
DEBUG - 2024-06-04 19:34:42 --> Global POST, GET and COOKIE data sanitized
INFO - 2024-06-04 19:34:42 --> Input Class Initialized
INFO - 2024-06-04 19:34:42 --> Language Class Initialized
INFO - 2024-06-04 19:34:42 --> Database Driver Class Initialized
INFO - 2024-06-04 19:34:42 --> Loader Class Initialized
INFO - 2024-06-04 19:34:42 --> Helper loaded: url_helper
INFO - 2024-06-04 19:34:42 --> Database Driver Class Initialized
INFO - 2024-06-04 19:34:42 --> Controller Class Initialized
INFO - 2024-06-04 19:34:42 --> Controller Class Initialized
INFO - 2024-06-04 19:34:42 --> Controller Class Initialized
INFO - 2024-06-04 19:34:42 --> Model "Mconfigkey" initialized
INFO - 2024-06-04 19:34:42 --> Model "Mconfigkey" initialized
INFO - 2024-06-04 19:34:42 --> Model "Mgoods_control" initialized
INFO - 2024-06-04 19:34:42 --> Model "Mgoods_control" initialized
INFO - 2024-06-04 19:34:42 --> Model "Mconfigkey" initialized
INFO - 2024-06-04 19:34:42 --> Model "Mgoods_control" initialized
INFO - 2024-06-04 19:34:42 --> Final output sent to browser
DEBUG - 2024-06-04 19:34:42 --> Total execution time: 0.0295
INFO - 2024-06-04 19:34:42 --> Final output sent to browser
DEBUG - 2024-06-04 19:34:42 --> Total execution time: 0.0330
INFO - 2024-06-04 19:34:42 --> Final output sent to browser
DEBUG - 2024-06-04 19:34:42 --> Total execution time: 0.0368
INFO - 2024-06-04 19:34:54 --> Config Class Initialized
INFO - 2024-06-04 19:34:54 --> Hooks Class Initialized
DEBUG - 2024-06-04 19:34:54 --> UTF-8 Support Enabled
INFO - 2024-06-04 19:34:54 --> Utf8 Class Initialized
INFO - 2024-06-04 19:34:54 --> URI Class Initialized
INFO - 2024-06-04 19:34:54 --> Router Class Initialized
INFO - 2024-06-04 19:34:54 --> Output Class Initialized
INFO - 2024-06-04 19:34:55 --> Security Class Initialized
DEBUG - 2024-06-04 19:34:55 --> Global POST, GET and COOKIE data sanitized
INFO - 2024-06-04 19:34:55 --> Input Class Initialized
INFO - 2024-06-04 19:34:55 --> Language Class Initialized
INFO - 2024-06-04 19:34:55 --> Loader Class Initialized
INFO - 2024-06-04 19:34:55 --> Helper loaded: url_helper
INFO - 2024-06-04 19:34:55 --> Database Driver Class Initialized
INFO - 2024-06-04 19:34:55 --> Controller Class Initialized
INFO - 2024-06-04 19:34:55 --> Model "Mconfigkey" initialized
INFO - 2024-06-04 19:34:55 --> Model "Mgoods_control" initialized
INFO - 2024-06-04 19:34:55 --> Final output sent to browser
DEBUG - 2024-06-04 19:34:55 --> Total execution time: 0.0411
INFO - 2024-06-04 19:35:54 --> Config Class Initialized
INFO - 2024-06-04 19:35:54 --> Hooks Class Initialized
DEBUG - 2024-06-04 19:35:54 --> UTF-8 Support Enabled
INFO - 2024-06-04 19:35:54 --> Utf8 Class Initialized
INFO - 2024-06-04 19:35:54 --> URI Class Initialized
INFO - 2024-06-04 19:35:54 --> Router Class Initialized
INFO - 2024-06-04 19:35:54 --> Output Class Initialized
INFO - 2024-06-04 19:35:54 --> Security Class Initialized
DEBUG - 2024-06-04 19:35:54 --> Global POST, GET and COOKIE data sanitized
INFO - 2024-06-04 19:35:54 --> Input Class Initialized
INFO - 2024-06-04 19:35:54 --> Language Class Initialized
INFO - 2024-06-04 19:35:54 --> Loader Class Initialized
INFO - 2024-06-04 19:35:54 --> Helper loaded: url_helper
INFO - 2024-06-04 19:35:54 --> Database Driver Class Initialized
INFO - 2024-06-04 19:35:54 --> Controller Class Initialized
INFO - 2024-06-04 19:35:54 --> Model "Mconfigkey" initialized
INFO - 2024-06-04 19:35:54 --> Model "Mmaster_goods" initialized
INFO - 2024-06-04 19:35:54 --> Final output sent to browser
DEBUG - 2024-06-04 19:35:54 --> Total execution time: 0.0241
