INFO - 2025-05-19 03:35:27 --> Config Class Initialized
INFO - 2025-05-19 03:35:27 --> Hooks Class Initialized
DEBUG - 2025-05-19 03:35:28 --> UTF-8 Support Enabled
INFO - 2025-05-19 03:35:28 --> Utf8 Class Initialized
INFO - 2025-05-19 03:35:28 --> URI Class Initialized
INFO - 2025-05-19 03:35:28 --> Router Class Initialized
INFO - 2025-05-19 03:35:28 --> Output Class Initialized
INFO - 2025-05-19 03:35:28 --> Security Class Initialized
DEBUG - 2025-05-19 03:35:28 --> Global POST, GET and COOKIE data sanitized
INFO - 2025-05-19 03:35:28 --> Input Class Initialized
INFO - 2025-05-19 03:35:28 --> Language Class Initialized
INFO - 2025-05-19 03:35:28 --> Loader Class Initialized
INFO - 2025-05-19 03:35:28 --> Helper loaded: url_helper
INFO - 2025-05-19 03:35:28 --> Database Driver Class Initialized
INFO - 2025-05-19 03:35:28 --> Controller Class Initialized
INFO - 2025-05-19 03:35:28 --> Model "Mconfigkey" initialized
INFO - 2025-05-19 03:35:28 --> Final output sent to browser
DEBUG - 2025-05-19 03:35:28 --> Total execution time: 0.6858
INFO - 2025-05-19 03:35:35 --> Config Class Initialized
INFO - 2025-05-19 03:35:35 --> Hooks Class Initialized
DEBUG - 2025-05-19 03:35:35 --> UTF-8 Support Enabled
INFO - 2025-05-19 03:35:35 --> Utf8 Class Initialized
INFO - 2025-05-19 03:35:35 --> URI Class Initialized
INFO - 2025-05-19 03:35:35 --> Router Class Initialized
INFO - 2025-05-19 03:35:35 --> Output Class Initialized
INFO - 2025-05-19 03:35:35 --> Security Class Initialized
DEBUG - 2025-05-19 03:35:35 --> Global POST, GET and COOKIE data sanitized
INFO - 2025-05-19 03:35:35 --> Input Class Initialized
INFO - 2025-05-19 03:35:35 --> Language Class Initialized
INFO - 2025-05-19 03:35:35 --> Loader Class Initialized
INFO - 2025-05-19 03:35:35 --> Helper loaded: url_helper
INFO - 2025-05-19 03:35:35 --> Database Driver Class Initialized
INFO - 2025-05-19 03:35:35 --> Controller Class Initialized
INFO - 2025-05-19 03:35:35 --> Model "Mconfigkey" initialized
INFO - 2025-05-19 03:35:35 --> Final output sent to browser
DEBUG - 2025-05-19 03:35:35 --> Total execution time: 0.0228
INFO - 2025-05-19 03:35:42 --> Config Class Initialized
INFO - 2025-05-19 03:35:42 --> Hooks Class Initialized
DEBUG - 2025-05-19 03:35:42 --> UTF-8 Support Enabled
INFO - 2025-05-19 03:35:42 --> Utf8 Class Initialized
INFO - 2025-05-19 03:35:42 --> URI Class Initialized
INFO - 2025-05-19 03:35:42 --> Router Class Initialized
INFO - 2025-05-19 03:35:42 --> Output Class Initialized
INFO - 2025-05-19 03:35:42 --> Security Class Initialized
DEBUG - 2025-05-19 03:35:42 --> Global POST, GET and COOKIE data sanitized
INFO - 2025-05-19 03:35:42 --> Input Class Initialized
INFO - 2025-05-19 03:35:42 --> Language Class Initialized
INFO - 2025-05-19 03:35:42 --> Loader Class Initialized
INFO - 2025-05-19 03:35:42 --> Helper loaded: url_helper
INFO - 2025-05-19 03:35:42 --> Database Driver Class Initialized
INFO - 2025-05-19 03:35:42 --> Controller Class Initialized
INFO - 2025-05-19 03:35:42 --> Model "Mauth" initialized
INFO - 2025-05-19 03:35:42 --> Model "Mconfigkey" initialized
INFO - 2025-05-19 03:35:42 --> Final output sent to browser
DEBUG - 2025-05-19 03:35:42 --> Total execution time: 0.0513
INFO - 2025-05-19 03:35:46 --> Config Class Initialized
INFO - 2025-05-19 03:35:46 --> Hooks Class Initialized
DEBUG - 2025-05-19 03:35:46 --> UTF-8 Support Enabled
INFO - 2025-05-19 03:35:46 --> Utf8 Class Initialized
INFO - 2025-05-19 03:35:46 --> URI Class Initialized
INFO - 2025-05-19 03:35:46 --> Router Class Initialized
INFO - 2025-05-19 03:35:46 --> Output Class Initialized
INFO - 2025-05-19 03:35:46 --> Security Class Initialized
DEBUG - 2025-05-19 03:35:46 --> Global POST, GET and COOKIE data sanitized
INFO - 2025-05-19 03:35:46 --> Input Class Initialized
INFO - 2025-05-19 03:35:46 --> Language Class Initialized
INFO - 2025-05-19 03:35:46 --> Loader Class Initialized
INFO - 2025-05-19 03:35:46 --> Helper loaded: url_helper
INFO - 2025-05-19 03:35:46 --> Database Driver Class Initialized
INFO - 2025-05-19 03:35:46 --> Controller Class Initialized
INFO - 2025-05-19 03:35:46 --> Model "Mconfigkey" initialized
INFO - 2025-05-19 03:35:46 --> Model "Mgoods_in" initialized
INFO - 2025-05-19 03:35:46 --> Final output sent to browser
DEBUG - 2025-05-19 03:35:46 --> Total execution time: 0.0623
INFO - 2025-05-19 03:35:56 --> Config Class Initialized
INFO - 2025-05-19 03:35:56 --> Hooks Class Initialized
DEBUG - 2025-05-19 03:35:56 --> UTF-8 Support Enabled
INFO - 2025-05-19 03:35:56 --> Utf8 Class Initialized
INFO - 2025-05-19 03:35:56 --> URI Class Initialized
INFO - 2025-05-19 03:35:56 --> Router Class Initialized
INFO - 2025-05-19 03:35:56 --> Output Class Initialized
INFO - 2025-05-19 03:35:56 --> Security Class Initialized
DEBUG - 2025-05-19 03:35:56 --> Global POST, GET and COOKIE data sanitized
INFO - 2025-05-19 03:35:56 --> Input Class Initialized
INFO - 2025-05-19 03:35:56 --> Language Class Initialized
INFO - 2025-05-19 03:35:56 --> Loader Class Initialized
INFO - 2025-05-19 03:35:56 --> Helper loaded: url_helper
INFO - 2025-05-19 03:35:56 --> Database Driver Class Initialized
INFO - 2025-05-19 03:35:56 --> Controller Class Initialized
INFO - 2025-05-19 03:35:56 --> Model "Mconfigkey" initialized
INFO - 2025-05-19 03:35:56 --> Model "Mgoods_in" initialized
INFO - 2025-05-19 03:35:56 --> Final output sent to browser
DEBUG - 2025-05-19 03:35:56 --> Total execution time: 0.0389
INFO - 2025-05-19 03:36:18 --> Config Class Initialized
INFO - 2025-05-19 03:36:18 --> Hooks Class Initialized
DEBUG - 2025-05-19 03:36:18 --> UTF-8 Support Enabled
INFO - 2025-05-19 03:36:18 --> Utf8 Class Initialized
INFO - 2025-05-19 03:36:18 --> URI Class Initialized
INFO - 2025-05-19 03:36:18 --> Router Class Initialized
INFO - 2025-05-19 03:36:18 --> Output Class Initialized
INFO - 2025-05-19 03:36:18 --> Security Class Initialized
DEBUG - 2025-05-19 03:36:18 --> Global POST, GET and COOKIE data sanitized
INFO - 2025-05-19 03:36:18 --> Input Class Initialized
INFO - 2025-05-19 03:36:18 --> Language Class Initialized
INFO - 2025-05-19 03:36:18 --> Loader Class Initialized
INFO - 2025-05-19 03:36:18 --> Helper loaded: url_helper
INFO - 2025-05-19 03:36:18 --> Database Driver Class Initialized
INFO - 2025-05-19 03:36:18 --> Controller Class Initialized
INFO - 2025-05-19 03:36:18 --> Model "Mconfigkey" initialized
INFO - 2025-05-19 03:36:18 --> Model "Mgoods_control" initialized
INFO - 2025-05-19 03:36:18 --> Final output sent to browser
DEBUG - 2025-05-19 03:36:18 --> Total execution time: 0.0384
INFO - 2025-05-19 03:36:39 --> Config Class Initialized
INFO - 2025-05-19 03:36:39 --> Hooks Class Initialized
DEBUG - 2025-05-19 03:36:39 --> UTF-8 Support Enabled
INFO - 2025-05-19 03:36:39 --> Utf8 Class Initialized
INFO - 2025-05-19 03:36:39 --> URI Class Initialized
INFO - 2025-05-19 03:36:39 --> Router Class Initialized
INFO - 2025-05-19 03:36:39 --> Output Class Initialized
INFO - 2025-05-19 03:36:39 --> Security Class Initialized
DEBUG - 2025-05-19 03:36:39 --> Global POST, GET and COOKIE data sanitized
INFO - 2025-05-19 03:36:39 --> Input Class Initialized
INFO - 2025-05-19 03:36:39 --> Language Class Initialized
INFO - 2025-05-19 03:36:39 --> Loader Class Initialized
INFO - 2025-05-19 03:36:39 --> Helper loaded: url_helper
INFO - 2025-05-19 03:36:39 --> Database Driver Class Initialized
INFO - 2025-05-19 03:36:39 --> Controller Class Initialized
INFO - 2025-05-19 03:36:39 --> Model "Mconfigkey" initialized
INFO - 2025-05-19 03:36:39 --> Final output sent to browser
DEBUG - 2025-05-19 03:36:39 --> Total execution time: 0.0210
INFO - 2025-05-19 03:36:45 --> Config Class Initialized
INFO - 2025-05-19 03:36:45 --> Hooks Class Initialized
DEBUG - 2025-05-19 03:36:45 --> UTF-8 Support Enabled
INFO - 2025-05-19 03:36:45 --> Utf8 Class Initialized
INFO - 2025-05-19 03:36:45 --> URI Class Initialized
INFO - 2025-05-19 03:36:45 --> Router Class Initialized
INFO - 2025-05-19 03:36:45 --> Output Class Initialized
INFO - 2025-05-19 03:36:45 --> Security Class Initialized
DEBUG - 2025-05-19 03:36:45 --> Global POST, GET and COOKIE data sanitized
INFO - 2025-05-19 03:36:45 --> Input Class Initialized
INFO - 2025-05-19 03:36:45 --> Language Class Initialized
INFO - 2025-05-19 03:36:45 --> Loader Class Initialized
INFO - 2025-05-19 03:36:45 --> Helper loaded: url_helper
INFO - 2025-05-19 03:36:45 --> Database Driver Class Initialized
INFO - 2025-05-19 03:36:45 --> Controller Class Initialized
INFO - 2025-05-19 03:36:45 --> Model "Mconfigkey" initialized
INFO - 2025-05-19 03:36:45 --> Model "Mgoods_in" initialized
INFO - 2025-05-19 03:36:45 --> Final output sent to browser
DEBUG - 2025-05-19 03:36:45 --> Total execution time: 0.0385
INFO - 2025-05-19 03:36:52 --> Config Class Initialized
INFO - 2025-05-19 03:36:52 --> Hooks Class Initialized
DEBUG - 2025-05-19 03:36:52 --> UTF-8 Support Enabled
INFO - 2025-05-19 03:36:52 --> Utf8 Class Initialized
INFO - 2025-05-19 03:36:52 --> URI Class Initialized
INFO - 2025-05-19 03:36:52 --> Router Class Initialized
INFO - 2025-05-19 03:36:52 --> Output Class Initialized
INFO - 2025-05-19 03:36:52 --> Security Class Initialized
DEBUG - 2025-05-19 03:36:52 --> Global POST, GET and COOKIE data sanitized
INFO - 2025-05-19 03:36:52 --> Input Class Initialized
INFO - 2025-05-19 03:36:52 --> Language Class Initialized
INFO - 2025-05-19 03:36:52 --> Loader Class Initialized
INFO - 2025-05-19 03:36:52 --> Helper loaded: url_helper
INFO - 2025-05-19 03:36:52 --> Database Driver Class Initialized
INFO - 2025-05-19 03:36:52 --> Controller Class Initialized
INFO - 2025-05-19 03:36:52 --> Model "Mconfigkey" initialized
INFO - 2025-05-19 03:36:52 --> Model "Mgoods_in" initialized
INFO - 2025-05-19 03:36:56 --> Final output sent to browser
DEBUG - 2025-05-19 03:36:56 --> Total execution time: 3.8223
INFO - 2025-05-19 03:37:30 --> Config Class Initialized
INFO - 2025-05-19 03:37:30 --> Hooks Class Initialized
DEBUG - 2025-05-19 03:37:30 --> UTF-8 Support Enabled
INFO - 2025-05-19 03:37:30 --> Utf8 Class Initialized
INFO - 2025-05-19 03:37:30 --> URI Class Initialized
INFO - 2025-05-19 03:37:30 --> Router Class Initialized
INFO - 2025-05-19 03:37:30 --> Output Class Initialized
INFO - 2025-05-19 03:37:30 --> Security Class Initialized
DEBUG - 2025-05-19 03:37:30 --> Global POST, GET and COOKIE data sanitized
INFO - 2025-05-19 03:37:30 --> Input Class Initialized
INFO - 2025-05-19 03:37:30 --> Language Class Initialized
INFO - 2025-05-19 03:37:30 --> Loader Class Initialized
INFO - 2025-05-19 03:37:30 --> Helper loaded: url_helper
INFO - 2025-05-19 03:37:30 --> Database Driver Class Initialized
INFO - 2025-05-19 03:37:30 --> Controller Class Initialized
INFO - 2025-05-19 03:37:30 --> Model "Mconfigkey" initialized
INFO - 2025-05-19 03:37:30 --> Model "Mgoods_in" initialized
INFO - 2025-05-19 03:37:34 --> Final output sent to browser
DEBUG - 2025-05-19 03:37:34 --> Total execution time: 3.5411
INFO - 2025-05-19 03:44:19 --> Config Class Initialized
INFO - 2025-05-19 03:44:19 --> Hooks Class Initialized
DEBUG - 2025-05-19 03:44:19 --> UTF-8 Support Enabled
INFO - 2025-05-19 03:44:19 --> Utf8 Class Initialized
INFO - 2025-05-19 03:44:19 --> URI Class Initialized
INFO - 2025-05-19 03:44:19 --> Router Class Initialized
INFO - 2025-05-19 03:44:19 --> Output Class Initialized
INFO - 2025-05-19 03:44:19 --> Security Class Initialized
DEBUG - 2025-05-19 03:44:19 --> Global POST, GET and COOKIE data sanitized
INFO - 2025-05-19 03:44:19 --> Input Class Initialized
INFO - 2025-05-19 03:44:19 --> Language Class Initialized
INFO - 2025-05-19 03:44:19 --> Loader Class Initialized
INFO - 2025-05-19 03:44:19 --> Helper loaded: url_helper
INFO - 2025-05-19 03:44:19 --> Database Driver Class Initialized
INFO - 2025-05-19 03:44:19 --> Controller Class Initialized
INFO - 2025-05-19 03:44:19 --> Model "Mconfigkey" initialized
INFO - 2025-05-19 03:44:19 --> Model "Mgoods_in" initialized
INFO - 2025-05-19 03:44:20 --> Final output sent to browser
DEBUG - 2025-05-19 03:44:20 --> Total execution time: 1.0510
