INFO - 2024-03-17 00:00:01 --> Final output sent to browser
DEBUG - 2024-03-17 00:00:01 --> Total execution time: 3.2155
INFO - 2024-03-17 00:02:18 --> Config Class Initialized
INFO - 2024-03-17 00:02:18 --> Hooks Class Initialized
DEBUG - 2024-03-17 00:02:18 --> UTF-8 Support Enabled
INFO - 2024-03-17 00:02:18 --> Utf8 Class Initialized
INFO - 2024-03-17 00:02:18 --> URI Class Initialized
DEBUG - 2024-03-17 00:02:18 --> No URI present. Default controller set.
INFO - 2024-03-17 00:02:18 --> Router Class Initialized
INFO - 2024-03-17 00:02:18 --> Output Class Initialized
INFO - 2024-03-17 00:02:18 --> Security Class Initialized
DEBUG - 2024-03-17 00:02:18 --> Global POST, GET and COOKIE data sanitized
INFO - 2024-03-17 00:02:18 --> Input Class Initialized
INFO - 2024-03-17 00:02:18 --> Language Class Initialized
INFO - 2024-03-17 00:02:18 --> Loader Class Initialized
INFO - 2024-03-17 00:02:18 --> Helper loaded: url_helper
INFO - 2024-03-17 00:02:18 --> Database Driver Class Initialized
INFO - 2024-03-17 00:02:18 --> Controller Class Initialized
INFO - 2024-03-17 00:02:18 --> Final output sent to browser
DEBUG - 2024-03-17 00:02:18 --> Total execution time: 0.0194
INFO - 2024-03-17 00:02:28 --> Config Class Initialized
INFO - 2024-03-17 00:02:28 --> Hooks Class Initialized
DEBUG - 2024-03-17 00:02:28 --> UTF-8 Support Enabled
INFO - 2024-03-17 00:02:28 --> Utf8 Class Initialized
INFO - 2024-03-17 00:02:28 --> URI Class Initialized
INFO - 2024-03-17 00:02:28 --> Router Class Initialized
INFO - 2024-03-17 00:02:28 --> Output Class Initialized
INFO - 2024-03-17 00:02:28 --> Security Class Initialized
DEBUG - 2024-03-17 00:02:28 --> Global POST, GET and COOKIE data sanitized
INFO - 2024-03-17 00:02:28 --> Input Class Initialized
INFO - 2024-03-17 00:02:28 --> Language Class Initialized
INFO - 2024-03-17 00:02:28 --> Loader Class Initialized
INFO - 2024-03-17 00:02:28 --> Helper loaded: url_helper
INFO - 2024-03-17 00:02:28 --> Database Driver Class Initialized
INFO - 2024-03-17 00:02:28 --> Controller Class Initialized
ERROR - 2024-03-17 00:02:28 --> Severity: error --> Exception: Too few arguments to function PortalApi::testStatus(), 0 passed in D:\xampp\htdocs\plb\dummyservice\system\core\CodeIgniter.php on line 532 and exactly 1 expected D:\xampp\htdocs\plb\dummyservice\application\controllers\PortalApi.php 44
INFO - 2024-03-17 00:02:45 --> Config Class Initialized
INFO - 2024-03-17 00:02:45 --> Hooks Class Initialized
DEBUG - 2024-03-17 00:02:45 --> UTF-8 Support Enabled
INFO - 2024-03-17 00:02:45 --> Utf8 Class Initialized
INFO - 2024-03-17 00:02:45 --> URI Class Initialized
INFO - 2024-03-17 00:02:45 --> Router Class Initialized
INFO - 2024-03-17 00:02:45 --> Output Class Initialized
INFO - 2024-03-17 00:02:45 --> Security Class Initialized
DEBUG - 2024-03-17 00:02:45 --> Global POST, GET and COOKIE data sanitized
INFO - 2024-03-17 00:02:45 --> Input Class Initialized
INFO - 2024-03-17 00:02:45 --> Language Class Initialized
INFO - 2024-03-17 00:02:45 --> Loader Class Initialized
INFO - 2024-03-17 00:02:45 --> Helper loaded: url_helper
INFO - 2024-03-17 00:02:45 --> Database Driver Class Initialized
INFO - 2024-03-17 00:02:45 --> Controller Class Initialized
ERROR - 2024-03-17 00:02:45 --> Severity: error --> Exception: Too few arguments to function PortalApi::testStatus(), 0 passed in D:\xampp\htdocs\plb\dummyservice\system\core\CodeIgniter.php on line 532 and exactly 1 expected D:\xampp\htdocs\plb\dummyservice\application\controllers\PortalApi.php 44
INFO - 2024-03-17 00:02:48 --> Config Class Initialized
INFO - 2024-03-17 00:02:48 --> Hooks Class Initialized
DEBUG - 2024-03-17 00:02:48 --> UTF-8 Support Enabled
INFO - 2024-03-17 00:02:48 --> Utf8 Class Initialized
INFO - 2024-03-17 00:02:48 --> URI Class Initialized
INFO - 2024-03-17 00:02:48 --> Router Class Initialized
INFO - 2024-03-17 00:02:48 --> Output Class Initialized
INFO - 2024-03-17 00:02:48 --> Security Class Initialized
DEBUG - 2024-03-17 00:02:48 --> Global POST, GET and COOKIE data sanitized
INFO - 2024-03-17 00:02:48 --> Input Class Initialized
INFO - 2024-03-17 00:02:48 --> Language Class Initialized
INFO - 2024-03-17 00:02:48 --> Loader Class Initialized
INFO - 2024-03-17 00:02:48 --> Helper loaded: url_helper
INFO - 2024-03-17 00:02:48 --> Database Driver Class Initialized
INFO - 2024-03-17 00:02:48 --> Controller Class Initialized
ERROR - 2024-03-17 00:02:48 --> Severity: error --> Exception: Too few arguments to function PortalApi::testStatus(), 0 passed in D:\xampp\htdocs\plb\dummyservice\system\core\CodeIgniter.php on line 532 and exactly 1 expected D:\xampp\htdocs\plb\dummyservice\application\controllers\PortalApi.php 44
INFO - 2024-03-17 00:02:58 --> Config Class Initialized
INFO - 2024-03-17 00:02:58 --> Hooks Class Initialized
DEBUG - 2024-03-17 00:02:58 --> UTF-8 Support Enabled
INFO - 2024-03-17 00:02:58 --> Utf8 Class Initialized
INFO - 2024-03-17 00:02:58 --> URI Class Initialized
INFO - 2024-03-17 00:02:58 --> Router Class Initialized
INFO - 2024-03-17 00:02:58 --> Output Class Initialized
INFO - 2024-03-17 00:02:58 --> Security Class Initialized
DEBUG - 2024-03-17 00:02:58 --> Global POST, GET and COOKIE data sanitized
INFO - 2024-03-17 00:02:58 --> Input Class Initialized
INFO - 2024-03-17 00:02:58 --> Language Class Initialized
INFO - 2024-03-17 00:02:58 --> Loader Class Initialized
INFO - 2024-03-17 00:02:58 --> Helper loaded: url_helper
INFO - 2024-03-17 00:02:58 --> Database Driver Class Initialized
INFO - 2024-03-17 00:02:58 --> Controller Class Initialized
ERROR - 2024-03-17 00:02:58 --> Severity: error --> Exception: Too few arguments to function PortalApi::testDownload(), 0 passed in D:\xampp\htdocs\plb\dummyservice\system\core\CodeIgniter.php on line 532 and exactly 1 expected D:\xampp\htdocs\plb\dummyservice\application\controllers\PortalApi.php 57
INFO - 2024-03-17 00:03:26 --> Config Class Initialized
INFO - 2024-03-17 00:03:26 --> Hooks Class Initialized
DEBUG - 2024-03-17 00:03:26 --> UTF-8 Support Enabled
INFO - 2024-03-17 00:03:26 --> Utf8 Class Initialized
INFO - 2024-03-17 00:03:26 --> URI Class Initialized
INFO - 2024-03-17 00:03:26 --> Router Class Initialized
INFO - 2024-03-17 00:03:26 --> Output Class Initialized
INFO - 2024-03-17 00:03:26 --> Security Class Initialized
DEBUG - 2024-03-17 00:03:26 --> Global POST, GET and COOKIE data sanitized
INFO - 2024-03-17 00:03:26 --> Input Class Initialized
INFO - 2024-03-17 00:03:26 --> Language Class Initialized
INFO - 2024-03-17 00:03:26 --> Loader Class Initialized
INFO - 2024-03-17 00:03:26 --> Helper loaded: url_helper
INFO - 2024-03-17 00:03:26 --> Database Driver Class Initialized
INFO - 2024-03-17 00:03:26 --> Controller Class Initialized
ERROR - 2024-03-17 00:03:26 --> Severity: error --> Exception: Too few arguments to function PortalApi::testDownload(), 0 passed in D:\xampp\htdocs\plb\dummyservice\system\core\CodeIgniter.php on line 532 and exactly 1 expected D:\xampp\htdocs\plb\dummyservice\application\controllers\PortalApi.php 57
INFO - 2024-03-17 00:03:52 --> Config Class Initialized
INFO - 2024-03-17 00:03:52 --> Hooks Class Initialized
DEBUG - 2024-03-17 00:03:52 --> UTF-8 Support Enabled
INFO - 2024-03-17 00:03:52 --> Utf8 Class Initialized
INFO - 2024-03-17 00:03:52 --> URI Class Initialized
INFO - 2024-03-17 00:03:52 --> Router Class Initialized
INFO - 2024-03-17 00:03:52 --> Output Class Initialized
INFO - 2024-03-17 00:03:52 --> Security Class Initialized
DEBUG - 2024-03-17 00:03:52 --> Global POST, GET and COOKIE data sanitized
INFO - 2024-03-17 00:03:52 --> Input Class Initialized
INFO - 2024-03-17 00:03:52 --> Language Class Initialized
INFO - 2024-03-17 00:03:52 --> Loader Class Initialized
INFO - 2024-03-17 00:03:52 --> Helper loaded: url_helper
INFO - 2024-03-17 00:03:52 --> Database Driver Class Initialized
INFO - 2024-03-17 00:03:52 --> Controller Class Initialized
ERROR - 2024-03-17 00:03:52 --> Severity: error --> Exception: Too few arguments to function PortalApi::testStatus(), 0 passed in D:\xampp\htdocs\plb\dummyservice\system\core\CodeIgniter.php on line 532 and exactly 1 expected D:\xampp\htdocs\plb\dummyservice\application\controllers\PortalApi.php 44
INFO - 2024-03-17 00:05:07 --> Config Class Initialized
INFO - 2024-03-17 00:05:07 --> Hooks Class Initialized
DEBUG - 2024-03-17 00:05:07 --> UTF-8 Support Enabled
INFO - 2024-03-17 00:05:07 --> Utf8 Class Initialized
INFO - 2024-03-17 00:05:07 --> URI Class Initialized
INFO - 2024-03-17 00:05:07 --> Router Class Initialized
INFO - 2024-03-17 00:05:07 --> Output Class Initialized
INFO - 2024-03-17 00:05:07 --> Security Class Initialized
DEBUG - 2024-03-17 00:05:07 --> Global POST, GET and COOKIE data sanitized
INFO - 2024-03-17 00:05:07 --> Input Class Initialized
INFO - 2024-03-17 00:05:07 --> Language Class Initialized
INFO - 2024-03-17 00:05:07 --> Loader Class Initialized
INFO - 2024-03-17 00:05:07 --> Helper loaded: url_helper
INFO - 2024-03-17 00:05:07 --> Database Driver Class Initialized
INFO - 2024-03-17 00:05:07 --> Controller Class Initialized
ERROR - 2024-03-17 00:05:07 --> Severity: Warning --> array_merge(): Expected parameter 1 to be an array, null given D:\xampp\htdocs\plb\dummyservice\application\controllers\PortalApi.php 37
ERROR - 2024-03-17 00:05:07 --> Severity: error --> Exception: Method name must be a string D:\xampp\htdocs\plb\dummyservice\application\controllers\PortalApi.php 40
INFO - 2024-03-17 00:05:11 --> Config Class Initialized
INFO - 2024-03-17 00:05:11 --> Hooks Class Initialized
DEBUG - 2024-03-17 00:05:11 --> UTF-8 Support Enabled
INFO - 2024-03-17 00:05:11 --> Utf8 Class Initialized
INFO - 2024-03-17 00:05:11 --> URI Class Initialized
INFO - 2024-03-17 00:05:11 --> Router Class Initialized
INFO - 2024-03-17 00:05:11 --> Output Class Initialized
INFO - 2024-03-17 00:05:11 --> Security Class Initialized
DEBUG - 2024-03-17 00:05:11 --> Global POST, GET and COOKIE data sanitized
INFO - 2024-03-17 00:05:11 --> Input Class Initialized
INFO - 2024-03-17 00:05:11 --> Language Class Initialized
INFO - 2024-03-17 00:05:11 --> Loader Class Initialized
INFO - 2024-03-17 00:05:11 --> Helper loaded: url_helper
INFO - 2024-03-17 00:05:11 --> Database Driver Class Initialized
INFO - 2024-03-17 00:05:11 --> Controller Class Initialized
ERROR - 2024-03-17 00:05:11 --> Severity: Warning --> array_merge(): Expected parameter 1 to be an array, null given D:\xampp\htdocs\plb\dummyservice\application\controllers\PortalApi.php 37
ERROR - 2024-03-17 00:05:11 --> Severity: error --> Exception: Method name must be a string D:\xampp\htdocs\plb\dummyservice\application\controllers\PortalApi.php 40
INFO - 2024-03-17 00:05:19 --> Config Class Initialized
INFO - 2024-03-17 00:05:19 --> Hooks Class Initialized
DEBUG - 2024-03-17 00:05:19 --> UTF-8 Support Enabled
INFO - 2024-03-17 00:05:19 --> Utf8 Class Initialized
INFO - 2024-03-17 00:05:19 --> URI Class Initialized
INFO - 2024-03-17 00:05:19 --> Router Class Initialized
INFO - 2024-03-17 00:05:19 --> Output Class Initialized
INFO - 2024-03-17 00:05:19 --> Security Class Initialized
DEBUG - 2024-03-17 00:05:19 --> Global POST, GET and COOKIE data sanitized
INFO - 2024-03-17 00:05:19 --> Input Class Initialized
INFO - 2024-03-17 00:05:19 --> Language Class Initialized
INFO - 2024-03-17 00:05:19 --> Loader Class Initialized
INFO - 2024-03-17 00:05:19 --> Helper loaded: url_helper
INFO - 2024-03-17 00:05:19 --> Database Driver Class Initialized
INFO - 2024-03-17 00:05:19 --> Controller Class Initialized
ERROR - 2024-03-17 00:05:19 --> Severity: Warning --> array_merge(): Expected parameter 1 to be an array, null given D:\xampp\htdocs\plb\dummyservice\application\controllers\PortalApi.php 37
ERROR - 2024-03-17 00:05:19 --> Severity: error --> Exception: Method name must be a string D:\xampp\htdocs\plb\dummyservice\application\controllers\PortalApi.php 40
INFO - 2024-03-17 00:06:32 --> Config Class Initialized
INFO - 2024-03-17 00:06:32 --> Hooks Class Initialized
DEBUG - 2024-03-17 00:06:32 --> UTF-8 Support Enabled
INFO - 2024-03-17 00:06:32 --> Utf8 Class Initialized
INFO - 2024-03-17 00:06:32 --> URI Class Initialized
DEBUG - 2024-03-17 00:06:32 --> No URI present. Default controller set.
INFO - 2024-03-17 00:06:32 --> Router Class Initialized
INFO - 2024-03-17 00:06:32 --> Output Class Initialized
INFO - 2024-03-17 00:06:32 --> Security Class Initialized
DEBUG - 2024-03-17 00:06:32 --> Global POST, GET and COOKIE data sanitized
INFO - 2024-03-17 00:06:32 --> Input Class Initialized
INFO - 2024-03-17 00:06:32 --> Language Class Initialized
INFO - 2024-03-17 00:06:32 --> Loader Class Initialized
INFO - 2024-03-17 00:06:32 --> Helper loaded: url_helper
INFO - 2024-03-17 00:06:32 --> Database Driver Class Initialized
INFO - 2024-03-17 00:06:33 --> Controller Class Initialized
INFO - 2024-03-17 00:06:33 --> Final output sent to browser
DEBUG - 2024-03-17 00:06:33 --> Total execution time: 0.0189
INFO - 2024-03-17 00:06:36 --> Config Class Initialized
INFO - 2024-03-17 00:06:36 --> Hooks Class Initialized
DEBUG - 2024-03-17 00:06:36 --> UTF-8 Support Enabled
INFO - 2024-03-17 00:06:36 --> Utf8 Class Initialized
INFO - 2024-03-17 00:06:36 --> URI Class Initialized
INFO - 2024-03-17 00:06:36 --> Router Class Initialized
INFO - 2024-03-17 00:06:36 --> Output Class Initialized
INFO - 2024-03-17 00:06:36 --> Security Class Initialized
DEBUG - 2024-03-17 00:06:36 --> Global POST, GET and COOKIE data sanitized
INFO - 2024-03-17 00:06:36 --> Input Class Initialized
INFO - 2024-03-17 00:06:36 --> Language Class Initialized
INFO - 2024-03-17 00:06:36 --> Loader Class Initialized
INFO - 2024-03-17 00:06:36 --> Helper loaded: url_helper
INFO - 2024-03-17 00:06:36 --> Database Driver Class Initialized
INFO - 2024-03-17 00:06:36 --> Controller Class Initialized
INFO - 2024-03-17 00:07:07 --> Final output sent to browser
DEBUG - 2024-03-17 00:07:07 --> Total execution time: 30.6227
INFO - 2024-03-17 00:07:19 --> Config Class Initialized
INFO - 2024-03-17 00:07:19 --> Hooks Class Initialized
DEBUG - 2024-03-17 00:07:19 --> UTF-8 Support Enabled
INFO - 2024-03-17 00:07:19 --> Utf8 Class Initialized
INFO - 2024-03-17 00:07:19 --> URI Class Initialized
INFO - 2024-03-17 00:07:19 --> Router Class Initialized
INFO - 2024-03-17 00:07:19 --> Output Class Initialized
INFO - 2024-03-17 00:07:19 --> Security Class Initialized
DEBUG - 2024-03-17 00:07:19 --> Global POST, GET and COOKIE data sanitized
INFO - 2024-03-17 00:07:19 --> Input Class Initialized
INFO - 2024-03-17 00:07:19 --> Language Class Initialized
INFO - 2024-03-17 00:07:19 --> Loader Class Initialized
INFO - 2024-03-17 00:07:19 --> Helper loaded: url_helper
INFO - 2024-03-17 00:07:19 --> Database Driver Class Initialized
INFO - 2024-03-17 00:07:19 --> Controller Class Initialized
INFO - 2024-03-17 00:07:26 --> Final output sent to browser
DEBUG - 2024-03-17 00:07:26 --> Total execution time: 7.4865
INFO - 2024-03-17 00:07:41 --> Config Class Initialized
INFO - 2024-03-17 00:07:41 --> Hooks Class Initialized
DEBUG - 2024-03-17 00:07:41 --> UTF-8 Support Enabled
INFO - 2024-03-17 00:07:41 --> Utf8 Class Initialized
INFO - 2024-03-17 00:07:41 --> URI Class Initialized
INFO - 2024-03-17 00:07:41 --> Router Class Initialized
INFO - 2024-03-17 00:07:41 --> Output Class Initialized
INFO - 2024-03-17 00:07:41 --> Security Class Initialized
DEBUG - 2024-03-17 00:07:41 --> Global POST, GET and COOKIE data sanitized
INFO - 2024-03-17 00:07:41 --> Input Class Initialized
INFO - 2024-03-17 00:07:41 --> Language Class Initialized
INFO - 2024-03-17 00:07:41 --> Loader Class Initialized
INFO - 2024-03-17 00:07:41 --> Helper loaded: url_helper
INFO - 2024-03-17 00:07:41 --> Database Driver Class Initialized
INFO - 2024-03-17 00:07:41 --> Controller Class Initialized
INFO - 2024-03-17 00:07:44 --> Final output sent to browser
DEBUG - 2024-03-17 00:07:44 --> Total execution time: 2.5888
INFO - 2024-03-17 00:07:48 --> Config Class Initialized
INFO - 2024-03-17 00:07:48 --> Hooks Class Initialized
DEBUG - 2024-03-17 00:07:48 --> UTF-8 Support Enabled
INFO - 2024-03-17 00:07:48 --> Utf8 Class Initialized
INFO - 2024-03-17 00:07:48 --> URI Class Initialized
INFO - 2024-03-17 00:07:48 --> Router Class Initialized
INFO - 2024-03-17 00:07:48 --> Output Class Initialized
INFO - 2024-03-17 00:07:48 --> Security Class Initialized
DEBUG - 2024-03-17 00:07:48 --> Global POST, GET and COOKIE data sanitized
INFO - 2024-03-17 00:07:48 --> Input Class Initialized
INFO - 2024-03-17 00:07:48 --> Language Class Initialized
INFO - 2024-03-17 00:07:48 --> Loader Class Initialized
INFO - 2024-03-17 00:07:48 --> Helper loaded: url_helper
INFO - 2024-03-17 00:07:48 --> Database Driver Class Initialized
INFO - 2024-03-17 00:07:48 --> Controller Class Initialized
INFO - 2024-03-17 00:07:48 --> Model "Mconfigkey" initialized
INFO - 2024-03-17 00:07:48 --> Model "Mportal_data" initialized
INFO - 2024-03-17 00:07:48 --> Final output sent to browser
DEBUG - 2024-03-17 00:07:48 --> Total execution time: 0.0535
INFO - 2024-03-17 00:08:07 --> Config Class Initialized
INFO - 2024-03-17 00:08:07 --> Hooks Class Initialized
DEBUG - 2024-03-17 00:08:07 --> UTF-8 Support Enabled
INFO - 2024-03-17 00:08:07 --> Utf8 Class Initialized
INFO - 2024-03-17 00:08:07 --> URI Class Initialized
INFO - 2024-03-17 00:08:07 --> Router Class Initialized
INFO - 2024-03-17 00:08:07 --> Output Class Initialized
INFO - 2024-03-17 00:08:07 --> Security Class Initialized
DEBUG - 2024-03-17 00:08:07 --> Global POST, GET and COOKIE data sanitized
INFO - 2024-03-17 00:08:07 --> Input Class Initialized
INFO - 2024-03-17 00:08:07 --> Language Class Initialized
INFO - 2024-03-17 00:08:07 --> Loader Class Initialized
INFO - 2024-03-17 00:08:07 --> Helper loaded: url_helper
INFO - 2024-03-17 00:08:07 --> Database Driver Class Initialized
INFO - 2024-03-17 00:08:07 --> Controller Class Initialized
INFO - 2024-03-17 00:08:07 --> Model "Mconfigkey" initialized
INFO - 2024-03-17 00:08:07 --> Model "Mportal_data" initialized
INFO - 2024-03-17 00:08:07 --> Final output sent to browser
DEBUG - 2024-03-17 00:08:07 --> Total execution time: 0.0414
INFO - 2024-03-17 00:08:19 --> Config Class Initialized
INFO - 2024-03-17 00:08:19 --> Hooks Class Initialized
DEBUG - 2024-03-17 00:08:19 --> UTF-8 Support Enabled
INFO - 2024-03-17 00:08:19 --> Utf8 Class Initialized
INFO - 2024-03-17 00:08:19 --> URI Class Initialized
INFO - 2024-03-17 00:08:19 --> Router Class Initialized
INFO - 2024-03-17 00:08:19 --> Output Class Initialized
INFO - 2024-03-17 00:08:19 --> Security Class Initialized
DEBUG - 2024-03-17 00:08:19 --> Global POST, GET and COOKIE data sanitized
INFO - 2024-03-17 00:08:19 --> Input Class Initialized
INFO - 2024-03-17 00:08:19 --> Language Class Initialized
INFO - 2024-03-17 00:08:19 --> Loader Class Initialized
INFO - 2024-03-17 00:08:19 --> Helper loaded: url_helper
INFO - 2024-03-17 00:08:19 --> Database Driver Class Initialized
INFO - 2024-03-17 00:08:19 --> Controller Class Initialized
INFO - 2024-03-17 00:08:19 --> Model "Mconfigkey" initialized
INFO - 2024-03-17 00:08:19 --> Model "Mportal_data" initialized
INFO - 2024-03-17 00:08:19 --> Final output sent to browser
DEBUG - 2024-03-17 00:08:19 --> Total execution time: 0.0316
INFO - 2024-03-17 00:08:27 --> Config Class Initialized
INFO - 2024-03-17 00:08:27 --> Hooks Class Initialized
DEBUG - 2024-03-17 00:08:27 --> UTF-8 Support Enabled
INFO - 2024-03-17 00:08:27 --> Utf8 Class Initialized
INFO - 2024-03-17 00:08:27 --> URI Class Initialized
INFO - 2024-03-17 00:08:27 --> Router Class Initialized
INFO - 2024-03-17 00:08:27 --> Output Class Initialized
INFO - 2024-03-17 00:08:27 --> Security Class Initialized
DEBUG - 2024-03-17 00:08:27 --> Global POST, GET and COOKIE data sanitized
INFO - 2024-03-17 00:08:27 --> Input Class Initialized
INFO - 2024-03-17 00:08:27 --> Language Class Initialized
INFO - 2024-03-17 00:08:27 --> Loader Class Initialized
INFO - 2024-03-17 00:08:27 --> Helper loaded: url_helper
INFO - 2024-03-17 00:08:27 --> Database Driver Class Initialized
INFO - 2024-03-17 00:08:27 --> Controller Class Initialized
INFO - 2024-03-17 00:08:27 --> Model "Mconfigkey" initialized
INFO - 2024-03-17 00:08:27 --> Model "Mportal_data" initialized
INFO - 2024-03-17 00:08:27 --> Final output sent to browser
DEBUG - 2024-03-17 00:08:27 --> Total execution time: 0.0242
INFO - 2024-03-17 00:08:29 --> Config Class Initialized
INFO - 2024-03-17 00:08:29 --> Hooks Class Initialized
DEBUG - 2024-03-17 00:08:29 --> UTF-8 Support Enabled
INFO - 2024-03-17 00:08:29 --> Utf8 Class Initialized
INFO - 2024-03-17 00:08:29 --> URI Class Initialized
INFO - 2024-03-17 00:08:29 --> Router Class Initialized
INFO - 2024-03-17 00:08:29 --> Output Class Initialized
INFO - 2024-03-17 00:08:29 --> Security Class Initialized
DEBUG - 2024-03-17 00:08:29 --> Global POST, GET and COOKIE data sanitized
INFO - 2024-03-17 00:08:29 --> Input Class Initialized
INFO - 2024-03-17 00:08:29 --> Language Class Initialized
INFO - 2024-03-17 00:08:29 --> Loader Class Initialized
INFO - 2024-03-17 00:08:29 --> Helper loaded: url_helper
INFO - 2024-03-17 00:08:29 --> Database Driver Class Initialized
INFO - 2024-03-17 00:08:29 --> Controller Class Initialized
INFO - 2024-03-17 00:08:29 --> Model "Mconfigkey" initialized
INFO - 2024-03-17 00:08:29 --> Model "Mportal_data" initialized
INFO - 2024-03-17 00:08:29 --> Final output sent to browser
DEBUG - 2024-03-17 00:08:29 --> Total execution time: 0.0219
INFO - 2024-03-17 00:08:30 --> Config Class Initialized
INFO - 2024-03-17 00:08:30 --> Hooks Class Initialized
DEBUG - 2024-03-17 00:08:30 --> UTF-8 Support Enabled
INFO - 2024-03-17 00:08:30 --> Utf8 Class Initialized
INFO - 2024-03-17 00:08:30 --> URI Class Initialized
INFO - 2024-03-17 00:08:30 --> Router Class Initialized
INFO - 2024-03-17 00:08:30 --> Output Class Initialized
INFO - 2024-03-17 00:08:30 --> Security Class Initialized
DEBUG - 2024-03-17 00:08:30 --> Global POST, GET and COOKIE data sanitized
INFO - 2024-03-17 00:08:30 --> Input Class Initialized
INFO - 2024-03-17 00:08:30 --> Language Class Initialized
INFO - 2024-03-17 00:08:30 --> Loader Class Initialized
INFO - 2024-03-17 00:08:30 --> Helper loaded: url_helper
INFO - 2024-03-17 00:08:30 --> Database Driver Class Initialized
INFO - 2024-03-17 00:08:30 --> Controller Class Initialized
INFO - 2024-03-17 00:08:30 --> Model "Mconfigkey" initialized
INFO - 2024-03-17 00:08:30 --> Model "Mportal_data" initialized
INFO - 2024-03-17 00:08:30 --> Final output sent to browser
DEBUG - 2024-03-17 00:08:30 --> Total execution time: 0.0230
INFO - 2024-03-17 00:08:31 --> Config Class Initialized
INFO - 2024-03-17 00:08:31 --> Hooks Class Initialized
DEBUG - 2024-03-17 00:08:31 --> UTF-8 Support Enabled
INFO - 2024-03-17 00:08:31 --> Utf8 Class Initialized
INFO - 2024-03-17 00:08:31 --> URI Class Initialized
INFO - 2024-03-17 00:08:31 --> Router Class Initialized
INFO - 2024-03-17 00:08:31 --> Output Class Initialized
INFO - 2024-03-17 00:08:31 --> Security Class Initialized
DEBUG - 2024-03-17 00:08:31 --> Global POST, GET and COOKIE data sanitized
INFO - 2024-03-17 00:08:31 --> Input Class Initialized
INFO - 2024-03-17 00:08:31 --> Language Class Initialized
INFO - 2024-03-17 00:08:31 --> Loader Class Initialized
INFO - 2024-03-17 00:08:31 --> Helper loaded: url_helper
INFO - 2024-03-17 00:08:31 --> Database Driver Class Initialized
INFO - 2024-03-17 00:08:31 --> Controller Class Initialized
INFO - 2024-03-17 00:08:31 --> Model "Mconfigkey" initialized
INFO - 2024-03-17 00:08:31 --> Model "Mportal_data" initialized
INFO - 2024-03-17 00:08:31 --> Final output sent to browser
DEBUG - 2024-03-17 00:08:31 --> Total execution time: 0.0237
INFO - 2024-03-17 00:08:32 --> Config Class Initialized
INFO - 2024-03-17 00:08:32 --> Hooks Class Initialized
DEBUG - 2024-03-17 00:08:32 --> UTF-8 Support Enabled
INFO - 2024-03-17 00:08:32 --> Utf8 Class Initialized
INFO - 2024-03-17 00:08:32 --> URI Class Initialized
INFO - 2024-03-17 00:08:32 --> Router Class Initialized
INFO - 2024-03-17 00:08:32 --> Output Class Initialized
INFO - 2024-03-17 00:08:32 --> Security Class Initialized
DEBUG - 2024-03-17 00:08:32 --> Global POST, GET and COOKIE data sanitized
INFO - 2024-03-17 00:08:32 --> Input Class Initialized
INFO - 2024-03-17 00:08:32 --> Language Class Initialized
INFO - 2024-03-17 00:08:32 --> Loader Class Initialized
INFO - 2024-03-17 00:08:32 --> Helper loaded: url_helper
INFO - 2024-03-17 00:08:32 --> Database Driver Class Initialized
INFO - 2024-03-17 00:08:32 --> Controller Class Initialized
INFO - 2024-03-17 00:08:32 --> Model "Mconfigkey" initialized
INFO - 2024-03-17 00:08:32 --> Model "Mportal_data" initialized
INFO - 2024-03-17 00:08:32 --> Final output sent to browser
DEBUG - 2024-03-17 00:08:32 --> Total execution time: 0.0245
INFO - 2024-03-17 00:08:32 --> Config Class Initialized
INFO - 2024-03-17 00:08:32 --> Hooks Class Initialized
DEBUG - 2024-03-17 00:08:32 --> UTF-8 Support Enabled
INFO - 2024-03-17 00:08:32 --> Utf8 Class Initialized
INFO - 2024-03-17 00:08:32 --> URI Class Initialized
INFO - 2024-03-17 00:08:32 --> Router Class Initialized
INFO - 2024-03-17 00:08:32 --> Output Class Initialized
INFO - 2024-03-17 00:08:32 --> Security Class Initialized
DEBUG - 2024-03-17 00:08:32 --> Global POST, GET and COOKIE data sanitized
INFO - 2024-03-17 00:08:32 --> Input Class Initialized
INFO - 2024-03-17 00:08:32 --> Language Class Initialized
INFO - 2024-03-17 00:08:32 --> Loader Class Initialized
INFO - 2024-03-17 00:08:32 --> Helper loaded: url_helper
INFO - 2024-03-17 00:08:32 --> Database Driver Class Initialized
INFO - 2024-03-17 00:08:32 --> Controller Class Initialized
INFO - 2024-03-17 00:08:32 --> Model "Mconfigkey" initialized
INFO - 2024-03-17 00:08:32 --> Model "Mportal_data" initialized
INFO - 2024-03-17 00:08:32 --> Final output sent to browser
DEBUG - 2024-03-17 00:08:32 --> Total execution time: 0.0223
INFO - 2024-03-17 00:12:54 --> Config Class Initialized
INFO - 2024-03-17 00:12:54 --> Hooks Class Initialized
DEBUG - 2024-03-17 00:12:54 --> UTF-8 Support Enabled
INFO - 2024-03-17 00:12:54 --> Utf8 Class Initialized
INFO - 2024-03-17 00:12:54 --> URI Class Initialized
INFO - 2024-03-17 00:12:54 --> Router Class Initialized
INFO - 2024-03-17 00:12:54 --> Output Class Initialized
INFO - 2024-03-17 00:12:54 --> Security Class Initialized
DEBUG - 2024-03-17 00:12:54 --> Global POST, GET and COOKIE data sanitized
INFO - 2024-03-17 00:12:54 --> Input Class Initialized
INFO - 2024-03-17 00:12:54 --> Language Class Initialized
INFO - 2024-03-17 00:12:54 --> Loader Class Initialized
INFO - 2024-03-17 00:12:54 --> Helper loaded: url_helper
INFO - 2024-03-17 00:12:54 --> Database Driver Class Initialized
INFO - 2024-03-17 00:12:54 --> Controller Class Initialized
ERROR - 2024-03-17 00:12:54 --> Severity: Warning --> json_decode() expects parameter 1 to be string, array given D:\xampp\htdocs\plb\dummyservice\application\controllers\PortalApi.php 418
INFO - 2024-03-17 00:12:54 --> Final output sent to browser
DEBUG - 2024-03-17 00:12:54 --> Total execution time: 0.9332
INFO - 2024-03-17 00:13:15 --> Config Class Initialized
INFO - 2024-03-17 00:13:15 --> Hooks Class Initialized
DEBUG - 2024-03-17 00:13:15 --> UTF-8 Support Enabled
INFO - 2024-03-17 00:13:15 --> Utf8 Class Initialized
INFO - 2024-03-17 00:13:15 --> URI Class Initialized
INFO - 2024-03-17 00:13:15 --> Router Class Initialized
INFO - 2024-03-17 00:13:15 --> Output Class Initialized
INFO - 2024-03-17 00:13:15 --> Security Class Initialized
DEBUG - 2024-03-17 00:13:15 --> Global POST, GET and COOKIE data sanitized
INFO - 2024-03-17 00:13:15 --> Input Class Initialized
INFO - 2024-03-17 00:13:15 --> Language Class Initialized
INFO - 2024-03-17 00:13:15 --> Loader Class Initialized
INFO - 2024-03-17 00:13:15 --> Helper loaded: url_helper
INFO - 2024-03-17 00:13:15 --> Database Driver Class Initialized
INFO - 2024-03-17 00:13:15 --> Controller Class Initialized
ERROR - 2024-03-17 00:13:16 --> Severity: Warning --> json_decode() expects parameter 1 to be string, array given D:\xampp\htdocs\plb\dummyservice\application\controllers\PortalApi.php 418
INFO - 2024-03-17 00:13:16 --> Final output sent to browser
DEBUG - 2024-03-17 00:13:16 --> Total execution time: 0.6511
INFO - 2024-03-17 00:13:25 --> Config Class Initialized
INFO - 2024-03-17 00:13:25 --> Hooks Class Initialized
DEBUG - 2024-03-17 00:13:25 --> UTF-8 Support Enabled
INFO - 2024-03-17 00:13:25 --> Utf8 Class Initialized
INFO - 2024-03-17 00:13:25 --> URI Class Initialized
INFO - 2024-03-17 00:13:25 --> Router Class Initialized
INFO - 2024-03-17 00:13:25 --> Output Class Initialized
INFO - 2024-03-17 00:13:25 --> Security Class Initialized
DEBUG - 2024-03-17 00:13:25 --> Global POST, GET and COOKIE data sanitized
INFO - 2024-03-17 00:13:25 --> Input Class Initialized
INFO - 2024-03-17 00:13:25 --> Language Class Initialized
INFO - 2024-03-17 00:13:25 --> Loader Class Initialized
INFO - 2024-03-17 00:13:25 --> Helper loaded: url_helper
INFO - 2024-03-17 00:13:25 --> Database Driver Class Initialized
INFO - 2024-03-17 00:13:25 --> Controller Class Initialized
ERROR - 2024-03-17 00:13:25 --> Severity: Warning --> array_merge(): Expected parameter 1 to be an array, null given D:\xampp\htdocs\plb\dummyservice\application\controllers\PortalApi.php 37
ERROR - 2024-03-17 00:13:25 --> Severity: error --> Exception: Method name must be a string D:\xampp\htdocs\plb\dummyservice\application\controllers\PortalApi.php 40
INFO - 2024-03-17 00:13:34 --> Config Class Initialized
INFO - 2024-03-17 00:13:34 --> Hooks Class Initialized
DEBUG - 2024-03-17 00:13:34 --> UTF-8 Support Enabled
INFO - 2024-03-17 00:13:34 --> Utf8 Class Initialized
INFO - 2024-03-17 00:13:34 --> URI Class Initialized
INFO - 2024-03-17 00:13:34 --> Router Class Initialized
INFO - 2024-03-17 00:13:34 --> Output Class Initialized
INFO - 2024-03-17 00:13:34 --> Security Class Initialized
DEBUG - 2024-03-17 00:13:34 --> Global POST, GET and COOKIE data sanitized
INFO - 2024-03-17 00:13:34 --> Input Class Initialized
INFO - 2024-03-17 00:13:34 --> Language Class Initialized
INFO - 2024-03-17 00:13:34 --> Loader Class Initialized
INFO - 2024-03-17 00:13:34 --> Helper loaded: url_helper
INFO - 2024-03-17 00:13:34 --> Database Driver Class Initialized
INFO - 2024-03-17 00:13:34 --> Controller Class Initialized
ERROR - 2024-03-17 00:13:34 --> Severity: Warning --> array_merge(): Expected parameter 1 to be an array, null given D:\xampp\htdocs\plb\dummyservice\application\controllers\PortalApi.php 37
ERROR - 2024-03-17 00:13:34 --> Severity: error --> Exception: Method name must be a string D:\xampp\htdocs\plb\dummyservice\application\controllers\PortalApi.php 40
INFO - 2024-03-17 00:14:08 --> Config Class Initialized
INFO - 2024-03-17 00:14:08 --> Hooks Class Initialized
DEBUG - 2024-03-17 00:14:08 --> UTF-8 Support Enabled
INFO - 2024-03-17 00:14:08 --> Utf8 Class Initialized
INFO - 2024-03-17 00:14:08 --> URI Class Initialized
INFO - 2024-03-17 00:14:08 --> Router Class Initialized
INFO - 2024-03-17 00:14:08 --> Output Class Initialized
INFO - 2024-03-17 00:14:08 --> Security Class Initialized
DEBUG - 2024-03-17 00:14:08 --> Global POST, GET and COOKIE data sanitized
INFO - 2024-03-17 00:14:08 --> Input Class Initialized
INFO - 2024-03-17 00:14:08 --> Language Class Initialized
INFO - 2024-03-17 00:14:08 --> Loader Class Initialized
INFO - 2024-03-17 00:14:08 --> Helper loaded: url_helper
INFO - 2024-03-17 00:14:08 --> Database Driver Class Initialized
INFO - 2024-03-17 00:14:08 --> Controller Class Initialized
ERROR - 2024-03-17 00:14:08 --> Severity: Warning --> array_merge(): Expected parameter 1 to be an array, null given D:\xampp\htdocs\plb\dummyservice\application\controllers\PortalApi.php 37
ERROR - 2024-03-17 00:14:08 --> Severity: error --> Exception: Method name must be a string D:\xampp\htdocs\plb\dummyservice\application\controllers\PortalApi.php 40
INFO - 2024-03-17 00:14:17 --> Config Class Initialized
INFO - 2024-03-17 00:14:17 --> Hooks Class Initialized
DEBUG - 2024-03-17 00:14:17 --> UTF-8 Support Enabled
INFO - 2024-03-17 00:14:17 --> Utf8 Class Initialized
INFO - 2024-03-17 00:14:17 --> URI Class Initialized
INFO - 2024-03-17 00:14:17 --> Router Class Initialized
INFO - 2024-03-17 00:14:17 --> Output Class Initialized
INFO - 2024-03-17 00:14:17 --> Security Class Initialized
DEBUG - 2024-03-17 00:14:17 --> Global POST, GET and COOKIE data sanitized
INFO - 2024-03-17 00:14:17 --> Input Class Initialized
INFO - 2024-03-17 00:14:17 --> Language Class Initialized
INFO - 2024-03-17 00:14:17 --> Loader Class Initialized
INFO - 2024-03-17 00:14:17 --> Helper loaded: url_helper
INFO - 2024-03-17 00:14:17 --> Database Driver Class Initialized
INFO - 2024-03-17 00:14:17 --> Controller Class Initialized
ERROR - 2024-03-17 00:14:17 --> Severity: Warning --> array_merge(): Expected parameter 1 to be an array, null given D:\xampp\htdocs\plb\dummyservice\application\controllers\PortalApi.php 37
ERROR - 2024-03-17 00:14:17 --> Severity: error --> Exception: Method name must be a string D:\xampp\htdocs\plb\dummyservice\application\controllers\PortalApi.php 40
INFO - 2024-03-17 00:14:26 --> Config Class Initialized
INFO - 2024-03-17 00:14:26 --> Hooks Class Initialized
DEBUG - 2024-03-17 00:14:26 --> UTF-8 Support Enabled
INFO - 2024-03-17 00:14:26 --> Utf8 Class Initialized
INFO - 2024-03-17 00:14:26 --> URI Class Initialized
INFO - 2024-03-17 00:14:26 --> Router Class Initialized
INFO - 2024-03-17 00:14:26 --> Output Class Initialized
INFO - 2024-03-17 00:14:26 --> Security Class Initialized
DEBUG - 2024-03-17 00:14:26 --> Global POST, GET and COOKIE data sanitized
INFO - 2024-03-17 00:14:26 --> Input Class Initialized
INFO - 2024-03-17 00:14:26 --> Language Class Initialized
INFO - 2024-03-17 00:14:26 --> Loader Class Initialized
INFO - 2024-03-17 00:14:26 --> Helper loaded: url_helper
INFO - 2024-03-17 00:14:26 --> Database Driver Class Initialized
INFO - 2024-03-17 00:14:26 --> Controller Class Initialized
ERROR - 2024-03-17 00:14:26 --> Severity: Warning --> array_merge(): Expected parameter 1 to be an array, null given D:\xampp\htdocs\plb\dummyservice\application\controllers\PortalApi.php 37
ERROR - 2024-03-17 00:14:26 --> Severity: error --> Exception: Method name must be a string D:\xampp\htdocs\plb\dummyservice\application\controllers\PortalApi.php 40
INFO - 2024-03-17 00:14:46 --> Config Class Initialized
INFO - 2024-03-17 00:14:46 --> Hooks Class Initialized
DEBUG - 2024-03-17 00:14:46 --> UTF-8 Support Enabled
INFO - 2024-03-17 00:14:46 --> Utf8 Class Initialized
INFO - 2024-03-17 00:14:46 --> URI Class Initialized
INFO - 2024-03-17 00:14:46 --> Router Class Initialized
INFO - 2024-03-17 00:14:46 --> Output Class Initialized
INFO - 2024-03-17 00:14:46 --> Security Class Initialized
DEBUG - 2024-03-17 00:14:46 --> Global POST, GET and COOKIE data sanitized
INFO - 2024-03-17 00:14:46 --> Input Class Initialized
INFO - 2024-03-17 00:14:46 --> Language Class Initialized
INFO - 2024-03-17 00:14:46 --> Loader Class Initialized
INFO - 2024-03-17 00:14:46 --> Helper loaded: url_helper
INFO - 2024-03-17 00:14:46 --> Database Driver Class Initialized
INFO - 2024-03-17 00:14:46 --> Controller Class Initialized
ERROR - 2024-03-17 00:14:47 --> Severity: Warning --> json_decode() expects parameter 1 to be string, array given D:\xampp\htdocs\plb\dummyservice\application\controllers\PortalApi.php 418
INFO - 2024-03-17 00:14:47 --> Final output sent to browser
DEBUG - 2024-03-17 00:14:47 --> Total execution time: 0.8488
INFO - 2024-03-17 00:15:03 --> Config Class Initialized
INFO - 2024-03-17 00:15:03 --> Hooks Class Initialized
DEBUG - 2024-03-17 00:15:03 --> UTF-8 Support Enabled
INFO - 2024-03-17 00:15:03 --> Utf8 Class Initialized
INFO - 2024-03-17 00:15:03 --> URI Class Initialized
INFO - 2024-03-17 00:15:03 --> Router Class Initialized
INFO - 2024-03-17 00:15:03 --> Output Class Initialized
INFO - 2024-03-17 00:15:03 --> Security Class Initialized
DEBUG - 2024-03-17 00:15:03 --> Global POST, GET and COOKIE data sanitized
INFO - 2024-03-17 00:15:03 --> Input Class Initialized
INFO - 2024-03-17 00:15:03 --> Language Class Initialized
INFO - 2024-03-17 00:15:03 --> Loader Class Initialized
INFO - 2024-03-17 00:15:03 --> Helper loaded: url_helper
INFO - 2024-03-17 00:15:03 --> Database Driver Class Initialized
INFO - 2024-03-17 00:15:03 --> Controller Class Initialized
ERROR - 2024-03-17 00:15:03 --> Severity: error --> Exception: Too few arguments to function PortalApi::testDownload(), 0 passed in D:\xampp\htdocs\plb\dummyservice\system\core\CodeIgniter.php on line 532 and exactly 1 expected D:\xampp\htdocs\plb\dummyservice\application\controllers\PortalApi.php 62
INFO - 2024-03-17 00:15:10 --> Config Class Initialized
INFO - 2024-03-17 00:15:10 --> Hooks Class Initialized
DEBUG - 2024-03-17 00:15:10 --> UTF-8 Support Enabled
INFO - 2024-03-17 00:15:10 --> Utf8 Class Initialized
INFO - 2024-03-17 00:15:10 --> URI Class Initialized
INFO - 2024-03-17 00:15:10 --> Router Class Initialized
INFO - 2024-03-17 00:15:10 --> Output Class Initialized
INFO - 2024-03-17 00:15:10 --> Security Class Initialized
DEBUG - 2024-03-17 00:15:10 --> Global POST, GET and COOKIE data sanitized
INFO - 2024-03-17 00:15:10 --> Input Class Initialized
INFO - 2024-03-17 00:15:10 --> Language Class Initialized
INFO - 2024-03-17 00:15:10 --> Loader Class Initialized
INFO - 2024-03-17 00:15:10 --> Helper loaded: url_helper
INFO - 2024-03-17 00:15:10 --> Database Driver Class Initialized
INFO - 2024-03-17 00:15:10 --> Controller Class Initialized
ERROR - 2024-03-17 00:15:10 --> Severity: error --> Exception: Too few arguments to function PortalApi::testDownload(), 0 passed in D:\xampp\htdocs\plb\dummyservice\system\core\CodeIgniter.php on line 532 and exactly 1 expected D:\xampp\htdocs\plb\dummyservice\application\controllers\PortalApi.php 62
INFO - 2024-03-17 00:15:17 --> Config Class Initialized
INFO - 2024-03-17 00:15:17 --> Hooks Class Initialized
DEBUG - 2024-03-17 00:15:17 --> UTF-8 Support Enabled
INFO - 2024-03-17 00:15:17 --> Utf8 Class Initialized
INFO - 2024-03-17 00:15:17 --> URI Class Initialized
INFO - 2024-03-17 00:15:17 --> Router Class Initialized
INFO - 2024-03-17 00:15:17 --> Output Class Initialized
INFO - 2024-03-17 00:15:17 --> Security Class Initialized
DEBUG - 2024-03-17 00:15:17 --> Global POST, GET and COOKIE data sanitized
INFO - 2024-03-17 00:15:17 --> Input Class Initialized
INFO - 2024-03-17 00:15:17 --> Language Class Initialized
INFO - 2024-03-17 00:15:17 --> Loader Class Initialized
INFO - 2024-03-17 00:15:17 --> Helper loaded: url_helper
INFO - 2024-03-17 00:15:17 --> Database Driver Class Initialized
INFO - 2024-03-17 00:15:17 --> Controller Class Initialized
ERROR - 2024-03-17 00:15:17 --> Severity: Warning --> array_merge(): Expected parameter 1 to be an array, null given D:\xampp\htdocs\plb\dummyservice\application\controllers\PortalApi.php 37
ERROR - 2024-03-17 00:15:17 --> Severity: error --> Exception: Method name must be a string D:\xampp\htdocs\plb\dummyservice\application\controllers\PortalApi.php 40
INFO - 2024-03-17 00:15:34 --> Config Class Initialized
INFO - 2024-03-17 00:15:34 --> Hooks Class Initialized
DEBUG - 2024-03-17 00:15:34 --> UTF-8 Support Enabled
INFO - 2024-03-17 00:15:34 --> Utf8 Class Initialized
INFO - 2024-03-17 00:15:34 --> URI Class Initialized
INFO - 2024-03-17 00:15:34 --> Router Class Initialized
INFO - 2024-03-17 00:15:34 --> Output Class Initialized
INFO - 2024-03-17 00:15:34 --> Security Class Initialized
DEBUG - 2024-03-17 00:15:34 --> Global POST, GET and COOKIE data sanitized
INFO - 2024-03-17 00:15:34 --> Input Class Initialized
INFO - 2024-03-17 00:15:34 --> Language Class Initialized
INFO - 2024-03-17 00:15:34 --> Loader Class Initialized
INFO - 2024-03-17 00:15:34 --> Helper loaded: url_helper
INFO - 2024-03-17 00:15:34 --> Database Driver Class Initialized
INFO - 2024-03-17 00:15:34 --> Controller Class Initialized
INFO - 2024-03-17 00:15:35 --> Final output sent to browser
DEBUG - 2024-03-17 00:15:35 --> Total execution time: 1.3461
INFO - 2024-03-17 00:15:47 --> Config Class Initialized
INFO - 2024-03-17 00:15:47 --> Hooks Class Initialized
DEBUG - 2024-03-17 00:15:47 --> UTF-8 Support Enabled
INFO - 2024-03-17 00:15:47 --> Utf8 Class Initialized
INFO - 2024-03-17 00:15:47 --> URI Class Initialized
INFO - 2024-03-17 00:15:47 --> Router Class Initialized
INFO - 2024-03-17 00:15:47 --> Output Class Initialized
INFO - 2024-03-17 00:15:47 --> Security Class Initialized
DEBUG - 2024-03-17 00:15:47 --> Global POST, GET and COOKIE data sanitized
INFO - 2024-03-17 00:15:47 --> Input Class Initialized
INFO - 2024-03-17 00:15:47 --> Language Class Initialized
INFO - 2024-03-17 00:15:47 --> Loader Class Initialized
INFO - 2024-03-17 00:15:47 --> Helper loaded: url_helper
INFO - 2024-03-17 00:15:47 --> Database Driver Class Initialized
INFO - 2024-03-17 00:15:47 --> Controller Class Initialized
ERROR - 2024-03-17 00:15:47 --> Severity: Warning --> array_merge(): Expected parameter 1 to be an array, null given D:\xampp\htdocs\plb\dummyservice\application\controllers\PortalApi.php 37
ERROR - 2024-03-17 00:15:47 --> Severity: error --> Exception: Method name must be a string D:\xampp\htdocs\plb\dummyservice\application\controllers\PortalApi.php 40
INFO - 2024-03-17 00:16:46 --> Config Class Initialized
INFO - 2024-03-17 00:16:46 --> Hooks Class Initialized
DEBUG - 2024-03-17 00:16:46 --> UTF-8 Support Enabled
INFO - 2024-03-17 00:16:46 --> Utf8 Class Initialized
INFO - 2024-03-17 00:16:46 --> URI Class Initialized
INFO - 2024-03-17 00:16:46 --> Router Class Initialized
INFO - 2024-03-17 00:16:46 --> Output Class Initialized
INFO - 2024-03-17 00:16:46 --> Security Class Initialized
DEBUG - 2024-03-17 00:16:46 --> Global POST, GET and COOKIE data sanitized
INFO - 2024-03-17 00:16:46 --> Input Class Initialized
INFO - 2024-03-17 00:16:46 --> Language Class Initialized
INFO - 2024-03-17 00:16:46 --> Loader Class Initialized
INFO - 2024-03-17 00:16:46 --> Helper loaded: url_helper
INFO - 2024-03-17 00:16:46 --> Database Driver Class Initialized
INFO - 2024-03-17 00:16:46 --> Controller Class Initialized
INFO - 2024-03-17 00:17:16 --> Final output sent to browser
DEBUG - 2024-03-17 00:17:16 --> Total execution time: 30.5825
INFO - 2024-03-17 00:17:49 --> Config Class Initialized
INFO - 2024-03-17 00:17:49 --> Hooks Class Initialized
DEBUG - 2024-03-17 00:17:49 --> UTF-8 Support Enabled
INFO - 2024-03-17 00:17:49 --> Utf8 Class Initialized
INFO - 2024-03-17 00:17:49 --> URI Class Initialized
INFO - 2024-03-17 00:17:49 --> Router Class Initialized
INFO - 2024-03-17 00:17:49 --> Output Class Initialized
INFO - 2024-03-17 00:17:49 --> Security Class Initialized
DEBUG - 2024-03-17 00:17:49 --> Global POST, GET and COOKIE data sanitized
INFO - 2024-03-17 00:17:49 --> Input Class Initialized
INFO - 2024-03-17 00:17:49 --> Language Class Initialized
INFO - 2024-03-17 00:17:49 --> Loader Class Initialized
INFO - 2024-03-17 00:17:49 --> Helper loaded: url_helper
INFO - 2024-03-17 00:17:49 --> Database Driver Class Initialized
INFO - 2024-03-17 00:17:49 --> Controller Class Initialized
INFO - 2024-03-17 00:18:19 --> Final output sent to browser
DEBUG - 2024-03-17 00:18:19 --> Total execution time: 30.3716
INFO - 2024-03-17 00:21:32 --> Config Class Initialized
INFO - 2024-03-17 00:21:32 --> Hooks Class Initialized
DEBUG - 2024-03-17 00:21:32 --> UTF-8 Support Enabled
INFO - 2024-03-17 00:21:32 --> Utf8 Class Initialized
INFO - 2024-03-17 00:21:32 --> URI Class Initialized
INFO - 2024-03-17 00:21:32 --> Router Class Initialized
INFO - 2024-03-17 00:21:32 --> Output Class Initialized
INFO - 2024-03-17 00:21:32 --> Security Class Initialized
DEBUG - 2024-03-17 00:21:32 --> Global POST, GET and COOKIE data sanitized
INFO - 2024-03-17 00:21:32 --> Input Class Initialized
INFO - 2024-03-17 00:21:32 --> Language Class Initialized
INFO - 2024-03-17 00:21:32 --> Loader Class Initialized
INFO - 2024-03-17 00:21:32 --> Helper loaded: url_helper
INFO - 2024-03-17 00:21:32 --> Database Driver Class Initialized
INFO - 2024-03-17 00:21:32 --> Controller Class Initialized
INFO - 2024-03-17 00:21:40 --> Final output sent to browser
DEBUG - 2024-03-17 00:21:40 --> Total execution time: 7.6142
INFO - 2024-03-17 00:24:00 --> Config Class Initialized
INFO - 2024-03-17 00:24:00 --> Hooks Class Initialized
DEBUG - 2024-03-17 00:24:00 --> UTF-8 Support Enabled
INFO - 2024-03-17 00:24:00 --> Utf8 Class Initialized
INFO - 2024-03-17 00:24:00 --> URI Class Initialized
INFO - 2024-03-17 00:24:00 --> Router Class Initialized
INFO - 2024-03-17 00:24:00 --> Output Class Initialized
INFO - 2024-03-17 00:24:00 --> Security Class Initialized
DEBUG - 2024-03-17 00:24:00 --> Global POST, GET and COOKIE data sanitized
INFO - 2024-03-17 00:24:00 --> Input Class Initialized
INFO - 2024-03-17 00:24:00 --> Language Class Initialized
INFO - 2024-03-17 00:24:00 --> Loader Class Initialized
INFO - 2024-03-17 00:24:00 --> Helper loaded: url_helper
INFO - 2024-03-17 00:24:00 --> Database Driver Class Initialized
INFO - 2024-03-17 00:24:00 --> Controller Class Initialized
ERROR - 2024-03-17 00:24:00 --> Severity: Warning --> json_decode() expects parameter 1 to be string, array given D:\xampp\htdocs\plb\dummyservice\application\controllers\PortalApi.php 418
INFO - 2024-03-17 00:24:00 --> Final output sent to browser
DEBUG - 2024-03-17 00:24:00 --> Total execution time: 0.4456
INFO - 2024-03-17 00:24:16 --> Config Class Initialized
INFO - 2024-03-17 00:24:16 --> Hooks Class Initialized
DEBUG - 2024-03-17 00:24:16 --> UTF-8 Support Enabled
INFO - 2024-03-17 00:24:16 --> Utf8 Class Initialized
INFO - 2024-03-17 00:24:16 --> URI Class Initialized
INFO - 2024-03-17 00:24:16 --> Router Class Initialized
INFO - 2024-03-17 00:24:16 --> Output Class Initialized
INFO - 2024-03-17 00:24:16 --> Security Class Initialized
DEBUG - 2024-03-17 00:24:16 --> Global POST, GET and COOKIE data sanitized
INFO - 2024-03-17 00:24:16 --> Input Class Initialized
INFO - 2024-03-17 00:24:16 --> Language Class Initialized
INFO - 2024-03-17 00:24:16 --> Loader Class Initialized
INFO - 2024-03-17 00:24:16 --> Helper loaded: url_helper
INFO - 2024-03-17 00:24:16 --> Database Driver Class Initialized
INFO - 2024-03-17 00:24:16 --> Controller Class Initialized
INFO - 2024-03-17 00:24:17 --> Final output sent to browser
DEBUG - 2024-03-17 00:24:17 --> Total execution time: 1.0408
INFO - 2024-03-17 00:51:10 --> Config Class Initialized
INFO - 2024-03-17 00:51:10 --> Hooks Class Initialized
DEBUG - 2024-03-17 00:51:10 --> UTF-8 Support Enabled
INFO - 2024-03-17 00:51:10 --> Utf8 Class Initialized
INFO - 2024-03-17 00:51:10 --> URI Class Initialized
INFO - 2024-03-17 00:51:10 --> Router Class Initialized
INFO - 2024-03-17 00:51:10 --> Output Class Initialized
INFO - 2024-03-17 00:51:10 --> Security Class Initialized
DEBUG - 2024-03-17 00:51:10 --> Global POST, GET and COOKIE data sanitized
INFO - 2024-03-17 00:51:10 --> Input Class Initialized
INFO - 2024-03-17 00:51:10 --> Language Class Initialized
INFO - 2024-03-17 00:51:10 --> Loader Class Initialized
INFO - 2024-03-17 00:51:10 --> Helper loaded: url_helper
INFO - 2024-03-17 00:51:10 --> Database Driver Class Initialized
INFO - 2024-03-17 00:51:10 --> Controller Class Initialized
INFO - 2024-03-17 00:51:10 --> Model "Mconfigkey" initialized
INFO - 2024-03-17 00:51:10 --> Model "Mportal_data" initialized
INFO - 2024-03-17 00:51:10 --> Final output sent to browser
DEBUG - 2024-03-17 00:51:10 --> Total execution time: 0.0742
INFO - 2024-03-17 00:51:10 --> Config Class Initialized
INFO - 2024-03-17 00:51:10 --> Hooks Class Initialized
DEBUG - 2024-03-17 00:51:10 --> UTF-8 Support Enabled
INFO - 2024-03-17 00:51:10 --> Utf8 Class Initialized
INFO - 2024-03-17 00:51:10 --> URI Class Initialized
INFO - 2024-03-17 00:51:10 --> Router Class Initialized
INFO - 2024-03-17 00:51:10 --> Output Class Initialized
INFO - 2024-03-17 00:51:10 --> Security Class Initialized
DEBUG - 2024-03-17 00:51:10 --> Global POST, GET and COOKIE data sanitized
INFO - 2024-03-17 00:51:10 --> Input Class Initialized
INFO - 2024-03-17 00:51:10 --> Language Class Initialized
INFO - 2024-03-17 00:51:10 --> Loader Class Initialized
INFO - 2024-03-17 00:51:10 --> Helper loaded: url_helper
INFO - 2024-03-17 00:51:10 --> Database Driver Class Initialized
INFO - 2024-03-17 00:51:10 --> Controller Class Initialized
INFO - 2024-03-17 00:51:13 --> Final output sent to browser
DEBUG - 2024-03-17 00:51:13 --> Total execution time: 2.5505
INFO - 2024-03-17 00:51:57 --> Config Class Initialized
INFO - 2024-03-17 00:51:57 --> Hooks Class Initialized
DEBUG - 2024-03-17 00:51:57 --> UTF-8 Support Enabled
INFO - 2024-03-17 00:51:57 --> Utf8 Class Initialized
INFO - 2024-03-17 00:51:57 --> URI Class Initialized
INFO - 2024-03-17 00:51:57 --> Router Class Initialized
INFO - 2024-03-17 00:51:57 --> Output Class Initialized
INFO - 2024-03-17 00:51:57 --> Security Class Initialized
DEBUG - 2024-03-17 00:51:57 --> Global POST, GET and COOKIE data sanitized
INFO - 2024-03-17 00:51:57 --> Input Class Initialized
INFO - 2024-03-17 00:51:57 --> Language Class Initialized
INFO - 2024-03-17 00:51:57 --> Loader Class Initialized
INFO - 2024-03-17 00:51:57 --> Helper loaded: url_helper
INFO - 2024-03-17 00:51:57 --> Database Driver Class Initialized
INFO - 2024-03-17 00:51:57 --> Controller Class Initialized
INFO - 2024-03-17 00:51:57 --> Model "Mconfigkey" initialized
INFO - 2024-03-17 00:51:57 --> Model "Msync_doc_aw" initialized
INFO - 2024-03-17 00:51:57 --> Final output sent to browser
DEBUG - 2024-03-17 00:51:57 --> Total execution time: 0.0447
INFO - 2024-03-17 00:52:04 --> Config Class Initialized
INFO - 2024-03-17 00:52:04 --> Hooks Class Initialized
DEBUG - 2024-03-17 00:52:04 --> UTF-8 Support Enabled
INFO - 2024-03-17 00:52:04 --> Utf8 Class Initialized
INFO - 2024-03-17 00:52:04 --> URI Class Initialized
INFO - 2024-03-17 00:52:04 --> Router Class Initialized
INFO - 2024-03-17 00:52:04 --> Output Class Initialized
INFO - 2024-03-17 00:52:04 --> Security Class Initialized
DEBUG - 2024-03-17 00:52:04 --> Global POST, GET and COOKIE data sanitized
INFO - 2024-03-17 00:52:04 --> Input Class Initialized
INFO - 2024-03-17 00:52:04 --> Language Class Initialized
INFO - 2024-03-17 00:52:04 --> Loader Class Initialized
INFO - 2024-03-17 00:52:04 --> Helper loaded: url_helper
INFO - 2024-03-17 00:52:04 --> Database Driver Class Initialized
INFO - 2024-03-17 00:52:04 --> Controller Class Initialized
INFO - 2024-03-17 00:52:07 --> Final output sent to browser
DEBUG - 2024-03-17 00:52:07 --> Total execution time: 2.4995
INFO - 2024-03-17 00:52:20 --> Config Class Initialized
INFO - 2024-03-17 00:52:20 --> Hooks Class Initialized
DEBUG - 2024-03-17 00:52:20 --> UTF-8 Support Enabled
INFO - 2024-03-17 00:52:20 --> Utf8 Class Initialized
INFO - 2024-03-17 00:52:20 --> URI Class Initialized
INFO - 2024-03-17 00:52:20 --> Router Class Initialized
INFO - 2024-03-17 00:52:20 --> Output Class Initialized
INFO - 2024-03-17 00:52:20 --> Security Class Initialized
DEBUG - 2024-03-17 00:52:20 --> Global POST, GET and COOKIE data sanitized
INFO - 2024-03-17 00:52:20 --> Input Class Initialized
INFO - 2024-03-17 00:52:20 --> Language Class Initialized
INFO - 2024-03-17 00:52:20 --> Loader Class Initialized
INFO - 2024-03-17 00:52:20 --> Helper loaded: url_helper
INFO - 2024-03-17 00:52:20 --> Database Driver Class Initialized
INFO - 2024-03-17 00:52:20 --> Controller Class Initialized
INFO - 2024-03-17 00:52:50 --> Final output sent to browser
DEBUG - 2024-03-17 00:52:50 --> Total execution time: 30.2012
INFO - 2024-03-17 00:52:59 --> Config Class Initialized
INFO - 2024-03-17 00:52:59 --> Hooks Class Initialized
DEBUG - 2024-03-17 00:52:59 --> UTF-8 Support Enabled
INFO - 2024-03-17 00:52:59 --> Utf8 Class Initialized
INFO - 2024-03-17 00:52:59 --> URI Class Initialized
INFO - 2024-03-17 00:52:59 --> Router Class Initialized
INFO - 2024-03-17 00:52:59 --> Output Class Initialized
INFO - 2024-03-17 00:52:59 --> Security Class Initialized
DEBUG - 2024-03-17 00:52:59 --> Global POST, GET and COOKIE data sanitized
INFO - 2024-03-17 00:52:59 --> Input Class Initialized
INFO - 2024-03-17 00:52:59 --> Language Class Initialized
INFO - 2024-03-17 00:52:59 --> Loader Class Initialized
INFO - 2024-03-17 00:52:59 --> Helper loaded: url_helper
INFO - 2024-03-17 00:52:59 --> Database Driver Class Initialized
INFO - 2024-03-17 00:52:59 --> Controller Class Initialized
INFO - 2024-03-17 00:53:29 --> Final output sent to browser
DEBUG - 2024-03-17 00:53:29 --> Total execution time: 30.4645
INFO - 2024-03-17 00:53:45 --> Config Class Initialized
INFO - 2024-03-17 00:53:45 --> Hooks Class Initialized
DEBUG - 2024-03-17 00:53:45 --> UTF-8 Support Enabled
INFO - 2024-03-17 00:53:45 --> Utf8 Class Initialized
INFO - 2024-03-17 00:53:45 --> URI Class Initialized
INFO - 2024-03-17 00:53:45 --> Router Class Initialized
INFO - 2024-03-17 00:53:45 --> Output Class Initialized
INFO - 2024-03-17 00:53:45 --> Security Class Initialized
DEBUG - 2024-03-17 00:53:45 --> Global POST, GET and COOKIE data sanitized
INFO - 2024-03-17 00:53:45 --> Input Class Initialized
INFO - 2024-03-17 00:53:45 --> Language Class Initialized
INFO - 2024-03-17 00:53:45 --> Loader Class Initialized
INFO - 2024-03-17 00:53:45 --> Helper loaded: url_helper
INFO - 2024-03-17 00:53:45 --> Database Driver Class Initialized
INFO - 2024-03-17 00:53:45 --> Controller Class Initialized
ERROR - 2024-03-17 00:53:46 --> Severity: Warning --> json_decode() expects parameter 1 to be string, array given D:\xampp\htdocs\plb\dummyservice\application\controllers\PortalApi.php 418
INFO - 2024-03-17 00:53:46 --> Final output sent to browser
DEBUG - 2024-03-17 00:53:46 --> Total execution time: 0.3762
INFO - 2024-03-17 00:54:01 --> Config Class Initialized
INFO - 2024-03-17 00:54:01 --> Hooks Class Initialized
DEBUG - 2024-03-17 00:54:01 --> UTF-8 Support Enabled
INFO - 2024-03-17 00:54:01 --> Utf8 Class Initialized
INFO - 2024-03-17 00:54:01 --> URI Class Initialized
INFO - 2024-03-17 00:54:01 --> Router Class Initialized
INFO - 2024-03-17 00:54:01 --> Output Class Initialized
INFO - 2024-03-17 00:54:01 --> Security Class Initialized
DEBUG - 2024-03-17 00:54:01 --> Global POST, GET and COOKIE data sanitized
INFO - 2024-03-17 00:54:01 --> Input Class Initialized
INFO - 2024-03-17 00:54:01 --> Language Class Initialized
INFO - 2024-03-17 00:54:01 --> Loader Class Initialized
INFO - 2024-03-17 00:54:01 --> Helper loaded: url_helper
INFO - 2024-03-17 00:54:01 --> Database Driver Class Initialized
INFO - 2024-03-17 00:54:01 --> Controller Class Initialized
ERROR - 2024-03-17 00:54:02 --> Severity: Warning --> json_decode() expects parameter 1 to be string, array given D:\xampp\htdocs\plb\dummyservice\application\controllers\PortalApi.php 418
INFO - 2024-03-17 00:54:02 --> Final output sent to browser
DEBUG - 2024-03-17 00:54:02 --> Total execution time: 1.0736
INFO - 2024-03-17 00:56:32 --> Config Class Initialized
INFO - 2024-03-17 00:56:32 --> Hooks Class Initialized
DEBUG - 2024-03-17 00:56:32 --> UTF-8 Support Enabled
INFO - 2024-03-17 00:56:32 --> Utf8 Class Initialized
INFO - 2024-03-17 00:56:32 --> URI Class Initialized
INFO - 2024-03-17 00:56:32 --> Router Class Initialized
INFO - 2024-03-17 00:56:32 --> Output Class Initialized
INFO - 2024-03-17 00:56:32 --> Security Class Initialized
DEBUG - 2024-03-17 00:56:32 --> Global POST, GET and COOKIE data sanitized
INFO - 2024-03-17 00:56:32 --> Input Class Initialized
INFO - 2024-03-17 00:56:32 --> Language Class Initialized
INFO - 2024-03-17 00:56:32 --> Loader Class Initialized
INFO - 2024-03-17 00:56:32 --> Helper loaded: url_helper
INFO - 2024-03-17 00:56:32 --> Database Driver Class Initialized
INFO - 2024-03-17 00:56:33 --> Controller Class Initialized
ERROR - 2024-03-17 00:56:33 --> Severity: Warning --> json_decode() expects parameter 1 to be string, array given D:\xampp\htdocs\plb\dummyservice\application\controllers\PortalApi.php 418
INFO - 2024-03-17 00:56:33 --> Final output sent to browser
DEBUG - 2024-03-17 00:56:33 --> Total execution time: 0.4793
INFO - 2024-03-17 00:56:59 --> Config Class Initialized
INFO - 2024-03-17 00:56:59 --> Hooks Class Initialized
DEBUG - 2024-03-17 00:56:59 --> UTF-8 Support Enabled
INFO - 2024-03-17 00:56:59 --> Utf8 Class Initialized
INFO - 2024-03-17 00:56:59 --> URI Class Initialized
INFO - 2024-03-17 00:56:59 --> Router Class Initialized
INFO - 2024-03-17 00:56:59 --> Output Class Initialized
INFO - 2024-03-17 00:56:59 --> Security Class Initialized
DEBUG - 2024-03-17 00:56:59 --> Global POST, GET and COOKIE data sanitized
INFO - 2024-03-17 00:56:59 --> Input Class Initialized
INFO - 2024-03-17 00:56:59 --> Language Class Initialized
INFO - 2024-03-17 00:56:59 --> Loader Class Initialized
INFO - 2024-03-17 00:56:59 --> Helper loaded: url_helper
INFO - 2024-03-17 00:56:59 --> Database Driver Class Initialized
INFO - 2024-03-17 00:56:59 --> Controller Class Initialized
ERROR - 2024-03-17 00:56:59 --> Severity: Warning --> array_merge(): Expected parameter 1 to be an array, null given D:\xampp\htdocs\plb\dummyservice\application\controllers\PortalApi.php 37
ERROR - 2024-03-17 00:56:59 --> Severity: error --> Exception: Method name must be a string D:\xampp\htdocs\plb\dummyservice\application\controllers\PortalApi.php 40
INFO - 2024-03-17 00:59:12 --> Config Class Initialized
INFO - 2024-03-17 00:59:12 --> Hooks Class Initialized
DEBUG - 2024-03-17 00:59:12 --> UTF-8 Support Enabled
INFO - 2024-03-17 00:59:12 --> Utf8 Class Initialized
INFO - 2024-03-17 00:59:12 --> URI Class Initialized
INFO - 2024-03-17 00:59:12 --> Router Class Initialized
INFO - 2024-03-17 00:59:12 --> Output Class Initialized
INFO - 2024-03-17 00:59:12 --> Security Class Initialized
DEBUG - 2024-03-17 00:59:12 --> Global POST, GET and COOKIE data sanitized
INFO - 2024-03-17 00:59:12 --> Input Class Initialized
INFO - 2024-03-17 00:59:12 --> Language Class Initialized
INFO - 2024-03-17 00:59:12 --> Loader Class Initialized
INFO - 2024-03-17 00:59:12 --> Helper loaded: url_helper
INFO - 2024-03-17 00:59:12 --> Database Driver Class Initialized
INFO - 2024-03-17 00:59:12 --> Controller Class Initialized
ERROR - 2024-03-17 00:59:12 --> Severity: Warning --> array_merge(): Expected parameter 1 to be an array, null given D:\xampp\htdocs\plb\dummyservice\application\controllers\PortalApi.php 37
ERROR - 2024-03-17 00:59:12 --> Severity: error --> Exception: Method name must be a string D:\xampp\htdocs\plb\dummyservice\application\controllers\PortalApi.php 40
INFO - 2024-03-17 00:59:22 --> Config Class Initialized
INFO - 2024-03-17 00:59:22 --> Hooks Class Initialized
DEBUG - 2024-03-17 00:59:22 --> UTF-8 Support Enabled
INFO - 2024-03-17 00:59:22 --> Utf8 Class Initialized
INFO - 2024-03-17 00:59:22 --> URI Class Initialized
INFO - 2024-03-17 00:59:22 --> Router Class Initialized
INFO - 2024-03-17 00:59:22 --> Output Class Initialized
INFO - 2024-03-17 00:59:22 --> Security Class Initialized
DEBUG - 2024-03-17 00:59:22 --> Global POST, GET and COOKIE data sanitized
INFO - 2024-03-17 00:59:22 --> Input Class Initialized
INFO - 2024-03-17 00:59:22 --> Language Class Initialized
INFO - 2024-03-17 00:59:22 --> Loader Class Initialized
INFO - 2024-03-17 00:59:22 --> Helper loaded: url_helper
INFO - 2024-03-17 00:59:22 --> Database Driver Class Initialized
INFO - 2024-03-17 00:59:22 --> Controller Class Initialized
ERROR - 2024-03-17 00:59:22 --> Severity: Warning --> json_decode() expects parameter 1 to be string, array given D:\xampp\htdocs\plb\dummyservice\application\controllers\PortalApi.php 418
INFO - 2024-03-17 00:59:22 --> Final output sent to browser
DEBUG - 2024-03-17 00:59:22 --> Total execution time: 0.6418
INFO - 2024-03-17 00:59:59 --> Config Class Initialized
INFO - 2024-03-17 00:59:59 --> Hooks Class Initialized
DEBUG - 2024-03-17 00:59:59 --> UTF-8 Support Enabled
INFO - 2024-03-17 00:59:59 --> Utf8 Class Initialized
INFO - 2024-03-17 00:59:59 --> URI Class Initialized
INFO - 2024-03-17 00:59:59 --> Router Class Initialized
INFO - 2024-03-17 00:59:59 --> Output Class Initialized
INFO - 2024-03-17 00:59:59 --> Security Class Initialized
DEBUG - 2024-03-17 00:59:59 --> Global POST, GET and COOKIE data sanitized
INFO - 2024-03-17 00:59:59 --> Input Class Initialized
INFO - 2024-03-17 00:59:59 --> Language Class Initialized
INFO - 2024-03-17 00:59:59 --> Loader Class Initialized
INFO - 2024-03-17 00:59:59 --> Helper loaded: url_helper
INFO - 2024-03-17 00:59:59 --> Database Driver Class Initialized
INFO - 2024-03-17 00:59:59 --> Controller Class Initialized
ERROR - 2024-03-17 00:59:59 --> Severity: Warning --> array_merge(): Expected parameter 1 to be an array, null given D:\xampp\htdocs\plb\dummyservice\application\controllers\PortalApi.php 37
ERROR - 2024-03-17 00:59:59 --> Severity: error --> Exception: Method name must be a string D:\xampp\htdocs\plb\dummyservice\application\controllers\PortalApi.php 40
INFO - 2024-03-17 01:00:21 --> Config Class Initialized
INFO - 2024-03-17 01:00:21 --> Hooks Class Initialized
DEBUG - 2024-03-17 01:00:21 --> UTF-8 Support Enabled
INFO - 2024-03-17 01:00:21 --> Utf8 Class Initialized
INFO - 2024-03-17 01:00:21 --> URI Class Initialized
INFO - 2024-03-17 01:00:21 --> Router Class Initialized
INFO - 2024-03-17 01:00:21 --> Output Class Initialized
INFO - 2024-03-17 01:00:21 --> Security Class Initialized
DEBUG - 2024-03-17 01:00:21 --> Global POST, GET and COOKIE data sanitized
INFO - 2024-03-17 01:00:21 --> Input Class Initialized
INFO - 2024-03-17 01:00:21 --> Language Class Initialized
INFO - 2024-03-17 01:00:21 --> Loader Class Initialized
INFO - 2024-03-17 01:00:21 --> Helper loaded: url_helper
INFO - 2024-03-17 01:00:21 --> Database Driver Class Initialized
INFO - 2024-03-17 01:00:21 --> Controller Class Initialized
INFO - 2024-03-17 01:00:23 --> Final output sent to browser
DEBUG - 2024-03-17 01:00:23 --> Total execution time: 2.5668
INFO - 2024-03-17 01:00:44 --> Config Class Initialized
INFO - 2024-03-17 01:00:44 --> Hooks Class Initialized
DEBUG - 2024-03-17 01:00:44 --> UTF-8 Support Enabled
INFO - 2024-03-17 01:00:44 --> Utf8 Class Initialized
INFO - 2024-03-17 01:00:44 --> URI Class Initialized
INFO - 2024-03-17 01:00:44 --> Router Class Initialized
INFO - 2024-03-17 01:00:44 --> Output Class Initialized
INFO - 2024-03-17 01:00:44 --> Security Class Initialized
DEBUG - 2024-03-17 01:00:44 --> Global POST, GET and COOKIE data sanitized
INFO - 2024-03-17 01:00:44 --> Input Class Initialized
INFO - 2024-03-17 01:00:44 --> Language Class Initialized
INFO - 2024-03-17 01:00:44 --> Loader Class Initialized
INFO - 2024-03-17 01:00:44 --> Helper loaded: url_helper
INFO - 2024-03-17 01:00:44 --> Database Driver Class Initialized
INFO - 2024-03-17 01:00:44 --> Controller Class Initialized
ERROR - 2024-03-17 01:00:44 --> Severity: Warning --> json_decode() expects parameter 1 to be string, array given D:\xampp\htdocs\plb\dummyservice\application\controllers\PortalApi.php 418
INFO - 2024-03-17 01:00:44 --> Final output sent to browser
DEBUG - 2024-03-17 01:00:44 --> Total execution time: 0.2313
INFO - 2024-03-17 01:00:53 --> Config Class Initialized
INFO - 2024-03-17 01:00:53 --> Hooks Class Initialized
DEBUG - 2024-03-17 01:00:53 --> UTF-8 Support Enabled
INFO - 2024-03-17 01:00:53 --> Utf8 Class Initialized
INFO - 2024-03-17 01:00:53 --> URI Class Initialized
INFO - 2024-03-17 01:00:53 --> Router Class Initialized
INFO - 2024-03-17 01:00:53 --> Output Class Initialized
INFO - 2024-03-17 01:00:53 --> Security Class Initialized
DEBUG - 2024-03-17 01:00:53 --> Global POST, GET and COOKIE data sanitized
INFO - 2024-03-17 01:00:54 --> Input Class Initialized
INFO - 2024-03-17 01:00:54 --> Language Class Initialized
INFO - 2024-03-17 01:00:54 --> Loader Class Initialized
INFO - 2024-03-17 01:00:54 --> Helper loaded: url_helper
INFO - 2024-03-17 01:00:54 --> Database Driver Class Initialized
INFO - 2024-03-17 01:00:54 --> Controller Class Initialized
ERROR - 2024-03-17 01:00:54 --> Severity: Warning --> array_merge(): Expected parameter 1 to be an array, null given D:\xampp\htdocs\plb\dummyservice\application\controllers\PortalApi.php 37
ERROR - 2024-03-17 01:00:54 --> Severity: error --> Exception: Method name must be a string D:\xampp\htdocs\plb\dummyservice\application\controllers\PortalApi.php 40
INFO - 2024-03-17 01:01:17 --> Config Class Initialized
INFO - 2024-03-17 01:01:17 --> Hooks Class Initialized
DEBUG - 2024-03-17 01:01:17 --> UTF-8 Support Enabled
INFO - 2024-03-17 01:01:17 --> Utf8 Class Initialized
INFO - 2024-03-17 01:01:17 --> URI Class Initialized
INFO - 2024-03-17 01:01:17 --> Router Class Initialized
INFO - 2024-03-17 01:01:17 --> Output Class Initialized
INFO - 2024-03-17 01:01:17 --> Security Class Initialized
DEBUG - 2024-03-17 01:01:17 --> Global POST, GET and COOKIE data sanitized
INFO - 2024-03-17 01:01:17 --> Input Class Initialized
INFO - 2024-03-17 01:01:17 --> Language Class Initialized
INFO - 2024-03-17 01:01:17 --> Loader Class Initialized
INFO - 2024-03-17 01:01:17 --> Helper loaded: url_helper
INFO - 2024-03-17 01:01:17 --> Database Driver Class Initialized
INFO - 2024-03-17 01:01:17 --> Controller Class Initialized
INFO - 2024-03-17 01:01:20 --> Final output sent to browser
DEBUG - 2024-03-17 01:01:20 --> Total execution time: 2.9024
INFO - 2024-03-17 01:06:07 --> Config Class Initialized
INFO - 2024-03-17 01:06:07 --> Hooks Class Initialized
DEBUG - 2024-03-17 01:06:07 --> UTF-8 Support Enabled
INFO - 2024-03-17 01:06:07 --> Utf8 Class Initialized
INFO - 2024-03-17 01:06:07 --> URI Class Initialized
INFO - 2024-03-17 01:06:07 --> Router Class Initialized
INFO - 2024-03-17 01:06:07 --> Output Class Initialized
INFO - 2024-03-17 01:06:07 --> Security Class Initialized
DEBUG - 2024-03-17 01:06:07 --> Global POST, GET and COOKIE data sanitized
INFO - 2024-03-17 01:06:07 --> Input Class Initialized
INFO - 2024-03-17 01:06:07 --> Language Class Initialized
INFO - 2024-03-17 01:06:07 --> Loader Class Initialized
INFO - 2024-03-17 01:06:07 --> Helper loaded: url_helper
INFO - 2024-03-17 01:06:07 --> Database Driver Class Initialized
INFO - 2024-03-17 01:06:07 --> Controller Class Initialized
INFO - 2024-03-17 01:06:19 --> Config Class Initialized
INFO - 2024-03-17 01:06:19 --> Hooks Class Initialized
DEBUG - 2024-03-17 01:06:19 --> UTF-8 Support Enabled
INFO - 2024-03-17 01:06:19 --> Utf8 Class Initialized
INFO - 2024-03-17 01:06:19 --> URI Class Initialized
INFO - 2024-03-17 01:06:19 --> Router Class Initialized
INFO - 2024-03-17 01:06:19 --> Output Class Initialized
INFO - 2024-03-17 01:06:19 --> Security Class Initialized
DEBUG - 2024-03-17 01:06:19 --> Global POST, GET and COOKIE data sanitized
INFO - 2024-03-17 01:06:19 --> Input Class Initialized
INFO - 2024-03-17 01:06:19 --> Language Class Initialized
INFO - 2024-03-17 01:06:19 --> Loader Class Initialized
INFO - 2024-03-17 01:06:19 --> Helper loaded: url_helper
INFO - 2024-03-17 01:06:19 --> Database Driver Class Initialized
INFO - 2024-03-17 01:06:20 --> Controller Class Initialized
INFO - 2024-03-17 01:06:37 --> Final output sent to browser
DEBUG - 2024-03-17 01:06:37 --> Total execution time: 30.4260
INFO - 2024-03-17 01:06:38 --> Final output sent to browser
DEBUG - 2024-03-17 01:06:38 --> Total execution time: 18.3553
INFO - 2024-03-17 01:37:53 --> Config Class Initialized
INFO - 2024-03-17 01:37:53 --> Hooks Class Initialized
DEBUG - 2024-03-17 01:37:53 --> UTF-8 Support Enabled
INFO - 2024-03-17 01:37:53 --> Utf8 Class Initialized
INFO - 2024-03-17 01:37:53 --> URI Class Initialized
INFO - 2024-03-17 01:37:53 --> Router Class Initialized
INFO - 2024-03-17 01:37:53 --> Output Class Initialized
INFO - 2024-03-17 01:37:53 --> Security Class Initialized
DEBUG - 2024-03-17 01:37:53 --> Global POST, GET and COOKIE data sanitized
INFO - 2024-03-17 01:37:53 --> Input Class Initialized
INFO - 2024-03-17 01:37:53 --> Language Class Initialized
INFO - 2024-03-17 01:37:53 --> Loader Class Initialized
INFO - 2024-03-17 01:37:53 --> Helper loaded: url_helper
INFO - 2024-03-17 01:37:53 --> Database Driver Class Initialized
INFO - 2024-03-17 01:37:53 --> Controller Class Initialized
INFO - 2024-03-17 01:37:53 --> Model "Mconfigkey" initialized
INFO - 2024-03-17 01:37:53 --> Final output sent to browser
DEBUG - 2024-03-17 01:37:53 --> Total execution time: 0.0205
INFO - 2024-03-17 01:37:56 --> Config Class Initialized
INFO - 2024-03-17 01:37:56 --> Hooks Class Initialized
DEBUG - 2024-03-17 01:37:56 --> UTF-8 Support Enabled
INFO - 2024-03-17 01:37:56 --> Utf8 Class Initialized
INFO - 2024-03-17 01:37:56 --> URI Class Initialized
INFO - 2024-03-17 01:37:56 --> Router Class Initialized
INFO - 2024-03-17 01:37:56 --> Output Class Initialized
INFO - 2024-03-17 01:37:56 --> Security Class Initialized
DEBUG - 2024-03-17 01:37:56 --> Global POST, GET and COOKIE data sanitized
INFO - 2024-03-17 01:37:56 --> Input Class Initialized
INFO - 2024-03-17 01:37:56 --> Language Class Initialized
INFO - 2024-03-17 01:37:56 --> Loader Class Initialized
INFO - 2024-03-17 01:37:56 --> Helper loaded: url_helper
INFO - 2024-03-17 01:37:56 --> Database Driver Class Initialized
INFO - 2024-03-17 01:37:56 --> Controller Class Initialized
INFO - 2024-03-17 01:37:56 --> Model "Mconfigkey" initialized
INFO - 2024-03-17 01:37:56 --> Model "Mportal_data" initialized
INFO - 2024-03-17 01:37:56 --> Final output sent to browser
DEBUG - 2024-03-17 01:37:56 --> Total execution time: 0.0691
INFO - 2024-03-17 01:37:57 --> Config Class Initialized
INFO - 2024-03-17 01:37:57 --> Hooks Class Initialized
DEBUG - 2024-03-17 01:37:57 --> UTF-8 Support Enabled
INFO - 2024-03-17 01:37:57 --> Utf8 Class Initialized
INFO - 2024-03-17 01:37:57 --> URI Class Initialized
INFO - 2024-03-17 01:37:57 --> Router Class Initialized
INFO - 2024-03-17 01:37:57 --> Output Class Initialized
INFO - 2024-03-17 01:37:57 --> Security Class Initialized
DEBUG - 2024-03-17 01:37:57 --> Global POST, GET and COOKIE data sanitized
INFO - 2024-03-17 01:37:57 --> Input Class Initialized
INFO - 2024-03-17 01:37:57 --> Language Class Initialized
INFO - 2024-03-17 01:37:57 --> Loader Class Initialized
INFO - 2024-03-17 01:37:57 --> Helper loaded: url_helper
INFO - 2024-03-17 01:37:57 --> Database Driver Class Initialized
INFO - 2024-03-17 01:37:57 --> Controller Class Initialized
INFO - 2024-03-17 01:38:00 --> Final output sent to browser
DEBUG - 2024-03-17 01:38:00 --> Total execution time: 3.2291
INFO - 2024-03-17 01:38:04 --> Config Class Initialized
INFO - 2024-03-17 01:38:04 --> Hooks Class Initialized
DEBUG - 2024-03-17 01:38:04 --> UTF-8 Support Enabled
INFO - 2024-03-17 01:38:04 --> Utf8 Class Initialized
INFO - 2024-03-17 01:38:04 --> URI Class Initialized
INFO - 2024-03-17 01:38:04 --> Router Class Initialized
INFO - 2024-03-17 01:38:04 --> Output Class Initialized
INFO - 2024-03-17 01:38:04 --> Security Class Initialized
DEBUG - 2024-03-17 01:38:04 --> Global POST, GET and COOKIE data sanitized
INFO - 2024-03-17 01:38:04 --> Input Class Initialized
INFO - 2024-03-17 01:38:04 --> Language Class Initialized
INFO - 2024-03-17 01:38:04 --> Loader Class Initialized
INFO - 2024-03-17 01:38:04 --> Helper loaded: url_helper
INFO - 2024-03-17 01:38:04 --> Database Driver Class Initialized
INFO - 2024-03-17 01:38:04 --> Controller Class Initialized
INFO - 2024-03-17 01:38:04 --> Model "Mconfigkey" initialized
INFO - 2024-03-17 01:38:04 --> Model "Mportal_data" initialized
INFO - 2024-03-17 01:38:04 --> Final output sent to browser
DEBUG - 2024-03-17 01:38:04 --> Total execution time: 0.0470
INFO - 2024-03-17 01:38:12 --> Config Class Initialized
INFO - 2024-03-17 01:38:12 --> Hooks Class Initialized
DEBUG - 2024-03-17 01:38:12 --> UTF-8 Support Enabled
INFO - 2024-03-17 01:38:12 --> Utf8 Class Initialized
INFO - 2024-03-17 01:38:12 --> URI Class Initialized
INFO - 2024-03-17 01:38:12 --> Router Class Initialized
INFO - 2024-03-17 01:38:12 --> Output Class Initialized
INFO - 2024-03-17 01:38:12 --> Security Class Initialized
DEBUG - 2024-03-17 01:38:12 --> Global POST, GET and COOKIE data sanitized
INFO - 2024-03-17 01:38:12 --> Input Class Initialized
INFO - 2024-03-17 01:38:12 --> Language Class Initialized
INFO - 2024-03-17 01:38:12 --> Loader Class Initialized
INFO - 2024-03-17 01:38:12 --> Helper loaded: url_helper
INFO - 2024-03-17 01:38:12 --> Database Driver Class Initialized
INFO - 2024-03-17 01:38:12 --> Controller Class Initialized
INFO - 2024-03-17 01:38:14 --> Final output sent to browser
DEBUG - 2024-03-17 01:38:14 --> Total execution time: 2.7489
INFO - 2024-03-17 01:38:17 --> Config Class Initialized
INFO - 2024-03-17 01:38:17 --> Hooks Class Initialized
DEBUG - 2024-03-17 01:38:17 --> UTF-8 Support Enabled
INFO - 2024-03-17 01:38:17 --> Utf8 Class Initialized
INFO - 2024-03-17 01:38:17 --> URI Class Initialized
INFO - 2024-03-17 01:38:17 --> Router Class Initialized
INFO - 2024-03-17 01:38:17 --> Output Class Initialized
INFO - 2024-03-17 01:38:17 --> Security Class Initialized
DEBUG - 2024-03-17 01:38:17 --> Global POST, GET and COOKIE data sanitized
INFO - 2024-03-17 01:38:17 --> Input Class Initialized
INFO - 2024-03-17 01:38:17 --> Language Class Initialized
INFO - 2024-03-17 01:38:17 --> Loader Class Initialized
INFO - 2024-03-17 01:38:17 --> Helper loaded: url_helper
INFO - 2024-03-17 01:38:17 --> Database Driver Class Initialized
INFO - 2024-03-17 01:38:17 --> Controller Class Initialized
INFO - 2024-03-17 01:38:48 --> Final output sent to browser
DEBUG - 2024-03-17 01:38:48 --> Total execution time: 30.5056
INFO - 2024-03-17 01:39:26 --> Config Class Initialized
INFO - 2024-03-17 01:39:26 --> Hooks Class Initialized
DEBUG - 2024-03-17 01:39:26 --> UTF-8 Support Enabled
INFO - 2024-03-17 01:39:26 --> Utf8 Class Initialized
INFO - 2024-03-17 01:39:26 --> URI Class Initialized
INFO - 2024-03-17 01:39:26 --> Router Class Initialized
INFO - 2024-03-17 01:39:26 --> Output Class Initialized
INFO - 2024-03-17 01:39:26 --> Security Class Initialized
DEBUG - 2024-03-17 01:39:26 --> Global POST, GET and COOKIE data sanitized
INFO - 2024-03-17 01:39:26 --> Input Class Initialized
INFO - 2024-03-17 01:39:26 --> Language Class Initialized
INFO - 2024-03-17 01:39:26 --> Loader Class Initialized
INFO - 2024-03-17 01:39:26 --> Helper loaded: url_helper
INFO - 2024-03-17 01:39:26 --> Database Driver Class Initialized
INFO - 2024-03-17 01:39:26 --> Controller Class Initialized
INFO - 2024-03-17 01:39:29 --> Final output sent to browser
DEBUG - 2024-03-17 01:39:29 --> Total execution time: 2.6451
INFO - 2024-03-17 01:39:55 --> Config Class Initialized
INFO - 2024-03-17 01:39:55 --> Hooks Class Initialized
DEBUG - 2024-03-17 01:39:55 --> UTF-8 Support Enabled
INFO - 2024-03-17 01:39:55 --> Utf8 Class Initialized
INFO - 2024-03-17 01:39:55 --> URI Class Initialized
INFO - 2024-03-17 01:39:55 --> Router Class Initialized
INFO - 2024-03-17 01:39:55 --> Output Class Initialized
INFO - 2024-03-17 01:39:55 --> Security Class Initialized
DEBUG - 2024-03-17 01:39:55 --> Global POST, GET and COOKIE data sanitized
INFO - 2024-03-17 01:39:55 --> Input Class Initialized
INFO - 2024-03-17 01:39:55 --> Language Class Initialized
INFO - 2024-03-17 01:39:55 --> Loader Class Initialized
INFO - 2024-03-17 01:39:55 --> Helper loaded: url_helper
INFO - 2024-03-17 01:39:55 --> Database Driver Class Initialized
INFO - 2024-03-17 01:39:55 --> Controller Class Initialized
INFO - 2024-03-17 01:40:25 --> Final output sent to browser
DEBUG - 2024-03-17 01:40:25 --> Total execution time: 30.4206
INFO - 2024-03-17 01:40:32 --> Config Class Initialized
INFO - 2024-03-17 01:40:32 --> Hooks Class Initialized
DEBUG - 2024-03-17 01:40:32 --> UTF-8 Support Enabled
INFO - 2024-03-17 01:40:32 --> Utf8 Class Initialized
INFO - 2024-03-17 01:40:32 --> URI Class Initialized
INFO - 2024-03-17 01:40:32 --> Router Class Initialized
INFO - 2024-03-17 01:40:32 --> Output Class Initialized
INFO - 2024-03-17 01:40:32 --> Security Class Initialized
DEBUG - 2024-03-17 01:40:32 --> Global POST, GET and COOKIE data sanitized
INFO - 2024-03-17 01:40:32 --> Input Class Initialized
INFO - 2024-03-17 01:40:32 --> Language Class Initialized
INFO - 2024-03-17 01:40:32 --> Loader Class Initialized
INFO - 2024-03-17 01:40:32 --> Helper loaded: url_helper
INFO - 2024-03-17 01:40:32 --> Database Driver Class Initialized
INFO - 2024-03-17 01:40:32 --> Controller Class Initialized
INFO - 2024-03-17 01:40:32 --> Model "Mconfigkey" initialized
INFO - 2024-03-17 01:40:32 --> Model "Mportal_data" initialized
INFO - 2024-03-17 01:40:32 --> Final output sent to browser
DEBUG - 2024-03-17 01:40:32 --> Total execution time: 0.0414
INFO - 2024-03-17 01:40:51 --> Config Class Initialized
INFO - 2024-03-17 01:40:51 --> Hooks Class Initialized
DEBUG - 2024-03-17 01:40:51 --> UTF-8 Support Enabled
INFO - 2024-03-17 01:40:51 --> Utf8 Class Initialized
INFO - 2024-03-17 01:40:51 --> URI Class Initialized
INFO - 2024-03-17 01:40:51 --> Router Class Initialized
INFO - 2024-03-17 01:40:51 --> Output Class Initialized
INFO - 2024-03-17 01:40:51 --> Security Class Initialized
DEBUG - 2024-03-17 01:40:52 --> Global POST, GET and COOKIE data sanitized
INFO - 2024-03-17 01:40:52 --> Input Class Initialized
INFO - 2024-03-17 01:40:52 --> Language Class Initialized
INFO - 2024-03-17 01:40:52 --> Loader Class Initialized
INFO - 2024-03-17 01:40:52 --> Helper loaded: url_helper
INFO - 2024-03-17 01:40:52 --> Database Driver Class Initialized
INFO - 2024-03-17 01:40:52 --> Controller Class Initialized
INFO - 2024-03-17 01:40:52 --> Model "Mconfigkey" initialized
INFO - 2024-03-17 01:40:52 --> Model "Mportal_data" initialized
INFO - 2024-03-17 01:40:52 --> Final output sent to browser
DEBUG - 2024-03-17 01:40:52 --> Total execution time: 0.0419
INFO - 2024-03-17 01:40:54 --> Config Class Initialized
INFO - 2024-03-17 01:40:54 --> Hooks Class Initialized
DEBUG - 2024-03-17 01:40:54 --> UTF-8 Support Enabled
INFO - 2024-03-17 01:40:54 --> Utf8 Class Initialized
INFO - 2024-03-17 01:40:54 --> URI Class Initialized
INFO - 2024-03-17 01:40:54 --> Router Class Initialized
INFO - 2024-03-17 01:40:54 --> Output Class Initialized
INFO - 2024-03-17 01:40:54 --> Security Class Initialized
DEBUG - 2024-03-17 01:40:54 --> Global POST, GET and COOKIE data sanitized
INFO - 2024-03-17 01:40:54 --> Input Class Initialized
INFO - 2024-03-17 01:40:54 --> Language Class Initialized
INFO - 2024-03-17 01:40:54 --> Loader Class Initialized
INFO - 2024-03-17 01:40:54 --> Helper loaded: url_helper
INFO - 2024-03-17 01:40:54 --> Database Driver Class Initialized
INFO - 2024-03-17 01:40:54 --> Controller Class Initialized
ERROR - 2024-03-17 01:40:54 --> Severity: error --> Exception: Too few arguments to function PortalApi::testBrowse(), 0 passed in D:\xampp\htdocs\plb\dummyservice\system\core\CodeIgniter.php on line 532 and exactly 1 expected D:\xampp\htdocs\plb\dummyservice\application\controllers\PortalApi.php 73
INFO - 2024-03-17 01:41:05 --> Config Class Initialized
INFO - 2024-03-17 01:41:05 --> Hooks Class Initialized
DEBUG - 2024-03-17 01:41:05 --> UTF-8 Support Enabled
INFO - 2024-03-17 01:41:05 --> Utf8 Class Initialized
INFO - 2024-03-17 01:41:05 --> URI Class Initialized
INFO - 2024-03-17 01:41:05 --> Router Class Initialized
INFO - 2024-03-17 01:41:05 --> Output Class Initialized
INFO - 2024-03-17 01:41:05 --> Security Class Initialized
DEBUG - 2024-03-17 01:41:05 --> Global POST, GET and COOKIE data sanitized
INFO - 2024-03-17 01:41:05 --> Input Class Initialized
INFO - 2024-03-17 01:41:05 --> Language Class Initialized
INFO - 2024-03-17 01:41:05 --> Loader Class Initialized
INFO - 2024-03-17 01:41:05 --> Helper loaded: url_helper
INFO - 2024-03-17 01:41:05 --> Database Driver Class Initialized
INFO - 2024-03-17 01:41:05 --> Controller Class Initialized
INFO - 2024-03-17 01:41:05 --> Model "Mconfigkey" initialized
INFO - 2024-03-17 01:41:05 --> Final output sent to browser
DEBUG - 2024-03-17 01:41:05 --> Total execution time: 0.0196
INFO - 2024-03-17 01:41:10 --> Config Class Initialized
INFO - 2024-03-17 01:41:10 --> Hooks Class Initialized
DEBUG - 2024-03-17 01:41:10 --> UTF-8 Support Enabled
INFO - 2024-03-17 01:41:10 --> Utf8 Class Initialized
INFO - 2024-03-17 01:41:10 --> URI Class Initialized
INFO - 2024-03-17 01:41:10 --> Router Class Initialized
INFO - 2024-03-17 01:41:10 --> Output Class Initialized
INFO - 2024-03-17 01:41:10 --> Security Class Initialized
DEBUG - 2024-03-17 01:41:10 --> Global POST, GET and COOKIE data sanitized
INFO - 2024-03-17 01:41:10 --> Input Class Initialized
INFO - 2024-03-17 01:41:10 --> Language Class Initialized
INFO - 2024-03-17 01:41:10 --> Loader Class Initialized
INFO - 2024-03-17 01:41:10 --> Helper loaded: url_helper
INFO - 2024-03-17 01:41:10 --> Database Driver Class Initialized
INFO - 2024-03-17 01:41:10 --> Controller Class Initialized
INFO - 2024-03-17 01:41:10 --> Model "Mconfigkey" initialized
INFO - 2024-03-17 01:41:10 --> Model "Mportal_data" initialized
INFO - 2024-03-17 01:41:10 --> Final output sent to browser
DEBUG - 2024-03-17 01:41:10 --> Total execution time: 0.0646
INFO - 2024-03-17 01:42:51 --> Config Class Initialized
INFO - 2024-03-17 01:42:51 --> Hooks Class Initialized
DEBUG - 2024-03-17 01:42:51 --> UTF-8 Support Enabled
INFO - 2024-03-17 01:42:51 --> Utf8 Class Initialized
INFO - 2024-03-17 01:42:51 --> URI Class Initialized
INFO - 2024-03-17 01:42:51 --> Router Class Initialized
INFO - 2024-03-17 01:42:51 --> Output Class Initialized
INFO - 2024-03-17 01:42:51 --> Security Class Initialized
DEBUG - 2024-03-17 01:42:51 --> Global POST, GET and COOKIE data sanitized
INFO - 2024-03-17 01:42:51 --> Input Class Initialized
INFO - 2024-03-17 01:42:51 --> Language Class Initialized
INFO - 2024-03-17 01:42:51 --> Loader Class Initialized
INFO - 2024-03-17 01:42:51 --> Helper loaded: url_helper
INFO - 2024-03-17 01:42:51 --> Database Driver Class Initialized
INFO - 2024-03-17 01:42:51 --> Controller Class Initialized
INFO - 2024-03-17 01:42:51 --> Model "Mconfigkey" initialized
INFO - 2024-03-17 01:42:51 --> Final output sent to browser
DEBUG - 2024-03-17 01:42:51 --> Total execution time: 0.0200
INFO - 2024-03-17 01:43:39 --> Config Class Initialized
INFO - 2024-03-17 01:43:39 --> Hooks Class Initialized
DEBUG - 2024-03-17 01:43:39 --> UTF-8 Support Enabled
INFO - 2024-03-17 01:43:39 --> Utf8 Class Initialized
INFO - 2024-03-17 01:43:39 --> URI Class Initialized
INFO - 2024-03-17 01:43:39 --> Router Class Initialized
INFO - 2024-03-17 01:43:39 --> Output Class Initialized
INFO - 2024-03-17 01:43:39 --> Security Class Initialized
DEBUG - 2024-03-17 01:43:39 --> Global POST, GET and COOKIE data sanitized
INFO - 2024-03-17 01:43:39 --> Input Class Initialized
INFO - 2024-03-17 01:43:39 --> Language Class Initialized
INFO - 2024-03-17 01:43:39 --> Loader Class Initialized
INFO - 2024-03-17 01:43:39 --> Helper loaded: url_helper
INFO - 2024-03-17 01:43:39 --> Database Driver Class Initialized
INFO - 2024-03-17 01:43:39 --> Controller Class Initialized
INFO - 2024-03-17 01:43:39 --> Model "Mconfigkey" initialized
INFO - 2024-03-17 01:43:39 --> Final output sent to browser
DEBUG - 2024-03-17 01:43:39 --> Total execution time: 0.0197
INFO - 2024-03-17 01:44:03 --> Config Class Initialized
INFO - 2024-03-17 01:44:03 --> Hooks Class Initialized
DEBUG - 2024-03-17 01:44:03 --> UTF-8 Support Enabled
INFO - 2024-03-17 01:44:03 --> Utf8 Class Initialized
INFO - 2024-03-17 01:44:03 --> URI Class Initialized
INFO - 2024-03-17 01:44:03 --> Router Class Initialized
INFO - 2024-03-17 01:44:03 --> Output Class Initialized
INFO - 2024-03-17 01:44:03 --> Security Class Initialized
DEBUG - 2024-03-17 01:44:03 --> Global POST, GET and COOKIE data sanitized
INFO - 2024-03-17 01:44:03 --> Input Class Initialized
INFO - 2024-03-17 01:44:03 --> Language Class Initialized
INFO - 2024-03-17 01:44:03 --> Loader Class Initialized
INFO - 2024-03-17 01:44:03 --> Helper loaded: url_helper
INFO - 2024-03-17 01:44:03 --> Database Driver Class Initialized
INFO - 2024-03-17 01:44:03 --> Controller Class Initialized
INFO - 2024-03-17 01:44:03 --> Model "Mauth" initialized
INFO - 2024-03-17 01:44:03 --> Model "Mconfigkey" initialized
INFO - 2024-03-17 01:44:03 --> Final output sent to browser
DEBUG - 2024-03-17 01:44:03 --> Total execution time: 0.0245
INFO - 2024-03-17 01:44:10 --> Config Class Initialized
INFO - 2024-03-17 01:44:10 --> Hooks Class Initialized
DEBUG - 2024-03-17 01:44:10 --> UTF-8 Support Enabled
INFO - 2024-03-17 01:44:10 --> Utf8 Class Initialized
INFO - 2024-03-17 01:44:10 --> URI Class Initialized
INFO - 2024-03-17 01:44:10 --> Router Class Initialized
INFO - 2024-03-17 01:44:10 --> Output Class Initialized
INFO - 2024-03-17 01:44:10 --> Security Class Initialized
DEBUG - 2024-03-17 01:44:10 --> Global POST, GET and COOKIE data sanitized
INFO - 2024-03-17 01:44:10 --> Input Class Initialized
INFO - 2024-03-17 01:44:10 --> Language Class Initialized
INFO - 2024-03-17 01:44:10 --> Loader Class Initialized
INFO - 2024-03-17 01:44:10 --> Helper loaded: url_helper
INFO - 2024-03-17 01:44:10 --> Database Driver Class Initialized
INFO - 2024-03-17 01:44:10 --> Controller Class Initialized
INFO - 2024-03-17 01:44:10 --> Model "Mconfigkey" initialized
INFO - 2024-03-17 01:44:10 --> Model "Mportal_data" initialized
INFO - 2024-03-17 01:44:10 --> Final output sent to browser
DEBUG - 2024-03-17 01:44:10 --> Total execution time: 0.0662
INFO - 2024-03-17 01:44:24 --> Config Class Initialized
INFO - 2024-03-17 01:44:24 --> Hooks Class Initialized
DEBUG - 2024-03-17 01:44:24 --> UTF-8 Support Enabled
INFO - 2024-03-17 01:44:24 --> Utf8 Class Initialized
INFO - 2024-03-17 01:44:24 --> URI Class Initialized
INFO - 2024-03-17 01:44:24 --> Router Class Initialized
INFO - 2024-03-17 01:44:24 --> Output Class Initialized
INFO - 2024-03-17 01:44:24 --> Security Class Initialized
DEBUG - 2024-03-17 01:44:24 --> Global POST, GET and COOKIE data sanitized
INFO - 2024-03-17 01:44:24 --> Input Class Initialized
INFO - 2024-03-17 01:44:24 --> Language Class Initialized
INFO - 2024-03-17 01:44:24 --> Loader Class Initialized
INFO - 2024-03-17 01:44:24 --> Helper loaded: url_helper
INFO - 2024-03-17 01:44:24 --> Database Driver Class Initialized
INFO - 2024-03-17 01:44:24 --> Controller Class Initialized
ERROR - 2024-03-17 01:44:24 --> Severity: error --> Exception: Too few arguments to function PortalApi::testBrowse(), 0 passed in D:\xampp\htdocs\plb\dummyservice\system\core\CodeIgniter.php on line 532 and exactly 1 expected D:\xampp\htdocs\plb\dummyservice\application\controllers\PortalApi.php 73
INFO - 2024-03-17 01:44:47 --> Config Class Initialized
INFO - 2024-03-17 01:44:47 --> Hooks Class Initialized
DEBUG - 2024-03-17 01:44:47 --> UTF-8 Support Enabled
INFO - 2024-03-17 01:44:47 --> Utf8 Class Initialized
INFO - 2024-03-17 01:44:47 --> URI Class Initialized
INFO - 2024-03-17 01:44:47 --> Router Class Initialized
INFO - 2024-03-17 01:44:47 --> Output Class Initialized
INFO - 2024-03-17 01:44:47 --> Security Class Initialized
DEBUG - 2024-03-17 01:44:47 --> Global POST, GET and COOKIE data sanitized
INFO - 2024-03-17 01:44:47 --> Input Class Initialized
INFO - 2024-03-17 01:44:47 --> Language Class Initialized
INFO - 2024-03-17 01:44:47 --> Loader Class Initialized
INFO - 2024-03-17 01:44:47 --> Helper loaded: url_helper
INFO - 2024-03-17 01:44:47 --> Database Driver Class Initialized
INFO - 2024-03-17 01:44:47 --> Controller Class Initialized
INFO - 2024-03-17 01:44:50 --> Final output sent to browser
DEBUG - 2024-03-17 01:44:50 --> Total execution time: 3.1920
INFO - 2024-03-17 01:45:15 --> Config Class Initialized
INFO - 2024-03-17 01:45:15 --> Hooks Class Initialized
DEBUG - 2024-03-17 01:45:15 --> UTF-8 Support Enabled
INFO - 2024-03-17 01:45:15 --> Utf8 Class Initialized
INFO - 2024-03-17 01:45:15 --> URI Class Initialized
INFO - 2024-03-17 01:45:15 --> Router Class Initialized
INFO - 2024-03-17 01:45:15 --> Output Class Initialized
INFO - 2024-03-17 01:45:15 --> Security Class Initialized
DEBUG - 2024-03-17 01:45:15 --> Global POST, GET and COOKIE data sanitized
INFO - 2024-03-17 01:45:15 --> Input Class Initialized
INFO - 2024-03-17 01:45:15 --> Language Class Initialized
INFO - 2024-03-17 01:45:15 --> Loader Class Initialized
INFO - 2024-03-17 01:45:15 --> Helper loaded: url_helper
INFO - 2024-03-17 01:45:15 --> Database Driver Class Initialized
INFO - 2024-03-17 01:45:15 --> Controller Class Initialized
INFO - 2024-03-17 01:45:18 --> Final output sent to browser
DEBUG - 2024-03-17 01:45:18 --> Total execution time: 2.5853
INFO - 2024-03-17 01:45:24 --> Config Class Initialized
INFO - 2024-03-17 01:45:24 --> Hooks Class Initialized
DEBUG - 2024-03-17 01:45:24 --> UTF-8 Support Enabled
INFO - 2024-03-17 01:45:24 --> Utf8 Class Initialized
INFO - 2024-03-17 01:45:24 --> URI Class Initialized
INFO - 2024-03-17 01:45:24 --> Router Class Initialized
INFO - 2024-03-17 01:45:24 --> Output Class Initialized
INFO - 2024-03-17 01:45:24 --> Security Class Initialized
DEBUG - 2024-03-17 01:45:24 --> Global POST, GET and COOKIE data sanitized
INFO - 2024-03-17 01:45:24 --> Input Class Initialized
INFO - 2024-03-17 01:45:24 --> Language Class Initialized
INFO - 2024-03-17 01:45:24 --> Loader Class Initialized
INFO - 2024-03-17 01:45:24 --> Helper loaded: url_helper
INFO - 2024-03-17 01:45:24 --> Database Driver Class Initialized
INFO - 2024-03-17 01:45:24 --> Controller Class Initialized
INFO - 2024-03-17 01:45:26 --> Final output sent to browser
DEBUG - 2024-03-17 01:45:26 --> Total execution time: 2.3123
INFO - 2024-03-17 01:45:48 --> Config Class Initialized
INFO - 2024-03-17 01:45:48 --> Hooks Class Initialized
DEBUG - 2024-03-17 01:45:48 --> UTF-8 Support Enabled
INFO - 2024-03-17 01:45:48 --> Utf8 Class Initialized
INFO - 2024-03-17 01:45:48 --> URI Class Initialized
INFO - 2024-03-17 01:45:48 --> Router Class Initialized
INFO - 2024-03-17 01:45:48 --> Output Class Initialized
INFO - 2024-03-17 01:45:48 --> Security Class Initialized
DEBUG - 2024-03-17 01:45:48 --> Global POST, GET and COOKIE data sanitized
INFO - 2024-03-17 01:45:48 --> Input Class Initialized
INFO - 2024-03-17 01:45:48 --> Language Class Initialized
INFO - 2024-03-17 01:45:48 --> Loader Class Initialized
INFO - 2024-03-17 01:45:48 --> Helper loaded: url_helper
INFO - 2024-03-17 01:45:48 --> Database Driver Class Initialized
INFO - 2024-03-17 01:45:48 --> Controller Class Initialized
INFO - 2024-03-17 01:45:50 --> Final output sent to browser
DEBUG - 2024-03-17 01:45:50 --> Total execution time: 2.0674
INFO - 2024-03-17 01:45:57 --> Config Class Initialized
INFO - 2024-03-17 01:45:57 --> Hooks Class Initialized
DEBUG - 2024-03-17 01:45:57 --> UTF-8 Support Enabled
INFO - 2024-03-17 01:45:57 --> Utf8 Class Initialized
INFO - 2024-03-17 01:45:57 --> URI Class Initialized
INFO - 2024-03-17 01:45:57 --> Router Class Initialized
INFO - 2024-03-17 01:45:57 --> Output Class Initialized
INFO - 2024-03-17 01:45:57 --> Security Class Initialized
DEBUG - 2024-03-17 01:45:57 --> Global POST, GET and COOKIE data sanitized
INFO - 2024-03-17 01:45:57 --> Input Class Initialized
INFO - 2024-03-17 01:45:57 --> Language Class Initialized
INFO - 2024-03-17 01:45:57 --> Loader Class Initialized
INFO - 2024-03-17 01:45:57 --> Helper loaded: url_helper
INFO - 2024-03-17 01:45:57 --> Database Driver Class Initialized
INFO - 2024-03-17 01:45:57 --> Controller Class Initialized
INFO - 2024-03-17 01:45:57 --> Model "Mconfigkey" initialized
INFO - 2024-03-17 01:45:57 --> Model "Mportal_data" initialized
INFO - 2024-03-17 01:45:57 --> Final output sent to browser
DEBUG - 2024-03-17 01:45:57 --> Total execution time: 0.0625
INFO - 2024-03-17 01:46:29 --> Config Class Initialized
INFO - 2024-03-17 01:46:29 --> Hooks Class Initialized
DEBUG - 2024-03-17 01:46:29 --> UTF-8 Support Enabled
INFO - 2024-03-17 01:46:29 --> Utf8 Class Initialized
INFO - 2024-03-17 01:46:29 --> URI Class Initialized
INFO - 2024-03-17 01:46:29 --> Router Class Initialized
INFO - 2024-03-17 01:46:29 --> Output Class Initialized
INFO - 2024-03-17 01:46:29 --> Security Class Initialized
DEBUG - 2024-03-17 01:46:29 --> Global POST, GET and COOKIE data sanitized
INFO - 2024-03-17 01:46:29 --> Input Class Initialized
INFO - 2024-03-17 01:46:29 --> Language Class Initialized
INFO - 2024-03-17 01:46:29 --> Loader Class Initialized
INFO - 2024-03-17 01:46:29 --> Helper loaded: url_helper
INFO - 2024-03-17 01:46:29 --> Database Driver Class Initialized
INFO - 2024-03-17 01:46:29 --> Controller Class Initialized
INFO - 2024-03-17 01:46:29 --> Model "Mconfigkey" initialized
INFO - 2024-03-17 01:46:29 --> Model "Mgoods_in" initialized
INFO - 2024-03-17 01:46:29 --> Final output sent to browser
DEBUG - 2024-03-17 01:46:29 --> Total execution time: 0.0214
INFO - 2024-03-17 01:46:36 --> Config Class Initialized
INFO - 2024-03-17 01:46:36 --> Hooks Class Initialized
DEBUG - 2024-03-17 01:46:36 --> UTF-8 Support Enabled
INFO - 2024-03-17 01:46:36 --> Utf8 Class Initialized
INFO - 2024-03-17 01:46:36 --> URI Class Initialized
INFO - 2024-03-17 01:46:36 --> Router Class Initialized
INFO - 2024-03-17 01:46:36 --> Output Class Initialized
INFO - 2024-03-17 01:46:36 --> Security Class Initialized
DEBUG - 2024-03-17 01:46:36 --> Global POST, GET and COOKIE data sanitized
INFO - 2024-03-17 01:46:36 --> Input Class Initialized
INFO - 2024-03-17 01:46:36 --> Language Class Initialized
INFO - 2024-03-17 01:46:36 --> Loader Class Initialized
INFO - 2024-03-17 01:46:36 --> Helper loaded: url_helper
INFO - 2024-03-17 01:46:36 --> Database Driver Class Initialized
INFO - 2024-03-17 01:46:36 --> Controller Class Initialized
INFO - 2024-03-17 01:46:36 --> Model "Mconfigkey" initialized
INFO - 2024-03-17 01:46:36 --> Model "Mgoods_in" initialized
INFO - 2024-03-17 01:46:37 --> Final output sent to browser
DEBUG - 2024-03-17 01:46:37 --> Total execution time: 1.2320
INFO - 2024-03-17 04:10:51 --> Config Class Initialized
INFO - 2024-03-17 04:10:51 --> Hooks Class Initialized
DEBUG - 2024-03-17 04:10:51 --> UTF-8 Support Enabled
INFO - 2024-03-17 04:10:51 --> Utf8 Class Initialized
INFO - 2024-03-17 04:10:51 --> URI Class Initialized
INFO - 2024-03-17 04:10:51 --> Router Class Initialized
INFO - 2024-03-17 04:10:51 --> Output Class Initialized
INFO - 2024-03-17 04:10:51 --> Security Class Initialized
DEBUG - 2024-03-17 04:10:51 --> Global POST, GET and COOKIE data sanitized
INFO - 2024-03-17 04:10:51 --> Input Class Initialized
INFO - 2024-03-17 04:10:51 --> Language Class Initialized
INFO - 2024-03-17 04:10:51 --> Loader Class Initialized
INFO - 2024-03-17 04:10:51 --> Helper loaded: url_helper
INFO - 2024-03-17 04:10:51 --> Database Driver Class Initialized
INFO - 2024-03-17 04:10:51 --> Controller Class Initialized
INFO - 2024-03-17 04:10:51 --> Model "Mconfigkey" initialized
INFO - 2024-03-17 04:10:51 --> Final output sent to browser
DEBUG - 2024-03-17 04:10:51 --> Total execution time: 0.0207
