INFO - 2024-11-14 10:45:34 --> Config Class Initialized
INFO - 2024-11-14 10:45:34 --> Hooks Class Initialized
DEBUG - 2024-11-14 10:45:34 --> UTF-8 Support Enabled
INFO - 2024-11-14 10:45:34 --> Utf8 Class Initialized
INFO - 2024-11-14 10:45:34 --> URI Class Initialized
INFO - 2024-11-14 10:45:34 --> Router Class Initialized
INFO - 2024-11-14 10:45:34 --> Output Class Initialized
INFO - 2024-11-14 10:45:34 --> Security Class Initialized
DEBUG - 2024-11-14 10:45:34 --> Global POST, GET and COOKIE data sanitized
INFO - 2024-11-14 10:45:34 --> Input Class Initialized
INFO - 2024-11-14 10:45:34 --> Language Class Initialized
INFO - 2024-11-14 10:45:34 --> Loader Class Initialized
INFO - 2024-11-14 10:45:34 --> Helper loaded: url_helper
INFO - 2024-11-14 10:45:34 --> Database Driver Class Initialized
INFO - 2024-11-14 10:45:34 --> Controller Class Initialized
INFO - 2024-11-14 10:45:34 --> Model "Mconfigkey" initialized
INFO - 2024-11-14 10:45:34 --> Final output sent to browser
DEBUG - 2024-11-14 10:45:34 --> Total execution time: 0.0245
INFO - 2024-11-14 10:45:57 --> Config Class Initialized
INFO - 2024-11-14 10:45:57 --> Hooks Class Initialized
DEBUG - 2024-11-14 10:45:57 --> UTF-8 Support Enabled
INFO - 2024-11-14 10:45:57 --> Utf8 Class Initialized
INFO - 2024-11-14 10:45:57 --> URI Class Initialized
INFO - 2024-11-14 10:45:57 --> Router Class Initialized
INFO - 2024-11-14 10:45:57 --> Output Class Initialized
INFO - 2024-11-14 10:45:57 --> Security Class Initialized
DEBUG - 2024-11-14 10:45:57 --> Global POST, GET and COOKIE data sanitized
INFO - 2024-11-14 10:45:57 --> Input Class Initialized
INFO - 2024-11-14 10:45:57 --> Language Class Initialized
INFO - 2024-11-14 10:45:57 --> Loader Class Initialized
INFO - 2024-11-14 10:45:57 --> Helper loaded: url_helper
INFO - 2024-11-14 10:45:57 --> Database Driver Class Initialized
INFO - 2024-11-14 10:45:57 --> Controller Class Initialized
INFO - 2024-11-14 10:45:57 --> Model "Mauth" initialized
INFO - 2024-11-14 10:45:57 --> Model "Mconfigkey" initialized
INFO - 2024-11-14 10:45:57 --> Final output sent to browser
DEBUG - 2024-11-14 10:45:57 --> Total execution time: 0.0249
INFO - 2024-11-14 10:46:47 --> Config Class Initialized
INFO - 2024-11-14 10:46:47 --> Hooks Class Initialized
DEBUG - 2024-11-14 10:46:47 --> UTF-8 Support Enabled
INFO - 2024-11-14 10:46:47 --> Utf8 Class Initialized
INFO - 2024-11-14 10:46:47 --> URI Class Initialized
INFO - 2024-11-14 10:46:47 --> Router Class Initialized
INFO - 2024-11-14 10:46:47 --> Output Class Initialized
INFO - 2024-11-14 10:46:47 --> Security Class Initialized
DEBUG - 2024-11-14 10:46:47 --> Global POST, GET and COOKIE data sanitized
INFO - 2024-11-14 10:46:47 --> Input Class Initialized
INFO - 2024-11-14 10:46:47 --> Language Class Initialized
INFO - 2024-11-14 10:46:47 --> Loader Class Initialized
INFO - 2024-11-14 10:46:47 --> Helper loaded: url_helper
INFO - 2024-11-14 10:46:47 --> Database Driver Class Initialized
INFO - 2024-11-14 10:46:47 --> Controller Class Initialized
INFO - 2024-11-14 10:46:47 --> Model "Mconfigkey" initialized
INFO - 2024-11-14 10:46:47 --> Final output sent to browser
DEBUG - 2024-11-14 10:46:47 --> Total execution time: 0.0209
INFO - 2024-11-14 10:47:03 --> Config Class Initialized
INFO - 2024-11-14 10:47:03 --> Hooks Class Initialized
DEBUG - 2024-11-14 10:47:03 --> UTF-8 Support Enabled
INFO - 2024-11-14 10:47:03 --> Utf8 Class Initialized
INFO - 2024-11-14 10:47:03 --> URI Class Initialized
INFO - 2024-11-14 10:47:03 --> Router Class Initialized
INFO - 2024-11-14 10:47:03 --> Output Class Initialized
INFO - 2024-11-14 10:47:03 --> Security Class Initialized
DEBUG - 2024-11-14 10:47:03 --> Global POST, GET and COOKIE data sanitized
INFO - 2024-11-14 10:47:03 --> Input Class Initialized
INFO - 2024-11-14 10:47:03 --> Language Class Initialized
INFO - 2024-11-14 10:47:03 --> Loader Class Initialized
INFO - 2024-11-14 10:47:03 --> Helper loaded: url_helper
INFO - 2024-11-14 10:47:03 --> Database Driver Class Initialized
INFO - 2024-11-14 10:47:03 --> Controller Class Initialized
INFO - 2024-11-14 10:47:03 --> Model "Mconfigkey" initialized
INFO - 2024-11-14 10:47:03 --> Model "Mgoods_in" initialized
INFO - 2024-11-14 10:47:03 --> Final output sent to browser
DEBUG - 2024-11-14 10:47:03 --> Total execution time: 0.0332
INFO - 2024-11-14 10:47:36 --> Config Class Initialized
INFO - 2024-11-14 10:47:36 --> Hooks Class Initialized
DEBUG - 2024-11-14 10:47:36 --> UTF-8 Support Enabled
INFO - 2024-11-14 10:47:36 --> Utf8 Class Initialized
INFO - 2024-11-14 10:47:36 --> URI Class Initialized
INFO - 2024-11-14 10:47:36 --> Router Class Initialized
INFO - 2024-11-14 10:47:36 --> Output Class Initialized
INFO - 2024-11-14 10:47:36 --> Security Class Initialized
DEBUG - 2024-11-14 10:47:36 --> Global POST, GET and COOKIE data sanitized
INFO - 2024-11-14 10:47:36 --> Input Class Initialized
INFO - 2024-11-14 10:47:36 --> Language Class Initialized
INFO - 2024-11-14 10:47:36 --> Loader Class Initialized
INFO - 2024-11-14 10:47:36 --> Helper loaded: url_helper
INFO - 2024-11-14 10:47:36 --> Database Driver Class Initialized
INFO - 2024-11-14 10:47:36 --> Controller Class Initialized
INFO - 2024-11-14 10:47:36 --> Model "Mconfigkey" initialized
INFO - 2024-11-14 10:47:36 --> Model "Mgoods_in" initialized
INFO - 2024-11-14 10:47:36 --> Final output sent to browser
DEBUG - 2024-11-14 10:47:36 --> Total execution time: 0.0256
INFO - 2024-11-14 10:47:37 --> Config Class Initialized
INFO - 2024-11-14 10:47:37 --> Hooks Class Initialized
DEBUG - 2024-11-14 10:47:37 --> UTF-8 Support Enabled
INFO - 2024-11-14 10:47:37 --> Utf8 Class Initialized
INFO - 2024-11-14 10:47:37 --> URI Class Initialized
INFO - 2024-11-14 10:47:37 --> Router Class Initialized
INFO - 2024-11-14 10:47:37 --> Output Class Initialized
INFO - 2024-11-14 10:47:37 --> Security Class Initialized
DEBUG - 2024-11-14 10:47:37 --> Global POST, GET and COOKIE data sanitized
INFO - 2024-11-14 10:47:37 --> Input Class Initialized
INFO - 2024-11-14 10:47:37 --> Language Class Initialized
INFO - 2024-11-14 10:47:37 --> Loader Class Initialized
INFO - 2024-11-14 10:47:37 --> Helper loaded: url_helper
INFO - 2024-11-14 10:47:37 --> Database Driver Class Initialized
INFO - 2024-11-14 10:47:37 --> Controller Class Initialized
INFO - 2024-11-14 10:47:37 --> Model "Mconfigkey" initialized
INFO - 2024-11-14 10:47:37 --> Model "Mgoods_in" initialized
INFO - 2024-11-14 10:47:37 --> Final output sent to browser
DEBUG - 2024-11-14 10:47:37 --> Total execution time: 0.0239
INFO - 2024-11-14 10:51:46 --> Config Class Initialized
INFO - 2024-11-14 10:51:46 --> Hooks Class Initialized
DEBUG - 2024-11-14 10:51:46 --> UTF-8 Support Enabled
INFO - 2024-11-14 10:51:46 --> Utf8 Class Initialized
INFO - 2024-11-14 10:51:46 --> URI Class Initialized
INFO - 2024-11-14 10:51:46 --> Router Class Initialized
INFO - 2024-11-14 10:51:46 --> Output Class Initialized
INFO - 2024-11-14 10:51:46 --> Security Class Initialized
DEBUG - 2024-11-14 10:51:46 --> Global POST, GET and COOKIE data sanitized
INFO - 2024-11-14 10:51:46 --> Input Class Initialized
INFO - 2024-11-14 10:51:46 --> Language Class Initialized
INFO - 2024-11-14 10:51:46 --> Loader Class Initialized
INFO - 2024-11-14 10:51:46 --> Helper loaded: url_helper
INFO - 2024-11-14 10:51:46 --> Database Driver Class Initialized
INFO - 2024-11-14 10:51:46 --> Controller Class Initialized
INFO - 2024-11-14 10:51:46 --> Model "Mconfigkey" initialized
INFO - 2024-11-14 10:51:46 --> Model "Mext_rpt_mutasi" initialized
INFO - 2024-11-14 10:51:47 --> Final output sent to browser
DEBUG - 2024-11-14 10:51:47 --> Total execution time: 0.8993
INFO - 2024-11-14 11:27:51 --> Config Class Initialized
INFO - 2024-11-14 11:27:51 --> Hooks Class Initialized
DEBUG - 2024-11-14 11:27:51 --> UTF-8 Support Enabled
INFO - 2024-11-14 11:27:51 --> Utf8 Class Initialized
INFO - 2024-11-14 11:27:51 --> URI Class Initialized
INFO - 2024-11-14 11:27:51 --> Router Class Initialized
INFO - 2024-11-14 11:27:51 --> Output Class Initialized
INFO - 2024-11-14 11:27:51 --> Security Class Initialized
DEBUG - 2024-11-14 11:27:51 --> Global POST, GET and COOKIE data sanitized
INFO - 2024-11-14 11:27:51 --> Input Class Initialized
INFO - 2024-11-14 11:27:51 --> Language Class Initialized
INFO - 2024-11-14 11:27:51 --> Loader Class Initialized
INFO - 2024-11-14 11:27:51 --> Helper loaded: url_helper
INFO - 2024-11-14 11:27:51 --> Database Driver Class Initialized
INFO - 2024-11-14 11:27:51 --> Controller Class Initialized
INFO - 2024-11-14 11:27:51 --> Model "Mconfigkey" initialized
INFO - 2024-11-14 11:27:51 --> Final output sent to browser
DEBUG - 2024-11-14 11:27:51 --> Total execution time: 0.0193
INFO - 2024-11-14 11:27:54 --> Config Class Initialized
INFO - 2024-11-14 11:27:54 --> Hooks Class Initialized
DEBUG - 2024-11-14 11:27:54 --> UTF-8 Support Enabled
INFO - 2024-11-14 11:27:54 --> Utf8 Class Initialized
INFO - 2024-11-14 11:27:54 --> URI Class Initialized
INFO - 2024-11-14 11:27:54 --> Router Class Initialized
INFO - 2024-11-14 11:27:54 --> Output Class Initialized
INFO - 2024-11-14 11:27:54 --> Security Class Initialized
DEBUG - 2024-11-14 11:27:54 --> Global POST, GET and COOKIE data sanitized
INFO - 2024-11-14 11:27:54 --> Input Class Initialized
INFO - 2024-11-14 11:27:54 --> Language Class Initialized
INFO - 2024-11-14 11:27:54 --> Loader Class Initialized
INFO - 2024-11-14 11:27:54 --> Helper loaded: url_helper
INFO - 2024-11-14 11:27:54 --> Database Driver Class Initialized
INFO - 2024-11-14 11:27:54 --> Controller Class Initialized
INFO - 2024-11-14 11:27:54 --> Model "Mauth" initialized
INFO - 2024-11-14 11:27:54 --> Model "Mconfigkey" initialized
INFO - 2024-11-14 11:27:54 --> Final output sent to browser
DEBUG - 2024-11-14 11:27:54 --> Total execution time: 0.0238
INFO - 2024-11-14 11:28:31 --> Config Class Initialized
INFO - 2024-11-14 11:28:31 --> Hooks Class Initialized
DEBUG - 2024-11-14 11:28:31 --> UTF-8 Support Enabled
INFO - 2024-11-14 11:28:31 --> Utf8 Class Initialized
INFO - 2024-11-14 11:28:31 --> URI Class Initialized
INFO - 2024-11-14 11:28:31 --> Router Class Initialized
INFO - 2024-11-14 11:28:31 --> Output Class Initialized
INFO - 2024-11-14 11:28:31 --> Security Class Initialized
DEBUG - 2024-11-14 11:28:31 --> Global POST, GET and COOKIE data sanitized
INFO - 2024-11-14 11:28:31 --> Input Class Initialized
INFO - 2024-11-14 11:28:31 --> Language Class Initialized
INFO - 2024-11-14 11:28:31 --> Loader Class Initialized
INFO - 2024-11-14 11:28:31 --> Helper loaded: url_helper
INFO - 2024-11-14 11:28:31 --> Database Driver Class Initialized
INFO - 2024-11-14 11:28:31 --> Controller Class Initialized
INFO - 2024-11-14 11:28:31 --> Model "Mconfigkey" initialized
INFO - 2024-11-14 11:28:31 --> Model "Msync_delivery_instruction" initialized
INFO - 2024-11-14 11:28:31 --> Final output sent to browser
DEBUG - 2024-11-14 11:28:31 --> Total execution time: 0.0214
INFO - 2024-11-14 11:28:43 --> Config Class Initialized
INFO - 2024-11-14 11:28:43 --> Hooks Class Initialized
DEBUG - 2024-11-14 11:28:43 --> UTF-8 Support Enabled
INFO - 2024-11-14 11:28:43 --> Utf8 Class Initialized
INFO - 2024-11-14 11:28:43 --> URI Class Initialized
INFO - 2024-11-14 11:28:43 --> Router Class Initialized
INFO - 2024-11-14 11:28:43 --> Output Class Initialized
INFO - 2024-11-14 11:28:43 --> Security Class Initialized
DEBUG - 2024-11-14 11:28:43 --> Global POST, GET and COOKIE data sanitized
INFO - 2024-11-14 11:28:43 --> Input Class Initialized
INFO - 2024-11-14 11:28:43 --> Language Class Initialized
INFO - 2024-11-14 11:28:43 --> Loader Class Initialized
INFO - 2024-11-14 11:28:43 --> Helper loaded: url_helper
INFO - 2024-11-14 11:28:43 --> Database Driver Class Initialized
INFO - 2024-11-14 11:28:43 --> Controller Class Initialized
INFO - 2024-11-14 11:28:43 --> Model "Mconfigkey" initialized
INFO - 2024-11-14 11:28:43 --> Model "Msync_delivery_instruction" initialized
INFO - 2024-11-14 11:28:43 --> Final output sent to browser
DEBUG - 2024-11-14 11:28:43 --> Total execution time: 0.0207
INFO - 2024-11-14 11:28:44 --> Config Class Initialized
INFO - 2024-11-14 11:28:44 --> Hooks Class Initialized
DEBUG - 2024-11-14 11:28:44 --> UTF-8 Support Enabled
INFO - 2024-11-14 11:28:44 --> Utf8 Class Initialized
INFO - 2024-11-14 11:28:44 --> URI Class Initialized
INFO - 2024-11-14 11:28:44 --> Router Class Initialized
INFO - 2024-11-14 11:28:44 --> Output Class Initialized
INFO - 2024-11-14 11:28:44 --> Security Class Initialized
DEBUG - 2024-11-14 11:28:44 --> Global POST, GET and COOKIE data sanitized
INFO - 2024-11-14 11:28:44 --> Input Class Initialized
INFO - 2024-11-14 11:28:44 --> Language Class Initialized
INFO - 2024-11-14 11:28:44 --> Loader Class Initialized
INFO - 2024-11-14 11:28:44 --> Helper loaded: url_helper
INFO - 2024-11-14 11:28:44 --> Database Driver Class Initialized
INFO - 2024-11-14 11:28:44 --> Controller Class Initialized
INFO - 2024-11-14 11:28:44 --> Model "Mconfigkey" initialized
INFO - 2024-11-14 11:28:44 --> Model "Msync_delivery_instruction" initialized
INFO - 2024-11-14 11:28:44 --> Final output sent to browser
DEBUG - 2024-11-14 11:28:44 --> Total execution time: 0.0207
INFO - 2024-11-14 11:28:46 --> Config Class Initialized
INFO - 2024-11-14 11:28:46 --> Hooks Class Initialized
DEBUG - 2024-11-14 11:28:46 --> UTF-8 Support Enabled
INFO - 2024-11-14 11:28:46 --> Utf8 Class Initialized
INFO - 2024-11-14 11:28:46 --> URI Class Initialized
INFO - 2024-11-14 11:28:46 --> Router Class Initialized
INFO - 2024-11-14 11:28:46 --> Output Class Initialized
INFO - 2024-11-14 11:28:46 --> Security Class Initialized
DEBUG - 2024-11-14 11:28:46 --> Global POST, GET and COOKIE data sanitized
INFO - 2024-11-14 11:28:46 --> Input Class Initialized
INFO - 2024-11-14 11:28:46 --> Language Class Initialized
INFO - 2024-11-14 11:28:46 --> Loader Class Initialized
INFO - 2024-11-14 11:28:46 --> Helper loaded: url_helper
INFO - 2024-11-14 11:28:46 --> Database Driver Class Initialized
INFO - 2024-11-14 11:28:46 --> Controller Class Initialized
INFO - 2024-11-14 11:28:46 --> Model "Mconfigkey" initialized
INFO - 2024-11-14 11:28:46 --> Model "Msync_delivery_instruction" initialized
INFO - 2024-11-14 11:28:46 --> Final output sent to browser
DEBUG - 2024-11-14 11:28:46 --> Total execution time: 0.0210
INFO - 2024-11-14 11:28:47 --> Config Class Initialized
INFO - 2024-11-14 11:28:47 --> Hooks Class Initialized
DEBUG - 2024-11-14 11:28:47 --> UTF-8 Support Enabled
INFO - 2024-11-14 11:28:47 --> Utf8 Class Initialized
INFO - 2024-11-14 11:28:47 --> URI Class Initialized
INFO - 2024-11-14 11:28:47 --> Router Class Initialized
INFO - 2024-11-14 11:28:47 --> Output Class Initialized
INFO - 2024-11-14 11:28:47 --> Security Class Initialized
DEBUG - 2024-11-14 11:28:47 --> Global POST, GET and COOKIE data sanitized
INFO - 2024-11-14 11:28:47 --> Input Class Initialized
INFO - 2024-11-14 11:28:47 --> Language Class Initialized
INFO - 2024-11-14 11:28:47 --> Loader Class Initialized
INFO - 2024-11-14 11:28:47 --> Helper loaded: url_helper
INFO - 2024-11-14 11:28:47 --> Database Driver Class Initialized
INFO - 2024-11-14 11:28:47 --> Controller Class Initialized
INFO - 2024-11-14 11:28:47 --> Model "Mconfigkey" initialized
INFO - 2024-11-14 11:28:47 --> Model "Msync_delivery_instruction" initialized
INFO - 2024-11-14 11:28:47 --> Final output sent to browser
DEBUG - 2024-11-14 11:28:47 --> Total execution time: 0.0209
INFO - 2024-11-14 11:29:03 --> Config Class Initialized
INFO - 2024-11-14 11:29:03 --> Hooks Class Initialized
DEBUG - 2024-11-14 11:29:03 --> UTF-8 Support Enabled
INFO - 2024-11-14 11:29:03 --> Utf8 Class Initialized
INFO - 2024-11-14 11:29:03 --> URI Class Initialized
INFO - 2024-11-14 11:29:03 --> Router Class Initialized
INFO - 2024-11-14 11:29:03 --> Output Class Initialized
INFO - 2024-11-14 11:29:03 --> Security Class Initialized
DEBUG - 2024-11-14 11:29:03 --> Global POST, GET and COOKIE data sanitized
INFO - 2024-11-14 11:29:03 --> Input Class Initialized
INFO - 2024-11-14 11:29:03 --> Language Class Initialized
INFO - 2024-11-14 11:29:03 --> Loader Class Initialized
INFO - 2024-11-14 11:29:03 --> Helper loaded: url_helper
INFO - 2024-11-14 11:29:03 --> Database Driver Class Initialized
INFO - 2024-11-14 11:29:03 --> Controller Class Initialized
INFO - 2024-11-14 11:29:03 --> Model "Mconfigkey" initialized
INFO - 2024-11-14 11:29:03 --> Model "Msync_doc_aw" initialized
INFO - 2024-11-14 11:29:03 --> Final output sent to browser
DEBUG - 2024-11-14 11:29:03 --> Total execution time: 0.0763
INFO - 2024-11-14 20:45:59 --> Config Class Initialized
INFO - 2024-11-14 20:45:59 --> Hooks Class Initialized
DEBUG - 2024-11-14 20:45:59 --> UTF-8 Support Enabled
INFO - 2024-11-14 20:45:59 --> Utf8 Class Initialized
INFO - 2024-11-14 20:45:59 --> URI Class Initialized
INFO - 2024-11-14 20:45:59 --> Router Class Initialized
INFO - 2024-11-14 20:45:59 --> Output Class Initialized
INFO - 2024-11-14 20:45:59 --> Security Class Initialized
DEBUG - 2024-11-14 20:45:59 --> Global POST, GET and COOKIE data sanitized
INFO - 2024-11-14 20:45:59 --> Input Class Initialized
INFO - 2024-11-14 20:46:00 --> Language Class Initialized
INFO - 2024-11-14 20:46:00 --> Loader Class Initialized
INFO - 2024-11-14 20:46:00 --> Helper loaded: url_helper
INFO - 2024-11-14 20:46:00 --> Database Driver Class Initialized
INFO - 2024-11-14 20:46:00 --> Controller Class Initialized
INFO - 2024-11-14 20:46:00 --> Model "Mconfigkey" initialized
INFO - 2024-11-14 20:46:00 --> Final output sent to browser
DEBUG - 2024-11-14 20:46:00 --> Total execution time: 0.5053
INFO - 2024-11-14 20:46:03 --> Config Class Initialized
INFO - 2024-11-14 20:46:03 --> Hooks Class Initialized
DEBUG - 2024-11-14 20:46:03 --> UTF-8 Support Enabled
INFO - 2024-11-14 20:46:03 --> Utf8 Class Initialized
INFO - 2024-11-14 20:46:03 --> URI Class Initialized
INFO - 2024-11-14 20:46:03 --> Router Class Initialized
INFO - 2024-11-14 20:46:03 --> Output Class Initialized
INFO - 2024-11-14 20:46:03 --> Security Class Initialized
DEBUG - 2024-11-14 20:46:03 --> Global POST, GET and COOKIE data sanitized
INFO - 2024-11-14 20:46:03 --> Input Class Initialized
INFO - 2024-11-14 20:46:03 --> Language Class Initialized
INFO - 2024-11-14 20:46:03 --> Loader Class Initialized
INFO - 2024-11-14 20:46:03 --> Helper loaded: url_helper
INFO - 2024-11-14 20:46:03 --> Database Driver Class Initialized
INFO - 2024-11-14 20:46:03 --> Controller Class Initialized
INFO - 2024-11-14 20:46:04 --> Model "Mauth" initialized
INFO - 2024-11-14 20:46:04 --> Model "Mconfigkey" initialized
INFO - 2024-11-14 20:46:04 --> Final output sent to browser
DEBUG - 2024-11-14 20:46:04 --> Total execution time: 0.0361
INFO - 2024-11-14 20:46:08 --> Config Class Initialized
INFO - 2024-11-14 20:46:08 --> Hooks Class Initialized
DEBUG - 2024-11-14 20:46:08 --> UTF-8 Support Enabled
INFO - 2024-11-14 20:46:08 --> Utf8 Class Initialized
INFO - 2024-11-14 20:46:08 --> URI Class Initialized
INFO - 2024-11-14 20:46:08 --> Router Class Initialized
INFO - 2024-11-14 20:46:08 --> Output Class Initialized
INFO - 2024-11-14 20:46:08 --> Security Class Initialized
DEBUG - 2024-11-14 20:46:08 --> Global POST, GET and COOKIE data sanitized
INFO - 2024-11-14 20:46:08 --> Input Class Initialized
INFO - 2024-11-14 20:46:08 --> Language Class Initialized
INFO - 2024-11-14 20:46:08 --> Loader Class Initialized
INFO - 2024-11-14 20:46:08 --> Helper loaded: url_helper
INFO - 2024-11-14 20:46:08 --> Database Driver Class Initialized
INFO - 2024-11-14 20:46:08 --> Controller Class Initialized
INFO - 2024-11-14 20:46:08 --> Model "Mconfigkey" initialized
INFO - 2024-11-14 20:46:08 --> Model "Mgoods_in" initialized
INFO - 2024-11-14 20:46:08 --> Final output sent to browser
DEBUG - 2024-11-14 20:46:08 --> Total execution time: 0.0432
INFO - 2024-11-14 20:46:18 --> Config Class Initialized
INFO - 2024-11-14 20:46:18 --> Hooks Class Initialized
DEBUG - 2024-11-14 20:46:18 --> UTF-8 Support Enabled
INFO - 2024-11-14 20:46:18 --> Utf8 Class Initialized
INFO - 2024-11-14 20:46:18 --> URI Class Initialized
INFO - 2024-11-14 20:46:18 --> Router Class Initialized
INFO - 2024-11-14 20:46:18 --> Output Class Initialized
INFO - 2024-11-14 20:46:18 --> Security Class Initialized
DEBUG - 2024-11-14 20:46:18 --> Global POST, GET and COOKIE data sanitized
INFO - 2024-11-14 20:46:18 --> Input Class Initialized
INFO - 2024-11-14 20:46:18 --> Language Class Initialized
INFO - 2024-11-14 20:46:18 --> Loader Class Initialized
INFO - 2024-11-14 20:46:18 --> Helper loaded: url_helper
INFO - 2024-11-14 20:46:18 --> Database Driver Class Initialized
INFO - 2024-11-14 20:46:18 --> Controller Class Initialized
INFO - 2024-11-14 20:46:18 --> Model "Mconfigkey" initialized
INFO - 2024-11-14 20:46:18 --> Model "Mportal_data" initialized
INFO - 2024-11-14 20:46:18 --> Final output sent to browser
DEBUG - 2024-11-14 20:46:18 --> Total execution time: 0.0374
INFO - 2024-11-14 20:46:25 --> Config Class Initialized
INFO - 2024-11-14 20:46:25 --> Hooks Class Initialized
DEBUG - 2024-11-14 20:46:25 --> UTF-8 Support Enabled
INFO - 2024-11-14 20:46:25 --> Utf8 Class Initialized
INFO - 2024-11-14 20:46:25 --> URI Class Initialized
INFO - 2024-11-14 20:46:25 --> Router Class Initialized
INFO - 2024-11-14 20:46:25 --> Output Class Initialized
INFO - 2024-11-14 20:46:25 --> Security Class Initialized
DEBUG - 2024-11-14 20:46:25 --> Global POST, GET and COOKIE data sanitized
INFO - 2024-11-14 20:46:25 --> Input Class Initialized
INFO - 2024-11-14 20:46:25 --> Language Class Initialized
INFO - 2024-11-14 20:46:25 --> Loader Class Initialized
INFO - 2024-11-14 20:46:25 --> Helper loaded: url_helper
INFO - 2024-11-14 20:46:25 --> Database Driver Class Initialized
INFO - 2024-11-14 20:46:25 --> Controller Class Initialized
INFO - 2024-11-14 20:46:25 --> Model "Mconfigkey" initialized
INFO - 2024-11-14 20:46:25 --> Model "Msync_doc_aw" initialized
INFO - 2024-11-14 20:46:25 --> Final output sent to browser
DEBUG - 2024-11-14 20:46:25 --> Total execution time: 0.0807
INFO - 2024-11-14 20:46:27 --> Config Class Initialized
INFO - 2024-11-14 20:46:27 --> Hooks Class Initialized
DEBUG - 2024-11-14 20:46:27 --> UTF-8 Support Enabled
INFO - 2024-11-14 20:46:27 --> Utf8 Class Initialized
INFO - 2024-11-14 20:46:27 --> URI Class Initialized
INFO - 2024-11-14 20:46:27 --> Router Class Initialized
INFO - 2024-11-14 20:46:27 --> Output Class Initialized
INFO - 2024-11-14 20:46:27 --> Security Class Initialized
DEBUG - 2024-11-14 20:46:27 --> Global POST, GET and COOKIE data sanitized
INFO - 2024-11-14 20:46:27 --> Input Class Initialized
INFO - 2024-11-14 20:46:27 --> Language Class Initialized
INFO - 2024-11-14 20:46:27 --> Loader Class Initialized
INFO - 2024-11-14 20:46:27 --> Helper loaded: url_helper
INFO - 2024-11-14 20:46:27 --> Database Driver Class Initialized
INFO - 2024-11-14 20:46:27 --> Controller Class Initialized
INFO - 2024-11-14 20:46:27 --> Model "Mconfigkey" initialized
INFO - 2024-11-14 20:46:27 --> Model "Mportal_data" initialized
INFO - 2024-11-14 20:46:27 --> Final output sent to browser
DEBUG - 2024-11-14 20:46:27 --> Total execution time: 0.0247
INFO - 2024-11-14 20:46:29 --> Config Class Initialized
INFO - 2024-11-14 20:46:29 --> Hooks Class Initialized
DEBUG - 2024-11-14 20:46:29 --> UTF-8 Support Enabled
INFO - 2024-11-14 20:46:29 --> Utf8 Class Initialized
INFO - 2024-11-14 20:46:29 --> URI Class Initialized
INFO - 2024-11-14 20:46:29 --> Router Class Initialized
INFO - 2024-11-14 20:46:29 --> Output Class Initialized
INFO - 2024-11-14 20:46:29 --> Security Class Initialized
DEBUG - 2024-11-14 20:46:29 --> Global POST, GET and COOKIE data sanitized
INFO - 2024-11-14 20:46:29 --> Input Class Initialized
INFO - 2024-11-14 20:46:29 --> Language Class Initialized
INFO - 2024-11-14 20:46:29 --> Loader Class Initialized
INFO - 2024-11-14 20:46:29 --> Helper loaded: url_helper
INFO - 2024-11-14 20:46:29 --> Database Driver Class Initialized
INFO - 2024-11-14 20:46:29 --> Controller Class Initialized
INFO - 2024-11-14 20:46:29 --> Model "Mconfigkey" initialized
INFO - 2024-11-14 20:46:29 --> Model "Msync_delivery_instruction" initialized
INFO - 2024-11-14 20:46:29 --> Final output sent to browser
DEBUG - 2024-11-14 20:46:29 --> Total execution time: 0.0321
INFO - 2024-11-14 20:46:57 --> Config Class Initialized
INFO - 2024-11-14 20:46:57 --> Hooks Class Initialized
DEBUG - 2024-11-14 20:46:57 --> UTF-8 Support Enabled
INFO - 2024-11-14 20:46:57 --> Utf8 Class Initialized
INFO - 2024-11-14 20:46:57 --> URI Class Initialized
INFO - 2024-11-14 20:46:57 --> Router Class Initialized
INFO - 2024-11-14 20:46:57 --> Output Class Initialized
INFO - 2024-11-14 20:46:57 --> Security Class Initialized
DEBUG - 2024-11-14 20:46:57 --> Global POST, GET and COOKIE data sanitized
INFO - 2024-11-14 20:46:57 --> Input Class Initialized
INFO - 2024-11-14 20:46:57 --> Language Class Initialized
INFO - 2024-11-14 20:46:57 --> Loader Class Initialized
INFO - 2024-11-14 20:46:57 --> Helper loaded: url_helper
INFO - 2024-11-14 20:46:57 --> Database Driver Class Initialized
INFO - 2024-11-14 20:46:57 --> Controller Class Initialized
INFO - 2024-11-14 20:46:57 --> Model "Mconfigkey" initialized
INFO - 2024-11-14 20:46:57 --> Model "Msync_delivery_instruction" initialized
INFO - 2024-11-14 20:46:57 --> Final output sent to browser
DEBUG - 2024-11-14 20:46:57 --> Total execution time: 0.0284
INFO - 2024-11-14 20:46:59 --> Config Class Initialized
INFO - 2024-11-14 20:46:59 --> Hooks Class Initialized
DEBUG - 2024-11-14 20:46:59 --> UTF-8 Support Enabled
INFO - 2024-11-14 20:46:59 --> Utf8 Class Initialized
INFO - 2024-11-14 20:46:59 --> URI Class Initialized
INFO - 2024-11-14 20:46:59 --> Router Class Initialized
INFO - 2024-11-14 20:46:59 --> Output Class Initialized
INFO - 2024-11-14 20:46:59 --> Security Class Initialized
DEBUG - 2024-11-14 20:46:59 --> Global POST, GET and COOKIE data sanitized
INFO - 2024-11-14 20:46:59 --> Input Class Initialized
INFO - 2024-11-14 20:46:59 --> Language Class Initialized
INFO - 2024-11-14 20:46:59 --> Loader Class Initialized
INFO - 2024-11-14 20:46:59 --> Helper loaded: url_helper
INFO - 2024-11-14 20:46:59 --> Database Driver Class Initialized
INFO - 2024-11-14 20:46:59 --> Controller Class Initialized
INFO - 2024-11-14 20:46:59 --> Model "Mconfigkey" initialized
INFO - 2024-11-14 20:46:59 --> Model "Msync_delivery_instruction" initialized
INFO - 2024-11-14 20:46:59 --> Final output sent to browser
DEBUG - 2024-11-14 20:46:59 --> Total execution time: 0.0229
INFO - 2024-11-14 20:47:00 --> Config Class Initialized
INFO - 2024-11-14 20:47:00 --> Hooks Class Initialized
DEBUG - 2024-11-14 20:47:00 --> UTF-8 Support Enabled
INFO - 2024-11-14 20:47:00 --> Utf8 Class Initialized
INFO - 2024-11-14 20:47:00 --> URI Class Initialized
INFO - 2024-11-14 20:47:00 --> Router Class Initialized
INFO - 2024-11-14 20:47:00 --> Output Class Initialized
INFO - 2024-11-14 20:47:00 --> Security Class Initialized
DEBUG - 2024-11-14 20:47:00 --> Global POST, GET and COOKIE data sanitized
INFO - 2024-11-14 20:47:00 --> Input Class Initialized
INFO - 2024-11-14 20:47:00 --> Language Class Initialized
INFO - 2024-11-14 20:47:00 --> Loader Class Initialized
INFO - 2024-11-14 20:47:00 --> Helper loaded: url_helper
INFO - 2024-11-14 20:47:00 --> Database Driver Class Initialized
INFO - 2024-11-14 20:47:00 --> Controller Class Initialized
INFO - 2024-11-14 20:47:00 --> Model "Mconfigkey" initialized
INFO - 2024-11-14 20:47:00 --> Model "Msync_delivery_instruction" initialized
INFO - 2024-11-14 20:47:00 --> Final output sent to browser
DEBUG - 2024-11-14 20:47:00 --> Total execution time: 0.1449
INFO - 2024-11-14 20:47:38 --> Config Class Initialized
INFO - 2024-11-14 20:47:38 --> Hooks Class Initialized
DEBUG - 2024-11-14 20:47:38 --> UTF-8 Support Enabled
INFO - 2024-11-14 20:47:38 --> Utf8 Class Initialized
INFO - 2024-11-14 20:47:38 --> URI Class Initialized
INFO - 2024-11-14 20:47:38 --> Router Class Initialized
INFO - 2024-11-14 20:47:38 --> Output Class Initialized
INFO - 2024-11-14 20:47:38 --> Security Class Initialized
DEBUG - 2024-11-14 20:47:38 --> Global POST, GET and COOKIE data sanitized
INFO - 2024-11-14 20:47:38 --> Input Class Initialized
INFO - 2024-11-14 20:47:38 --> Language Class Initialized
INFO - 2024-11-14 20:47:38 --> Loader Class Initialized
INFO - 2024-11-14 20:47:38 --> Helper loaded: url_helper
INFO - 2024-11-14 20:47:38 --> Database Driver Class Initialized
INFO - 2024-11-14 20:47:38 --> Controller Class Initialized
INFO - 2024-11-14 20:47:38 --> Model "Mconfigkey" initialized
INFO - 2024-11-14 20:47:38 --> Model "Mgoods_in" initialized
INFO - 2024-11-14 20:47:38 --> Final output sent to browser
DEBUG - 2024-11-14 20:47:38 --> Total execution time: 0.0610
INFO - 2024-11-14 20:47:49 --> Config Class Initialized
INFO - 2024-11-14 20:47:49 --> Hooks Class Initialized
DEBUG - 2024-11-14 20:47:49 --> UTF-8 Support Enabled
INFO - 2024-11-14 20:47:49 --> Utf8 Class Initialized
INFO - 2024-11-14 20:47:49 --> URI Class Initialized
INFO - 2024-11-14 20:47:49 --> Router Class Initialized
INFO - 2024-11-14 20:47:49 --> Output Class Initialized
INFO - 2024-11-14 20:47:49 --> Security Class Initialized
DEBUG - 2024-11-14 20:47:49 --> Global POST, GET and COOKIE data sanitized
INFO - 2024-11-14 20:47:49 --> Input Class Initialized
INFO - 2024-11-14 20:47:49 --> Language Class Initialized
INFO - 2024-11-14 20:47:49 --> Loader Class Initialized
INFO - 2024-11-14 20:47:49 --> Helper loaded: url_helper
INFO - 2024-11-14 20:47:49 --> Database Driver Class Initialized
INFO - 2024-11-14 20:47:49 --> Controller Class Initialized
INFO - 2024-11-14 20:47:49 --> Model "Mconfigkey" initialized
INFO - 2024-11-14 20:47:49 --> Model "Mgoods_in" initialized
INFO - 2024-11-14 20:47:49 --> Final output sent to browser
DEBUG - 2024-11-14 20:47:49 --> Total execution time: 0.0684
INFO - 2024-11-14 20:48:11 --> Config Class Initialized
INFO - 2024-11-14 20:48:11 --> Hooks Class Initialized
DEBUG - 2024-11-14 20:48:11 --> UTF-8 Support Enabled
INFO - 2024-11-14 20:48:11 --> Utf8 Class Initialized
INFO - 2024-11-14 20:48:11 --> URI Class Initialized
INFO - 2024-11-14 20:48:11 --> Router Class Initialized
INFO - 2024-11-14 20:48:11 --> Output Class Initialized
INFO - 2024-11-14 20:48:11 --> Security Class Initialized
DEBUG - 2024-11-14 20:48:11 --> Global POST, GET and COOKIE data sanitized
INFO - 2024-11-14 20:48:11 --> Input Class Initialized
INFO - 2024-11-14 20:48:11 --> Language Class Initialized
INFO - 2024-11-14 20:48:11 --> Loader Class Initialized
INFO - 2024-11-14 20:48:11 --> Helper loaded: url_helper
INFO - 2024-11-14 20:48:11 --> Database Driver Class Initialized
INFO - 2024-11-14 20:48:11 --> Controller Class Initialized
INFO - 2024-11-14 20:48:11 --> Model "Mconfigkey" initialized
INFO - 2024-11-14 20:48:11 --> Model "Mgoods_in" initialized
INFO - 2024-11-14 20:48:11 --> Final output sent to browser
DEBUG - 2024-11-14 20:48:11 --> Total execution time: 0.0360
INFO - 2024-11-14 20:48:36 --> Config Class Initialized
INFO - 2024-11-14 20:48:36 --> Hooks Class Initialized
DEBUG - 2024-11-14 20:48:36 --> UTF-8 Support Enabled
INFO - 2024-11-14 20:48:36 --> Utf8 Class Initialized
INFO - 2024-11-14 20:48:36 --> URI Class Initialized
INFO - 2024-11-14 20:48:36 --> Router Class Initialized
INFO - 2024-11-14 20:48:36 --> Output Class Initialized
INFO - 2024-11-14 20:48:36 --> Security Class Initialized
DEBUG - 2024-11-14 20:48:36 --> Global POST, GET and COOKIE data sanitized
INFO - 2024-11-14 20:48:36 --> Input Class Initialized
INFO - 2024-11-14 20:48:36 --> Language Class Initialized
INFO - 2024-11-14 20:48:36 --> Loader Class Initialized
INFO - 2024-11-14 20:48:36 --> Helper loaded: url_helper
INFO - 2024-11-14 20:48:36 --> Database Driver Class Initialized
INFO - 2024-11-14 20:48:36 --> Controller Class Initialized
INFO - 2024-11-14 20:48:36 --> Model "Mconfigkey" initialized
INFO - 2024-11-14 20:48:36 --> Model "Mgoods_in" initialized
INFO - 2024-11-14 20:48:36 --> Final output sent to browser
DEBUG - 2024-11-14 20:48:36 --> Total execution time: 0.0464
INFO - 2024-11-14 20:48:40 --> Config Class Initialized
INFO - 2024-11-14 20:48:40 --> Hooks Class Initialized
DEBUG - 2024-11-14 20:48:40 --> UTF-8 Support Enabled
INFO - 2024-11-14 20:48:40 --> Utf8 Class Initialized
INFO - 2024-11-14 20:48:40 --> URI Class Initialized
INFO - 2024-11-14 20:48:40 --> Router Class Initialized
INFO - 2024-11-14 20:48:40 --> Output Class Initialized
INFO - 2024-11-14 20:48:40 --> Security Class Initialized
DEBUG - 2024-11-14 20:48:40 --> Global POST, GET and COOKIE data sanitized
INFO - 2024-11-14 20:48:40 --> Input Class Initialized
INFO - 2024-11-14 20:48:40 --> Language Class Initialized
INFO - 2024-11-14 20:48:40 --> Loader Class Initialized
INFO - 2024-11-14 20:48:40 --> Helper loaded: url_helper
INFO - 2024-11-14 20:48:40 --> Database Driver Class Initialized
INFO - 2024-11-14 20:48:40 --> Controller Class Initialized
INFO - 2024-11-14 20:48:40 --> Model "Mconfigkey" initialized
INFO - 2024-11-14 20:48:40 --> Model "Mgoods_delivery" initialized
INFO - 2024-11-14 20:48:40 --> Final output sent to browser
DEBUG - 2024-11-14 20:48:40 --> Total execution time: 0.0312
INFO - 2024-11-14 20:48:48 --> Config Class Initialized
INFO - 2024-11-14 20:48:48 --> Hooks Class Initialized
DEBUG - 2024-11-14 20:48:48 --> UTF-8 Support Enabled
INFO - 2024-11-14 20:48:48 --> Utf8 Class Initialized
INFO - 2024-11-14 20:48:48 --> URI Class Initialized
INFO - 2024-11-14 20:48:48 --> Router Class Initialized
INFO - 2024-11-14 20:48:48 --> Output Class Initialized
INFO - 2024-11-14 20:48:48 --> Security Class Initialized
DEBUG - 2024-11-14 20:48:48 --> Global POST, GET and COOKIE data sanitized
INFO - 2024-11-14 20:48:48 --> Input Class Initialized
INFO - 2024-11-14 20:48:48 --> Language Class Initialized
INFO - 2024-11-14 20:48:48 --> Loader Class Initialized
INFO - 2024-11-14 20:48:48 --> Helper loaded: url_helper
INFO - 2024-11-14 20:48:48 --> Database Driver Class Initialized
INFO - 2024-11-14 20:48:48 --> Controller Class Initialized
INFO - 2024-11-14 20:48:48 --> Model "Mconfigkey" initialized
INFO - 2024-11-14 20:48:48 --> Model "Mgoods_in" initialized
INFO - 2024-11-14 20:48:48 --> Final output sent to browser
DEBUG - 2024-11-14 20:48:48 --> Total execution time: 0.0642
