INFO - 2024-12-17 22:36:38 --> Config Class Initialized
INFO - 2024-12-17 22:36:38 --> Hooks Class Initialized
DEBUG - 2024-12-17 22:36:38 --> UTF-8 Support Enabled
INFO - 2024-12-17 22:36:38 --> Utf8 Class Initialized
INFO - 2024-12-17 22:36:38 --> URI Class Initialized
INFO - 2024-12-17 22:36:38 --> Router Class Initialized
INFO - 2024-12-17 22:36:38 --> Output Class Initialized
INFO - 2024-12-17 22:36:38 --> Security Class Initialized
DEBUG - 2024-12-17 22:36:38 --> Global POST, GET and COOKIE data sanitized
INFO - 2024-12-17 22:36:38 --> Input Class Initialized
INFO - 2024-12-17 22:36:38 --> Language Class Initialized
INFO - 2024-12-17 22:36:38 --> Loader Class Initialized
INFO - 2024-12-17 22:36:38 --> Helper loaded: url_helper
INFO - 2024-12-17 22:36:39 --> Database Driver Class Initialized
INFO - 2024-12-17 22:36:39 --> Controller Class Initialized
INFO - 2024-12-17 22:36:39 --> Model "Mconfigkey" initialized
INFO - 2024-12-17 22:36:39 --> Final output sent to browser
DEBUG - 2024-12-17 22:36:39 --> Total execution time: 0.5320
INFO - 2024-12-17 22:36:45 --> Config Class Initialized
INFO - 2024-12-17 22:36:45 --> Hooks Class Initialized
DEBUG - 2024-12-17 22:36:45 --> UTF-8 Support Enabled
INFO - 2024-12-17 22:36:45 --> Utf8 Class Initialized
INFO - 2024-12-17 22:36:45 --> URI Class Initialized
INFO - 2024-12-17 22:36:45 --> Router Class Initialized
INFO - 2024-12-17 22:36:45 --> Output Class Initialized
INFO - 2024-12-17 22:36:45 --> Security Class Initialized
DEBUG - 2024-12-17 22:36:45 --> Global POST, GET and COOKIE data sanitized
INFO - 2024-12-17 22:36:45 --> Input Class Initialized
INFO - 2024-12-17 22:36:45 --> Language Class Initialized
INFO - 2024-12-17 22:36:45 --> Loader Class Initialized
INFO - 2024-12-17 22:36:45 --> Helper loaded: url_helper
INFO - 2024-12-17 22:36:45 --> Database Driver Class Initialized
INFO - 2024-12-17 22:36:45 --> Controller Class Initialized
INFO - 2024-12-17 22:36:45 --> Model "Mauth" initialized
INFO - 2024-12-17 22:36:45 --> Final output sent to browser
DEBUG - 2024-12-17 22:36:45 --> Total execution time: 0.0356
