INFO - 2024-09-17 09:00:12 --> Config Class Initialized
INFO - 2024-09-17 09:00:12 --> Hooks Class Initialized
DEBUG - 2024-09-17 09:00:12 --> UTF-8 Support Enabled
INFO - 2024-09-17 09:00:12 --> Utf8 Class Initialized
INFO - 2024-09-17 09:00:12 --> URI Class Initialized
INFO - 2024-09-17 09:00:12 --> Router Class Initialized
INFO - 2024-09-17 09:00:12 --> Output Class Initialized
INFO - 2024-09-17 09:00:12 --> Security Class Initialized
DEBUG - 2024-09-17 09:00:12 --> Global POST, GET and COOKIE data sanitized
INFO - 2024-09-17 09:00:12 --> Input Class Initialized
INFO - 2024-09-17 09:00:12 --> Language Class Initialized
INFO - 2024-09-17 09:00:12 --> Loader Class Initialized
INFO - 2024-09-17 09:00:12 --> Helper loaded: url_helper
INFO - 2024-09-17 09:00:12 --> Database Driver Class Initialized
INFO - 2024-09-17 09:00:12 --> Controller Class Initialized
INFO - 2024-09-17 09:00:12 --> Model "Mconfigkey" initialized
INFO - 2024-09-17 09:00:12 --> Final output sent to browser
DEBUG - 2024-09-17 09:00:12 --> Total execution time: 0.4106
INFO - 2024-09-17 09:00:44 --> Config Class Initialized
INFO - 2024-09-17 09:00:44 --> Hooks Class Initialized
DEBUG - 2024-09-17 09:00:44 --> UTF-8 Support Enabled
INFO - 2024-09-17 09:00:44 --> Utf8 Class Initialized
INFO - 2024-09-17 09:00:44 --> URI Class Initialized
INFO - 2024-09-17 09:00:44 --> Router Class Initialized
INFO - 2024-09-17 09:00:44 --> Output Class Initialized
INFO - 2024-09-17 09:00:44 --> Security Class Initialized
DEBUG - 2024-09-17 09:00:44 --> Global POST, GET and COOKIE data sanitized
INFO - 2024-09-17 09:00:44 --> Input Class Initialized
INFO - 2024-09-17 09:00:44 --> Language Class Initialized
INFO - 2024-09-17 09:00:44 --> Loader Class Initialized
INFO - 2024-09-17 09:00:44 --> Helper loaded: url_helper
INFO - 2024-09-17 09:00:44 --> Database Driver Class Initialized
INFO - 2024-09-17 09:00:44 --> Controller Class Initialized
INFO - 2024-09-17 09:00:44 --> Model "Mconfigkey" initialized
INFO - 2024-09-17 09:00:44 --> Final output sent to browser
DEBUG - 2024-09-17 09:00:44 --> Total execution time: 0.0186
INFO - 2024-09-17 10:48:11 --> Config Class Initialized
INFO - 2024-09-17 10:48:11 --> Hooks Class Initialized
DEBUG - 2024-09-17 10:48:11 --> UTF-8 Support Enabled
INFO - 2024-09-17 10:48:11 --> Utf8 Class Initialized
INFO - 2024-09-17 10:48:11 --> URI Class Initialized
INFO - 2024-09-17 10:48:11 --> Router Class Initialized
INFO - 2024-09-17 10:48:11 --> Output Class Initialized
INFO - 2024-09-17 10:48:11 --> Security Class Initialized
DEBUG - 2024-09-17 10:48:11 --> Global POST, GET and COOKIE data sanitized
INFO - 2024-09-17 10:48:11 --> Input Class Initialized
INFO - 2024-09-17 10:48:11 --> Language Class Initialized
INFO - 2024-09-17 10:48:11 --> Loader Class Initialized
INFO - 2024-09-17 10:48:11 --> Helper loaded: url_helper
INFO - 2024-09-17 10:48:11 --> Database Driver Class Initialized
INFO - 2024-09-17 10:48:11 --> Controller Class Initialized
INFO - 2024-09-17 10:48:11 --> Model "Mconfigkey" initialized
INFO - 2024-09-17 10:48:11 --> Final output sent to browser
DEBUG - 2024-09-17 10:48:11 --> Total execution time: 0.0216
INFO - 2024-09-17 10:48:15 --> Config Class Initialized
INFO - 2024-09-17 10:48:15 --> Hooks Class Initialized
DEBUG - 2024-09-17 10:48:15 --> UTF-8 Support Enabled
INFO - 2024-09-17 10:48:15 --> Utf8 Class Initialized
INFO - 2024-09-17 10:48:15 --> URI Class Initialized
INFO - 2024-09-17 10:48:15 --> Router Class Initialized
INFO - 2024-09-17 10:48:15 --> Output Class Initialized
INFO - 2024-09-17 10:48:15 --> Security Class Initialized
DEBUG - 2024-09-17 10:48:15 --> Global POST, GET and COOKIE data sanitized
INFO - 2024-09-17 10:48:15 --> Input Class Initialized
INFO - 2024-09-17 10:48:15 --> Language Class Initialized
INFO - 2024-09-17 10:48:15 --> Loader Class Initialized
INFO - 2024-09-17 10:48:15 --> Helper loaded: url_helper
INFO - 2024-09-17 10:48:15 --> Database Driver Class Initialized
INFO - 2024-09-17 10:48:15 --> Controller Class Initialized
INFO - 2024-09-17 10:48:15 --> Model "Mauth" initialized
INFO - 2024-09-17 10:48:15 --> Model "Mconfigkey" initialized
INFO - 2024-09-17 10:48:15 --> Final output sent to browser
DEBUG - 2024-09-17 10:48:15 --> Total execution time: 0.0358
INFO - 2024-09-17 10:48:34 --> Config Class Initialized
INFO - 2024-09-17 10:48:34 --> Hooks Class Initialized
DEBUG - 2024-09-17 10:48:34 --> UTF-8 Support Enabled
INFO - 2024-09-17 10:48:34 --> Utf8 Class Initialized
INFO - 2024-09-17 10:48:34 --> URI Class Initialized
INFO - 2024-09-17 10:48:34 --> Router Class Initialized
INFO - 2024-09-17 10:48:35 --> Output Class Initialized
INFO - 2024-09-17 10:48:35 --> Security Class Initialized
DEBUG - 2024-09-17 10:48:35 --> Global POST, GET and COOKIE data sanitized
INFO - 2024-09-17 10:48:35 --> Input Class Initialized
INFO - 2024-09-17 10:48:35 --> Language Class Initialized
INFO - 2024-09-17 10:48:35 --> Loader Class Initialized
INFO - 2024-09-17 10:48:35 --> Helper loaded: url_helper
INFO - 2024-09-17 10:48:35 --> Database Driver Class Initialized
INFO - 2024-09-17 10:48:35 --> Controller Class Initialized
INFO - 2024-09-17 10:48:35 --> Model "Mconfigkey" initialized
INFO - 2024-09-17 10:48:35 --> Model "Msync_doc_aw" initialized
INFO - 2024-09-17 10:48:35 --> Final output sent to browser
DEBUG - 2024-09-17 10:48:35 --> Total execution time: 0.0471
INFO - 2024-09-17 10:56:04 --> Config Class Initialized
INFO - 2024-09-17 10:56:04 --> Hooks Class Initialized
DEBUG - 2024-09-17 10:56:04 --> UTF-8 Support Enabled
INFO - 2024-09-17 10:56:04 --> Utf8 Class Initialized
INFO - 2024-09-17 10:56:04 --> URI Class Initialized
INFO - 2024-09-17 10:56:04 --> Router Class Initialized
INFO - 2024-09-17 10:56:04 --> Output Class Initialized
INFO - 2024-09-17 10:56:04 --> Security Class Initialized
DEBUG - 2024-09-17 10:56:04 --> Global POST, GET and COOKIE data sanitized
INFO - 2024-09-17 10:56:04 --> Input Class Initialized
INFO - 2024-09-17 10:56:04 --> Language Class Initialized
INFO - 2024-09-17 10:56:04 --> Loader Class Initialized
INFO - 2024-09-17 10:56:04 --> Helper loaded: url_helper
INFO - 2024-09-17 10:56:04 --> Database Driver Class Initialized
INFO - 2024-09-17 10:56:04 --> Controller Class Initialized
INFO - 2024-09-17 10:56:04 --> Model "Mconfigkey" initialized
INFO - 2024-09-17 10:56:04 --> Model "Msync_doc_aw" initialized
INFO - 2024-09-17 10:56:04 --> Final output sent to browser
DEBUG - 2024-09-17 10:56:04 --> Total execution time: 0.0400
INFO - 2024-09-17 11:52:21 --> Config Class Initialized
INFO - 2024-09-17 11:52:21 --> Hooks Class Initialized
DEBUG - 2024-09-17 11:52:21 --> UTF-8 Support Enabled
INFO - 2024-09-17 11:52:21 --> Utf8 Class Initialized
INFO - 2024-09-17 11:52:21 --> URI Class Initialized
INFO - 2024-09-17 11:52:21 --> Router Class Initialized
INFO - 2024-09-17 11:52:21 --> Output Class Initialized
INFO - 2024-09-17 11:52:21 --> Security Class Initialized
DEBUG - 2024-09-17 11:52:21 --> Global POST, GET and COOKIE data sanitized
INFO - 2024-09-17 11:52:21 --> Input Class Initialized
INFO - 2024-09-17 11:52:21 --> Language Class Initialized
INFO - 2024-09-17 11:52:21 --> Loader Class Initialized
INFO - 2024-09-17 11:52:21 --> Helper loaded: url_helper
INFO - 2024-09-17 11:52:21 --> Database Driver Class Initialized
INFO - 2024-09-17 11:52:21 --> Controller Class Initialized
INFO - 2024-09-17 11:52:21 --> Model "Mconfigkey" initialized
INFO - 2024-09-17 11:52:21 --> Model "Mgoods_in" initialized
INFO - 2024-09-17 11:52:21 --> Final output sent to browser
DEBUG - 2024-09-17 11:52:21 --> Total execution time: 0.0344
INFO - 2024-09-17 11:52:26 --> Config Class Initialized
INFO - 2024-09-17 11:52:26 --> Hooks Class Initialized
DEBUG - 2024-09-17 11:52:26 --> UTF-8 Support Enabled
INFO - 2024-09-17 11:52:26 --> Utf8 Class Initialized
INFO - 2024-09-17 11:52:26 --> URI Class Initialized
INFO - 2024-09-17 11:52:26 --> Router Class Initialized
INFO - 2024-09-17 11:52:26 --> Output Class Initialized
INFO - 2024-09-17 11:52:26 --> Security Class Initialized
DEBUG - 2024-09-17 11:52:26 --> Global POST, GET and COOKIE data sanitized
INFO - 2024-09-17 11:52:26 --> Input Class Initialized
INFO - 2024-09-17 11:52:26 --> Language Class Initialized
INFO - 2024-09-17 11:52:26 --> Loader Class Initialized
INFO - 2024-09-17 11:52:26 --> Helper loaded: url_helper
INFO - 2024-09-17 11:52:26 --> Database Driver Class Initialized
INFO - 2024-09-17 11:52:26 --> Controller Class Initialized
INFO - 2024-09-17 11:52:26 --> Model "Mconfigkey" initialized
INFO - 2024-09-17 11:52:26 --> Model "Mgoods_in" initialized
INFO - 2024-09-17 11:52:26 --> Final output sent to browser
DEBUG - 2024-09-17 11:52:26 --> Total execution time: 0.2340
INFO - 2024-09-17 14:29:36 --> Config Class Initialized
INFO - 2024-09-17 14:29:36 --> Hooks Class Initialized
DEBUG - 2024-09-17 14:29:36 --> UTF-8 Support Enabled
INFO - 2024-09-17 14:29:36 --> Utf8 Class Initialized
INFO - 2024-09-17 14:29:36 --> URI Class Initialized
INFO - 2024-09-17 14:29:36 --> Router Class Initialized
INFO - 2024-09-17 14:29:36 --> Output Class Initialized
INFO - 2024-09-17 14:29:36 --> Security Class Initialized
DEBUG - 2024-09-17 14:29:36 --> Global POST, GET and COOKIE data sanitized
INFO - 2024-09-17 14:29:36 --> Input Class Initialized
INFO - 2024-09-17 14:29:36 --> Language Class Initialized
INFO - 2024-09-17 14:29:36 --> Loader Class Initialized
INFO - 2024-09-17 14:29:37 --> Helper loaded: url_helper
INFO - 2024-09-17 14:29:37 --> Database Driver Class Initialized
INFO - 2024-09-17 14:29:37 --> Controller Class Initialized
INFO - 2024-09-17 14:29:37 --> Model "Mconfigkey" initialized
INFO - 2024-09-17 14:29:37 --> Final output sent to browser
DEBUG - 2024-09-17 14:29:37 --> Total execution time: 0.4107
INFO - 2024-09-17 14:29:45 --> Config Class Initialized
INFO - 2024-09-17 14:29:45 --> Hooks Class Initialized
DEBUG - 2024-09-17 14:29:45 --> UTF-8 Support Enabled
INFO - 2024-09-17 14:29:45 --> Utf8 Class Initialized
INFO - 2024-09-17 14:29:45 --> URI Class Initialized
INFO - 2024-09-17 14:29:45 --> Router Class Initialized
INFO - 2024-09-17 14:29:45 --> Output Class Initialized
INFO - 2024-09-17 14:29:45 --> Security Class Initialized
DEBUG - 2024-09-17 14:29:45 --> Global POST, GET and COOKIE data sanitized
INFO - 2024-09-17 14:29:45 --> Input Class Initialized
INFO - 2024-09-17 14:29:45 --> Language Class Initialized
INFO - 2024-09-17 14:29:45 --> Loader Class Initialized
INFO - 2024-09-17 14:29:45 --> Helper loaded: url_helper
INFO - 2024-09-17 14:29:45 --> Database Driver Class Initialized
INFO - 2024-09-17 14:29:45 --> Controller Class Initialized
INFO - 2024-09-17 14:29:45 --> Model "Mauth" initialized
INFO - 2024-09-17 14:29:45 --> Model "Mconfigkey" initialized
INFO - 2024-09-17 14:29:45 --> Final output sent to browser
DEBUG - 2024-09-17 14:29:45 --> Total execution time: 0.0395
INFO - 2024-09-17 14:31:36 --> Config Class Initialized
INFO - 2024-09-17 14:31:36 --> Hooks Class Initialized
DEBUG - 2024-09-17 14:31:36 --> UTF-8 Support Enabled
INFO - 2024-09-17 14:31:36 --> Utf8 Class Initialized
INFO - 2024-09-17 14:31:36 --> URI Class Initialized
INFO - 2024-09-17 14:31:36 --> Router Class Initialized
INFO - 2024-09-17 14:31:36 --> Output Class Initialized
INFO - 2024-09-17 14:31:36 --> Security Class Initialized
DEBUG - 2024-09-17 14:31:36 --> Global POST, GET and COOKIE data sanitized
INFO - 2024-09-17 14:31:36 --> Input Class Initialized
INFO - 2024-09-17 14:31:36 --> Language Class Initialized
INFO - 2024-09-17 14:31:36 --> Loader Class Initialized
INFO - 2024-09-17 14:31:36 --> Helper loaded: url_helper
INFO - 2024-09-17 14:31:36 --> Database Driver Class Initialized
INFO - 2024-09-17 14:31:36 --> Controller Class Initialized
INFO - 2024-09-17 14:31:36 --> Model "Mconfigkey" initialized
INFO - 2024-09-17 14:31:36 --> Model "Msync_doc_aw" initialized
INFO - 2024-09-17 14:31:36 --> Final output sent to browser
DEBUG - 2024-09-17 14:31:36 --> Total execution time: 0.0556
INFO - 2024-09-17 14:44:06 --> Config Class Initialized
INFO - 2024-09-17 14:44:06 --> Hooks Class Initialized
DEBUG - 2024-09-17 14:44:06 --> UTF-8 Support Enabled
INFO - 2024-09-17 14:44:06 --> Utf8 Class Initialized
INFO - 2024-09-17 14:44:06 --> URI Class Initialized
INFO - 2024-09-17 14:44:06 --> Router Class Initialized
INFO - 2024-09-17 14:44:06 --> Output Class Initialized
INFO - 2024-09-17 14:44:06 --> Security Class Initialized
DEBUG - 2024-09-17 14:44:06 --> Global POST, GET and COOKIE data sanitized
INFO - 2024-09-17 14:44:06 --> Input Class Initialized
INFO - 2024-09-17 14:44:06 --> Language Class Initialized
INFO - 2024-09-17 14:44:06 --> Loader Class Initialized
INFO - 2024-09-17 14:44:06 --> Helper loaded: url_helper
INFO - 2024-09-17 14:44:06 --> Database Driver Class Initialized
INFO - 2024-09-17 14:44:06 --> Controller Class Initialized
INFO - 2024-09-17 14:44:06 --> Model "Mconfigkey" initialized
INFO - 2024-09-17 14:44:06 --> Final output sent to browser
DEBUG - 2024-09-17 14:44:06 --> Total execution time: 0.0213
INFO - 2024-09-17 16:38:00 --> Config Class Initialized
INFO - 2024-09-17 16:38:00 --> Hooks Class Initialized
DEBUG - 2024-09-17 16:38:00 --> UTF-8 Support Enabled
INFO - 2024-09-17 16:38:00 --> Utf8 Class Initialized
INFO - 2024-09-17 16:38:00 --> URI Class Initialized
INFO - 2024-09-17 16:38:00 --> Router Class Initialized
INFO - 2024-09-17 16:38:00 --> Output Class Initialized
INFO - 2024-09-17 16:38:00 --> Security Class Initialized
DEBUG - 2024-09-17 16:38:00 --> Global POST, GET and COOKIE data sanitized
INFO - 2024-09-17 16:38:00 --> Input Class Initialized
INFO - 2024-09-17 16:38:00 --> Language Class Initialized
INFO - 2024-09-17 16:38:00 --> Loader Class Initialized
INFO - 2024-09-17 16:38:00 --> Helper loaded: url_helper
INFO - 2024-09-17 16:38:01 --> Database Driver Class Initialized
INFO - 2024-09-17 16:38:01 --> Controller Class Initialized
INFO - 2024-09-17 16:38:01 --> Model "Mauth" initialized
INFO - 2024-09-17 16:38:01 --> Model "Mconfigkey" initialized
INFO - 2024-09-17 16:38:01 --> Final output sent to browser
DEBUG - 2024-09-17 16:38:01 --> Total execution time: 0.0270
INFO - 2024-09-17 16:38:04 --> Config Class Initialized
INFO - 2024-09-17 16:38:04 --> Hooks Class Initialized
DEBUG - 2024-09-17 16:38:04 --> UTF-8 Support Enabled
INFO - 2024-09-17 16:38:04 --> Utf8 Class Initialized
INFO - 2024-09-17 16:38:04 --> URI Class Initialized
INFO - 2024-09-17 16:38:04 --> Router Class Initialized
INFO - 2024-09-17 16:38:04 --> Output Class Initialized
INFO - 2024-09-17 16:38:04 --> Security Class Initialized
DEBUG - 2024-09-17 16:38:04 --> Global POST, GET and COOKIE data sanitized
INFO - 2024-09-17 16:38:04 --> Input Class Initialized
INFO - 2024-09-17 16:38:04 --> Language Class Initialized
INFO - 2024-09-17 16:38:04 --> Loader Class Initialized
INFO - 2024-09-17 16:38:04 --> Helper loaded: url_helper
INFO - 2024-09-17 16:38:04 --> Database Driver Class Initialized
INFO - 2024-09-17 16:38:04 --> Controller Class Initialized
INFO - 2024-09-17 16:38:04 --> Model "Mconfigkey" initialized
INFO - 2024-09-17 16:38:04 --> Model "Msync_doc_aw" initialized
INFO - 2024-09-17 16:38:04 --> Final output sent to browser
DEBUG - 2024-09-17 16:38:04 --> Total execution time: 0.0392
INFO - 2024-09-17 16:41:51 --> Config Class Initialized
INFO - 2024-09-17 16:41:51 --> Hooks Class Initialized
DEBUG - 2024-09-17 16:41:51 --> UTF-8 Support Enabled
INFO - 2024-09-17 16:41:51 --> Utf8 Class Initialized
INFO - 2024-09-17 16:41:51 --> URI Class Initialized
INFO - 2024-09-17 16:41:51 --> Router Class Initialized
INFO - 2024-09-17 16:41:51 --> Output Class Initialized
INFO - 2024-09-17 16:41:51 --> Security Class Initialized
DEBUG - 2024-09-17 16:41:51 --> Global POST, GET and COOKIE data sanitized
INFO - 2024-09-17 16:41:51 --> Input Class Initialized
INFO - 2024-09-17 16:41:51 --> Language Class Initialized
INFO - 2024-09-17 16:41:51 --> Loader Class Initialized
INFO - 2024-09-17 16:41:51 --> Helper loaded: url_helper
INFO - 2024-09-17 16:41:51 --> Database Driver Class Initialized
INFO - 2024-09-17 16:41:51 --> Controller Class Initialized
INFO - 2024-09-17 16:41:51 --> Model "Mconfigkey" initialized
INFO - 2024-09-17 16:41:51 --> Final output sent to browser
DEBUG - 2024-09-17 16:41:51 --> Total execution time: 0.0205
INFO - 2024-09-17 16:41:58 --> Config Class Initialized
INFO - 2024-09-17 16:41:58 --> Hooks Class Initialized
DEBUG - 2024-09-17 16:41:58 --> UTF-8 Support Enabled
INFO - 2024-09-17 16:41:58 --> Utf8 Class Initialized
INFO - 2024-09-17 16:41:58 --> URI Class Initialized
INFO - 2024-09-17 16:41:58 --> Router Class Initialized
INFO - 2024-09-17 16:41:58 --> Output Class Initialized
INFO - 2024-09-17 16:41:58 --> Security Class Initialized
DEBUG - 2024-09-17 16:41:58 --> Global POST, GET and COOKIE data sanitized
INFO - 2024-09-17 16:41:58 --> Input Class Initialized
INFO - 2024-09-17 16:41:58 --> Language Class Initialized
INFO - 2024-09-17 16:41:58 --> Loader Class Initialized
INFO - 2024-09-17 16:41:58 --> Helper loaded: url_helper
INFO - 2024-09-17 16:41:58 --> Database Driver Class Initialized
INFO - 2024-09-17 16:41:58 --> Controller Class Initialized
INFO - 2024-09-17 16:41:58 --> Model "Mconfigkey" initialized
INFO - 2024-09-17 16:41:58 --> Model "Msync_doc_aw" initialized
INFO - 2024-09-17 16:41:58 --> Final output sent to browser
DEBUG - 2024-09-17 16:41:58 --> Total execution time: 0.0382
INFO - 2024-09-17 16:42:06 --> Config Class Initialized
INFO - 2024-09-17 16:42:06 --> Hooks Class Initialized
DEBUG - 2024-09-17 16:42:06 --> UTF-8 Support Enabled
INFO - 2024-09-17 16:42:06 --> Utf8 Class Initialized
INFO - 2024-09-17 16:42:06 --> URI Class Initialized
INFO - 2024-09-17 16:42:06 --> Router Class Initialized
INFO - 2024-09-17 16:42:06 --> Output Class Initialized
INFO - 2024-09-17 16:42:06 --> Security Class Initialized
DEBUG - 2024-09-17 16:42:06 --> Global POST, GET and COOKIE data sanitized
INFO - 2024-09-17 16:42:06 --> Input Class Initialized
INFO - 2024-09-17 16:42:06 --> Language Class Initialized
INFO - 2024-09-17 16:42:06 --> Loader Class Initialized
INFO - 2024-09-17 16:42:06 --> Helper loaded: url_helper
INFO - 2024-09-17 16:42:06 --> Database Driver Class Initialized
INFO - 2024-09-17 16:42:06 --> Controller Class Initialized
INFO - 2024-09-17 16:42:06 --> Model "Mconfigkey" initialized
INFO - 2024-09-17 16:42:06 --> Model "Msync_doc_aw" initialized
INFO - 2024-09-17 16:42:06 --> Final output sent to browser
DEBUG - 2024-09-17 16:42:06 --> Total execution time: 0.0381
INFO - 2024-09-17 16:42:10 --> Config Class Initialized
INFO - 2024-09-17 16:42:10 --> Hooks Class Initialized
DEBUG - 2024-09-17 16:42:10 --> UTF-8 Support Enabled
INFO - 2024-09-17 16:42:10 --> Utf8 Class Initialized
INFO - 2024-09-17 16:42:10 --> URI Class Initialized
INFO - 2024-09-17 16:42:10 --> Router Class Initialized
INFO - 2024-09-17 16:42:10 --> Output Class Initialized
INFO - 2024-09-17 16:42:10 --> Security Class Initialized
DEBUG - 2024-09-17 16:42:10 --> Global POST, GET and COOKIE data sanitized
INFO - 2024-09-17 16:42:10 --> Input Class Initialized
INFO - 2024-09-17 16:42:10 --> Language Class Initialized
INFO - 2024-09-17 16:42:10 --> Loader Class Initialized
INFO - 2024-09-17 16:42:10 --> Helper loaded: url_helper
INFO - 2024-09-17 16:42:10 --> Database Driver Class Initialized
INFO - 2024-09-17 16:42:10 --> Controller Class Initialized
INFO - 2024-09-17 16:42:10 --> Model "Mconfigkey" initialized
INFO - 2024-09-17 16:42:10 --> Model "Msync_doc_aw" initialized
INFO - 2024-09-17 16:42:10 --> Final output sent to browser
DEBUG - 2024-09-17 16:42:10 --> Total execution time: 0.0385
INFO - 2024-09-17 16:42:15 --> Config Class Initialized
INFO - 2024-09-17 16:42:15 --> Hooks Class Initialized
DEBUG - 2024-09-17 16:42:15 --> UTF-8 Support Enabled
INFO - 2024-09-17 16:42:15 --> Utf8 Class Initialized
INFO - 2024-09-17 16:42:15 --> URI Class Initialized
INFO - 2024-09-17 16:42:15 --> Router Class Initialized
INFO - 2024-09-17 16:42:15 --> Output Class Initialized
INFO - 2024-09-17 16:42:15 --> Security Class Initialized
DEBUG - 2024-09-17 16:42:15 --> Global POST, GET and COOKIE data sanitized
INFO - 2024-09-17 16:42:15 --> Input Class Initialized
INFO - 2024-09-17 16:42:15 --> Language Class Initialized
INFO - 2024-09-17 16:42:15 --> Loader Class Initialized
INFO - 2024-09-17 16:42:15 --> Helper loaded: url_helper
INFO - 2024-09-17 16:42:15 --> Database Driver Class Initialized
INFO - 2024-09-17 16:42:15 --> Controller Class Initialized
INFO - 2024-09-17 16:42:15 --> Model "Mconfigkey" initialized
INFO - 2024-09-17 16:42:15 --> Model "Mportal_data" initialized
INFO - 2024-09-17 16:42:15 --> Final output sent to browser
DEBUG - 2024-09-17 16:42:15 --> Total execution time: 0.0341
INFO - 2024-09-17 16:42:53 --> Config Class Initialized
INFO - 2024-09-17 16:42:53 --> Hooks Class Initialized
DEBUG - 2024-09-17 16:42:53 --> UTF-8 Support Enabled
INFO - 2024-09-17 16:42:53 --> Utf8 Class Initialized
INFO - 2024-09-17 16:42:53 --> URI Class Initialized
INFO - 2024-09-17 16:42:53 --> Router Class Initialized
INFO - 2024-09-17 16:42:53 --> Output Class Initialized
INFO - 2024-09-17 16:42:53 --> Security Class Initialized
DEBUG - 2024-09-17 16:42:53 --> Global POST, GET and COOKIE data sanitized
INFO - 2024-09-17 16:42:53 --> Input Class Initialized
INFO - 2024-09-17 16:42:53 --> Language Class Initialized
INFO - 2024-09-17 16:42:53 --> Loader Class Initialized
INFO - 2024-09-17 16:42:53 --> Helper loaded: url_helper
INFO - 2024-09-17 16:42:53 --> Database Driver Class Initialized
INFO - 2024-09-17 16:42:53 --> Controller Class Initialized
INFO - 2024-09-17 16:42:56 --> Model "Mportal_data" initialized
INFO - 2024-09-17 16:43:01 --> Final output sent to browser
DEBUG - 2024-09-17 16:43:01 --> Total execution time: 7.4757
INFO - 2024-09-17 16:43:34 --> Config Class Initialized
INFO - 2024-09-17 16:43:34 --> Hooks Class Initialized
DEBUG - 2024-09-17 16:43:34 --> UTF-8 Support Enabled
INFO - 2024-09-17 16:43:34 --> Utf8 Class Initialized
INFO - 2024-09-17 16:43:34 --> URI Class Initialized
INFO - 2024-09-17 16:43:34 --> Router Class Initialized
INFO - 2024-09-17 16:43:34 --> Output Class Initialized
INFO - 2024-09-17 16:43:34 --> Security Class Initialized
DEBUG - 2024-09-17 16:43:34 --> Global POST, GET and COOKIE data sanitized
INFO - 2024-09-17 16:43:34 --> Input Class Initialized
INFO - 2024-09-17 16:43:34 --> Language Class Initialized
INFO - 2024-09-17 16:43:34 --> Loader Class Initialized
INFO - 2024-09-17 16:43:34 --> Helper loaded: url_helper
INFO - 2024-09-17 16:43:34 --> Database Driver Class Initialized
INFO - 2024-09-17 16:43:34 --> Controller Class Initialized
INFO - 2024-09-17 16:43:35 --> Model "Mportal_data" initialized
INFO - 2024-09-17 16:43:38 --> Final output sent to browser
DEBUG - 2024-09-17 16:43:38 --> Total execution time: 3.9324
INFO - 2024-09-17 16:43:49 --> Config Class Initialized
INFO - 2024-09-17 16:43:49 --> Hooks Class Initialized
DEBUG - 2024-09-17 16:43:49 --> UTF-8 Support Enabled
INFO - 2024-09-17 16:43:49 --> Utf8 Class Initialized
INFO - 2024-09-17 16:43:49 --> URI Class Initialized
INFO - 2024-09-17 16:43:49 --> Router Class Initialized
INFO - 2024-09-17 16:43:49 --> Output Class Initialized
INFO - 2024-09-17 16:43:49 --> Security Class Initialized
DEBUG - 2024-09-17 16:43:49 --> Global POST, GET and COOKIE data sanitized
INFO - 2024-09-17 16:43:49 --> Input Class Initialized
INFO - 2024-09-17 16:43:49 --> Language Class Initialized
INFO - 2024-09-17 16:43:49 --> Loader Class Initialized
INFO - 2024-09-17 16:43:49 --> Helper loaded: url_helper
INFO - 2024-09-17 16:43:49 --> Database Driver Class Initialized
INFO - 2024-09-17 16:43:49 --> Controller Class Initialized
INFO - 2024-09-17 16:43:49 --> Model "Mconfigkey" initialized
INFO - 2024-09-17 16:43:49 --> Model "Msync_doc_aw" initialized
INFO - 2024-09-17 16:43:49 --> Final output sent to browser
DEBUG - 2024-09-17 16:43:49 --> Total execution time: 0.0399
INFO - 2024-09-17 16:43:53 --> Config Class Initialized
INFO - 2024-09-17 16:43:53 --> Hooks Class Initialized
DEBUG - 2024-09-17 16:43:53 --> UTF-8 Support Enabled
INFO - 2024-09-17 16:43:53 --> Utf8 Class Initialized
INFO - 2024-09-17 16:43:53 --> URI Class Initialized
INFO - 2024-09-17 16:43:53 --> Router Class Initialized
INFO - 2024-09-17 16:43:53 --> Output Class Initialized
INFO - 2024-09-17 16:43:53 --> Security Class Initialized
DEBUG - 2024-09-17 16:43:53 --> Global POST, GET and COOKIE data sanitized
INFO - 2024-09-17 16:43:53 --> Input Class Initialized
INFO - 2024-09-17 16:43:53 --> Language Class Initialized
INFO - 2024-09-17 16:43:53 --> Loader Class Initialized
INFO - 2024-09-17 16:43:53 --> Helper loaded: url_helper
INFO - 2024-09-17 16:43:53 --> Database Driver Class Initialized
INFO - 2024-09-17 16:43:53 --> Controller Class Initialized
INFO - 2024-09-17 16:43:53 --> Model "Mconfigkey" initialized
INFO - 2024-09-17 16:43:53 --> Model "Msync_doc_aw" initialized
INFO - 2024-09-17 16:43:53 --> Final output sent to browser
DEBUG - 2024-09-17 16:43:53 --> Total execution time: 0.0376
INFO - 2024-09-17 16:44:10 --> Config Class Initialized
INFO - 2024-09-17 16:44:10 --> Hooks Class Initialized
DEBUG - 2024-09-17 16:44:10 --> UTF-8 Support Enabled
INFO - 2024-09-17 16:44:10 --> Utf8 Class Initialized
INFO - 2024-09-17 16:44:10 --> URI Class Initialized
INFO - 2024-09-17 16:44:10 --> Router Class Initialized
INFO - 2024-09-17 16:44:10 --> Output Class Initialized
INFO - 2024-09-17 16:44:10 --> Security Class Initialized
DEBUG - 2024-09-17 16:44:10 --> Global POST, GET and COOKIE data sanitized
INFO - 2024-09-17 16:44:10 --> Input Class Initialized
INFO - 2024-09-17 16:44:10 --> Language Class Initialized
INFO - 2024-09-17 16:44:10 --> Loader Class Initialized
INFO - 2024-09-17 16:44:10 --> Helper loaded: url_helper
INFO - 2024-09-17 16:44:10 --> Database Driver Class Initialized
INFO - 2024-09-17 16:44:10 --> Controller Class Initialized
INFO - 2024-09-17 16:44:10 --> Model "Mconfigkey" initialized
INFO - 2024-09-17 16:44:10 --> Model "Mgoods_in" initialized
INFO - 2024-09-17 16:44:10 --> Final output sent to browser
DEBUG - 2024-09-17 16:44:10 --> Total execution time: 0.0319
INFO - 2024-09-17 16:44:16 --> Config Class Initialized
INFO - 2024-09-17 16:44:16 --> Hooks Class Initialized
DEBUG - 2024-09-17 16:44:16 --> UTF-8 Support Enabled
INFO - 2024-09-17 16:44:16 --> Utf8 Class Initialized
INFO - 2024-09-17 16:44:16 --> URI Class Initialized
INFO - 2024-09-17 16:44:16 --> Router Class Initialized
INFO - 2024-09-17 16:44:16 --> Output Class Initialized
INFO - 2024-09-17 16:44:16 --> Security Class Initialized
DEBUG - 2024-09-17 16:44:16 --> Global POST, GET and COOKIE data sanitized
INFO - 2024-09-17 16:44:16 --> Input Class Initialized
INFO - 2024-09-17 16:44:16 --> Language Class Initialized
INFO - 2024-09-17 16:44:16 --> Loader Class Initialized
INFO - 2024-09-17 16:44:16 --> Helper loaded: url_helper
INFO - 2024-09-17 16:44:16 --> Database Driver Class Initialized
INFO - 2024-09-17 16:44:16 --> Controller Class Initialized
INFO - 2024-09-17 16:44:16 --> Model "Mconfigkey" initialized
INFO - 2024-09-17 16:44:16 --> Model "Mgoods_in" initialized
INFO - 2024-09-17 16:44:16 --> Final output sent to browser
DEBUG - 2024-09-17 16:44:16 --> Total execution time: 0.0444
INFO - 2024-09-17 16:44:23 --> Config Class Initialized
INFO - 2024-09-17 16:44:23 --> Hooks Class Initialized
DEBUG - 2024-09-17 16:44:23 --> UTF-8 Support Enabled
INFO - 2024-09-17 16:44:23 --> Utf8 Class Initialized
INFO - 2024-09-17 16:44:23 --> URI Class Initialized
INFO - 2024-09-17 16:44:23 --> Router Class Initialized
INFO - 2024-09-17 16:44:23 --> Output Class Initialized
INFO - 2024-09-17 16:44:23 --> Security Class Initialized
DEBUG - 2024-09-17 16:44:23 --> Global POST, GET and COOKIE data sanitized
INFO - 2024-09-17 16:44:23 --> Input Class Initialized
INFO - 2024-09-17 16:44:23 --> Language Class Initialized
INFO - 2024-09-17 16:44:23 --> Loader Class Initialized
INFO - 2024-09-17 16:44:23 --> Helper loaded: url_helper
INFO - 2024-09-17 16:44:23 --> Database Driver Class Initialized
INFO - 2024-09-17 16:44:23 --> Controller Class Initialized
INFO - 2024-09-17 16:44:23 --> Model "Mconfigkey" initialized
INFO - 2024-09-17 16:44:23 --> Model "Mgoods_in" initialized
INFO - 2024-09-17 16:44:23 --> Final output sent to browser
DEBUG - 2024-09-17 16:44:23 --> Total execution time: 0.0476
INFO - 2024-09-17 16:44:24 --> Config Class Initialized
INFO - 2024-09-17 16:44:24 --> Hooks Class Initialized
DEBUG - 2024-09-17 16:44:24 --> UTF-8 Support Enabled
INFO - 2024-09-17 16:44:24 --> Utf8 Class Initialized
INFO - 2024-09-17 16:44:24 --> URI Class Initialized
INFO - 2024-09-17 16:44:24 --> Router Class Initialized
INFO - 2024-09-17 16:44:24 --> Output Class Initialized
INFO - 2024-09-17 16:44:24 --> Security Class Initialized
DEBUG - 2024-09-17 16:44:24 --> Global POST, GET and COOKIE data sanitized
INFO - 2024-09-17 16:44:24 --> Input Class Initialized
INFO - 2024-09-17 16:44:24 --> Language Class Initialized
INFO - 2024-09-17 16:44:24 --> Loader Class Initialized
INFO - 2024-09-17 16:44:24 --> Helper loaded: url_helper
INFO - 2024-09-17 16:44:24 --> Database Driver Class Initialized
INFO - 2024-09-17 16:44:24 --> Controller Class Initialized
INFO - 2024-09-17 16:44:24 --> Model "Mconfigkey" initialized
INFO - 2024-09-17 16:44:24 --> Model "Mgoods_in" initialized
INFO - 2024-09-17 16:44:24 --> Final output sent to browser
DEBUG - 2024-09-17 16:44:24 --> Total execution time: 0.0461
INFO - 2024-09-17 16:44:25 --> Config Class Initialized
INFO - 2024-09-17 16:44:25 --> Hooks Class Initialized
DEBUG - 2024-09-17 16:44:25 --> UTF-8 Support Enabled
INFO - 2024-09-17 16:44:25 --> Utf8 Class Initialized
INFO - 2024-09-17 16:44:25 --> URI Class Initialized
INFO - 2024-09-17 16:44:25 --> Router Class Initialized
INFO - 2024-09-17 16:44:25 --> Output Class Initialized
INFO - 2024-09-17 16:44:25 --> Security Class Initialized
DEBUG - 2024-09-17 16:44:25 --> Global POST, GET and COOKIE data sanitized
INFO - 2024-09-17 16:44:25 --> Input Class Initialized
INFO - 2024-09-17 16:44:25 --> Language Class Initialized
INFO - 2024-09-17 16:44:25 --> Loader Class Initialized
INFO - 2024-09-17 16:44:25 --> Helper loaded: url_helper
INFO - 2024-09-17 16:44:25 --> Database Driver Class Initialized
INFO - 2024-09-17 16:44:25 --> Controller Class Initialized
INFO - 2024-09-17 16:44:25 --> Model "Mconfigkey" initialized
INFO - 2024-09-17 16:44:25 --> Model "Mgoods_in" initialized
INFO - 2024-09-17 16:44:25 --> Final output sent to browser
DEBUG - 2024-09-17 16:44:25 --> Total execution time: 0.0474
INFO - 2024-09-17 16:44:27 --> Config Class Initialized
INFO - 2024-09-17 16:44:27 --> Hooks Class Initialized
DEBUG - 2024-09-17 16:44:27 --> UTF-8 Support Enabled
INFO - 2024-09-17 16:44:27 --> Utf8 Class Initialized
INFO - 2024-09-17 16:44:27 --> URI Class Initialized
INFO - 2024-09-17 16:44:27 --> Router Class Initialized
INFO - 2024-09-17 16:44:27 --> Output Class Initialized
INFO - 2024-09-17 16:44:27 --> Security Class Initialized
DEBUG - 2024-09-17 16:44:27 --> Global POST, GET and COOKIE data sanitized
INFO - 2024-09-17 16:44:27 --> Input Class Initialized
INFO - 2024-09-17 16:44:27 --> Language Class Initialized
INFO - 2024-09-17 16:44:27 --> Loader Class Initialized
INFO - 2024-09-17 16:44:27 --> Helper loaded: url_helper
INFO - 2024-09-17 16:44:27 --> Database Driver Class Initialized
INFO - 2024-09-17 16:44:27 --> Controller Class Initialized
INFO - 2024-09-17 16:44:27 --> Model "Mconfigkey" initialized
INFO - 2024-09-17 16:44:27 --> Model "Mgoods_in" initialized
INFO - 2024-09-17 16:44:27 --> Final output sent to browser
DEBUG - 2024-09-17 16:44:27 --> Total execution time: 0.0465
INFO - 2024-09-17 16:44:28 --> Config Class Initialized
INFO - 2024-09-17 16:44:28 --> Hooks Class Initialized
DEBUG - 2024-09-17 16:44:28 --> UTF-8 Support Enabled
INFO - 2024-09-17 16:44:28 --> Utf8 Class Initialized
INFO - 2024-09-17 16:44:28 --> URI Class Initialized
INFO - 2024-09-17 16:44:28 --> Router Class Initialized
INFO - 2024-09-17 16:44:28 --> Output Class Initialized
INFO - 2024-09-17 16:44:28 --> Security Class Initialized
DEBUG - 2024-09-17 16:44:28 --> Global POST, GET and COOKIE data sanitized
INFO - 2024-09-17 16:44:28 --> Input Class Initialized
INFO - 2024-09-17 16:44:28 --> Language Class Initialized
INFO - 2024-09-17 16:44:28 --> Loader Class Initialized
INFO - 2024-09-17 16:44:28 --> Helper loaded: url_helper
INFO - 2024-09-17 16:44:28 --> Database Driver Class Initialized
INFO - 2024-09-17 16:44:28 --> Controller Class Initialized
INFO - 2024-09-17 16:44:28 --> Model "Mconfigkey" initialized
INFO - 2024-09-17 16:44:28 --> Model "Mgoods_in" initialized
INFO - 2024-09-17 16:44:28 --> Final output sent to browser
DEBUG - 2024-09-17 16:44:28 --> Total execution time: 0.0463
INFO - 2024-09-17 16:44:28 --> Config Class Initialized
INFO - 2024-09-17 16:44:28 --> Hooks Class Initialized
DEBUG - 2024-09-17 16:44:28 --> UTF-8 Support Enabled
INFO - 2024-09-17 16:44:28 --> Utf8 Class Initialized
INFO - 2024-09-17 16:44:28 --> URI Class Initialized
INFO - 2024-09-17 16:44:28 --> Router Class Initialized
INFO - 2024-09-17 16:44:28 --> Output Class Initialized
INFO - 2024-09-17 16:44:28 --> Security Class Initialized
DEBUG - 2024-09-17 16:44:28 --> Global POST, GET and COOKIE data sanitized
INFO - 2024-09-17 16:44:28 --> Input Class Initialized
INFO - 2024-09-17 16:44:28 --> Language Class Initialized
INFO - 2024-09-17 16:44:28 --> Loader Class Initialized
INFO - 2024-09-17 16:44:28 --> Helper loaded: url_helper
INFO - 2024-09-17 16:44:28 --> Database Driver Class Initialized
INFO - 2024-09-17 16:44:28 --> Controller Class Initialized
INFO - 2024-09-17 16:44:28 --> Model "Mconfigkey" initialized
INFO - 2024-09-17 16:44:28 --> Model "Mgoods_in" initialized
INFO - 2024-09-17 16:44:28 --> Final output sent to browser
DEBUG - 2024-09-17 16:44:28 --> Total execution time: 0.0465
INFO - 2024-09-17 16:44:28 --> Config Class Initialized
INFO - 2024-09-17 16:44:28 --> Hooks Class Initialized
DEBUG - 2024-09-17 16:44:28 --> UTF-8 Support Enabled
INFO - 2024-09-17 16:44:28 --> Utf8 Class Initialized
INFO - 2024-09-17 16:44:28 --> URI Class Initialized
INFO - 2024-09-17 16:44:28 --> Router Class Initialized
INFO - 2024-09-17 16:44:28 --> Output Class Initialized
INFO - 2024-09-17 16:44:28 --> Security Class Initialized
DEBUG - 2024-09-17 16:44:28 --> Global POST, GET and COOKIE data sanitized
INFO - 2024-09-17 16:44:28 --> Input Class Initialized
INFO - 2024-09-17 16:44:28 --> Language Class Initialized
INFO - 2024-09-17 16:44:28 --> Loader Class Initialized
INFO - 2024-09-17 16:44:28 --> Helper loaded: url_helper
INFO - 2024-09-17 16:44:28 --> Database Driver Class Initialized
INFO - 2024-09-17 16:44:28 --> Controller Class Initialized
INFO - 2024-09-17 16:44:28 --> Model "Mconfigkey" initialized
INFO - 2024-09-17 16:44:28 --> Model "Mgoods_in" initialized
INFO - 2024-09-17 16:44:28 --> Final output sent to browser
DEBUG - 2024-09-17 16:44:28 --> Total execution time: 0.0542
INFO - 2024-09-17 16:44:28 --> Config Class Initialized
INFO - 2024-09-17 16:44:28 --> Hooks Class Initialized
DEBUG - 2024-09-17 16:44:28 --> UTF-8 Support Enabled
INFO - 2024-09-17 16:44:28 --> Utf8 Class Initialized
INFO - 2024-09-17 16:44:28 --> URI Class Initialized
INFO - 2024-09-17 16:44:28 --> Router Class Initialized
INFO - 2024-09-17 16:44:28 --> Output Class Initialized
INFO - 2024-09-17 16:44:28 --> Security Class Initialized
DEBUG - 2024-09-17 16:44:28 --> Global POST, GET and COOKIE data sanitized
INFO - 2024-09-17 16:44:28 --> Input Class Initialized
INFO - 2024-09-17 16:44:28 --> Language Class Initialized
INFO - 2024-09-17 16:44:28 --> Loader Class Initialized
INFO - 2024-09-17 16:44:28 --> Helper loaded: url_helper
INFO - 2024-09-17 16:44:28 --> Database Driver Class Initialized
INFO - 2024-09-17 16:44:28 --> Controller Class Initialized
INFO - 2024-09-17 16:44:28 --> Model "Mconfigkey" initialized
INFO - 2024-09-17 16:44:28 --> Model "Mgoods_in" initialized
INFO - 2024-09-17 16:44:28 --> Final output sent to browser
DEBUG - 2024-09-17 16:44:28 --> Total execution time: 0.0473
INFO - 2024-09-17 16:44:28 --> Config Class Initialized
INFO - 2024-09-17 16:44:28 --> Hooks Class Initialized
DEBUG - 2024-09-17 16:44:28 --> UTF-8 Support Enabled
INFO - 2024-09-17 16:44:28 --> Utf8 Class Initialized
INFO - 2024-09-17 16:44:28 --> URI Class Initialized
INFO - 2024-09-17 16:44:28 --> Router Class Initialized
INFO - 2024-09-17 16:44:28 --> Output Class Initialized
INFO - 2024-09-17 16:44:28 --> Security Class Initialized
DEBUG - 2024-09-17 16:44:28 --> Global POST, GET and COOKIE data sanitized
INFO - 2024-09-17 16:44:28 --> Input Class Initialized
INFO - 2024-09-17 16:44:28 --> Language Class Initialized
INFO - 2024-09-17 16:44:28 --> Loader Class Initialized
INFO - 2024-09-17 16:44:28 --> Helper loaded: url_helper
INFO - 2024-09-17 16:44:28 --> Database Driver Class Initialized
INFO - 2024-09-17 16:44:28 --> Controller Class Initialized
INFO - 2024-09-17 16:44:28 --> Model "Mconfigkey" initialized
INFO - 2024-09-17 16:44:28 --> Model "Mgoods_in" initialized
INFO - 2024-09-17 16:44:28 --> Final output sent to browser
DEBUG - 2024-09-17 16:44:28 --> Total execution time: 0.0464
INFO - 2024-09-17 16:44:28 --> Config Class Initialized
INFO - 2024-09-17 16:44:28 --> Hooks Class Initialized
DEBUG - 2024-09-17 16:44:28 --> UTF-8 Support Enabled
INFO - 2024-09-17 16:44:28 --> Utf8 Class Initialized
INFO - 2024-09-17 16:44:28 --> URI Class Initialized
INFO - 2024-09-17 16:44:28 --> Router Class Initialized
INFO - 2024-09-17 16:44:28 --> Output Class Initialized
INFO - 2024-09-17 16:44:28 --> Security Class Initialized
DEBUG - 2024-09-17 16:44:28 --> Global POST, GET and COOKIE data sanitized
INFO - 2024-09-17 16:44:28 --> Input Class Initialized
INFO - 2024-09-17 16:44:28 --> Language Class Initialized
INFO - 2024-09-17 16:44:28 --> Loader Class Initialized
INFO - 2024-09-17 16:44:28 --> Helper loaded: url_helper
INFO - 2024-09-17 16:44:28 --> Database Driver Class Initialized
INFO - 2024-09-17 16:44:28 --> Controller Class Initialized
INFO - 2024-09-17 16:44:28 --> Model "Mconfigkey" initialized
INFO - 2024-09-17 16:44:28 --> Model "Mgoods_in" initialized
INFO - 2024-09-17 16:44:29 --> Final output sent to browser
DEBUG - 2024-09-17 16:44:29 --> Total execution time: 0.0477
INFO - 2024-09-17 16:44:29 --> Config Class Initialized
INFO - 2024-09-17 16:44:29 --> Hooks Class Initialized
DEBUG - 2024-09-17 16:44:29 --> UTF-8 Support Enabled
INFO - 2024-09-17 16:44:29 --> Utf8 Class Initialized
INFO - 2024-09-17 16:44:29 --> URI Class Initialized
INFO - 2024-09-17 16:44:29 --> Router Class Initialized
INFO - 2024-09-17 16:44:29 --> Output Class Initialized
INFO - 2024-09-17 16:44:29 --> Security Class Initialized
DEBUG - 2024-09-17 16:44:29 --> Global POST, GET and COOKIE data sanitized
INFO - 2024-09-17 16:44:29 --> Input Class Initialized
INFO - 2024-09-17 16:44:29 --> Language Class Initialized
INFO - 2024-09-17 16:44:29 --> Loader Class Initialized
INFO - 2024-09-17 16:44:29 --> Helper loaded: url_helper
INFO - 2024-09-17 16:44:29 --> Database Driver Class Initialized
INFO - 2024-09-17 16:44:29 --> Controller Class Initialized
INFO - 2024-09-17 16:44:29 --> Model "Mconfigkey" initialized
INFO - 2024-09-17 16:44:29 --> Model "Mgoods_in" initialized
INFO - 2024-09-17 16:44:29 --> Final output sent to browser
DEBUG - 2024-09-17 16:44:29 --> Total execution time: 0.0469
INFO - 2024-09-17 16:44:30 --> Config Class Initialized
INFO - 2024-09-17 16:44:30 --> Hooks Class Initialized
DEBUG - 2024-09-17 16:44:30 --> UTF-8 Support Enabled
INFO - 2024-09-17 16:44:30 --> Utf8 Class Initialized
INFO - 2024-09-17 16:44:30 --> URI Class Initialized
INFO - 2024-09-17 16:44:30 --> Router Class Initialized
INFO - 2024-09-17 16:44:30 --> Output Class Initialized
INFO - 2024-09-17 16:44:30 --> Security Class Initialized
DEBUG - 2024-09-17 16:44:30 --> Global POST, GET and COOKIE data sanitized
INFO - 2024-09-17 16:44:30 --> Input Class Initialized
INFO - 2024-09-17 16:44:30 --> Language Class Initialized
INFO - 2024-09-17 16:44:30 --> Loader Class Initialized
INFO - 2024-09-17 16:44:30 --> Helper loaded: url_helper
INFO - 2024-09-17 16:44:30 --> Database Driver Class Initialized
INFO - 2024-09-17 16:44:30 --> Controller Class Initialized
INFO - 2024-09-17 16:44:30 --> Model "Mconfigkey" initialized
INFO - 2024-09-17 16:44:30 --> Model "Mgoods_in" initialized
INFO - 2024-09-17 16:44:30 --> Final output sent to browser
DEBUG - 2024-09-17 16:44:30 --> Total execution time: 0.0477
INFO - 2024-09-17 16:44:30 --> Config Class Initialized
INFO - 2024-09-17 16:44:30 --> Hooks Class Initialized
DEBUG - 2024-09-17 16:44:30 --> UTF-8 Support Enabled
INFO - 2024-09-17 16:44:30 --> Utf8 Class Initialized
INFO - 2024-09-17 16:44:30 --> URI Class Initialized
INFO - 2024-09-17 16:44:30 --> Router Class Initialized
INFO - 2024-09-17 16:44:30 --> Output Class Initialized
INFO - 2024-09-17 16:44:30 --> Security Class Initialized
DEBUG - 2024-09-17 16:44:30 --> Global POST, GET and COOKIE data sanitized
INFO - 2024-09-17 16:44:30 --> Input Class Initialized
INFO - 2024-09-17 16:44:30 --> Language Class Initialized
INFO - 2024-09-17 16:44:30 --> Loader Class Initialized
INFO - 2024-09-17 16:44:30 --> Helper loaded: url_helper
INFO - 2024-09-17 16:44:30 --> Database Driver Class Initialized
INFO - 2024-09-17 16:44:30 --> Controller Class Initialized
INFO - 2024-09-17 16:44:30 --> Model "Mconfigkey" initialized
INFO - 2024-09-17 16:44:30 --> Model "Mgoods_in" initialized
INFO - 2024-09-17 16:44:30 --> Final output sent to browser
DEBUG - 2024-09-17 16:44:30 --> Total execution time: 0.0473
INFO - 2024-09-17 16:44:30 --> Config Class Initialized
INFO - 2024-09-17 16:44:30 --> Hooks Class Initialized
DEBUG - 2024-09-17 16:44:30 --> UTF-8 Support Enabled
INFO - 2024-09-17 16:44:30 --> Utf8 Class Initialized
INFO - 2024-09-17 16:44:30 --> URI Class Initialized
INFO - 2024-09-17 16:44:30 --> Router Class Initialized
INFO - 2024-09-17 16:44:30 --> Output Class Initialized
INFO - 2024-09-17 16:44:30 --> Security Class Initialized
DEBUG - 2024-09-17 16:44:30 --> Global POST, GET and COOKIE data sanitized
INFO - 2024-09-17 16:44:30 --> Input Class Initialized
INFO - 2024-09-17 16:44:30 --> Language Class Initialized
INFO - 2024-09-17 16:44:30 --> Loader Class Initialized
INFO - 2024-09-17 16:44:30 --> Helper loaded: url_helper
INFO - 2024-09-17 16:44:30 --> Database Driver Class Initialized
INFO - 2024-09-17 16:44:30 --> Controller Class Initialized
INFO - 2024-09-17 16:44:30 --> Model "Mconfigkey" initialized
INFO - 2024-09-17 16:44:30 --> Model "Mgoods_in" initialized
INFO - 2024-09-17 16:44:30 --> Final output sent to browser
DEBUG - 2024-09-17 16:44:30 --> Total execution time: 0.0468
INFO - 2024-09-17 16:44:32 --> Config Class Initialized
INFO - 2024-09-17 16:44:32 --> Hooks Class Initialized
DEBUG - 2024-09-17 16:44:32 --> UTF-8 Support Enabled
INFO - 2024-09-17 16:44:32 --> Utf8 Class Initialized
INFO - 2024-09-17 16:44:32 --> URI Class Initialized
INFO - 2024-09-17 16:44:32 --> Router Class Initialized
INFO - 2024-09-17 16:44:32 --> Output Class Initialized
INFO - 2024-09-17 16:44:32 --> Security Class Initialized
DEBUG - 2024-09-17 16:44:32 --> Global POST, GET and COOKIE data sanitized
INFO - 2024-09-17 16:44:32 --> Input Class Initialized
INFO - 2024-09-17 16:44:32 --> Language Class Initialized
INFO - 2024-09-17 16:44:32 --> Loader Class Initialized
INFO - 2024-09-17 16:44:32 --> Helper loaded: url_helper
INFO - 2024-09-17 16:44:32 --> Database Driver Class Initialized
INFO - 2024-09-17 16:44:32 --> Controller Class Initialized
INFO - 2024-09-17 16:44:32 --> Model "Mconfigkey" initialized
INFO - 2024-09-17 16:44:32 --> Model "Mgoods_in" initialized
INFO - 2024-09-17 16:44:32 --> Final output sent to browser
DEBUG - 2024-09-17 16:44:32 --> Total execution time: 0.0474
INFO - 2024-09-17 16:44:33 --> Config Class Initialized
INFO - 2024-09-17 16:44:33 --> Hooks Class Initialized
DEBUG - 2024-09-17 16:44:33 --> UTF-8 Support Enabled
INFO - 2024-09-17 16:44:33 --> Utf8 Class Initialized
INFO - 2024-09-17 16:44:33 --> URI Class Initialized
INFO - 2024-09-17 16:44:33 --> Router Class Initialized
INFO - 2024-09-17 16:44:33 --> Output Class Initialized
INFO - 2024-09-17 16:44:33 --> Security Class Initialized
DEBUG - 2024-09-17 16:44:33 --> Global POST, GET and COOKIE data sanitized
INFO - 2024-09-17 16:44:33 --> Input Class Initialized
INFO - 2024-09-17 16:44:33 --> Language Class Initialized
INFO - 2024-09-17 16:44:33 --> Loader Class Initialized
INFO - 2024-09-17 16:44:33 --> Helper loaded: url_helper
INFO - 2024-09-17 16:44:33 --> Database Driver Class Initialized
INFO - 2024-09-17 16:44:33 --> Controller Class Initialized
INFO - 2024-09-17 16:44:33 --> Model "Mconfigkey" initialized
INFO - 2024-09-17 16:44:33 --> Model "Mgoods_in" initialized
INFO - 2024-09-17 16:44:33 --> Final output sent to browser
DEBUG - 2024-09-17 16:44:33 --> Total execution time: 0.1478
INFO - 2024-09-17 16:44:38 --> Config Class Initialized
INFO - 2024-09-17 16:44:38 --> Hooks Class Initialized
DEBUG - 2024-09-17 16:44:38 --> UTF-8 Support Enabled
INFO - 2024-09-17 16:44:38 --> Utf8 Class Initialized
INFO - 2024-09-17 16:44:38 --> URI Class Initialized
INFO - 2024-09-17 16:44:38 --> Router Class Initialized
INFO - 2024-09-17 16:44:38 --> Output Class Initialized
INFO - 2024-09-17 16:44:38 --> Security Class Initialized
DEBUG - 2024-09-17 16:44:38 --> Global POST, GET and COOKIE data sanitized
INFO - 2024-09-17 16:44:38 --> Input Class Initialized
INFO - 2024-09-17 16:44:38 --> Language Class Initialized
INFO - 2024-09-17 16:44:38 --> Loader Class Initialized
INFO - 2024-09-17 16:44:38 --> Helper loaded: url_helper
INFO - 2024-09-17 16:44:38 --> Database Driver Class Initialized
INFO - 2024-09-17 16:44:38 --> Controller Class Initialized
INFO - 2024-09-17 16:44:38 --> Model "Mconfigkey" initialized
INFO - 2024-09-17 16:44:38 --> Model "Mgoods_in" initialized
INFO - 2024-09-17 16:44:38 --> Final output sent to browser
DEBUG - 2024-09-17 16:44:38 --> Total execution time: 0.0494
INFO - 2024-09-17 16:45:13 --> Config Class Initialized
INFO - 2024-09-17 16:45:13 --> Hooks Class Initialized
DEBUG - 2024-09-17 16:45:13 --> UTF-8 Support Enabled
INFO - 2024-09-17 16:45:13 --> Utf8 Class Initialized
INFO - 2024-09-17 16:45:13 --> URI Class Initialized
INFO - 2024-09-17 16:45:13 --> Router Class Initialized
INFO - 2024-09-17 16:45:13 --> Output Class Initialized
INFO - 2024-09-17 16:45:13 --> Security Class Initialized
DEBUG - 2024-09-17 16:45:13 --> Global POST, GET and COOKIE data sanitized
INFO - 2024-09-17 16:45:13 --> Input Class Initialized
INFO - 2024-09-17 16:45:13 --> Language Class Initialized
INFO - 2024-09-17 16:45:13 --> Loader Class Initialized
INFO - 2024-09-17 16:45:13 --> Helper loaded: url_helper
INFO - 2024-09-17 16:45:13 --> Database Driver Class Initialized
INFO - 2024-09-17 16:45:13 --> Controller Class Initialized
INFO - 2024-09-17 16:45:13 --> Model "Mconfigkey" initialized
INFO - 2024-09-17 16:45:13 --> Model "Mgoods_in" initialized
INFO - 2024-09-17 16:45:13 --> Final output sent to browser
DEBUG - 2024-09-17 16:45:13 --> Total execution time: 0.0255
INFO - 2024-09-17 16:45:16 --> Config Class Initialized
INFO - 2024-09-17 16:45:16 --> Hooks Class Initialized
DEBUG - 2024-09-17 16:45:16 --> UTF-8 Support Enabled
INFO - 2024-09-17 16:45:16 --> Utf8 Class Initialized
INFO - 2024-09-17 16:45:16 --> URI Class Initialized
INFO - 2024-09-17 16:45:16 --> Router Class Initialized
INFO - 2024-09-17 16:45:16 --> Output Class Initialized
INFO - 2024-09-17 16:45:16 --> Security Class Initialized
DEBUG - 2024-09-17 16:45:16 --> Global POST, GET and COOKIE data sanitized
INFO - 2024-09-17 16:45:16 --> Input Class Initialized
INFO - 2024-09-17 16:45:16 --> Language Class Initialized
INFO - 2024-09-17 16:45:16 --> Loader Class Initialized
INFO - 2024-09-17 16:45:16 --> Helper loaded: url_helper
INFO - 2024-09-17 16:45:16 --> Database Driver Class Initialized
INFO - 2024-09-17 16:45:16 --> Controller Class Initialized
INFO - 2024-09-17 16:45:16 --> Model "Mconfigkey" initialized
INFO - 2024-09-17 16:45:16 --> Model "Mgoods_in" initialized
INFO - 2024-09-17 16:45:16 --> Final output sent to browser
DEBUG - 2024-09-17 16:45:16 --> Total execution time: 0.0659
INFO - 2024-09-17 16:45:21 --> Config Class Initialized
INFO - 2024-09-17 16:45:21 --> Hooks Class Initialized
DEBUG - 2024-09-17 16:45:21 --> UTF-8 Support Enabled
INFO - 2024-09-17 16:45:21 --> Utf8 Class Initialized
INFO - 2024-09-17 16:45:21 --> URI Class Initialized
INFO - 2024-09-17 16:45:21 --> Router Class Initialized
INFO - 2024-09-17 16:45:21 --> Output Class Initialized
INFO - 2024-09-17 16:45:21 --> Security Class Initialized
DEBUG - 2024-09-17 16:45:21 --> Global POST, GET and COOKIE data sanitized
INFO - 2024-09-17 16:45:21 --> Input Class Initialized
INFO - 2024-09-17 16:45:21 --> Language Class Initialized
INFO - 2024-09-17 16:45:21 --> Loader Class Initialized
INFO - 2024-09-17 16:45:21 --> Helper loaded: url_helper
INFO - 2024-09-17 16:45:21 --> Database Driver Class Initialized
INFO - 2024-09-17 16:45:21 --> Controller Class Initialized
INFO - 2024-09-17 16:45:21 --> Model "Mconfigkey" initialized
INFO - 2024-09-17 16:45:21 --> Model "Mgoods_in" initialized
INFO - 2024-09-17 16:45:21 --> Final output sent to browser
DEBUG - 2024-09-17 16:45:21 --> Total execution time: 0.0233
INFO - 2024-09-17 16:45:28 --> Config Class Initialized
INFO - 2024-09-17 16:45:28 --> Hooks Class Initialized
DEBUG - 2024-09-17 16:45:28 --> UTF-8 Support Enabled
INFO - 2024-09-17 16:45:28 --> Utf8 Class Initialized
INFO - 2024-09-17 16:45:28 --> URI Class Initialized
INFO - 2024-09-17 16:45:28 --> Router Class Initialized
INFO - 2024-09-17 16:45:28 --> Output Class Initialized
INFO - 2024-09-17 16:45:28 --> Security Class Initialized
DEBUG - 2024-09-17 16:45:28 --> Global POST, GET and COOKIE data sanitized
INFO - 2024-09-17 16:45:28 --> Input Class Initialized
INFO - 2024-09-17 16:45:28 --> Language Class Initialized
INFO - 2024-09-17 16:45:28 --> Loader Class Initialized
INFO - 2024-09-17 16:45:28 --> Helper loaded: url_helper
INFO - 2024-09-17 16:45:28 --> Database Driver Class Initialized
INFO - 2024-09-17 16:45:28 --> Controller Class Initialized
INFO - 2024-09-17 16:45:28 --> Model "Mconfigkey" initialized
INFO - 2024-09-17 16:45:28 --> Model "Mgoods_in" initialized
INFO - 2024-09-17 16:45:28 --> Final output sent to browser
DEBUG - 2024-09-17 16:45:28 --> Total execution time: 0.0466
INFO - 2024-09-17 16:45:55 --> Config Class Initialized
INFO - 2024-09-17 16:45:55 --> Hooks Class Initialized
DEBUG - 2024-09-17 16:45:55 --> UTF-8 Support Enabled
INFO - 2024-09-17 16:45:55 --> Utf8 Class Initialized
INFO - 2024-09-17 16:45:55 --> URI Class Initialized
INFO - 2024-09-17 16:45:55 --> Router Class Initialized
INFO - 2024-09-17 16:45:55 --> Output Class Initialized
INFO - 2024-09-17 16:45:55 --> Security Class Initialized
DEBUG - 2024-09-17 16:45:55 --> Global POST, GET and COOKIE data sanitized
INFO - 2024-09-17 16:45:55 --> Input Class Initialized
INFO - 2024-09-17 16:45:55 --> Language Class Initialized
INFO - 2024-09-17 16:45:55 --> Loader Class Initialized
INFO - 2024-09-17 16:45:55 --> Helper loaded: url_helper
INFO - 2024-09-17 16:45:55 --> Database Driver Class Initialized
INFO - 2024-09-17 16:45:55 --> Controller Class Initialized
INFO - 2024-09-17 16:45:55 --> Model "Mconfigkey" initialized
INFO - 2024-09-17 16:45:55 --> Model "Msync_doc_aw" initialized
INFO - 2024-09-17 16:45:55 --> Final output sent to browser
DEBUG - 2024-09-17 16:45:55 --> Total execution time: 0.0393
INFO - 2024-09-17 16:53:12 --> Config Class Initialized
INFO - 2024-09-17 16:53:12 --> Hooks Class Initialized
DEBUG - 2024-09-17 16:53:12 --> UTF-8 Support Enabled
INFO - 2024-09-17 16:53:12 --> Utf8 Class Initialized
INFO - 2024-09-17 16:53:12 --> URI Class Initialized
INFO - 2024-09-17 16:53:12 --> Router Class Initialized
INFO - 2024-09-17 16:53:12 --> Output Class Initialized
INFO - 2024-09-17 16:53:12 --> Security Class Initialized
DEBUG - 2024-09-17 16:53:12 --> Global POST, GET and COOKIE data sanitized
INFO - 2024-09-17 16:53:12 --> Input Class Initialized
INFO - 2024-09-17 16:53:12 --> Language Class Initialized
INFO - 2024-09-17 16:53:12 --> Loader Class Initialized
INFO - 2024-09-17 16:53:12 --> Helper loaded: url_helper
INFO - 2024-09-17 16:53:12 --> Database Driver Class Initialized
INFO - 2024-09-17 16:53:12 --> Controller Class Initialized
INFO - 2024-09-17 16:53:12 --> Model "Mconfigkey" initialized
INFO - 2024-09-17 16:53:12 --> Model "Msync_doc_aw" initialized
INFO - 2024-09-17 16:53:12 --> Final output sent to browser
DEBUG - 2024-09-17 16:53:12 --> Total execution time: 0.0886
INFO - 2024-09-17 17:28:10 --> Config Class Initialized
INFO - 2024-09-17 17:28:10 --> Hooks Class Initialized
DEBUG - 2024-09-17 17:28:10 --> UTF-8 Support Enabled
INFO - 2024-09-17 17:28:10 --> Utf8 Class Initialized
INFO - 2024-09-17 17:28:10 --> URI Class Initialized
INFO - 2024-09-17 17:28:10 --> Router Class Initialized
INFO - 2024-09-17 17:28:10 --> Output Class Initialized
INFO - 2024-09-17 17:28:10 --> Security Class Initialized
DEBUG - 2024-09-17 17:28:10 --> Global POST, GET and COOKIE data sanitized
INFO - 2024-09-17 17:28:10 --> Input Class Initialized
INFO - 2024-09-17 17:28:10 --> Language Class Initialized
INFO - 2024-09-17 17:28:10 --> Loader Class Initialized
INFO - 2024-09-17 17:28:10 --> Helper loaded: url_helper
INFO - 2024-09-17 17:28:10 --> Database Driver Class Initialized
INFO - 2024-09-17 17:28:10 --> Controller Class Initialized
INFO - 2024-09-17 17:28:10 --> Model "Mconfigkey" initialized
INFO - 2024-09-17 17:28:10 --> Model "Msync_doc_aw" initialized
INFO - 2024-09-17 17:28:10 --> Final output sent to browser
DEBUG - 2024-09-17 17:28:10 --> Total execution time: 0.0421
