INFO - 2024-04-07 22:26:09 --> Config Class Initialized
INFO - 2024-04-07 22:26:09 --> Hooks Class Initialized
DEBUG - 2024-04-07 22:26:09 --> UTF-8 Support Enabled
INFO - 2024-04-07 22:26:09 --> Utf8 Class Initialized
INFO - 2024-04-07 22:26:09 --> URI Class Initialized
INFO - 2024-04-07 22:26:09 --> Router Class Initialized
INFO - 2024-04-07 22:26:09 --> Output Class Initialized
INFO - 2024-04-07 22:26:09 --> Security Class Initialized
DEBUG - 2024-04-07 22:26:09 --> Global POST, GET and COOKIE data sanitized
INFO - 2024-04-07 22:26:09 --> Input Class Initialized
INFO - 2024-04-07 22:26:09 --> Language Class Initialized
INFO - 2024-04-07 22:26:09 --> Loader Class Initialized
INFO - 2024-04-07 22:26:09 --> Helper loaded: url_helper
INFO - 2024-04-07 22:26:09 --> Database Driver Class Initialized
INFO - 2024-04-07 22:26:09 --> Controller Class Initialized
INFO - 2024-04-07 22:26:09 --> Model "Mconfigkey" initialized
INFO - 2024-04-07 22:26:09 --> Final output sent to browser
DEBUG - 2024-04-07 22:26:09 --> Total execution time: 0.4102
INFO - 2024-04-07 22:26:13 --> Config Class Initialized
INFO - 2024-04-07 22:26:13 --> Hooks Class Initialized
DEBUG - 2024-04-07 22:26:13 --> UTF-8 Support Enabled
INFO - 2024-04-07 22:26:13 --> Utf8 Class Initialized
INFO - 2024-04-07 22:26:13 --> URI Class Initialized
INFO - 2024-04-07 22:26:13 --> Router Class Initialized
INFO - 2024-04-07 22:26:13 --> Output Class Initialized
INFO - 2024-04-07 22:26:13 --> Security Class Initialized
DEBUG - 2024-04-07 22:26:13 --> Global POST, GET and COOKIE data sanitized
INFO - 2024-04-07 22:26:13 --> Input Class Initialized
INFO - 2024-04-07 22:26:13 --> Language Class Initialized
INFO - 2024-04-07 22:26:13 --> Loader Class Initialized
INFO - 2024-04-07 22:26:13 --> Helper loaded: url_helper
INFO - 2024-04-07 22:26:13 --> Database Driver Class Initialized
INFO - 2024-04-07 22:26:13 --> Controller Class Initialized
INFO - 2024-04-07 22:26:14 --> Model "Mauth" initialized
INFO - 2024-04-07 22:26:14 --> Model "Mconfigkey" initialized
INFO - 2024-04-07 22:26:14 --> Final output sent to browser
DEBUG - 2024-04-07 22:26:14 --> Total execution time: 0.0351
INFO - 2024-04-07 22:26:17 --> Config Class Initialized
INFO - 2024-04-07 22:26:17 --> Hooks Class Initialized
DEBUG - 2024-04-07 22:26:17 --> UTF-8 Support Enabled
INFO - 2024-04-07 22:26:17 --> Utf8 Class Initialized
INFO - 2024-04-07 22:26:17 --> URI Class Initialized
INFO - 2024-04-07 22:26:17 --> Router Class Initialized
INFO - 2024-04-07 22:26:17 --> Output Class Initialized
INFO - 2024-04-07 22:26:17 --> Security Class Initialized
DEBUG - 2024-04-07 22:26:17 --> Global POST, GET and COOKIE data sanitized
INFO - 2024-04-07 22:26:17 --> Input Class Initialized
INFO - 2024-04-07 22:26:17 --> Language Class Initialized
INFO - 2024-04-07 22:26:17 --> Loader Class Initialized
INFO - 2024-04-07 22:26:17 --> Helper loaded: url_helper
INFO - 2024-04-07 22:26:17 --> Database Driver Class Initialized
INFO - 2024-04-07 22:26:17 --> Controller Class Initialized
INFO - 2024-04-07 22:26:17 --> Model "Mconfigkey" initialized
INFO - 2024-04-07 22:26:17 --> Model "Mportal_data" initialized
INFO - 2024-04-07 22:26:17 --> Final output sent to browser
DEBUG - 2024-04-07 22:26:17 --> Total execution time: 0.0616
INFO - 2024-04-07 22:26:18 --> Config Class Initialized
INFO - 2024-04-07 22:26:18 --> Hooks Class Initialized
DEBUG - 2024-04-07 22:26:18 --> UTF-8 Support Enabled
INFO - 2024-04-07 22:26:18 --> Utf8 Class Initialized
INFO - 2024-04-07 22:26:18 --> URI Class Initialized
INFO - 2024-04-07 22:26:18 --> Router Class Initialized
INFO - 2024-04-07 22:26:18 --> Output Class Initialized
INFO - 2024-04-07 22:26:18 --> Security Class Initialized
DEBUG - 2024-04-07 22:26:18 --> Global POST, GET and COOKIE data sanitized
INFO - 2024-04-07 22:26:18 --> Input Class Initialized
INFO - 2024-04-07 22:26:18 --> Language Class Initialized
INFO - 2024-04-07 22:26:18 --> Loader Class Initialized
INFO - 2024-04-07 22:26:18 --> Helper loaded: url_helper
INFO - 2024-04-07 22:26:18 --> Database Driver Class Initialized
INFO - 2024-04-07 22:26:18 --> Controller Class Initialized
INFO - 2024-04-07 22:26:18 --> Model "Mconfigkey" initialized
INFO - 2024-04-07 22:26:18 --> Model "Msync_doc_aw" initialized
INFO - 2024-04-07 22:26:19 --> Final output sent to browser
DEBUG - 2024-04-07 22:26:19 --> Total execution time: 0.4741
INFO - 2024-04-07 22:26:20 --> Config Class Initialized
INFO - 2024-04-07 22:26:20 --> Hooks Class Initialized
DEBUG - 2024-04-07 22:26:20 --> UTF-8 Support Enabled
INFO - 2024-04-07 22:26:20 --> Utf8 Class Initialized
INFO - 2024-04-07 22:26:20 --> URI Class Initialized
INFO - 2024-04-07 22:26:20 --> Router Class Initialized
INFO - 2024-04-07 22:26:20 --> Output Class Initialized
INFO - 2024-04-07 22:26:20 --> Security Class Initialized
DEBUG - 2024-04-07 22:26:20 --> Global POST, GET and COOKIE data sanitized
INFO - 2024-04-07 22:26:20 --> Input Class Initialized
INFO - 2024-04-07 22:26:20 --> Language Class Initialized
INFO - 2024-04-07 22:26:20 --> Loader Class Initialized
INFO - 2024-04-07 22:26:20 --> Helper loaded: url_helper
INFO - 2024-04-07 22:26:20 --> Database Driver Class Initialized
INFO - 2024-04-07 22:26:20 --> Controller Class Initialized
INFO - 2024-04-07 22:26:20 --> Model "Mconfigkey" initialized
INFO - 2024-04-07 22:26:20 --> Model "Mgoods_in" initialized
ERROR - 2024-04-07 22:26:20 --> Query error: [Microsoft][ODBC Driver 18 for SQL Server][SQL Server]Invalid column name 'MAPP_PARTNO'. - Invalid query: SELECT COUNT(*) AS "numrows"
FROM (
SELECT "A"."RECEIPT_NO", FORMAT(A.RECEIPT_DATE, 'yyyy-MM-dd') as RECEIPT_DATE, "A"."INVOICE_NO", "A"."PART_NO", "A"."MAPP_PARTNO", SUM(A.RECEIPT_QTY) as RECEIPT_QTY, "A"."BC_TYPE", "A"."NOMOR_AJU", "A"."TANGGAL_AJU", "A"."NOMOR_DAFTAR", "A"."TANGGAL_DAFTAR"
FROM "goods_in_detail" "A"
GROUP BY "A"."RECEIPT_NO", "A"."RECEIPT_DATE", "A"."INVOICE_NO", "A"."PART_NO", "A"."MAPP_PARTNO", "A"."BC_TYPE", "A"."NOMOR_AJU", "A"."TANGGAL_AJU", "A"."NOMOR_DAFTAR", "A"."TANGGAL_DAFTAR"
) CI_count_all_results
INFO - 2024-04-07 22:26:20 --> Language file loaded: language/english/db_lang.php
INFO - 2024-04-07 22:26:22 --> Config Class Initialized
INFO - 2024-04-07 22:26:22 --> Hooks Class Initialized
DEBUG - 2024-04-07 22:26:22 --> UTF-8 Support Enabled
INFO - 2024-04-07 22:26:22 --> Utf8 Class Initialized
INFO - 2024-04-07 22:26:22 --> URI Class Initialized
INFO - 2024-04-07 22:26:22 --> Router Class Initialized
INFO - 2024-04-07 22:26:22 --> Output Class Initialized
INFO - 2024-04-07 22:26:22 --> Security Class Initialized
DEBUG - 2024-04-07 22:26:22 --> Global POST, GET and COOKIE data sanitized
INFO - 2024-04-07 22:26:22 --> Input Class Initialized
INFO - 2024-04-07 22:26:22 --> Language Class Initialized
INFO - 2024-04-07 22:26:22 --> Loader Class Initialized
INFO - 2024-04-07 22:26:22 --> Helper loaded: url_helper
INFO - 2024-04-07 22:26:22 --> Database Driver Class Initialized
INFO - 2024-04-07 22:26:22 --> Controller Class Initialized
INFO - 2024-04-07 22:26:22 --> Model "Mconfigkey" initialized
INFO - 2024-04-07 22:26:22 --> Model "Mgoods_in" initialized
INFO - 2024-04-07 22:26:22 --> Final output sent to browser
DEBUG - 2024-04-07 22:26:22 --> Total execution time: 0.4877
INFO - 2024-04-07 22:26:25 --> Config Class Initialized
INFO - 2024-04-07 22:26:25 --> Hooks Class Initialized
DEBUG - 2024-04-07 22:26:25 --> UTF-8 Support Enabled
INFO - 2024-04-07 22:26:25 --> Utf8 Class Initialized
INFO - 2024-04-07 22:26:25 --> URI Class Initialized
INFO - 2024-04-07 22:26:25 --> Router Class Initialized
INFO - 2024-04-07 22:26:25 --> Output Class Initialized
INFO - 2024-04-07 22:26:25 --> Security Class Initialized
DEBUG - 2024-04-07 22:26:25 --> Global POST, GET and COOKIE data sanitized
INFO - 2024-04-07 22:26:25 --> Input Class Initialized
INFO - 2024-04-07 22:26:25 --> Language Class Initialized
INFO - 2024-04-07 22:26:25 --> Loader Class Initialized
INFO - 2024-04-07 22:26:25 --> Helper loaded: url_helper
INFO - 2024-04-07 22:26:25 --> Database Driver Class Initialized
INFO - 2024-04-07 22:26:25 --> Controller Class Initialized
INFO - 2024-04-07 22:26:25 --> Model "Mconfigkey" initialized
INFO - 2024-04-07 22:26:25 --> Model "Mgoods_in" initialized
INFO - 2024-04-07 22:26:26 --> Final output sent to browser
DEBUG - 2024-04-07 22:26:26 --> Total execution time: 1.0220
INFO - 2024-04-07 22:27:14 --> Config Class Initialized
INFO - 2024-04-07 22:27:14 --> Hooks Class Initialized
DEBUG - 2024-04-07 22:27:14 --> UTF-8 Support Enabled
INFO - 2024-04-07 22:27:14 --> Utf8 Class Initialized
INFO - 2024-04-07 22:27:14 --> URI Class Initialized
INFO - 2024-04-07 22:27:14 --> Router Class Initialized
INFO - 2024-04-07 22:27:14 --> Output Class Initialized
INFO - 2024-04-07 22:27:14 --> Security Class Initialized
DEBUG - 2024-04-07 22:27:14 --> Global POST, GET and COOKIE data sanitized
INFO - 2024-04-07 22:27:14 --> Input Class Initialized
INFO - 2024-04-07 22:27:14 --> Language Class Initialized
INFO - 2024-04-07 22:27:14 --> Loader Class Initialized
INFO - 2024-04-07 22:27:14 --> Helper loaded: url_helper
INFO - 2024-04-07 22:27:14 --> Database Driver Class Initialized
INFO - 2024-04-07 22:27:14 --> Controller Class Initialized
INFO - 2024-04-07 22:27:14 --> Model "Mconfigkey" initialized
INFO - 2024-04-07 22:27:14 --> Model "Mgoods_in" initialized
INFO - 2024-04-07 22:27:15 --> Final output sent to browser
DEBUG - 2024-04-07 22:27:15 --> Total execution time: 1.0347
INFO - 2024-04-07 22:27:26 --> Config Class Initialized
INFO - 2024-04-07 22:27:26 --> Hooks Class Initialized
DEBUG - 2024-04-07 22:27:26 --> UTF-8 Support Enabled
INFO - 2024-04-07 22:27:26 --> Utf8 Class Initialized
INFO - 2024-04-07 22:27:26 --> URI Class Initialized
INFO - 2024-04-07 22:27:26 --> Router Class Initialized
INFO - 2024-04-07 22:27:26 --> Output Class Initialized
INFO - 2024-04-07 22:27:26 --> Security Class Initialized
DEBUG - 2024-04-07 22:27:26 --> Global POST, GET and COOKIE data sanitized
INFO - 2024-04-07 22:27:26 --> Input Class Initialized
INFO - 2024-04-07 22:27:26 --> Language Class Initialized
INFO - 2024-04-07 22:27:26 --> Loader Class Initialized
INFO - 2024-04-07 22:27:26 --> Helper loaded: url_helper
INFO - 2024-04-07 22:27:26 --> Database Driver Class Initialized
INFO - 2024-04-07 22:27:26 --> Controller Class Initialized
INFO - 2024-04-07 22:27:26 --> Model "Mconfigkey" initialized
INFO - 2024-04-07 22:27:26 --> Model "Mgoods_in" initialized
INFO - 2024-04-07 22:27:27 --> Final output sent to browser
DEBUG - 2024-04-07 22:27:27 --> Total execution time: 1.0199
INFO - 2024-04-07 22:27:43 --> Config Class Initialized
INFO - 2024-04-07 22:27:43 --> Hooks Class Initialized
DEBUG - 2024-04-07 22:27:43 --> UTF-8 Support Enabled
INFO - 2024-04-07 22:27:43 --> Utf8 Class Initialized
INFO - 2024-04-07 22:27:43 --> URI Class Initialized
INFO - 2024-04-07 22:27:43 --> Router Class Initialized
INFO - 2024-04-07 22:27:43 --> Output Class Initialized
INFO - 2024-04-07 22:27:43 --> Security Class Initialized
DEBUG - 2024-04-07 22:27:43 --> Global POST, GET and COOKIE data sanitized
INFO - 2024-04-07 22:27:43 --> Input Class Initialized
INFO - 2024-04-07 22:27:43 --> Language Class Initialized
INFO - 2024-04-07 22:27:43 --> Loader Class Initialized
INFO - 2024-04-07 22:27:43 --> Helper loaded: url_helper
INFO - 2024-04-07 22:27:43 --> Database Driver Class Initialized
INFO - 2024-04-07 22:27:43 --> Controller Class Initialized
INFO - 2024-04-07 22:27:43 --> Model "Mconfigkey" initialized
INFO - 2024-04-07 22:27:43 --> Model "Mgoods_in" initialized
INFO - 2024-04-07 22:27:44 --> Final output sent to browser
DEBUG - 2024-04-07 22:27:44 --> Total execution time: 1.0402
INFO - 2024-04-07 22:31:14 --> Config Class Initialized
INFO - 2024-04-07 22:31:14 --> Hooks Class Initialized
DEBUG - 2024-04-07 22:31:14 --> UTF-8 Support Enabled
INFO - 2024-04-07 22:31:14 --> Utf8 Class Initialized
INFO - 2024-04-07 22:31:14 --> URI Class Initialized
INFO - 2024-04-07 22:31:14 --> Router Class Initialized
INFO - 2024-04-07 22:31:14 --> Output Class Initialized
INFO - 2024-04-07 22:31:14 --> Security Class Initialized
DEBUG - 2024-04-07 22:31:14 --> Global POST, GET and COOKIE data sanitized
INFO - 2024-04-07 22:31:14 --> Input Class Initialized
INFO - 2024-04-07 22:31:14 --> Language Class Initialized
INFO - 2024-04-07 22:31:14 --> Loader Class Initialized
INFO - 2024-04-07 22:31:14 --> Helper loaded: url_helper
INFO - 2024-04-07 22:31:14 --> Database Driver Class Initialized
INFO - 2024-04-07 22:31:14 --> Controller Class Initialized
INFO - 2024-04-07 22:31:14 --> Model "Mconfigkey" initialized
INFO - 2024-04-07 22:31:14 --> Model "Mgoods_in" initialized
ERROR - 2024-04-07 22:31:14 --> Query error: [Microsoft][ODBC Driver 18 for SQL Server][SQL Server]Procedure or function GET_RECEIVING_BINLOC has too many arguments specified. - Invalid query: EXEC GET_RECEIVING_BINLOC
        @VUSERNAME='seiwa',
        @VHEADER=NULL,
        @VDETAIL=NULL, 
        @VMODULES='load'
        
INFO - 2024-04-07 22:31:14 --> Language file loaded: language/english/db_lang.php
INFO - 2024-04-07 22:33:09 --> Config Class Initialized
INFO - 2024-04-07 22:33:09 --> Hooks Class Initialized
DEBUG - 2024-04-07 22:33:09 --> UTF-8 Support Enabled
INFO - 2024-04-07 22:33:09 --> Utf8 Class Initialized
INFO - 2024-04-07 22:33:09 --> URI Class Initialized
INFO - 2024-04-07 22:33:09 --> Router Class Initialized
INFO - 2024-04-07 22:33:09 --> Output Class Initialized
INFO - 2024-04-07 22:33:09 --> Security Class Initialized
DEBUG - 2024-04-07 22:33:09 --> Global POST, GET and COOKIE data sanitized
INFO - 2024-04-07 22:33:09 --> Input Class Initialized
INFO - 2024-04-07 22:33:09 --> Language Class Initialized
INFO - 2024-04-07 22:33:09 --> Loader Class Initialized
INFO - 2024-04-07 22:33:09 --> Helper loaded: url_helper
INFO - 2024-04-07 22:33:09 --> Database Driver Class Initialized
INFO - 2024-04-07 22:33:09 --> Controller Class Initialized
INFO - 2024-04-07 22:33:09 --> Model "Mconfigkey" initialized
INFO - 2024-04-07 22:33:09 --> Model "Mgoods_in" initialized
INFO - 2024-04-07 22:33:09 --> Final output sent to browser
DEBUG - 2024-04-07 22:33:09 --> Total execution time: 0.7671
INFO - 2024-04-07 22:33:47 --> Config Class Initialized
INFO - 2024-04-07 22:33:47 --> Hooks Class Initialized
DEBUG - 2024-04-07 22:33:47 --> UTF-8 Support Enabled
INFO - 2024-04-07 22:33:47 --> Utf8 Class Initialized
INFO - 2024-04-07 22:33:47 --> URI Class Initialized
INFO - 2024-04-07 22:33:47 --> Router Class Initialized
INFO - 2024-04-07 22:33:47 --> Output Class Initialized
INFO - 2024-04-07 22:33:47 --> Security Class Initialized
DEBUG - 2024-04-07 22:33:47 --> Global POST, GET and COOKIE data sanitized
INFO - 2024-04-07 22:33:47 --> Input Class Initialized
INFO - 2024-04-07 22:33:47 --> Language Class Initialized
INFO - 2024-04-07 22:33:47 --> Loader Class Initialized
INFO - 2024-04-07 22:33:47 --> Helper loaded: url_helper
INFO - 2024-04-07 22:33:47 --> Database Driver Class Initialized
INFO - 2024-04-07 22:33:47 --> Controller Class Initialized
INFO - 2024-04-07 22:33:47 --> Model "Mconfigkey" initialized
INFO - 2024-04-07 22:33:47 --> Model "Mgoods_in" initialized
INFO - 2024-04-07 22:33:48 --> Final output sent to browser
DEBUG - 2024-04-07 22:33:48 --> Total execution time: 0.7875
INFO - 2024-04-07 22:35:26 --> Config Class Initialized
INFO - 2024-04-07 22:35:26 --> Hooks Class Initialized
DEBUG - 2024-04-07 22:35:26 --> UTF-8 Support Enabled
INFO - 2024-04-07 22:35:26 --> Utf8 Class Initialized
INFO - 2024-04-07 22:35:26 --> URI Class Initialized
INFO - 2024-04-07 22:35:26 --> Router Class Initialized
INFO - 2024-04-07 22:35:26 --> Output Class Initialized
INFO - 2024-04-07 22:35:26 --> Security Class Initialized
DEBUG - 2024-04-07 22:35:26 --> Global POST, GET and COOKIE data sanitized
INFO - 2024-04-07 22:35:26 --> Input Class Initialized
INFO - 2024-04-07 22:35:26 --> Language Class Initialized
INFO - 2024-04-07 22:35:26 --> Loader Class Initialized
INFO - 2024-04-07 22:35:26 --> Helper loaded: url_helper
INFO - 2024-04-07 22:35:26 --> Database Driver Class Initialized
INFO - 2024-04-07 22:35:26 --> Controller Class Initialized
INFO - 2024-04-07 22:35:26 --> Model "Mconfigkey" initialized
INFO - 2024-04-07 22:35:26 --> Model "Mgoods_in" initialized
INFO - 2024-04-07 22:35:27 --> Final output sent to browser
DEBUG - 2024-04-07 22:35:27 --> Total execution time: 0.6418
INFO - 2024-04-07 22:35:39 --> Config Class Initialized
INFO - 2024-04-07 22:35:39 --> Hooks Class Initialized
DEBUG - 2024-04-07 22:35:39 --> UTF-8 Support Enabled
INFO - 2024-04-07 22:35:39 --> Utf8 Class Initialized
INFO - 2024-04-07 22:35:39 --> URI Class Initialized
INFO - 2024-04-07 22:35:39 --> Router Class Initialized
INFO - 2024-04-07 22:35:39 --> Output Class Initialized
INFO - 2024-04-07 22:35:39 --> Security Class Initialized
DEBUG - 2024-04-07 22:35:39 --> Global POST, GET and COOKIE data sanitized
INFO - 2024-04-07 22:35:39 --> Input Class Initialized
INFO - 2024-04-07 22:35:39 --> Language Class Initialized
INFO - 2024-04-07 22:35:39 --> Loader Class Initialized
INFO - 2024-04-07 22:35:39 --> Helper loaded: url_helper
INFO - 2024-04-07 22:35:39 --> Database Driver Class Initialized
INFO - 2024-04-07 22:35:39 --> Controller Class Initialized
INFO - 2024-04-07 22:35:39 --> Model "Mconfigkey" initialized
INFO - 2024-04-07 22:35:39 --> Model "Mgoods_in" initialized
INFO - 2024-04-07 22:35:40 --> Final output sent to browser
DEBUG - 2024-04-07 22:35:40 --> Total execution time: 0.6078
INFO - 2024-04-07 22:37:33 --> Config Class Initialized
INFO - 2024-04-07 22:37:33 --> Hooks Class Initialized
DEBUG - 2024-04-07 22:37:33 --> UTF-8 Support Enabled
INFO - 2024-04-07 22:37:33 --> Utf8 Class Initialized
INFO - 2024-04-07 22:37:33 --> URI Class Initialized
INFO - 2024-04-07 22:37:33 --> Router Class Initialized
INFO - 2024-04-07 22:37:33 --> Output Class Initialized
INFO - 2024-04-07 22:37:33 --> Security Class Initialized
DEBUG - 2024-04-07 22:37:33 --> Global POST, GET and COOKIE data sanitized
INFO - 2024-04-07 22:37:33 --> Input Class Initialized
INFO - 2024-04-07 22:37:33 --> Language Class Initialized
INFO - 2024-04-07 22:37:33 --> Loader Class Initialized
INFO - 2024-04-07 22:37:33 --> Helper loaded: url_helper
INFO - 2024-04-07 22:37:33 --> Database Driver Class Initialized
INFO - 2024-04-07 22:37:33 --> Controller Class Initialized
INFO - 2024-04-07 22:37:33 --> Model "Mconfigkey" initialized
INFO - 2024-04-07 22:37:33 --> Model "Mgoods_in" initialized
INFO - 2024-04-07 22:37:33 --> Final output sent to browser
DEBUG - 2024-04-07 22:37:33 --> Total execution time: 0.6051
INFO - 2024-04-07 22:40:31 --> Config Class Initialized
INFO - 2024-04-07 22:40:31 --> Hooks Class Initialized
DEBUG - 2024-04-07 22:40:31 --> UTF-8 Support Enabled
INFO - 2024-04-07 22:40:31 --> Utf8 Class Initialized
INFO - 2024-04-07 22:40:31 --> URI Class Initialized
INFO - 2024-04-07 22:40:31 --> Router Class Initialized
INFO - 2024-04-07 22:40:31 --> Output Class Initialized
INFO - 2024-04-07 22:40:31 --> Security Class Initialized
DEBUG - 2024-04-07 22:40:31 --> Global POST, GET and COOKIE data sanitized
INFO - 2024-04-07 22:40:31 --> Input Class Initialized
INFO - 2024-04-07 22:40:31 --> Language Class Initialized
INFO - 2024-04-07 22:40:31 --> Loader Class Initialized
INFO - 2024-04-07 22:40:31 --> Helper loaded: url_helper
INFO - 2024-04-07 22:40:31 --> Database Driver Class Initialized
INFO - 2024-04-07 22:40:31 --> Controller Class Initialized
INFO - 2024-04-07 22:40:31 --> Model "Mconfigkey" initialized
INFO - 2024-04-07 22:40:31 --> Model "Mgoods_in" initialized
INFO - 2024-04-07 22:40:32 --> Final output sent to browser
DEBUG - 2024-04-07 22:40:32 --> Total execution time: 0.7635
INFO - 2024-04-07 22:40:33 --> Config Class Initialized
INFO - 2024-04-07 22:40:33 --> Hooks Class Initialized
DEBUG - 2024-04-07 22:40:33 --> UTF-8 Support Enabled
INFO - 2024-04-07 22:40:33 --> Utf8 Class Initialized
INFO - 2024-04-07 22:40:33 --> URI Class Initialized
INFO - 2024-04-07 22:40:33 --> Router Class Initialized
INFO - 2024-04-07 22:40:33 --> Output Class Initialized
INFO - 2024-04-07 22:40:33 --> Security Class Initialized
DEBUG - 2024-04-07 22:40:33 --> Global POST, GET and COOKIE data sanitized
INFO - 2024-04-07 22:40:33 --> Input Class Initialized
INFO - 2024-04-07 22:40:33 --> Language Class Initialized
INFO - 2024-04-07 22:40:33 --> Loader Class Initialized
INFO - 2024-04-07 22:40:33 --> Helper loaded: url_helper
INFO - 2024-04-07 22:40:33 --> Database Driver Class Initialized
INFO - 2024-04-07 22:40:33 --> Controller Class Initialized
INFO - 2024-04-07 22:40:33 --> Model "Mconfigkey" initialized
INFO - 2024-04-07 22:40:33 --> Model "Mgoods_in" initialized
ERROR - 2024-04-07 22:40:33 --> Query error: [Microsoft][ODBC Driver 18 for SQL Server][SQL Server]Error converting data type varchar to date. - Invalid query: EXEC GET_RECEIVING_BINLOC
        @RECEIVE_DATE='Invalid date',
        @VUSERNAME='seiwa',
        @VMODULES='load'
        
INFO - 2024-04-07 22:40:33 --> Language file loaded: language/english/db_lang.php
INFO - 2024-04-07 22:41:34 --> Config Class Initialized
INFO - 2024-04-07 22:41:34 --> Hooks Class Initialized
DEBUG - 2024-04-07 22:41:34 --> UTF-8 Support Enabled
INFO - 2024-04-07 22:41:34 --> Utf8 Class Initialized
INFO - 2024-04-07 22:41:34 --> URI Class Initialized
INFO - 2024-04-07 22:41:34 --> Router Class Initialized
INFO - 2024-04-07 22:41:34 --> Output Class Initialized
INFO - 2024-04-07 22:41:34 --> Security Class Initialized
DEBUG - 2024-04-07 22:41:34 --> Global POST, GET and COOKIE data sanitized
INFO - 2024-04-07 22:41:34 --> Input Class Initialized
INFO - 2024-04-07 22:41:34 --> Language Class Initialized
INFO - 2024-04-07 22:41:34 --> Loader Class Initialized
INFO - 2024-04-07 22:41:34 --> Helper loaded: url_helper
INFO - 2024-04-07 22:41:34 --> Database Driver Class Initialized
INFO - 2024-04-07 22:41:34 --> Controller Class Initialized
INFO - 2024-04-07 22:41:34 --> Model "Mconfigkey" initialized
INFO - 2024-04-07 22:41:34 --> Model "Mgoods_in" initialized
INFO - 2024-04-07 22:41:35 --> Final output sent to browser
DEBUG - 2024-04-07 22:41:35 --> Total execution time: 0.7190
INFO - 2024-04-07 22:44:01 --> Config Class Initialized
INFO - 2024-04-07 22:44:01 --> Hooks Class Initialized
DEBUG - 2024-04-07 22:44:01 --> UTF-8 Support Enabled
INFO - 2024-04-07 22:44:01 --> Utf8 Class Initialized
INFO - 2024-04-07 22:44:01 --> URI Class Initialized
INFO - 2024-04-07 22:44:01 --> Router Class Initialized
INFO - 2024-04-07 22:44:01 --> Output Class Initialized
INFO - 2024-04-07 22:44:01 --> Security Class Initialized
DEBUG - 2024-04-07 22:44:01 --> Global POST, GET and COOKIE data sanitized
INFO - 2024-04-07 22:44:01 --> Input Class Initialized
INFO - 2024-04-07 22:44:01 --> Language Class Initialized
INFO - 2024-04-07 22:44:01 --> Loader Class Initialized
INFO - 2024-04-07 22:44:01 --> Helper loaded: url_helper
INFO - 2024-04-07 22:44:01 --> Database Driver Class Initialized
INFO - 2024-04-07 22:44:01 --> Controller Class Initialized
INFO - 2024-04-07 22:44:01 --> Model "Mconfigkey" initialized
INFO - 2024-04-07 22:44:01 --> Model "Mgoods_in" initialized
INFO - 2024-04-07 22:44:52 --> Config Class Initialized
INFO - 2024-04-07 22:44:52 --> Hooks Class Initialized
DEBUG - 2024-04-07 22:44:52 --> UTF-8 Support Enabled
INFO - 2024-04-07 22:44:52 --> Utf8 Class Initialized
INFO - 2024-04-07 22:44:52 --> URI Class Initialized
INFO - 2024-04-07 22:44:52 --> Router Class Initialized
INFO - 2024-04-07 22:44:52 --> Output Class Initialized
INFO - 2024-04-07 22:44:52 --> Security Class Initialized
DEBUG - 2024-04-07 22:44:52 --> Global POST, GET and COOKIE data sanitized
INFO - 2024-04-07 22:44:52 --> Input Class Initialized
INFO - 2024-04-07 22:44:52 --> Language Class Initialized
INFO - 2024-04-07 22:44:52 --> Loader Class Initialized
INFO - 2024-04-07 22:44:52 --> Helper loaded: url_helper
INFO - 2024-04-07 22:44:52 --> Database Driver Class Initialized
INFO - 2024-04-07 22:44:52 --> Controller Class Initialized
INFO - 2024-04-07 22:44:52 --> Model "Mconfigkey" initialized
INFO - 2024-04-07 22:44:52 --> Model "Mgoods_in" initialized
INFO - 2024-04-07 22:44:52 --> Final output sent to browser
DEBUG - 2024-04-07 22:44:52 --> Total execution time: 0.4907
INFO - 2024-04-07 22:44:54 --> Config Class Initialized
INFO - 2024-04-07 22:44:54 --> Hooks Class Initialized
DEBUG - 2024-04-07 22:44:54 --> UTF-8 Support Enabled
INFO - 2024-04-07 22:44:54 --> Utf8 Class Initialized
INFO - 2024-04-07 22:44:54 --> URI Class Initialized
INFO - 2024-04-07 22:44:54 --> Router Class Initialized
INFO - 2024-04-07 22:44:54 --> Output Class Initialized
INFO - 2024-04-07 22:44:54 --> Security Class Initialized
DEBUG - 2024-04-07 22:44:54 --> Global POST, GET and COOKIE data sanitized
INFO - 2024-04-07 22:44:54 --> Input Class Initialized
INFO - 2024-04-07 22:44:54 --> Language Class Initialized
INFO - 2024-04-07 22:44:54 --> Loader Class Initialized
INFO - 2024-04-07 22:44:54 --> Helper loaded: url_helper
INFO - 2024-04-07 22:44:54 --> Database Driver Class Initialized
INFO - 2024-04-07 22:44:54 --> Controller Class Initialized
INFO - 2024-04-07 22:44:54 --> Model "Mconfigkey" initialized
INFO - 2024-04-07 22:44:54 --> Model "Mgoods_in" initialized
INFO - 2024-04-07 22:44:54 --> Final output sent to browser
DEBUG - 2024-04-07 22:44:54 --> Total execution time: 0.7730
INFO - 2024-04-07 22:45:46 --> Config Class Initialized
INFO - 2024-04-07 22:45:46 --> Hooks Class Initialized
DEBUG - 2024-04-07 22:45:46 --> UTF-8 Support Enabled
INFO - 2024-04-07 22:45:46 --> Utf8 Class Initialized
INFO - 2024-04-07 22:45:46 --> URI Class Initialized
INFO - 2024-04-07 22:45:46 --> Router Class Initialized
INFO - 2024-04-07 22:45:46 --> Output Class Initialized
INFO - 2024-04-07 22:45:46 --> Security Class Initialized
DEBUG - 2024-04-07 22:45:46 --> Global POST, GET and COOKIE data sanitized
INFO - 2024-04-07 22:45:46 --> Input Class Initialized
INFO - 2024-04-07 22:45:46 --> Language Class Initialized
INFO - 2024-04-07 22:45:46 --> Loader Class Initialized
INFO - 2024-04-07 22:45:46 --> Helper loaded: url_helper
INFO - 2024-04-07 22:45:46 --> Database Driver Class Initialized
INFO - 2024-04-07 22:45:46 --> Controller Class Initialized
INFO - 2024-04-07 22:45:46 --> Model "Mconfigkey" initialized
INFO - 2024-04-07 22:45:46 --> Model "Mgoods_in" initialized
INFO - 2024-04-07 22:45:47 --> Final output sent to browser
DEBUG - 2024-04-07 22:45:47 --> Total execution time: 0.9062
INFO - 2024-04-07 22:45:51 --> Config Class Initialized
INFO - 2024-04-07 22:45:51 --> Hooks Class Initialized
DEBUG - 2024-04-07 22:45:51 --> UTF-8 Support Enabled
INFO - 2024-04-07 22:45:51 --> Utf8 Class Initialized
INFO - 2024-04-07 22:45:51 --> URI Class Initialized
INFO - 2024-04-07 22:45:51 --> Router Class Initialized
INFO - 2024-04-07 22:45:51 --> Output Class Initialized
INFO - 2024-04-07 22:45:51 --> Security Class Initialized
DEBUG - 2024-04-07 22:45:51 --> Global POST, GET and COOKIE data sanitized
INFO - 2024-04-07 22:45:51 --> Input Class Initialized
INFO - 2024-04-07 22:45:51 --> Language Class Initialized
INFO - 2024-04-07 22:45:51 --> Loader Class Initialized
INFO - 2024-04-07 22:45:51 --> Helper loaded: url_helper
INFO - 2024-04-07 22:45:51 --> Database Driver Class Initialized
INFO - 2024-04-07 22:45:51 --> Controller Class Initialized
INFO - 2024-04-07 22:45:51 --> Model "Mconfigkey" initialized
INFO - 2024-04-07 22:45:51 --> Model "Mgoods_in" initialized
INFO - 2024-04-07 22:45:52 --> Final output sent to browser
DEBUG - 2024-04-07 22:45:52 --> Total execution time: 0.8782
INFO - 2024-04-07 22:46:18 --> Config Class Initialized
INFO - 2024-04-07 22:46:18 --> Hooks Class Initialized
DEBUG - 2024-04-07 22:46:18 --> UTF-8 Support Enabled
INFO - 2024-04-07 22:46:18 --> Utf8 Class Initialized
INFO - 2024-04-07 22:46:18 --> URI Class Initialized
INFO - 2024-04-07 22:46:18 --> Router Class Initialized
INFO - 2024-04-07 22:46:18 --> Output Class Initialized
INFO - 2024-04-07 22:46:18 --> Security Class Initialized
DEBUG - 2024-04-07 22:46:18 --> Global POST, GET and COOKIE data sanitized
INFO - 2024-04-07 22:46:18 --> Input Class Initialized
INFO - 2024-04-07 22:46:18 --> Language Class Initialized
INFO - 2024-04-07 22:46:18 --> Loader Class Initialized
INFO - 2024-04-07 22:46:18 --> Helper loaded: url_helper
INFO - 2024-04-07 22:46:18 --> Database Driver Class Initialized
INFO - 2024-04-07 22:46:18 --> Controller Class Initialized
INFO - 2024-04-07 22:46:18 --> Model "Mconfigkey" initialized
INFO - 2024-04-07 22:46:18 --> Model "Mgoods_in" initialized
INFO - 2024-04-07 22:46:19 --> Final output sent to browser
DEBUG - 2024-04-07 22:46:19 --> Total execution time: 0.9435
INFO - 2024-04-07 22:48:03 --> Config Class Initialized
INFO - 2024-04-07 22:48:03 --> Hooks Class Initialized
DEBUG - 2024-04-07 22:48:03 --> UTF-8 Support Enabled
INFO - 2024-04-07 22:48:03 --> Utf8 Class Initialized
INFO - 2024-04-07 22:48:03 --> URI Class Initialized
INFO - 2024-04-07 22:48:03 --> Router Class Initialized
INFO - 2024-04-07 22:48:03 --> Output Class Initialized
INFO - 2024-04-07 22:48:03 --> Security Class Initialized
DEBUG - 2024-04-07 22:48:03 --> Global POST, GET and COOKIE data sanitized
INFO - 2024-04-07 22:48:03 --> Input Class Initialized
INFO - 2024-04-07 22:48:03 --> Language Class Initialized
INFO - 2024-04-07 22:48:03 --> Loader Class Initialized
INFO - 2024-04-07 22:48:03 --> Helper loaded: url_helper
INFO - 2024-04-07 22:48:03 --> Database Driver Class Initialized
INFO - 2024-04-07 22:48:03 --> Controller Class Initialized
INFO - 2024-04-07 22:48:03 --> Model "Mconfigkey" initialized
INFO - 2024-04-07 22:48:03 --> Model "Mgoods_in" initialized
INFO - 2024-04-07 22:48:03 --> Final output sent to browser
DEBUG - 2024-04-07 22:48:03 --> Total execution time: 0.6351
INFO - 2024-04-07 22:53:58 --> Config Class Initialized
INFO - 2024-04-07 22:53:58 --> Hooks Class Initialized
DEBUG - 2024-04-07 22:53:58 --> UTF-8 Support Enabled
INFO - 2024-04-07 22:53:58 --> Utf8 Class Initialized
INFO - 2024-04-07 22:53:58 --> URI Class Initialized
INFO - 2024-04-07 22:53:58 --> Router Class Initialized
INFO - 2024-04-07 22:53:58 --> Output Class Initialized
INFO - 2024-04-07 22:53:58 --> Security Class Initialized
DEBUG - 2024-04-07 22:53:58 --> Global POST, GET and COOKIE data sanitized
INFO - 2024-04-07 22:53:58 --> Input Class Initialized
INFO - 2024-04-07 22:53:58 --> Language Class Initialized
INFO - 2024-04-07 22:53:58 --> Loader Class Initialized
INFO - 2024-04-07 22:53:58 --> Helper loaded: url_helper
INFO - 2024-04-07 22:53:58 --> Database Driver Class Initialized
INFO - 2024-04-07 22:53:58 --> Controller Class Initialized
INFO - 2024-04-07 22:53:58 --> Model "Mconfigkey" initialized
INFO - 2024-04-07 22:53:58 --> Final output sent to browser
DEBUG - 2024-04-07 22:53:58 --> Total execution time: 0.0201
INFO - 2024-04-07 22:57:13 --> Config Class Initialized
INFO - 2024-04-07 22:57:13 --> Hooks Class Initialized
DEBUG - 2024-04-07 22:57:13 --> UTF-8 Support Enabled
INFO - 2024-04-07 22:57:13 --> Utf8 Class Initialized
INFO - 2024-04-07 22:57:13 --> URI Class Initialized
INFO - 2024-04-07 22:57:13 --> Router Class Initialized
INFO - 2024-04-07 22:57:13 --> Output Class Initialized
INFO - 2024-04-07 22:57:13 --> Security Class Initialized
DEBUG - 2024-04-07 22:57:13 --> Global POST, GET and COOKIE data sanitized
INFO - 2024-04-07 22:57:13 --> Input Class Initialized
INFO - 2024-04-07 22:57:13 --> Language Class Initialized
INFO - 2024-04-07 22:57:13 --> Loader Class Initialized
INFO - 2024-04-07 22:57:13 --> Helper loaded: url_helper
INFO - 2024-04-07 22:57:13 --> Database Driver Class Initialized
INFO - 2024-04-07 22:57:13 --> Controller Class Initialized
INFO - 2024-04-07 22:57:13 --> Model "Mconfigkey" initialized
INFO - 2024-04-07 22:57:13 --> Final output sent to browser
DEBUG - 2024-04-07 22:57:13 --> Total execution time: 0.0213
INFO - 2024-04-07 22:57:20 --> Config Class Initialized
INFO - 2024-04-07 22:57:20 --> Hooks Class Initialized
DEBUG - 2024-04-07 22:57:20 --> UTF-8 Support Enabled
INFO - 2024-04-07 22:57:20 --> Utf8 Class Initialized
INFO - 2024-04-07 22:57:20 --> URI Class Initialized
INFO - 2024-04-07 22:57:20 --> Router Class Initialized
INFO - 2024-04-07 22:57:20 --> Output Class Initialized
INFO - 2024-04-07 22:57:20 --> Security Class Initialized
DEBUG - 2024-04-07 22:57:20 --> Global POST, GET and COOKIE data sanitized
INFO - 2024-04-07 22:57:20 --> Input Class Initialized
INFO - 2024-04-07 22:57:20 --> Language Class Initialized
INFO - 2024-04-07 22:57:20 --> Loader Class Initialized
INFO - 2024-04-07 22:57:20 --> Helper loaded: url_helper
INFO - 2024-04-07 22:57:20 --> Database Driver Class Initialized
INFO - 2024-04-07 22:57:20 --> Controller Class Initialized
INFO - 2024-04-07 22:57:20 --> Model "Mconfigkey" initialized
INFO - 2024-04-07 22:57:20 --> Model "Mgoods_in" initialized
ERROR - 2024-04-07 22:57:20 --> Query error: [Microsoft][ODBC Driver 18 for SQL Server][SQL Server]Invalid column name 'MAPP_PARTNO'. - Invalid query: SELECT COUNT(*) AS "numrows"
FROM (
SELECT "A"."RECEIPT_NO", FORMAT(A.RECEIPT_DATE, 'yyyy-MM-dd') as RECEIPT_DATE, "A"."INVOICE_NO", "A"."PART_NO", "A"."MAPP_PARTNO", SUM(A.RECEIPT_QTY) as RECEIPT_QTY, "A"."BC_TYPE", "A"."NOMOR_AJU", "A"."TANGGAL_AJU", "A"."NOMOR_DAFTAR", "A"."TANGGAL_DAFTAR"
FROM "goods_in_detail" "A"
GROUP BY "A"."RECEIPT_NO", "A"."RECEIPT_DATE", "A"."INVOICE_NO", "A"."PART_NO", "A"."MAPP_PARTNO", "A"."BC_TYPE", "A"."NOMOR_AJU", "A"."TANGGAL_AJU", "A"."NOMOR_DAFTAR", "A"."TANGGAL_DAFTAR"
) CI_count_all_results
INFO - 2024-04-07 22:57:20 --> Language file loaded: language/english/db_lang.php
INFO - 2024-04-07 22:57:23 --> Config Class Initialized
INFO - 2024-04-07 22:57:23 --> Hooks Class Initialized
DEBUG - 2024-04-07 22:57:23 --> UTF-8 Support Enabled
INFO - 2024-04-07 22:57:23 --> Utf8 Class Initialized
INFO - 2024-04-07 22:57:23 --> URI Class Initialized
INFO - 2024-04-07 22:57:23 --> Router Class Initialized
INFO - 2024-04-07 22:57:23 --> Output Class Initialized
INFO - 2024-04-07 22:57:23 --> Security Class Initialized
DEBUG - 2024-04-07 22:57:23 --> Global POST, GET and COOKIE data sanitized
INFO - 2024-04-07 22:57:23 --> Input Class Initialized
INFO - 2024-04-07 22:57:23 --> Language Class Initialized
INFO - 2024-04-07 22:57:23 --> Loader Class Initialized
INFO - 2024-04-07 22:57:23 --> Helper loaded: url_helper
INFO - 2024-04-07 22:57:23 --> Database Driver Class Initialized
INFO - 2024-04-07 22:57:23 --> Controller Class Initialized
INFO - 2024-04-07 22:57:23 --> Model "Mconfigkey" initialized
INFO - 2024-04-07 22:57:23 --> Model "Mgoods_in" initialized
INFO - 2024-04-07 22:57:23 --> Final output sent to browser
DEBUG - 2024-04-07 22:57:23 --> Total execution time: 0.4956
INFO - 2024-04-07 22:57:27 --> Config Class Initialized
INFO - 2024-04-07 22:57:27 --> Hooks Class Initialized
DEBUG - 2024-04-07 22:57:27 --> UTF-8 Support Enabled
INFO - 2024-04-07 22:57:27 --> Utf8 Class Initialized
INFO - 2024-04-07 22:57:27 --> URI Class Initialized
INFO - 2024-04-07 22:57:27 --> Router Class Initialized
INFO - 2024-04-07 22:57:27 --> Output Class Initialized
INFO - 2024-04-07 22:57:27 --> Security Class Initialized
DEBUG - 2024-04-07 22:57:27 --> Global POST, GET and COOKIE data sanitized
INFO - 2024-04-07 22:57:27 --> Input Class Initialized
INFO - 2024-04-07 22:57:27 --> Language Class Initialized
INFO - 2024-04-07 22:57:27 --> Loader Class Initialized
INFO - 2024-04-07 22:57:27 --> Helper loaded: url_helper
INFO - 2024-04-07 22:57:27 --> Database Driver Class Initialized
INFO - 2024-04-07 22:57:27 --> Controller Class Initialized
INFO - 2024-04-07 22:57:27 --> Model "Mconfigkey" initialized
INFO - 2024-04-07 22:57:27 --> Model "Mgoods_in" initialized
INFO - 2024-04-07 22:57:28 --> Final output sent to browser
DEBUG - 2024-04-07 22:57:28 --> Total execution time: 0.7273
