INFO - 2025-01-21 08:39:56 --> Config Class Initialized
INFO - 2025-01-21 08:39:56 --> Hooks Class Initialized
DEBUG - 2025-01-21 08:39:56 --> UTF-8 Support Enabled
INFO - 2025-01-21 08:39:56 --> Utf8 Class Initialized
INFO - 2025-01-21 08:39:56 --> URI Class Initialized
INFO - 2025-01-21 08:39:56 --> Router Class Initialized
INFO - 2025-01-21 08:39:56 --> Output Class Initialized
INFO - 2025-01-21 08:39:56 --> Security Class Initialized
DEBUG - 2025-01-21 08:39:56 --> Global POST, GET and COOKIE data sanitized
INFO - 2025-01-21 08:39:56 --> Input Class Initialized
INFO - 2025-01-21 08:39:56 --> Language Class Initialized
INFO - 2025-01-21 08:39:56 --> Loader Class Initialized
INFO - 2025-01-21 08:39:56 --> Helper loaded: url_helper
INFO - 2025-01-21 08:39:56 --> Database Driver Class Initialized
INFO - 2025-01-21 08:39:56 --> Controller Class Initialized
INFO - 2025-01-21 08:39:56 --> Model "Mconfigkey" initialized
INFO - 2025-01-21 08:39:56 --> Final output sent to browser
DEBUG - 2025-01-21 08:39:56 --> Total execution time: 0.5721
INFO - 2025-01-21 09:28:57 --> Config Class Initialized
INFO - 2025-01-21 09:28:57 --> Hooks Class Initialized
DEBUG - 2025-01-21 09:28:57 --> UTF-8 Support Enabled
INFO - 2025-01-21 09:28:57 --> Utf8 Class Initialized
INFO - 2025-01-21 09:28:57 --> URI Class Initialized
INFO - 2025-01-21 09:28:57 --> Router Class Initialized
INFO - 2025-01-21 09:28:57 --> Output Class Initialized
INFO - 2025-01-21 09:28:57 --> Security Class Initialized
DEBUG - 2025-01-21 09:28:57 --> Global POST, GET and COOKIE data sanitized
INFO - 2025-01-21 09:28:57 --> Input Class Initialized
INFO - 2025-01-21 09:28:57 --> Language Class Initialized
INFO - 2025-01-21 09:28:57 --> Loader Class Initialized
INFO - 2025-01-21 09:28:57 --> Helper loaded: url_helper
INFO - 2025-01-21 09:28:57 --> Database Driver Class Initialized
INFO - 2025-01-21 09:28:57 --> Controller Class Initialized
INFO - 2025-01-21 09:28:57 --> Model "Mconfigkey" initialized
INFO - 2025-01-21 09:28:57 --> Final output sent to browser
DEBUG - 2025-01-21 09:28:57 --> Total execution time: 0.0230
INFO - 2025-01-21 15:09:19 --> Config Class Initialized
INFO - 2025-01-21 15:09:19 --> Hooks Class Initialized
DEBUG - 2025-01-21 15:09:19 --> UTF-8 Support Enabled
INFO - 2025-01-21 15:09:19 --> Utf8 Class Initialized
INFO - 2025-01-21 15:09:20 --> URI Class Initialized
INFO - 2025-01-21 15:09:20 --> Router Class Initialized
INFO - 2025-01-21 15:09:20 --> Output Class Initialized
INFO - 2025-01-21 15:09:20 --> Security Class Initialized
DEBUG - 2025-01-21 15:09:20 --> Global POST, GET and COOKIE data sanitized
INFO - 2025-01-21 15:09:20 --> Input Class Initialized
INFO - 2025-01-21 15:09:20 --> Language Class Initialized
INFO - 2025-01-21 15:09:20 --> Loader Class Initialized
INFO - 2025-01-21 15:09:20 --> Helper loaded: url_helper
INFO - 2025-01-21 15:09:20 --> Database Driver Class Initialized
INFO - 2025-01-21 15:09:20 --> Controller Class Initialized
INFO - 2025-01-21 15:09:20 --> Model "Mconfigkey" initialized
INFO - 2025-01-21 15:09:20 --> Final output sent to browser
DEBUG - 2025-01-21 15:09:20 --> Total execution time: 0.3510
INFO - 2025-01-21 16:04:05 --> Config Class Initialized
INFO - 2025-01-21 16:04:05 --> Hooks Class Initialized
DEBUG - 2025-01-21 16:04:05 --> UTF-8 Support Enabled
INFO - 2025-01-21 16:04:05 --> Utf8 Class Initialized
INFO - 2025-01-21 16:04:05 --> URI Class Initialized
INFO - 2025-01-21 16:04:05 --> Router Class Initialized
INFO - 2025-01-21 16:04:05 --> Output Class Initialized
INFO - 2025-01-21 16:04:05 --> Security Class Initialized
DEBUG - 2025-01-21 16:04:05 --> Global POST, GET and COOKIE data sanitized
INFO - 2025-01-21 16:04:05 --> Input Class Initialized
INFO - 2025-01-21 16:04:05 --> Language Class Initialized
INFO - 2025-01-21 16:04:05 --> Loader Class Initialized
INFO - 2025-01-21 16:04:05 --> Helper loaded: url_helper
INFO - 2025-01-21 16:04:05 --> Database Driver Class Initialized
INFO - 2025-01-21 16:04:05 --> Controller Class Initialized
INFO - 2025-01-21 16:04:05 --> Model "Mconfigkey" initialized
INFO - 2025-01-21 16:04:05 --> Final output sent to browser
DEBUG - 2025-01-21 16:04:05 --> Total execution time: 0.0226
INFO - 2025-01-21 16:04:08 --> Config Class Initialized
INFO - 2025-01-21 16:04:08 --> Hooks Class Initialized
DEBUG - 2025-01-21 16:04:08 --> UTF-8 Support Enabled
INFO - 2025-01-21 16:04:08 --> Utf8 Class Initialized
INFO - 2025-01-21 16:04:08 --> URI Class Initialized
INFO - 2025-01-21 16:04:08 --> Router Class Initialized
INFO - 2025-01-21 16:04:08 --> Output Class Initialized
INFO - 2025-01-21 16:04:08 --> Security Class Initialized
DEBUG - 2025-01-21 16:04:08 --> Global POST, GET and COOKIE data sanitized
INFO - 2025-01-21 16:04:08 --> Input Class Initialized
INFO - 2025-01-21 16:04:08 --> Language Class Initialized
INFO - 2025-01-21 16:04:08 --> Loader Class Initialized
INFO - 2025-01-21 16:04:08 --> Helper loaded: url_helper
INFO - 2025-01-21 16:04:08 --> Database Driver Class Initialized
INFO - 2025-01-21 16:04:08 --> Controller Class Initialized
INFO - 2025-01-21 16:04:08 --> Model "Mauth" initialized
INFO - 2025-01-21 16:04:08 --> Model "Mconfigkey" initialized
INFO - 2025-01-21 16:04:08 --> Final output sent to browser
DEBUG - 2025-01-21 16:04:08 --> Total execution time: 0.0273
INFO - 2025-01-21 16:04:10 --> Config Class Initialized
INFO - 2025-01-21 16:04:10 --> Hooks Class Initialized
DEBUG - 2025-01-21 16:04:10 --> UTF-8 Support Enabled
INFO - 2025-01-21 16:04:10 --> Utf8 Class Initialized
INFO - 2025-01-21 16:04:10 --> URI Class Initialized
INFO - 2025-01-21 16:04:10 --> Router Class Initialized
INFO - 2025-01-21 16:04:10 --> Output Class Initialized
INFO - 2025-01-21 16:04:10 --> Security Class Initialized
DEBUG - 2025-01-21 16:04:10 --> Global POST, GET and COOKIE data sanitized
INFO - 2025-01-21 16:04:10 --> Input Class Initialized
INFO - 2025-01-21 16:04:10 --> Language Class Initialized
INFO - 2025-01-21 16:04:10 --> Loader Class Initialized
INFO - 2025-01-21 16:04:10 --> Helper loaded: url_helper
INFO - 2025-01-21 16:04:10 --> Database Driver Class Initialized
INFO - 2025-01-21 16:04:10 --> Controller Class Initialized
INFO - 2025-01-21 16:04:10 --> Model "Mconfigkey" initialized
INFO - 2025-01-21 16:04:10 --> Final output sent to browser
DEBUG - 2025-01-21 16:04:10 --> Total execution time: 0.0197
INFO - 2025-01-21 16:04:12 --> Config Class Initialized
INFO - 2025-01-21 16:04:12 --> Hooks Class Initialized
DEBUG - 2025-01-21 16:04:12 --> UTF-8 Support Enabled
INFO - 2025-01-21 16:04:12 --> Utf8 Class Initialized
INFO - 2025-01-21 16:04:12 --> URI Class Initialized
INFO - 2025-01-21 16:04:12 --> Router Class Initialized
INFO - 2025-01-21 16:04:12 --> Output Class Initialized
INFO - 2025-01-21 16:04:12 --> Security Class Initialized
DEBUG - 2025-01-21 16:04:12 --> Global POST, GET and COOKIE data sanitized
INFO - 2025-01-21 16:04:12 --> Input Class Initialized
INFO - 2025-01-21 16:04:12 --> Language Class Initialized
INFO - 2025-01-21 16:04:12 --> Loader Class Initialized
INFO - 2025-01-21 16:04:12 --> Helper loaded: url_helper
INFO - 2025-01-21 16:04:12 --> Database Driver Class Initialized
INFO - 2025-01-21 16:04:12 --> Controller Class Initialized
INFO - 2025-01-21 16:04:12 --> Model "Mconfigkey" initialized
INFO - 2025-01-21 16:04:12 --> Model "Mbcout_27" initialized
INFO - 2025-01-21 16:04:12 --> Final output sent to browser
DEBUG - 2025-01-21 16:04:12 --> Total execution time: 0.0887
INFO - 2025-01-21 16:04:15 --> Config Class Initialized
INFO - 2025-01-21 16:04:15 --> Hooks Class Initialized
DEBUG - 2025-01-21 16:04:15 --> UTF-8 Support Enabled
INFO - 2025-01-21 16:04:15 --> Utf8 Class Initialized
INFO - 2025-01-21 16:04:15 --> URI Class Initialized
INFO - 2025-01-21 16:04:15 --> Router Class Initialized
INFO - 2025-01-21 16:04:15 --> Output Class Initialized
INFO - 2025-01-21 16:04:15 --> Security Class Initialized
DEBUG - 2025-01-21 16:04:15 --> Global POST, GET and COOKIE data sanitized
INFO - 2025-01-21 16:04:15 --> Input Class Initialized
INFO - 2025-01-21 16:04:15 --> Language Class Initialized
INFO - 2025-01-21 16:04:15 --> Loader Class Initialized
INFO - 2025-01-21 16:04:15 --> Helper loaded: url_helper
INFO - 2025-01-21 16:04:15 --> Database Driver Class Initialized
INFO - 2025-01-21 16:04:15 --> Controller Class Initialized
INFO - 2025-01-21 16:04:15 --> Model "Mconfigkey" initialized
INFO - 2025-01-21 16:04:15 --> Model "Mbcout_27" initialized
INFO - 2025-01-21 16:04:15 --> Final output sent to browser
DEBUG - 2025-01-21 16:04:15 --> Total execution time: 0.0201
INFO - 2025-01-21 16:04:29 --> Config Class Initialized
INFO - 2025-01-21 16:04:29 --> Hooks Class Initialized
DEBUG - 2025-01-21 16:04:29 --> UTF-8 Support Enabled
INFO - 2025-01-21 16:04:29 --> Utf8 Class Initialized
INFO - 2025-01-21 16:04:29 --> URI Class Initialized
INFO - 2025-01-21 16:04:29 --> Router Class Initialized
INFO - 2025-01-21 16:04:29 --> Output Class Initialized
INFO - 2025-01-21 16:04:29 --> Security Class Initialized
DEBUG - 2025-01-21 16:04:29 --> Global POST, GET and COOKIE data sanitized
INFO - 2025-01-21 16:04:29 --> Input Class Initialized
INFO - 2025-01-21 16:04:29 --> Language Class Initialized
INFO - 2025-01-21 16:04:29 --> Loader Class Initialized
INFO - 2025-01-21 16:04:29 --> Helper loaded: url_helper
INFO - 2025-01-21 16:04:29 --> Database Driver Class Initialized
INFO - 2025-01-21 16:04:29 --> Controller Class Initialized
INFO - 2025-01-21 16:04:29 --> Model "Mconfigkey" initialized
INFO - 2025-01-21 16:04:29 --> Model "Mbcin_271_aw" initialized
INFO - 2025-01-21 16:04:29 --> Final output sent to browser
DEBUG - 2025-01-21 16:04:29 --> Total execution time: 0.1094
INFO - 2025-01-21 16:04:38 --> Config Class Initialized
INFO - 2025-01-21 16:04:38 --> Hooks Class Initialized
DEBUG - 2025-01-21 16:04:38 --> UTF-8 Support Enabled
INFO - 2025-01-21 16:04:38 --> Utf8 Class Initialized
INFO - 2025-01-21 16:04:38 --> URI Class Initialized
INFO - 2025-01-21 16:04:38 --> Router Class Initialized
INFO - 2025-01-21 16:04:38 --> Output Class Initialized
INFO - 2025-01-21 16:04:38 --> Security Class Initialized
DEBUG - 2025-01-21 16:04:38 --> Global POST, GET and COOKIE data sanitized
INFO - 2025-01-21 16:04:38 --> Input Class Initialized
INFO - 2025-01-21 16:04:38 --> Language Class Initialized
INFO - 2025-01-21 16:04:38 --> Loader Class Initialized
INFO - 2025-01-21 16:04:38 --> Helper loaded: url_helper
INFO - 2025-01-21 16:04:38 --> Database Driver Class Initialized
INFO - 2025-01-21 16:04:38 --> Controller Class Initialized
INFO - 2025-01-21 16:04:38 --> Model "Mconfigkey" initialized
INFO - 2025-01-21 16:04:38 --> Model "Mbcin_271_aw" initialized
INFO - 2025-01-21 16:04:38 --> Final output sent to browser
DEBUG - 2025-01-21 16:04:38 --> Total execution time: 0.1335
INFO - 2025-01-21 16:04:41 --> Config Class Initialized
INFO - 2025-01-21 16:04:41 --> Hooks Class Initialized
DEBUG - 2025-01-21 16:04:41 --> UTF-8 Support Enabled
INFO - 2025-01-21 16:04:41 --> Utf8 Class Initialized
INFO - 2025-01-21 16:04:41 --> URI Class Initialized
INFO - 2025-01-21 16:04:41 --> Router Class Initialized
INFO - 2025-01-21 16:04:41 --> Output Class Initialized
INFO - 2025-01-21 16:04:41 --> Security Class Initialized
DEBUG - 2025-01-21 16:04:41 --> Global POST, GET and COOKIE data sanitized
INFO - 2025-01-21 16:04:41 --> Input Class Initialized
INFO - 2025-01-21 16:04:41 --> Language Class Initialized
INFO - 2025-01-21 16:04:41 --> Loader Class Initialized
INFO - 2025-01-21 16:04:41 --> Helper loaded: url_helper
INFO - 2025-01-21 16:04:42 --> Database Driver Class Initialized
INFO - 2025-01-21 16:04:42 --> Controller Class Initialized
INFO - 2025-01-21 16:04:42 --> Model "Mconfigkey" initialized
INFO - 2025-01-21 16:04:42 --> Model "Mbcin_271_aw" initialized
INFO - 2025-01-21 16:04:42 --> Final output sent to browser
DEBUG - 2025-01-21 16:04:42 --> Total execution time: 0.0247
INFO - 2025-01-21 16:04:43 --> Config Class Initialized
INFO - 2025-01-21 16:04:43 --> Hooks Class Initialized
DEBUG - 2025-01-21 16:04:43 --> UTF-8 Support Enabled
INFO - 2025-01-21 16:04:43 --> Utf8 Class Initialized
INFO - 2025-01-21 16:04:43 --> URI Class Initialized
INFO - 2025-01-21 16:04:43 --> Router Class Initialized
INFO - 2025-01-21 16:04:43 --> Output Class Initialized
INFO - 2025-01-21 16:04:43 --> Security Class Initialized
DEBUG - 2025-01-21 16:04:43 --> Global POST, GET and COOKIE data sanitized
INFO - 2025-01-21 16:04:43 --> Input Class Initialized
INFO - 2025-01-21 16:04:43 --> Language Class Initialized
INFO - 2025-01-21 16:04:43 --> Loader Class Initialized
INFO - 2025-01-21 16:04:43 --> Helper loaded: url_helper
INFO - 2025-01-21 16:04:43 --> Database Driver Class Initialized
INFO - 2025-01-21 16:04:43 --> Controller Class Initialized
INFO - 2025-01-21 16:04:43 --> Model "Mconfigkey" initialized
INFO - 2025-01-21 16:04:43 --> Model "Mbcin_271_aw" initialized
INFO - 2025-01-21 16:04:43 --> Final output sent to browser
DEBUG - 2025-01-21 16:04:43 --> Total execution time: 0.1978
INFO - 2025-01-21 16:05:31 --> Config Class Initialized
INFO - 2025-01-21 16:05:31 --> Hooks Class Initialized
DEBUG - 2025-01-21 16:05:31 --> UTF-8 Support Enabled
INFO - 2025-01-21 16:05:31 --> Utf8 Class Initialized
INFO - 2025-01-21 16:05:31 --> URI Class Initialized
INFO - 2025-01-21 16:05:31 --> Router Class Initialized
INFO - 2025-01-21 16:05:31 --> Output Class Initialized
INFO - 2025-01-21 16:05:31 --> Security Class Initialized
DEBUG - 2025-01-21 16:05:31 --> Global POST, GET and COOKIE data sanitized
INFO - 2025-01-21 16:05:31 --> Input Class Initialized
INFO - 2025-01-21 16:05:31 --> Language Class Initialized
INFO - 2025-01-21 16:05:31 --> Loader Class Initialized
INFO - 2025-01-21 16:05:31 --> Helper loaded: url_helper
INFO - 2025-01-21 16:05:31 --> Database Driver Class Initialized
INFO - 2025-01-21 16:05:31 --> Controller Class Initialized
INFO - 2025-01-21 16:05:31 --> Model "Mconfigkey" initialized
INFO - 2025-01-21 16:05:31 --> Model "Msync_delivery_instruction" initialized
INFO - 2025-01-21 16:05:31 --> Final output sent to browser
DEBUG - 2025-01-21 16:05:31 --> Total execution time: 0.0551
INFO - 2025-01-21 16:05:39 --> Config Class Initialized
INFO - 2025-01-21 16:05:39 --> Hooks Class Initialized
DEBUG - 2025-01-21 16:05:39 --> UTF-8 Support Enabled
INFO - 2025-01-21 16:05:39 --> Utf8 Class Initialized
INFO - 2025-01-21 16:05:39 --> URI Class Initialized
INFO - 2025-01-21 16:05:39 --> Router Class Initialized
INFO - 2025-01-21 16:05:39 --> Output Class Initialized
INFO - 2025-01-21 16:05:39 --> Security Class Initialized
DEBUG - 2025-01-21 16:05:39 --> Global POST, GET and COOKIE data sanitized
INFO - 2025-01-21 16:05:39 --> Input Class Initialized
INFO - 2025-01-21 16:05:39 --> Language Class Initialized
INFO - 2025-01-21 16:05:39 --> Loader Class Initialized
INFO - 2025-01-21 16:05:39 --> Helper loaded: url_helper
INFO - 2025-01-21 16:05:39 --> Database Driver Class Initialized
INFO - 2025-01-21 16:05:39 --> Controller Class Initialized
INFO - 2025-01-21 16:05:39 --> Model "Mconfigkey" initialized
INFO - 2025-01-21 16:05:39 --> Model "Msync_delivery_instruction" initialized
INFO - 2025-01-21 16:05:39 --> Final output sent to browser
DEBUG - 2025-01-21 16:05:39 --> Total execution time: 0.0362
INFO - 2025-01-21 16:05:43 --> Config Class Initialized
INFO - 2025-01-21 16:05:43 --> Hooks Class Initialized
DEBUG - 2025-01-21 16:05:43 --> UTF-8 Support Enabled
INFO - 2025-01-21 16:05:43 --> Utf8 Class Initialized
INFO - 2025-01-21 16:05:43 --> URI Class Initialized
INFO - 2025-01-21 16:05:43 --> Router Class Initialized
INFO - 2025-01-21 16:05:43 --> Output Class Initialized
INFO - 2025-01-21 16:05:43 --> Security Class Initialized
DEBUG - 2025-01-21 16:05:43 --> Global POST, GET and COOKIE data sanitized
INFO - 2025-01-21 16:05:43 --> Input Class Initialized
INFO - 2025-01-21 16:05:43 --> Language Class Initialized
INFO - 2025-01-21 16:05:43 --> Loader Class Initialized
INFO - 2025-01-21 16:05:43 --> Helper loaded: url_helper
INFO - 2025-01-21 16:05:43 --> Database Driver Class Initialized
INFO - 2025-01-21 16:05:43 --> Controller Class Initialized
INFO - 2025-01-21 16:05:43 --> Model "Mconfigkey" initialized
INFO - 2025-01-21 16:05:43 --> Model "Msync_delivery_instruction" initialized
INFO - 2025-01-21 16:05:43 --> Final output sent to browser
DEBUG - 2025-01-21 16:05:43 --> Total execution time: 0.0361
INFO - 2025-01-21 16:05:45 --> Config Class Initialized
INFO - 2025-01-21 16:05:45 --> Hooks Class Initialized
DEBUG - 2025-01-21 16:05:45 --> UTF-8 Support Enabled
INFO - 2025-01-21 16:05:45 --> Utf8 Class Initialized
INFO - 2025-01-21 16:05:45 --> URI Class Initialized
INFO - 2025-01-21 16:05:45 --> Router Class Initialized
INFO - 2025-01-21 16:05:45 --> Output Class Initialized
INFO - 2025-01-21 16:05:45 --> Security Class Initialized
DEBUG - 2025-01-21 16:05:45 --> Global POST, GET and COOKIE data sanitized
INFO - 2025-01-21 16:05:45 --> Input Class Initialized
INFO - 2025-01-21 16:05:45 --> Language Class Initialized
INFO - 2025-01-21 16:05:45 --> Loader Class Initialized
INFO - 2025-01-21 16:05:45 --> Helper loaded: url_helper
INFO - 2025-01-21 16:05:45 --> Database Driver Class Initialized
INFO - 2025-01-21 16:05:45 --> Controller Class Initialized
INFO - 2025-01-21 16:05:45 --> Model "Mconfigkey" initialized
INFO - 2025-01-21 16:05:45 --> Model "Msync_delivery_instruction" initialized
INFO - 2025-01-21 16:05:45 --> Final output sent to browser
DEBUG - 2025-01-21 16:05:45 --> Total execution time: 0.0258
INFO - 2025-01-21 16:05:46 --> Config Class Initialized
INFO - 2025-01-21 16:05:46 --> Hooks Class Initialized
DEBUG - 2025-01-21 16:05:46 --> UTF-8 Support Enabled
INFO - 2025-01-21 16:05:46 --> Utf8 Class Initialized
INFO - 2025-01-21 16:05:46 --> URI Class Initialized
INFO - 2025-01-21 16:05:46 --> Router Class Initialized
INFO - 2025-01-21 16:05:46 --> Output Class Initialized
INFO - 2025-01-21 16:05:46 --> Security Class Initialized
DEBUG - 2025-01-21 16:05:46 --> Global POST, GET and COOKIE data sanitized
INFO - 2025-01-21 16:05:46 --> Input Class Initialized
INFO - 2025-01-21 16:05:46 --> Language Class Initialized
INFO - 2025-01-21 16:05:46 --> Loader Class Initialized
INFO - 2025-01-21 16:05:46 --> Helper loaded: url_helper
INFO - 2025-01-21 16:05:46 --> Database Driver Class Initialized
INFO - 2025-01-21 16:05:46 --> Controller Class Initialized
INFO - 2025-01-21 16:05:46 --> Model "Mconfigkey" initialized
INFO - 2025-01-21 16:05:46 --> Model "Msync_delivery_instruction" initialized
INFO - 2025-01-21 16:05:46 --> Final output sent to browser
DEBUG - 2025-01-21 16:05:46 --> Total execution time: 0.0908
INFO - 2025-01-21 16:05:49 --> Config Class Initialized
INFO - 2025-01-21 16:05:49 --> Hooks Class Initialized
DEBUG - 2025-01-21 16:05:49 --> UTF-8 Support Enabled
INFO - 2025-01-21 16:05:49 --> Utf8 Class Initialized
INFO - 2025-01-21 16:05:49 --> URI Class Initialized
INFO - 2025-01-21 16:05:49 --> Router Class Initialized
INFO - 2025-01-21 16:05:49 --> Output Class Initialized
INFO - 2025-01-21 16:05:49 --> Security Class Initialized
DEBUG - 2025-01-21 16:05:49 --> Global POST, GET and COOKIE data sanitized
INFO - 2025-01-21 16:05:49 --> Input Class Initialized
INFO - 2025-01-21 16:05:49 --> Language Class Initialized
INFO - 2025-01-21 16:05:49 --> Loader Class Initialized
INFO - 2025-01-21 16:05:49 --> Helper loaded: url_helper
INFO - 2025-01-21 16:05:49 --> Database Driver Class Initialized
INFO - 2025-01-21 16:05:49 --> Controller Class Initialized
INFO - 2025-01-21 16:05:49 --> Model "Mconfigkey" initialized
INFO - 2025-01-21 16:05:49 --> Model "Msync_delivery_instruction" initialized
INFO - 2025-01-21 16:05:49 --> Final output sent to browser
DEBUG - 2025-01-21 16:05:49 --> Total execution time: 0.0573
INFO - 2025-01-21 16:12:22 --> Config Class Initialized
INFO - 2025-01-21 16:12:22 --> Hooks Class Initialized
DEBUG - 2025-01-21 16:12:22 --> UTF-8 Support Enabled
INFO - 2025-01-21 16:12:22 --> Utf8 Class Initialized
INFO - 2025-01-21 16:12:22 --> URI Class Initialized
INFO - 2025-01-21 16:12:22 --> Router Class Initialized
INFO - 2025-01-21 16:12:22 --> Output Class Initialized
INFO - 2025-01-21 16:12:22 --> Security Class Initialized
DEBUG - 2025-01-21 16:12:22 --> Global POST, GET and COOKIE data sanitized
INFO - 2025-01-21 16:12:22 --> Input Class Initialized
INFO - 2025-01-21 16:12:22 --> Language Class Initialized
INFO - 2025-01-21 16:12:22 --> Loader Class Initialized
INFO - 2025-01-21 16:12:22 --> Helper loaded: url_helper
INFO - 2025-01-21 16:12:22 --> Database Driver Class Initialized
INFO - 2025-01-21 16:12:22 --> Controller Class Initialized
INFO - 2025-01-21 16:12:22 --> Model "Mconfigkey" initialized
INFO - 2025-01-21 16:12:23 --> Model "Mbcin_271_aw" initialized
INFO - 2025-01-21 16:12:23 --> Final output sent to browser
DEBUG - 2025-01-21 16:12:23 --> Total execution time: 0.9310
INFO - 2025-01-21 16:12:27 --> Config Class Initialized
INFO - 2025-01-21 16:12:27 --> Hooks Class Initialized
DEBUG - 2025-01-21 16:12:27 --> UTF-8 Support Enabled
INFO - 2025-01-21 16:12:27 --> Utf8 Class Initialized
INFO - 2025-01-21 16:12:27 --> URI Class Initialized
INFO - 2025-01-21 16:12:27 --> Router Class Initialized
INFO - 2025-01-21 16:12:27 --> Output Class Initialized
INFO - 2025-01-21 16:12:27 --> Security Class Initialized
DEBUG - 2025-01-21 16:12:27 --> Global POST, GET and COOKIE data sanitized
INFO - 2025-01-21 16:12:27 --> Input Class Initialized
INFO - 2025-01-21 16:12:27 --> Language Class Initialized
INFO - 2025-01-21 16:12:27 --> Loader Class Initialized
INFO - 2025-01-21 16:12:27 --> Helper loaded: url_helper
INFO - 2025-01-21 16:12:27 --> Database Driver Class Initialized
INFO - 2025-01-21 16:12:27 --> Controller Class Initialized
INFO - 2025-01-21 16:12:27 --> Model "Mconfigkey" initialized
INFO - 2025-01-21 16:12:27 --> Model "Mbcin_271_aw" initialized
ERROR - 2025-01-21 16:12:27 --> Query error: [Microsoft][ODBC Driver 18 for SQL Server][SQL Server]Incorrect syntax near 'AJU]'. - Invalid query: SELECT COUNT(*) AS "numrows"
FROM (
SELECT DISTINCT *
FROM "_FROM_PORTAL40_BAHANBAKU"
WHERE "[NOMOR" "AJU]" IS NULL
AND "[SERI" "BARANG]" = 1
) CI_count_all_results
INFO - 2025-01-21 16:12:27 --> Language file loaded: language/english/db_lang.php
INFO - 2025-01-21 16:12:56 --> Config Class Initialized
INFO - 2025-01-21 16:12:56 --> Hooks Class Initialized
DEBUG - 2025-01-21 16:12:56 --> UTF-8 Support Enabled
INFO - 2025-01-21 16:12:56 --> Utf8 Class Initialized
INFO - 2025-01-21 16:12:56 --> URI Class Initialized
INFO - 2025-01-21 16:12:56 --> Router Class Initialized
INFO - 2025-01-21 16:12:56 --> Output Class Initialized
INFO - 2025-01-21 16:12:56 --> Security Class Initialized
DEBUG - 2025-01-21 16:12:56 --> Global POST, GET and COOKIE data sanitized
INFO - 2025-01-21 16:12:56 --> Input Class Initialized
INFO - 2025-01-21 16:12:56 --> Language Class Initialized
INFO - 2025-01-21 16:12:56 --> Loader Class Initialized
INFO - 2025-01-21 16:12:56 --> Helper loaded: url_helper
INFO - 2025-01-21 16:12:56 --> Database Driver Class Initialized
INFO - 2025-01-21 16:12:56 --> Controller Class Initialized
INFO - 2025-01-21 16:12:56 --> Model "Mconfigkey" initialized
INFO - 2025-01-21 16:12:56 --> Model "Mbcin_271_aw" initialized
INFO - 2025-01-21 16:12:56 --> Final output sent to browser
DEBUG - 2025-01-21 16:12:56 --> Total execution time: 0.0285
INFO - 2025-01-21 16:12:58 --> Config Class Initialized
INFO - 2025-01-21 16:12:58 --> Hooks Class Initialized
DEBUG - 2025-01-21 16:12:58 --> UTF-8 Support Enabled
INFO - 2025-01-21 16:12:58 --> Utf8 Class Initialized
INFO - 2025-01-21 16:12:58 --> URI Class Initialized
INFO - 2025-01-21 16:12:58 --> Router Class Initialized
INFO - 2025-01-21 16:12:58 --> Output Class Initialized
INFO - 2025-01-21 16:12:58 --> Security Class Initialized
DEBUG - 2025-01-21 16:12:58 --> Global POST, GET and COOKIE data sanitized
INFO - 2025-01-21 16:12:58 --> Input Class Initialized
INFO - 2025-01-21 16:12:58 --> Language Class Initialized
INFO - 2025-01-21 16:12:58 --> Loader Class Initialized
INFO - 2025-01-21 16:12:58 --> Helper loaded: url_helper
INFO - 2025-01-21 16:12:58 --> Database Driver Class Initialized
INFO - 2025-01-21 16:12:58 --> Controller Class Initialized
INFO - 2025-01-21 16:12:58 --> Model "Mconfigkey" initialized
INFO - 2025-01-21 16:12:58 --> Model "Mbcin_271_aw" initialized
ERROR - 2025-01-21 16:12:58 --> Query error: [Microsoft][ODBC Driver 18 for SQL Server][SQL Server]Incorrect syntax near 'AJU]`'. - Invalid query: SELECT COUNT(*) AS "numrows"
FROM (
SELECT DISTINCT *
FROM "_FROM_PORTAL40_BAHANBAKU"
WHERE "`[NOMOR" "AJU]`" IS NULL
AND "[SERI" "BARANG]" = 1
) CI_count_all_results
INFO - 2025-01-21 16:12:58 --> Language file loaded: language/english/db_lang.php
INFO - 2025-01-21 16:13:52 --> Config Class Initialized
INFO - 2025-01-21 16:13:52 --> Hooks Class Initialized
DEBUG - 2025-01-21 16:13:52 --> UTF-8 Support Enabled
INFO - 2025-01-21 16:13:52 --> Utf8 Class Initialized
INFO - 2025-01-21 16:13:52 --> URI Class Initialized
INFO - 2025-01-21 16:13:52 --> Router Class Initialized
INFO - 2025-01-21 16:13:52 --> Output Class Initialized
INFO - 2025-01-21 16:13:52 --> Security Class Initialized
DEBUG - 2025-01-21 16:13:52 --> Global POST, GET and COOKIE data sanitized
INFO - 2025-01-21 16:13:52 --> Input Class Initialized
INFO - 2025-01-21 16:13:52 --> Language Class Initialized
INFO - 2025-01-21 16:13:52 --> Loader Class Initialized
INFO - 2025-01-21 16:13:52 --> Helper loaded: url_helper
INFO - 2025-01-21 16:13:52 --> Database Driver Class Initialized
INFO - 2025-01-21 16:13:52 --> Controller Class Initialized
INFO - 2025-01-21 16:13:52 --> Model "Mconfigkey" initialized
INFO - 2025-01-21 16:13:52 --> Model "Mbcin_271_aw" initialized
INFO - 2025-01-21 16:13:52 --> Final output sent to browser
DEBUG - 2025-01-21 16:13:52 --> Total execution time: 0.0245
INFO - 2025-01-21 16:14:04 --> Config Class Initialized
INFO - 2025-01-21 16:14:04 --> Hooks Class Initialized
DEBUG - 2025-01-21 16:14:04 --> UTF-8 Support Enabled
INFO - 2025-01-21 16:14:04 --> Utf8 Class Initialized
INFO - 2025-01-21 16:14:04 --> URI Class Initialized
INFO - 2025-01-21 16:14:04 --> Router Class Initialized
INFO - 2025-01-21 16:14:04 --> Output Class Initialized
INFO - 2025-01-21 16:14:04 --> Security Class Initialized
DEBUG - 2025-01-21 16:14:04 --> Global POST, GET and COOKIE data sanitized
INFO - 2025-01-21 16:14:04 --> Input Class Initialized
INFO - 2025-01-21 16:14:04 --> Language Class Initialized
INFO - 2025-01-21 16:14:04 --> Loader Class Initialized
INFO - 2025-01-21 16:14:04 --> Helper loaded: url_helper
INFO - 2025-01-21 16:14:04 --> Database Driver Class Initialized
INFO - 2025-01-21 16:14:04 --> Controller Class Initialized
INFO - 2025-01-21 16:14:04 --> Model "Mconfigkey" initialized
INFO - 2025-01-21 16:14:04 --> Model "Mbcin_271_aw" initialized
INFO - 2025-01-21 16:14:04 --> Final output sent to browser
DEBUG - 2025-01-21 16:14:04 --> Total execution time: 0.0221
INFO - 2025-01-21 16:14:05 --> Config Class Initialized
INFO - 2025-01-21 16:14:05 --> Hooks Class Initialized
DEBUG - 2025-01-21 16:14:05 --> UTF-8 Support Enabled
INFO - 2025-01-21 16:14:05 --> Utf8 Class Initialized
INFO - 2025-01-21 16:14:05 --> URI Class Initialized
INFO - 2025-01-21 16:14:05 --> Router Class Initialized
INFO - 2025-01-21 16:14:05 --> Output Class Initialized
INFO - 2025-01-21 16:14:05 --> Security Class Initialized
DEBUG - 2025-01-21 16:14:05 --> Global POST, GET and COOKIE data sanitized
INFO - 2025-01-21 16:14:05 --> Input Class Initialized
INFO - 2025-01-21 16:14:05 --> Language Class Initialized
INFO - 2025-01-21 16:14:05 --> Loader Class Initialized
INFO - 2025-01-21 16:14:05 --> Helper loaded: url_helper
INFO - 2025-01-21 16:14:05 --> Database Driver Class Initialized
INFO - 2025-01-21 16:14:05 --> Controller Class Initialized
INFO - 2025-01-21 16:14:05 --> Model "Mconfigkey" initialized
INFO - 2025-01-21 16:14:05 --> Model "Mbcin_271_aw" initialized
ERROR - 2025-01-21 16:14:05 --> Query error: [Microsoft][ODBC Driver 18 for SQL Server][SQL Server]Incorrect syntax near 'AJU`]'. - Invalid query: SELECT COUNT(*) AS "numrows"
FROM (
SELECT DISTINCT *
FROM "_FROM_PORTAL40_BAHANBAKU"
WHERE "[`NOMOR" "AJU`]" IS NULL
AND "[SERI" "BARANG]" = 1
) CI_count_all_results
INFO - 2025-01-21 16:14:05 --> Language file loaded: language/english/db_lang.php
INFO - 2025-01-21 16:15:03 --> Config Class Initialized
INFO - 2025-01-21 16:15:03 --> Hooks Class Initialized
DEBUG - 2025-01-21 16:15:03 --> UTF-8 Support Enabled
INFO - 2025-01-21 16:15:03 --> Utf8 Class Initialized
INFO - 2025-01-21 16:15:03 --> URI Class Initialized
INFO - 2025-01-21 16:15:03 --> Router Class Initialized
INFO - 2025-01-21 16:15:03 --> Output Class Initialized
INFO - 2025-01-21 16:15:03 --> Security Class Initialized
DEBUG - 2025-01-21 16:15:03 --> Global POST, GET and COOKIE data sanitized
INFO - 2025-01-21 16:15:03 --> Input Class Initialized
INFO - 2025-01-21 16:15:03 --> Language Class Initialized
INFO - 2025-01-21 16:15:03 --> Loader Class Initialized
INFO - 2025-01-21 16:15:03 --> Helper loaded: url_helper
INFO - 2025-01-21 16:15:03 --> Database Driver Class Initialized
INFO - 2025-01-21 16:15:03 --> Controller Class Initialized
INFO - 2025-01-21 16:15:03 --> Model "Mconfigkey" initialized
INFO - 2025-01-21 16:15:04 --> Model "Mbcin_271_aw" initialized
INFO - 2025-01-21 16:15:04 --> Final output sent to browser
DEBUG - 2025-01-21 16:15:04 --> Total execution time: 0.3545
INFO - 2025-01-21 16:15:05 --> Config Class Initialized
INFO - 2025-01-21 16:15:05 --> Hooks Class Initialized
DEBUG - 2025-01-21 16:15:05 --> UTF-8 Support Enabled
INFO - 2025-01-21 16:15:05 --> Utf8 Class Initialized
INFO - 2025-01-21 16:15:05 --> URI Class Initialized
INFO - 2025-01-21 16:15:05 --> Router Class Initialized
INFO - 2025-01-21 16:15:05 --> Output Class Initialized
INFO - 2025-01-21 16:15:05 --> Security Class Initialized
DEBUG - 2025-01-21 16:15:05 --> Global POST, GET and COOKIE data sanitized
INFO - 2025-01-21 16:15:05 --> Input Class Initialized
INFO - 2025-01-21 16:15:05 --> Language Class Initialized
INFO - 2025-01-21 16:15:05 --> Loader Class Initialized
INFO - 2025-01-21 16:15:05 --> Helper loaded: url_helper
INFO - 2025-01-21 16:15:05 --> Database Driver Class Initialized
INFO - 2025-01-21 16:15:05 --> Controller Class Initialized
INFO - 2025-01-21 16:15:05 --> Model "Mconfigkey" initialized
INFO - 2025-01-21 16:15:05 --> Model "Mbcin_271_aw" initialized
ERROR - 2025-01-21 16:15:05 --> Query error: [Microsoft][ODBC Driver 18 for SQL Server][SQL Server]Incorrect syntax near 'AJU'. - Invalid query: SELECT COUNT(*) AS "numrows"
FROM (
SELECT DISTINCT *
FROM "_FROM_PORTAL40_BAHANBAKU"
WHERE "NOMOR" "AJU" IS NULL
AND "[SERI" "BARANG]" = 1
) CI_count_all_results
INFO - 2025-01-21 16:15:05 --> Language file loaded: language/english/db_lang.php
INFO - 2025-01-21 16:19:27 --> Config Class Initialized
INFO - 2025-01-21 16:19:27 --> Hooks Class Initialized
DEBUG - 2025-01-21 16:19:27 --> UTF-8 Support Enabled
INFO - 2025-01-21 16:19:27 --> Utf8 Class Initialized
INFO - 2025-01-21 16:19:27 --> URI Class Initialized
INFO - 2025-01-21 16:19:27 --> Router Class Initialized
INFO - 2025-01-21 16:19:27 --> Output Class Initialized
INFO - 2025-01-21 16:19:27 --> Security Class Initialized
DEBUG - 2025-01-21 16:19:27 --> Global POST, GET and COOKIE data sanitized
INFO - 2025-01-21 16:19:27 --> Input Class Initialized
INFO - 2025-01-21 16:19:27 --> Language Class Initialized
INFO - 2025-01-21 16:19:27 --> Loader Class Initialized
INFO - 2025-01-21 16:19:27 --> Helper loaded: url_helper
INFO - 2025-01-21 16:19:27 --> Database Driver Class Initialized
INFO - 2025-01-21 16:19:27 --> Controller Class Initialized
INFO - 2025-01-21 16:19:27 --> Model "Mconfigkey" initialized
INFO - 2025-01-21 16:19:27 --> Model "Mbcin_271_aw" initialized
INFO - 2025-01-21 16:19:27 --> Final output sent to browser
DEBUG - 2025-01-21 16:19:27 --> Total execution time: 0.0276
INFO - 2025-01-21 16:19:30 --> Config Class Initialized
INFO - 2025-01-21 16:19:30 --> Hooks Class Initialized
DEBUG - 2025-01-21 16:19:30 --> UTF-8 Support Enabled
INFO - 2025-01-21 16:19:30 --> Utf8 Class Initialized
INFO - 2025-01-21 16:19:30 --> URI Class Initialized
INFO - 2025-01-21 16:19:30 --> Router Class Initialized
INFO - 2025-01-21 16:19:30 --> Output Class Initialized
INFO - 2025-01-21 16:19:30 --> Security Class Initialized
DEBUG - 2025-01-21 16:19:30 --> Global POST, GET and COOKIE data sanitized
INFO - 2025-01-21 16:19:30 --> Input Class Initialized
INFO - 2025-01-21 16:19:30 --> Language Class Initialized
INFO - 2025-01-21 16:19:30 --> Loader Class Initialized
INFO - 2025-01-21 16:19:30 --> Helper loaded: url_helper
INFO - 2025-01-21 16:19:30 --> Database Driver Class Initialized
INFO - 2025-01-21 16:19:30 --> Controller Class Initialized
INFO - 2025-01-21 16:19:30 --> Model "Mconfigkey" initialized
INFO - 2025-01-21 16:19:30 --> Model "Mbcin_271_aw" initialized
ERROR - 2025-01-21 16:19:30 --> Query error: [Microsoft][ODBC Driver 18 for SQL Server][SQL Server]Incorrect syntax near 'AJU`'. - Invalid query: SELECT COUNT(*) AS "numrows"
FROM (
SELECT DISTINCT *
FROM "_FROM_PORTAL40_BAHANBAKU"
WHERE "`NOMOR" "AJU`" IS NULL
AND "`SERI" "BARANG`" = 1
) CI_count_all_results
INFO - 2025-01-21 16:19:30 --> Language file loaded: language/english/db_lang.php
INFO - 2025-01-21 16:22:18 --> Config Class Initialized
INFO - 2025-01-21 16:22:18 --> Hooks Class Initialized
DEBUG - 2025-01-21 16:22:18 --> UTF-8 Support Enabled
INFO - 2025-01-21 16:22:18 --> Utf8 Class Initialized
INFO - 2025-01-21 16:22:18 --> URI Class Initialized
INFO - 2025-01-21 16:22:18 --> Router Class Initialized
INFO - 2025-01-21 16:22:18 --> Output Class Initialized
INFO - 2025-01-21 16:22:18 --> Security Class Initialized
DEBUG - 2025-01-21 16:22:18 --> Global POST, GET and COOKIE data sanitized
INFO - 2025-01-21 16:22:18 --> Input Class Initialized
INFO - 2025-01-21 16:22:18 --> Language Class Initialized
INFO - 2025-01-21 16:22:18 --> Loader Class Initialized
INFO - 2025-01-21 16:22:18 --> Helper loaded: url_helper
INFO - 2025-01-21 16:22:18 --> Database Driver Class Initialized
INFO - 2025-01-21 16:22:18 --> Controller Class Initialized
INFO - 2025-01-21 16:22:18 --> Model "Mconfigkey" initialized
ERROR - 2025-01-21 16:22:18 --> Severity: error --> Exception: syntax error, unexpected ')' D:\xampp\htdocs\plb\dummyservice\application\models\Mbcin_271_aw.php 160
INFO - 2025-01-21 16:23:14 --> Config Class Initialized
INFO - 2025-01-21 16:23:14 --> Hooks Class Initialized
DEBUG - 2025-01-21 16:23:14 --> UTF-8 Support Enabled
INFO - 2025-01-21 16:23:14 --> Utf8 Class Initialized
INFO - 2025-01-21 16:23:14 --> URI Class Initialized
INFO - 2025-01-21 16:23:14 --> Router Class Initialized
INFO - 2025-01-21 16:23:14 --> Output Class Initialized
INFO - 2025-01-21 16:23:14 --> Security Class Initialized
DEBUG - 2025-01-21 16:23:14 --> Global POST, GET and COOKIE data sanitized
INFO - 2025-01-21 16:23:14 --> Input Class Initialized
INFO - 2025-01-21 16:23:14 --> Language Class Initialized
INFO - 2025-01-21 16:23:14 --> Loader Class Initialized
INFO - 2025-01-21 16:23:14 --> Helper loaded: url_helper
INFO - 2025-01-21 16:23:14 --> Database Driver Class Initialized
INFO - 2025-01-21 16:23:14 --> Controller Class Initialized
INFO - 2025-01-21 16:23:14 --> Model "Mconfigkey" initialized
INFO - 2025-01-21 16:23:14 --> Model "Mbcin_271_aw" initialized
INFO - 2025-01-21 16:23:14 --> Final output sent to browser
DEBUG - 2025-01-21 16:23:14 --> Total execution time: 0.0288
INFO - 2025-01-21 16:23:16 --> Config Class Initialized
INFO - 2025-01-21 16:23:16 --> Hooks Class Initialized
DEBUG - 2025-01-21 16:23:16 --> UTF-8 Support Enabled
INFO - 2025-01-21 16:23:16 --> Utf8 Class Initialized
INFO - 2025-01-21 16:23:16 --> URI Class Initialized
INFO - 2025-01-21 16:23:16 --> Router Class Initialized
INFO - 2025-01-21 16:23:16 --> Output Class Initialized
INFO - 2025-01-21 16:23:16 --> Security Class Initialized
DEBUG - 2025-01-21 16:23:16 --> Global POST, GET and COOKIE data sanitized
INFO - 2025-01-21 16:23:16 --> Input Class Initialized
INFO - 2025-01-21 16:23:16 --> Language Class Initialized
INFO - 2025-01-21 16:23:16 --> Loader Class Initialized
INFO - 2025-01-21 16:23:16 --> Helper loaded: url_helper
INFO - 2025-01-21 16:23:16 --> Database Driver Class Initialized
INFO - 2025-01-21 16:23:16 --> Controller Class Initialized
INFO - 2025-01-21 16:23:16 --> Model "Mconfigkey" initialized
INFO - 2025-01-21 16:23:16 --> Model "Mbcin_271_aw" initialized
ERROR - 2025-01-21 16:23:16 --> Query error: [Microsoft][ODBC Driver 18 for SQL Server][SQL Server]Incorrect syntax near '`'. - Invalid query: SELECT * FROM _FROM_PORTAL40_BAHANBAKU WHERE `NOMOR AJU` = '' AND `SERI BARANG` = '1'
INFO - 2025-01-21 16:23:16 --> Language file loaded: language/english/db_lang.php
INFO - 2025-01-21 16:28:14 --> Config Class Initialized
INFO - 2025-01-21 16:28:14 --> Hooks Class Initialized
DEBUG - 2025-01-21 16:28:14 --> UTF-8 Support Enabled
INFO - 2025-01-21 16:28:14 --> Utf8 Class Initialized
INFO - 2025-01-21 16:28:14 --> URI Class Initialized
INFO - 2025-01-21 16:28:14 --> Router Class Initialized
INFO - 2025-01-21 16:28:14 --> Output Class Initialized
INFO - 2025-01-21 16:28:14 --> Security Class Initialized
DEBUG - 2025-01-21 16:28:14 --> Global POST, GET and COOKIE data sanitized
INFO - 2025-01-21 16:28:14 --> Input Class Initialized
INFO - 2025-01-21 16:28:14 --> Language Class Initialized
INFO - 2025-01-21 16:28:14 --> Loader Class Initialized
INFO - 2025-01-21 16:28:14 --> Helper loaded: url_helper
INFO - 2025-01-21 16:28:14 --> Database Driver Class Initialized
INFO - 2025-01-21 16:28:14 --> Controller Class Initialized
INFO - 2025-01-21 16:28:14 --> Model "Mconfigkey" initialized
INFO - 2025-01-21 16:28:14 --> Model "Mbcin_271_aw" initialized
INFO - 2025-01-21 16:28:14 --> Final output sent to browser
DEBUG - 2025-01-21 16:28:14 --> Total execution time: 0.0278
INFO - 2025-01-21 16:28:47 --> Config Class Initialized
INFO - 2025-01-21 16:28:47 --> Hooks Class Initialized
DEBUG - 2025-01-21 16:28:47 --> UTF-8 Support Enabled
INFO - 2025-01-21 16:28:47 --> Utf8 Class Initialized
INFO - 2025-01-21 16:28:47 --> URI Class Initialized
INFO - 2025-01-21 16:28:47 --> Router Class Initialized
INFO - 2025-01-21 16:28:47 --> Output Class Initialized
INFO - 2025-01-21 16:28:47 --> Security Class Initialized
DEBUG - 2025-01-21 16:28:47 --> Global POST, GET and COOKIE data sanitized
INFO - 2025-01-21 16:28:47 --> Input Class Initialized
INFO - 2025-01-21 16:28:47 --> Language Class Initialized
INFO - 2025-01-21 16:28:47 --> Loader Class Initialized
INFO - 2025-01-21 16:28:47 --> Helper loaded: url_helper
INFO - 2025-01-21 16:28:47 --> Database Driver Class Initialized
INFO - 2025-01-21 16:28:47 --> Controller Class Initialized
INFO - 2025-01-21 16:28:47 --> Model "Mconfigkey" initialized
INFO - 2025-01-21 16:28:47 --> Model "Mbcin_271_aw" initialized
ERROR - 2025-01-21 16:28:47 --> Query error: [Microsoft][ODBC Driver 18 for SQL Server][SQL Server]Must specify table to select from. - Invalid query: SELECT COUNT(*) AS "numrows"
FROM (
SELECT DISTINCT *
) CI_count_all_results
INFO - 2025-01-21 16:28:47 --> Language file loaded: language/english/db_lang.php
INFO - 2025-01-21 16:29:17 --> Config Class Initialized
INFO - 2025-01-21 16:29:17 --> Hooks Class Initialized
DEBUG - 2025-01-21 16:29:17 --> UTF-8 Support Enabled
INFO - 2025-01-21 16:29:17 --> Utf8 Class Initialized
INFO - 2025-01-21 16:29:17 --> URI Class Initialized
INFO - 2025-01-21 16:29:17 --> Router Class Initialized
INFO - 2025-01-21 16:29:17 --> Output Class Initialized
INFO - 2025-01-21 16:29:17 --> Security Class Initialized
DEBUG - 2025-01-21 16:29:17 --> Global POST, GET and COOKIE data sanitized
INFO - 2025-01-21 16:29:17 --> Input Class Initialized
INFO - 2025-01-21 16:29:17 --> Language Class Initialized
INFO - 2025-01-21 16:29:17 --> Loader Class Initialized
INFO - 2025-01-21 16:29:17 --> Helper loaded: url_helper
INFO - 2025-01-21 16:29:17 --> Database Driver Class Initialized
INFO - 2025-01-21 16:29:17 --> Controller Class Initialized
INFO - 2025-01-21 16:29:17 --> Model "Mconfigkey" initialized
INFO - 2025-01-21 16:29:17 --> Model "Mbcin_271_aw" initialized
INFO - 2025-01-21 16:29:17 --> Final output sent to browser
DEBUG - 2025-01-21 16:29:17 --> Total execution time: 0.0270
INFO - 2025-01-21 16:29:19 --> Config Class Initialized
INFO - 2025-01-21 16:29:19 --> Hooks Class Initialized
DEBUG - 2025-01-21 16:29:19 --> UTF-8 Support Enabled
INFO - 2025-01-21 16:29:19 --> Utf8 Class Initialized
INFO - 2025-01-21 16:29:19 --> URI Class Initialized
INFO - 2025-01-21 16:29:19 --> Router Class Initialized
INFO - 2025-01-21 16:29:19 --> Output Class Initialized
INFO - 2025-01-21 16:29:19 --> Security Class Initialized
DEBUG - 2025-01-21 16:29:19 --> Global POST, GET and COOKIE data sanitized
INFO - 2025-01-21 16:29:19 --> Input Class Initialized
INFO - 2025-01-21 16:29:19 --> Language Class Initialized
INFO - 2025-01-21 16:29:19 --> Loader Class Initialized
INFO - 2025-01-21 16:29:19 --> Helper loaded: url_helper
INFO - 2025-01-21 16:29:19 --> Database Driver Class Initialized
INFO - 2025-01-21 16:29:19 --> Controller Class Initialized
INFO - 2025-01-21 16:29:19 --> Model "Mconfigkey" initialized
INFO - 2025-01-21 16:29:19 --> Model "Mbcin_271_aw" initialized
ERROR - 2025-01-21 16:29:19 --> Query error: [Microsoft][ODBC Driver 18 for SQL Server][SQL Server]Incorrect syntax near 'BAKU]'. - Invalid query: SELECT *
ORDER BY "[SERI BAHAN" "BAKU]" ASC
INFO - 2025-01-21 16:29:19 --> Language file loaded: language/english/db_lang.php
INFO - 2025-01-21 16:32:07 --> Config Class Initialized
INFO - 2025-01-21 16:32:07 --> Hooks Class Initialized
DEBUG - 2025-01-21 16:32:07 --> UTF-8 Support Enabled
INFO - 2025-01-21 16:32:07 --> Utf8 Class Initialized
INFO - 2025-01-21 16:32:07 --> URI Class Initialized
INFO - 2025-01-21 16:32:07 --> Router Class Initialized
INFO - 2025-01-21 16:32:07 --> Output Class Initialized
INFO - 2025-01-21 16:32:07 --> Security Class Initialized
DEBUG - 2025-01-21 16:32:07 --> Global POST, GET and COOKIE data sanitized
INFO - 2025-01-21 16:32:07 --> Input Class Initialized
INFO - 2025-01-21 16:32:07 --> Language Class Initialized
INFO - 2025-01-21 16:32:07 --> Loader Class Initialized
INFO - 2025-01-21 16:32:07 --> Helper loaded: url_helper
INFO - 2025-01-21 16:32:07 --> Database Driver Class Initialized
INFO - 2025-01-21 16:32:07 --> Controller Class Initialized
INFO - 2025-01-21 16:32:07 --> Model "Mconfigkey" initialized
INFO - 2025-01-21 16:32:07 --> Model "Mbcin_271_aw" initialized
INFO - 2025-01-21 16:32:07 --> Final output sent to browser
DEBUG - 2025-01-21 16:32:07 --> Total execution time: 0.0290
INFO - 2025-01-21 16:32:08 --> Config Class Initialized
INFO - 2025-01-21 16:32:08 --> Hooks Class Initialized
DEBUG - 2025-01-21 16:32:08 --> UTF-8 Support Enabled
INFO - 2025-01-21 16:32:08 --> Utf8 Class Initialized
INFO - 2025-01-21 16:32:08 --> URI Class Initialized
INFO - 2025-01-21 16:32:08 --> Router Class Initialized
INFO - 2025-01-21 16:32:08 --> Output Class Initialized
INFO - 2025-01-21 16:32:08 --> Security Class Initialized
DEBUG - 2025-01-21 16:32:08 --> Global POST, GET and COOKIE data sanitized
INFO - 2025-01-21 16:32:08 --> Input Class Initialized
INFO - 2025-01-21 16:32:08 --> Language Class Initialized
INFO - 2025-01-21 16:32:08 --> Loader Class Initialized
INFO - 2025-01-21 16:32:08 --> Helper loaded: url_helper
INFO - 2025-01-21 16:32:08 --> Database Driver Class Initialized
INFO - 2025-01-21 16:32:08 --> Controller Class Initialized
INFO - 2025-01-21 16:32:08 --> Model "Mconfigkey" initialized
INFO - 2025-01-21 16:32:08 --> Model "Mbcin_271_aw" initialized
INFO - 2025-01-21 16:32:08 --> Final output sent to browser
DEBUG - 2025-01-21 16:32:08 --> Total execution time: 0.0551
INFO - 2025-01-21 16:33:36 --> Config Class Initialized
INFO - 2025-01-21 16:33:36 --> Hooks Class Initialized
DEBUG - 2025-01-21 16:33:36 --> UTF-8 Support Enabled
INFO - 2025-01-21 16:33:36 --> Utf8 Class Initialized
INFO - 2025-01-21 16:33:36 --> URI Class Initialized
INFO - 2025-01-21 16:33:36 --> Router Class Initialized
INFO - 2025-01-21 16:33:36 --> Output Class Initialized
INFO - 2025-01-21 16:33:36 --> Security Class Initialized
DEBUG - 2025-01-21 16:33:36 --> Global POST, GET and COOKIE data sanitized
INFO - 2025-01-21 16:33:36 --> Input Class Initialized
INFO - 2025-01-21 16:33:36 --> Language Class Initialized
INFO - 2025-01-21 16:33:36 --> Loader Class Initialized
INFO - 2025-01-21 16:33:36 --> Helper loaded: url_helper
INFO - 2025-01-21 16:33:36 --> Database Driver Class Initialized
INFO - 2025-01-21 16:33:36 --> Controller Class Initialized
INFO - 2025-01-21 16:33:36 --> Model "Mconfigkey" initialized
INFO - 2025-01-21 16:33:36 --> Final output sent to browser
DEBUG - 2025-01-21 16:33:36 --> Total execution time: 0.0211
INFO - 2025-01-21 16:33:39 --> Config Class Initialized
INFO - 2025-01-21 16:33:39 --> Hooks Class Initialized
DEBUG - 2025-01-21 16:33:39 --> UTF-8 Support Enabled
INFO - 2025-01-21 16:33:39 --> Utf8 Class Initialized
INFO - 2025-01-21 16:33:39 --> URI Class Initialized
INFO - 2025-01-21 16:33:39 --> Router Class Initialized
INFO - 2025-01-21 16:33:39 --> Output Class Initialized
INFO - 2025-01-21 16:33:39 --> Security Class Initialized
DEBUG - 2025-01-21 16:33:39 --> Global POST, GET and COOKIE data sanitized
INFO - 2025-01-21 16:33:39 --> Input Class Initialized
INFO - 2025-01-21 16:33:39 --> Language Class Initialized
INFO - 2025-01-21 16:33:39 --> Loader Class Initialized
INFO - 2025-01-21 16:33:39 --> Helper loaded: url_helper
INFO - 2025-01-21 16:33:39 --> Database Driver Class Initialized
INFO - 2025-01-21 16:33:39 --> Controller Class Initialized
INFO - 2025-01-21 16:33:39 --> Model "Mconfigkey" initialized
INFO - 2025-01-21 16:33:39 --> Model "Mbcin_271_aw" initialized
INFO - 2025-01-21 16:33:39 --> Final output sent to browser
DEBUG - 2025-01-21 16:33:39 --> Total execution time: 0.0720
INFO - 2025-01-21 16:33:41 --> Config Class Initialized
INFO - 2025-01-21 16:33:41 --> Hooks Class Initialized
DEBUG - 2025-01-21 16:33:41 --> UTF-8 Support Enabled
INFO - 2025-01-21 16:33:41 --> Utf8 Class Initialized
INFO - 2025-01-21 16:33:41 --> URI Class Initialized
INFO - 2025-01-21 16:33:41 --> Router Class Initialized
INFO - 2025-01-21 16:33:41 --> Output Class Initialized
INFO - 2025-01-21 16:33:41 --> Security Class Initialized
DEBUG - 2025-01-21 16:33:41 --> Global POST, GET and COOKIE data sanitized
INFO - 2025-01-21 16:33:41 --> Input Class Initialized
INFO - 2025-01-21 16:33:41 --> Language Class Initialized
INFO - 2025-01-21 16:33:41 --> Loader Class Initialized
INFO - 2025-01-21 16:33:41 --> Helper loaded: url_helper
INFO - 2025-01-21 16:33:41 --> Database Driver Class Initialized
INFO - 2025-01-21 16:33:41 --> Controller Class Initialized
INFO - 2025-01-21 16:33:41 --> Model "Mconfigkey" initialized
INFO - 2025-01-21 16:33:41 --> Model "Mbcin_271_aw" initialized
INFO - 2025-01-21 16:33:41 --> Final output sent to browser
DEBUG - 2025-01-21 16:33:41 --> Total execution time: 0.0263
INFO - 2025-01-21 16:33:42 --> Config Class Initialized
INFO - 2025-01-21 16:33:42 --> Hooks Class Initialized
DEBUG - 2025-01-21 16:33:42 --> UTF-8 Support Enabled
INFO - 2025-01-21 16:33:42 --> Utf8 Class Initialized
INFO - 2025-01-21 16:33:42 --> URI Class Initialized
INFO - 2025-01-21 16:33:42 --> Router Class Initialized
INFO - 2025-01-21 16:33:42 --> Output Class Initialized
INFO - 2025-01-21 16:33:42 --> Security Class Initialized
DEBUG - 2025-01-21 16:33:42 --> Global POST, GET and COOKIE data sanitized
INFO - 2025-01-21 16:33:42 --> Input Class Initialized
INFO - 2025-01-21 16:33:42 --> Language Class Initialized
INFO - 2025-01-21 16:33:42 --> Loader Class Initialized
INFO - 2025-01-21 16:33:42 --> Helper loaded: url_helper
INFO - 2025-01-21 16:33:42 --> Database Driver Class Initialized
INFO - 2025-01-21 16:33:42 --> Controller Class Initialized
INFO - 2025-01-21 16:33:42 --> Model "Mconfigkey" initialized
INFO - 2025-01-21 16:33:42 --> Model "Mbcin_271_aw" initialized
INFO - 2025-01-21 16:33:42 --> Final output sent to browser
DEBUG - 2025-01-21 16:33:42 --> Total execution time: 0.0252
INFO - 2025-01-21 16:33:44 --> Config Class Initialized
INFO - 2025-01-21 16:33:44 --> Hooks Class Initialized
DEBUG - 2025-01-21 16:33:44 --> UTF-8 Support Enabled
INFO - 2025-01-21 16:33:44 --> Utf8 Class Initialized
INFO - 2025-01-21 16:33:44 --> URI Class Initialized
INFO - 2025-01-21 16:33:44 --> Router Class Initialized
INFO - 2025-01-21 16:33:44 --> Output Class Initialized
INFO - 2025-01-21 16:33:44 --> Security Class Initialized
DEBUG - 2025-01-21 16:33:44 --> Global POST, GET and COOKIE data sanitized
INFO - 2025-01-21 16:33:44 --> Input Class Initialized
INFO - 2025-01-21 16:33:44 --> Language Class Initialized
INFO - 2025-01-21 16:33:44 --> Loader Class Initialized
INFO - 2025-01-21 16:33:44 --> Helper loaded: url_helper
INFO - 2025-01-21 16:33:44 --> Database Driver Class Initialized
INFO - 2025-01-21 16:33:44 --> Controller Class Initialized
INFO - 2025-01-21 16:33:44 --> Model "Mconfigkey" initialized
INFO - 2025-01-21 16:33:44 --> Model "Mbcin_271_aw" initialized
INFO - 2025-01-21 16:33:44 --> Final output sent to browser
DEBUG - 2025-01-21 16:33:44 --> Total execution time: 0.0626
INFO - 2025-01-21 16:43:08 --> Config Class Initialized
INFO - 2025-01-21 16:43:08 --> Hooks Class Initialized
DEBUG - 2025-01-21 16:43:08 --> UTF-8 Support Enabled
INFO - 2025-01-21 16:43:08 --> Utf8 Class Initialized
INFO - 2025-01-21 16:43:08 --> URI Class Initialized
INFO - 2025-01-21 16:43:08 --> Router Class Initialized
INFO - 2025-01-21 16:43:08 --> Output Class Initialized
INFO - 2025-01-21 16:43:08 --> Security Class Initialized
DEBUG - 2025-01-21 16:43:08 --> Global POST, GET and COOKIE data sanitized
INFO - 2025-01-21 16:43:08 --> Input Class Initialized
INFO - 2025-01-21 16:43:08 --> Language Class Initialized
INFO - 2025-01-21 16:43:08 --> Loader Class Initialized
INFO - 2025-01-21 16:43:08 --> Helper loaded: url_helper
INFO - 2025-01-21 16:43:08 --> Database Driver Class Initialized
INFO - 2025-01-21 16:43:08 --> Controller Class Initialized
INFO - 2025-01-21 16:43:08 --> Model "Mconfigkey" initialized
INFO - 2025-01-21 16:43:08 --> Model "Mbcin_271_aw" initialized
INFO - 2025-01-21 16:43:08 --> Final output sent to browser
DEBUG - 2025-01-21 16:43:08 --> Total execution time: 0.0282
INFO - 2025-01-21 16:43:09 --> Config Class Initialized
INFO - 2025-01-21 16:43:09 --> Hooks Class Initialized
DEBUG - 2025-01-21 16:43:09 --> UTF-8 Support Enabled
INFO - 2025-01-21 16:43:09 --> Utf8 Class Initialized
INFO - 2025-01-21 16:43:09 --> URI Class Initialized
INFO - 2025-01-21 16:43:09 --> Router Class Initialized
INFO - 2025-01-21 16:43:09 --> Output Class Initialized
INFO - 2025-01-21 16:43:09 --> Security Class Initialized
DEBUG - 2025-01-21 16:43:09 --> Global POST, GET and COOKIE data sanitized
INFO - 2025-01-21 16:43:09 --> Input Class Initialized
INFO - 2025-01-21 16:43:09 --> Language Class Initialized
INFO - 2025-01-21 16:43:09 --> Loader Class Initialized
INFO - 2025-01-21 16:43:09 --> Helper loaded: url_helper
INFO - 2025-01-21 16:43:09 --> Database Driver Class Initialized
INFO - 2025-01-21 16:43:09 --> Controller Class Initialized
INFO - 2025-01-21 16:43:09 --> Model "Mconfigkey" initialized
INFO - 2025-01-21 16:43:09 --> Model "Mbcin_271_aw" initialized
ERROR - 2025-01-21 16:43:09 --> Query error: [Microsoft][ODBC Driver 18 for SQL Server][SQL Server]Incorrect syntax near 'AJU`'. - Invalid query: SELECT COUNT(*) AS "numrows"
FROM (
SELECT DISTINCT *
FROM "VW_FROM_PORTAL_BAHANBAKU"
WHERE "`NOMOR" "AJU`" = 15032702559920250120500155
AND "`SERI" "BARANG`" = 1
) CI_count_all_results
INFO - 2025-01-21 16:43:09 --> Language file loaded: language/english/db_lang.php
INFO - 2025-01-21 16:43:39 --> Config Class Initialized
INFO - 2025-01-21 16:43:39 --> Hooks Class Initialized
DEBUG - 2025-01-21 16:43:39 --> UTF-8 Support Enabled
INFO - 2025-01-21 16:43:39 --> Utf8 Class Initialized
INFO - 2025-01-21 16:43:39 --> URI Class Initialized
INFO - 2025-01-21 16:43:39 --> Router Class Initialized
INFO - 2025-01-21 16:43:39 --> Output Class Initialized
INFO - 2025-01-21 16:43:39 --> Security Class Initialized
DEBUG - 2025-01-21 16:43:39 --> Global POST, GET and COOKIE data sanitized
INFO - 2025-01-21 16:43:39 --> Input Class Initialized
INFO - 2025-01-21 16:43:39 --> Language Class Initialized
INFO - 2025-01-21 16:43:39 --> Loader Class Initialized
INFO - 2025-01-21 16:43:39 --> Helper loaded: url_helper
INFO - 2025-01-21 16:43:39 --> Database Driver Class Initialized
INFO - 2025-01-21 16:43:39 --> Controller Class Initialized
INFO - 2025-01-21 16:43:39 --> Model "Mconfigkey" initialized
INFO - 2025-01-21 16:43:39 --> Model "Mbcin_271_aw" initialized
INFO - 2025-01-21 16:43:39 --> Final output sent to browser
DEBUG - 2025-01-21 16:43:39 --> Total execution time: 0.0272
INFO - 2025-01-21 16:43:41 --> Config Class Initialized
INFO - 2025-01-21 16:43:41 --> Hooks Class Initialized
DEBUG - 2025-01-21 16:43:41 --> UTF-8 Support Enabled
INFO - 2025-01-21 16:43:41 --> Utf8 Class Initialized
INFO - 2025-01-21 16:43:41 --> URI Class Initialized
INFO - 2025-01-21 16:43:41 --> Router Class Initialized
INFO - 2025-01-21 16:43:41 --> Output Class Initialized
INFO - 2025-01-21 16:43:41 --> Security Class Initialized
DEBUG - 2025-01-21 16:43:41 --> Global POST, GET and COOKIE data sanitized
INFO - 2025-01-21 16:43:41 --> Input Class Initialized
INFO - 2025-01-21 16:43:41 --> Language Class Initialized
INFO - 2025-01-21 16:43:41 --> Loader Class Initialized
INFO - 2025-01-21 16:43:41 --> Helper loaded: url_helper
INFO - 2025-01-21 16:43:41 --> Database Driver Class Initialized
INFO - 2025-01-21 16:43:41 --> Controller Class Initialized
INFO - 2025-01-21 16:43:41 --> Model "Mconfigkey" initialized
INFO - 2025-01-21 16:43:41 --> Model "Mbcin_271_aw" initialized
ERROR - 2025-01-21 16:43:41 --> Query error: [Microsoft][ODBC Driver 18 for SQL Server][SQL Server]Error converting data type nvarchar to numeric. - Invalid query: SELECT COUNT(*) AS "numrows"
FROM (
SELECT DISTINCT *
FROM "VW_FROM_PORTAL_BAHANBAKU"
WHERE "NOMORAJU" = 15032702559920250120500155
AND "SERIBARANG" = 1
) CI_count_all_results
INFO - 2025-01-21 16:43:41 --> Language file loaded: language/english/db_lang.php
INFO - 2025-01-21 16:44:18 --> Config Class Initialized
INFO - 2025-01-21 16:44:18 --> Hooks Class Initialized
DEBUG - 2025-01-21 16:44:18 --> UTF-8 Support Enabled
INFO - 2025-01-21 16:44:18 --> Utf8 Class Initialized
INFO - 2025-01-21 16:44:18 --> URI Class Initialized
INFO - 2025-01-21 16:44:18 --> Router Class Initialized
INFO - 2025-01-21 16:44:18 --> Output Class Initialized
INFO - 2025-01-21 16:44:18 --> Security Class Initialized
DEBUG - 2025-01-21 16:44:18 --> Global POST, GET and COOKIE data sanitized
INFO - 2025-01-21 16:44:18 --> Input Class Initialized
INFO - 2025-01-21 16:44:18 --> Language Class Initialized
INFO - 2025-01-21 16:44:18 --> Loader Class Initialized
INFO - 2025-01-21 16:44:18 --> Helper loaded: url_helper
INFO - 2025-01-21 16:44:18 --> Database Driver Class Initialized
INFO - 2025-01-21 16:44:18 --> Controller Class Initialized
INFO - 2025-01-21 16:44:18 --> Model "Mconfigkey" initialized
INFO - 2025-01-21 16:44:18 --> Model "Mbcin_271_aw" initialized
INFO - 2025-01-21 16:44:18 --> Final output sent to browser
DEBUG - 2025-01-21 16:44:18 --> Total execution time: 0.0288
INFO - 2025-01-21 16:44:19 --> Config Class Initialized
INFO - 2025-01-21 16:44:19 --> Hooks Class Initialized
DEBUG - 2025-01-21 16:44:19 --> UTF-8 Support Enabled
INFO - 2025-01-21 16:44:19 --> Utf8 Class Initialized
INFO - 2025-01-21 16:44:19 --> URI Class Initialized
INFO - 2025-01-21 16:44:19 --> Router Class Initialized
INFO - 2025-01-21 16:44:19 --> Output Class Initialized
INFO - 2025-01-21 16:44:19 --> Security Class Initialized
DEBUG - 2025-01-21 16:44:19 --> Global POST, GET and COOKIE data sanitized
INFO - 2025-01-21 16:44:19 --> Input Class Initialized
INFO - 2025-01-21 16:44:19 --> Language Class Initialized
INFO - 2025-01-21 16:44:19 --> Loader Class Initialized
INFO - 2025-01-21 16:44:19 --> Helper loaded: url_helper
INFO - 2025-01-21 16:44:19 --> Database Driver Class Initialized
INFO - 2025-01-21 16:44:19 --> Controller Class Initialized
INFO - 2025-01-21 16:44:19 --> Model "Mconfigkey" initialized
INFO - 2025-01-21 16:44:19 --> Model "Mbcin_271_aw" initialized
ERROR - 2025-01-21 16:44:19 --> Query error: [Microsoft][ODBC Driver 18 for SQL Server][SQL Server]Incorrect syntax near 'BAKU]'. - Invalid query: SELECT DISTINCT *
FROM "VW_FROM_PORTAL_BAHANBAKU"
WHERE "NOMORAJU" = '15032702559920250120500155' 
AND "SERIBARANG" = '1' 
ORDER BY "[SERI BAHAN" "BAKU]" ASC
INFO - 2025-01-21 16:44:19 --> Language file loaded: language/english/db_lang.php
INFO - 2025-01-21 16:44:38 --> Config Class Initialized
INFO - 2025-01-21 16:44:38 --> Hooks Class Initialized
DEBUG - 2025-01-21 16:44:38 --> UTF-8 Support Enabled
INFO - 2025-01-21 16:44:38 --> Utf8 Class Initialized
INFO - 2025-01-21 16:44:38 --> URI Class Initialized
INFO - 2025-01-21 16:44:38 --> Router Class Initialized
INFO - 2025-01-21 16:44:38 --> Output Class Initialized
INFO - 2025-01-21 16:44:38 --> Security Class Initialized
DEBUG - 2025-01-21 16:44:38 --> Global POST, GET and COOKIE data sanitized
INFO - 2025-01-21 16:44:38 --> Input Class Initialized
INFO - 2025-01-21 16:44:38 --> Language Class Initialized
INFO - 2025-01-21 16:44:38 --> Loader Class Initialized
INFO - 2025-01-21 16:44:38 --> Helper loaded: url_helper
INFO - 2025-01-21 16:44:38 --> Database Driver Class Initialized
INFO - 2025-01-21 16:44:38 --> Controller Class Initialized
INFO - 2025-01-21 16:44:38 --> Model "Mconfigkey" initialized
INFO - 2025-01-21 16:44:38 --> Model "Mbcin_271_aw" initialized
INFO - 2025-01-21 16:44:38 --> Final output sent to browser
DEBUG - 2025-01-21 16:44:38 --> Total execution time: 0.0271
INFO - 2025-01-21 16:44:41 --> Config Class Initialized
INFO - 2025-01-21 16:44:41 --> Hooks Class Initialized
DEBUG - 2025-01-21 16:44:41 --> UTF-8 Support Enabled
INFO - 2025-01-21 16:44:41 --> Utf8 Class Initialized
INFO - 2025-01-21 16:44:41 --> URI Class Initialized
INFO - 2025-01-21 16:44:41 --> Router Class Initialized
INFO - 2025-01-21 16:44:41 --> Output Class Initialized
INFO - 2025-01-21 16:44:41 --> Security Class Initialized
DEBUG - 2025-01-21 16:44:41 --> Global POST, GET and COOKIE data sanitized
INFO - 2025-01-21 16:44:41 --> Input Class Initialized
INFO - 2025-01-21 16:44:41 --> Language Class Initialized
INFO - 2025-01-21 16:44:41 --> Loader Class Initialized
INFO - 2025-01-21 16:44:41 --> Helper loaded: url_helper
INFO - 2025-01-21 16:44:41 --> Database Driver Class Initialized
INFO - 2025-01-21 16:44:41 --> Controller Class Initialized
INFO - 2025-01-21 16:44:41 --> Model "Mconfigkey" initialized
INFO - 2025-01-21 16:44:41 --> Model "Mbcin_271_aw" initialized
INFO - 2025-01-21 16:44:41 --> Final output sent to browser
DEBUG - 2025-01-21 16:44:41 --> Total execution time: 0.0562
INFO - 2025-01-21 21:20:20 --> Config Class Initialized
INFO - 2025-01-21 21:20:20 --> Hooks Class Initialized
DEBUG - 2025-01-21 21:20:20 --> UTF-8 Support Enabled
INFO - 2025-01-21 21:20:20 --> Utf8 Class Initialized
INFO - 2025-01-21 21:20:20 --> URI Class Initialized
INFO - 2025-01-21 21:20:20 --> Router Class Initialized
INFO - 2025-01-21 21:20:20 --> Output Class Initialized
INFO - 2025-01-21 21:20:20 --> Security Class Initialized
DEBUG - 2025-01-21 21:20:20 --> Global POST, GET and COOKIE data sanitized
INFO - 2025-01-21 21:20:20 --> Input Class Initialized
INFO - 2025-01-21 21:20:20 --> Language Class Initialized
INFO - 2025-01-21 21:20:20 --> Loader Class Initialized
INFO - 2025-01-21 21:20:20 --> Helper loaded: url_helper
INFO - 2025-01-21 21:20:20 --> Database Driver Class Initialized
INFO - 2025-01-21 21:20:20 --> Controller Class Initialized
INFO - 2025-01-21 21:20:20 --> Model "Mconfigkey" initialized
INFO - 2025-01-21 21:20:20 --> Final output sent to browser
DEBUG - 2025-01-21 21:20:20 --> Total execution time: 0.0224
