INFO - 2024-04-28 23:20:26 --> Config Class Initialized
INFO - 2024-04-28 23:20:26 --> Hooks Class Initialized
DEBUG - 2024-04-28 23:20:26 --> UTF-8 Support Enabled
INFO - 2024-04-28 23:20:26 --> Utf8 Class Initialized
INFO - 2024-04-28 23:20:26 --> URI Class Initialized
INFO - 2024-04-28 23:20:27 --> Router Class Initialized
INFO - 2024-04-28 23:20:27 --> Output Class Initialized
INFO - 2024-04-28 23:20:27 --> Security Class Initialized
DEBUG - 2024-04-28 23:20:27 --> Global POST, GET and COOKIE data sanitized
INFO - 2024-04-28 23:20:27 --> Input Class Initialized
INFO - 2024-04-28 23:20:27 --> Language Class Initialized
INFO - 2024-04-28 23:20:27 --> Loader Class Initialized
INFO - 2024-04-28 23:20:27 --> Helper loaded: url_helper
INFO - 2024-04-28 23:20:27 --> Database Driver Class Initialized
INFO - 2024-04-28 23:20:27 --> Controller Class Initialized
INFO - 2024-04-28 23:20:27 --> Model "Mconfigkey" initialized
INFO - 2024-04-28 23:20:27 --> Final output sent to browser
DEBUG - 2024-04-28 23:20:27 --> Total execution time: 0.3369
INFO - 2024-04-28 23:20:34 --> Config Class Initialized
INFO - 2024-04-28 23:20:34 --> Hooks Class Initialized
DEBUG - 2024-04-28 23:20:34 --> UTF-8 Support Enabled
INFO - 2024-04-28 23:20:34 --> Utf8 Class Initialized
INFO - 2024-04-28 23:20:34 --> URI Class Initialized
INFO - 2024-04-28 23:20:34 --> Router Class Initialized
INFO - 2024-04-28 23:20:34 --> Output Class Initialized
INFO - 2024-04-28 23:20:34 --> Security Class Initialized
DEBUG - 2024-04-28 23:20:34 --> Global POST, GET and COOKIE data sanitized
INFO - 2024-04-28 23:20:34 --> Input Class Initialized
INFO - 2024-04-28 23:20:34 --> Language Class Initialized
INFO - 2024-04-28 23:20:34 --> Loader Class Initialized
INFO - 2024-04-28 23:20:34 --> Helper loaded: url_helper
INFO - 2024-04-28 23:20:34 --> Database Driver Class Initialized
INFO - 2024-04-28 23:20:34 --> Controller Class Initialized
INFO - 2024-04-28 23:20:34 --> Model "Mauth" initialized
INFO - 2024-04-28 23:20:34 --> Model "Mconfigkey" initialized
INFO - 2024-04-28 23:20:34 --> Final output sent to browser
DEBUG - 2024-04-28 23:20:34 --> Total execution time: 0.0336
INFO - 2024-04-28 23:20:41 --> Config Class Initialized
INFO - 2024-04-28 23:20:41 --> Hooks Class Initialized
DEBUG - 2024-04-28 23:20:41 --> UTF-8 Support Enabled
INFO - 2024-04-28 23:20:41 --> Utf8 Class Initialized
INFO - 2024-04-28 23:20:41 --> URI Class Initialized
INFO - 2024-04-28 23:20:41 --> Router Class Initialized
INFO - 2024-04-28 23:20:41 --> Output Class Initialized
INFO - 2024-04-28 23:20:41 --> Security Class Initialized
DEBUG - 2024-04-28 23:20:41 --> Global POST, GET and COOKIE data sanitized
INFO - 2024-04-28 23:20:41 --> Input Class Initialized
INFO - 2024-04-28 23:20:41 --> Language Class Initialized
INFO - 2024-04-28 23:20:41 --> Loader Class Initialized
INFO - 2024-04-28 23:20:41 --> Helper loaded: url_helper
INFO - 2024-04-28 23:20:41 --> Database Driver Class Initialized
INFO - 2024-04-28 23:20:41 --> Controller Class Initialized
INFO - 2024-04-28 23:20:41 --> Model "Mconfigkey" initialized
INFO - 2024-04-28 23:20:41 --> Model "Mportal_data" initialized
INFO - 2024-04-28 23:20:41 --> Final output sent to browser
DEBUG - 2024-04-28 23:20:41 --> Total execution time: 0.0632
INFO - 2024-04-28 23:20:44 --> Config Class Initialized
INFO - 2024-04-28 23:20:44 --> Hooks Class Initialized
DEBUG - 2024-04-28 23:20:44 --> UTF-8 Support Enabled
INFO - 2024-04-28 23:20:44 --> Utf8 Class Initialized
INFO - 2024-04-28 23:20:44 --> URI Class Initialized
INFO - 2024-04-28 23:20:44 --> Router Class Initialized
INFO - 2024-04-28 23:20:44 --> Output Class Initialized
INFO - 2024-04-28 23:20:44 --> Security Class Initialized
DEBUG - 2024-04-28 23:20:44 --> Global POST, GET and COOKIE data sanitized
INFO - 2024-04-28 23:20:44 --> Input Class Initialized
INFO - 2024-04-28 23:20:44 --> Language Class Initialized
INFO - 2024-04-28 23:20:44 --> Loader Class Initialized
INFO - 2024-04-28 23:20:44 --> Helper loaded: url_helper
INFO - 2024-04-28 23:20:44 --> Database Driver Class Initialized
INFO - 2024-04-28 23:20:44 --> Controller Class Initialized
INFO - 2024-04-28 23:20:44 --> Model "Mconfigkey" initialized
INFO - 2024-04-28 23:20:44 --> Model "Mportal_data" initialized
INFO - 2024-04-28 23:20:44 --> Final output sent to browser
DEBUG - 2024-04-28 23:20:44 --> Total execution time: 0.0552
INFO - 2024-04-28 23:20:51 --> Config Class Initialized
INFO - 2024-04-28 23:20:51 --> Hooks Class Initialized
DEBUG - 2024-04-28 23:20:51 --> UTF-8 Support Enabled
INFO - 2024-04-28 23:20:51 --> Utf8 Class Initialized
INFO - 2024-04-28 23:20:51 --> URI Class Initialized
INFO - 2024-04-28 23:20:51 --> Router Class Initialized
INFO - 2024-04-28 23:20:51 --> Output Class Initialized
INFO - 2024-04-28 23:20:51 --> Security Class Initialized
DEBUG - 2024-04-28 23:20:51 --> Global POST, GET and COOKIE data sanitized
INFO - 2024-04-28 23:20:51 --> Input Class Initialized
INFO - 2024-04-28 23:20:51 --> Language Class Initialized
INFO - 2024-04-28 23:20:51 --> Loader Class Initialized
INFO - 2024-04-28 23:20:51 --> Helper loaded: url_helper
INFO - 2024-04-28 23:20:51 --> Database Driver Class Initialized
INFO - 2024-04-28 23:20:51 --> Controller Class Initialized
INFO - 2024-04-28 23:20:51 --> Model "Mconfigkey" initialized
INFO - 2024-04-28 23:20:51 --> Model "Mportal_data" initialized
INFO - 2024-04-28 23:20:51 --> Final output sent to browser
DEBUG - 2024-04-28 23:20:51 --> Total execution time: 0.0229
INFO - 2024-04-28 23:21:13 --> Config Class Initialized
INFO - 2024-04-28 23:21:13 --> Hooks Class Initialized
DEBUG - 2024-04-28 23:21:13 --> UTF-8 Support Enabled
INFO - 2024-04-28 23:21:13 --> Utf8 Class Initialized
INFO - 2024-04-28 23:21:13 --> URI Class Initialized
INFO - 2024-04-28 23:21:13 --> Router Class Initialized
INFO - 2024-04-28 23:21:13 --> Output Class Initialized
INFO - 2024-04-28 23:21:13 --> Security Class Initialized
DEBUG - 2024-04-28 23:21:13 --> Global POST, GET and COOKIE data sanitized
INFO - 2024-04-28 23:21:13 --> Input Class Initialized
INFO - 2024-04-28 23:21:13 --> Language Class Initialized
INFO - 2024-04-28 23:21:13 --> Loader Class Initialized
INFO - 2024-04-28 23:21:13 --> Helper loaded: url_helper
INFO - 2024-04-28 23:21:13 --> Database Driver Class Initialized
INFO - 2024-04-28 23:21:13 --> Controller Class Initialized
INFO - 2024-04-28 23:21:13 --> Model "Mconfigkey" initialized
INFO - 2024-04-28 23:21:13 --> Model "Mportal_data" initialized
INFO - 2024-04-28 23:21:13 --> Final output sent to browser
DEBUG - 2024-04-28 23:21:13 --> Total execution time: 0.0372
INFO - 2024-04-28 23:21:17 --> Config Class Initialized
INFO - 2024-04-28 23:21:17 --> Hooks Class Initialized
DEBUG - 2024-04-28 23:21:17 --> UTF-8 Support Enabled
INFO - 2024-04-28 23:21:17 --> Utf8 Class Initialized
INFO - 2024-04-28 23:21:17 --> URI Class Initialized
INFO - 2024-04-28 23:21:17 --> Router Class Initialized
INFO - 2024-04-28 23:21:17 --> Output Class Initialized
INFO - 2024-04-28 23:21:17 --> Security Class Initialized
DEBUG - 2024-04-28 23:21:17 --> Global POST, GET and COOKIE data sanitized
INFO - 2024-04-28 23:21:17 --> Input Class Initialized
INFO - 2024-04-28 23:21:17 --> Language Class Initialized
INFO - 2024-04-28 23:21:17 --> Loader Class Initialized
INFO - 2024-04-28 23:21:17 --> Helper loaded: url_helper
INFO - 2024-04-28 23:21:17 --> Database Driver Class Initialized
INFO - 2024-04-28 23:21:17 --> Controller Class Initialized
INFO - 2024-04-28 23:21:17 --> Model "Mconfigkey" initialized
INFO - 2024-04-28 23:21:17 --> Model "Mportal_data" initialized
INFO - 2024-04-28 23:21:17 --> Final output sent to browser
DEBUG - 2024-04-28 23:21:17 --> Total execution time: 0.0567
INFO - 2024-04-28 23:21:37 --> Config Class Initialized
INFO - 2024-04-28 23:21:37 --> Hooks Class Initialized
DEBUG - 2024-04-28 23:21:37 --> UTF-8 Support Enabled
INFO - 2024-04-28 23:21:37 --> Utf8 Class Initialized
INFO - 2024-04-28 23:21:37 --> URI Class Initialized
INFO - 2024-04-28 23:21:37 --> Router Class Initialized
INFO - 2024-04-28 23:21:37 --> Output Class Initialized
INFO - 2024-04-28 23:21:37 --> Security Class Initialized
DEBUG - 2024-04-28 23:21:37 --> Global POST, GET and COOKIE data sanitized
INFO - 2024-04-28 23:21:37 --> Input Class Initialized
INFO - 2024-04-28 23:21:37 --> Language Class Initialized
INFO - 2024-04-28 23:21:37 --> Loader Class Initialized
INFO - 2024-04-28 23:21:37 --> Helper loaded: url_helper
INFO - 2024-04-28 23:21:37 --> Database Driver Class Initialized
INFO - 2024-04-28 23:21:37 --> Controller Class Initialized
INFO - 2024-04-28 23:21:37 --> Model "Mconfigkey" initialized
INFO - 2024-04-28 23:21:37 --> Model "Mportal_data" initialized
INFO - 2024-04-28 23:21:37 --> Final output sent to browser
DEBUG - 2024-04-28 23:21:37 --> Total execution time: 0.0241
INFO - 2024-04-28 23:21:41 --> Config Class Initialized
INFO - 2024-04-28 23:21:41 --> Hooks Class Initialized
DEBUG - 2024-04-28 23:21:41 --> UTF-8 Support Enabled
INFO - 2024-04-28 23:21:41 --> Utf8 Class Initialized
INFO - 2024-04-28 23:21:41 --> URI Class Initialized
INFO - 2024-04-28 23:21:41 --> Router Class Initialized
INFO - 2024-04-28 23:21:41 --> Output Class Initialized
INFO - 2024-04-28 23:21:41 --> Security Class Initialized
DEBUG - 2024-04-28 23:21:41 --> Global POST, GET and COOKIE data sanitized
INFO - 2024-04-28 23:21:41 --> Input Class Initialized
INFO - 2024-04-28 23:21:41 --> Language Class Initialized
INFO - 2024-04-28 23:21:41 --> Loader Class Initialized
INFO - 2024-04-28 23:21:41 --> Helper loaded: url_helper
INFO - 2024-04-28 23:21:41 --> Database Driver Class Initialized
INFO - 2024-04-28 23:21:41 --> Controller Class Initialized
INFO - 2024-04-28 23:21:41 --> Config Class Initialized
INFO - 2024-04-28 23:21:41 --> Hooks Class Initialized
INFO - 2024-04-28 23:21:41 --> Model "Mconfigkey" initialized
DEBUG - 2024-04-28 23:21:41 --> UTF-8 Support Enabled
INFO - 2024-04-28 23:21:41 --> Utf8 Class Initialized
INFO - 2024-04-28 23:21:41 --> Model "Mportal_data" initialized
INFO - 2024-04-28 23:21:41 --> URI Class Initialized
INFO - 2024-04-28 23:21:41 --> Router Class Initialized
INFO - 2024-04-28 23:21:41 --> Output Class Initialized
INFO - 2024-04-28 23:21:41 --> Security Class Initialized
DEBUG - 2024-04-28 23:21:41 --> Global POST, GET and COOKIE data sanitized
INFO - 2024-04-28 23:21:41 --> Input Class Initialized
INFO - 2024-04-28 23:21:41 --> Language Class Initialized
INFO - 2024-04-28 23:21:41 --> Loader Class Initialized
INFO - 2024-04-28 23:21:41 --> Helper loaded: url_helper
INFO - 2024-04-28 23:21:41 --> Database Driver Class Initialized
INFO - 2024-04-28 23:21:41 --> Controller Class Initialized
INFO - 2024-04-28 23:21:41 --> Model "Mconfigkey" initialized
INFO - 2024-04-28 23:21:41 --> Model "Mportal_data" initialized
INFO - 2024-04-28 23:21:41 --> Final output sent to browser
DEBUG - 2024-04-28 23:21:41 --> Total execution time: 0.1112
INFO - 2024-04-28 23:21:42 --> Final output sent to browser
DEBUG - 2024-04-28 23:21:42 --> Total execution time: 0.6985
INFO - 2024-04-28 23:21:47 --> Config Class Initialized
INFO - 2024-04-28 23:21:47 --> Hooks Class Initialized
DEBUG - 2024-04-28 23:21:47 --> UTF-8 Support Enabled
INFO - 2024-04-28 23:21:47 --> Utf8 Class Initialized
INFO - 2024-04-28 23:21:47 --> URI Class Initialized
INFO - 2024-04-28 23:21:47 --> Router Class Initialized
INFO - 2024-04-28 23:21:47 --> Output Class Initialized
INFO - 2024-04-28 23:21:47 --> Security Class Initialized
DEBUG - 2024-04-28 23:21:47 --> Global POST, GET and COOKIE data sanitized
INFO - 2024-04-28 23:21:47 --> Input Class Initialized
INFO - 2024-04-28 23:21:47 --> Language Class Initialized
INFO - 2024-04-28 23:21:47 --> Loader Class Initialized
INFO - 2024-04-28 23:21:47 --> Helper loaded: url_helper
INFO - 2024-04-28 23:21:47 --> Database Driver Class Initialized
INFO - 2024-04-28 23:21:47 --> Controller Class Initialized
INFO - 2024-04-28 23:21:47 --> Model "Mconfigkey" initialized
INFO - 2024-04-28 23:21:47 --> Model "Mportal_data" initialized
INFO - 2024-04-28 23:21:47 --> Final output sent to browser
DEBUG - 2024-04-28 23:21:47 --> Total execution time: 0.0363
INFO - 2024-04-28 23:24:30 --> Config Class Initialized
INFO - 2024-04-28 23:24:30 --> Hooks Class Initialized
DEBUG - 2024-04-28 23:24:30 --> UTF-8 Support Enabled
INFO - 2024-04-28 23:24:30 --> Utf8 Class Initialized
INFO - 2024-04-28 23:24:30 --> URI Class Initialized
INFO - 2024-04-28 23:24:30 --> Router Class Initialized
INFO - 2024-04-28 23:24:30 --> Output Class Initialized
INFO - 2024-04-28 23:24:30 --> Security Class Initialized
DEBUG - 2024-04-28 23:24:30 --> Global POST, GET and COOKIE data sanitized
INFO - 2024-04-28 23:24:30 --> Input Class Initialized
INFO - 2024-04-28 23:24:30 --> Language Class Initialized
INFO - 2024-04-28 23:24:30 --> Loader Class Initialized
INFO - 2024-04-28 23:24:30 --> Helper loaded: url_helper
INFO - 2024-04-28 23:24:30 --> Database Driver Class Initialized
INFO - 2024-04-28 23:24:30 --> Controller Class Initialized
INFO - 2024-04-28 23:24:30 --> Model "Mconfigkey" initialized
INFO - 2024-04-28 23:24:30 --> Model "Mportal_data" initialized
INFO - 2024-04-28 23:24:30 --> Final output sent to browser
DEBUG - 2024-04-28 23:24:30 --> Total execution time: 0.0443
INFO - 2024-04-28 23:30:30 --> Config Class Initialized
INFO - 2024-04-28 23:30:30 --> Hooks Class Initialized
DEBUG - 2024-04-28 23:30:30 --> UTF-8 Support Enabled
INFO - 2024-04-28 23:30:30 --> Utf8 Class Initialized
INFO - 2024-04-28 23:30:30 --> URI Class Initialized
INFO - 2024-04-28 23:30:30 --> Router Class Initialized
INFO - 2024-04-28 23:30:30 --> Output Class Initialized
INFO - 2024-04-28 23:30:30 --> Security Class Initialized
DEBUG - 2024-04-28 23:30:30 --> Global POST, GET and COOKIE data sanitized
INFO - 2024-04-28 23:30:30 --> Input Class Initialized
INFO - 2024-04-28 23:30:30 --> Language Class Initialized
INFO - 2024-04-28 23:30:30 --> Loader Class Initialized
INFO - 2024-04-28 23:30:30 --> Helper loaded: url_helper
INFO - 2024-04-28 23:30:30 --> Database Driver Class Initialized
INFO - 2024-04-28 23:30:30 --> Controller Class Initialized
INFO - 2024-04-28 23:30:30 --> Model "Mconfigkey" initialized
INFO - 2024-04-28 23:30:30 --> Final output sent to browser
DEBUG - 2024-04-28 23:30:30 --> Total execution time: 0.0201
INFO - 2024-04-28 23:30:34 --> Config Class Initialized
INFO - 2024-04-28 23:30:34 --> Hooks Class Initialized
DEBUG - 2024-04-28 23:30:34 --> UTF-8 Support Enabled
INFO - 2024-04-28 23:30:34 --> Utf8 Class Initialized
INFO - 2024-04-28 23:30:34 --> URI Class Initialized
INFO - 2024-04-28 23:30:34 --> Router Class Initialized
INFO - 2024-04-28 23:30:34 --> Output Class Initialized
INFO - 2024-04-28 23:30:34 --> Security Class Initialized
DEBUG - 2024-04-28 23:30:34 --> Global POST, GET and COOKIE data sanitized
INFO - 2024-04-28 23:30:34 --> Input Class Initialized
INFO - 2024-04-28 23:30:34 --> Language Class Initialized
INFO - 2024-04-28 23:30:34 --> Loader Class Initialized
INFO - 2024-04-28 23:30:34 --> Helper loaded: url_helper
INFO - 2024-04-28 23:30:34 --> Database Driver Class Initialized
INFO - 2024-04-28 23:30:34 --> Controller Class Initialized
INFO - 2024-04-28 23:30:34 --> Model "Mconfigkey" initialized
INFO - 2024-04-28 23:30:34 --> Model "Mportal_data" initialized
INFO - 2024-04-28 23:30:34 --> Final output sent to browser
DEBUG - 2024-04-28 23:30:34 --> Total execution time: 0.0574
INFO - 2024-04-28 23:30:51 --> Config Class Initialized
INFO - 2024-04-28 23:30:51 --> Hooks Class Initialized
DEBUG - 2024-04-28 23:30:51 --> UTF-8 Support Enabled
INFO - 2024-04-28 23:30:51 --> Utf8 Class Initialized
INFO - 2024-04-28 23:30:51 --> URI Class Initialized
INFO - 2024-04-28 23:30:51 --> Router Class Initialized
INFO - 2024-04-28 23:30:51 --> Output Class Initialized
INFO - 2024-04-28 23:30:51 --> Security Class Initialized
DEBUG - 2024-04-28 23:30:51 --> Global POST, GET and COOKIE data sanitized
INFO - 2024-04-28 23:30:51 --> Input Class Initialized
INFO - 2024-04-28 23:30:51 --> Language Class Initialized
INFO - 2024-04-28 23:30:51 --> Loader Class Initialized
INFO - 2024-04-28 23:30:51 --> Helper loaded: url_helper
INFO - 2024-04-28 23:30:51 --> Database Driver Class Initialized
INFO - 2024-04-28 23:30:51 --> Controller Class Initialized
INFO - 2024-04-28 23:30:51 --> Model "Mconfigkey" initialized
INFO - 2024-04-28 23:30:51 --> Model "Mportal_data" initialized
INFO - 2024-04-28 23:30:51 --> Final output sent to browser
DEBUG - 2024-04-28 23:30:51 --> Total execution time: 0.0436
INFO - 2024-04-28 23:31:54 --> Config Class Initialized
INFO - 2024-04-28 23:31:54 --> Hooks Class Initialized
DEBUG - 2024-04-28 23:31:54 --> UTF-8 Support Enabled
INFO - 2024-04-28 23:31:54 --> Utf8 Class Initialized
INFO - 2024-04-28 23:31:54 --> URI Class Initialized
INFO - 2024-04-28 23:31:54 --> Router Class Initialized
INFO - 2024-04-28 23:31:54 --> Output Class Initialized
INFO - 2024-04-28 23:31:54 --> Security Class Initialized
DEBUG - 2024-04-28 23:31:54 --> Global POST, GET and COOKIE data sanitized
INFO - 2024-04-28 23:31:54 --> Input Class Initialized
INFO - 2024-04-28 23:31:54 --> Language Class Initialized
INFO - 2024-04-28 23:31:54 --> Loader Class Initialized
INFO - 2024-04-28 23:31:54 --> Helper loaded: url_helper
INFO - 2024-04-28 23:31:54 --> Database Driver Class Initialized
INFO - 2024-04-28 23:31:54 --> Controller Class Initialized
INFO - 2024-04-28 23:31:54 --> Model "Mconfigkey" initialized
INFO - 2024-04-28 23:31:54 --> Final output sent to browser
DEBUG - 2024-04-28 23:31:54 --> Total execution time: 0.0204
INFO - 2024-04-28 23:32:00 --> Config Class Initialized
INFO - 2024-04-28 23:32:00 --> Hooks Class Initialized
DEBUG - 2024-04-28 23:32:00 --> UTF-8 Support Enabled
INFO - 2024-04-28 23:32:00 --> Utf8 Class Initialized
INFO - 2024-04-28 23:32:00 --> URI Class Initialized
INFO - 2024-04-28 23:32:00 --> Router Class Initialized
INFO - 2024-04-28 23:32:00 --> Output Class Initialized
INFO - 2024-04-28 23:32:00 --> Security Class Initialized
DEBUG - 2024-04-28 23:32:00 --> Global POST, GET and COOKIE data sanitized
INFO - 2024-04-28 23:32:00 --> Input Class Initialized
INFO - 2024-04-28 23:32:00 --> Language Class Initialized
INFO - 2024-04-28 23:32:00 --> Loader Class Initialized
INFO - 2024-04-28 23:32:00 --> Helper loaded: url_helper
INFO - 2024-04-28 23:32:00 --> Database Driver Class Initialized
INFO - 2024-04-28 23:32:00 --> Controller Class Initialized
INFO - 2024-04-28 23:32:00 --> Model "Mconfigkey" initialized
INFO - 2024-04-28 23:32:00 --> Model "Mportal_data" initialized
INFO - 2024-04-28 23:32:00 --> Final output sent to browser
DEBUG - 2024-04-28 23:32:00 --> Total execution time: 0.0584
INFO - 2024-04-28 23:32:06 --> Config Class Initialized
INFO - 2024-04-28 23:32:06 --> Hooks Class Initialized
DEBUG - 2024-04-28 23:32:06 --> UTF-8 Support Enabled
INFO - 2024-04-28 23:32:06 --> Utf8 Class Initialized
INFO - 2024-04-28 23:32:06 --> URI Class Initialized
INFO - 2024-04-28 23:32:06 --> Router Class Initialized
INFO - 2024-04-28 23:32:06 --> Output Class Initialized
INFO - 2024-04-28 23:32:06 --> Security Class Initialized
DEBUG - 2024-04-28 23:32:06 --> Global POST, GET and COOKIE data sanitized
INFO - 2024-04-28 23:32:06 --> Input Class Initialized
INFO - 2024-04-28 23:32:06 --> Language Class Initialized
INFO - 2024-04-28 23:32:06 --> Loader Class Initialized
INFO - 2024-04-28 23:32:06 --> Helper loaded: url_helper
INFO - 2024-04-28 23:32:06 --> Database Driver Class Initialized
INFO - 2024-04-28 23:32:06 --> Controller Class Initialized
INFO - 2024-04-28 23:32:06 --> Model "Mconfigkey" initialized
INFO - 2024-04-28 23:32:06 --> Model "Mportal_data" initialized
INFO - 2024-04-28 23:32:06 --> Final output sent to browser
DEBUG - 2024-04-28 23:32:06 --> Total execution time: 0.0292
INFO - 2024-04-28 23:33:48 --> Config Class Initialized
INFO - 2024-04-28 23:33:48 --> Hooks Class Initialized
DEBUG - 2024-04-28 23:33:48 --> UTF-8 Support Enabled
INFO - 2024-04-28 23:33:48 --> Utf8 Class Initialized
INFO - 2024-04-28 23:33:48 --> URI Class Initialized
INFO - 2024-04-28 23:33:48 --> Router Class Initialized
INFO - 2024-04-28 23:33:48 --> Output Class Initialized
INFO - 2024-04-28 23:33:48 --> Security Class Initialized
DEBUG - 2024-04-28 23:33:48 --> Global POST, GET and COOKIE data sanitized
INFO - 2024-04-28 23:33:48 --> Input Class Initialized
INFO - 2024-04-28 23:33:48 --> Language Class Initialized
INFO - 2024-04-28 23:33:48 --> Loader Class Initialized
INFO - 2024-04-28 23:33:48 --> Helper loaded: url_helper
INFO - 2024-04-28 23:33:48 --> Database Driver Class Initialized
INFO - 2024-04-28 23:33:48 --> Controller Class Initialized
INFO - 2024-04-28 23:33:48 --> Model "Mconfigkey" initialized
INFO - 2024-04-28 23:33:48 --> Model "Mportal_data" initialized
INFO - 2024-04-28 23:33:48 --> Final output sent to browser
DEBUG - 2024-04-28 23:33:48 --> Total execution time: 0.0456
INFO - 2024-04-28 23:37:15 --> Config Class Initialized
INFO - 2024-04-28 23:37:15 --> Hooks Class Initialized
DEBUG - 2024-04-28 23:37:15 --> UTF-8 Support Enabled
INFO - 2024-04-28 23:37:15 --> Utf8 Class Initialized
INFO - 2024-04-28 23:37:15 --> URI Class Initialized
INFO - 2024-04-28 23:37:15 --> Router Class Initialized
INFO - 2024-04-28 23:37:15 --> Output Class Initialized
INFO - 2024-04-28 23:37:15 --> Security Class Initialized
DEBUG - 2024-04-28 23:37:15 --> Global POST, GET and COOKIE data sanitized
INFO - 2024-04-28 23:37:15 --> Input Class Initialized
INFO - 2024-04-28 23:37:15 --> Language Class Initialized
INFO - 2024-04-28 23:37:15 --> Loader Class Initialized
INFO - 2024-04-28 23:37:15 --> Helper loaded: url_helper
INFO - 2024-04-28 23:37:15 --> Database Driver Class Initialized
INFO - 2024-04-28 23:37:15 --> Config Class Initialized
INFO - 2024-04-28 23:37:15 --> Hooks Class Initialized
DEBUG - 2024-04-28 23:37:15 --> UTF-8 Support Enabled
INFO - 2024-04-28 23:37:15 --> Utf8 Class Initialized
INFO - 2024-04-28 23:37:15 --> URI Class Initialized
INFO - 2024-04-28 23:37:15 --> Router Class Initialized
INFO - 2024-04-28 23:37:15 --> Output Class Initialized
INFO - 2024-04-28 23:37:15 --> Controller Class Initialized
INFO - 2024-04-28 23:37:15 --> Security Class Initialized
DEBUG - 2024-04-28 23:37:15 --> Global POST, GET and COOKIE data sanitized
INFO - 2024-04-28 23:37:15 --> Input Class Initialized
INFO - 2024-04-28 23:37:15 --> Language Class Initialized
INFO - 2024-04-28 23:37:15 --> Model "Mconfigkey" initialized
INFO - 2024-04-28 23:37:15 --> Loader Class Initialized
INFO - 2024-04-28 23:37:15 --> Model "Mportal_data" initialized
INFO - 2024-04-28 23:37:15 --> Helper loaded: url_helper
INFO - 2024-04-28 23:37:15 --> Database Driver Class Initialized
INFO - 2024-04-28 23:37:15 --> Final output sent to browser
DEBUG - 2024-04-28 23:37:15 --> Total execution time: 0.0658
INFO - 2024-04-28 23:37:15 --> Controller Class Initialized
INFO - 2024-04-28 23:37:15 --> Model "Mconfigkey" initialized
INFO - 2024-04-28 23:37:15 --> Model "Mportal_data" initialized
INFO - 2024-04-28 23:37:15 --> Final output sent to browser
DEBUG - 2024-04-28 23:37:15 --> Total execution time: 0.6104
INFO - 2024-04-28 23:37:39 --> Config Class Initialized
INFO - 2024-04-28 23:37:39 --> Hooks Class Initialized
DEBUG - 2024-04-28 23:37:39 --> UTF-8 Support Enabled
INFO - 2024-04-28 23:37:39 --> Utf8 Class Initialized
INFO - 2024-04-28 23:37:39 --> URI Class Initialized
INFO - 2024-04-28 23:37:39 --> Router Class Initialized
INFO - 2024-04-28 23:37:39 --> Output Class Initialized
INFO - 2024-04-28 23:37:39 --> Security Class Initialized
DEBUG - 2024-04-28 23:37:39 --> Global POST, GET and COOKIE data sanitized
INFO - 2024-04-28 23:37:39 --> Input Class Initialized
INFO - 2024-04-28 23:37:39 --> Language Class Initialized
INFO - 2024-04-28 23:37:39 --> Loader Class Initialized
INFO - 2024-04-28 23:37:39 --> Helper loaded: url_helper
INFO - 2024-04-28 23:37:39 --> Database Driver Class Initialized
INFO - 2024-04-28 23:37:39 --> Controller Class Initialized
INFO - 2024-04-28 23:37:39 --> Model "Mconfigkey" initialized
INFO - 2024-04-28 23:37:39 --> Model "Mgoods_in" initialized
INFO - 2024-04-28 23:37:39 --> Final output sent to browser
DEBUG - 2024-04-28 23:37:39 --> Total execution time: 0.0295
INFO - 2024-04-28 23:37:45 --> Config Class Initialized
INFO - 2024-04-28 23:37:45 --> Hooks Class Initialized
DEBUG - 2024-04-28 23:37:45 --> UTF-8 Support Enabled
INFO - 2024-04-28 23:37:45 --> Utf8 Class Initialized
INFO - 2024-04-28 23:37:45 --> URI Class Initialized
INFO - 2024-04-28 23:37:45 --> Router Class Initialized
INFO - 2024-04-28 23:37:45 --> Output Class Initialized
INFO - 2024-04-28 23:37:45 --> Security Class Initialized
DEBUG - 2024-04-28 23:37:45 --> Global POST, GET and COOKIE data sanitized
INFO - 2024-04-28 23:37:45 --> Input Class Initialized
INFO - 2024-04-28 23:37:45 --> Language Class Initialized
INFO - 2024-04-28 23:37:45 --> Loader Class Initialized
INFO - 2024-04-28 23:37:45 --> Helper loaded: url_helper
INFO - 2024-04-28 23:37:45 --> Database Driver Class Initialized
INFO - 2024-04-28 23:37:45 --> Controller Class Initialized
INFO - 2024-04-28 23:37:45 --> Model "Mconfigkey" initialized
INFO - 2024-04-28 23:37:45 --> Model "Mgoods_in" initialized
INFO - 2024-04-28 23:37:45 --> Final output sent to browser
DEBUG - 2024-04-28 23:37:45 --> Total execution time: 0.0236
INFO - 2024-04-28 23:37:49 --> Config Class Initialized
INFO - 2024-04-28 23:37:49 --> Hooks Class Initialized
DEBUG - 2024-04-28 23:37:49 --> UTF-8 Support Enabled
INFO - 2024-04-28 23:37:49 --> Utf8 Class Initialized
INFO - 2024-04-28 23:37:49 --> URI Class Initialized
INFO - 2024-04-28 23:37:49 --> Router Class Initialized
INFO - 2024-04-28 23:37:49 --> Output Class Initialized
INFO - 2024-04-28 23:37:49 --> Security Class Initialized
DEBUG - 2024-04-28 23:37:49 --> Global POST, GET and COOKIE data sanitized
INFO - 2024-04-28 23:37:49 --> Input Class Initialized
INFO - 2024-04-28 23:37:49 --> Language Class Initialized
INFO - 2024-04-28 23:37:49 --> Loader Class Initialized
INFO - 2024-04-28 23:37:49 --> Helper loaded: url_helper
INFO - 2024-04-28 23:37:49 --> Database Driver Class Initialized
INFO - 2024-04-28 23:37:49 --> Controller Class Initialized
INFO - 2024-04-28 23:37:49 --> Model "Mconfigkey" initialized
INFO - 2024-04-28 23:37:49 --> Model "Mgoods_in" initialized
INFO - 2024-04-28 23:37:49 --> Final output sent to browser
DEBUG - 2024-04-28 23:37:49 --> Total execution time: 0.7706
INFO - 2024-04-28 23:37:52 --> Config Class Initialized
INFO - 2024-04-28 23:37:52 --> Hooks Class Initialized
DEBUG - 2024-04-28 23:37:52 --> UTF-8 Support Enabled
INFO - 2024-04-28 23:37:52 --> Utf8 Class Initialized
INFO - 2024-04-28 23:37:52 --> URI Class Initialized
INFO - 2024-04-28 23:37:52 --> Router Class Initialized
INFO - 2024-04-28 23:37:52 --> Output Class Initialized
INFO - 2024-04-28 23:37:52 --> Security Class Initialized
DEBUG - 2024-04-28 23:37:52 --> Global POST, GET and COOKIE data sanitized
INFO - 2024-04-28 23:37:52 --> Input Class Initialized
INFO - 2024-04-28 23:37:52 --> Language Class Initialized
INFO - 2024-04-28 23:37:52 --> Loader Class Initialized
INFO - 2024-04-28 23:37:52 --> Helper loaded: url_helper
INFO - 2024-04-28 23:37:52 --> Database Driver Class Initialized
INFO - 2024-04-28 23:37:52 --> Controller Class Initialized
INFO - 2024-04-28 23:37:52 --> Model "Mconfigkey" initialized
INFO - 2024-04-28 23:37:52 --> Model "Mgoods_in" initialized
INFO - 2024-04-28 23:37:53 --> Final output sent to browser
DEBUG - 2024-04-28 23:37:53 --> Total execution time: 0.4850
INFO - 2024-04-28 23:37:56 --> Config Class Initialized
INFO - 2024-04-28 23:37:56 --> Hooks Class Initialized
DEBUG - 2024-04-28 23:37:56 --> UTF-8 Support Enabled
INFO - 2024-04-28 23:37:56 --> Utf8 Class Initialized
INFO - 2024-04-28 23:37:56 --> URI Class Initialized
INFO - 2024-04-28 23:37:56 --> Router Class Initialized
INFO - 2024-04-28 23:37:56 --> Output Class Initialized
INFO - 2024-04-28 23:37:56 --> Security Class Initialized
DEBUG - 2024-04-28 23:37:56 --> Global POST, GET and COOKIE data sanitized
INFO - 2024-04-28 23:37:56 --> Input Class Initialized
INFO - 2024-04-28 23:37:56 --> Language Class Initialized
INFO - 2024-04-28 23:37:56 --> Loader Class Initialized
INFO - 2024-04-28 23:37:56 --> Helper loaded: url_helper
INFO - 2024-04-28 23:37:56 --> Database Driver Class Initialized
INFO - 2024-04-28 23:37:56 --> Controller Class Initialized
INFO - 2024-04-28 23:37:56 --> Model "Mconfigkey" initialized
INFO - 2024-04-28 23:37:56 --> Model "Mgoods_in" initialized
INFO - 2024-04-28 23:37:56 --> Final output sent to browser
DEBUG - 2024-04-28 23:37:56 --> Total execution time: 0.4820
INFO - 2024-04-28 23:37:58 --> Config Class Initialized
INFO - 2024-04-28 23:37:58 --> Hooks Class Initialized
DEBUG - 2024-04-28 23:37:58 --> UTF-8 Support Enabled
INFO - 2024-04-28 23:37:58 --> Utf8 Class Initialized
INFO - 2024-04-28 23:37:58 --> URI Class Initialized
INFO - 2024-04-28 23:37:58 --> Router Class Initialized
INFO - 2024-04-28 23:37:58 --> Output Class Initialized
INFO - 2024-04-28 23:37:58 --> Security Class Initialized
DEBUG - 2024-04-28 23:37:58 --> Global POST, GET and COOKIE data sanitized
INFO - 2024-04-28 23:37:58 --> Input Class Initialized
INFO - 2024-04-28 23:37:58 --> Language Class Initialized
INFO - 2024-04-28 23:37:58 --> Loader Class Initialized
INFO - 2024-04-28 23:37:58 --> Helper loaded: url_helper
INFO - 2024-04-28 23:37:58 --> Database Driver Class Initialized
INFO - 2024-04-28 23:37:58 --> Controller Class Initialized
INFO - 2024-04-28 23:37:58 --> Model "Mconfigkey" initialized
INFO - 2024-04-28 23:37:58 --> Model "Mgoods_in" initialized
INFO - 2024-04-28 23:37:58 --> Final output sent to browser
DEBUG - 2024-04-28 23:37:58 --> Total execution time: 0.4849
INFO - 2024-04-28 23:38:00 --> Config Class Initialized
INFO - 2024-04-28 23:38:00 --> Hooks Class Initialized
DEBUG - 2024-04-28 23:38:00 --> UTF-8 Support Enabled
INFO - 2024-04-28 23:38:00 --> Utf8 Class Initialized
INFO - 2024-04-28 23:38:00 --> URI Class Initialized
INFO - 2024-04-28 23:38:00 --> Router Class Initialized
INFO - 2024-04-28 23:38:00 --> Output Class Initialized
INFO - 2024-04-28 23:38:00 --> Security Class Initialized
DEBUG - 2024-04-28 23:38:00 --> Global POST, GET and COOKIE data sanitized
INFO - 2024-04-28 23:38:00 --> Input Class Initialized
INFO - 2024-04-28 23:38:00 --> Language Class Initialized
INFO - 2024-04-28 23:38:00 --> Loader Class Initialized
INFO - 2024-04-28 23:38:00 --> Helper loaded: url_helper
INFO - 2024-04-28 23:38:00 --> Database Driver Class Initialized
INFO - 2024-04-28 23:38:00 --> Controller Class Initialized
INFO - 2024-04-28 23:38:00 --> Model "Mconfigkey" initialized
INFO - 2024-04-28 23:38:00 --> Model "Mgoods_in" initialized
INFO - 2024-04-28 23:38:00 --> Final output sent to browser
DEBUG - 2024-04-28 23:38:00 --> Total execution time: 0.4851
INFO - 2024-04-28 23:39:38 --> Config Class Initialized
INFO - 2024-04-28 23:39:38 --> Hooks Class Initialized
DEBUG - 2024-04-28 23:39:38 --> UTF-8 Support Enabled
INFO - 2024-04-28 23:39:38 --> Utf8 Class Initialized
INFO - 2024-04-28 23:39:38 --> URI Class Initialized
INFO - 2024-04-28 23:39:38 --> Router Class Initialized
INFO - 2024-04-28 23:39:38 --> Output Class Initialized
INFO - 2024-04-28 23:39:38 --> Security Class Initialized
DEBUG - 2024-04-28 23:39:38 --> Global POST, GET and COOKIE data sanitized
INFO - 2024-04-28 23:39:38 --> Input Class Initialized
INFO - 2024-04-28 23:39:38 --> Language Class Initialized
INFO - 2024-04-28 23:39:38 --> Loader Class Initialized
INFO - 2024-04-28 23:39:38 --> Helper loaded: url_helper
INFO - 2024-04-28 23:39:38 --> Database Driver Class Initialized
INFO - 2024-04-28 23:39:38 --> Controller Class Initialized
INFO - 2024-04-28 23:39:38 --> Model "Mconfigkey" initialized
INFO - 2024-04-28 23:39:38 --> Model "Mgoods_in" initialized
INFO - 2024-04-28 23:39:39 --> Final output sent to browser
DEBUG - 2024-04-28 23:39:39 --> Total execution time: 0.5141
INFO - 2024-04-28 23:39:52 --> Config Class Initialized
INFO - 2024-04-28 23:39:52 --> Hooks Class Initialized
DEBUG - 2024-04-28 23:39:52 --> UTF-8 Support Enabled
INFO - 2024-04-28 23:39:52 --> Utf8 Class Initialized
INFO - 2024-04-28 23:39:52 --> URI Class Initialized
INFO - 2024-04-28 23:39:52 --> Router Class Initialized
INFO - 2024-04-28 23:39:52 --> Output Class Initialized
INFO - 2024-04-28 23:39:52 --> Security Class Initialized
DEBUG - 2024-04-28 23:39:52 --> Global POST, GET and COOKIE data sanitized
INFO - 2024-04-28 23:39:52 --> Input Class Initialized
INFO - 2024-04-28 23:39:52 --> Language Class Initialized
INFO - 2024-04-28 23:39:52 --> Loader Class Initialized
INFO - 2024-04-28 23:39:52 --> Helper loaded: url_helper
INFO - 2024-04-28 23:39:52 --> Database Driver Class Initialized
INFO - 2024-04-28 23:39:52 --> Controller Class Initialized
INFO - 2024-04-28 23:39:52 --> Model "Mconfigkey" initialized
INFO - 2024-04-28 23:39:52 --> Model "Mgoods_in" initialized
INFO - 2024-04-28 23:39:53 --> Final output sent to browser
DEBUG - 2024-04-28 23:39:53 --> Total execution time: 0.5157
INFO - 2024-04-28 23:40:09 --> Config Class Initialized
INFO - 2024-04-28 23:40:09 --> Hooks Class Initialized
DEBUG - 2024-04-28 23:40:09 --> UTF-8 Support Enabled
INFO - 2024-04-28 23:40:09 --> Utf8 Class Initialized
INFO - 2024-04-28 23:40:09 --> URI Class Initialized
INFO - 2024-04-28 23:40:09 --> Router Class Initialized
INFO - 2024-04-28 23:40:09 --> Output Class Initialized
INFO - 2024-04-28 23:40:09 --> Security Class Initialized
DEBUG - 2024-04-28 23:40:09 --> Global POST, GET and COOKIE data sanitized
INFO - 2024-04-28 23:40:09 --> Input Class Initialized
INFO - 2024-04-28 23:40:09 --> Language Class Initialized
INFO - 2024-04-28 23:40:09 --> Loader Class Initialized
INFO - 2024-04-28 23:40:09 --> Helper loaded: url_helper
INFO - 2024-04-28 23:40:09 --> Database Driver Class Initialized
INFO - 2024-04-28 23:40:09 --> Controller Class Initialized
INFO - 2024-04-28 23:40:09 --> Model "Mconfigkey" initialized
INFO - 2024-04-28 23:40:09 --> Model "Mgoods_in" initialized
INFO - 2024-04-28 23:40:09 --> Final output sent to browser
DEBUG - 2024-04-28 23:40:09 --> Total execution time: 0.5097
INFO - 2024-04-28 23:40:15 --> Config Class Initialized
INFO - 2024-04-28 23:40:15 --> Hooks Class Initialized
DEBUG - 2024-04-28 23:40:15 --> UTF-8 Support Enabled
INFO - 2024-04-28 23:40:15 --> Utf8 Class Initialized
INFO - 2024-04-28 23:40:15 --> URI Class Initialized
INFO - 2024-04-28 23:40:15 --> Router Class Initialized
INFO - 2024-04-28 23:40:15 --> Output Class Initialized
INFO - 2024-04-28 23:40:15 --> Security Class Initialized
DEBUG - 2024-04-28 23:40:15 --> Global POST, GET and COOKIE data sanitized
INFO - 2024-04-28 23:40:15 --> Input Class Initialized
INFO - 2024-04-28 23:40:15 --> Language Class Initialized
INFO - 2024-04-28 23:40:15 --> Loader Class Initialized
INFO - 2024-04-28 23:40:15 --> Helper loaded: url_helper
INFO - 2024-04-28 23:40:15 --> Database Driver Class Initialized
INFO - 2024-04-28 23:40:15 --> Controller Class Initialized
INFO - 2024-04-28 23:40:15 --> Model "Mconfigkey" initialized
INFO - 2024-04-28 23:40:15 --> Model "Mgoods_in" initialized
INFO - 2024-04-28 23:40:15 --> Final output sent to browser
DEBUG - 2024-04-28 23:40:15 --> Total execution time: 0.5003
INFO - 2024-04-28 23:40:23 --> Config Class Initialized
INFO - 2024-04-28 23:40:23 --> Hooks Class Initialized
DEBUG - 2024-04-28 23:40:23 --> UTF-8 Support Enabled
INFO - 2024-04-28 23:40:23 --> Utf8 Class Initialized
INFO - 2024-04-28 23:40:23 --> URI Class Initialized
INFO - 2024-04-28 23:40:23 --> Router Class Initialized
INFO - 2024-04-28 23:40:23 --> Output Class Initialized
INFO - 2024-04-28 23:40:23 --> Security Class Initialized
DEBUG - 2024-04-28 23:40:23 --> Global POST, GET and COOKIE data sanitized
INFO - 2024-04-28 23:40:23 --> Input Class Initialized
INFO - 2024-04-28 23:40:23 --> Language Class Initialized
INFO - 2024-04-28 23:40:23 --> Loader Class Initialized
INFO - 2024-04-28 23:40:23 --> Helper loaded: url_helper
INFO - 2024-04-28 23:40:23 --> Database Driver Class Initialized
INFO - 2024-04-28 23:40:23 --> Controller Class Initialized
INFO - 2024-04-28 23:40:23 --> Model "Mconfigkey" initialized
INFO - 2024-04-28 23:40:23 --> Model "Mgoods_in" initialized
INFO - 2024-04-28 23:40:24 --> Final output sent to browser
DEBUG - 2024-04-28 23:40:24 --> Total execution time: 0.5123
INFO - 2024-04-28 23:40:29 --> Config Class Initialized
INFO - 2024-04-28 23:40:29 --> Hooks Class Initialized
DEBUG - 2024-04-28 23:40:29 --> UTF-8 Support Enabled
INFO - 2024-04-28 23:40:29 --> Utf8 Class Initialized
INFO - 2024-04-28 23:40:29 --> URI Class Initialized
INFO - 2024-04-28 23:40:29 --> Router Class Initialized
INFO - 2024-04-28 23:40:29 --> Output Class Initialized
INFO - 2024-04-28 23:40:29 --> Security Class Initialized
DEBUG - 2024-04-28 23:40:29 --> Global POST, GET and COOKIE data sanitized
INFO - 2024-04-28 23:40:29 --> Input Class Initialized
INFO - 2024-04-28 23:40:29 --> Language Class Initialized
INFO - 2024-04-28 23:40:29 --> Loader Class Initialized
INFO - 2024-04-28 23:40:29 --> Helper loaded: url_helper
INFO - 2024-04-28 23:40:29 --> Database Driver Class Initialized
INFO - 2024-04-28 23:40:29 --> Controller Class Initialized
INFO - 2024-04-28 23:40:29 --> Model "Mconfigkey" initialized
INFO - 2024-04-28 23:40:29 --> Model "Mgoods_in" initialized
INFO - 2024-04-28 23:40:29 --> Final output sent to browser
DEBUG - 2024-04-28 23:40:29 --> Total execution time: 0.5033
INFO - 2024-04-28 23:42:12 --> Config Class Initialized
INFO - 2024-04-28 23:42:12 --> Hooks Class Initialized
DEBUG - 2024-04-28 23:42:12 --> UTF-8 Support Enabled
INFO - 2024-04-28 23:42:12 --> Utf8 Class Initialized
INFO - 2024-04-28 23:42:12 --> URI Class Initialized
INFO - 2024-04-28 23:42:12 --> Router Class Initialized
INFO - 2024-04-28 23:42:12 --> Output Class Initialized
INFO - 2024-04-28 23:42:12 --> Security Class Initialized
DEBUG - 2024-04-28 23:42:12 --> Global POST, GET and COOKIE data sanitized
INFO - 2024-04-28 23:42:12 --> Input Class Initialized
INFO - 2024-04-28 23:42:12 --> Language Class Initialized
INFO - 2024-04-28 23:42:12 --> Loader Class Initialized
INFO - 2024-04-28 23:42:12 --> Helper loaded: url_helper
INFO - 2024-04-28 23:42:12 --> Database Driver Class Initialized
INFO - 2024-04-28 23:42:12 --> Controller Class Initialized
INFO - 2024-04-28 23:42:12 --> Model "Mconfigkey" initialized
INFO - 2024-04-28 23:42:12 --> Model "Mgoods_in" initialized
INFO - 2024-04-28 23:42:12 --> Final output sent to browser
DEBUG - 2024-04-28 23:42:12 --> Total execution time: 0.1036
INFO - 2024-04-28 23:43:40 --> Config Class Initialized
INFO - 2024-04-28 23:43:40 --> Hooks Class Initialized
DEBUG - 2024-04-28 23:43:40 --> UTF-8 Support Enabled
INFO - 2024-04-28 23:43:40 --> Utf8 Class Initialized
INFO - 2024-04-28 23:43:40 --> URI Class Initialized
INFO - 2024-04-28 23:43:40 --> Router Class Initialized
INFO - 2024-04-28 23:43:40 --> Output Class Initialized
INFO - 2024-04-28 23:43:40 --> Security Class Initialized
DEBUG - 2024-04-28 23:43:40 --> Global POST, GET and COOKIE data sanitized
INFO - 2024-04-28 23:43:40 --> Input Class Initialized
INFO - 2024-04-28 23:43:40 --> Language Class Initialized
INFO - 2024-04-28 23:43:40 --> Loader Class Initialized
INFO - 2024-04-28 23:43:40 --> Helper loaded: url_helper
INFO - 2024-04-28 23:43:40 --> Database Driver Class Initialized
INFO - 2024-04-28 23:43:40 --> Controller Class Initialized
INFO - 2024-04-28 23:43:40 --> Model "Mconfigkey" initialized
INFO - 2024-04-28 23:43:40 --> Model "Mgoods_in" initialized
INFO - 2024-04-28 23:43:40 --> Final output sent to browser
DEBUG - 2024-04-28 23:43:40 --> Total execution time: 0.0225
INFO - 2024-04-28 23:44:12 --> Config Class Initialized
INFO - 2024-04-28 23:44:12 --> Hooks Class Initialized
DEBUG - 2024-04-28 23:44:12 --> UTF-8 Support Enabled
INFO - 2024-04-28 23:44:12 --> Utf8 Class Initialized
INFO - 2024-04-28 23:44:12 --> URI Class Initialized
INFO - 2024-04-28 23:44:12 --> Router Class Initialized
INFO - 2024-04-28 23:44:12 --> Output Class Initialized
INFO - 2024-04-28 23:44:12 --> Security Class Initialized
DEBUG - 2024-04-28 23:44:12 --> Global POST, GET and COOKIE data sanitized
INFO - 2024-04-28 23:44:12 --> Input Class Initialized
INFO - 2024-04-28 23:44:12 --> Language Class Initialized
INFO - 2024-04-28 23:44:12 --> Loader Class Initialized
INFO - 2024-04-28 23:44:12 --> Helper loaded: url_helper
INFO - 2024-04-28 23:44:12 --> Database Driver Class Initialized
INFO - 2024-04-28 23:44:12 --> Controller Class Initialized
INFO - 2024-04-28 23:44:12 --> Model "Mconfigkey" initialized
INFO - 2024-04-28 23:44:12 --> Model "Mgoods_in" initialized
INFO - 2024-04-28 23:44:12 --> Final output sent to browser
DEBUG - 2024-04-28 23:44:12 --> Total execution time: 0.0227
INFO - 2024-04-28 23:44:31 --> Config Class Initialized
INFO - 2024-04-28 23:44:31 --> Hooks Class Initialized
DEBUG - 2024-04-28 23:44:31 --> UTF-8 Support Enabled
INFO - 2024-04-28 23:44:31 --> Utf8 Class Initialized
INFO - 2024-04-28 23:44:31 --> URI Class Initialized
INFO - 2024-04-28 23:44:31 --> Router Class Initialized
INFO - 2024-04-28 23:44:31 --> Output Class Initialized
INFO - 2024-04-28 23:44:31 --> Security Class Initialized
DEBUG - 2024-04-28 23:44:31 --> Global POST, GET and COOKIE data sanitized
INFO - 2024-04-28 23:44:31 --> Input Class Initialized
INFO - 2024-04-28 23:44:31 --> Language Class Initialized
INFO - 2024-04-28 23:44:31 --> Loader Class Initialized
INFO - 2024-04-28 23:44:31 --> Helper loaded: url_helper
INFO - 2024-04-28 23:44:31 --> Database Driver Class Initialized
INFO - 2024-04-28 23:44:31 --> Controller Class Initialized
INFO - 2024-04-28 23:44:31 --> Config Class Initialized
INFO - 2024-04-28 23:44:31 --> Hooks Class Initialized
INFO - 2024-04-28 23:44:31 --> Model "Mconfigkey" initialized
DEBUG - 2024-04-28 23:44:31 --> UTF-8 Support Enabled
INFO - 2024-04-28 23:44:31 --> Utf8 Class Initialized
INFO - 2024-04-28 23:44:31 --> URI Class Initialized
INFO - 2024-04-28 23:44:31 --> Model "Mportal_data" initialized
INFO - 2024-04-28 23:44:31 --> Router Class Initialized
INFO - 2024-04-28 23:44:31 --> Output Class Initialized
INFO - 2024-04-28 23:44:31 --> Security Class Initialized
DEBUG - 2024-04-28 23:44:31 --> Global POST, GET and COOKIE data sanitized
INFO - 2024-04-28 23:44:31 --> Input Class Initialized
INFO - 2024-04-28 23:44:31 --> Language Class Initialized
INFO - 2024-04-28 23:44:31 --> Loader Class Initialized
INFO - 2024-04-28 23:44:31 --> Helper loaded: url_helper
INFO - 2024-04-28 23:44:31 --> Database Driver Class Initialized
INFO - 2024-04-28 23:44:31 --> Final output sent to browser
DEBUG - 2024-04-28 23:44:31 --> Total execution time: 0.0626
INFO - 2024-04-28 23:44:31 --> Controller Class Initialized
INFO - 2024-04-28 23:44:31 --> Model "Mconfigkey" initialized
INFO - 2024-04-28 23:44:31 --> Model "Mportal_data" initialized
INFO - 2024-04-28 23:44:31 --> Final output sent to browser
DEBUG - 2024-04-28 23:44:31 --> Total execution time: 0.6153
