INFO - 2024-12-11 08:11:02 --> Config Class Initialized
INFO - 2024-12-11 08:11:02 --> Hooks Class Initialized
DEBUG - 2024-12-11 08:11:02 --> UTF-8 Support Enabled
INFO - 2024-12-11 08:11:02 --> Utf8 Class Initialized
INFO - 2024-12-11 08:11:02 --> URI Class Initialized
INFO - 2024-12-11 08:11:02 --> Router Class Initialized
INFO - 2024-12-11 08:11:02 --> Output Class Initialized
INFO - 2024-12-11 08:11:02 --> Security Class Initialized
DEBUG - 2024-12-11 08:11:02 --> Global POST, GET and COOKIE data sanitized
INFO - 2024-12-11 08:11:02 --> Input Class Initialized
INFO - 2024-12-11 08:11:02 --> Language Class Initialized
INFO - 2024-12-11 08:11:02 --> Loader Class Initialized
INFO - 2024-12-11 08:11:02 --> Helper loaded: url_helper
INFO - 2024-12-11 08:11:03 --> Database Driver Class Initialized
INFO - 2024-12-11 08:11:03 --> Controller Class Initialized
INFO - 2024-12-11 08:11:03 --> Model "Mconfigkey" initialized
INFO - 2024-12-11 08:11:03 --> Final output sent to browser
DEBUG - 2024-12-11 08:11:03 --> Total execution time: 0.5429
INFO - 2024-12-11 08:11:10 --> Config Class Initialized
INFO - 2024-12-11 08:11:10 --> Hooks Class Initialized
DEBUG - 2024-12-11 08:11:10 --> UTF-8 Support Enabled
INFO - 2024-12-11 08:11:10 --> Utf8 Class Initialized
INFO - 2024-12-11 08:11:10 --> URI Class Initialized
INFO - 2024-12-11 08:11:10 --> Router Class Initialized
INFO - 2024-12-11 08:11:10 --> Output Class Initialized
INFO - 2024-12-11 08:11:10 --> Security Class Initialized
DEBUG - 2024-12-11 08:11:10 --> Global POST, GET and COOKIE data sanitized
INFO - 2024-12-11 08:11:10 --> Input Class Initialized
INFO - 2024-12-11 08:11:10 --> Language Class Initialized
INFO - 2024-12-11 08:11:10 --> Loader Class Initialized
INFO - 2024-12-11 08:11:10 --> Helper loaded: url_helper
INFO - 2024-12-11 08:11:10 --> Database Driver Class Initialized
INFO - 2024-12-11 08:11:10 --> Controller Class Initialized
INFO - 2024-12-11 08:11:10 --> Model "Mauth" initialized
INFO - 2024-12-11 08:11:10 --> Model "Mconfigkey" initialized
INFO - 2024-12-11 08:11:10 --> Final output sent to browser
DEBUG - 2024-12-11 08:11:10 --> Total execution time: 0.0424
INFO - 2024-12-11 08:11:16 --> Config Class Initialized
INFO - 2024-12-11 08:11:16 --> Hooks Class Initialized
DEBUG - 2024-12-11 08:11:16 --> UTF-8 Support Enabled
INFO - 2024-12-11 08:11:16 --> Utf8 Class Initialized
INFO - 2024-12-11 08:11:16 --> URI Class Initialized
INFO - 2024-12-11 08:11:16 --> Router Class Initialized
INFO - 2024-12-11 08:11:16 --> Output Class Initialized
INFO - 2024-12-11 08:11:16 --> Security Class Initialized
DEBUG - 2024-12-11 08:11:16 --> Global POST, GET and COOKIE data sanitized
INFO - 2024-12-11 08:11:16 --> Input Class Initialized
INFO - 2024-12-11 08:11:16 --> Language Class Initialized
INFO - 2024-12-11 08:11:16 --> Loader Class Initialized
INFO - 2024-12-11 08:11:16 --> Helper loaded: url_helper
INFO - 2024-12-11 08:11:16 --> Database Driver Class Initialized
INFO - 2024-12-11 08:11:16 --> Controller Class Initialized
INFO - 2024-12-11 08:11:16 --> Model "Mconfigkey" initialized
INFO - 2024-12-11 08:11:16 --> Model "Mbcin_271_aw" initialized
INFO - 2024-12-11 08:11:16 --> Final output sent to browser
DEBUG - 2024-12-11 08:11:16 --> Total execution time: 0.0464
INFO - 2024-12-11 08:11:24 --> Config Class Initialized
INFO - 2024-12-11 08:11:24 --> Hooks Class Initialized
DEBUG - 2024-12-11 08:11:24 --> UTF-8 Support Enabled
INFO - 2024-12-11 08:11:24 --> Utf8 Class Initialized
INFO - 2024-12-11 08:11:24 --> URI Class Initialized
INFO - 2024-12-11 08:11:24 --> Router Class Initialized
INFO - 2024-12-11 08:11:24 --> Output Class Initialized
INFO - 2024-12-11 08:11:24 --> Security Class Initialized
DEBUG - 2024-12-11 08:11:24 --> Global POST, GET and COOKIE data sanitized
INFO - 2024-12-11 08:11:24 --> Input Class Initialized
INFO - 2024-12-11 08:11:24 --> Language Class Initialized
INFO - 2024-12-11 08:11:24 --> Loader Class Initialized
INFO - 2024-12-11 08:11:24 --> Helper loaded: url_helper
INFO - 2024-12-11 08:11:24 --> Database Driver Class Initialized
INFO - 2024-12-11 08:11:24 --> Controller Class Initialized
INFO - 2024-12-11 08:11:24 --> Model "Mconfigkey" initialized
INFO - 2024-12-11 08:11:24 --> Model "Mbcin_271_aw" initialized
INFO - 2024-12-11 08:11:24 --> Final output sent to browser
DEBUG - 2024-12-11 08:11:24 --> Total execution time: 0.0229
INFO - 2024-12-11 08:13:08 --> Config Class Initialized
INFO - 2024-12-11 08:13:08 --> Hooks Class Initialized
DEBUG - 2024-12-11 08:13:08 --> UTF-8 Support Enabled
INFO - 2024-12-11 08:13:08 --> Utf8 Class Initialized
INFO - 2024-12-11 08:13:08 --> URI Class Initialized
INFO - 2024-12-11 08:13:08 --> Router Class Initialized
INFO - 2024-12-11 08:13:08 --> Output Class Initialized
INFO - 2024-12-11 08:13:08 --> Security Class Initialized
DEBUG - 2024-12-11 08:13:08 --> Global POST, GET and COOKIE data sanitized
INFO - 2024-12-11 08:13:08 --> Input Class Initialized
INFO - 2024-12-11 08:13:08 --> Language Class Initialized
INFO - 2024-12-11 08:13:08 --> Loader Class Initialized
INFO - 2024-12-11 08:13:08 --> Helper loaded: url_helper
INFO - 2024-12-11 08:13:08 --> Database Driver Class Initialized
INFO - 2024-12-11 08:13:08 --> Controller Class Initialized
INFO - 2024-12-11 08:13:08 --> Model "Mconfigkey" initialized
INFO - 2024-12-11 08:13:08 --> Model "Msync_doc_aw" initialized
INFO - 2024-12-11 08:13:08 --> Final output sent to browser
DEBUG - 2024-12-11 08:13:08 --> Total execution time: 0.1041
INFO - 2024-12-11 08:13:26 --> Config Class Initialized
INFO - 2024-12-11 08:13:26 --> Hooks Class Initialized
DEBUG - 2024-12-11 08:13:26 --> UTF-8 Support Enabled
INFO - 2024-12-11 08:13:26 --> Utf8 Class Initialized
INFO - 2024-12-11 08:13:26 --> URI Class Initialized
INFO - 2024-12-11 08:13:26 --> Router Class Initialized
INFO - 2024-12-11 08:13:26 --> Output Class Initialized
INFO - 2024-12-11 08:13:26 --> Security Class Initialized
DEBUG - 2024-12-11 08:13:26 --> Global POST, GET and COOKIE data sanitized
INFO - 2024-12-11 08:13:26 --> Input Class Initialized
INFO - 2024-12-11 08:13:26 --> Language Class Initialized
INFO - 2024-12-11 08:13:26 --> Loader Class Initialized
INFO - 2024-12-11 08:13:26 --> Helper loaded: url_helper
INFO - 2024-12-11 08:13:26 --> Database Driver Class Initialized
INFO - 2024-12-11 08:13:26 --> Controller Class Initialized
INFO - 2024-12-11 08:13:26 --> Model "Mconfigkey" initialized
INFO - 2024-12-11 08:13:26 --> Model "Msync_delivery_instruction" initialized
INFO - 2024-12-11 08:13:26 --> Final output sent to browser
DEBUG - 2024-12-11 08:13:26 --> Total execution time: 0.0407
INFO - 2024-12-11 08:13:34 --> Config Class Initialized
INFO - 2024-12-11 08:13:34 --> Hooks Class Initialized
DEBUG - 2024-12-11 08:13:34 --> UTF-8 Support Enabled
INFO - 2024-12-11 08:13:34 --> Utf8 Class Initialized
INFO - 2024-12-11 08:13:34 --> URI Class Initialized
INFO - 2024-12-11 08:13:34 --> Router Class Initialized
INFO - 2024-12-11 08:13:34 --> Output Class Initialized
INFO - 2024-12-11 08:13:34 --> Security Class Initialized
DEBUG - 2024-12-11 08:13:34 --> Global POST, GET and COOKIE data sanitized
INFO - 2024-12-11 08:13:34 --> Input Class Initialized
INFO - 2024-12-11 08:13:34 --> Language Class Initialized
INFO - 2024-12-11 08:13:34 --> Loader Class Initialized
INFO - 2024-12-11 08:13:34 --> Helper loaded: url_helper
INFO - 2024-12-11 08:13:34 --> Database Driver Class Initialized
INFO - 2024-12-11 08:13:34 --> Controller Class Initialized
INFO - 2024-12-11 08:13:34 --> Model "Mconfigkey" initialized
INFO - 2024-12-11 08:13:34 --> Model "Mgoods_in" initialized
INFO - 2024-12-11 08:13:34 --> Final output sent to browser
DEBUG - 2024-12-11 08:13:34 --> Total execution time: 0.0455
INFO - 2024-12-11 14:16:35 --> Config Class Initialized
INFO - 2024-12-11 14:16:35 --> Hooks Class Initialized
DEBUG - 2024-12-11 14:16:35 --> UTF-8 Support Enabled
INFO - 2024-12-11 14:16:35 --> Utf8 Class Initialized
INFO - 2024-12-11 14:16:35 --> URI Class Initialized
INFO - 2024-12-11 14:16:35 --> Router Class Initialized
INFO - 2024-12-11 14:16:36 --> Output Class Initialized
INFO - 2024-12-11 14:16:36 --> Security Class Initialized
DEBUG - 2024-12-11 14:16:36 --> Global POST, GET and COOKIE data sanitized
INFO - 2024-12-11 14:16:36 --> Input Class Initialized
INFO - 2024-12-11 14:16:36 --> Language Class Initialized
INFO - 2024-12-11 14:16:36 --> Loader Class Initialized
INFO - 2024-12-11 14:16:36 --> Helper loaded: url_helper
INFO - 2024-12-11 14:16:36 --> Database Driver Class Initialized
INFO - 2024-12-11 14:16:36 --> Controller Class Initialized
INFO - 2024-12-11 14:16:36 --> Model "Mconfigkey" initialized
INFO - 2024-12-11 14:16:36 --> Final output sent to browser
DEBUG - 2024-12-11 14:16:36 --> Total execution time: 0.5310
INFO - 2024-12-11 14:16:40 --> Config Class Initialized
INFO - 2024-12-11 14:16:40 --> Hooks Class Initialized
DEBUG - 2024-12-11 14:16:40 --> UTF-8 Support Enabled
INFO - 2024-12-11 14:16:40 --> Utf8 Class Initialized
INFO - 2024-12-11 14:16:40 --> URI Class Initialized
INFO - 2024-12-11 14:16:40 --> Router Class Initialized
INFO - 2024-12-11 14:16:40 --> Output Class Initialized
INFO - 2024-12-11 14:16:40 --> Security Class Initialized
DEBUG - 2024-12-11 14:16:40 --> Global POST, GET and COOKIE data sanitized
INFO - 2024-12-11 14:16:40 --> Input Class Initialized
INFO - 2024-12-11 14:16:40 --> Language Class Initialized
INFO - 2024-12-11 14:16:40 --> Loader Class Initialized
INFO - 2024-12-11 14:16:40 --> Helper loaded: url_helper
INFO - 2024-12-11 14:16:40 --> Database Driver Class Initialized
INFO - 2024-12-11 14:16:40 --> Controller Class Initialized
INFO - 2024-12-11 14:16:40 --> Model "Mauth" initialized
INFO - 2024-12-11 14:16:40 --> Model "Mconfigkey" initialized
INFO - 2024-12-11 14:16:40 --> Final output sent to browser
DEBUG - 2024-12-11 14:16:40 --> Total execution time: 0.0378
INFO - 2024-12-11 14:16:47 --> Config Class Initialized
INFO - 2024-12-11 14:16:47 --> Hooks Class Initialized
DEBUG - 2024-12-11 14:16:47 --> UTF-8 Support Enabled
INFO - 2024-12-11 14:16:47 --> Utf8 Class Initialized
INFO - 2024-12-11 14:16:47 --> URI Class Initialized
INFO - 2024-12-11 14:16:47 --> Router Class Initialized
INFO - 2024-12-11 14:16:47 --> Output Class Initialized
INFO - 2024-12-11 14:16:47 --> Security Class Initialized
DEBUG - 2024-12-11 14:16:47 --> Global POST, GET and COOKIE data sanitized
INFO - 2024-12-11 14:16:47 --> Input Class Initialized
INFO - 2024-12-11 14:16:47 --> Language Class Initialized
INFO - 2024-12-11 14:16:47 --> Loader Class Initialized
INFO - 2024-12-11 14:16:47 --> Helper loaded: url_helper
INFO - 2024-12-11 14:16:47 --> Database Driver Class Initialized
INFO - 2024-12-11 14:16:47 --> Controller Class Initialized
INFO - 2024-12-11 14:16:47 --> Model "Mconfigkey" initialized
INFO - 2024-12-11 14:16:47 --> Model "Mgoods_in" initialized
INFO - 2024-12-11 14:16:47 --> Final output sent to browser
DEBUG - 2024-12-11 14:16:47 --> Total execution time: 0.0523
INFO - 2024-12-11 14:17:02 --> Config Class Initialized
INFO - 2024-12-11 14:17:02 --> Hooks Class Initialized
DEBUG - 2024-12-11 14:17:02 --> UTF-8 Support Enabled
INFO - 2024-12-11 14:17:02 --> Utf8 Class Initialized
INFO - 2024-12-11 14:17:02 --> URI Class Initialized
INFO - 2024-12-11 14:17:02 --> Router Class Initialized
INFO - 2024-12-11 14:17:02 --> Output Class Initialized
INFO - 2024-12-11 14:17:02 --> Security Class Initialized
DEBUG - 2024-12-11 14:17:02 --> Global POST, GET and COOKIE data sanitized
INFO - 2024-12-11 14:17:02 --> Input Class Initialized
INFO - 2024-12-11 14:17:02 --> Language Class Initialized
INFO - 2024-12-11 14:17:02 --> Loader Class Initialized
INFO - 2024-12-11 14:17:02 --> Helper loaded: url_helper
INFO - 2024-12-11 14:17:02 --> Database Driver Class Initialized
INFO - 2024-12-11 14:17:02 --> Controller Class Initialized
INFO - 2024-12-11 14:17:02 --> Model "Mconfigkey" initialized
INFO - 2024-12-11 14:17:02 --> Model "Mgoods_in" initialized
INFO - 2024-12-11 14:17:02 --> Final output sent to browser
DEBUG - 2024-12-11 14:17:02 --> Total execution time: 0.0378
INFO - 2024-12-11 14:17:03 --> Config Class Initialized
INFO - 2024-12-11 14:17:03 --> Hooks Class Initialized
DEBUG - 2024-12-11 14:17:03 --> UTF-8 Support Enabled
INFO - 2024-12-11 14:17:03 --> Utf8 Class Initialized
INFO - 2024-12-11 14:17:03 --> URI Class Initialized
INFO - 2024-12-11 14:17:03 --> Router Class Initialized
INFO - 2024-12-11 14:17:03 --> Output Class Initialized
INFO - 2024-12-11 14:17:03 --> Security Class Initialized
DEBUG - 2024-12-11 14:17:03 --> Global POST, GET and COOKIE data sanitized
INFO - 2024-12-11 14:17:03 --> Input Class Initialized
INFO - 2024-12-11 14:17:03 --> Language Class Initialized
INFO - 2024-12-11 14:17:03 --> Loader Class Initialized
INFO - 2024-12-11 14:17:03 --> Helper loaded: url_helper
INFO - 2024-12-11 14:17:03 --> Database Driver Class Initialized
INFO - 2024-12-11 14:17:03 --> Controller Class Initialized
INFO - 2024-12-11 14:17:03 --> Model "Mconfigkey" initialized
INFO - 2024-12-11 14:17:03 --> Model "Mgoods_in" initialized
INFO - 2024-12-11 14:17:03 --> Final output sent to browser
DEBUG - 2024-12-11 14:17:03 --> Total execution time: 0.0414
INFO - 2024-12-11 14:17:05 --> Config Class Initialized
INFO - 2024-12-11 14:17:05 --> Hooks Class Initialized
DEBUG - 2024-12-11 14:17:05 --> UTF-8 Support Enabled
INFO - 2024-12-11 14:17:05 --> Utf8 Class Initialized
INFO - 2024-12-11 14:17:05 --> URI Class Initialized
INFO - 2024-12-11 14:17:05 --> Router Class Initialized
INFO - 2024-12-11 14:17:05 --> Output Class Initialized
INFO - 2024-12-11 14:17:05 --> Security Class Initialized
DEBUG - 2024-12-11 14:17:05 --> Global POST, GET and COOKIE data sanitized
INFO - 2024-12-11 14:17:05 --> Input Class Initialized
INFO - 2024-12-11 14:17:05 --> Language Class Initialized
INFO - 2024-12-11 14:17:05 --> Loader Class Initialized
INFO - 2024-12-11 14:17:05 --> Helper loaded: url_helper
INFO - 2024-12-11 14:17:05 --> Database Driver Class Initialized
INFO - 2024-12-11 14:17:05 --> Controller Class Initialized
INFO - 2024-12-11 14:17:05 --> Model "Mconfigkey" initialized
INFO - 2024-12-11 14:17:05 --> Model "Mgoods_in" initialized
INFO - 2024-12-11 14:17:05 --> Final output sent to browser
DEBUG - 2024-12-11 14:17:05 --> Total execution time: 0.0391
INFO - 2024-12-11 14:17:06 --> Config Class Initialized
INFO - 2024-12-11 14:17:06 --> Hooks Class Initialized
DEBUG - 2024-12-11 14:17:06 --> UTF-8 Support Enabled
INFO - 2024-12-11 14:17:06 --> Utf8 Class Initialized
INFO - 2024-12-11 14:17:06 --> URI Class Initialized
INFO - 2024-12-11 14:17:06 --> Router Class Initialized
INFO - 2024-12-11 14:17:06 --> Output Class Initialized
INFO - 2024-12-11 14:17:06 --> Security Class Initialized
DEBUG - 2024-12-11 14:17:06 --> Global POST, GET and COOKIE data sanitized
INFO - 2024-12-11 14:17:06 --> Input Class Initialized
INFO - 2024-12-11 14:17:06 --> Language Class Initialized
INFO - 2024-12-11 14:17:06 --> Loader Class Initialized
INFO - 2024-12-11 14:17:06 --> Helper loaded: url_helper
INFO - 2024-12-11 14:17:06 --> Database Driver Class Initialized
INFO - 2024-12-11 14:17:06 --> Controller Class Initialized
INFO - 2024-12-11 14:17:06 --> Model "Mconfigkey" initialized
INFO - 2024-12-11 14:17:06 --> Model "Mgoods_in" initialized
INFO - 2024-12-11 14:17:06 --> Final output sent to browser
DEBUG - 2024-12-11 14:17:06 --> Total execution time: 0.0422
INFO - 2024-12-11 14:17:07 --> Config Class Initialized
INFO - 2024-12-11 14:17:07 --> Hooks Class Initialized
DEBUG - 2024-12-11 14:17:07 --> UTF-8 Support Enabled
INFO - 2024-12-11 14:17:07 --> Utf8 Class Initialized
INFO - 2024-12-11 14:17:07 --> URI Class Initialized
INFO - 2024-12-11 14:17:07 --> Router Class Initialized
INFO - 2024-12-11 14:17:07 --> Output Class Initialized
INFO - 2024-12-11 14:17:07 --> Security Class Initialized
DEBUG - 2024-12-11 14:17:07 --> Global POST, GET and COOKIE data sanitized
INFO - 2024-12-11 14:17:07 --> Input Class Initialized
INFO - 2024-12-11 14:17:07 --> Language Class Initialized
INFO - 2024-12-11 14:17:07 --> Loader Class Initialized
INFO - 2024-12-11 14:17:07 --> Helper loaded: url_helper
INFO - 2024-12-11 14:17:07 --> Database Driver Class Initialized
INFO - 2024-12-11 14:17:07 --> Controller Class Initialized
INFO - 2024-12-11 14:17:07 --> Model "Mconfigkey" initialized
INFO - 2024-12-11 14:17:07 --> Model "Mgoods_in" initialized
INFO - 2024-12-11 14:17:07 --> Final output sent to browser
DEBUG - 2024-12-11 14:17:07 --> Total execution time: 0.0372
INFO - 2024-12-11 14:17:39 --> Config Class Initialized
INFO - 2024-12-11 14:17:39 --> Hooks Class Initialized
DEBUG - 2024-12-11 14:17:39 --> UTF-8 Support Enabled
INFO - 2024-12-11 14:17:39 --> Utf8 Class Initialized
INFO - 2024-12-11 14:17:39 --> URI Class Initialized
INFO - 2024-12-11 14:17:39 --> Router Class Initialized
INFO - 2024-12-11 14:17:39 --> Output Class Initialized
INFO - 2024-12-11 14:17:39 --> Security Class Initialized
DEBUG - 2024-12-11 14:17:39 --> Global POST, GET and COOKIE data sanitized
INFO - 2024-12-11 14:17:39 --> Input Class Initialized
INFO - 2024-12-11 14:17:39 --> Language Class Initialized
INFO - 2024-12-11 14:17:39 --> Loader Class Initialized
INFO - 2024-12-11 14:17:39 --> Helper loaded: url_helper
INFO - 2024-12-11 14:17:39 --> Database Driver Class Initialized
INFO - 2024-12-11 14:17:39 --> Controller Class Initialized
INFO - 2024-12-11 14:17:39 --> Model "Mconfigkey" initialized
INFO - 2024-12-11 14:17:39 --> Model "Mgoods_in" initialized
INFO - 2024-12-11 14:17:39 --> Final output sent to browser
DEBUG - 2024-12-11 14:17:39 --> Total execution time: 0.0280
INFO - 2024-12-11 14:17:41 --> Config Class Initialized
INFO - 2024-12-11 14:17:41 --> Hooks Class Initialized
DEBUG - 2024-12-11 14:17:41 --> UTF-8 Support Enabled
INFO - 2024-12-11 14:17:41 --> Utf8 Class Initialized
INFO - 2024-12-11 14:17:41 --> URI Class Initialized
INFO - 2024-12-11 14:17:41 --> Router Class Initialized
INFO - 2024-12-11 14:17:41 --> Output Class Initialized
INFO - 2024-12-11 14:17:41 --> Security Class Initialized
DEBUG - 2024-12-11 14:17:41 --> Global POST, GET and COOKIE data sanitized
INFO - 2024-12-11 14:17:41 --> Input Class Initialized
INFO - 2024-12-11 14:17:41 --> Language Class Initialized
INFO - 2024-12-11 14:17:41 --> Loader Class Initialized
INFO - 2024-12-11 14:17:41 --> Helper loaded: url_helper
INFO - 2024-12-11 14:17:41 --> Database Driver Class Initialized
INFO - 2024-12-11 14:17:41 --> Controller Class Initialized
INFO - 2024-12-11 14:17:41 --> Model "Mconfigkey" initialized
INFO - 2024-12-11 14:17:41 --> Model "Mgoods_in" initialized
INFO - 2024-12-11 14:17:41 --> Final output sent to browser
DEBUG - 2024-12-11 14:17:41 --> Total execution time: 0.0248
INFO - 2024-12-11 15:14:28 --> Config Class Initialized
INFO - 2024-12-11 15:14:28 --> Hooks Class Initialized
DEBUG - 2024-12-11 15:14:28 --> UTF-8 Support Enabled
INFO - 2024-12-11 15:14:28 --> Utf8 Class Initialized
INFO - 2024-12-11 15:14:28 --> URI Class Initialized
INFO - 2024-12-11 15:14:28 --> Router Class Initialized
INFO - 2024-12-11 15:14:28 --> Output Class Initialized
INFO - 2024-12-11 15:14:28 --> Security Class Initialized
DEBUG - 2024-12-11 15:14:28 --> Global POST, GET and COOKIE data sanitized
INFO - 2024-12-11 15:14:28 --> Input Class Initialized
INFO - 2024-12-11 15:14:28 --> Language Class Initialized
INFO - 2024-12-11 15:14:28 --> Loader Class Initialized
INFO - 2024-12-11 15:14:28 --> Helper loaded: url_helper
INFO - 2024-12-11 15:14:28 --> Database Driver Class Initialized
INFO - 2024-12-11 15:14:28 --> Controller Class Initialized
INFO - 2024-12-11 15:14:28 --> Model "Mconfigkey" initialized
INFO - 2024-12-11 15:14:28 --> Final output sent to browser
DEBUG - 2024-12-11 15:14:28 --> Total execution time: 0.0253
INFO - 2024-12-11 15:14:40 --> Config Class Initialized
INFO - 2024-12-11 15:14:40 --> Hooks Class Initialized
DEBUG - 2024-12-11 15:14:40 --> UTF-8 Support Enabled
INFO - 2024-12-11 15:14:40 --> Utf8 Class Initialized
INFO - 2024-12-11 15:14:40 --> URI Class Initialized
INFO - 2024-12-11 15:14:40 --> Router Class Initialized
INFO - 2024-12-11 15:14:40 --> Output Class Initialized
INFO - 2024-12-11 15:14:40 --> Security Class Initialized
DEBUG - 2024-12-11 15:14:40 --> Global POST, GET and COOKIE data sanitized
INFO - 2024-12-11 15:14:40 --> Input Class Initialized
INFO - 2024-12-11 15:14:40 --> Language Class Initialized
INFO - 2024-12-11 15:14:40 --> Loader Class Initialized
INFO - 2024-12-11 15:14:40 --> Helper loaded: url_helper
INFO - 2024-12-11 15:14:40 --> Database Driver Class Initialized
INFO - 2024-12-11 15:14:40 --> Controller Class Initialized
INFO - 2024-12-11 15:14:40 --> Model "Mauth" initialized
INFO - 2024-12-11 15:14:40 --> Model "Mconfigkey" initialized
INFO - 2024-12-11 15:14:40 --> Final output sent to browser
DEBUG - 2024-12-11 15:14:40 --> Total execution time: 0.0323
INFO - 2024-12-11 15:15:04 --> Config Class Initialized
INFO - 2024-12-11 15:15:04 --> Hooks Class Initialized
DEBUG - 2024-12-11 15:15:04 --> UTF-8 Support Enabled
INFO - 2024-12-11 15:15:04 --> Utf8 Class Initialized
INFO - 2024-12-11 15:15:04 --> URI Class Initialized
INFO - 2024-12-11 15:15:04 --> Router Class Initialized
INFO - 2024-12-11 15:15:04 --> Output Class Initialized
INFO - 2024-12-11 15:15:04 --> Security Class Initialized
DEBUG - 2024-12-11 15:15:04 --> Global POST, GET and COOKIE data sanitized
INFO - 2024-12-11 15:15:04 --> Input Class Initialized
INFO - 2024-12-11 15:15:04 --> Language Class Initialized
INFO - 2024-12-11 15:15:04 --> Loader Class Initialized
INFO - 2024-12-11 15:15:04 --> Helper loaded: url_helper
INFO - 2024-12-11 15:15:04 --> Database Driver Class Initialized
INFO - 2024-12-11 15:15:04 --> Controller Class Initialized
INFO - 2024-12-11 15:15:04 --> Model "Mconfigkey" initialized
INFO - 2024-12-11 15:15:04 --> Model "Msync_doc_aw" initialized
INFO - 2024-12-11 15:15:04 --> Final output sent to browser
DEBUG - 2024-12-11 15:15:04 --> Total execution time: 0.0992
INFO - 2024-12-11 15:15:56 --> Config Class Initialized
INFO - 2024-12-11 15:15:56 --> Hooks Class Initialized
DEBUG - 2024-12-11 15:15:56 --> UTF-8 Support Enabled
INFO - 2024-12-11 15:15:56 --> Utf8 Class Initialized
INFO - 2024-12-11 15:15:56 --> URI Class Initialized
INFO - 2024-12-11 15:15:56 --> Router Class Initialized
INFO - 2024-12-11 15:15:56 --> Output Class Initialized
INFO - 2024-12-11 15:15:56 --> Security Class Initialized
DEBUG - 2024-12-11 15:15:56 --> Global POST, GET and COOKIE data sanitized
INFO - 2024-12-11 15:15:56 --> Input Class Initialized
INFO - 2024-12-11 15:15:56 --> Language Class Initialized
INFO - 2024-12-11 15:15:56 --> Loader Class Initialized
INFO - 2024-12-11 15:15:56 --> Helper loaded: url_helper
INFO - 2024-12-11 15:15:56 --> Database Driver Class Initialized
INFO - 2024-12-11 15:15:56 --> Controller Class Initialized
INFO - 2024-12-11 15:15:56 --> Model "Mconfigkey" initialized
INFO - 2024-12-11 15:15:56 --> Model "Msync_doc_aw" initialized
INFO - 2024-12-11 15:15:56 --> Final output sent to browser
DEBUG - 2024-12-11 15:15:56 --> Total execution time: 0.0254
INFO - 2024-12-11 15:16:06 --> Config Class Initialized
INFO - 2024-12-11 15:16:06 --> Hooks Class Initialized
DEBUG - 2024-12-11 15:16:06 --> UTF-8 Support Enabled
INFO - 2024-12-11 15:16:06 --> Utf8 Class Initialized
INFO - 2024-12-11 15:16:06 --> URI Class Initialized
INFO - 2024-12-11 15:16:06 --> Router Class Initialized
INFO - 2024-12-11 15:16:06 --> Output Class Initialized
INFO - 2024-12-11 15:16:06 --> Security Class Initialized
DEBUG - 2024-12-11 15:16:06 --> Global POST, GET and COOKIE data sanitized
INFO - 2024-12-11 15:16:06 --> Input Class Initialized
INFO - 2024-12-11 15:16:06 --> Language Class Initialized
INFO - 2024-12-11 15:16:06 --> Loader Class Initialized
INFO - 2024-12-11 15:16:06 --> Helper loaded: url_helper
INFO - 2024-12-11 15:16:06 --> Database Driver Class Initialized
INFO - 2024-12-11 15:16:06 --> Controller Class Initialized
INFO - 2024-12-11 15:16:06 --> Model "Mconfigkey" initialized
INFO - 2024-12-11 15:16:06 --> Model "Msync_doc_aw" initialized
INFO - 2024-12-11 15:16:06 --> Final output sent to browser
DEBUG - 2024-12-11 15:16:06 --> Total execution time: 0.0268
INFO - 2024-12-11 15:16:06 --> Config Class Initialized
INFO - 2024-12-11 15:16:06 --> Hooks Class Initialized
DEBUG - 2024-12-11 15:16:06 --> UTF-8 Support Enabled
INFO - 2024-12-11 15:16:06 --> Utf8 Class Initialized
INFO - 2024-12-11 15:16:06 --> URI Class Initialized
INFO - 2024-12-11 15:16:06 --> Router Class Initialized
INFO - 2024-12-11 15:16:06 --> Output Class Initialized
INFO - 2024-12-11 15:16:06 --> Security Class Initialized
DEBUG - 2024-12-11 15:16:06 --> Global POST, GET and COOKIE data sanitized
INFO - 2024-12-11 15:16:06 --> Input Class Initialized
INFO - 2024-12-11 15:16:06 --> Language Class Initialized
INFO - 2024-12-11 15:16:06 --> Loader Class Initialized
INFO - 2024-12-11 15:16:06 --> Helper loaded: url_helper
INFO - 2024-12-11 15:16:06 --> Database Driver Class Initialized
INFO - 2024-12-11 15:16:06 --> Controller Class Initialized
INFO - 2024-12-11 15:16:06 --> Model "Mconfigkey" initialized
INFO - 2024-12-11 15:16:06 --> Model "Msync_doc_aw" initialized
INFO - 2024-12-11 15:16:06 --> Final output sent to browser
DEBUG - 2024-12-11 15:16:06 --> Total execution time: 0.0308
INFO - 2024-12-11 15:16:29 --> Config Class Initialized
INFO - 2024-12-11 15:16:29 --> Hooks Class Initialized
DEBUG - 2024-12-11 15:16:29 --> UTF-8 Support Enabled
INFO - 2024-12-11 15:16:29 --> Utf8 Class Initialized
INFO - 2024-12-11 15:16:29 --> URI Class Initialized
INFO - 2024-12-11 15:16:29 --> Router Class Initialized
INFO - 2024-12-11 15:16:29 --> Output Class Initialized
INFO - 2024-12-11 15:16:29 --> Security Class Initialized
DEBUG - 2024-12-11 15:16:29 --> Global POST, GET and COOKIE data sanitized
INFO - 2024-12-11 15:16:29 --> Input Class Initialized
INFO - 2024-12-11 15:16:29 --> Language Class Initialized
INFO - 2024-12-11 15:16:29 --> Loader Class Initialized
INFO - 2024-12-11 15:16:29 --> Helper loaded: url_helper
INFO - 2024-12-11 15:16:29 --> Database Driver Class Initialized
INFO - 2024-12-11 15:16:29 --> Controller Class Initialized
INFO - 2024-12-11 15:16:29 --> Model "Mconfigkey" initialized
INFO - 2024-12-11 15:16:29 --> Model "Msync_doc_aw" initialized
INFO - 2024-12-11 15:16:29 --> Final output sent to browser
DEBUG - 2024-12-11 15:16:29 --> Total execution time: 0.0301
INFO - 2024-12-11 15:16:47 --> Config Class Initialized
INFO - 2024-12-11 15:16:47 --> Hooks Class Initialized
DEBUG - 2024-12-11 15:16:47 --> UTF-8 Support Enabled
INFO - 2024-12-11 15:16:47 --> Utf8 Class Initialized
INFO - 2024-12-11 15:16:47 --> URI Class Initialized
INFO - 2024-12-11 15:16:47 --> Router Class Initialized
INFO - 2024-12-11 15:16:47 --> Output Class Initialized
INFO - 2024-12-11 15:16:47 --> Security Class Initialized
DEBUG - 2024-12-11 15:16:47 --> Global POST, GET and COOKIE data sanitized
INFO - 2024-12-11 15:16:47 --> Input Class Initialized
INFO - 2024-12-11 15:16:47 --> Language Class Initialized
INFO - 2024-12-11 15:16:47 --> Loader Class Initialized
INFO - 2024-12-11 15:16:47 --> Helper loaded: url_helper
INFO - 2024-12-11 15:16:47 --> Database Driver Class Initialized
INFO - 2024-12-11 15:16:47 --> Controller Class Initialized
INFO - 2024-12-11 15:16:47 --> Model "Mconfigkey" initialized
INFO - 2024-12-11 15:16:47 --> Model "Mbcout_27" initialized
INFO - 2024-12-11 15:16:48 --> Final output sent to browser
DEBUG - 2024-12-11 15:16:48 --> Total execution time: 0.1038
INFO - 2024-12-11 15:16:50 --> Config Class Initialized
INFO - 2024-12-11 15:16:50 --> Hooks Class Initialized
DEBUG - 2024-12-11 15:16:50 --> UTF-8 Support Enabled
INFO - 2024-12-11 15:16:50 --> Utf8 Class Initialized
INFO - 2024-12-11 15:16:50 --> URI Class Initialized
INFO - 2024-12-11 15:16:50 --> Router Class Initialized
INFO - 2024-12-11 15:16:50 --> Output Class Initialized
INFO - 2024-12-11 15:16:50 --> Security Class Initialized
DEBUG - 2024-12-11 15:16:50 --> Global POST, GET and COOKIE data sanitized
INFO - 2024-12-11 15:16:50 --> Input Class Initialized
INFO - 2024-12-11 15:16:50 --> Language Class Initialized
INFO - 2024-12-11 15:16:50 --> Loader Class Initialized
INFO - 2024-12-11 15:16:50 --> Helper loaded: url_helper
INFO - 2024-12-11 15:16:50 --> Database Driver Class Initialized
INFO - 2024-12-11 15:16:50 --> Controller Class Initialized
INFO - 2024-12-11 15:16:50 --> Model "Mconfigkey" initialized
INFO - 2024-12-11 15:16:50 --> Model "Mbcout_27" initialized
INFO - 2024-12-11 15:16:50 --> Final output sent to browser
DEBUG - 2024-12-11 15:16:50 --> Total execution time: 0.0229
INFO - 2024-12-11 15:17:28 --> Config Class Initialized
INFO - 2024-12-11 15:17:28 --> Hooks Class Initialized
DEBUG - 2024-12-11 15:17:28 --> UTF-8 Support Enabled
INFO - 2024-12-11 15:17:28 --> Utf8 Class Initialized
INFO - 2024-12-11 15:17:28 --> URI Class Initialized
INFO - 2024-12-11 15:17:28 --> Router Class Initialized
INFO - 2024-12-11 15:17:28 --> Output Class Initialized
INFO - 2024-12-11 15:17:28 --> Security Class Initialized
DEBUG - 2024-12-11 15:17:28 --> Global POST, GET and COOKIE data sanitized
INFO - 2024-12-11 15:17:28 --> Input Class Initialized
INFO - 2024-12-11 15:17:28 --> Language Class Initialized
INFO - 2024-12-11 15:17:28 --> Loader Class Initialized
INFO - 2024-12-11 15:17:28 --> Helper loaded: url_helper
INFO - 2024-12-11 15:17:28 --> Database Driver Class Initialized
INFO - 2024-12-11 15:17:28 --> Controller Class Initialized
INFO - 2024-12-11 15:17:28 --> Model "Mconfigkey" initialized
INFO - 2024-12-11 15:17:28 --> Model "Mportal_data" initialized
INFO - 2024-12-11 15:17:28 --> Final output sent to browser
DEBUG - 2024-12-11 15:17:28 --> Total execution time: 0.0389
INFO - 2024-12-11 15:18:01 --> Config Class Initialized
INFO - 2024-12-11 15:18:01 --> Hooks Class Initialized
DEBUG - 2024-12-11 15:18:01 --> UTF-8 Support Enabled
INFO - 2024-12-11 15:18:01 --> Utf8 Class Initialized
INFO - 2024-12-11 15:18:01 --> URI Class Initialized
INFO - 2024-12-11 15:18:01 --> Router Class Initialized
INFO - 2024-12-11 15:18:01 --> Output Class Initialized
INFO - 2024-12-11 15:18:01 --> Security Class Initialized
DEBUG - 2024-12-11 15:18:01 --> Global POST, GET and COOKIE data sanitized
INFO - 2024-12-11 15:18:01 --> Input Class Initialized
INFO - 2024-12-11 15:18:01 --> Language Class Initialized
INFO - 2024-12-11 15:18:01 --> Loader Class Initialized
INFO - 2024-12-11 15:18:01 --> Helper loaded: url_helper
INFO - 2024-12-11 15:18:01 --> Database Driver Class Initialized
INFO - 2024-12-11 15:18:01 --> Controller Class Initialized
INFO - 2024-12-11 15:18:01 --> Model "Mconfigkey" initialized
INFO - 2024-12-11 15:18:01 --> Model "Mportal_data" initialized
INFO - 2024-12-11 15:18:01 --> Final output sent to browser
DEBUG - 2024-12-11 15:18:01 --> Total execution time: 0.0504
INFO - 2024-12-11 15:18:09 --> Config Class Initialized
INFO - 2024-12-11 15:18:09 --> Hooks Class Initialized
DEBUG - 2024-12-11 15:18:09 --> UTF-8 Support Enabled
INFO - 2024-12-11 15:18:09 --> Utf8 Class Initialized
INFO - 2024-12-11 15:18:09 --> URI Class Initialized
INFO - 2024-12-11 15:18:09 --> Router Class Initialized
INFO - 2024-12-11 15:18:09 --> Output Class Initialized
INFO - 2024-12-11 15:18:09 --> Security Class Initialized
DEBUG - 2024-12-11 15:18:09 --> Global POST, GET and COOKIE data sanitized
INFO - 2024-12-11 15:18:09 --> Input Class Initialized
INFO - 2024-12-11 15:18:09 --> Language Class Initialized
INFO - 2024-12-11 15:18:09 --> Loader Class Initialized
INFO - 2024-12-11 15:18:09 --> Helper loaded: url_helper
INFO - 2024-12-11 15:18:09 --> Database Driver Class Initialized
INFO - 2024-12-11 15:18:09 --> Controller Class Initialized
INFO - 2024-12-11 15:18:09 --> Model "Mconfigkey" initialized
ERROR - 2024-12-11 15:18:09 --> Severity: Warning --> array_merge(): Expected parameter 1 to be an array, null given D:\xampp\htdocs\plb\dummyservice\application\controllers\PortalApi.php 51
INFO - 2024-12-11 15:18:10 --> Final output sent to browser
DEBUG - 2024-12-11 15:18:10 --> Total execution time: 1.1124
INFO - 2024-12-11 15:18:24 --> Config Class Initialized
INFO - 2024-12-11 15:18:24 --> Hooks Class Initialized
DEBUG - 2024-12-11 15:18:24 --> UTF-8 Support Enabled
INFO - 2024-12-11 15:18:24 --> Utf8 Class Initialized
INFO - 2024-12-11 15:18:24 --> URI Class Initialized
INFO - 2024-12-11 15:18:24 --> Router Class Initialized
INFO - 2024-12-11 15:18:24 --> Output Class Initialized
INFO - 2024-12-11 15:18:24 --> Security Class Initialized
DEBUG - 2024-12-11 15:18:24 --> Global POST, GET and COOKIE data sanitized
INFO - 2024-12-11 15:18:24 --> Input Class Initialized
INFO - 2024-12-11 15:18:24 --> Language Class Initialized
INFO - 2024-12-11 15:18:24 --> Loader Class Initialized
INFO - 2024-12-11 15:18:24 --> Helper loaded: url_helper
INFO - 2024-12-11 15:18:24 --> Database Driver Class Initialized
INFO - 2024-12-11 15:18:24 --> Controller Class Initialized
INFO - 2024-12-11 15:18:24 --> Model "Mconfigkey" initialized
ERROR - 2024-12-11 15:18:24 --> Severity: Warning --> array_merge(): Expected parameter 1 to be an array, null given D:\xampp\htdocs\plb\dummyservice\application\controllers\PortalApiPlb.php 51
INFO - 2024-12-11 15:18:25 --> Final output sent to browser
DEBUG - 2024-12-11 15:18:25 --> Total execution time: 1.0743
INFO - 2024-12-11 15:19:04 --> Config Class Initialized
INFO - 2024-12-11 15:19:04 --> Hooks Class Initialized
DEBUG - 2024-12-11 15:19:04 --> UTF-8 Support Enabled
INFO - 2024-12-11 15:19:04 --> Utf8 Class Initialized
INFO - 2024-12-11 15:19:04 --> URI Class Initialized
INFO - 2024-12-11 15:19:04 --> Router Class Initialized
INFO - 2024-12-11 15:19:04 --> Output Class Initialized
INFO - 2024-12-11 15:19:04 --> Security Class Initialized
DEBUG - 2024-12-11 15:19:04 --> Global POST, GET and COOKIE data sanitized
INFO - 2024-12-11 15:19:04 --> Input Class Initialized
INFO - 2024-12-11 15:19:04 --> Language Class Initialized
INFO - 2024-12-11 15:19:04 --> Loader Class Initialized
INFO - 2024-12-11 15:19:04 --> Helper loaded: url_helper
INFO - 2024-12-11 15:19:04 --> Database Driver Class Initialized
INFO - 2024-12-11 15:19:04 --> Controller Class Initialized
INFO - 2024-12-11 15:19:04 --> Model "Mconfigkey" initialized
ERROR - 2024-12-11 15:19:04 --> Severity: Warning --> array_merge(): Expected parameter 1 to be an array, null given D:\xampp\htdocs\plb\dummyservice\application\controllers\PortalApi.php 51
INFO - 2024-12-11 15:19:05 --> Final output sent to browser
DEBUG - 2024-12-11 15:19:05 --> Total execution time: 1.0110
INFO - 2024-12-11 15:19:15 --> Config Class Initialized
INFO - 2024-12-11 15:19:15 --> Hooks Class Initialized
DEBUG - 2024-12-11 15:19:15 --> UTF-8 Support Enabled
INFO - 2024-12-11 15:19:15 --> Utf8 Class Initialized
INFO - 2024-12-11 15:19:15 --> URI Class Initialized
INFO - 2024-12-11 15:19:15 --> Router Class Initialized
INFO - 2024-12-11 15:19:15 --> Output Class Initialized
INFO - 2024-12-11 15:19:15 --> Security Class Initialized
DEBUG - 2024-12-11 15:19:15 --> Global POST, GET and COOKIE data sanitized
INFO - 2024-12-11 15:19:15 --> Input Class Initialized
INFO - 2024-12-11 15:19:15 --> Language Class Initialized
INFO - 2024-12-11 15:19:15 --> Loader Class Initialized
INFO - 2024-12-11 15:19:15 --> Helper loaded: url_helper
INFO - 2024-12-11 15:19:15 --> Database Driver Class Initialized
INFO - 2024-12-11 15:19:15 --> Controller Class Initialized
INFO - 2024-12-11 15:19:15 --> Model "Mconfigkey" initialized
INFO - 2024-12-11 15:19:15 --> Final output sent to browser
DEBUG - 2024-12-11 15:19:15 --> Total execution time: 0.1786
INFO - 2024-12-11 15:19:42 --> Config Class Initialized
INFO - 2024-12-11 15:19:42 --> Hooks Class Initialized
DEBUG - 2024-12-11 15:19:42 --> UTF-8 Support Enabled
INFO - 2024-12-11 15:19:42 --> Utf8 Class Initialized
INFO - 2024-12-11 15:19:42 --> URI Class Initialized
INFO - 2024-12-11 15:19:42 --> Router Class Initialized
INFO - 2024-12-11 15:19:42 --> Output Class Initialized
INFO - 2024-12-11 15:19:42 --> Security Class Initialized
DEBUG - 2024-12-11 15:19:42 --> Global POST, GET and COOKIE data sanitized
INFO - 2024-12-11 15:19:42 --> Input Class Initialized
INFO - 2024-12-11 15:19:42 --> Language Class Initialized
INFO - 2024-12-11 15:19:42 --> Loader Class Initialized
INFO - 2024-12-11 15:19:42 --> Helper loaded: url_helper
INFO - 2024-12-11 15:19:42 --> Database Driver Class Initialized
INFO - 2024-12-11 15:19:42 --> Controller Class Initialized
INFO - 2024-12-11 15:19:42 --> Model "Mconfigkey" initialized
ERROR - 2024-12-11 15:19:42 --> Severity: Warning --> array_merge(): Expected parameter 1 to be an array, null given D:\xampp\htdocs\plb\dummyservice\application\controllers\PortalApiPlb.php 51
INFO - 2024-12-11 15:19:43 --> Final output sent to browser
DEBUG - 2024-12-11 15:19:43 --> Total execution time: 0.5996
INFO - 2024-12-11 18:14:26 --> Config Class Initialized
INFO - 2024-12-11 18:14:26 --> Hooks Class Initialized
DEBUG - 2024-12-11 18:14:26 --> UTF-8 Support Enabled
INFO - 2024-12-11 18:14:26 --> Utf8 Class Initialized
INFO - 2024-12-11 18:14:26 --> URI Class Initialized
INFO - 2024-12-11 18:14:26 --> Router Class Initialized
INFO - 2024-12-11 18:14:26 --> Output Class Initialized
INFO - 2024-12-11 18:14:26 --> Security Class Initialized
DEBUG - 2024-12-11 18:14:26 --> Global POST, GET and COOKIE data sanitized
INFO - 2024-12-11 18:14:26 --> Input Class Initialized
INFO - 2024-12-11 18:14:26 --> Language Class Initialized
INFO - 2024-12-11 18:14:27 --> Loader Class Initialized
INFO - 2024-12-11 18:14:27 --> Helper loaded: url_helper
INFO - 2024-12-11 18:14:27 --> Database Driver Class Initialized
INFO - 2024-12-11 18:14:27 --> Controller Class Initialized
INFO - 2024-12-11 18:14:27 --> Model "Mconfigkey" initialized
INFO - 2024-12-11 18:14:27 --> Final output sent to browser
DEBUG - 2024-12-11 18:14:27 --> Total execution time: 0.3450
INFO - 2024-12-11 18:14:34 --> Config Class Initialized
INFO - 2024-12-11 18:14:34 --> Hooks Class Initialized
DEBUG - 2024-12-11 18:14:34 --> UTF-8 Support Enabled
INFO - 2024-12-11 18:14:34 --> Utf8 Class Initialized
INFO - 2024-12-11 18:14:34 --> URI Class Initialized
INFO - 2024-12-11 18:14:34 --> Router Class Initialized
INFO - 2024-12-11 18:14:34 --> Output Class Initialized
INFO - 2024-12-11 18:14:34 --> Security Class Initialized
DEBUG - 2024-12-11 18:14:34 --> Global POST, GET and COOKIE data sanitized
INFO - 2024-12-11 18:14:34 --> Input Class Initialized
INFO - 2024-12-11 18:14:34 --> Language Class Initialized
INFO - 2024-12-11 18:14:34 --> Loader Class Initialized
INFO - 2024-12-11 18:14:34 --> Helper loaded: url_helper
INFO - 2024-12-11 18:14:34 --> Database Driver Class Initialized
INFO - 2024-12-11 18:14:34 --> Controller Class Initialized
INFO - 2024-12-11 18:14:34 --> Model "Mauth" initialized
INFO - 2024-12-11 18:14:34 --> Model "Mconfigkey" initialized
INFO - 2024-12-11 18:14:34 --> Final output sent to browser
DEBUG - 2024-12-11 18:14:34 --> Total execution time: 0.0283
INFO - 2024-12-11 18:14:42 --> Config Class Initialized
INFO - 2024-12-11 18:14:42 --> Hooks Class Initialized
DEBUG - 2024-12-11 18:14:42 --> UTF-8 Support Enabled
INFO - 2024-12-11 18:14:42 --> Utf8 Class Initialized
INFO - 2024-12-11 18:14:42 --> URI Class Initialized
INFO - 2024-12-11 18:14:42 --> Router Class Initialized
INFO - 2024-12-11 18:14:42 --> Output Class Initialized
INFO - 2024-12-11 18:14:42 --> Security Class Initialized
DEBUG - 2024-12-11 18:14:42 --> Global POST, GET and COOKIE data sanitized
INFO - 2024-12-11 18:14:42 --> Input Class Initialized
INFO - 2024-12-11 18:14:42 --> Language Class Initialized
INFO - 2024-12-11 18:14:42 --> Loader Class Initialized
INFO - 2024-12-11 18:14:42 --> Helper loaded: url_helper
INFO - 2024-12-11 18:14:42 --> Database Driver Class Initialized
INFO - 2024-12-11 18:14:42 --> Controller Class Initialized
INFO - 2024-12-11 18:14:42 --> Model "Mconfigkey" initialized
INFO - 2024-12-11 18:14:42 --> Model "Mportal_data" initialized
INFO - 2024-12-11 18:14:42 --> Final output sent to browser
DEBUG - 2024-12-11 18:14:42 --> Total execution time: 0.0366
INFO - 2024-12-11 18:15:46 --> Config Class Initialized
INFO - 2024-12-11 18:15:46 --> Hooks Class Initialized
DEBUG - 2024-12-11 18:15:46 --> UTF-8 Support Enabled
INFO - 2024-12-11 18:15:46 --> Utf8 Class Initialized
INFO - 2024-12-11 18:15:46 --> URI Class Initialized
INFO - 2024-12-11 18:15:46 --> Router Class Initialized
INFO - 2024-12-11 18:15:46 --> Output Class Initialized
INFO - 2024-12-11 18:15:46 --> Security Class Initialized
DEBUG - 2024-12-11 18:15:46 --> Global POST, GET and COOKIE data sanitized
INFO - 2024-12-11 18:15:46 --> Input Class Initialized
INFO - 2024-12-11 18:15:46 --> Language Class Initialized
INFO - 2024-12-11 18:15:46 --> Loader Class Initialized
INFO - 2024-12-11 18:15:46 --> Helper loaded: url_helper
INFO - 2024-12-11 18:15:46 --> Database Driver Class Initialized
INFO - 2024-12-11 18:15:46 --> Controller Class Initialized
INFO - 2024-12-11 18:15:46 --> Model "Mconfigkey" initialized
INFO - 2024-12-11 18:15:47 --> Final output sent to browser
DEBUG - 2024-12-11 18:15:47 --> Total execution time: 0.3604
INFO - 2024-12-11 18:16:10 --> Config Class Initialized
INFO - 2024-12-11 18:16:10 --> Hooks Class Initialized
DEBUG - 2024-12-11 18:16:10 --> UTF-8 Support Enabled
INFO - 2024-12-11 18:16:10 --> Utf8 Class Initialized
INFO - 2024-12-11 18:16:10 --> URI Class Initialized
INFO - 2024-12-11 18:16:10 --> Router Class Initialized
INFO - 2024-12-11 18:16:10 --> Output Class Initialized
INFO - 2024-12-11 18:16:10 --> Security Class Initialized
DEBUG - 2024-12-11 18:16:10 --> Global POST, GET and COOKIE data sanitized
INFO - 2024-12-11 18:16:10 --> Input Class Initialized
INFO - 2024-12-11 18:16:10 --> Language Class Initialized
INFO - 2024-12-11 18:16:10 --> Loader Class Initialized
INFO - 2024-12-11 18:16:10 --> Helper loaded: url_helper
INFO - 2024-12-11 18:16:10 --> Database Driver Class Initialized
INFO - 2024-12-11 18:16:10 --> Controller Class Initialized
INFO - 2024-12-11 18:16:10 --> Model "Mconfigkey" initialized
INFO - 2024-12-11 18:16:10 --> Final output sent to browser
DEBUG - 2024-12-11 18:16:10 --> Total execution time: 0.1782
INFO - 2024-12-11 18:16:33 --> Config Class Initialized
INFO - 2024-12-11 18:16:33 --> Hooks Class Initialized
DEBUG - 2024-12-11 18:16:33 --> UTF-8 Support Enabled
INFO - 2024-12-11 18:16:33 --> Utf8 Class Initialized
INFO - 2024-12-11 18:16:33 --> URI Class Initialized
INFO - 2024-12-11 18:16:33 --> Router Class Initialized
INFO - 2024-12-11 18:16:33 --> Output Class Initialized
INFO - 2024-12-11 18:16:33 --> Security Class Initialized
DEBUG - 2024-12-11 18:16:33 --> Global POST, GET and COOKIE data sanitized
INFO - 2024-12-11 18:16:33 --> Input Class Initialized
INFO - 2024-12-11 18:16:33 --> Language Class Initialized
INFO - 2024-12-11 18:16:33 --> Loader Class Initialized
INFO - 2024-12-11 18:16:33 --> Helper loaded: url_helper
INFO - 2024-12-11 18:16:33 --> Database Driver Class Initialized
INFO - 2024-12-11 18:16:33 --> Controller Class Initialized
INFO - 2024-12-11 18:16:33 --> Model "Mconfigkey" initialized
INFO - 2024-12-11 18:16:33 --> Final output sent to browser
DEBUG - 2024-12-11 18:16:33 --> Total execution time: 0.2236
INFO - 2024-12-11 18:16:36 --> Config Class Initialized
INFO - 2024-12-11 18:16:36 --> Hooks Class Initialized
DEBUG - 2024-12-11 18:16:36 --> UTF-8 Support Enabled
INFO - 2024-12-11 18:16:36 --> Utf8 Class Initialized
INFO - 2024-12-11 18:16:36 --> URI Class Initialized
INFO - 2024-12-11 18:16:36 --> Router Class Initialized
INFO - 2024-12-11 18:16:36 --> Output Class Initialized
INFO - 2024-12-11 18:16:36 --> Security Class Initialized
DEBUG - 2024-12-11 18:16:36 --> Global POST, GET and COOKIE data sanitized
INFO - 2024-12-11 18:16:36 --> Input Class Initialized
INFO - 2024-12-11 18:16:36 --> Language Class Initialized
INFO - 2024-12-11 18:16:36 --> Loader Class Initialized
INFO - 2024-12-11 18:16:36 --> Helper loaded: url_helper
INFO - 2024-12-11 18:16:36 --> Database Driver Class Initialized
INFO - 2024-12-11 18:16:36 --> Controller Class Initialized
INFO - 2024-12-11 18:16:36 --> Model "Mconfigkey" initialized
INFO - 2024-12-11 18:16:37 --> Final output sent to browser
DEBUG - 2024-12-11 18:16:37 --> Total execution time: 0.4375
INFO - 2024-12-11 18:16:44 --> Config Class Initialized
INFO - 2024-12-11 18:16:44 --> Hooks Class Initialized
DEBUG - 2024-12-11 18:16:44 --> UTF-8 Support Enabled
INFO - 2024-12-11 18:16:44 --> Utf8 Class Initialized
INFO - 2024-12-11 18:16:44 --> URI Class Initialized
INFO - 2024-12-11 18:16:44 --> Router Class Initialized
INFO - 2024-12-11 18:16:44 --> Output Class Initialized
INFO - 2024-12-11 18:16:44 --> Security Class Initialized
DEBUG - 2024-12-11 18:16:44 --> Global POST, GET and COOKIE data sanitized
INFO - 2024-12-11 18:16:44 --> Input Class Initialized
INFO - 2024-12-11 18:16:44 --> Language Class Initialized
INFO - 2024-12-11 18:16:44 --> Loader Class Initialized
INFO - 2024-12-11 18:16:44 --> Helper loaded: url_helper
INFO - 2024-12-11 18:16:44 --> Database Driver Class Initialized
INFO - 2024-12-11 18:16:44 --> Controller Class Initialized
INFO - 2024-12-11 18:16:44 --> Model "Mconfigkey" initialized
INFO - 2024-12-11 18:16:44 --> Final output sent to browser
DEBUG - 2024-12-11 18:16:44 --> Total execution time: 0.2068
INFO - 2024-12-11 18:16:52 --> Config Class Initialized
INFO - 2024-12-11 18:16:52 --> Hooks Class Initialized
DEBUG - 2024-12-11 18:16:52 --> UTF-8 Support Enabled
INFO - 2024-12-11 18:16:52 --> Utf8 Class Initialized
INFO - 2024-12-11 18:16:52 --> URI Class Initialized
INFO - 2024-12-11 18:16:52 --> Router Class Initialized
INFO - 2024-12-11 18:16:52 --> Output Class Initialized
INFO - 2024-12-11 18:16:52 --> Security Class Initialized
DEBUG - 2024-12-11 18:16:52 --> Global POST, GET and COOKIE data sanitized
INFO - 2024-12-11 18:16:52 --> Input Class Initialized
INFO - 2024-12-11 18:16:52 --> Language Class Initialized
INFO - 2024-12-11 18:16:52 --> Loader Class Initialized
INFO - 2024-12-11 18:16:52 --> Helper loaded: url_helper
INFO - 2024-12-11 18:16:52 --> Database Driver Class Initialized
INFO - 2024-12-11 18:16:52 --> Controller Class Initialized
INFO - 2024-12-11 18:16:52 --> Model "Mconfigkey" initialized
INFO - 2024-12-11 18:16:52 --> Final output sent to browser
DEBUG - 2024-12-11 18:16:52 --> Total execution time: 0.1693
INFO - 2024-12-11 18:18:19 --> Config Class Initialized
INFO - 2024-12-11 18:18:19 --> Hooks Class Initialized
DEBUG - 2024-12-11 18:18:19 --> UTF-8 Support Enabled
INFO - 2024-12-11 18:18:19 --> Utf8 Class Initialized
INFO - 2024-12-11 18:18:19 --> URI Class Initialized
INFO - 2024-12-11 18:18:19 --> Router Class Initialized
INFO - 2024-12-11 18:18:19 --> Output Class Initialized
INFO - 2024-12-11 18:18:19 --> Security Class Initialized
DEBUG - 2024-12-11 18:18:19 --> Global POST, GET and COOKIE data sanitized
INFO - 2024-12-11 18:18:19 --> Input Class Initialized
INFO - 2024-12-11 18:18:19 --> Language Class Initialized
INFO - 2024-12-11 18:18:19 --> Loader Class Initialized
INFO - 2024-12-11 18:18:19 --> Helper loaded: url_helper
INFO - 2024-12-11 18:18:19 --> Database Driver Class Initialized
INFO - 2024-12-11 18:18:19 --> Controller Class Initialized
INFO - 2024-12-11 18:18:19 --> Model "Mconfigkey" initialized
INFO - 2024-12-11 18:18:19 --> Final output sent to browser
DEBUG - 2024-12-11 18:18:19 --> Total execution time: 0.3941
INFO - 2024-12-11 18:18:24 --> Config Class Initialized
INFO - 2024-12-11 18:18:24 --> Hooks Class Initialized
DEBUG - 2024-12-11 18:18:24 --> UTF-8 Support Enabled
INFO - 2024-12-11 18:18:24 --> Utf8 Class Initialized
INFO - 2024-12-11 18:18:24 --> URI Class Initialized
INFO - 2024-12-11 18:18:24 --> Router Class Initialized
INFO - 2024-12-11 18:18:24 --> Output Class Initialized
INFO - 2024-12-11 18:18:24 --> Security Class Initialized
DEBUG - 2024-12-11 18:18:24 --> Global POST, GET and COOKIE data sanitized
INFO - 2024-12-11 18:18:24 --> Input Class Initialized
INFO - 2024-12-11 18:18:24 --> Language Class Initialized
INFO - 2024-12-11 18:18:24 --> Loader Class Initialized
INFO - 2024-12-11 18:18:24 --> Helper loaded: url_helper
INFO - 2024-12-11 18:18:24 --> Database Driver Class Initialized
INFO - 2024-12-11 18:18:24 --> Controller Class Initialized
INFO - 2024-12-11 18:18:24 --> Model "Mconfigkey" initialized
INFO - 2024-12-11 18:18:24 --> Final output sent to browser
DEBUG - 2024-12-11 18:18:24 --> Total execution time: 0.2059
INFO - 2024-12-11 18:21:31 --> Config Class Initialized
INFO - 2024-12-11 18:21:31 --> Hooks Class Initialized
DEBUG - 2024-12-11 18:21:31 --> UTF-8 Support Enabled
INFO - 2024-12-11 18:21:31 --> Utf8 Class Initialized
INFO - 2024-12-11 18:21:31 --> URI Class Initialized
INFO - 2024-12-11 18:21:31 --> Router Class Initialized
INFO - 2024-12-11 18:21:31 --> Output Class Initialized
INFO - 2024-12-11 18:21:31 --> Security Class Initialized
DEBUG - 2024-12-11 18:21:31 --> Global POST, GET and COOKIE data sanitized
INFO - 2024-12-11 18:21:31 --> Input Class Initialized
INFO - 2024-12-11 18:21:31 --> Language Class Initialized
INFO - 2024-12-11 18:21:31 --> Loader Class Initialized
INFO - 2024-12-11 18:21:31 --> Helper loaded: url_helper
INFO - 2024-12-11 18:21:31 --> Database Driver Class Initialized
INFO - 2024-12-11 18:21:31 --> Controller Class Initialized
INFO - 2024-12-11 18:21:31 --> Model "Mconfigkey" initialized
INFO - 2024-12-11 18:21:31 --> Final output sent to browser
DEBUG - 2024-12-11 18:21:31 --> Total execution time: 0.2150
INFO - 2024-12-11 18:21:34 --> Config Class Initialized
INFO - 2024-12-11 18:21:34 --> Hooks Class Initialized
DEBUG - 2024-12-11 18:21:34 --> UTF-8 Support Enabled
INFO - 2024-12-11 18:21:34 --> Utf8 Class Initialized
INFO - 2024-12-11 18:21:34 --> URI Class Initialized
INFO - 2024-12-11 18:21:34 --> Router Class Initialized
INFO - 2024-12-11 18:21:34 --> Output Class Initialized
INFO - 2024-12-11 18:21:34 --> Security Class Initialized
DEBUG - 2024-12-11 18:21:34 --> Global POST, GET and COOKIE data sanitized
INFO - 2024-12-11 18:21:34 --> Input Class Initialized
INFO - 2024-12-11 18:21:34 --> Language Class Initialized
INFO - 2024-12-11 18:21:34 --> Loader Class Initialized
INFO - 2024-12-11 18:21:34 --> Helper loaded: url_helper
INFO - 2024-12-11 18:21:34 --> Database Driver Class Initialized
INFO - 2024-12-11 18:21:34 --> Controller Class Initialized
INFO - 2024-12-11 18:21:34 --> Model "Mconfigkey" initialized
INFO - 2024-12-11 18:21:34 --> Final output sent to browser
DEBUG - 2024-12-11 18:21:34 --> Total execution time: 0.4296
INFO - 2024-12-11 18:24:29 --> Config Class Initialized
INFO - 2024-12-11 18:24:29 --> Hooks Class Initialized
DEBUG - 2024-12-11 18:24:29 --> UTF-8 Support Enabled
INFO - 2024-12-11 18:24:29 --> Utf8 Class Initialized
INFO - 2024-12-11 18:24:29 --> URI Class Initialized
INFO - 2024-12-11 18:24:29 --> Router Class Initialized
INFO - 2024-12-11 18:24:29 --> Output Class Initialized
INFO - 2024-12-11 18:24:29 --> Security Class Initialized
DEBUG - 2024-12-11 18:24:29 --> Global POST, GET and COOKIE data sanitized
INFO - 2024-12-11 18:24:29 --> Input Class Initialized
INFO - 2024-12-11 18:24:29 --> Language Class Initialized
INFO - 2024-12-11 18:24:29 --> Loader Class Initialized
INFO - 2024-12-11 18:24:29 --> Helper loaded: url_helper
INFO - 2024-12-11 18:24:29 --> Database Driver Class Initialized
INFO - 2024-12-11 18:24:29 --> Controller Class Initialized
INFO - 2024-12-11 18:24:29 --> Model "Mconfigkey" initialized
INFO - 2024-12-11 18:24:29 --> Final output sent to browser
DEBUG - 2024-12-11 18:24:29 --> Total execution time: 0.2104
INFO - 2024-12-11 18:24:34 --> Config Class Initialized
INFO - 2024-12-11 18:24:34 --> Hooks Class Initialized
DEBUG - 2024-12-11 18:24:34 --> UTF-8 Support Enabled
INFO - 2024-12-11 18:24:34 --> Utf8 Class Initialized
INFO - 2024-12-11 18:24:34 --> URI Class Initialized
INFO - 2024-12-11 18:24:34 --> Router Class Initialized
INFO - 2024-12-11 18:24:34 --> Output Class Initialized
INFO - 2024-12-11 18:24:34 --> Security Class Initialized
DEBUG - 2024-12-11 18:24:34 --> Global POST, GET and COOKIE data sanitized
INFO - 2024-12-11 18:24:34 --> Input Class Initialized
INFO - 2024-12-11 18:24:34 --> Language Class Initialized
INFO - 2024-12-11 18:24:34 --> Loader Class Initialized
INFO - 2024-12-11 18:24:34 --> Helper loaded: url_helper
INFO - 2024-12-11 18:24:34 --> Database Driver Class Initialized
INFO - 2024-12-11 18:24:34 --> Controller Class Initialized
INFO - 2024-12-11 18:24:34 --> Model "Mconfigkey" initialized
INFO - 2024-12-11 18:24:34 --> Final output sent to browser
DEBUG - 2024-12-11 18:24:34 --> Total execution time: 0.1776
INFO - 2024-12-11 18:27:43 --> Config Class Initialized
INFO - 2024-12-11 18:27:43 --> Hooks Class Initialized
DEBUG - 2024-12-11 18:27:43 --> UTF-8 Support Enabled
INFO - 2024-12-11 18:27:43 --> Utf8 Class Initialized
INFO - 2024-12-11 18:27:43 --> URI Class Initialized
INFO - 2024-12-11 18:27:43 --> Router Class Initialized
INFO - 2024-12-11 18:27:43 --> Output Class Initialized
INFO - 2024-12-11 18:27:43 --> Security Class Initialized
DEBUG - 2024-12-11 18:27:43 --> Global POST, GET and COOKIE data sanitized
INFO - 2024-12-11 18:27:43 --> Input Class Initialized
INFO - 2024-12-11 18:27:43 --> Language Class Initialized
INFO - 2024-12-11 18:27:43 --> Loader Class Initialized
INFO - 2024-12-11 18:27:43 --> Helper loaded: url_helper
INFO - 2024-12-11 18:27:43 --> Database Driver Class Initialized
INFO - 2024-12-11 18:27:43 --> Controller Class Initialized
INFO - 2024-12-11 18:27:43 --> Model "Mconfigkey" initialized
INFO - 2024-12-11 18:27:43 --> Final output sent to browser
DEBUG - 2024-12-11 18:27:43 --> Total execution time: 0.3893
INFO - 2024-12-11 18:29:19 --> Config Class Initialized
INFO - 2024-12-11 18:29:19 --> Hooks Class Initialized
DEBUG - 2024-12-11 18:29:19 --> UTF-8 Support Enabled
INFO - 2024-12-11 18:29:19 --> Utf8 Class Initialized
INFO - 2024-12-11 18:29:19 --> URI Class Initialized
INFO - 2024-12-11 18:29:19 --> Router Class Initialized
INFO - 2024-12-11 18:29:19 --> Output Class Initialized
INFO - 2024-12-11 18:29:19 --> Security Class Initialized
DEBUG - 2024-12-11 18:29:19 --> Global POST, GET and COOKIE data sanitized
INFO - 2024-12-11 18:29:19 --> Input Class Initialized
INFO - 2024-12-11 18:29:19 --> Language Class Initialized
INFO - 2024-12-11 18:29:19 --> Loader Class Initialized
INFO - 2024-12-11 18:29:19 --> Helper loaded: url_helper
INFO - 2024-12-11 18:29:19 --> Database Driver Class Initialized
INFO - 2024-12-11 18:29:19 --> Controller Class Initialized
INFO - 2024-12-11 18:29:19 --> Model "Mconfigkey" initialized
INFO - 2024-12-11 18:29:19 --> Final output sent to browser
DEBUG - 2024-12-11 18:29:19 --> Total execution time: 0.1906
INFO - 2024-12-11 18:37:14 --> Config Class Initialized
INFO - 2024-12-11 18:37:14 --> Hooks Class Initialized
DEBUG - 2024-12-11 18:37:14 --> UTF-8 Support Enabled
INFO - 2024-12-11 18:37:14 --> Utf8 Class Initialized
INFO - 2024-12-11 18:37:14 --> URI Class Initialized
INFO - 2024-12-11 18:37:14 --> Router Class Initialized
INFO - 2024-12-11 18:37:14 --> Output Class Initialized
INFO - 2024-12-11 18:37:14 --> Security Class Initialized
DEBUG - 2024-12-11 18:37:14 --> Global POST, GET and COOKIE data sanitized
INFO - 2024-12-11 18:37:14 --> Input Class Initialized
INFO - 2024-12-11 18:37:14 --> Language Class Initialized
INFO - 2024-12-11 18:37:14 --> Loader Class Initialized
INFO - 2024-12-11 18:37:14 --> Helper loaded: url_helper
INFO - 2024-12-11 18:37:14 --> Database Driver Class Initialized
INFO - 2024-12-11 18:37:14 --> Controller Class Initialized
INFO - 2024-12-11 18:37:14 --> Model "Mconfigkey" initialized
INFO - 2024-12-11 18:37:14 --> Final output sent to browser
DEBUG - 2024-12-11 18:37:14 --> Total execution time: 0.2050
INFO - 2024-12-11 19:02:31 --> Config Class Initialized
INFO - 2024-12-11 19:02:31 --> Hooks Class Initialized
DEBUG - 2024-12-11 19:02:31 --> UTF-8 Support Enabled
INFO - 2024-12-11 19:02:31 --> Utf8 Class Initialized
INFO - 2024-12-11 19:02:31 --> URI Class Initialized
INFO - 2024-12-11 19:02:31 --> Router Class Initialized
INFO - 2024-12-11 19:02:31 --> Output Class Initialized
INFO - 2024-12-11 19:02:31 --> Security Class Initialized
DEBUG - 2024-12-11 19:02:31 --> Global POST, GET and COOKIE data sanitized
INFO - 2024-12-11 19:02:31 --> Input Class Initialized
INFO - 2024-12-11 19:02:31 --> Language Class Initialized
INFO - 2024-12-11 19:02:31 --> Loader Class Initialized
INFO - 2024-12-11 19:02:31 --> Helper loaded: url_helper
INFO - 2024-12-11 19:02:31 --> Database Driver Class Initialized
INFO - 2024-12-11 19:02:31 --> Controller Class Initialized
INFO - 2024-12-11 19:02:31 --> Model "Mconfigkey" initialized
INFO - 2024-12-11 19:02:31 --> Final output sent to browser
DEBUG - 2024-12-11 19:02:31 --> Total execution time: 0.0241
INFO - 2024-12-11 19:02:35 --> Config Class Initialized
INFO - 2024-12-11 19:02:35 --> Hooks Class Initialized
DEBUG - 2024-12-11 19:02:35 --> UTF-8 Support Enabled
INFO - 2024-12-11 19:02:35 --> Utf8 Class Initialized
INFO - 2024-12-11 19:02:35 --> URI Class Initialized
INFO - 2024-12-11 19:02:35 --> Router Class Initialized
INFO - 2024-12-11 19:02:35 --> Output Class Initialized
INFO - 2024-12-11 19:02:35 --> Security Class Initialized
DEBUG - 2024-12-11 19:02:35 --> Global POST, GET and COOKIE data sanitized
INFO - 2024-12-11 19:02:35 --> Input Class Initialized
INFO - 2024-12-11 19:02:35 --> Language Class Initialized
INFO - 2024-12-11 19:02:35 --> Loader Class Initialized
INFO - 2024-12-11 19:02:35 --> Helper loaded: url_helper
INFO - 2024-12-11 19:02:35 --> Database Driver Class Initialized
INFO - 2024-12-11 19:02:35 --> Controller Class Initialized
INFO - 2024-12-11 19:02:35 --> Model "Mconfigkey" initialized
INFO - 2024-12-11 19:02:35 --> Model "Mportal_data" initialized
INFO - 2024-12-11 19:02:35 --> Final output sent to browser
DEBUG - 2024-12-11 19:02:35 --> Total execution time: 0.0258
INFO - 2024-12-11 19:02:42 --> Config Class Initialized
INFO - 2024-12-11 19:02:42 --> Hooks Class Initialized
DEBUG - 2024-12-11 19:02:42 --> UTF-8 Support Enabled
INFO - 2024-12-11 19:02:42 --> Utf8 Class Initialized
INFO - 2024-12-11 19:02:42 --> URI Class Initialized
INFO - 2024-12-11 19:02:42 --> Router Class Initialized
INFO - 2024-12-11 19:02:42 --> Output Class Initialized
INFO - 2024-12-11 19:02:42 --> Security Class Initialized
DEBUG - 2024-12-11 19:02:42 --> Global POST, GET and COOKIE data sanitized
INFO - 2024-12-11 19:02:42 --> Input Class Initialized
INFO - 2024-12-11 19:02:42 --> Language Class Initialized
INFO - 2024-12-11 19:02:42 --> Loader Class Initialized
INFO - 2024-12-11 19:02:42 --> Helper loaded: url_helper
INFO - 2024-12-11 19:02:42 --> Database Driver Class Initialized
INFO - 2024-12-11 19:02:42 --> Controller Class Initialized
INFO - 2024-12-11 19:02:42 --> Model "Mconfigkey" initialized
INFO - 2024-12-11 19:02:42 --> Final output sent to browser
DEBUG - 2024-12-11 19:02:42 --> Total execution time: 0.1920
INFO - 2024-12-11 19:02:48 --> Config Class Initialized
INFO - 2024-12-11 19:02:48 --> Hooks Class Initialized
DEBUG - 2024-12-11 19:02:48 --> UTF-8 Support Enabled
INFO - 2024-12-11 19:02:48 --> Utf8 Class Initialized
INFO - 2024-12-11 19:02:48 --> URI Class Initialized
INFO - 2024-12-11 19:02:48 --> Router Class Initialized
INFO - 2024-12-11 19:02:48 --> Output Class Initialized
INFO - 2024-12-11 19:02:48 --> Security Class Initialized
DEBUG - 2024-12-11 19:02:48 --> Global POST, GET and COOKIE data sanitized
INFO - 2024-12-11 19:02:48 --> Input Class Initialized
INFO - 2024-12-11 19:02:48 --> Language Class Initialized
INFO - 2024-12-11 19:02:48 --> Loader Class Initialized
INFO - 2024-12-11 19:02:48 --> Helper loaded: url_helper
INFO - 2024-12-11 19:02:48 --> Database Driver Class Initialized
INFO - 2024-12-11 19:02:48 --> Controller Class Initialized
INFO - 2024-12-11 19:02:48 --> Model "Mconfigkey" initialized
INFO - 2024-12-11 19:02:48 --> Final output sent to browser
DEBUG - 2024-12-11 19:02:48 --> Total execution time: 0.1919
INFO - 2024-12-11 19:02:54 --> Config Class Initialized
INFO - 2024-12-11 19:02:54 --> Hooks Class Initialized
DEBUG - 2024-12-11 19:02:54 --> UTF-8 Support Enabled
INFO - 2024-12-11 19:02:54 --> Utf8 Class Initialized
INFO - 2024-12-11 19:02:54 --> URI Class Initialized
INFO - 2024-12-11 19:02:54 --> Router Class Initialized
INFO - 2024-12-11 19:02:54 --> Output Class Initialized
INFO - 2024-12-11 19:02:54 --> Security Class Initialized
DEBUG - 2024-12-11 19:02:54 --> Global POST, GET and COOKIE data sanitized
INFO - 2024-12-11 19:02:54 --> Input Class Initialized
INFO - 2024-12-11 19:02:54 --> Language Class Initialized
INFO - 2024-12-11 19:02:54 --> Loader Class Initialized
INFO - 2024-12-11 19:02:54 --> Helper loaded: url_helper
INFO - 2024-12-11 19:02:54 --> Database Driver Class Initialized
INFO - 2024-12-11 19:02:54 --> Controller Class Initialized
INFO - 2024-12-11 19:02:54 --> Model "Mconfigkey" initialized
INFO - 2024-12-11 19:02:54 --> Final output sent to browser
DEBUG - 2024-12-11 19:02:54 --> Total execution time: 0.1688
