INFO - 2024-01-26 11:37:28 --> Config Class Initialized
INFO - 2024-01-26 11:37:28 --> Hooks Class Initialized
DEBUG - 2024-01-26 11:37:28 --> UTF-8 Support Enabled
INFO - 2024-01-26 11:37:28 --> Utf8 Class Initialized
INFO - 2024-01-26 11:37:28 --> URI Class Initialized
INFO - 2024-01-26 11:37:28 --> Router Class Initialized
INFO - 2024-01-26 11:37:28 --> Output Class Initialized
INFO - 2024-01-26 11:37:28 --> Security Class Initialized
DEBUG - 2024-01-26 11:37:28 --> Global POST, GET and COOKIE data sanitized
INFO - 2024-01-26 11:37:28 --> Input Class Initialized
INFO - 2024-01-26 11:37:28 --> Language Class Initialized
INFO - 2024-01-26 11:37:28 --> Loader Class Initialized
INFO - 2024-01-26 11:37:28 --> Helper loaded: url_helper
INFO - 2024-01-26 11:37:28 --> Database Driver Class Initialized
INFO - 2024-01-26 11:37:29 --> Controller Class Initialized
INFO - 2024-01-26 11:37:29 --> Model "Mauth" initialized
INFO - 2024-01-26 11:37:29 --> Model "Mconfigkey" initialized
INFO - 2024-01-26 11:37:29 --> Final output sent to browser
DEBUG - 2024-01-26 11:37:29 --> Total execution time: 0.2240
INFO - 2024-01-26 11:37:34 --> Config Class Initialized
INFO - 2024-01-26 11:37:34 --> Hooks Class Initialized
DEBUG - 2024-01-26 11:37:34 --> UTF-8 Support Enabled
INFO - 2024-01-26 11:37:34 --> Utf8 Class Initialized
INFO - 2024-01-26 11:37:34 --> URI Class Initialized
INFO - 2024-01-26 11:37:34 --> Router Class Initialized
INFO - 2024-01-26 11:37:34 --> Output Class Initialized
INFO - 2024-01-26 11:37:34 --> Security Class Initialized
DEBUG - 2024-01-26 11:37:34 --> Global POST, GET and COOKIE data sanitized
INFO - 2024-01-26 11:37:34 --> Input Class Initialized
INFO - 2024-01-26 11:37:34 --> Language Class Initialized
INFO - 2024-01-26 11:37:34 --> Loader Class Initialized
INFO - 2024-01-26 11:37:34 --> Helper loaded: url_helper
INFO - 2024-01-26 11:37:34 --> Database Driver Class Initialized
INFO - 2024-01-26 11:37:34 --> Controller Class Initialized
INFO - 2024-01-26 11:37:34 --> Model "Mconfigkey" initialized
INFO - 2024-01-26 11:37:34 --> Model "Minv_material_in_aw" initialized
INFO - 2024-01-26 11:37:34 --> Final output sent to browser
DEBUG - 2024-01-26 11:37:34 --> Total execution time: 0.1919
INFO - 2024-01-26 11:37:36 --> Config Class Initialized
INFO - 2024-01-26 11:37:36 --> Hooks Class Initialized
DEBUG - 2024-01-26 11:37:36 --> UTF-8 Support Enabled
INFO - 2024-01-26 11:37:36 --> Utf8 Class Initialized
INFO - 2024-01-26 11:37:36 --> URI Class Initialized
INFO - 2024-01-26 11:37:36 --> Router Class Initialized
INFO - 2024-01-26 11:37:36 --> Output Class Initialized
INFO - 2024-01-26 11:37:36 --> Security Class Initialized
DEBUG - 2024-01-26 11:37:36 --> Global POST, GET and COOKIE data sanitized
INFO - 2024-01-26 11:37:36 --> Input Class Initialized
INFO - 2024-01-26 11:37:36 --> Language Class Initialized
INFO - 2024-01-26 11:37:36 --> Loader Class Initialized
INFO - 2024-01-26 11:37:36 --> Helper loaded: url_helper
INFO - 2024-01-26 11:37:36 --> Database Driver Class Initialized
INFO - 2024-01-26 11:37:36 --> Controller Class Initialized
INFO - 2024-01-26 11:37:36 --> Model "Mconfigkey" initialized
INFO - 2024-01-26 11:37:36 --> Model "Minv_material_out_aw" initialized
INFO - 2024-01-26 11:37:36 --> Final output sent to browser
DEBUG - 2024-01-26 11:37:36 --> Total execution time: 0.2086
INFO - 2024-01-26 11:37:51 --> Config Class Initialized
INFO - 2024-01-26 11:37:51 --> Hooks Class Initialized
DEBUG - 2024-01-26 11:37:51 --> UTF-8 Support Enabled
INFO - 2024-01-26 11:37:51 --> Utf8 Class Initialized
INFO - 2024-01-26 11:37:51 --> URI Class Initialized
INFO - 2024-01-26 11:37:51 --> Router Class Initialized
INFO - 2024-01-26 11:37:51 --> Output Class Initialized
INFO - 2024-01-26 11:37:51 --> Security Class Initialized
DEBUG - 2024-01-26 11:37:51 --> Global POST, GET and COOKIE data sanitized
INFO - 2024-01-26 11:37:51 --> Input Class Initialized
INFO - 2024-01-26 11:37:51 --> Language Class Initialized
INFO - 2024-01-26 11:37:51 --> Loader Class Initialized
INFO - 2024-01-26 11:37:51 --> Helper loaded: url_helper
INFO - 2024-01-26 11:37:51 --> Database Driver Class Initialized
INFO - 2024-01-26 11:37:52 --> Controller Class Initialized
INFO - 2024-01-26 11:37:52 --> Model "Mconfigkey" initialized
INFO - 2024-01-26 11:37:52 --> Model "Minv_material_in_aw" initialized
INFO - 2024-01-26 11:37:52 --> Final output sent to browser
DEBUG - 2024-01-26 11:37:52 --> Total execution time: 0.1582
INFO - 2024-01-26 11:37:55 --> Config Class Initialized
INFO - 2024-01-26 11:37:55 --> Hooks Class Initialized
DEBUG - 2024-01-26 11:37:55 --> UTF-8 Support Enabled
INFO - 2024-01-26 11:37:55 --> Utf8 Class Initialized
INFO - 2024-01-26 11:37:55 --> URI Class Initialized
INFO - 2024-01-26 11:37:55 --> Router Class Initialized
INFO - 2024-01-26 11:37:55 --> Output Class Initialized
INFO - 2024-01-26 11:37:55 --> Security Class Initialized
DEBUG - 2024-01-26 11:37:55 --> Global POST, GET and COOKIE data sanitized
INFO - 2024-01-26 11:37:55 --> Input Class Initialized
INFO - 2024-01-26 11:37:55 --> Language Class Initialized
INFO - 2024-01-26 11:37:55 --> Loader Class Initialized
INFO - 2024-01-26 11:37:55 --> Helper loaded: url_helper
INFO - 2024-01-26 11:37:55 --> Database Driver Class Initialized
INFO - 2024-01-26 11:37:55 --> Controller Class Initialized
INFO - 2024-01-26 11:37:55 --> Model "Mconfigkey" initialized
INFO - 2024-01-26 11:37:55 --> Final output sent to browser
DEBUG - 2024-01-26 11:37:55 --> Total execution time: 0.1341
INFO - 2024-01-26 11:37:56 --> Config Class Initialized
INFO - 2024-01-26 11:37:56 --> Hooks Class Initialized
DEBUG - 2024-01-26 11:37:56 --> UTF-8 Support Enabled
INFO - 2024-01-26 11:37:56 --> Utf8 Class Initialized
INFO - 2024-01-26 11:37:56 --> URI Class Initialized
INFO - 2024-01-26 11:37:56 --> Router Class Initialized
INFO - 2024-01-26 11:37:56 --> Output Class Initialized
INFO - 2024-01-26 11:37:56 --> Security Class Initialized
DEBUG - 2024-01-26 11:37:56 --> Global POST, GET and COOKIE data sanitized
INFO - 2024-01-26 11:37:56 --> Input Class Initialized
INFO - 2024-01-26 11:37:56 --> Language Class Initialized
INFO - 2024-01-26 11:37:56 --> Loader Class Initialized
INFO - 2024-01-26 11:37:56 --> Helper loaded: url_helper
INFO - 2024-01-26 11:37:56 --> Database Driver Class Initialized
INFO - 2024-01-26 11:37:56 --> Controller Class Initialized
INFO - 2024-01-26 11:37:56 --> Model "Mconfigkey" initialized
INFO - 2024-01-26 11:37:56 --> Final output sent to browser
DEBUG - 2024-01-26 11:37:56 --> Total execution time: 0.1342
INFO - 2024-01-26 11:37:58 --> Config Class Initialized
INFO - 2024-01-26 11:37:58 --> Hooks Class Initialized
DEBUG - 2024-01-26 11:37:58 --> UTF-8 Support Enabled
INFO - 2024-01-26 11:37:58 --> Utf8 Class Initialized
INFO - 2024-01-26 11:37:58 --> URI Class Initialized
INFO - 2024-01-26 11:37:58 --> Router Class Initialized
INFO - 2024-01-26 11:37:58 --> Output Class Initialized
INFO - 2024-01-26 11:37:58 --> Security Class Initialized
DEBUG - 2024-01-26 11:37:58 --> Global POST, GET and COOKIE data sanitized
INFO - 2024-01-26 11:37:58 --> Input Class Initialized
INFO - 2024-01-26 11:37:58 --> Language Class Initialized
INFO - 2024-01-26 11:37:58 --> Loader Class Initialized
INFO - 2024-01-26 11:37:58 --> Helper loaded: url_helper
INFO - 2024-01-26 11:37:58 --> Database Driver Class Initialized
INFO - 2024-01-26 11:37:59 --> Controller Class Initialized
INFO - 2024-01-26 11:37:59 --> Model "Mconfigkey" initialized
INFO - 2024-01-26 11:37:59 --> Final output sent to browser
DEBUG - 2024-01-26 11:37:59 --> Total execution time: 0.1373
INFO - 2024-01-26 11:38:00 --> Config Class Initialized
INFO - 2024-01-26 11:38:00 --> Hooks Class Initialized
DEBUG - 2024-01-26 11:38:00 --> UTF-8 Support Enabled
INFO - 2024-01-26 11:38:00 --> Utf8 Class Initialized
INFO - 2024-01-26 11:38:00 --> URI Class Initialized
INFO - 2024-01-26 11:38:00 --> Router Class Initialized
INFO - 2024-01-26 11:38:00 --> Output Class Initialized
INFO - 2024-01-26 11:38:00 --> Security Class Initialized
DEBUG - 2024-01-26 11:38:00 --> Global POST, GET and COOKIE data sanitized
INFO - 2024-01-26 11:38:00 --> Input Class Initialized
INFO - 2024-01-26 11:38:00 --> Language Class Initialized
INFO - 2024-01-26 11:38:00 --> Loader Class Initialized
INFO - 2024-01-26 11:38:00 --> Helper loaded: url_helper
INFO - 2024-01-26 11:38:00 --> Database Driver Class Initialized
INFO - 2024-01-26 11:38:00 --> Controller Class Initialized
INFO - 2024-01-26 11:38:00 --> Model "Mconfigkey" initialized
INFO - 2024-01-26 11:38:00 --> Final output sent to browser
DEBUG - 2024-01-26 11:38:00 --> Total execution time: 0.1425
INFO - 2024-01-26 11:38:01 --> Config Class Initialized
INFO - 2024-01-26 11:38:01 --> Hooks Class Initialized
DEBUG - 2024-01-26 11:38:01 --> UTF-8 Support Enabled
INFO - 2024-01-26 11:38:01 --> Utf8 Class Initialized
INFO - 2024-01-26 11:38:01 --> URI Class Initialized
INFO - 2024-01-26 11:38:01 --> Router Class Initialized
INFO - 2024-01-26 11:38:01 --> Output Class Initialized
INFO - 2024-01-26 11:38:01 --> Security Class Initialized
DEBUG - 2024-01-26 11:38:01 --> Global POST, GET and COOKIE data sanitized
INFO - 2024-01-26 11:38:01 --> Input Class Initialized
INFO - 2024-01-26 11:38:01 --> Language Class Initialized
INFO - 2024-01-26 11:38:01 --> Loader Class Initialized
INFO - 2024-01-26 11:38:01 --> Helper loaded: url_helper
INFO - 2024-01-26 11:38:01 --> Database Driver Class Initialized
INFO - 2024-01-26 11:38:01 --> Controller Class Initialized
INFO - 2024-01-26 11:38:01 --> Model "Mconfigkey" initialized
INFO - 2024-01-26 11:38:01 --> Final output sent to browser
DEBUG - 2024-01-26 11:38:01 --> Total execution time: 0.1414
INFO - 2024-01-26 11:38:01 --> Config Class Initialized
INFO - 2024-01-26 11:38:01 --> Hooks Class Initialized
DEBUG - 2024-01-26 11:38:01 --> UTF-8 Support Enabled
INFO - 2024-01-26 11:38:01 --> Utf8 Class Initialized
INFO - 2024-01-26 11:38:01 --> URI Class Initialized
INFO - 2024-01-26 11:38:01 --> Router Class Initialized
INFO - 2024-01-26 11:38:01 --> Output Class Initialized
INFO - 2024-01-26 11:38:01 --> Security Class Initialized
DEBUG - 2024-01-26 11:38:01 --> Global POST, GET and COOKIE data sanitized
INFO - 2024-01-26 11:38:01 --> Input Class Initialized
INFO - 2024-01-26 11:38:01 --> Language Class Initialized
INFO - 2024-01-26 11:38:01 --> Loader Class Initialized
INFO - 2024-01-26 11:38:01 --> Helper loaded: url_helper
INFO - 2024-01-26 11:38:01 --> Database Driver Class Initialized
INFO - 2024-01-26 11:38:02 --> Controller Class Initialized
INFO - 2024-01-26 11:38:02 --> Model "Mconfigkey" initialized
INFO - 2024-01-26 11:38:02 --> Final output sent to browser
DEBUG - 2024-01-26 11:38:02 --> Total execution time: 0.1425
INFO - 2024-01-26 11:38:22 --> Config Class Initialized
INFO - 2024-01-26 11:38:22 --> Hooks Class Initialized
DEBUG - 2024-01-26 11:38:22 --> UTF-8 Support Enabled
INFO - 2024-01-26 11:38:22 --> Utf8 Class Initialized
INFO - 2024-01-26 11:38:22 --> URI Class Initialized
INFO - 2024-01-26 11:38:22 --> Router Class Initialized
INFO - 2024-01-26 11:38:22 --> Output Class Initialized
INFO - 2024-01-26 11:38:22 --> Security Class Initialized
DEBUG - 2024-01-26 11:38:22 --> Global POST, GET and COOKIE data sanitized
INFO - 2024-01-26 11:38:22 --> Input Class Initialized
INFO - 2024-01-26 11:38:22 --> Language Class Initialized
INFO - 2024-01-26 11:38:22 --> Loader Class Initialized
INFO - 2024-01-26 11:38:22 --> Helper loaded: url_helper
INFO - 2024-01-26 11:38:22 --> Database Driver Class Initialized
INFO - 2024-01-26 11:38:22 --> Controller Class Initialized
INFO - 2024-01-26 11:38:22 --> Model "Mconfigkey" initialized
INFO - 2024-01-26 11:38:22 --> Model "Minv_material_control_aw" initialized
INFO - 2024-01-26 11:38:22 --> Final output sent to browser
DEBUG - 2024-01-26 11:38:22 --> Total execution time: 0.1603
INFO - 2024-01-26 11:38:24 --> Config Class Initialized
INFO - 2024-01-26 11:38:24 --> Hooks Class Initialized
DEBUG - 2024-01-26 11:38:24 --> UTF-8 Support Enabled
INFO - 2024-01-26 11:38:24 --> Utf8 Class Initialized
INFO - 2024-01-26 11:38:24 --> URI Class Initialized
INFO - 2024-01-26 11:38:24 --> Router Class Initialized
INFO - 2024-01-26 11:38:24 --> Config Class Initialized
INFO - 2024-01-26 11:38:24 --> Hooks Class Initialized
INFO - 2024-01-26 11:38:24 --> Output Class Initialized
INFO - 2024-01-26 11:38:24 --> Security Class Initialized
DEBUG - 2024-01-26 11:38:24 --> UTF-8 Support Enabled
INFO - 2024-01-26 11:38:24 --> Utf8 Class Initialized
DEBUG - 2024-01-26 11:38:24 --> Global POST, GET and COOKIE data sanitized
INFO - 2024-01-26 11:38:24 --> Input Class Initialized
INFO - 2024-01-26 11:38:24 --> URI Class Initialized
INFO - 2024-01-26 11:38:24 --> Language Class Initialized
INFO - 2024-01-26 11:38:24 --> Router Class Initialized
INFO - 2024-01-26 11:38:24 --> Output Class Initialized
INFO - 2024-01-26 11:38:24 --> Loader Class Initialized
INFO - 2024-01-26 11:38:24 --> Security Class Initialized
INFO - 2024-01-26 11:38:24 --> Helper loaded: url_helper
DEBUG - 2024-01-26 11:38:24 --> Global POST, GET and COOKIE data sanitized
INFO - 2024-01-26 11:38:24 --> Input Class Initialized
INFO - 2024-01-26 11:38:24 --> Language Class Initialized
INFO - 2024-01-26 11:38:24 --> Loader Class Initialized
INFO - 2024-01-26 11:38:24 --> Helper loaded: url_helper
INFO - 2024-01-26 11:38:24 --> Database Driver Class Initialized
INFO - 2024-01-26 11:38:24 --> Database Driver Class Initialized
INFO - 2024-01-26 11:38:24 --> Controller Class Initialized
INFO - 2024-01-26 11:38:24 --> Model "Mconfigkey" initialized
INFO - 2024-01-26 11:38:24 --> Controller Class Initialized
INFO - 2024-01-26 11:38:24 --> Model "Minv_material_control_aw" initialized
INFO - 2024-01-26 11:38:24 --> Model "Mconfigkey" initialized
INFO - 2024-01-26 11:38:24 --> Model "Minv_material_control_aw" initialized
ERROR - 2024-01-26 11:38:24 --> Query error: [Microsoft][ODBC Driver 17 for SQL Server][SQL Server]Invalid object name 'VW_RAWMAT_MUTASI_STOCK_AW'. - Invalid query: SELECT COUNT(*) AS "numrows"
FROM "VW_RAWMAT_MUTASI_STOCK_AW"
WHERE "VW_RAWMAT_MUTASI_STOCK_AW"."BULAN" BETWEEN '2024-01'  AND '2024-01'  
INFO - 2024-01-26 11:38:24 --> Language file loaded: language/english/db_lang.php
INFO - 2024-01-26 11:38:24 --> Final output sent to browser
DEBUG - 2024-01-26 11:38:24 --> Total execution time: 0.1536
