INFO - 2024-10-05 01:02:27 --> Config Class Initialized
INFO - 2024-10-05 01:02:27 --> Hooks Class Initialized
DEBUG - 2024-10-05 01:02:27 --> UTF-8 Support Enabled
INFO - 2024-10-05 01:02:27 --> Utf8 Class Initialized
INFO - 2024-10-05 01:02:27 --> URI Class Initialized
INFO - 2024-10-05 01:02:27 --> Router Class Initialized
INFO - 2024-10-05 01:02:27 --> Output Class Initialized
INFO - 2024-10-05 01:02:27 --> Security Class Initialized
DEBUG - 2024-10-05 01:02:27 --> Global POST, GET and COOKIE data sanitized
INFO - 2024-10-05 01:02:27 --> Input Class Initialized
INFO - 2024-10-05 01:02:27 --> Language Class Initialized
INFO - 2024-10-05 01:02:27 --> Loader Class Initialized
INFO - 2024-10-05 01:02:27 --> Helper loaded: url_helper
INFO - 2024-10-05 01:02:27 --> Database Driver Class Initialized
INFO - 2024-10-05 01:02:27 --> Controller Class Initialized
INFO - 2024-10-05 01:02:27 --> Model "Mconfigkey" initialized
INFO - 2024-10-05 01:02:27 --> Final output sent to browser
DEBUG - 2024-10-05 01:02:27 --> Total execution time: 0.4046
INFO - 2024-10-05 01:02:39 --> Config Class Initialized
INFO - 2024-10-05 01:02:39 --> Hooks Class Initialized
DEBUG - 2024-10-05 01:02:39 --> UTF-8 Support Enabled
INFO - 2024-10-05 01:02:39 --> Utf8 Class Initialized
INFO - 2024-10-05 01:02:39 --> URI Class Initialized
INFO - 2024-10-05 01:02:39 --> Router Class Initialized
INFO - 2024-10-05 01:02:39 --> Output Class Initialized
INFO - 2024-10-05 01:02:39 --> Security Class Initialized
DEBUG - 2024-10-05 01:02:39 --> Global POST, GET and COOKIE data sanitized
INFO - 2024-10-05 01:02:39 --> Input Class Initialized
INFO - 2024-10-05 01:02:39 --> Language Class Initialized
INFO - 2024-10-05 01:02:39 --> Loader Class Initialized
INFO - 2024-10-05 01:02:39 --> Helper loaded: url_helper
INFO - 2024-10-05 01:02:39 --> Database Driver Class Initialized
INFO - 2024-10-05 01:02:39 --> Controller Class Initialized
INFO - 2024-10-05 01:02:39 --> Model "Mconfigkey" initialized
INFO - 2024-10-05 01:02:39 --> Final output sent to browser
DEBUG - 2024-10-05 01:02:39 --> Total execution time: 0.0191
INFO - 2024-10-05 01:03:47 --> Config Class Initialized
INFO - 2024-10-05 01:03:47 --> Hooks Class Initialized
DEBUG - 2024-10-05 01:03:47 --> UTF-8 Support Enabled
INFO - 2024-10-05 01:03:47 --> Utf8 Class Initialized
INFO - 2024-10-05 01:03:47 --> URI Class Initialized
INFO - 2024-10-05 01:03:47 --> Router Class Initialized
INFO - 2024-10-05 01:03:47 --> Output Class Initialized
INFO - 2024-10-05 01:03:47 --> Security Class Initialized
DEBUG - 2024-10-05 01:03:47 --> Global POST, GET and COOKIE data sanitized
INFO - 2024-10-05 01:03:47 --> Input Class Initialized
INFO - 2024-10-05 01:03:47 --> Language Class Initialized
INFO - 2024-10-05 01:03:47 --> Loader Class Initialized
INFO - 2024-10-05 01:03:47 --> Helper loaded: url_helper
INFO - 2024-10-05 01:03:47 --> Database Driver Class Initialized
INFO - 2024-10-05 01:03:47 --> Controller Class Initialized
INFO - 2024-10-05 01:03:47 --> Model "Mconfigkey" initialized
INFO - 2024-10-05 01:03:47 --> Final output sent to browser
DEBUG - 2024-10-05 01:03:47 --> Total execution time: 0.0205
INFO - 2024-10-05 01:03:49 --> Config Class Initialized
INFO - 2024-10-05 01:03:49 --> Hooks Class Initialized
DEBUG - 2024-10-05 01:03:49 --> UTF-8 Support Enabled
INFO - 2024-10-05 01:03:49 --> Utf8 Class Initialized
INFO - 2024-10-05 01:03:49 --> URI Class Initialized
INFO - 2024-10-05 01:03:49 --> Router Class Initialized
INFO - 2024-10-05 01:03:49 --> Output Class Initialized
INFO - 2024-10-05 01:03:49 --> Security Class Initialized
DEBUG - 2024-10-05 01:03:49 --> Global POST, GET and COOKIE data sanitized
INFO - 2024-10-05 01:03:49 --> Input Class Initialized
INFO - 2024-10-05 01:03:49 --> Language Class Initialized
INFO - 2024-10-05 01:03:49 --> Loader Class Initialized
INFO - 2024-10-05 01:03:49 --> Helper loaded: url_helper
INFO - 2024-10-05 01:03:49 --> Database Driver Class Initialized
INFO - 2024-10-05 01:03:49 --> Controller Class Initialized
INFO - 2024-10-05 01:03:49 --> Model "Mconfigkey" initialized
INFO - 2024-10-05 01:03:49 --> Final output sent to browser
DEBUG - 2024-10-05 01:03:49 --> Total execution time: 0.0189
INFO - 2024-10-05 01:03:51 --> Config Class Initialized
INFO - 2024-10-05 01:03:51 --> Hooks Class Initialized
DEBUG - 2024-10-05 01:03:51 --> UTF-8 Support Enabled
INFO - 2024-10-05 01:03:51 --> Utf8 Class Initialized
INFO - 2024-10-05 01:03:51 --> URI Class Initialized
INFO - 2024-10-05 01:03:51 --> Router Class Initialized
INFO - 2024-10-05 01:03:51 --> Output Class Initialized
INFO - 2024-10-05 01:03:51 --> Security Class Initialized
DEBUG - 2024-10-05 01:03:51 --> Global POST, GET and COOKIE data sanitized
INFO - 2024-10-05 01:03:51 --> Input Class Initialized
INFO - 2024-10-05 01:03:51 --> Language Class Initialized
INFO - 2024-10-05 01:03:51 --> Loader Class Initialized
INFO - 2024-10-05 01:03:51 --> Helper loaded: url_helper
INFO - 2024-10-05 01:03:51 --> Database Driver Class Initialized
INFO - 2024-10-05 01:03:51 --> Controller Class Initialized
INFO - 2024-10-05 01:03:51 --> Model "Mconfigkey" initialized
INFO - 2024-10-05 01:03:51 --> Final output sent to browser
DEBUG - 2024-10-05 01:03:51 --> Total execution time: 0.0189
INFO - 2024-10-05 01:05:06 --> Config Class Initialized
INFO - 2024-10-05 01:05:06 --> Hooks Class Initialized
DEBUG - 2024-10-05 01:05:06 --> UTF-8 Support Enabled
INFO - 2024-10-05 01:05:06 --> Utf8 Class Initialized
INFO - 2024-10-05 01:05:06 --> URI Class Initialized
INFO - 2024-10-05 01:05:06 --> Router Class Initialized
INFO - 2024-10-05 01:05:06 --> Output Class Initialized
INFO - 2024-10-05 01:05:06 --> Security Class Initialized
DEBUG - 2024-10-05 01:05:06 --> Global POST, GET and COOKIE data sanitized
INFO - 2024-10-05 01:05:06 --> Input Class Initialized
INFO - 2024-10-05 01:05:06 --> Language Class Initialized
INFO - 2024-10-05 01:05:06 --> Loader Class Initialized
INFO - 2024-10-05 01:05:06 --> Helper loaded: url_helper
INFO - 2024-10-05 01:05:06 --> Database Driver Class Initialized
INFO - 2024-10-05 01:05:06 --> Controller Class Initialized
INFO - 2024-10-05 01:05:06 --> Model "Mconfigkey" initialized
INFO - 2024-10-05 01:05:06 --> Final output sent to browser
DEBUG - 2024-10-05 01:05:06 --> Total execution time: 0.0204
INFO - 2024-10-05 01:05:08 --> Config Class Initialized
INFO - 2024-10-05 01:05:08 --> Hooks Class Initialized
DEBUG - 2024-10-05 01:05:08 --> UTF-8 Support Enabled
INFO - 2024-10-05 01:05:08 --> Utf8 Class Initialized
INFO - 2024-10-05 01:05:08 --> URI Class Initialized
INFO - 2024-10-05 01:05:08 --> Router Class Initialized
INFO - 2024-10-05 01:05:08 --> Output Class Initialized
INFO - 2024-10-05 01:05:08 --> Security Class Initialized
DEBUG - 2024-10-05 01:05:08 --> Global POST, GET and COOKIE data sanitized
INFO - 2024-10-05 01:05:08 --> Input Class Initialized
INFO - 2024-10-05 01:05:08 --> Language Class Initialized
INFO - 2024-10-05 01:05:08 --> Loader Class Initialized
INFO - 2024-10-05 01:05:08 --> Helper loaded: url_helper
INFO - 2024-10-05 01:05:08 --> Database Driver Class Initialized
INFO - 2024-10-05 01:05:08 --> Controller Class Initialized
INFO - 2024-10-05 01:05:08 --> Model "Mconfigkey" initialized
INFO - 2024-10-05 01:05:08 --> Final output sent to browser
DEBUG - 2024-10-05 01:05:08 --> Total execution time: 0.0185
INFO - 2024-10-05 01:05:09 --> Config Class Initialized
INFO - 2024-10-05 01:05:09 --> Hooks Class Initialized
DEBUG - 2024-10-05 01:05:09 --> UTF-8 Support Enabled
INFO - 2024-10-05 01:05:09 --> Utf8 Class Initialized
INFO - 2024-10-05 01:05:09 --> URI Class Initialized
INFO - 2024-10-05 01:05:09 --> Router Class Initialized
INFO - 2024-10-05 01:05:09 --> Output Class Initialized
INFO - 2024-10-05 01:05:09 --> Security Class Initialized
DEBUG - 2024-10-05 01:05:09 --> Global POST, GET and COOKIE data sanitized
INFO - 2024-10-05 01:05:09 --> Input Class Initialized
INFO - 2024-10-05 01:05:09 --> Language Class Initialized
INFO - 2024-10-05 01:05:09 --> Loader Class Initialized
INFO - 2024-10-05 01:05:09 --> Helper loaded: url_helper
INFO - 2024-10-05 01:05:09 --> Database Driver Class Initialized
INFO - 2024-10-05 01:05:09 --> Controller Class Initialized
INFO - 2024-10-05 01:05:09 --> Model "Mconfigkey" initialized
INFO - 2024-10-05 01:05:09 --> Final output sent to browser
DEBUG - 2024-10-05 01:05:09 --> Total execution time: 0.0184
INFO - 2024-10-05 10:45:22 --> Config Class Initialized
INFO - 2024-10-05 10:45:22 --> Hooks Class Initialized
DEBUG - 2024-10-05 10:45:22 --> UTF-8 Support Enabled
INFO - 2024-10-05 10:45:22 --> Utf8 Class Initialized
INFO - 2024-10-05 10:45:22 --> URI Class Initialized
INFO - 2024-10-05 10:45:22 --> Router Class Initialized
INFO - 2024-10-05 10:45:22 --> Output Class Initialized
INFO - 2024-10-05 10:45:22 --> Security Class Initialized
DEBUG - 2024-10-05 10:45:22 --> Global POST, GET and COOKIE data sanitized
INFO - 2024-10-05 10:45:22 --> Input Class Initialized
INFO - 2024-10-05 10:45:22 --> Language Class Initialized
INFO - 2024-10-05 10:45:22 --> Loader Class Initialized
INFO - 2024-10-05 10:45:22 --> Helper loaded: url_helper
INFO - 2024-10-05 10:45:22 --> Database Driver Class Initialized
INFO - 2024-10-05 10:45:22 --> Controller Class Initialized
INFO - 2024-10-05 10:45:22 --> Model "Mconfigkey" initialized
INFO - 2024-10-05 10:45:22 --> Final output sent to browser
DEBUG - 2024-10-05 10:45:22 --> Total execution time: 0.0217
