INFO - 2023-12-15 00:48:43 --> Config Class Initialized
INFO - 2023-12-15 00:48:43 --> Hooks Class Initialized
DEBUG - 2023-12-15 00:48:43 --> UTF-8 Support Enabled
INFO - 2023-12-15 00:48:43 --> Utf8 Class Initialized
INFO - 2023-12-15 00:48:43 --> URI Class Initialized
INFO - 2023-12-15 00:48:43 --> Router Class Initialized
INFO - 2023-12-15 00:48:43 --> Output Class Initialized
INFO - 2023-12-15 00:48:43 --> Security Class Initialized
DEBUG - 2023-12-15 00:48:43 --> Global POST, GET and COOKIE data sanitized
INFO - 2023-12-15 00:48:43 --> Input Class Initialized
INFO - 2023-12-15 00:48:43 --> Language Class Initialized
INFO - 2023-12-15 00:48:43 --> Loader Class Initialized
INFO - 2023-12-15 00:48:43 --> Helper loaded: url_helper
INFO - 2023-12-15 00:48:43 --> Database Driver Class Initialized
INFO - 2023-12-15 00:48:43 --> Controller Class Initialized
INFO - 2023-12-15 00:48:43 --> Model "Mauth" initialized
INFO - 2023-12-15 00:48:44 --> Model "Mconfigkey" initialized
INFO - 2023-12-15 00:48:44 --> Final output sent to browser
DEBUG - 2023-12-15 00:48:44 --> Total execution time: 0.2101
INFO - 2023-12-15 00:48:52 --> Config Class Initialized
INFO - 2023-12-15 00:48:52 --> Hooks Class Initialized
DEBUG - 2023-12-15 00:48:52 --> UTF-8 Support Enabled
INFO - 2023-12-15 00:48:52 --> Utf8 Class Initialized
INFO - 2023-12-15 00:48:52 --> URI Class Initialized
INFO - 2023-12-15 00:48:52 --> Router Class Initialized
INFO - 2023-12-15 00:48:52 --> Output Class Initialized
INFO - 2023-12-15 00:48:52 --> Security Class Initialized
DEBUG - 2023-12-15 00:48:52 --> Global POST, GET and COOKIE data sanitized
INFO - 2023-12-15 00:48:52 --> Input Class Initialized
INFO - 2023-12-15 00:48:52 --> Language Class Initialized
INFO - 2023-12-15 00:48:52 --> Loader Class Initialized
INFO - 2023-12-15 00:48:52 --> Helper loaded: url_helper
INFO - 2023-12-15 00:48:52 --> Database Driver Class Initialized
INFO - 2023-12-15 00:48:52 --> Controller Class Initialized
INFO - 2023-12-15 00:48:52 --> Model "Mconfigkey" initialized
INFO - 2023-12-15 00:48:52 --> Model "Minv_material_in_aw" initialized
INFO - 2023-12-15 00:48:52 --> Final output sent to browser
DEBUG - 2023-12-15 00:48:52 --> Total execution time: 0.1912
INFO - 2023-12-15 00:49:04 --> Config Class Initialized
INFO - 2023-12-15 00:49:04 --> Hooks Class Initialized
DEBUG - 2023-12-15 00:49:04 --> UTF-8 Support Enabled
INFO - 2023-12-15 00:49:04 --> Utf8 Class Initialized
INFO - 2023-12-15 00:49:04 --> URI Class Initialized
INFO - 2023-12-15 00:49:04 --> Router Class Initialized
INFO - 2023-12-15 00:49:04 --> Output Class Initialized
INFO - 2023-12-15 00:49:04 --> Security Class Initialized
DEBUG - 2023-12-15 00:49:04 --> Global POST, GET and COOKIE data sanitized
INFO - 2023-12-15 00:49:04 --> Input Class Initialized
INFO - 2023-12-15 00:49:04 --> Language Class Initialized
INFO - 2023-12-15 00:49:04 --> Loader Class Initialized
INFO - 2023-12-15 00:49:04 --> Helper loaded: url_helper
INFO - 2023-12-15 00:49:04 --> Database Driver Class Initialized
INFO - 2023-12-15 00:49:04 --> Controller Class Initialized
INFO - 2023-12-15 00:49:04 --> Model "Mconfigkey" initialized
INFO - 2023-12-15 00:49:04 --> Model "Mmst_item" initialized
INFO - 2023-12-15 00:49:04 --> Final output sent to browser
DEBUG - 2023-12-15 00:49:04 --> Total execution time: 0.1762
INFO - 2023-12-15 00:49:07 --> Config Class Initialized
INFO - 2023-12-15 00:49:07 --> Hooks Class Initialized
DEBUG - 2023-12-15 00:49:07 --> UTF-8 Support Enabled
INFO - 2023-12-15 00:49:07 --> Utf8 Class Initialized
INFO - 2023-12-15 00:49:07 --> URI Class Initialized
INFO - 2023-12-15 00:49:07 --> Router Class Initialized
INFO - 2023-12-15 00:49:07 --> Output Class Initialized
INFO - 2023-12-15 00:49:07 --> Security Class Initialized
DEBUG - 2023-12-15 00:49:07 --> Global POST, GET and COOKIE data sanitized
INFO - 2023-12-15 00:49:07 --> Input Class Initialized
INFO - 2023-12-15 00:49:07 --> Language Class Initialized
INFO - 2023-12-15 00:49:07 --> Loader Class Initialized
INFO - 2023-12-15 00:49:07 --> Helper loaded: url_helper
INFO - 2023-12-15 00:49:07 --> Database Driver Class Initialized
INFO - 2023-12-15 00:49:07 --> Controller Class Initialized
INFO - 2023-12-15 00:49:07 --> Model "Mconfigkey" initialized
INFO - 2023-12-15 00:49:07 --> Model "Mmst_item_hs" initialized
INFO - 2023-12-15 00:49:07 --> Final output sent to browser
DEBUG - 2023-12-15 00:49:07 --> Total execution time: 0.1871
INFO - 2023-12-15 00:49:09 --> Config Class Initialized
INFO - 2023-12-15 00:49:09 --> Hooks Class Initialized
DEBUG - 2023-12-15 00:49:09 --> UTF-8 Support Enabled
INFO - 2023-12-15 00:49:09 --> Utf8 Class Initialized
INFO - 2023-12-15 00:49:09 --> URI Class Initialized
INFO - 2023-12-15 00:49:09 --> Router Class Initialized
INFO - 2023-12-15 00:49:09 --> Output Class Initialized
INFO - 2023-12-15 00:49:09 --> Security Class Initialized
DEBUG - 2023-12-15 00:49:09 --> Global POST, GET and COOKIE data sanitized
INFO - 2023-12-15 00:49:09 --> Input Class Initialized
INFO - 2023-12-15 00:49:09 --> Language Class Initialized
INFO - 2023-12-15 00:49:09 --> Loader Class Initialized
INFO - 2023-12-15 00:49:09 --> Helper loaded: url_helper
INFO - 2023-12-15 00:49:09 --> Database Driver Class Initialized
INFO - 2023-12-15 00:49:09 --> Controller Class Initialized
INFO - 2023-12-15 00:49:09 --> Model "Mconfigkey" initialized
INFO - 2023-12-15 00:49:09 --> Model "Mmatrix" initialized
INFO - 2023-12-15 00:49:09 --> Final output sent to browser
DEBUG - 2023-12-15 00:49:09 --> Total execution time: 0.1591
INFO - 2023-12-15 00:49:52 --> Config Class Initialized
INFO - 2023-12-15 00:49:52 --> Hooks Class Initialized
DEBUG - 2023-12-15 00:49:52 --> UTF-8 Support Enabled
INFO - 2023-12-15 00:49:52 --> Utf8 Class Initialized
INFO - 2023-12-15 00:49:52 --> URI Class Initialized
INFO - 2023-12-15 00:49:52 --> Router Class Initialized
INFO - 2023-12-15 00:49:52 --> Output Class Initialized
INFO - 2023-12-15 00:49:52 --> Security Class Initialized
DEBUG - 2023-12-15 00:49:52 --> Global POST, GET and COOKIE data sanitized
INFO - 2023-12-15 00:49:52 --> Input Class Initialized
INFO - 2023-12-15 00:49:52 --> Language Class Initialized
INFO - 2023-12-15 00:49:52 --> Loader Class Initialized
INFO - 2023-12-15 00:49:52 --> Helper loaded: url_helper
INFO - 2023-12-15 00:49:52 --> Database Driver Class Initialized
INFO - 2023-12-15 00:49:52 --> Controller Class Initialized
INFO - 2023-12-15 00:49:52 --> Model "Mconfigkey" initialized
INFO - 2023-12-15 00:49:52 --> Model "Minv_material_control_aw" initialized
INFO - 2023-12-15 00:49:52 --> Final output sent to browser
DEBUG - 2023-12-15 00:49:52 --> Total execution time: 0.1643
INFO - 2023-12-15 00:49:53 --> Config Class Initialized
INFO - 2023-12-15 00:49:53 --> Hooks Class Initialized
DEBUG - 2023-12-15 00:49:53 --> UTF-8 Support Enabled
INFO - 2023-12-15 00:49:53 --> Utf8 Class Initialized
INFO - 2023-12-15 00:49:53 --> URI Class Initialized
INFO - 2023-12-15 00:49:53 --> Router Class Initialized
INFO - 2023-12-15 00:49:53 --> Output Class Initialized
INFO - 2023-12-15 00:49:53 --> Security Class Initialized
DEBUG - 2023-12-15 00:49:53 --> Global POST, GET and COOKIE data sanitized
INFO - 2023-12-15 00:49:53 --> Input Class Initialized
INFO - 2023-12-15 00:49:53 --> Language Class Initialized
INFO - 2023-12-15 00:49:53 --> Loader Class Initialized
INFO - 2023-12-15 00:49:53 --> Helper loaded: url_helper
INFO - 2023-12-15 00:49:53 --> Database Driver Class Initialized
INFO - 2023-12-15 00:49:53 --> Controller Class Initialized
INFO - 2023-12-15 00:49:53 --> Model "Mconfigkey" initialized
INFO - 2023-12-15 00:49:53 --> Model "Minv_material_control_aw" initialized
INFO - 2023-12-15 00:49:53 --> Final output sent to browser
DEBUG - 2023-12-15 00:49:53 --> Total execution time: 0.1846
INFO - 2023-12-15 00:49:57 --> Config Class Initialized
INFO - 2023-12-15 00:49:57 --> Hooks Class Initialized
DEBUG - 2023-12-15 00:49:57 --> UTF-8 Support Enabled
INFO - 2023-12-15 00:49:57 --> Utf8 Class Initialized
INFO - 2023-12-15 00:49:57 --> URI Class Initialized
INFO - 2023-12-15 00:49:57 --> Router Class Initialized
INFO - 2023-12-15 00:49:57 --> Output Class Initialized
INFO - 2023-12-15 00:49:57 --> Security Class Initialized
DEBUG - 2023-12-15 00:49:57 --> Global POST, GET and COOKIE data sanitized
INFO - 2023-12-15 00:49:57 --> Input Class Initialized
INFO - 2023-12-15 00:49:57 --> Language Class Initialized
INFO - 2023-12-15 00:49:57 --> Loader Class Initialized
INFO - 2023-12-15 00:49:57 --> Helper loaded: url_helper
INFO - 2023-12-15 00:49:57 --> Database Driver Class Initialized
INFO - 2023-12-15 00:49:57 --> Controller Class Initialized
INFO - 2023-12-15 00:49:57 --> Model "Mconfigkey" initialized
INFO - 2023-12-15 00:49:57 --> Model "Minv_material_control_aw" initialized
INFO - 2023-12-15 00:49:57 --> Final output sent to browser
DEBUG - 2023-12-15 00:49:57 --> Total execution time: 0.1284
INFO - 2023-12-15 00:50:02 --> Config Class Initialized
INFO - 2023-12-15 00:50:02 --> Hooks Class Initialized
DEBUG - 2023-12-15 00:50:02 --> UTF-8 Support Enabled
INFO - 2023-12-15 00:50:02 --> Utf8 Class Initialized
INFO - 2023-12-15 00:50:02 --> URI Class Initialized
INFO - 2023-12-15 00:50:02 --> Router Class Initialized
INFO - 2023-12-15 00:50:02 --> Output Class Initialized
INFO - 2023-12-15 00:50:02 --> Security Class Initialized
DEBUG - 2023-12-15 00:50:02 --> Global POST, GET and COOKIE data sanitized
INFO - 2023-12-15 00:50:02 --> Input Class Initialized
INFO - 2023-12-15 00:50:02 --> Language Class Initialized
INFO - 2023-12-15 00:50:02 --> Loader Class Initialized
INFO - 2023-12-15 00:50:02 --> Helper loaded: url_helper
INFO - 2023-12-15 00:50:02 --> Database Driver Class Initialized
INFO - 2023-12-15 00:50:03 --> Controller Class Initialized
INFO - 2023-12-15 00:50:03 --> Model "Mconfigkey" initialized
INFO - 2023-12-15 00:50:03 --> Model "Mbcout_28" initialized
INFO - 2023-12-15 00:50:03 --> Final output sent to browser
DEBUG - 2023-12-15 00:50:03 --> Total execution time: 0.1815
INFO - 2023-12-15 00:50:05 --> Config Class Initialized
INFO - 2023-12-15 00:50:05 --> Hooks Class Initialized
DEBUG - 2023-12-15 00:50:05 --> UTF-8 Support Enabled
INFO - 2023-12-15 00:50:05 --> Utf8 Class Initialized
INFO - 2023-12-15 00:50:05 --> URI Class Initialized
INFO - 2023-12-15 00:50:05 --> Router Class Initialized
INFO - 2023-12-15 00:50:05 --> Output Class Initialized
INFO - 2023-12-15 00:50:05 --> Security Class Initialized
DEBUG - 2023-12-15 00:50:05 --> Global POST, GET and COOKIE data sanitized
INFO - 2023-12-15 00:50:05 --> Input Class Initialized
INFO - 2023-12-15 00:50:05 --> Language Class Initialized
INFO - 2023-12-15 00:50:05 --> Loader Class Initialized
INFO - 2023-12-15 00:50:05 --> Helper loaded: url_helper
INFO - 2023-12-15 00:50:05 --> Database Driver Class Initialized
INFO - 2023-12-15 00:50:05 --> Controller Class Initialized
INFO - 2023-12-15 00:50:05 --> Model "Mconfigkey" initialized
INFO - 2023-12-15 00:50:05 --> Model "Mbcout_41" initialized
INFO - 2023-12-15 00:50:05 --> Final output sent to browser
DEBUG - 2023-12-15 00:50:05 --> Total execution time: 0.1726
INFO - 2023-12-15 00:50:17 --> Config Class Initialized
INFO - 2023-12-15 00:50:17 --> Hooks Class Initialized
DEBUG - 2023-12-15 00:50:17 --> UTF-8 Support Enabled
INFO - 2023-12-15 00:50:17 --> Utf8 Class Initialized
INFO - 2023-12-15 00:50:17 --> URI Class Initialized
INFO - 2023-12-15 00:50:17 --> Router Class Initialized
INFO - 2023-12-15 00:50:17 --> Output Class Initialized
INFO - 2023-12-15 00:50:17 --> Security Class Initialized
DEBUG - 2023-12-15 00:50:17 --> Global POST, GET and COOKIE data sanitized
INFO - 2023-12-15 00:50:17 --> Input Class Initialized
INFO - 2023-12-15 00:50:17 --> Language Class Initialized
INFO - 2023-12-15 00:50:17 --> Loader Class Initialized
INFO - 2023-12-15 00:50:17 --> Helper loaded: url_helper
INFO - 2023-12-15 00:50:17 --> Database Driver Class Initialized
INFO - 2023-12-15 00:50:18 --> Controller Class Initialized
INFO - 2023-12-15 00:50:18 --> Model "Mconfigkey" initialized
INFO - 2023-12-15 00:50:18 --> Model "Mbcin_271" initialized
INFO - 2023-12-15 00:50:18 --> Final output sent to browser
DEBUG - 2023-12-15 00:50:18 --> Total execution time: 0.1797
INFO - 2023-12-15 00:50:18 --> Config Class Initialized
INFO - 2023-12-15 00:50:18 --> Hooks Class Initialized
DEBUG - 2023-12-15 00:50:18 --> UTF-8 Support Enabled
INFO - 2023-12-15 00:50:18 --> Utf8 Class Initialized
INFO - 2023-12-15 00:50:18 --> URI Class Initialized
INFO - 2023-12-15 00:50:18 --> Router Class Initialized
INFO - 2023-12-15 00:50:18 --> Output Class Initialized
INFO - 2023-12-15 00:50:18 --> Security Class Initialized
DEBUG - 2023-12-15 00:50:18 --> Global POST, GET and COOKIE data sanitized
INFO - 2023-12-15 00:50:18 --> Input Class Initialized
INFO - 2023-12-15 00:50:18 --> Language Class Initialized
INFO - 2023-12-15 00:50:18 --> Loader Class Initialized
INFO - 2023-12-15 00:50:18 --> Helper loaded: url_helper
INFO - 2023-12-15 00:50:18 --> Database Driver Class Initialized
INFO - 2023-12-15 00:50:19 --> Controller Class Initialized
INFO - 2023-12-15 00:50:19 --> Model "Mconfigkey" initialized
INFO - 2023-12-15 00:50:19 --> Model "Mbcin_16" initialized
INFO - 2023-12-15 00:50:19 --> Final output sent to browser
DEBUG - 2023-12-15 00:50:19 --> Total execution time: 0.2083
INFO - 2023-12-15 00:50:23 --> Config Class Initialized
INFO - 2023-12-15 00:50:23 --> Hooks Class Initialized
DEBUG - 2023-12-15 00:50:23 --> UTF-8 Support Enabled
INFO - 2023-12-15 00:50:23 --> Utf8 Class Initialized
INFO - 2023-12-15 00:50:23 --> URI Class Initialized
INFO - 2023-12-15 00:50:23 --> Router Class Initialized
INFO - 2023-12-15 00:50:23 --> Output Class Initialized
INFO - 2023-12-15 00:50:23 --> Security Class Initialized
DEBUG - 2023-12-15 00:50:23 --> Global POST, GET and COOKIE data sanitized
INFO - 2023-12-15 00:50:23 --> Input Class Initialized
INFO - 2023-12-15 00:50:23 --> Language Class Initialized
INFO - 2023-12-15 00:50:23 --> Loader Class Initialized
INFO - 2023-12-15 00:50:23 --> Helper loaded: url_helper
INFO - 2023-12-15 00:50:23 --> Database Driver Class Initialized
INFO - 2023-12-15 00:50:23 --> Controller Class Initialized
INFO - 2023-12-15 00:50:23 --> Model "Mconfigkey" initialized
INFO - 2023-12-15 00:50:23 --> Final output sent to browser
DEBUG - 2023-12-15 00:50:23 --> Total execution time: 0.1375
INFO - 2023-12-15 01:18:49 --> Config Class Initialized
INFO - 2023-12-15 01:18:49 --> Hooks Class Initialized
DEBUG - 2023-12-15 01:18:49 --> UTF-8 Support Enabled
INFO - 2023-12-15 01:18:49 --> Utf8 Class Initialized
INFO - 2023-12-15 01:18:49 --> URI Class Initialized
INFO - 2023-12-15 01:18:49 --> Router Class Initialized
INFO - 2023-12-15 01:18:49 --> Output Class Initialized
INFO - 2023-12-15 01:18:49 --> Security Class Initialized
DEBUG - 2023-12-15 01:18:49 --> Global POST, GET and COOKIE data sanitized
INFO - 2023-12-15 01:18:49 --> Input Class Initialized
INFO - 2023-12-15 01:18:49 --> Language Class Initialized
INFO - 2023-12-15 01:18:49 --> Loader Class Initialized
INFO - 2023-12-15 01:18:49 --> Helper loaded: url_helper
INFO - 2023-12-15 01:18:49 --> Database Driver Class Initialized
INFO - 2023-12-15 01:18:50 --> Controller Class Initialized
INFO - 2023-12-15 01:18:50 --> Model "Mauth" initialized
INFO - 2023-12-15 01:18:50 --> Model "Mconfigkey" initialized
INFO - 2023-12-15 01:18:50 --> Final output sent to browser
DEBUG - 2023-12-15 01:18:50 --> Total execution time: 0.2081
INFO - 2023-12-15 01:18:57 --> Config Class Initialized
INFO - 2023-12-15 01:18:57 --> Hooks Class Initialized
DEBUG - 2023-12-15 01:18:57 --> UTF-8 Support Enabled
INFO - 2023-12-15 01:18:57 --> Utf8 Class Initialized
INFO - 2023-12-15 01:18:57 --> URI Class Initialized
INFO - 2023-12-15 01:18:57 --> Router Class Initialized
INFO - 2023-12-15 01:18:57 --> Output Class Initialized
INFO - 2023-12-15 01:18:57 --> Security Class Initialized
DEBUG - 2023-12-15 01:18:57 --> Global POST, GET and COOKIE data sanitized
INFO - 2023-12-15 01:18:57 --> Input Class Initialized
INFO - 2023-12-15 01:18:57 --> Language Class Initialized
INFO - 2023-12-15 01:18:57 --> Loader Class Initialized
INFO - 2023-12-15 01:18:57 --> Helper loaded: url_helper
INFO - 2023-12-15 01:18:57 --> Database Driver Class Initialized
INFO - 2023-12-15 01:18:57 --> Controller Class Initialized
INFO - 2023-12-15 01:18:57 --> Model "Mconfigkey" initialized
INFO - 2023-12-15 01:18:57 --> Model "Minv_material_control_aw" initialized
INFO - 2023-12-15 01:18:57 --> Final output sent to browser
DEBUG - 2023-12-15 01:18:57 --> Total execution time: 0.1492
INFO - 2023-12-15 01:18:58 --> Config Class Initialized
INFO - 2023-12-15 01:18:58 --> Hooks Class Initialized
DEBUG - 2023-12-15 01:18:58 --> UTF-8 Support Enabled
INFO - 2023-12-15 01:18:58 --> Utf8 Class Initialized
INFO - 2023-12-15 01:18:58 --> URI Class Initialized
INFO - 2023-12-15 01:18:58 --> Router Class Initialized
INFO - 2023-12-15 01:18:58 --> Output Class Initialized
INFO - 2023-12-15 01:18:58 --> Security Class Initialized
DEBUG - 2023-12-15 01:18:58 --> Global POST, GET and COOKIE data sanitized
INFO - 2023-12-15 01:18:58 --> Input Class Initialized
INFO - 2023-12-15 01:18:58 --> Language Class Initialized
INFO - 2023-12-15 01:18:58 --> Loader Class Initialized
INFO - 2023-12-15 01:18:58 --> Helper loaded: url_helper
INFO - 2023-12-15 01:18:58 --> Database Driver Class Initialized
INFO - 2023-12-15 01:18:58 --> Controller Class Initialized
INFO - 2023-12-15 01:18:58 --> Model "Mconfigkey" initialized
INFO - 2023-12-15 01:18:58 --> Model "Minv_material_out_aw" initialized
INFO - 2023-12-15 01:18:58 --> Final output sent to browser
DEBUG - 2023-12-15 01:18:58 --> Total execution time: 0.2402
INFO - 2023-12-15 01:18:59 --> Config Class Initialized
INFO - 2023-12-15 01:18:59 --> Hooks Class Initialized
DEBUG - 2023-12-15 01:18:59 --> UTF-8 Support Enabled
INFO - 2023-12-15 01:18:59 --> Utf8 Class Initialized
INFO - 2023-12-15 01:18:59 --> URI Class Initialized
INFO - 2023-12-15 01:18:59 --> Router Class Initialized
INFO - 2023-12-15 01:18:59 --> Output Class Initialized
INFO - 2023-12-15 01:18:59 --> Security Class Initialized
DEBUG - 2023-12-15 01:18:59 --> Global POST, GET and COOKIE data sanitized
INFO - 2023-12-15 01:18:59 --> Input Class Initialized
INFO - 2023-12-15 01:18:59 --> Language Class Initialized
INFO - 2023-12-15 01:18:59 --> Loader Class Initialized
INFO - 2023-12-15 01:18:59 --> Helper loaded: url_helper
INFO - 2023-12-15 01:18:59 --> Database Driver Class Initialized
INFO - 2023-12-15 01:18:59 --> Controller Class Initialized
INFO - 2023-12-15 01:18:59 --> Model "Mconfigkey" initialized
INFO - 2023-12-15 01:18:59 --> Model "Minv_material_in_aw" initialized
INFO - 2023-12-15 01:18:59 --> Final output sent to browser
DEBUG - 2023-12-15 01:18:59 --> Total execution time: 0.1892
INFO - 2023-12-15 01:19:24 --> Config Class Initialized
INFO - 2023-12-15 01:19:24 --> Hooks Class Initialized
DEBUG - 2023-12-15 01:19:24 --> UTF-8 Support Enabled
INFO - 2023-12-15 01:19:24 --> Utf8 Class Initialized
INFO - 2023-12-15 01:19:24 --> URI Class Initialized
INFO - 2023-12-15 01:19:24 --> Router Class Initialized
INFO - 2023-12-15 01:19:24 --> Output Class Initialized
INFO - 2023-12-15 01:19:24 --> Security Class Initialized
DEBUG - 2023-12-15 01:19:24 --> Global POST, GET and COOKIE data sanitized
INFO - 2023-12-15 01:19:24 --> Input Class Initialized
INFO - 2023-12-15 01:19:24 --> Language Class Initialized
INFO - 2023-12-15 01:19:24 --> Loader Class Initialized
INFO - 2023-12-15 01:19:24 --> Helper loaded: url_helper
INFO - 2023-12-15 01:19:24 --> Database Driver Class Initialized
INFO - 2023-12-15 01:19:24 --> Controller Class Initialized
INFO - 2023-12-15 01:19:24 --> Model "Mconfigkey" initialized
INFO - 2023-12-15 01:19:24 --> Model "Mmst_item" initialized
INFO - 2023-12-15 01:19:24 --> Final output sent to browser
DEBUG - 2023-12-15 01:19:24 --> Total execution time: 0.1736
INFO - 2023-12-15 01:19:29 --> Config Class Initialized
INFO - 2023-12-15 01:19:29 --> Hooks Class Initialized
DEBUG - 2023-12-15 01:19:29 --> UTF-8 Support Enabled
INFO - 2023-12-15 01:19:29 --> Utf8 Class Initialized
INFO - 2023-12-15 01:19:29 --> URI Class Initialized
INFO - 2023-12-15 01:19:29 --> Router Class Initialized
INFO - 2023-12-15 01:19:29 --> Output Class Initialized
INFO - 2023-12-15 01:19:29 --> Security Class Initialized
DEBUG - 2023-12-15 01:19:29 --> Global POST, GET and COOKIE data sanitized
INFO - 2023-12-15 01:19:29 --> Input Class Initialized
INFO - 2023-12-15 01:19:29 --> Language Class Initialized
INFO - 2023-12-15 01:19:29 --> Loader Class Initialized
INFO - 2023-12-15 01:19:29 --> Helper loaded: url_helper
INFO - 2023-12-15 01:19:29 --> Database Driver Class Initialized
INFO - 2023-12-15 01:19:29 --> Controller Class Initialized
INFO - 2023-12-15 01:19:29 --> Model "Mconfigkey" initialized
INFO - 2023-12-15 01:19:29 --> Final output sent to browser
DEBUG - 2023-12-15 01:19:29 --> Total execution time: 0.1396
INFO - 2023-12-15 01:19:41 --> Config Class Initialized
INFO - 2023-12-15 01:19:41 --> Hooks Class Initialized
DEBUG - 2023-12-15 01:19:41 --> UTF-8 Support Enabled
INFO - 2023-12-15 01:19:41 --> Utf8 Class Initialized
INFO - 2023-12-15 01:19:41 --> URI Class Initialized
INFO - 2023-12-15 01:19:41 --> Router Class Initialized
INFO - 2023-12-15 01:19:41 --> Output Class Initialized
INFO - 2023-12-15 01:19:41 --> Security Class Initialized
DEBUG - 2023-12-15 01:19:41 --> Global POST, GET and COOKIE data sanitized
INFO - 2023-12-15 01:19:41 --> Input Class Initialized
INFO - 2023-12-15 01:19:41 --> Language Class Initialized
INFO - 2023-12-15 01:19:41 --> Loader Class Initialized
INFO - 2023-12-15 01:19:41 --> Helper loaded: url_helper
INFO - 2023-12-15 01:19:41 --> Database Driver Class Initialized
INFO - 2023-12-15 01:19:41 --> Controller Class Initialized
INFO - 2023-12-15 01:19:41 --> Model "Mconfigkey" initialized
INFO - 2023-12-15 01:19:41 --> Model "Mmst_fg_bom" initialized
INFO - 2023-12-15 01:19:41 --> Final output sent to browser
DEBUG - 2023-12-15 01:19:41 --> Total execution time: 0.1913
INFO - 2023-12-15 01:20:39 --> Config Class Initialized
INFO - 2023-12-15 01:20:39 --> Hooks Class Initialized
DEBUG - 2023-12-15 01:20:39 --> UTF-8 Support Enabled
INFO - 2023-12-15 01:20:39 --> Utf8 Class Initialized
INFO - 2023-12-15 01:20:39 --> URI Class Initialized
INFO - 2023-12-15 01:20:39 --> Router Class Initialized
INFO - 2023-12-15 01:20:39 --> Output Class Initialized
INFO - 2023-12-15 01:20:39 --> Security Class Initialized
DEBUG - 2023-12-15 01:20:39 --> Global POST, GET and COOKIE data sanitized
INFO - 2023-12-15 01:20:39 --> Input Class Initialized
INFO - 2023-12-15 01:20:39 --> Language Class Initialized
INFO - 2023-12-15 01:20:39 --> Loader Class Initialized
INFO - 2023-12-15 01:20:39 --> Helper loaded: url_helper
INFO - 2023-12-15 01:20:39 --> Database Driver Class Initialized
INFO - 2023-12-15 01:20:39 --> Controller Class Initialized
INFO - 2023-12-15 01:20:39 --> Model "Mconfigkey" initialized
INFO - 2023-12-15 01:20:39 --> Model "Mmatrix" initialized
INFO - 2023-12-15 01:20:39 --> Final output sent to browser
DEBUG - 2023-12-15 01:20:39 --> Total execution time: 0.1592
INFO - 2023-12-15 02:17:32 --> Config Class Initialized
INFO - 2023-12-15 02:17:32 --> Hooks Class Initialized
DEBUG - 2023-12-15 02:17:32 --> UTF-8 Support Enabled
INFO - 2023-12-15 02:17:32 --> Utf8 Class Initialized
INFO - 2023-12-15 02:17:32 --> URI Class Initialized
INFO - 2023-12-15 02:17:32 --> Router Class Initialized
INFO - 2023-12-15 02:17:32 --> Output Class Initialized
INFO - 2023-12-15 02:17:32 --> Security Class Initialized
DEBUG - 2023-12-15 02:17:32 --> Global POST, GET and COOKIE data sanitized
INFO - 2023-12-15 02:17:32 --> Input Class Initialized
INFO - 2023-12-15 02:17:32 --> Language Class Initialized
INFO - 2023-12-15 02:17:32 --> Loader Class Initialized
INFO - 2023-12-15 02:17:32 --> Helper loaded: url_helper
INFO - 2023-12-15 02:17:32 --> Database Driver Class Initialized
INFO - 2023-12-15 02:17:32 --> Controller Class Initialized
INFO - 2023-12-15 02:17:32 --> Model "Mconfigkey" initialized
INFO - 2023-12-15 02:17:32 --> Final output sent to browser
DEBUG - 2023-12-15 02:17:32 --> Total execution time: 0.1418
INFO - 2023-12-15 02:17:42 --> Config Class Initialized
INFO - 2023-12-15 02:17:42 --> Hooks Class Initialized
DEBUG - 2023-12-15 02:17:42 --> UTF-8 Support Enabled
INFO - 2023-12-15 02:17:42 --> Utf8 Class Initialized
INFO - 2023-12-15 02:17:42 --> URI Class Initialized
INFO - 2023-12-15 02:17:42 --> Router Class Initialized
INFO - 2023-12-15 02:17:42 --> Output Class Initialized
INFO - 2023-12-15 02:17:42 --> Security Class Initialized
DEBUG - 2023-12-15 02:17:42 --> Global POST, GET and COOKIE data sanitized
INFO - 2023-12-15 02:17:42 --> Input Class Initialized
INFO - 2023-12-15 02:17:42 --> Language Class Initialized
INFO - 2023-12-15 02:17:42 --> Loader Class Initialized
INFO - 2023-12-15 02:17:42 --> Helper loaded: url_helper
INFO - 2023-12-15 02:17:42 --> Database Driver Class Initialized
INFO - 2023-12-15 02:17:42 --> Controller Class Initialized
INFO - 2023-12-15 02:17:42 --> Model "Mauth" initialized
INFO - 2023-12-15 02:17:42 --> Final output sent to browser
DEBUG - 2023-12-15 02:17:42 --> Total execution time: 0.1581
INFO - 2023-12-15 02:18:09 --> Config Class Initialized
INFO - 2023-12-15 02:18:09 --> Hooks Class Initialized
DEBUG - 2023-12-15 02:18:09 --> UTF-8 Support Enabled
INFO - 2023-12-15 02:18:09 --> Utf8 Class Initialized
INFO - 2023-12-15 02:18:09 --> URI Class Initialized
INFO - 2023-12-15 02:18:09 --> Router Class Initialized
INFO - 2023-12-15 02:18:09 --> Output Class Initialized
INFO - 2023-12-15 02:18:09 --> Security Class Initialized
DEBUG - 2023-12-15 02:18:09 --> Global POST, GET and COOKIE data sanitized
INFO - 2023-12-15 02:18:09 --> Input Class Initialized
INFO - 2023-12-15 02:18:09 --> Language Class Initialized
INFO - 2023-12-15 02:18:09 --> Loader Class Initialized
INFO - 2023-12-15 02:18:09 --> Helper loaded: url_helper
INFO - 2023-12-15 02:18:09 --> Database Driver Class Initialized
INFO - 2023-12-15 02:18:09 --> Controller Class Initialized
INFO - 2023-12-15 02:18:09 --> Model "Mconfigkey" initialized
INFO - 2023-12-15 02:18:09 --> Final output sent to browser
DEBUG - 2023-12-15 02:18:09 --> Total execution time: 0.1424
INFO - 2023-12-15 02:18:17 --> Config Class Initialized
INFO - 2023-12-15 02:18:17 --> Hooks Class Initialized
DEBUG - 2023-12-15 02:18:17 --> UTF-8 Support Enabled
INFO - 2023-12-15 02:18:17 --> Utf8 Class Initialized
INFO - 2023-12-15 02:18:17 --> URI Class Initialized
INFO - 2023-12-15 02:18:17 --> Router Class Initialized
INFO - 2023-12-15 02:18:17 --> Output Class Initialized
INFO - 2023-12-15 02:18:17 --> Security Class Initialized
DEBUG - 2023-12-15 02:18:17 --> Global POST, GET and COOKIE data sanitized
INFO - 2023-12-15 02:18:17 --> Input Class Initialized
INFO - 2023-12-15 02:18:17 --> Language Class Initialized
INFO - 2023-12-15 02:18:17 --> Loader Class Initialized
INFO - 2023-12-15 02:18:17 --> Helper loaded: url_helper
INFO - 2023-12-15 02:18:17 --> Database Driver Class Initialized
INFO - 2023-12-15 02:18:17 --> Controller Class Initialized
INFO - 2023-12-15 02:18:17 --> Model "Mauth" initialized
INFO - 2023-12-15 02:18:17 --> Final output sent to browser
DEBUG - 2023-12-15 02:18:17 --> Total execution time: 0.1561
INFO - 2023-12-15 02:18:30 --> Config Class Initialized
INFO - 2023-12-15 02:18:30 --> Hooks Class Initialized
DEBUG - 2023-12-15 02:18:30 --> UTF-8 Support Enabled
INFO - 2023-12-15 02:18:30 --> Utf8 Class Initialized
INFO - 2023-12-15 02:18:30 --> URI Class Initialized
INFO - 2023-12-15 02:18:30 --> Router Class Initialized
INFO - 2023-12-15 02:18:30 --> Output Class Initialized
INFO - 2023-12-15 02:18:30 --> Security Class Initialized
DEBUG - 2023-12-15 02:18:30 --> Global POST, GET and COOKIE data sanitized
INFO - 2023-12-15 02:18:30 --> Input Class Initialized
INFO - 2023-12-15 02:18:30 --> Language Class Initialized
INFO - 2023-12-15 02:18:30 --> Loader Class Initialized
INFO - 2023-12-15 02:18:30 --> Helper loaded: url_helper
INFO - 2023-12-15 02:18:30 --> Database Driver Class Initialized
INFO - 2023-12-15 02:18:30 --> Controller Class Initialized
INFO - 2023-12-15 02:18:30 --> Model "Mconfigkey" initialized
INFO - 2023-12-15 02:18:30 --> Final output sent to browser
DEBUG - 2023-12-15 02:18:30 --> Total execution time: 0.1372
INFO - 2023-12-15 02:19:02 --> Config Class Initialized
INFO - 2023-12-15 02:19:02 --> Hooks Class Initialized
DEBUG - 2023-12-15 02:19:02 --> UTF-8 Support Enabled
INFO - 2023-12-15 02:19:02 --> Utf8 Class Initialized
INFO - 2023-12-15 02:19:02 --> URI Class Initialized
INFO - 2023-12-15 02:19:02 --> Router Class Initialized
INFO - 2023-12-15 02:19:02 --> Output Class Initialized
INFO - 2023-12-15 02:19:02 --> Security Class Initialized
DEBUG - 2023-12-15 02:19:02 --> Global POST, GET and COOKIE data sanitized
INFO - 2023-12-15 02:19:02 --> Input Class Initialized
INFO - 2023-12-15 02:19:02 --> Language Class Initialized
INFO - 2023-12-15 02:19:02 --> Loader Class Initialized
INFO - 2023-12-15 02:19:02 --> Helper loaded: url_helper
INFO - 2023-12-15 02:19:02 --> Database Driver Class Initialized
INFO - 2023-12-15 02:19:02 --> Controller Class Initialized
INFO - 2023-12-15 02:19:02 --> Model "Mauth" initialized
INFO - 2023-12-15 02:19:02 --> Final output sent to browser
DEBUG - 2023-12-15 02:19:02 --> Total execution time: 0.1552
INFO - 2023-12-15 02:19:15 --> Config Class Initialized
INFO - 2023-12-15 02:19:15 --> Hooks Class Initialized
DEBUG - 2023-12-15 02:19:15 --> UTF-8 Support Enabled
INFO - 2023-12-15 02:19:15 --> Utf8 Class Initialized
INFO - 2023-12-15 02:19:15 --> URI Class Initialized
INFO - 2023-12-15 02:19:15 --> Router Class Initialized
INFO - 2023-12-15 02:19:15 --> Output Class Initialized
INFO - 2023-12-15 02:19:15 --> Security Class Initialized
DEBUG - 2023-12-15 02:19:15 --> Global POST, GET and COOKIE data sanitized
INFO - 2023-12-15 02:19:15 --> Input Class Initialized
INFO - 2023-12-15 02:19:15 --> Language Class Initialized
INFO - 2023-12-15 02:19:15 --> Loader Class Initialized
INFO - 2023-12-15 02:19:15 --> Helper loaded: url_helper
INFO - 2023-12-15 02:19:15 --> Database Driver Class Initialized
INFO - 2023-12-15 02:19:15 --> Controller Class Initialized
INFO - 2023-12-15 02:19:15 --> Model "Mauth" initialized
INFO - 2023-12-15 02:19:15 --> Final output sent to browser
DEBUG - 2023-12-15 02:19:15 --> Total execution time: 0.1577
INFO - 2023-12-15 02:19:20 --> Config Class Initialized
INFO - 2023-12-15 02:19:20 --> Hooks Class Initialized
DEBUG - 2023-12-15 02:19:20 --> UTF-8 Support Enabled
INFO - 2023-12-15 02:19:20 --> Utf8 Class Initialized
INFO - 2023-12-15 02:19:20 --> URI Class Initialized
INFO - 2023-12-15 02:19:20 --> Router Class Initialized
INFO - 2023-12-15 02:19:20 --> Output Class Initialized
INFO - 2023-12-15 02:19:20 --> Security Class Initialized
DEBUG - 2023-12-15 02:19:20 --> Global POST, GET and COOKIE data sanitized
INFO - 2023-12-15 02:19:20 --> Input Class Initialized
INFO - 2023-12-15 02:19:20 --> Language Class Initialized
INFO - 2023-12-15 02:19:20 --> Loader Class Initialized
INFO - 2023-12-15 02:19:20 --> Helper loaded: url_helper
INFO - 2023-12-15 02:19:20 --> Database Driver Class Initialized
INFO - 2023-12-15 02:19:20 --> Controller Class Initialized
INFO - 2023-12-15 02:19:20 --> Model "Mauth" initialized
INFO - 2023-12-15 02:19:20 --> Final output sent to browser
DEBUG - 2023-12-15 02:19:20 --> Total execution time: 0.1571
INFO - 2023-12-15 02:20:34 --> Config Class Initialized
INFO - 2023-12-15 02:20:34 --> Hooks Class Initialized
DEBUG - 2023-12-15 02:20:34 --> UTF-8 Support Enabled
INFO - 2023-12-15 02:20:34 --> Utf8 Class Initialized
INFO - 2023-12-15 02:20:34 --> URI Class Initialized
INFO - 2023-12-15 02:20:34 --> Router Class Initialized
INFO - 2023-12-15 02:20:34 --> Output Class Initialized
INFO - 2023-12-15 02:20:34 --> Security Class Initialized
DEBUG - 2023-12-15 02:20:34 --> Global POST, GET and COOKIE data sanitized
INFO - 2023-12-15 02:20:34 --> Input Class Initialized
INFO - 2023-12-15 02:20:34 --> Language Class Initialized
INFO - 2023-12-15 02:20:34 --> Loader Class Initialized
INFO - 2023-12-15 02:20:34 --> Helper loaded: url_helper
INFO - 2023-12-15 02:20:34 --> Database Driver Class Initialized
INFO - 2023-12-15 02:20:34 --> Controller Class Initialized
INFO - 2023-12-15 02:20:34 --> Model "Mauth" initialized
INFO - 2023-12-15 02:20:34 --> Model "Mconfigkey" initialized
INFO - 2023-12-15 02:20:34 --> Final output sent to browser
DEBUG - 2023-12-15 02:20:34 --> Total execution time: 0.2112
INFO - 2023-12-15 02:21:00 --> Config Class Initialized
INFO - 2023-12-15 02:21:00 --> Hooks Class Initialized
DEBUG - 2023-12-15 02:21:00 --> UTF-8 Support Enabled
INFO - 2023-12-15 02:21:00 --> Utf8 Class Initialized
INFO - 2023-12-15 02:21:00 --> URI Class Initialized
INFO - 2023-12-15 02:21:00 --> Router Class Initialized
INFO - 2023-12-15 02:21:00 --> Output Class Initialized
INFO - 2023-12-15 02:21:00 --> Security Class Initialized
DEBUG - 2023-12-15 02:21:00 --> Global POST, GET and COOKIE data sanitized
INFO - 2023-12-15 02:21:00 --> Input Class Initialized
INFO - 2023-12-15 02:21:00 --> Language Class Initialized
INFO - 2023-12-15 02:21:00 --> Loader Class Initialized
INFO - 2023-12-15 02:21:00 --> Helper loaded: url_helper
INFO - 2023-12-15 02:21:00 --> Database Driver Class Initialized
INFO - 2023-12-15 02:21:00 --> Controller Class Initialized
INFO - 2023-12-15 02:21:00 --> Model "Mconfigkey" initialized
INFO - 2023-12-15 02:21:00 --> Model "Mbcin_16" initialized
INFO - 2023-12-15 02:21:00 --> Final output sent to browser
DEBUG - 2023-12-15 02:21:00 --> Total execution time: 0.1768
INFO - 2023-12-15 02:21:01 --> Config Class Initialized
INFO - 2023-12-15 02:21:01 --> Hooks Class Initialized
DEBUG - 2023-12-15 02:21:01 --> UTF-8 Support Enabled
INFO - 2023-12-15 02:21:01 --> Utf8 Class Initialized
INFO - 2023-12-15 02:21:01 --> URI Class Initialized
INFO - 2023-12-15 02:21:01 --> Router Class Initialized
INFO - 2023-12-15 02:21:01 --> Output Class Initialized
INFO - 2023-12-15 02:21:01 --> Security Class Initialized
DEBUG - 2023-12-15 02:21:01 --> Global POST, GET and COOKIE data sanitized
INFO - 2023-12-15 02:21:01 --> Input Class Initialized
INFO - 2023-12-15 02:21:01 --> Language Class Initialized
INFO - 2023-12-15 02:21:01 --> Loader Class Initialized
INFO - 2023-12-15 02:21:01 --> Helper loaded: url_helper
INFO - 2023-12-15 02:21:01 --> Database Driver Class Initialized
INFO - 2023-12-15 02:21:01 --> Controller Class Initialized
INFO - 2023-12-15 02:21:01 --> Model "Mconfigkey" initialized
INFO - 2023-12-15 02:21:01 --> Model "Mbcin_271" initialized
INFO - 2023-12-15 02:21:02 --> Final output sent to browser
DEBUG - 2023-12-15 02:21:02 --> Total execution time: 0.1770
INFO - 2023-12-15 02:21:03 --> Config Class Initialized
INFO - 2023-12-15 02:21:03 --> Hooks Class Initialized
DEBUG - 2023-12-15 02:21:03 --> UTF-8 Support Enabled
INFO - 2023-12-15 02:21:03 --> Utf8 Class Initialized
INFO - 2023-12-15 02:21:03 --> URI Class Initialized
INFO - 2023-12-15 02:21:03 --> Router Class Initialized
INFO - 2023-12-15 02:21:03 --> Output Class Initialized
INFO - 2023-12-15 02:21:03 --> Security Class Initialized
DEBUG - 2023-12-15 02:21:03 --> Global POST, GET and COOKIE data sanitized
INFO - 2023-12-15 02:21:03 --> Input Class Initialized
INFO - 2023-12-15 02:21:03 --> Language Class Initialized
INFO - 2023-12-15 02:21:03 --> Loader Class Initialized
INFO - 2023-12-15 02:21:03 --> Helper loaded: url_helper
INFO - 2023-12-15 02:21:03 --> Database Driver Class Initialized
INFO - 2023-12-15 02:21:03 --> Controller Class Initialized
INFO - 2023-12-15 02:21:03 --> Model "Mconfigkey" initialized
INFO - 2023-12-15 02:21:03 --> Model "Mbcin_40" initialized
INFO - 2023-12-15 02:21:03 --> Final output sent to browser
DEBUG - 2023-12-15 02:21:03 --> Total execution time: 0.1748
INFO - 2023-12-15 02:21:03 --> Config Class Initialized
INFO - 2023-12-15 02:21:03 --> Hooks Class Initialized
DEBUG - 2023-12-15 02:21:03 --> UTF-8 Support Enabled
INFO - 2023-12-15 02:21:03 --> Utf8 Class Initialized
INFO - 2023-12-15 02:21:03 --> URI Class Initialized
INFO - 2023-12-15 02:21:03 --> Router Class Initialized
INFO - 2023-12-15 02:21:03 --> Output Class Initialized
INFO - 2023-12-15 02:21:03 --> Security Class Initialized
DEBUG - 2023-12-15 02:21:03 --> Global POST, GET and COOKIE data sanitized
INFO - 2023-12-15 02:21:03 --> Input Class Initialized
INFO - 2023-12-15 02:21:03 --> Language Class Initialized
INFO - 2023-12-15 02:21:03 --> Loader Class Initialized
INFO - 2023-12-15 02:21:03 --> Helper loaded: url_helper
INFO - 2023-12-15 02:21:03 --> Database Driver Class Initialized
INFO - 2023-12-15 02:21:04 --> Controller Class Initialized
INFO - 2023-12-15 02:21:04 --> Model "Mconfigkey" initialized
INFO - 2023-12-15 02:21:04 --> Model "Mbcin_ppb" initialized
INFO - 2023-12-15 02:21:04 --> Final output sent to browser
DEBUG - 2023-12-15 02:21:04 --> Total execution time: 0.1774
INFO - 2023-12-15 02:21:05 --> Config Class Initialized
INFO - 2023-12-15 02:21:05 --> Hooks Class Initialized
DEBUG - 2023-12-15 02:21:05 --> UTF-8 Support Enabled
INFO - 2023-12-15 02:21:05 --> Utf8 Class Initialized
INFO - 2023-12-15 02:21:05 --> URI Class Initialized
INFO - 2023-12-15 02:21:05 --> Router Class Initialized
INFO - 2023-12-15 02:21:05 --> Output Class Initialized
INFO - 2023-12-15 02:21:05 --> Security Class Initialized
DEBUG - 2023-12-15 02:21:05 --> Global POST, GET and COOKIE data sanitized
INFO - 2023-12-15 02:21:05 --> Input Class Initialized
INFO - 2023-12-15 02:21:05 --> Language Class Initialized
INFO - 2023-12-15 02:21:05 --> Loader Class Initialized
INFO - 2023-12-15 02:21:05 --> Helper loaded: url_helper
INFO - 2023-12-15 02:21:05 --> Database Driver Class Initialized
INFO - 2023-12-15 02:21:05 --> Controller Class Initialized
INFO - 2023-12-15 02:21:05 --> Model "Mconfigkey" initialized
INFO - 2023-12-15 02:21:05 --> Model "Mbcout_30" initialized
INFO - 2023-12-15 02:21:05 --> Final output sent to browser
DEBUG - 2023-12-15 02:21:05 --> Total execution time: 0.1778
INFO - 2023-12-15 02:21:05 --> Config Class Initialized
INFO - 2023-12-15 02:21:05 --> Hooks Class Initialized
DEBUG - 2023-12-15 02:21:05 --> UTF-8 Support Enabled
INFO - 2023-12-15 02:21:05 --> Utf8 Class Initialized
INFO - 2023-12-15 02:21:05 --> URI Class Initialized
INFO - 2023-12-15 02:21:05 --> Router Class Initialized
INFO - 2023-12-15 02:21:05 --> Output Class Initialized
INFO - 2023-12-15 02:21:05 --> Security Class Initialized
DEBUG - 2023-12-15 02:21:05 --> Global POST, GET and COOKIE data sanitized
INFO - 2023-12-15 02:21:05 --> Input Class Initialized
INFO - 2023-12-15 02:21:05 --> Language Class Initialized
INFO - 2023-12-15 02:21:05 --> Loader Class Initialized
INFO - 2023-12-15 02:21:05 --> Helper loaded: url_helper
INFO - 2023-12-15 02:21:05 --> Database Driver Class Initialized
INFO - 2023-12-15 02:21:05 --> Controller Class Initialized
INFO - 2023-12-15 02:21:05 --> Model "Mconfigkey" initialized
INFO - 2023-12-15 02:21:05 --> Model "Mbcout_28" initialized
INFO - 2023-12-15 02:21:05 --> Final output sent to browser
DEBUG - 2023-12-15 02:21:05 --> Total execution time: 0.1785
INFO - 2023-12-15 02:21:06 --> Config Class Initialized
INFO - 2023-12-15 02:21:06 --> Hooks Class Initialized
DEBUG - 2023-12-15 02:21:06 --> UTF-8 Support Enabled
INFO - 2023-12-15 02:21:06 --> Utf8 Class Initialized
INFO - 2023-12-15 02:21:06 --> URI Class Initialized
INFO - 2023-12-15 02:21:06 --> Router Class Initialized
INFO - 2023-12-15 02:21:06 --> Output Class Initialized
INFO - 2023-12-15 02:21:06 --> Security Class Initialized
DEBUG - 2023-12-15 02:21:06 --> Global POST, GET and COOKIE data sanitized
INFO - 2023-12-15 02:21:06 --> Input Class Initialized
INFO - 2023-12-15 02:21:06 --> Language Class Initialized
INFO - 2023-12-15 02:21:06 --> Loader Class Initialized
INFO - 2023-12-15 02:21:06 --> Helper loaded: url_helper
INFO - 2023-12-15 02:21:06 --> Database Driver Class Initialized
INFO - 2023-12-15 02:21:06 --> Controller Class Initialized
INFO - 2023-12-15 02:21:06 --> Model "Mconfigkey" initialized
INFO - 2023-12-15 02:21:06 --> Model "Mbcout_27" initialized
INFO - 2023-12-15 02:21:06 --> Final output sent to browser
DEBUG - 2023-12-15 02:21:06 --> Total execution time: 0.1729
INFO - 2023-12-15 02:21:08 --> Config Class Initialized
INFO - 2023-12-15 02:21:08 --> Hooks Class Initialized
DEBUG - 2023-12-15 02:21:08 --> UTF-8 Support Enabled
INFO - 2023-12-15 02:21:08 --> Utf8 Class Initialized
INFO - 2023-12-15 02:21:08 --> URI Class Initialized
INFO - 2023-12-15 02:21:08 --> Router Class Initialized
INFO - 2023-12-15 02:21:08 --> Output Class Initialized
INFO - 2023-12-15 02:21:08 --> Security Class Initialized
DEBUG - 2023-12-15 02:21:08 --> Global POST, GET and COOKIE data sanitized
INFO - 2023-12-15 02:21:08 --> Input Class Initialized
INFO - 2023-12-15 02:21:08 --> Language Class Initialized
INFO - 2023-12-15 02:21:08 --> Loader Class Initialized
INFO - 2023-12-15 02:21:08 --> Helper loaded: url_helper
INFO - 2023-12-15 02:21:08 --> Database Driver Class Initialized
INFO - 2023-12-15 02:21:08 --> Controller Class Initialized
INFO - 2023-12-15 02:21:08 --> Model "Mconfigkey" initialized
INFO - 2023-12-15 02:21:08 --> Model "Mbcout_41" initialized
INFO - 2023-12-15 02:21:08 --> Final output sent to browser
DEBUG - 2023-12-15 02:21:08 --> Total execution time: 0.1692
INFO - 2023-12-15 02:21:25 --> Config Class Initialized
INFO - 2023-12-15 02:21:25 --> Hooks Class Initialized
DEBUG - 2023-12-15 02:21:25 --> UTF-8 Support Enabled
INFO - 2023-12-15 02:21:25 --> Utf8 Class Initialized
INFO - 2023-12-15 02:21:25 --> URI Class Initialized
INFO - 2023-12-15 02:21:25 --> Router Class Initialized
INFO - 2023-12-15 02:21:25 --> Output Class Initialized
INFO - 2023-12-15 02:21:25 --> Security Class Initialized
DEBUG - 2023-12-15 02:21:25 --> Global POST, GET and COOKIE data sanitized
INFO - 2023-12-15 02:21:25 --> Input Class Initialized
INFO - 2023-12-15 02:21:25 --> Language Class Initialized
INFO - 2023-12-15 02:21:25 --> Loader Class Initialized
INFO - 2023-12-15 02:21:25 --> Helper loaded: url_helper
INFO - 2023-12-15 02:21:25 --> Database Driver Class Initialized
INFO - 2023-12-15 02:21:25 --> Controller Class Initialized
INFO - 2023-12-15 02:21:25 --> Model "Mconfigkey" initialized
INFO - 2023-12-15 02:21:25 --> Model "Mbcin_16" initialized
INFO - 2023-12-15 02:21:25 --> Final output sent to browser
DEBUG - 2023-12-15 02:21:25 --> Total execution time: 0.1777
INFO - 2023-12-15 02:21:27 --> Config Class Initialized
INFO - 2023-12-15 02:21:27 --> Hooks Class Initialized
DEBUG - 2023-12-15 02:21:27 --> UTF-8 Support Enabled
INFO - 2023-12-15 02:21:27 --> Utf8 Class Initialized
INFO - 2023-12-15 02:21:27 --> URI Class Initialized
INFO - 2023-12-15 02:21:27 --> Router Class Initialized
INFO - 2023-12-15 02:21:27 --> Output Class Initialized
INFO - 2023-12-15 02:21:27 --> Security Class Initialized
DEBUG - 2023-12-15 02:21:27 --> Global POST, GET and COOKIE data sanitized
INFO - 2023-12-15 02:21:27 --> Input Class Initialized
INFO - 2023-12-15 02:21:27 --> Language Class Initialized
INFO - 2023-12-15 02:21:27 --> Loader Class Initialized
INFO - 2023-12-15 02:21:27 --> Helper loaded: url_helper
INFO - 2023-12-15 02:21:27 --> Database Driver Class Initialized
INFO - 2023-12-15 02:21:27 --> Controller Class Initialized
INFO - 2023-12-15 02:21:27 --> Model "Mconfigkey" initialized
INFO - 2023-12-15 02:21:27 --> Model "Mbcin_271" initialized
INFO - 2023-12-15 02:21:27 --> Final output sent to browser
DEBUG - 2023-12-15 02:21:27 --> Total execution time: 0.1756
INFO - 2023-12-15 02:21:48 --> Config Class Initialized
INFO - 2023-12-15 02:21:48 --> Hooks Class Initialized
DEBUG - 2023-12-15 02:21:48 --> UTF-8 Support Enabled
INFO - 2023-12-15 02:21:48 --> Utf8 Class Initialized
INFO - 2023-12-15 02:21:48 --> URI Class Initialized
INFO - 2023-12-15 02:21:48 --> Router Class Initialized
INFO - 2023-12-15 02:21:48 --> Output Class Initialized
INFO - 2023-12-15 02:21:48 --> Security Class Initialized
DEBUG - 2023-12-15 02:21:48 --> Global POST, GET and COOKIE data sanitized
INFO - 2023-12-15 02:21:48 --> Input Class Initialized
INFO - 2023-12-15 02:21:48 --> Language Class Initialized
INFO - 2023-12-15 02:21:48 --> Loader Class Initialized
INFO - 2023-12-15 02:21:48 --> Helper loaded: url_helper
INFO - 2023-12-15 02:21:48 --> Database Driver Class Initialized
INFO - 2023-12-15 02:21:48 --> Controller Class Initialized
INFO - 2023-12-15 02:21:48 --> Model "Mconfigkey" initialized
INFO - 2023-12-15 02:21:48 --> Final output sent to browser
DEBUG - 2023-12-15 02:21:48 --> Total execution time: 0.1310
INFO - 2023-12-15 02:21:49 --> Config Class Initialized
INFO - 2023-12-15 02:21:49 --> Hooks Class Initialized
DEBUG - 2023-12-15 02:21:49 --> UTF-8 Support Enabled
INFO - 2023-12-15 02:21:49 --> Utf8 Class Initialized
INFO - 2023-12-15 02:21:49 --> URI Class Initialized
INFO - 2023-12-15 02:21:49 --> Router Class Initialized
INFO - 2023-12-15 02:21:49 --> Output Class Initialized
INFO - 2023-12-15 02:21:49 --> Security Class Initialized
DEBUG - 2023-12-15 02:21:49 --> Global POST, GET and COOKIE data sanitized
INFO - 2023-12-15 02:21:49 --> Input Class Initialized
INFO - 2023-12-15 02:21:49 --> Language Class Initialized
INFO - 2023-12-15 02:21:49 --> Loader Class Initialized
INFO - 2023-12-15 02:21:49 --> Helper loaded: url_helper
INFO - 2023-12-15 02:21:49 --> Database Driver Class Initialized
INFO - 2023-12-15 02:21:49 --> Controller Class Initialized
INFO - 2023-12-15 02:21:49 --> Model "Mconfigkey" initialized
INFO - 2023-12-15 02:21:49 --> Model "Mbcin_16" initialized
INFO - 2023-12-15 02:21:50 --> Final output sent to browser
DEBUG - 2023-12-15 02:21:50 --> Total execution time: 0.1691
INFO - 2023-12-15 02:21:51 --> Config Class Initialized
INFO - 2023-12-15 02:21:51 --> Hooks Class Initialized
DEBUG - 2023-12-15 02:21:51 --> UTF-8 Support Enabled
INFO - 2023-12-15 02:21:51 --> Utf8 Class Initialized
INFO - 2023-12-15 02:21:51 --> URI Class Initialized
INFO - 2023-12-15 02:21:51 --> Router Class Initialized
INFO - 2023-12-15 02:21:51 --> Output Class Initialized
INFO - 2023-12-15 02:21:51 --> Security Class Initialized
DEBUG - 2023-12-15 02:21:51 --> Global POST, GET and COOKIE data sanitized
INFO - 2023-12-15 02:21:51 --> Input Class Initialized
INFO - 2023-12-15 02:21:51 --> Language Class Initialized
INFO - 2023-12-15 02:21:51 --> Loader Class Initialized
INFO - 2023-12-15 02:21:51 --> Helper loaded: url_helper
INFO - 2023-12-15 02:21:51 --> Database Driver Class Initialized
INFO - 2023-12-15 02:21:51 --> Controller Class Initialized
INFO - 2023-12-15 02:21:51 --> Model "Mconfigkey" initialized
INFO - 2023-12-15 02:21:51 --> Model "Mbcin_271" initialized
INFO - 2023-12-15 02:21:51 --> Final output sent to browser
DEBUG - 2023-12-15 02:21:51 --> Total execution time: 0.1641
INFO - 2023-12-15 02:21:52 --> Config Class Initialized
INFO - 2023-12-15 02:21:52 --> Hooks Class Initialized
DEBUG - 2023-12-15 02:21:52 --> UTF-8 Support Enabled
INFO - 2023-12-15 02:21:52 --> Utf8 Class Initialized
INFO - 2023-12-15 02:21:52 --> URI Class Initialized
INFO - 2023-12-15 02:21:52 --> Router Class Initialized
INFO - 2023-12-15 02:21:52 --> Output Class Initialized
INFO - 2023-12-15 02:21:52 --> Security Class Initialized
DEBUG - 2023-12-15 02:21:52 --> Global POST, GET and COOKIE data sanitized
INFO - 2023-12-15 02:21:52 --> Input Class Initialized
INFO - 2023-12-15 02:21:52 --> Language Class Initialized
INFO - 2023-12-15 02:21:52 --> Loader Class Initialized
INFO - 2023-12-15 02:21:52 --> Helper loaded: url_helper
INFO - 2023-12-15 02:21:52 --> Database Driver Class Initialized
INFO - 2023-12-15 02:21:52 --> Controller Class Initialized
INFO - 2023-12-15 02:21:52 --> Model "Mconfigkey" initialized
INFO - 2023-12-15 02:21:52 --> Model "Mbcin_40" initialized
INFO - 2023-12-15 02:21:52 --> Final output sent to browser
DEBUG - 2023-12-15 02:21:52 --> Total execution time: 0.1691
INFO - 2023-12-15 02:21:53 --> Config Class Initialized
INFO - 2023-12-15 02:21:53 --> Hooks Class Initialized
DEBUG - 2023-12-15 02:21:53 --> UTF-8 Support Enabled
INFO - 2023-12-15 02:21:53 --> Utf8 Class Initialized
INFO - 2023-12-15 02:21:53 --> URI Class Initialized
INFO - 2023-12-15 02:21:53 --> Router Class Initialized
INFO - 2023-12-15 02:21:53 --> Output Class Initialized
INFO - 2023-12-15 02:21:53 --> Security Class Initialized
DEBUG - 2023-12-15 02:21:53 --> Global POST, GET and COOKIE data sanitized
INFO - 2023-12-15 02:21:53 --> Input Class Initialized
INFO - 2023-12-15 02:21:53 --> Language Class Initialized
INFO - 2023-12-15 02:21:53 --> Loader Class Initialized
INFO - 2023-12-15 02:21:53 --> Helper loaded: url_helper
INFO - 2023-12-15 02:21:53 --> Database Driver Class Initialized
INFO - 2023-12-15 02:21:53 --> Controller Class Initialized
INFO - 2023-12-15 02:21:53 --> Model "Mconfigkey" initialized
INFO - 2023-12-15 02:21:53 --> Model "Mbcin_ppb" initialized
INFO - 2023-12-15 02:21:53 --> Final output sent to browser
DEBUG - 2023-12-15 02:21:53 --> Total execution time: 0.1661
INFO - 2023-12-15 02:22:05 --> Config Class Initialized
INFO - 2023-12-15 02:22:05 --> Hooks Class Initialized
DEBUG - 2023-12-15 02:22:05 --> UTF-8 Support Enabled
INFO - 2023-12-15 02:22:05 --> Utf8 Class Initialized
INFO - 2023-12-15 02:22:05 --> URI Class Initialized
INFO - 2023-12-15 02:22:05 --> Router Class Initialized
INFO - 2023-12-15 02:22:05 --> Output Class Initialized
INFO - 2023-12-15 02:22:05 --> Security Class Initialized
DEBUG - 2023-12-15 02:22:05 --> Global POST, GET and COOKIE data sanitized
INFO - 2023-12-15 02:22:05 --> Input Class Initialized
INFO - 2023-12-15 02:22:05 --> Language Class Initialized
INFO - 2023-12-15 02:22:05 --> Loader Class Initialized
INFO - 2023-12-15 02:22:05 --> Helper loaded: url_helper
INFO - 2023-12-15 02:22:05 --> Database Driver Class Initialized
INFO - 2023-12-15 02:22:05 --> Controller Class Initialized
INFO - 2023-12-15 02:22:05 --> Model "Mconfigkey" initialized
INFO - 2023-12-15 02:22:05 --> Model "Mbcin_16" initialized
INFO - 2023-12-15 02:22:05 --> Final output sent to browser
DEBUG - 2023-12-15 02:22:05 --> Total execution time: 0.1766
INFO - 2023-12-15 02:22:06 --> Config Class Initialized
INFO - 2023-12-15 02:22:06 --> Hooks Class Initialized
DEBUG - 2023-12-15 02:22:06 --> UTF-8 Support Enabled
INFO - 2023-12-15 02:22:06 --> Utf8 Class Initialized
INFO - 2023-12-15 02:22:06 --> URI Class Initialized
INFO - 2023-12-15 02:22:06 --> Router Class Initialized
INFO - 2023-12-15 02:22:06 --> Output Class Initialized
INFO - 2023-12-15 02:22:06 --> Security Class Initialized
DEBUG - 2023-12-15 02:22:06 --> Global POST, GET and COOKIE data sanitized
INFO - 2023-12-15 02:22:06 --> Input Class Initialized
INFO - 2023-12-15 02:22:06 --> Language Class Initialized
INFO - 2023-12-15 02:22:06 --> Loader Class Initialized
INFO - 2023-12-15 02:22:06 --> Helper loaded: url_helper
INFO - 2023-12-15 02:22:06 --> Database Driver Class Initialized
INFO - 2023-12-15 02:22:06 --> Controller Class Initialized
INFO - 2023-12-15 02:22:06 --> Model "Mconfigkey" initialized
INFO - 2023-12-15 02:22:06 --> Model "Mbcin_271" initialized
INFO - 2023-12-15 02:22:07 --> Final output sent to browser
DEBUG - 2023-12-15 02:22:07 --> Total execution time: 0.1782
INFO - 2023-12-15 02:22:21 --> Config Class Initialized
INFO - 2023-12-15 02:22:21 --> Hooks Class Initialized
DEBUG - 2023-12-15 02:22:21 --> UTF-8 Support Enabled
INFO - 2023-12-15 02:22:21 --> Utf8 Class Initialized
INFO - 2023-12-15 02:22:21 --> URI Class Initialized
INFO - 2023-12-15 02:22:21 --> Router Class Initialized
INFO - 2023-12-15 02:22:21 --> Output Class Initialized
INFO - 2023-12-15 02:22:21 --> Security Class Initialized
DEBUG - 2023-12-15 02:22:21 --> Global POST, GET and COOKIE data sanitized
INFO - 2023-12-15 02:22:21 --> Input Class Initialized
INFO - 2023-12-15 02:22:21 --> Language Class Initialized
INFO - 2023-12-15 02:22:21 --> Loader Class Initialized
INFO - 2023-12-15 02:22:21 --> Helper loaded: url_helper
INFO - 2023-12-15 02:22:21 --> Database Driver Class Initialized
INFO - 2023-12-15 02:22:21 --> Controller Class Initialized
INFO - 2023-12-15 02:22:21 --> Model "Mconfigkey" initialized
INFO - 2023-12-15 02:22:21 --> Model "Mbcin_ppb" initialized
INFO - 2023-12-15 02:22:21 --> Final output sent to browser
DEBUG - 2023-12-15 02:22:21 --> Total execution time: 0.1699
INFO - 2023-12-15 02:22:35 --> Config Class Initialized
INFO - 2023-12-15 02:22:35 --> Hooks Class Initialized
DEBUG - 2023-12-15 02:22:35 --> UTF-8 Support Enabled
INFO - 2023-12-15 02:22:35 --> Utf8 Class Initialized
INFO - 2023-12-15 02:22:35 --> URI Class Initialized
INFO - 2023-12-15 02:22:35 --> Router Class Initialized
INFO - 2023-12-15 02:22:35 --> Output Class Initialized
INFO - 2023-12-15 02:22:35 --> Security Class Initialized
DEBUG - 2023-12-15 02:22:35 --> Global POST, GET and COOKIE data sanitized
INFO - 2023-12-15 02:22:35 --> Input Class Initialized
INFO - 2023-12-15 02:22:35 --> Language Class Initialized
INFO - 2023-12-15 02:22:35 --> Loader Class Initialized
INFO - 2023-12-15 02:22:35 --> Helper loaded: url_helper
INFO - 2023-12-15 02:22:35 --> Database Driver Class Initialized
INFO - 2023-12-15 02:22:35 --> Controller Class Initialized
INFO - 2023-12-15 02:22:35 --> Model "Mconfigkey" initialized
INFO - 2023-12-15 02:22:35 --> Model "Mbcout_30" initialized
INFO - 2023-12-15 02:22:35 --> Final output sent to browser
DEBUG - 2023-12-15 02:22:35 --> Total execution time: 0.1687
INFO - 2023-12-15 02:22:43 --> Config Class Initialized
INFO - 2023-12-15 02:22:43 --> Hooks Class Initialized
DEBUG - 2023-12-15 02:22:43 --> UTF-8 Support Enabled
INFO - 2023-12-15 02:22:43 --> Utf8 Class Initialized
INFO - 2023-12-15 02:22:43 --> URI Class Initialized
INFO - 2023-12-15 02:22:43 --> Router Class Initialized
INFO - 2023-12-15 02:22:43 --> Output Class Initialized
INFO - 2023-12-15 02:22:43 --> Security Class Initialized
DEBUG - 2023-12-15 02:22:43 --> Global POST, GET and COOKIE data sanitized
INFO - 2023-12-15 02:22:43 --> Input Class Initialized
INFO - 2023-12-15 02:22:43 --> Language Class Initialized
INFO - 2023-12-15 02:22:43 --> Loader Class Initialized
INFO - 2023-12-15 02:22:43 --> Helper loaded: url_helper
INFO - 2023-12-15 02:22:43 --> Database Driver Class Initialized
INFO - 2023-12-15 02:22:43 --> Controller Class Initialized
INFO - 2023-12-15 02:22:43 --> Model "Mconfigkey" initialized
INFO - 2023-12-15 02:22:43 --> Model "Minv_material_in_aw" initialized
INFO - 2023-12-15 02:22:43 --> Final output sent to browser
DEBUG - 2023-12-15 02:22:43 --> Total execution time: 0.1923
INFO - 2023-12-15 02:22:46 --> Config Class Initialized
INFO - 2023-12-15 02:22:46 --> Hooks Class Initialized
DEBUG - 2023-12-15 02:22:46 --> UTF-8 Support Enabled
INFO - 2023-12-15 02:22:46 --> Utf8 Class Initialized
INFO - 2023-12-15 02:22:46 --> URI Class Initialized
INFO - 2023-12-15 02:22:46 --> Router Class Initialized
INFO - 2023-12-15 02:22:46 --> Output Class Initialized
INFO - 2023-12-15 02:22:46 --> Security Class Initialized
DEBUG - 2023-12-15 02:22:46 --> Global POST, GET and COOKIE data sanitized
INFO - 2023-12-15 02:22:46 --> Input Class Initialized
INFO - 2023-12-15 02:22:46 --> Language Class Initialized
INFO - 2023-12-15 02:22:46 --> Loader Class Initialized
INFO - 2023-12-15 02:22:46 --> Helper loaded: url_helper
INFO - 2023-12-15 02:22:46 --> Database Driver Class Initialized
INFO - 2023-12-15 02:22:46 --> Controller Class Initialized
INFO - 2023-12-15 02:22:46 --> Model "Mconfigkey" initialized
INFO - 2023-12-15 02:22:46 --> Model "Minv_material_out_aw" initialized
INFO - 2023-12-15 02:22:46 --> Final output sent to browser
DEBUG - 2023-12-15 02:22:46 --> Total execution time: 0.2410
INFO - 2023-12-15 02:22:50 --> Config Class Initialized
INFO - 2023-12-15 02:22:50 --> Hooks Class Initialized
DEBUG - 2023-12-15 02:22:50 --> UTF-8 Support Enabled
INFO - 2023-12-15 02:22:50 --> Utf8 Class Initialized
INFO - 2023-12-15 02:22:50 --> URI Class Initialized
INFO - 2023-12-15 02:22:50 --> Router Class Initialized
INFO - 2023-12-15 02:22:50 --> Output Class Initialized
INFO - 2023-12-15 02:22:50 --> Security Class Initialized
DEBUG - 2023-12-15 02:22:50 --> Global POST, GET and COOKIE data sanitized
INFO - 2023-12-15 02:22:50 --> Input Class Initialized
INFO - 2023-12-15 02:22:50 --> Language Class Initialized
INFO - 2023-12-15 02:22:50 --> Loader Class Initialized
INFO - 2023-12-15 02:22:50 --> Helper loaded: url_helper
INFO - 2023-12-15 02:22:50 --> Database Driver Class Initialized
INFO - 2023-12-15 02:22:50 --> Controller Class Initialized
INFO - 2023-12-15 02:22:50 --> Model "Mconfigkey" initialized
INFO - 2023-12-15 02:22:50 --> Model "Minv_material_control_aw" initialized
INFO - 2023-12-15 02:22:50 --> Final output sent to browser
DEBUG - 2023-12-15 02:22:50 --> Total execution time: 0.1559
INFO - 2023-12-15 02:22:54 --> Config Class Initialized
INFO - 2023-12-15 02:22:54 --> Hooks Class Initialized
DEBUG - 2023-12-15 02:22:54 --> UTF-8 Support Enabled
INFO - 2023-12-15 02:22:54 --> Utf8 Class Initialized
INFO - 2023-12-15 02:22:54 --> URI Class Initialized
INFO - 2023-12-15 02:22:54 --> Router Class Initialized
INFO - 2023-12-15 02:22:54 --> Output Class Initialized
INFO - 2023-12-15 02:22:54 --> Security Class Initialized
DEBUG - 2023-12-15 02:22:54 --> Global POST, GET and COOKIE data sanitized
INFO - 2023-12-15 02:22:54 --> Input Class Initialized
INFO - 2023-12-15 02:22:54 --> Language Class Initialized
INFO - 2023-12-15 02:22:54 --> Loader Class Initialized
INFO - 2023-12-15 02:22:54 --> Helper loaded: url_helper
INFO - 2023-12-15 02:22:54 --> Database Driver Class Initialized
INFO - 2023-12-15 02:22:54 --> Controller Class Initialized
INFO - 2023-12-15 02:22:54 --> Model "Mconfigkey" initialized
INFO - 2023-12-15 02:22:54 --> Final output sent to browser
DEBUG - 2023-12-15 02:22:54 --> Total execution time: 0.1313
INFO - 2023-12-15 02:22:57 --> Config Class Initialized
INFO - 2023-12-15 02:22:57 --> Hooks Class Initialized
DEBUG - 2023-12-15 02:22:57 --> UTF-8 Support Enabled
INFO - 2023-12-15 02:22:57 --> Utf8 Class Initialized
INFO - 2023-12-15 02:22:57 --> URI Class Initialized
INFO - 2023-12-15 02:22:57 --> Router Class Initialized
INFO - 2023-12-15 02:22:57 --> Output Class Initialized
INFO - 2023-12-15 02:22:57 --> Security Class Initialized
DEBUG - 2023-12-15 02:22:57 --> Global POST, GET and COOKIE data sanitized
INFO - 2023-12-15 02:22:57 --> Input Class Initialized
INFO - 2023-12-15 02:22:57 --> Language Class Initialized
INFO - 2023-12-15 02:22:57 --> Loader Class Initialized
INFO - 2023-12-15 02:22:57 --> Helper loaded: url_helper
INFO - 2023-12-15 02:22:57 --> Database Driver Class Initialized
INFO - 2023-12-15 02:22:57 --> Controller Class Initialized
INFO - 2023-12-15 02:22:57 --> Model "Mconfigkey" initialized
INFO - 2023-12-15 02:22:57 --> Final output sent to browser
DEBUG - 2023-12-15 02:22:57 --> Total execution time: 0.1301
INFO - 2023-12-15 02:23:12 --> Config Class Initialized
INFO - 2023-12-15 02:23:12 --> Hooks Class Initialized
DEBUG - 2023-12-15 02:23:12 --> UTF-8 Support Enabled
INFO - 2023-12-15 02:23:12 --> Utf8 Class Initialized
INFO - 2023-12-15 02:23:12 --> URI Class Initialized
INFO - 2023-12-15 02:23:12 --> Router Class Initialized
INFO - 2023-12-15 02:23:12 --> Output Class Initialized
INFO - 2023-12-15 02:23:12 --> Security Class Initialized
DEBUG - 2023-12-15 02:23:12 --> Global POST, GET and COOKIE data sanitized
INFO - 2023-12-15 02:23:12 --> Input Class Initialized
INFO - 2023-12-15 02:23:12 --> Language Class Initialized
INFO - 2023-12-15 02:23:12 --> Loader Class Initialized
INFO - 2023-12-15 02:23:12 --> Helper loaded: url_helper
INFO - 2023-12-15 02:23:12 --> Database Driver Class Initialized
INFO - 2023-12-15 02:23:12 --> Controller Class Initialized
INFO - 2023-12-15 02:23:12 --> Model "Mconfigkey" initialized
INFO - 2023-12-15 02:23:12 --> Model "Mmst_item" initialized
INFO - 2023-12-15 02:23:13 --> Final output sent to browser
DEBUG - 2023-12-15 02:23:13 --> Total execution time: 0.1775
INFO - 2023-12-15 02:23:21 --> Config Class Initialized
INFO - 2023-12-15 02:23:21 --> Hooks Class Initialized
DEBUG - 2023-12-15 02:23:21 --> UTF-8 Support Enabled
INFO - 2023-12-15 02:23:21 --> Utf8 Class Initialized
INFO - 2023-12-15 02:23:21 --> URI Class Initialized
INFO - 2023-12-15 02:23:21 --> Router Class Initialized
INFO - 2023-12-15 02:23:21 --> Output Class Initialized
INFO - 2023-12-15 02:23:21 --> Security Class Initialized
DEBUG - 2023-12-15 02:23:21 --> Global POST, GET and COOKIE data sanitized
INFO - 2023-12-15 02:23:21 --> Input Class Initialized
INFO - 2023-12-15 02:23:21 --> Language Class Initialized
INFO - 2023-12-15 02:23:21 --> Loader Class Initialized
INFO - 2023-12-15 02:23:21 --> Helper loaded: url_helper
INFO - 2023-12-15 02:23:21 --> Database Driver Class Initialized
INFO - 2023-12-15 02:23:22 --> Controller Class Initialized
INFO - 2023-12-15 02:23:22 --> Model "Mconfigkey" initialized
INFO - 2023-12-15 02:23:22 --> Model "Mmst_item_hs" initialized
INFO - 2023-12-15 02:23:22 --> Final output sent to browser
DEBUG - 2023-12-15 02:23:22 --> Total execution time: 0.1774
INFO - 2023-12-15 02:23:33 --> Config Class Initialized
INFO - 2023-12-15 02:23:33 --> Hooks Class Initialized
DEBUG - 2023-12-15 02:23:33 --> UTF-8 Support Enabled
INFO - 2023-12-15 02:23:33 --> Utf8 Class Initialized
INFO - 2023-12-15 02:23:33 --> URI Class Initialized
INFO - 2023-12-15 02:23:33 --> Router Class Initialized
INFO - 2023-12-15 02:23:33 --> Output Class Initialized
INFO - 2023-12-15 02:23:33 --> Security Class Initialized
DEBUG - 2023-12-15 02:23:33 --> Global POST, GET and COOKIE data sanitized
INFO - 2023-12-15 02:23:33 --> Input Class Initialized
INFO - 2023-12-15 02:23:33 --> Language Class Initialized
INFO - 2023-12-15 02:23:33 --> Loader Class Initialized
INFO - 2023-12-15 02:23:33 --> Helper loaded: url_helper
INFO - 2023-12-15 02:23:33 --> Database Driver Class Initialized
INFO - 2023-12-15 02:23:33 --> Controller Class Initialized
INFO - 2023-12-15 02:23:33 --> Model "Mconfigkey" initialized
INFO - 2023-12-15 02:23:33 --> Model "Mmatrix" initialized
INFO - 2023-12-15 02:23:33 --> Final output sent to browser
DEBUG - 2023-12-15 02:23:33 --> Total execution time: 0.1638
INFO - 2023-12-15 02:23:38 --> Config Class Initialized
INFO - 2023-12-15 02:23:38 --> Hooks Class Initialized
DEBUG - 2023-12-15 02:23:38 --> UTF-8 Support Enabled
INFO - 2023-12-15 02:23:38 --> Utf8 Class Initialized
INFO - 2023-12-15 02:23:38 --> URI Class Initialized
INFO - 2023-12-15 02:23:38 --> Router Class Initialized
INFO - 2023-12-15 02:23:38 --> Output Class Initialized
INFO - 2023-12-15 02:23:38 --> Security Class Initialized
DEBUG - 2023-12-15 02:23:38 --> Global POST, GET and COOKIE data sanitized
INFO - 2023-12-15 02:23:38 --> Input Class Initialized
INFO - 2023-12-15 02:23:38 --> Language Class Initialized
INFO - 2023-12-15 02:23:38 --> Loader Class Initialized
INFO - 2023-12-15 02:23:38 --> Helper loaded: url_helper
INFO - 2023-12-15 02:23:38 --> Database Driver Class Initialized
INFO - 2023-12-15 02:23:38 --> Controller Class Initialized
INFO - 2023-12-15 02:23:38 --> Model "Mconfigkey" initialized
INFO - 2023-12-15 02:23:38 --> Model "Mbcin_16" initialized
INFO - 2023-12-15 02:23:38 --> Final output sent to browser
DEBUG - 2023-12-15 02:23:38 --> Total execution time: 0.1764
INFO - 2023-12-15 02:23:40 --> Config Class Initialized
INFO - 2023-12-15 02:23:40 --> Hooks Class Initialized
DEBUG - 2023-12-15 02:23:40 --> UTF-8 Support Enabled
INFO - 2023-12-15 02:23:40 --> Utf8 Class Initialized
INFO - 2023-12-15 02:23:40 --> URI Class Initialized
INFO - 2023-12-15 02:23:40 --> Router Class Initialized
INFO - 2023-12-15 02:23:40 --> Output Class Initialized
INFO - 2023-12-15 02:23:40 --> Security Class Initialized
DEBUG - 2023-12-15 02:23:40 --> Global POST, GET and COOKIE data sanitized
INFO - 2023-12-15 02:23:40 --> Input Class Initialized
INFO - 2023-12-15 02:23:40 --> Language Class Initialized
INFO - 2023-12-15 02:23:40 --> Loader Class Initialized
INFO - 2023-12-15 02:23:40 --> Helper loaded: url_helper
INFO - 2023-12-15 02:23:40 --> Database Driver Class Initialized
INFO - 2023-12-15 02:23:40 --> Controller Class Initialized
INFO - 2023-12-15 02:23:40 --> Model "Mconfigkey" initialized
INFO - 2023-12-15 02:23:40 --> Model "Mbcin_271" initialized
INFO - 2023-12-15 02:23:40 --> Final output sent to browser
DEBUG - 2023-12-15 02:23:40 --> Total execution time: 0.1674
INFO - 2023-12-15 02:23:49 --> Config Class Initialized
INFO - 2023-12-15 02:23:49 --> Hooks Class Initialized
DEBUG - 2023-12-15 02:23:49 --> UTF-8 Support Enabled
INFO - 2023-12-15 02:23:49 --> Utf8 Class Initialized
INFO - 2023-12-15 02:23:49 --> URI Class Initialized
INFO - 2023-12-15 02:23:49 --> Router Class Initialized
INFO - 2023-12-15 02:23:49 --> Output Class Initialized
INFO - 2023-12-15 02:23:49 --> Security Class Initialized
DEBUG - 2023-12-15 02:23:49 --> Global POST, GET and COOKIE data sanitized
INFO - 2023-12-15 02:23:49 --> Input Class Initialized
INFO - 2023-12-15 02:23:49 --> Language Class Initialized
INFO - 2023-12-15 02:23:49 --> Loader Class Initialized
INFO - 2023-12-15 02:23:49 --> Helper loaded: url_helper
INFO - 2023-12-15 02:23:49 --> Database Driver Class Initialized
INFO - 2023-12-15 02:23:49 --> Controller Class Initialized
INFO - 2023-12-15 02:23:49 --> Model "Mconfigkey" initialized
INFO - 2023-12-15 02:23:49 --> Final output sent to browser
DEBUG - 2023-12-15 02:23:49 --> Total execution time: 0.1304
INFO - 2023-12-15 02:23:53 --> Config Class Initialized
INFO - 2023-12-15 02:23:53 --> Hooks Class Initialized
DEBUG - 2023-12-15 02:23:53 --> UTF-8 Support Enabled
INFO - 2023-12-15 02:23:53 --> Utf8 Class Initialized
INFO - 2023-12-15 02:23:53 --> URI Class Initialized
INFO - 2023-12-15 02:23:53 --> Router Class Initialized
INFO - 2023-12-15 02:23:53 --> Output Class Initialized
INFO - 2023-12-15 02:23:53 --> Security Class Initialized
DEBUG - 2023-12-15 02:23:53 --> Global POST, GET and COOKIE data sanitized
INFO - 2023-12-15 02:23:53 --> Input Class Initialized
INFO - 2023-12-15 02:23:53 --> Language Class Initialized
INFO - 2023-12-15 02:23:53 --> Loader Class Initialized
INFO - 2023-12-15 02:23:53 --> Helper loaded: url_helper
INFO - 2023-12-15 02:23:53 --> Database Driver Class Initialized
INFO - 2023-12-15 02:23:53 --> Controller Class Initialized
INFO - 2023-12-15 02:23:53 --> Model "Mconfigkey" initialized
INFO - 2023-12-15 02:23:53 --> Final output sent to browser
DEBUG - 2023-12-15 02:23:53 --> Total execution time: 0.1399
INFO - 2023-12-15 02:23:59 --> Config Class Initialized
INFO - 2023-12-15 02:23:59 --> Hooks Class Initialized
DEBUG - 2023-12-15 02:23:59 --> UTF-8 Support Enabled
INFO - 2023-12-15 02:23:59 --> Utf8 Class Initialized
INFO - 2023-12-15 02:23:59 --> URI Class Initialized
INFO - 2023-12-15 02:23:59 --> Router Class Initialized
INFO - 2023-12-15 02:23:59 --> Output Class Initialized
INFO - 2023-12-15 02:23:59 --> Security Class Initialized
DEBUG - 2023-12-15 02:23:59 --> Global POST, GET and COOKIE data sanitized
INFO - 2023-12-15 02:23:59 --> Input Class Initialized
INFO - 2023-12-15 02:23:59 --> Language Class Initialized
INFO - 2023-12-15 02:23:59 --> Loader Class Initialized
INFO - 2023-12-15 02:23:59 --> Helper loaded: url_helper
INFO - 2023-12-15 02:23:59 --> Database Driver Class Initialized
INFO - 2023-12-15 02:23:59 --> Controller Class Initialized
INFO - 2023-12-15 02:23:59 --> Model "Mconfigkey" initialized
INFO - 2023-12-15 02:23:59 --> Model "Mmst_item" initialized
INFO - 2023-12-15 02:23:59 --> Final output sent to browser
DEBUG - 2023-12-15 02:23:59 --> Total execution time: 0.1762
INFO - 2023-12-15 02:24:03 --> Config Class Initialized
INFO - 2023-12-15 02:24:03 --> Hooks Class Initialized
DEBUG - 2023-12-15 02:24:03 --> UTF-8 Support Enabled
INFO - 2023-12-15 02:24:03 --> Utf8 Class Initialized
INFO - 2023-12-15 02:24:03 --> URI Class Initialized
INFO - 2023-12-15 02:24:03 --> Router Class Initialized
INFO - 2023-12-15 02:24:03 --> Output Class Initialized
INFO - 2023-12-15 02:24:03 --> Security Class Initialized
DEBUG - 2023-12-15 02:24:03 --> Global POST, GET and COOKIE data sanitized
INFO - 2023-12-15 02:24:03 --> Input Class Initialized
INFO - 2023-12-15 02:24:03 --> Language Class Initialized
INFO - 2023-12-15 02:24:03 --> Loader Class Initialized
INFO - 2023-12-15 02:24:03 --> Helper loaded: url_helper
INFO - 2023-12-15 02:24:03 --> Database Driver Class Initialized
INFO - 2023-12-15 02:24:03 --> Controller Class Initialized
INFO - 2023-12-15 02:24:03 --> Model "Mconfigkey" initialized
INFO - 2023-12-15 02:24:03 --> Model "Mmst_item_hs" initialized
INFO - 2023-12-15 02:24:03 --> Final output sent to browser
DEBUG - 2023-12-15 02:24:03 --> Total execution time: 0.1742
INFO - 2023-12-15 02:24:04 --> Config Class Initialized
INFO - 2023-12-15 02:24:04 --> Hooks Class Initialized
DEBUG - 2023-12-15 02:24:04 --> UTF-8 Support Enabled
INFO - 2023-12-15 02:24:04 --> Utf8 Class Initialized
INFO - 2023-12-15 02:24:04 --> URI Class Initialized
INFO - 2023-12-15 02:24:04 --> Router Class Initialized
INFO - 2023-12-15 02:24:04 --> Output Class Initialized
INFO - 2023-12-15 02:24:04 --> Security Class Initialized
DEBUG - 2023-12-15 02:24:04 --> Global POST, GET and COOKIE data sanitized
INFO - 2023-12-15 02:24:04 --> Input Class Initialized
INFO - 2023-12-15 02:24:04 --> Language Class Initialized
INFO - 2023-12-15 02:24:04 --> Loader Class Initialized
INFO - 2023-12-15 02:24:04 --> Helper loaded: url_helper
INFO - 2023-12-15 02:24:04 --> Database Driver Class Initialized
INFO - 2023-12-15 02:24:04 --> Controller Class Initialized
INFO - 2023-12-15 02:24:04 --> Model "Mconfigkey" initialized
INFO - 2023-12-15 02:24:04 --> Model "Mmatrix" initialized
INFO - 2023-12-15 02:24:04 --> Final output sent to browser
DEBUG - 2023-12-15 02:24:04 --> Total execution time: 0.1570
INFO - 2023-12-15 02:24:05 --> Config Class Initialized
INFO - 2023-12-15 02:24:05 --> Hooks Class Initialized
DEBUG - 2023-12-15 02:24:05 --> UTF-8 Support Enabled
INFO - 2023-12-15 02:24:05 --> Utf8 Class Initialized
INFO - 2023-12-15 02:24:05 --> URI Class Initialized
INFO - 2023-12-15 02:24:05 --> Router Class Initialized
INFO - 2023-12-15 02:24:05 --> Output Class Initialized
INFO - 2023-12-15 02:24:05 --> Security Class Initialized
DEBUG - 2023-12-15 02:24:05 --> Global POST, GET and COOKIE data sanitized
INFO - 2023-12-15 02:24:05 --> Input Class Initialized
INFO - 2023-12-15 02:24:05 --> Language Class Initialized
INFO - 2023-12-15 02:24:05 --> Loader Class Initialized
INFO - 2023-12-15 02:24:05 --> Helper loaded: url_helper
INFO - 2023-12-15 02:24:05 --> Database Driver Class Initialized
INFO - 2023-12-15 02:24:06 --> Controller Class Initialized
INFO - 2023-12-15 02:24:06 --> Model "Mconfigkey" initialized
INFO - 2023-12-15 02:24:06 --> Model "Mmst_fg_bom" initialized
INFO - 2023-12-15 02:24:06 --> Final output sent to browser
DEBUG - 2023-12-15 02:24:06 --> Total execution time: 0.1683
