INFO - 2024-07-13 00:57:50 --> Config Class Initialized
INFO - 2024-07-13 00:57:50 --> Hooks Class Initialized
DEBUG - 2024-07-13 00:57:50 --> UTF-8 Support Enabled
INFO - 2024-07-13 00:57:50 --> Utf8 Class Initialized
INFO - 2024-07-13 00:57:50 --> URI Class Initialized
INFO - 2024-07-13 00:57:50 --> Router Class Initialized
INFO - 2024-07-13 00:57:50 --> Output Class Initialized
INFO - 2024-07-13 00:57:50 --> Security Class Initialized
DEBUG - 2024-07-13 00:57:50 --> Global POST, GET and COOKIE data sanitized
INFO - 2024-07-13 00:57:50 --> Input Class Initialized
INFO - 2024-07-13 00:57:50 --> Language Class Initialized
INFO - 2024-07-13 00:57:50 --> Loader Class Initialized
INFO - 2024-07-13 00:57:50 --> Helper loaded: url_helper
INFO - 2024-07-13 00:57:50 --> Database Driver Class Initialized
INFO - 2024-07-13 00:57:50 --> Controller Class Initialized
INFO - 2024-07-13 00:57:50 --> Model "Mauth" initialized
INFO - 2024-07-13 00:57:50 --> Model "Mconfigkey" initialized
INFO - 2024-07-13 00:57:50 --> Final output sent to browser
DEBUG - 2024-07-13 00:57:50 --> Total execution time: 0.4501
INFO - 2024-07-13 00:57:55 --> Config Class Initialized
INFO - 2024-07-13 00:57:55 --> Hooks Class Initialized
DEBUG - 2024-07-13 00:57:55 --> UTF-8 Support Enabled
INFO - 2024-07-13 00:57:55 --> Utf8 Class Initialized
INFO - 2024-07-13 00:57:55 --> URI Class Initialized
INFO - 2024-07-13 00:57:55 --> Router Class Initialized
INFO - 2024-07-13 00:57:55 --> Output Class Initialized
INFO - 2024-07-13 00:57:55 --> Security Class Initialized
DEBUG - 2024-07-13 00:57:55 --> Global POST, GET and COOKIE data sanitized
INFO - 2024-07-13 00:57:55 --> Input Class Initialized
INFO - 2024-07-13 00:57:55 --> Language Class Initialized
INFO - 2024-07-13 00:57:55 --> Loader Class Initialized
INFO - 2024-07-13 00:57:55 --> Helper loaded: url_helper
INFO - 2024-07-13 00:57:55 --> Database Driver Class Initialized
INFO - 2024-07-13 00:57:55 --> Controller Class Initialized
INFO - 2024-07-13 00:57:55 --> Model "Mconfigkey" initialized
INFO - 2024-07-13 00:57:55 --> Model "Msync_doc_aw" initialized
INFO - 2024-07-13 00:57:55 --> Final output sent to browser
DEBUG - 2024-07-13 00:57:55 --> Total execution time: 0.0443
INFO - 2024-07-13 00:57:57 --> Config Class Initialized
INFO - 2024-07-13 00:57:57 --> Hooks Class Initialized
DEBUG - 2024-07-13 00:57:57 --> UTF-8 Support Enabled
INFO - 2024-07-13 00:57:57 --> Utf8 Class Initialized
INFO - 2024-07-13 00:57:57 --> URI Class Initialized
INFO - 2024-07-13 00:57:57 --> Router Class Initialized
INFO - 2024-07-13 00:57:57 --> Output Class Initialized
INFO - 2024-07-13 00:57:57 --> Security Class Initialized
DEBUG - 2024-07-13 00:57:57 --> Global POST, GET and COOKIE data sanitized
INFO - 2024-07-13 00:57:57 --> Input Class Initialized
INFO - 2024-07-13 00:57:57 --> Language Class Initialized
INFO - 2024-07-13 00:57:57 --> Loader Class Initialized
INFO - 2024-07-13 00:57:57 --> Helper loaded: url_helper
INFO - 2024-07-13 00:57:57 --> Database Driver Class Initialized
INFO - 2024-07-13 00:57:57 --> Controller Class Initialized
INFO - 2024-07-13 00:57:57 --> Model "Mconfigkey" initialized
INFO - 2024-07-13 00:57:57 --> Model "Msync_doc_aw" initialized
INFO - 2024-07-13 00:57:57 --> Final output sent to browser
DEBUG - 2024-07-13 00:57:57 --> Total execution time: 0.0416
INFO - 2024-07-13 00:58:02 --> Config Class Initialized
INFO - 2024-07-13 00:58:02 --> Hooks Class Initialized
DEBUG - 2024-07-13 00:58:02 --> UTF-8 Support Enabled
INFO - 2024-07-13 00:58:02 --> Utf8 Class Initialized
INFO - 2024-07-13 00:58:02 --> URI Class Initialized
INFO - 2024-07-13 00:58:02 --> Router Class Initialized
INFO - 2024-07-13 00:58:02 --> Output Class Initialized
INFO - 2024-07-13 00:58:02 --> Security Class Initialized
DEBUG - 2024-07-13 00:58:02 --> Global POST, GET and COOKIE data sanitized
INFO - 2024-07-13 00:58:02 --> Input Class Initialized
INFO - 2024-07-13 00:58:02 --> Language Class Initialized
INFO - 2024-07-13 00:58:02 --> Loader Class Initialized
INFO - 2024-07-13 00:58:02 --> Helper loaded: url_helper
INFO - 2024-07-13 00:58:02 --> Database Driver Class Initialized
INFO - 2024-07-13 00:58:02 --> Controller Class Initialized
INFO - 2024-07-13 00:58:02 --> Model "Mconfigkey" initialized
INFO - 2024-07-13 00:58:02 --> Model "Msync_doc_aw" initialized
INFO - 2024-07-13 00:58:02 --> Final output sent to browser
DEBUG - 2024-07-13 00:58:02 --> Total execution time: 0.0350
INFO - 2024-07-13 00:58:04 --> Config Class Initialized
INFO - 2024-07-13 00:58:04 --> Hooks Class Initialized
DEBUG - 2024-07-13 00:58:04 --> UTF-8 Support Enabled
INFO - 2024-07-13 00:58:04 --> Utf8 Class Initialized
INFO - 2024-07-13 00:58:04 --> URI Class Initialized
INFO - 2024-07-13 00:58:04 --> Router Class Initialized
INFO - 2024-07-13 00:58:04 --> Output Class Initialized
INFO - 2024-07-13 00:58:04 --> Security Class Initialized
DEBUG - 2024-07-13 00:58:04 --> Global POST, GET and COOKIE data sanitized
INFO - 2024-07-13 00:58:04 --> Input Class Initialized
INFO - 2024-07-13 00:58:04 --> Language Class Initialized
INFO - 2024-07-13 00:58:04 --> Loader Class Initialized
INFO - 2024-07-13 00:58:04 --> Helper loaded: url_helper
INFO - 2024-07-13 00:58:04 --> Database Driver Class Initialized
INFO - 2024-07-13 00:58:04 --> Controller Class Initialized
INFO - 2024-07-13 00:58:04 --> Model "Mconfigkey" initialized
INFO - 2024-07-13 00:58:04 --> Model "Mportal_data" initialized
INFO - 2024-07-13 00:58:04 --> Final output sent to browser
DEBUG - 2024-07-13 00:58:04 --> Total execution time: 0.0306
INFO - 2024-07-13 00:58:05 --> Config Class Initialized
INFO - 2024-07-13 00:58:05 --> Hooks Class Initialized
DEBUG - 2024-07-13 00:58:05 --> UTF-8 Support Enabled
INFO - 2024-07-13 00:58:05 --> Utf8 Class Initialized
INFO - 2024-07-13 00:58:05 --> URI Class Initialized
INFO - 2024-07-13 00:58:05 --> Router Class Initialized
INFO - 2024-07-13 00:58:05 --> Output Class Initialized
INFO - 2024-07-13 00:58:05 --> Security Class Initialized
DEBUG - 2024-07-13 00:58:05 --> Global POST, GET and COOKIE data sanitized
INFO - 2024-07-13 00:58:05 --> Input Class Initialized
INFO - 2024-07-13 00:58:05 --> Language Class Initialized
INFO - 2024-07-13 00:58:05 --> Loader Class Initialized
INFO - 2024-07-13 00:58:05 --> Helper loaded: url_helper
INFO - 2024-07-13 00:58:05 --> Database Driver Class Initialized
INFO - 2024-07-13 00:58:05 --> Controller Class Initialized
INFO - 2024-07-13 00:58:08 --> Final output sent to browser
DEBUG - 2024-07-13 00:58:08 --> Total execution time: 2.1354
INFO - 2024-07-13 00:58:16 --> Config Class Initialized
INFO - 2024-07-13 00:58:16 --> Hooks Class Initialized
DEBUG - 2024-07-13 00:58:16 --> UTF-8 Support Enabled
INFO - 2024-07-13 00:58:16 --> Utf8 Class Initialized
INFO - 2024-07-13 00:58:16 --> URI Class Initialized
INFO - 2024-07-13 00:58:16 --> Router Class Initialized
INFO - 2024-07-13 00:58:16 --> Output Class Initialized
INFO - 2024-07-13 00:58:16 --> Security Class Initialized
DEBUG - 2024-07-13 00:58:16 --> Global POST, GET and COOKIE data sanitized
INFO - 2024-07-13 00:58:16 --> Input Class Initialized
INFO - 2024-07-13 00:58:16 --> Language Class Initialized
INFO - 2024-07-13 00:58:16 --> Loader Class Initialized
INFO - 2024-07-13 00:58:16 --> Helper loaded: url_helper
INFO - 2024-07-13 00:58:16 --> Database Driver Class Initialized
INFO - 2024-07-13 00:58:16 --> Controller Class Initialized
INFO - 2024-07-13 00:58:16 --> Model "Mconfigkey" initialized
INFO - 2024-07-13 00:58:16 --> Model "Mportal_data" initialized
INFO - 2024-07-13 00:58:16 --> Final output sent to browser
DEBUG - 2024-07-13 00:58:16 --> Total execution time: 0.0564
INFO - 2024-07-13 00:58:22 --> Config Class Initialized
INFO - 2024-07-13 00:58:22 --> Hooks Class Initialized
DEBUG - 2024-07-13 00:58:22 --> UTF-8 Support Enabled
INFO - 2024-07-13 00:58:22 --> Utf8 Class Initialized
INFO - 2024-07-13 00:58:22 --> URI Class Initialized
INFO - 2024-07-13 00:58:22 --> Router Class Initialized
INFO - 2024-07-13 00:58:22 --> Output Class Initialized
INFO - 2024-07-13 00:58:22 --> Security Class Initialized
DEBUG - 2024-07-13 00:58:22 --> Global POST, GET and COOKIE data sanitized
INFO - 2024-07-13 00:58:22 --> Input Class Initialized
INFO - 2024-07-13 00:58:22 --> Language Class Initialized
INFO - 2024-07-13 00:58:22 --> Loader Class Initialized
INFO - 2024-07-13 00:58:22 --> Helper loaded: url_helper
INFO - 2024-07-13 00:58:22 --> Database Driver Class Initialized
INFO - 2024-07-13 00:58:22 --> Controller Class Initialized
INFO - 2024-07-13 00:58:22 --> Model "Mconfigkey" initialized
INFO - 2024-07-13 00:58:22 --> Model "Mportal_data" initialized
INFO - 2024-07-13 00:58:22 --> Final output sent to browser
DEBUG - 2024-07-13 00:58:22 --> Total execution time: 0.0229
INFO - 2024-07-13 00:58:34 --> Config Class Initialized
INFO - 2024-07-13 00:58:34 --> Hooks Class Initialized
DEBUG - 2024-07-13 00:58:34 --> UTF-8 Support Enabled
INFO - 2024-07-13 00:58:34 --> Utf8 Class Initialized
INFO - 2024-07-13 00:58:34 --> URI Class Initialized
INFO - 2024-07-13 00:58:34 --> Router Class Initialized
INFO - 2024-07-13 00:58:34 --> Output Class Initialized
INFO - 2024-07-13 00:58:34 --> Security Class Initialized
DEBUG - 2024-07-13 00:58:34 --> Global POST, GET and COOKIE data sanitized
INFO - 2024-07-13 00:58:34 --> Input Class Initialized
INFO - 2024-07-13 00:58:34 --> Language Class Initialized
INFO - 2024-07-13 00:58:34 --> Loader Class Initialized
INFO - 2024-07-13 00:58:34 --> Helper loaded: url_helper
INFO - 2024-07-13 00:58:34 --> Database Driver Class Initialized
INFO - 2024-07-13 00:58:34 --> Controller Class Initialized
INFO - 2024-07-13 00:58:34 --> Model "Mconfigkey" initialized
INFO - 2024-07-13 00:58:34 --> Model "Mgoods_in" initialized
INFO - 2024-07-13 00:58:34 --> Final output sent to browser
DEBUG - 2024-07-13 00:58:34 --> Total execution time: 0.0304
INFO - 2024-07-13 00:58:39 --> Config Class Initialized
INFO - 2024-07-13 00:58:39 --> Hooks Class Initialized
DEBUG - 2024-07-13 00:58:39 --> UTF-8 Support Enabled
INFO - 2024-07-13 00:58:39 --> Utf8 Class Initialized
INFO - 2024-07-13 00:58:39 --> URI Class Initialized
INFO - 2024-07-13 00:58:39 --> Router Class Initialized
INFO - 2024-07-13 00:58:39 --> Output Class Initialized
INFO - 2024-07-13 00:58:39 --> Security Class Initialized
DEBUG - 2024-07-13 00:58:39 --> Global POST, GET and COOKIE data sanitized
INFO - 2024-07-13 00:58:39 --> Input Class Initialized
INFO - 2024-07-13 00:58:39 --> Language Class Initialized
INFO - 2024-07-13 00:58:39 --> Loader Class Initialized
INFO - 2024-07-13 00:58:39 --> Helper loaded: url_helper
INFO - 2024-07-13 00:58:39 --> Database Driver Class Initialized
INFO - 2024-07-13 00:58:39 --> Controller Class Initialized
INFO - 2024-07-13 00:58:39 --> Model "Mconfigkey" initialized
INFO - 2024-07-13 00:58:39 --> Model "Mgoods_in" initialized
INFO - 2024-07-13 00:58:39 --> Final output sent to browser
DEBUG - 2024-07-13 00:58:39 --> Total execution time: 0.0463
INFO - 2024-07-13 00:58:43 --> Config Class Initialized
INFO - 2024-07-13 00:58:43 --> Hooks Class Initialized
DEBUG - 2024-07-13 00:58:43 --> UTF-8 Support Enabled
INFO - 2024-07-13 00:58:43 --> Utf8 Class Initialized
INFO - 2024-07-13 00:58:43 --> URI Class Initialized
INFO - 2024-07-13 00:58:43 --> Router Class Initialized
INFO - 2024-07-13 00:58:43 --> Output Class Initialized
INFO - 2024-07-13 00:58:43 --> Security Class Initialized
DEBUG - 2024-07-13 00:58:43 --> Global POST, GET and COOKIE data sanitized
INFO - 2024-07-13 00:58:43 --> Input Class Initialized
INFO - 2024-07-13 00:58:43 --> Language Class Initialized
INFO - 2024-07-13 00:58:43 --> Loader Class Initialized
INFO - 2024-07-13 00:58:43 --> Helper loaded: url_helper
INFO - 2024-07-13 00:58:43 --> Database Driver Class Initialized
INFO - 2024-07-13 00:58:43 --> Controller Class Initialized
INFO - 2024-07-13 00:58:43 --> Model "Mconfigkey" initialized
INFO - 2024-07-13 00:58:43 --> Model "Mgoods_in" initialized
INFO - 2024-07-13 00:58:43 --> Final output sent to browser
DEBUG - 2024-07-13 00:58:43 --> Total execution time: 0.0199
INFO - 2024-07-13 00:58:49 --> Config Class Initialized
INFO - 2024-07-13 00:58:49 --> Hooks Class Initialized
DEBUG - 2024-07-13 00:58:49 --> UTF-8 Support Enabled
INFO - 2024-07-13 00:58:49 --> Utf8 Class Initialized
INFO - 2024-07-13 00:58:49 --> URI Class Initialized
INFO - 2024-07-13 00:58:49 --> Router Class Initialized
INFO - 2024-07-13 00:58:49 --> Output Class Initialized
INFO - 2024-07-13 00:58:49 --> Security Class Initialized
DEBUG - 2024-07-13 00:58:49 --> Global POST, GET and COOKIE data sanitized
INFO - 2024-07-13 00:58:49 --> Input Class Initialized
INFO - 2024-07-13 00:58:49 --> Language Class Initialized
INFO - 2024-07-13 00:58:49 --> Loader Class Initialized
INFO - 2024-07-13 00:58:49 --> Helper loaded: url_helper
INFO - 2024-07-13 00:58:49 --> Database Driver Class Initialized
INFO - 2024-07-13 00:58:49 --> Controller Class Initialized
INFO - 2024-07-13 00:58:49 --> Model "Mconfigkey" initialized
INFO - 2024-07-13 00:58:49 --> Model "Mgoods_in" initialized
INFO - 2024-07-13 00:58:49 --> Final output sent to browser
DEBUG - 2024-07-13 00:58:49 --> Total execution time: 0.0542
INFO - 2024-07-13 00:58:51 --> Config Class Initialized
INFO - 2024-07-13 00:58:51 --> Hooks Class Initialized
DEBUG - 2024-07-13 00:58:51 --> UTF-8 Support Enabled
INFO - 2024-07-13 00:58:51 --> Utf8 Class Initialized
INFO - 2024-07-13 00:58:51 --> URI Class Initialized
INFO - 2024-07-13 00:58:51 --> Router Class Initialized
INFO - 2024-07-13 00:58:51 --> Output Class Initialized
INFO - 2024-07-13 00:58:51 --> Security Class Initialized
DEBUG - 2024-07-13 00:58:51 --> Global POST, GET and COOKIE data sanitized
INFO - 2024-07-13 00:58:51 --> Input Class Initialized
INFO - 2024-07-13 00:58:51 --> Language Class Initialized
INFO - 2024-07-13 00:58:51 --> Loader Class Initialized
INFO - 2024-07-13 00:58:51 --> Helper loaded: url_helper
INFO - 2024-07-13 00:58:51 --> Database Driver Class Initialized
INFO - 2024-07-13 00:58:51 --> Controller Class Initialized
INFO - 2024-07-13 00:58:51 --> Model "Mconfigkey" initialized
INFO - 2024-07-13 00:58:51 --> Model "Mgoods_in" initialized
INFO - 2024-07-13 00:58:51 --> Final output sent to browser
DEBUG - 2024-07-13 00:58:51 --> Total execution time: 0.0303
INFO - 2024-07-13 00:58:54 --> Config Class Initialized
INFO - 2024-07-13 00:58:54 --> Hooks Class Initialized
DEBUG - 2024-07-13 00:58:54 --> UTF-8 Support Enabled
INFO - 2024-07-13 00:58:54 --> Utf8 Class Initialized
INFO - 2024-07-13 00:58:54 --> URI Class Initialized
INFO - 2024-07-13 00:58:54 --> Router Class Initialized
INFO - 2024-07-13 00:58:54 --> Output Class Initialized
INFO - 2024-07-13 00:58:54 --> Security Class Initialized
DEBUG - 2024-07-13 00:58:54 --> Global POST, GET and COOKIE data sanitized
INFO - 2024-07-13 00:58:54 --> Input Class Initialized
INFO - 2024-07-13 00:58:54 --> Language Class Initialized
INFO - 2024-07-13 00:58:54 --> Loader Class Initialized
INFO - 2024-07-13 00:58:54 --> Helper loaded: url_helper
INFO - 2024-07-13 00:58:54 --> Database Driver Class Initialized
INFO - 2024-07-13 00:58:54 --> Controller Class Initialized
INFO - 2024-07-13 00:58:54 --> Model "Mconfigkey" initialized
INFO - 2024-07-13 00:58:54 --> Model "Mgoods_in" initialized
INFO - 2024-07-13 00:58:54 --> Final output sent to browser
DEBUG - 2024-07-13 00:58:54 --> Total execution time: 0.0206
INFO - 2024-07-13 00:59:04 --> Config Class Initialized
INFO - 2024-07-13 00:59:04 --> Hooks Class Initialized
DEBUG - 2024-07-13 00:59:04 --> UTF-8 Support Enabled
INFO - 2024-07-13 00:59:04 --> Utf8 Class Initialized
INFO - 2024-07-13 00:59:04 --> URI Class Initialized
INFO - 2024-07-13 00:59:04 --> Router Class Initialized
INFO - 2024-07-13 00:59:04 --> Output Class Initialized
INFO - 2024-07-13 00:59:04 --> Security Class Initialized
DEBUG - 2024-07-13 00:59:04 --> Global POST, GET and COOKIE data sanitized
INFO - 2024-07-13 00:59:04 --> Input Class Initialized
INFO - 2024-07-13 00:59:04 --> Language Class Initialized
INFO - 2024-07-13 00:59:04 --> Loader Class Initialized
INFO - 2024-07-13 00:59:04 --> Helper loaded: url_helper
INFO - 2024-07-13 00:59:04 --> Database Driver Class Initialized
INFO - 2024-07-13 00:59:04 --> Controller Class Initialized
INFO - 2024-07-13 00:59:04 --> Model "Mconfigkey" initialized
INFO - 2024-07-13 00:59:04 --> Model "Mmst_item" initialized
INFO - 2024-07-13 00:59:04 --> Final output sent to browser
DEBUG - 2024-07-13 00:59:04 --> Total execution time: 0.0354
INFO - 2024-07-13 00:59:13 --> Config Class Initialized
INFO - 2024-07-13 00:59:13 --> Hooks Class Initialized
DEBUG - 2024-07-13 00:59:13 --> UTF-8 Support Enabled
INFO - 2024-07-13 00:59:13 --> Utf8 Class Initialized
INFO - 2024-07-13 00:59:13 --> URI Class Initialized
INFO - 2024-07-13 00:59:13 --> Router Class Initialized
INFO - 2024-07-13 00:59:13 --> Output Class Initialized
INFO - 2024-07-13 00:59:13 --> Security Class Initialized
DEBUG - 2024-07-13 00:59:13 --> Global POST, GET and COOKIE data sanitized
INFO - 2024-07-13 00:59:13 --> Input Class Initialized
INFO - 2024-07-13 00:59:13 --> Language Class Initialized
INFO - 2024-07-13 00:59:13 --> Loader Class Initialized
INFO - 2024-07-13 00:59:13 --> Helper loaded: url_helper
INFO - 2024-07-13 00:59:13 --> Database Driver Class Initialized
INFO - 2024-07-13 00:59:13 --> Controller Class Initialized
INFO - 2024-07-13 00:59:13 --> Model "Mconfigkey" initialized
INFO - 2024-07-13 00:59:13 --> Model "Mmst_item" initialized
INFO - 2024-07-13 00:59:13 --> Final output sent to browser
DEBUG - 2024-07-13 00:59:13 --> Total execution time: 0.0232
INFO - 2024-07-13 00:59:20 --> Config Class Initialized
INFO - 2024-07-13 00:59:20 --> Hooks Class Initialized
DEBUG - 2024-07-13 00:59:20 --> UTF-8 Support Enabled
INFO - 2024-07-13 00:59:20 --> Utf8 Class Initialized
INFO - 2024-07-13 00:59:20 --> URI Class Initialized
INFO - 2024-07-13 00:59:20 --> Router Class Initialized
INFO - 2024-07-13 00:59:20 --> Output Class Initialized
INFO - 2024-07-13 00:59:20 --> Security Class Initialized
DEBUG - 2024-07-13 00:59:20 --> Global POST, GET and COOKIE data sanitized
INFO - 2024-07-13 00:59:20 --> Input Class Initialized
INFO - 2024-07-13 00:59:20 --> Language Class Initialized
INFO - 2024-07-13 00:59:20 --> Loader Class Initialized
INFO - 2024-07-13 00:59:20 --> Helper loaded: url_helper
INFO - 2024-07-13 00:59:20 --> Database Driver Class Initialized
INFO - 2024-07-13 00:59:20 --> Controller Class Initialized
INFO - 2024-07-13 00:59:20 --> Model "Mconfigkey" initialized
INFO - 2024-07-13 00:59:20 --> Model "Mgoods_in" initialized
INFO - 2024-07-13 00:59:20 --> Final output sent to browser
DEBUG - 2024-07-13 00:59:20 --> Total execution time: 0.0198
INFO - 2024-07-13 00:59:53 --> Config Class Initialized
INFO - 2024-07-13 00:59:53 --> Hooks Class Initialized
DEBUG - 2024-07-13 00:59:53 --> UTF-8 Support Enabled
INFO - 2024-07-13 00:59:53 --> Utf8 Class Initialized
INFO - 2024-07-13 00:59:53 --> URI Class Initialized
INFO - 2024-07-13 00:59:53 --> Router Class Initialized
INFO - 2024-07-13 00:59:53 --> Output Class Initialized
INFO - 2024-07-13 00:59:53 --> Security Class Initialized
DEBUG - 2024-07-13 00:59:53 --> Global POST, GET and COOKIE data sanitized
INFO - 2024-07-13 00:59:53 --> Input Class Initialized
INFO - 2024-07-13 00:59:53 --> Language Class Initialized
INFO - 2024-07-13 00:59:53 --> Loader Class Initialized
INFO - 2024-07-13 00:59:53 --> Helper loaded: url_helper
INFO - 2024-07-13 00:59:53 --> Database Driver Class Initialized
INFO - 2024-07-13 00:59:53 --> Controller Class Initialized
INFO - 2024-07-13 00:59:53 --> Model "Mconfigkey" initialized
INFO - 2024-07-13 00:59:53 --> Model "Mgoods_in" initialized
INFO - 2024-07-13 00:59:53 --> Final output sent to browser
DEBUG - 2024-07-13 00:59:53 --> Total execution time: 0.0248
INFO - 2024-07-13 00:59:54 --> Config Class Initialized
INFO - 2024-07-13 00:59:54 --> Hooks Class Initialized
DEBUG - 2024-07-13 00:59:54 --> UTF-8 Support Enabled
INFO - 2024-07-13 00:59:54 --> Utf8 Class Initialized
INFO - 2024-07-13 00:59:54 --> URI Class Initialized
INFO - 2024-07-13 00:59:54 --> Router Class Initialized
INFO - 2024-07-13 00:59:54 --> Output Class Initialized
INFO - 2024-07-13 00:59:54 --> Security Class Initialized
DEBUG - 2024-07-13 00:59:54 --> Global POST, GET and COOKIE data sanitized
INFO - 2024-07-13 00:59:54 --> Input Class Initialized
INFO - 2024-07-13 00:59:54 --> Language Class Initialized
INFO - 2024-07-13 00:59:54 --> Loader Class Initialized
INFO - 2024-07-13 00:59:54 --> Helper loaded: url_helper
INFO - 2024-07-13 00:59:54 --> Database Driver Class Initialized
INFO - 2024-07-13 00:59:54 --> Controller Class Initialized
INFO - 2024-07-13 00:59:54 --> Model "Mconfigkey" initialized
INFO - 2024-07-13 00:59:54 --> Model "Mgoods_in" initialized
INFO - 2024-07-13 00:59:54 --> Final output sent to browser
DEBUG - 2024-07-13 00:59:54 --> Total execution time: 0.0219
INFO - 2024-07-13 00:59:56 --> Config Class Initialized
INFO - 2024-07-13 00:59:56 --> Hooks Class Initialized
DEBUG - 2024-07-13 00:59:56 --> UTF-8 Support Enabled
INFO - 2024-07-13 00:59:56 --> Utf8 Class Initialized
INFO - 2024-07-13 00:59:56 --> URI Class Initialized
INFO - 2024-07-13 00:59:56 --> Router Class Initialized
INFO - 2024-07-13 00:59:56 --> Output Class Initialized
INFO - 2024-07-13 00:59:56 --> Security Class Initialized
DEBUG - 2024-07-13 00:59:56 --> Global POST, GET and COOKIE data sanitized
INFO - 2024-07-13 00:59:56 --> Input Class Initialized
INFO - 2024-07-13 00:59:56 --> Language Class Initialized
INFO - 2024-07-13 00:59:56 --> Loader Class Initialized
INFO - 2024-07-13 00:59:56 --> Helper loaded: url_helper
INFO - 2024-07-13 00:59:56 --> Database Driver Class Initialized
INFO - 2024-07-13 00:59:56 --> Controller Class Initialized
INFO - 2024-07-13 00:59:56 --> Model "Mconfigkey" initialized
INFO - 2024-07-13 00:59:56 --> Model "Mmst_item" initialized
INFO - 2024-07-13 00:59:56 --> Final output sent to browser
DEBUG - 2024-07-13 00:59:56 --> Total execution time: 0.0206
INFO - 2024-07-13 01:00:02 --> Config Class Initialized
INFO - 2024-07-13 01:00:02 --> Hooks Class Initialized
DEBUG - 2024-07-13 01:00:02 --> UTF-8 Support Enabled
INFO - 2024-07-13 01:00:02 --> Utf8 Class Initialized
INFO - 2024-07-13 01:00:02 --> URI Class Initialized
INFO - 2024-07-13 01:00:02 --> Router Class Initialized
INFO - 2024-07-13 01:00:02 --> Output Class Initialized
INFO - 2024-07-13 01:00:02 --> Security Class Initialized
DEBUG - 2024-07-13 01:00:02 --> Global POST, GET and COOKIE data sanitized
INFO - 2024-07-13 01:00:02 --> Input Class Initialized
INFO - 2024-07-13 01:00:02 --> Language Class Initialized
INFO - 2024-07-13 01:00:02 --> Loader Class Initialized
INFO - 2024-07-13 01:00:02 --> Helper loaded: url_helper
INFO - 2024-07-13 01:00:02 --> Database Driver Class Initialized
INFO - 2024-07-13 01:00:02 --> Controller Class Initialized
INFO - 2024-07-13 01:00:02 --> Model "Mconfigkey" initialized
INFO - 2024-07-13 01:00:02 --> Model "Mmst_item" initialized
INFO - 2024-07-13 01:00:02 --> Final output sent to browser
DEBUG - 2024-07-13 01:00:02 --> Total execution time: 0.0218
INFO - 2024-07-13 01:00:05 --> Config Class Initialized
INFO - 2024-07-13 01:00:05 --> Hooks Class Initialized
DEBUG - 2024-07-13 01:00:05 --> UTF-8 Support Enabled
INFO - 2024-07-13 01:00:05 --> Utf8 Class Initialized
INFO - 2024-07-13 01:00:05 --> URI Class Initialized
INFO - 2024-07-13 01:00:05 --> Router Class Initialized
INFO - 2024-07-13 01:00:05 --> Output Class Initialized
INFO - 2024-07-13 01:00:05 --> Security Class Initialized
DEBUG - 2024-07-13 01:00:05 --> Global POST, GET and COOKIE data sanitized
INFO - 2024-07-13 01:00:05 --> Input Class Initialized
INFO - 2024-07-13 01:00:05 --> Language Class Initialized
INFO - 2024-07-13 01:00:05 --> Loader Class Initialized
INFO - 2024-07-13 01:00:05 --> Helper loaded: url_helper
INFO - 2024-07-13 01:00:05 --> Database Driver Class Initialized
INFO - 2024-07-13 01:00:05 --> Controller Class Initialized
INFO - 2024-07-13 01:00:05 --> Model "Mconfigkey" initialized
INFO - 2024-07-13 01:00:05 --> Model "Mgoods_in" initialized
INFO - 2024-07-13 01:00:05 --> Final output sent to browser
DEBUG - 2024-07-13 01:00:05 --> Total execution time: 0.0202
INFO - 2024-07-13 01:00:23 --> Config Class Initialized
INFO - 2024-07-13 01:00:23 --> Hooks Class Initialized
DEBUG - 2024-07-13 01:00:23 --> UTF-8 Support Enabled
INFO - 2024-07-13 01:00:23 --> Utf8 Class Initialized
INFO - 2024-07-13 01:00:23 --> URI Class Initialized
INFO - 2024-07-13 01:00:23 --> Router Class Initialized
INFO - 2024-07-13 01:00:23 --> Output Class Initialized
INFO - 2024-07-13 01:00:23 --> Security Class Initialized
DEBUG - 2024-07-13 01:00:23 --> Global POST, GET and COOKIE data sanitized
INFO - 2024-07-13 01:00:23 --> Input Class Initialized
INFO - 2024-07-13 01:00:23 --> Language Class Initialized
INFO - 2024-07-13 01:00:23 --> Loader Class Initialized
INFO - 2024-07-13 01:00:23 --> Helper loaded: url_helper
INFO - 2024-07-13 01:00:23 --> Database Driver Class Initialized
INFO - 2024-07-13 01:00:23 --> Controller Class Initialized
INFO - 2024-07-13 01:00:23 --> Model "Mconfigkey" initialized
INFO - 2024-07-13 01:00:23 --> Model "Mgoods_in" initialized
INFO - 2024-07-13 01:00:23 --> Final output sent to browser
DEBUG - 2024-07-13 01:00:23 --> Total execution time: 0.0204
INFO - 2024-07-13 01:00:29 --> Config Class Initialized
INFO - 2024-07-13 01:00:29 --> Hooks Class Initialized
DEBUG - 2024-07-13 01:00:29 --> UTF-8 Support Enabled
INFO - 2024-07-13 01:00:29 --> Utf8 Class Initialized
INFO - 2024-07-13 01:00:29 --> URI Class Initialized
INFO - 2024-07-13 01:00:29 --> Router Class Initialized
INFO - 2024-07-13 01:00:29 --> Output Class Initialized
INFO - 2024-07-13 01:00:29 --> Security Class Initialized
DEBUG - 2024-07-13 01:00:29 --> Global POST, GET and COOKIE data sanitized
INFO - 2024-07-13 01:00:29 --> Input Class Initialized
INFO - 2024-07-13 01:00:29 --> Language Class Initialized
INFO - 2024-07-13 01:00:29 --> Loader Class Initialized
INFO - 2024-07-13 01:00:29 --> Helper loaded: url_helper
INFO - 2024-07-13 01:00:29 --> Database Driver Class Initialized
INFO - 2024-07-13 01:00:29 --> Controller Class Initialized
INFO - 2024-07-13 01:00:29 --> Model "Mconfigkey" initialized
INFO - 2024-07-13 01:00:29 --> Model "Mgoods_in" initialized
INFO - 2024-07-13 01:00:29 --> Final output sent to browser
DEBUG - 2024-07-13 01:00:29 --> Total execution time: 0.0199
INFO - 2024-07-13 01:00:32 --> Config Class Initialized
INFO - 2024-07-13 01:00:32 --> Hooks Class Initialized
DEBUG - 2024-07-13 01:00:32 --> UTF-8 Support Enabled
INFO - 2024-07-13 01:00:32 --> Utf8 Class Initialized
INFO - 2024-07-13 01:00:32 --> URI Class Initialized
INFO - 2024-07-13 01:00:32 --> Router Class Initialized
INFO - 2024-07-13 01:00:32 --> Output Class Initialized
INFO - 2024-07-13 01:00:32 --> Security Class Initialized
DEBUG - 2024-07-13 01:00:32 --> Global POST, GET and COOKIE data sanitized
INFO - 2024-07-13 01:00:32 --> Input Class Initialized
INFO - 2024-07-13 01:00:32 --> Language Class Initialized
INFO - 2024-07-13 01:00:32 --> Loader Class Initialized
INFO - 2024-07-13 01:00:32 --> Helper loaded: url_helper
INFO - 2024-07-13 01:00:32 --> Database Driver Class Initialized
INFO - 2024-07-13 01:00:32 --> Controller Class Initialized
INFO - 2024-07-13 01:00:32 --> Model "Mconfigkey" initialized
INFO - 2024-07-13 01:00:32 --> Model "Mgoods_in" initialized
INFO - 2024-07-13 01:00:32 --> Final output sent to browser
DEBUG - 2024-07-13 01:00:32 --> Total execution time: 0.0241
INFO - 2024-07-13 01:00:34 --> Config Class Initialized
INFO - 2024-07-13 01:00:34 --> Hooks Class Initialized
DEBUG - 2024-07-13 01:00:34 --> UTF-8 Support Enabled
INFO - 2024-07-13 01:00:34 --> Utf8 Class Initialized
INFO - 2024-07-13 01:00:34 --> URI Class Initialized
INFO - 2024-07-13 01:00:34 --> Router Class Initialized
INFO - 2024-07-13 01:00:34 --> Output Class Initialized
INFO - 2024-07-13 01:00:34 --> Security Class Initialized
DEBUG - 2024-07-13 01:00:34 --> Global POST, GET and COOKIE data sanitized
INFO - 2024-07-13 01:00:34 --> Input Class Initialized
INFO - 2024-07-13 01:00:34 --> Language Class Initialized
INFO - 2024-07-13 01:00:34 --> Loader Class Initialized
INFO - 2024-07-13 01:00:34 --> Helper loaded: url_helper
INFO - 2024-07-13 01:00:34 --> Database Driver Class Initialized
INFO - 2024-07-13 01:00:34 --> Controller Class Initialized
INFO - 2024-07-13 01:00:34 --> Model "Mconfigkey" initialized
INFO - 2024-07-13 01:00:34 --> Model "Mgoods_in" initialized
INFO - 2024-07-13 01:00:34 --> Final output sent to browser
DEBUG - 2024-07-13 01:00:34 --> Total execution time: 0.0317
INFO - 2024-07-13 01:00:36 --> Config Class Initialized
INFO - 2024-07-13 01:00:36 --> Hooks Class Initialized
DEBUG - 2024-07-13 01:00:36 --> UTF-8 Support Enabled
INFO - 2024-07-13 01:00:36 --> Utf8 Class Initialized
INFO - 2024-07-13 01:00:36 --> URI Class Initialized
INFO - 2024-07-13 01:00:36 --> Router Class Initialized
INFO - 2024-07-13 01:00:36 --> Output Class Initialized
INFO - 2024-07-13 01:00:36 --> Security Class Initialized
DEBUG - 2024-07-13 01:00:36 --> Global POST, GET and COOKIE data sanitized
INFO - 2024-07-13 01:00:36 --> Input Class Initialized
INFO - 2024-07-13 01:00:36 --> Language Class Initialized
INFO - 2024-07-13 01:00:36 --> Loader Class Initialized
INFO - 2024-07-13 01:00:36 --> Helper loaded: url_helper
INFO - 2024-07-13 01:00:36 --> Database Driver Class Initialized
INFO - 2024-07-13 01:00:36 --> Controller Class Initialized
INFO - 2024-07-13 01:00:36 --> Model "Mconfigkey" initialized
INFO - 2024-07-13 01:00:36 --> Model "Mgoods_in" initialized
INFO - 2024-07-13 01:00:36 --> Final output sent to browser
DEBUG - 2024-07-13 01:00:36 --> Total execution time: 0.0197
INFO - 2024-07-13 01:00:39 --> Config Class Initialized
INFO - 2024-07-13 01:00:39 --> Hooks Class Initialized
DEBUG - 2024-07-13 01:00:39 --> UTF-8 Support Enabled
INFO - 2024-07-13 01:00:39 --> Utf8 Class Initialized
INFO - 2024-07-13 01:00:39 --> URI Class Initialized
INFO - 2024-07-13 01:00:39 --> Router Class Initialized
INFO - 2024-07-13 01:00:39 --> Output Class Initialized
INFO - 2024-07-13 01:00:39 --> Security Class Initialized
DEBUG - 2024-07-13 01:00:39 --> Global POST, GET and COOKIE data sanitized
INFO - 2024-07-13 01:00:39 --> Input Class Initialized
INFO - 2024-07-13 01:00:39 --> Language Class Initialized
INFO - 2024-07-13 01:00:39 --> Loader Class Initialized
INFO - 2024-07-13 01:00:39 --> Helper loaded: url_helper
INFO - 2024-07-13 01:00:39 --> Database Driver Class Initialized
INFO - 2024-07-13 01:00:39 --> Controller Class Initialized
INFO - 2024-07-13 01:00:39 --> Model "Mconfigkey" initialized
INFO - 2024-07-13 01:00:39 --> Model "Mmst_item" initialized
INFO - 2024-07-13 01:00:39 --> Final output sent to browser
DEBUG - 2024-07-13 01:00:39 --> Total execution time: 0.0203
INFO - 2024-07-13 01:00:43 --> Config Class Initialized
INFO - 2024-07-13 01:00:43 --> Hooks Class Initialized
DEBUG - 2024-07-13 01:00:43 --> UTF-8 Support Enabled
INFO - 2024-07-13 01:00:43 --> Utf8 Class Initialized
INFO - 2024-07-13 01:00:43 --> URI Class Initialized
INFO - 2024-07-13 01:00:43 --> Router Class Initialized
INFO - 2024-07-13 01:00:43 --> Output Class Initialized
INFO - 2024-07-13 01:00:43 --> Security Class Initialized
DEBUG - 2024-07-13 01:00:43 --> Global POST, GET and COOKIE data sanitized
INFO - 2024-07-13 01:00:43 --> Input Class Initialized
INFO - 2024-07-13 01:00:43 --> Language Class Initialized
INFO - 2024-07-13 01:00:43 --> Loader Class Initialized
INFO - 2024-07-13 01:00:43 --> Helper loaded: url_helper
INFO - 2024-07-13 01:00:43 --> Database Driver Class Initialized
INFO - 2024-07-13 01:00:43 --> Controller Class Initialized
INFO - 2024-07-13 01:00:43 --> Model "Mconfigkey" initialized
INFO - 2024-07-13 01:00:43 --> Model "Mgoods_in" initialized
INFO - 2024-07-13 01:00:43 --> Final output sent to browser
DEBUG - 2024-07-13 01:00:43 --> Total execution time: 0.0203
INFO - 2024-07-13 01:01:03 --> Config Class Initialized
INFO - 2024-07-13 01:01:03 --> Hooks Class Initialized
DEBUG - 2024-07-13 01:01:03 --> UTF-8 Support Enabled
INFO - 2024-07-13 01:01:03 --> Utf8 Class Initialized
INFO - 2024-07-13 01:01:03 --> URI Class Initialized
INFO - 2024-07-13 01:01:03 --> Router Class Initialized
INFO - 2024-07-13 01:01:03 --> Output Class Initialized
INFO - 2024-07-13 01:01:03 --> Security Class Initialized
DEBUG - 2024-07-13 01:01:03 --> Global POST, GET and COOKIE data sanitized
INFO - 2024-07-13 01:01:03 --> Input Class Initialized
INFO - 2024-07-13 01:01:03 --> Language Class Initialized
INFO - 2024-07-13 01:01:03 --> Loader Class Initialized
INFO - 2024-07-13 01:01:03 --> Helper loaded: url_helper
INFO - 2024-07-13 01:01:03 --> Database Driver Class Initialized
INFO - 2024-07-13 01:01:03 --> Controller Class Initialized
INFO - 2024-07-13 01:01:03 --> Model "Mconfigkey" initialized
INFO - 2024-07-13 01:01:03 --> Model "Mgoods_in" initialized
INFO - 2024-07-13 01:01:03 --> Final output sent to browser
DEBUG - 2024-07-13 01:01:03 --> Total execution time: 0.0239
INFO - 2024-07-13 01:01:06 --> Config Class Initialized
INFO - 2024-07-13 01:01:06 --> Hooks Class Initialized
DEBUG - 2024-07-13 01:01:06 --> UTF-8 Support Enabled
INFO - 2024-07-13 01:01:06 --> Utf8 Class Initialized
INFO - 2024-07-13 01:01:06 --> URI Class Initialized
INFO - 2024-07-13 01:01:06 --> Router Class Initialized
INFO - 2024-07-13 01:01:06 --> Output Class Initialized
INFO - 2024-07-13 01:01:06 --> Security Class Initialized
DEBUG - 2024-07-13 01:01:06 --> Global POST, GET and COOKIE data sanitized
INFO - 2024-07-13 01:01:06 --> Input Class Initialized
INFO - 2024-07-13 01:01:06 --> Language Class Initialized
INFO - 2024-07-13 01:01:06 --> Loader Class Initialized
INFO - 2024-07-13 01:01:06 --> Helper loaded: url_helper
INFO - 2024-07-13 01:01:06 --> Database Driver Class Initialized
INFO - 2024-07-13 01:01:06 --> Controller Class Initialized
INFO - 2024-07-13 01:01:06 --> Model "Mconfigkey" initialized
INFO - 2024-07-13 01:01:06 --> Model "Mgoods_in" initialized
INFO - 2024-07-13 01:01:06 --> Final output sent to browser
DEBUG - 2024-07-13 01:01:06 --> Total execution time: 0.0228
INFO - 2024-07-13 01:01:10 --> Config Class Initialized
INFO - 2024-07-13 01:01:10 --> Hooks Class Initialized
DEBUG - 2024-07-13 01:01:10 --> UTF-8 Support Enabled
INFO - 2024-07-13 01:01:10 --> Utf8 Class Initialized
INFO - 2024-07-13 01:01:10 --> URI Class Initialized
INFO - 2024-07-13 01:01:10 --> Router Class Initialized
INFO - 2024-07-13 01:01:10 --> Output Class Initialized
INFO - 2024-07-13 01:01:10 --> Security Class Initialized
DEBUG - 2024-07-13 01:01:10 --> Global POST, GET and COOKIE data sanitized
INFO - 2024-07-13 01:01:10 --> Input Class Initialized
INFO - 2024-07-13 01:01:10 --> Language Class Initialized
INFO - 2024-07-13 01:01:10 --> Loader Class Initialized
INFO - 2024-07-13 01:01:10 --> Helper loaded: url_helper
INFO - 2024-07-13 01:01:10 --> Database Driver Class Initialized
INFO - 2024-07-13 01:01:10 --> Controller Class Initialized
INFO - 2024-07-13 01:01:10 --> Model "Mconfigkey" initialized
INFO - 2024-07-13 01:01:10 --> Model "Mgoods_in" initialized
INFO - 2024-07-13 01:01:10 --> Final output sent to browser
DEBUG - 2024-07-13 01:01:10 --> Total execution time: 0.0227
INFO - 2024-07-13 01:01:13 --> Config Class Initialized
INFO - 2024-07-13 01:01:13 --> Hooks Class Initialized
DEBUG - 2024-07-13 01:01:13 --> UTF-8 Support Enabled
INFO - 2024-07-13 01:01:13 --> Utf8 Class Initialized
INFO - 2024-07-13 01:01:13 --> URI Class Initialized
INFO - 2024-07-13 01:01:13 --> Router Class Initialized
INFO - 2024-07-13 01:01:13 --> Output Class Initialized
INFO - 2024-07-13 01:01:13 --> Security Class Initialized
DEBUG - 2024-07-13 01:01:13 --> Global POST, GET and COOKIE data sanitized
INFO - 2024-07-13 01:01:13 --> Input Class Initialized
INFO - 2024-07-13 01:01:13 --> Language Class Initialized
INFO - 2024-07-13 01:01:13 --> Loader Class Initialized
INFO - 2024-07-13 01:01:13 --> Helper loaded: url_helper
INFO - 2024-07-13 01:01:13 --> Database Driver Class Initialized
INFO - 2024-07-13 01:01:13 --> Controller Class Initialized
INFO - 2024-07-13 01:01:13 --> Model "Mconfigkey" initialized
INFO - 2024-07-13 01:01:13 --> Model "Mgoods_in" initialized
INFO - 2024-07-13 01:01:13 --> Final output sent to browser
DEBUG - 2024-07-13 01:01:13 --> Total execution time: 0.0224
INFO - 2024-07-13 01:01:15 --> Config Class Initialized
INFO - 2024-07-13 01:01:15 --> Hooks Class Initialized
DEBUG - 2024-07-13 01:01:15 --> UTF-8 Support Enabled
INFO - 2024-07-13 01:01:15 --> Utf8 Class Initialized
INFO - 2024-07-13 01:01:15 --> URI Class Initialized
INFO - 2024-07-13 01:01:15 --> Router Class Initialized
INFO - 2024-07-13 01:01:15 --> Output Class Initialized
INFO - 2024-07-13 01:01:15 --> Security Class Initialized
DEBUG - 2024-07-13 01:01:15 --> Global POST, GET and COOKIE data sanitized
INFO - 2024-07-13 01:01:15 --> Input Class Initialized
INFO - 2024-07-13 01:01:15 --> Language Class Initialized
INFO - 2024-07-13 01:01:15 --> Loader Class Initialized
INFO - 2024-07-13 01:01:15 --> Helper loaded: url_helper
INFO - 2024-07-13 01:01:15 --> Database Driver Class Initialized
INFO - 2024-07-13 01:01:15 --> Controller Class Initialized
INFO - 2024-07-13 01:01:15 --> Model "Mconfigkey" initialized
INFO - 2024-07-13 01:01:15 --> Model "Mgoods_in" initialized
INFO - 2024-07-13 01:01:15 --> Final output sent to browser
DEBUG - 2024-07-13 01:01:15 --> Total execution time: 0.0226
