INFO - 2025-03-17 11:43:16 --> Config Class Initialized
INFO - 2025-03-17 11:43:16 --> Hooks Class Initialized
DEBUG - 2025-03-17 11:43:16 --> UTF-8 Support Enabled
INFO - 2025-03-17 11:43:16 --> Utf8 Class Initialized
INFO - 2025-03-17 11:43:16 --> URI Class Initialized
INFO - 2025-03-17 11:43:16 --> Router Class Initialized
INFO - 2025-03-17 11:43:16 --> Output Class Initialized
INFO - 2025-03-17 11:43:16 --> Security Class Initialized
DEBUG - 2025-03-17 11:43:16 --> Global POST, GET and COOKIE data sanitized
INFO - 2025-03-17 11:43:16 --> Input Class Initialized
INFO - 2025-03-17 11:43:16 --> Language Class Initialized
INFO - 2025-03-17 11:43:16 --> Loader Class Initialized
INFO - 2025-03-17 11:43:16 --> Helper loaded: url_helper
INFO - 2025-03-17 11:43:16 --> Database Driver Class Initialized
INFO - 2025-03-17 11:43:16 --> Controller Class Initialized
INFO - 2025-03-17 11:43:16 --> Model "Mconfigkey" initialized
INFO - 2025-03-17 11:43:16 --> Final output sent to browser
DEBUG - 2025-03-17 11:43:16 --> Total execution time: 0.4894
INFO - 2025-03-17 20:15:37 --> Config Class Initialized
INFO - 2025-03-17 20:15:37 --> Hooks Class Initialized
DEBUG - 2025-03-17 20:15:37 --> UTF-8 Support Enabled
INFO - 2025-03-17 20:15:37 --> Utf8 Class Initialized
INFO - 2025-03-17 20:15:37 --> URI Class Initialized
INFO - 2025-03-17 20:15:37 --> Router Class Initialized
INFO - 2025-03-17 20:15:37 --> Output Class Initialized
INFO - 2025-03-17 20:15:37 --> Security Class Initialized
DEBUG - 2025-03-17 20:15:37 --> Global POST, GET and COOKIE data sanitized
INFO - 2025-03-17 20:15:37 --> Input Class Initialized
INFO - 2025-03-17 20:15:37 --> Language Class Initialized
INFO - 2025-03-17 20:15:37 --> Loader Class Initialized
INFO - 2025-03-17 20:15:37 --> Helper loaded: url_helper
INFO - 2025-03-17 20:15:37 --> Database Driver Class Initialized
ERROR - 2025-03-17 20:15:37 --> Severity: error --> Exception: Call to undefined function sqlsrv_connect() D:\xampp\htdocs\plb\dummyservice\system\database\drivers\sqlsrv\sqlsrv_driver.php 144
