INFO - 2024-07-04 00:11:51 --> Config Class Initialized
INFO - 2024-07-04 00:11:51 --> Hooks Class Initialized
DEBUG - 2024-07-04 00:11:51 --> UTF-8 Support Enabled
INFO - 2024-07-04 00:11:51 --> Utf8 Class Initialized
INFO - 2024-07-04 00:11:51 --> URI Class Initialized
INFO - 2024-07-04 00:11:51 --> Router Class Initialized
INFO - 2024-07-04 00:11:51 --> Output Class Initialized
INFO - 2024-07-04 00:11:51 --> Security Class Initialized
DEBUG - 2024-07-04 00:11:51 --> Global POST, GET and COOKIE data sanitized
INFO - 2024-07-04 00:11:51 --> Input Class Initialized
INFO - 2024-07-04 00:11:51 --> Language Class Initialized
INFO - 2024-07-04 00:11:51 --> Loader Class Initialized
INFO - 2024-07-04 00:11:51 --> Helper loaded: url_helper
INFO - 2024-07-04 00:11:51 --> Database Driver Class Initialized
INFO - 2024-07-04 00:11:51 --> Controller Class Initialized
INFO - 2024-07-04 00:11:51 --> Model "Mconfigkey" initialized
INFO - 2024-07-04 00:11:51 --> Final output sent to browser
DEBUG - 2024-07-04 00:11:51 --> Total execution time: 0.4470
INFO - 2024-07-04 17:28:34 --> Config Class Initialized
INFO - 2024-07-04 17:28:34 --> Hooks Class Initialized
DEBUG - 2024-07-04 17:28:34 --> UTF-8 Support Enabled
INFO - 2024-07-04 17:28:34 --> Utf8 Class Initialized
INFO - 2024-07-04 17:28:34 --> URI Class Initialized
INFO - 2024-07-04 17:28:34 --> Router Class Initialized
INFO - 2024-07-04 17:28:34 --> Output Class Initialized
INFO - 2024-07-04 17:28:34 --> Security Class Initialized
DEBUG - 2024-07-04 17:28:34 --> Global POST, GET and COOKIE data sanitized
INFO - 2024-07-04 17:28:34 --> Input Class Initialized
INFO - 2024-07-04 17:28:34 --> Language Class Initialized
INFO - 2024-07-04 17:28:34 --> Loader Class Initialized
INFO - 2024-07-04 17:28:34 --> Helper loaded: url_helper
INFO - 2024-07-04 17:28:34 --> Database Driver Class Initialized
INFO - 2024-07-04 17:28:34 --> Controller Class Initialized
INFO - 2024-07-04 17:28:34 --> Model "Mauth" initialized
INFO - 2024-07-04 17:28:34 --> Final output sent to browser
DEBUG - 2024-07-04 17:28:34 --> Total execution time: 0.0328
INFO - 2024-07-04 17:29:32 --> Config Class Initialized
INFO - 2024-07-04 17:29:32 --> Hooks Class Initialized
DEBUG - 2024-07-04 17:29:32 --> UTF-8 Support Enabled
INFO - 2024-07-04 17:29:32 --> Utf8 Class Initialized
INFO - 2024-07-04 17:29:32 --> URI Class Initialized
INFO - 2024-07-04 17:29:32 --> Router Class Initialized
INFO - 2024-07-04 17:29:32 --> Output Class Initialized
INFO - 2024-07-04 17:29:32 --> Security Class Initialized
DEBUG - 2024-07-04 17:29:32 --> Global POST, GET and COOKIE data sanitized
INFO - 2024-07-04 17:29:32 --> Input Class Initialized
INFO - 2024-07-04 17:29:32 --> Language Class Initialized
INFO - 2024-07-04 17:29:32 --> Loader Class Initialized
INFO - 2024-07-04 17:29:32 --> Helper loaded: url_helper
INFO - 2024-07-04 17:29:32 --> Database Driver Class Initialized
INFO - 2024-07-04 17:29:32 --> Controller Class Initialized
INFO - 2024-07-04 17:29:32 --> Model "Mauth" initialized
INFO - 2024-07-04 17:29:32 --> Final output sent to browser
DEBUG - 2024-07-04 17:29:32 --> Total execution time: 0.0193
