INFO - 2024-02-20 16:10:02 --> Config Class Initialized
INFO - 2024-02-20 16:10:02 --> Hooks Class Initialized
DEBUG - 2024-02-20 16:10:02 --> UTF-8 Support Enabled
INFO - 2024-02-20 16:10:02 --> Utf8 Class Initialized
INFO - 2024-02-20 16:10:02 --> URI Class Initialized
INFO - 2024-02-20 16:10:02 --> Router Class Initialized
INFO - 2024-02-20 16:10:02 --> Output Class Initialized
INFO - 2024-02-20 16:10:02 --> Security Class Initialized
DEBUG - 2024-02-20 16:10:02 --> Global POST, GET and COOKIE data sanitized
INFO - 2024-02-20 16:10:02 --> Input Class Initialized
INFO - 2024-02-20 16:10:02 --> Language Class Initialized
INFO - 2024-02-20 16:10:02 --> Loader Class Initialized
INFO - 2024-02-20 16:10:02 --> Helper loaded: url_helper
INFO - 2024-02-20 16:10:02 --> Database Driver Class Initialized
INFO - 2024-02-20 16:10:03 --> Controller Class Initialized
INFO - 2024-02-20 16:10:03 --> Model "Mauth" initialized
INFO - 2024-02-20 16:10:03 --> Model "Mconfigkey" initialized
INFO - 2024-02-20 16:10:03 --> Final output sent to browser
DEBUG - 2024-02-20 16:10:03 --> Total execution time: 0.2150
INFO - 2024-02-20 16:10:12 --> Config Class Initialized
INFO - 2024-02-20 16:10:12 --> Hooks Class Initialized
DEBUG - 2024-02-20 16:10:12 --> UTF-8 Support Enabled
INFO - 2024-02-20 16:10:12 --> Utf8 Class Initialized
INFO - 2024-02-20 16:10:12 --> URI Class Initialized
INFO - 2024-02-20 16:10:12 --> Router Class Initialized
INFO - 2024-02-20 16:10:12 --> Output Class Initialized
INFO - 2024-02-20 16:10:12 --> Security Class Initialized
DEBUG - 2024-02-20 16:10:12 --> Global POST, GET and COOKIE data sanitized
INFO - 2024-02-20 16:10:12 --> Input Class Initialized
INFO - 2024-02-20 16:10:12 --> Language Class Initialized
INFO - 2024-02-20 16:10:12 --> Loader Class Initialized
INFO - 2024-02-20 16:10:12 --> Helper loaded: url_helper
INFO - 2024-02-20 16:10:12 --> Database Driver Class Initialized
INFO - 2024-02-20 16:10:12 --> Controller Class Initialized
INFO - 2024-02-20 16:10:12 --> Model "Mconfigkey" initialized
INFO - 2024-02-20 16:10:12 --> Model "Mportal_data" initialized
INFO - 2024-02-20 16:10:12 --> Final output sent to browser
DEBUG - 2024-02-20 16:10:12 --> Total execution time: 0.3232
INFO - 2024-02-20 16:10:19 --> Config Class Initialized
INFO - 2024-02-20 16:10:19 --> Hooks Class Initialized
DEBUG - 2024-02-20 16:10:19 --> UTF-8 Support Enabled
INFO - 2024-02-20 16:10:19 --> Utf8 Class Initialized
INFO - 2024-02-20 16:10:19 --> URI Class Initialized
INFO - 2024-02-20 16:10:19 --> Router Class Initialized
INFO - 2024-02-20 16:10:19 --> Output Class Initialized
INFO - 2024-02-20 16:10:19 --> Security Class Initialized
DEBUG - 2024-02-20 16:10:19 --> Global POST, GET and COOKIE data sanitized
INFO - 2024-02-20 16:10:19 --> Input Class Initialized
INFO - 2024-02-20 16:10:19 --> Language Class Initialized
INFO - 2024-02-20 16:10:19 --> Loader Class Initialized
INFO - 2024-02-20 16:10:19 --> Helper loaded: url_helper
INFO - 2024-02-20 16:10:19 --> Database Driver Class Initialized
INFO - 2024-02-20 16:10:19 --> Controller Class Initialized
INFO - 2024-02-20 16:10:19 --> Model "Mconfigkey" initialized
INFO - 2024-02-20 16:10:19 --> Model "Mportal_data" initialized
ERROR - 2024-02-20 16:10:19 --> Query error: [Microsoft][ODBC Driver 17 for SQL Server][SQL Server]Arithmetic overflow error converting nvarchar to data type numeric. - Invalid query: 
            SELECT 
                * 
            FROM 
                _FROM_PORTAL40_HEADER
            WHERE 
                [NOMOR AJU] = 00003000943920240113900064
        
INFO - 2024-02-20 16:10:19 --> Language file loaded: language/english/db_lang.php
INFO - 2024-02-20 16:10:47 --> Config Class Initialized
INFO - 2024-02-20 16:10:47 --> Hooks Class Initialized
DEBUG - 2024-02-20 16:10:47 --> UTF-8 Support Enabled
INFO - 2024-02-20 16:10:47 --> Utf8 Class Initialized
INFO - 2024-02-20 16:10:47 --> URI Class Initialized
INFO - 2024-02-20 16:10:47 --> Router Class Initialized
INFO - 2024-02-20 16:10:47 --> Output Class Initialized
INFO - 2024-02-20 16:10:47 --> Security Class Initialized
DEBUG - 2024-02-20 16:10:47 --> Global POST, GET and COOKIE data sanitized
INFO - 2024-02-20 16:10:47 --> Input Class Initialized
INFO - 2024-02-20 16:10:47 --> Language Class Initialized
INFO - 2024-02-20 16:10:47 --> Loader Class Initialized
INFO - 2024-02-20 16:10:47 --> Helper loaded: url_helper
INFO - 2024-02-20 16:10:47 --> Database Driver Class Initialized
INFO - 2024-02-20 16:10:47 --> Controller Class Initialized
INFO - 2024-02-20 16:10:47 --> Model "Mconfigkey" initialized
INFO - 2024-02-20 16:10:47 --> Final output sent to browser
DEBUG - 2024-02-20 16:10:47 --> Total execution time: 0.1450
INFO - 2024-02-20 16:11:00 --> Config Class Initialized
INFO - 2024-02-20 16:11:00 --> Hooks Class Initialized
DEBUG - 2024-02-20 16:11:00 --> UTF-8 Support Enabled
INFO - 2024-02-20 16:11:00 --> Utf8 Class Initialized
INFO - 2024-02-20 16:11:00 --> URI Class Initialized
INFO - 2024-02-20 16:11:00 --> Router Class Initialized
INFO - 2024-02-20 16:11:00 --> Output Class Initialized
INFO - 2024-02-20 16:11:00 --> Security Class Initialized
DEBUG - 2024-02-20 16:11:00 --> Global POST, GET and COOKIE data sanitized
INFO - 2024-02-20 16:11:00 --> Input Class Initialized
INFO - 2024-02-20 16:11:00 --> Language Class Initialized
INFO - 2024-02-20 16:11:00 --> Loader Class Initialized
INFO - 2024-02-20 16:11:00 --> Helper loaded: url_helper
INFO - 2024-02-20 16:11:00 --> Database Driver Class Initialized
INFO - 2024-02-20 16:11:01 --> Controller Class Initialized
INFO - 2024-02-20 16:11:01 --> Model "Mconfigkey" initialized
INFO - 2024-02-20 16:11:01 --> Model "Mportal_data" initialized
INFO - 2024-02-20 16:11:01 --> Final output sent to browser
DEBUG - 2024-02-20 16:11:01 --> Total execution time: 0.3578
INFO - 2024-02-20 16:11:04 --> Config Class Initialized
INFO - 2024-02-20 16:11:04 --> Hooks Class Initialized
DEBUG - 2024-02-20 16:11:04 --> UTF-8 Support Enabled
INFO - 2024-02-20 16:11:04 --> Utf8 Class Initialized
INFO - 2024-02-20 16:11:04 --> URI Class Initialized
INFO - 2024-02-20 16:11:04 --> Router Class Initialized
INFO - 2024-02-20 16:11:04 --> Output Class Initialized
INFO - 2024-02-20 16:11:04 --> Security Class Initialized
DEBUG - 2024-02-20 16:11:04 --> Global POST, GET and COOKIE data sanitized
INFO - 2024-02-20 16:11:04 --> Input Class Initialized
INFO - 2024-02-20 16:11:04 --> Language Class Initialized
INFO - 2024-02-20 16:11:04 --> Loader Class Initialized
INFO - 2024-02-20 16:11:04 --> Helper loaded: url_helper
INFO - 2024-02-20 16:11:04 --> Database Driver Class Initialized
INFO - 2024-02-20 16:11:04 --> Controller Class Initialized
INFO - 2024-02-20 16:11:04 --> Model "Mconfigkey" initialized
INFO - 2024-02-20 16:11:04 --> Model "Mportal_data" initialized
INFO - 2024-02-20 16:11:05 --> Final output sent to browser
DEBUG - 2024-02-20 16:11:05 --> Total execution time: 0.2210
INFO - 2024-02-20 16:11:15 --> Config Class Initialized
INFO - 2024-02-20 16:11:15 --> Hooks Class Initialized
DEBUG - 2024-02-20 16:11:15 --> UTF-8 Support Enabled
INFO - 2024-02-20 16:11:15 --> Utf8 Class Initialized
INFO - 2024-02-20 16:11:15 --> URI Class Initialized
INFO - 2024-02-20 16:11:15 --> Router Class Initialized
INFO - 2024-02-20 16:11:15 --> Output Class Initialized
INFO - 2024-02-20 16:11:15 --> Security Class Initialized
DEBUG - 2024-02-20 16:11:15 --> Global POST, GET and COOKIE data sanitized
INFO - 2024-02-20 16:11:15 --> Input Class Initialized
INFO - 2024-02-20 16:11:15 --> Language Class Initialized
INFO - 2024-02-20 16:11:15 --> Loader Class Initialized
INFO - 2024-02-20 16:11:15 --> Helper loaded: url_helper
INFO - 2024-02-20 16:11:15 --> Database Driver Class Initialized
INFO - 2024-02-20 16:11:15 --> Controller Class Initialized
INFO - 2024-02-20 16:11:15 --> Model "Mconfigkey" initialized
INFO - 2024-02-20 16:11:15 --> Model "Mportal_data" initialized
ERROR - 2024-02-20 16:11:15 --> Query error: [Microsoft][ODBC Driver 17 for SQL Server][SQL Server]Arithmetic overflow error converting nvarchar to data type numeric. - Invalid query: 
            SELECT 
                * 
            FROM 
                _FROM_PORTAL40_HEADER
            WHERE 
                [NOMOR AJU] = 00003000943920240113900064
        
INFO - 2024-02-20 16:11:15 --> Language file loaded: language/english/db_lang.php
