INFO - 2024-03-04 17:58:44 --> Config Class Initialized
INFO - 2024-03-04 17:58:44 --> Hooks Class Initialized
DEBUG - 2024-03-04 17:58:44 --> UTF-8 Support Enabled
INFO - 2024-03-04 17:58:44 --> Utf8 Class Initialized
INFO - 2024-03-04 17:58:44 --> URI Class Initialized
INFO - 2024-03-04 17:58:44 --> Router Class Initialized
INFO - 2024-03-04 17:58:44 --> Output Class Initialized
INFO - 2024-03-04 17:58:44 --> Security Class Initialized
DEBUG - 2024-03-04 17:58:44 --> Global POST, GET and COOKIE data sanitized
INFO - 2024-03-04 17:58:44 --> Input Class Initialized
INFO - 2024-03-04 17:58:44 --> Language Class Initialized
INFO - 2024-03-04 17:58:44 --> Loader Class Initialized
INFO - 2024-03-04 17:58:44 --> Helper loaded: url_helper
INFO - 2024-03-04 17:58:44 --> Database Driver Class Initialized
INFO - 2024-03-04 17:58:44 --> Controller Class Initialized
INFO - 2024-03-04 17:58:44 --> Model "Mauth" initialized
INFO - 2024-03-04 17:58:44 --> Model "Mconfigkey" initialized
INFO - 2024-03-04 17:58:44 --> Final output sent to browser
DEBUG - 2024-03-04 17:58:44 --> Total execution time: 0.2746
INFO - 2024-03-04 18:01:37 --> Config Class Initialized
INFO - 2024-03-04 18:01:37 --> Hooks Class Initialized
DEBUG - 2024-03-04 18:01:37 --> UTF-8 Support Enabled
INFO - 2024-03-04 18:01:37 --> Utf8 Class Initialized
INFO - 2024-03-04 18:01:37 --> URI Class Initialized
INFO - 2024-03-04 18:01:37 --> Router Class Initialized
INFO - 2024-03-04 18:01:37 --> Output Class Initialized
INFO - 2024-03-04 18:01:37 --> Security Class Initialized
DEBUG - 2024-03-04 18:01:37 --> Global POST, GET and COOKIE data sanitized
INFO - 2024-03-04 18:01:37 --> Input Class Initialized
INFO - 2024-03-04 18:01:37 --> Language Class Initialized
INFO - 2024-03-04 18:01:37 --> Loader Class Initialized
INFO - 2024-03-04 18:01:37 --> Helper loaded: url_helper
INFO - 2024-03-04 18:01:37 --> Database Driver Class Initialized
INFO - 2024-03-04 18:01:37 --> Controller Class Initialized
INFO - 2024-03-04 18:01:37 --> Model "Mconfigkey" initialized
INFO - 2024-03-04 18:01:37 --> Final output sent to browser
DEBUG - 2024-03-04 18:01:37 --> Total execution time: 0.1472
INFO - 2024-03-04 18:01:52 --> Config Class Initialized
INFO - 2024-03-04 18:01:52 --> Hooks Class Initialized
DEBUG - 2024-03-04 18:01:52 --> UTF-8 Support Enabled
INFO - 2024-03-04 18:01:52 --> Utf8 Class Initialized
INFO - 2024-03-04 18:01:52 --> URI Class Initialized
INFO - 2024-03-04 18:01:52 --> Router Class Initialized
INFO - 2024-03-04 18:01:52 --> Output Class Initialized
INFO - 2024-03-04 18:01:52 --> Security Class Initialized
DEBUG - 2024-03-04 18:01:52 --> Global POST, GET and COOKIE data sanitized
INFO - 2024-03-04 18:01:52 --> Input Class Initialized
INFO - 2024-03-04 18:01:52 --> Language Class Initialized
INFO - 2024-03-04 18:01:52 --> Loader Class Initialized
INFO - 2024-03-04 18:01:52 --> Helper loaded: url_helper
INFO - 2024-03-04 18:01:52 --> Database Driver Class Initialized
INFO - 2024-03-04 18:01:52 --> Controller Class Initialized
INFO - 2024-03-04 18:01:52 --> Model "Mauth" initialized
INFO - 2024-03-04 18:01:52 --> Model "Mconfigkey" initialized
INFO - 2024-03-04 18:01:52 --> Final output sent to browser
DEBUG - 2024-03-04 18:01:52 --> Total execution time: 0.2139
INFO - 2024-03-04 18:03:09 --> Config Class Initialized
INFO - 2024-03-04 18:03:09 --> Hooks Class Initialized
DEBUG - 2024-03-04 18:03:09 --> UTF-8 Support Enabled
INFO - 2024-03-04 18:03:09 --> Utf8 Class Initialized
INFO - 2024-03-04 18:03:09 --> URI Class Initialized
INFO - 2024-03-04 18:03:09 --> Router Class Initialized
INFO - 2024-03-04 18:03:09 --> Output Class Initialized
INFO - 2024-03-04 18:03:09 --> Security Class Initialized
DEBUG - 2024-03-04 18:03:09 --> Global POST, GET and COOKIE data sanitized
INFO - 2024-03-04 18:03:09 --> Input Class Initialized
INFO - 2024-03-04 18:03:09 --> Language Class Initialized
INFO - 2024-03-04 18:03:09 --> Loader Class Initialized
INFO - 2024-03-04 18:03:09 --> Helper loaded: url_helper
INFO - 2024-03-04 18:03:09 --> Database Driver Class Initialized
INFO - 2024-03-04 18:03:09 --> Controller Class Initialized
INFO - 2024-03-04 18:03:09 --> Model "Mconfigkey" initialized
INFO - 2024-03-04 18:03:09 --> Model "Mportal_data" initialized
INFO - 2024-03-04 18:03:09 --> Final output sent to browser
DEBUG - 2024-03-04 18:03:09 --> Total execution time: 0.6216
INFO - 2024-03-04 18:03:14 --> Config Class Initialized
INFO - 2024-03-04 18:03:14 --> Hooks Class Initialized
DEBUG - 2024-03-04 18:03:14 --> UTF-8 Support Enabled
INFO - 2024-03-04 18:03:14 --> Utf8 Class Initialized
INFO - 2024-03-04 18:03:14 --> URI Class Initialized
INFO - 2024-03-04 18:03:14 --> Router Class Initialized
INFO - 2024-03-04 18:03:14 --> Output Class Initialized
INFO - 2024-03-04 18:03:14 --> Security Class Initialized
DEBUG - 2024-03-04 18:03:14 --> Global POST, GET and COOKIE data sanitized
INFO - 2024-03-04 18:03:14 --> Input Class Initialized
INFO - 2024-03-04 18:03:14 --> Language Class Initialized
INFO - 2024-03-04 18:03:14 --> Loader Class Initialized
INFO - 2024-03-04 18:03:14 --> Helper loaded: url_helper
INFO - 2024-03-04 18:03:14 --> Database Driver Class Initialized
INFO - 2024-03-04 18:03:14 --> Controller Class Initialized
INFO - 2024-03-04 18:03:14 --> Model "Mconfigkey" initialized
INFO - 2024-03-04 18:03:14 --> Model "Mportal_data" initialized
INFO - 2024-03-04 18:03:14 --> Final output sent to browser
DEBUG - 2024-03-04 18:03:14 --> Total execution time: 0.1894
INFO - 2024-03-04 18:03:27 --> Config Class Initialized
INFO - 2024-03-04 18:03:27 --> Hooks Class Initialized
DEBUG - 2024-03-04 18:03:27 --> UTF-8 Support Enabled
INFO - 2024-03-04 18:03:27 --> Utf8 Class Initialized
INFO - 2024-03-04 18:03:27 --> URI Class Initialized
INFO - 2024-03-04 18:03:27 --> Router Class Initialized
INFO - 2024-03-04 18:03:27 --> Output Class Initialized
INFO - 2024-03-04 18:03:27 --> Security Class Initialized
DEBUG - 2024-03-04 18:03:27 --> Global POST, GET and COOKIE data sanitized
INFO - 2024-03-04 18:03:27 --> Input Class Initialized
INFO - 2024-03-04 18:03:27 --> Language Class Initialized
INFO - 2024-03-04 18:03:27 --> Loader Class Initialized
INFO - 2024-03-04 18:03:27 --> Helper loaded: url_helper
INFO - 2024-03-04 18:03:27 --> Database Driver Class Initialized
INFO - 2024-03-04 18:03:27 --> Controller Class Initialized
INFO - 2024-03-04 18:03:27 --> Model "Mconfigkey" initialized
INFO - 2024-03-04 18:03:27 --> Model "Mportal_data" initialized
INFO - 2024-03-04 18:03:27 --> Final output sent to browser
DEBUG - 2024-03-04 18:03:27 --> Total execution time: 0.1680
INFO - 2024-03-04 18:03:28 --> Config Class Initialized
INFO - 2024-03-04 18:03:28 --> Hooks Class Initialized
DEBUG - 2024-03-04 18:03:28 --> UTF-8 Support Enabled
INFO - 2024-03-04 18:03:28 --> Utf8 Class Initialized
INFO - 2024-03-04 18:03:28 --> URI Class Initialized
INFO - 2024-03-04 18:03:28 --> Router Class Initialized
INFO - 2024-03-04 18:03:28 --> Output Class Initialized
INFO - 2024-03-04 18:03:28 --> Security Class Initialized
DEBUG - 2024-03-04 18:03:28 --> Global POST, GET and COOKIE data sanitized
INFO - 2024-03-04 18:03:28 --> Input Class Initialized
INFO - 2024-03-04 18:03:28 --> Language Class Initialized
INFO - 2024-03-04 18:03:28 --> Loader Class Initialized
INFO - 2024-03-04 18:03:28 --> Helper loaded: url_helper
INFO - 2024-03-04 18:03:28 --> Database Driver Class Initialized
INFO - 2024-03-04 18:03:28 --> Controller Class Initialized
INFO - 2024-03-04 18:03:28 --> Model "Mconfigkey" initialized
INFO - 2024-03-04 18:03:28 --> Model "Mportal_data" initialized
ERROR - 2024-03-04 18:03:28 --> Query error: [Microsoft][ODBC Driver 17 for SQL Server][SQL Server]Invalid object name 'tr_bc_dokumen'. - Invalid query: SELECT "A".*, "B"."URAIAN_DOKUMEN"
FROM "tr_bc_dokumen" "A"
LEFT JOIN "referensi_dokumen" "B" ON "A"."TIPE_DOKUMEN"="B"."TIPE_DOKUMEN" and "A"."KODE_JENIS_DOKUMEN"="B"."KODE_DOKUMEN"
WHERE 
        A.ID_HEADER = (
            Select TOP 1 ID_HEADER_ORI from tr_bc_header 
            where 
            NOMOR_AJU IN (
                select A.NOMOR_AJU from upload_coo_detail A where A.INVOICE_NO='AXB330028J' group by A.NOMOR_AJU 
            )
            group by 
            ID_HEADER_ORI

        )
        
INFO - 2024-03-04 18:03:28 --> Language file loaded: language/english/db_lang.php
INFO - 2024-03-04 18:03:29 --> Config Class Initialized
INFO - 2024-03-04 18:03:29 --> Hooks Class Initialized
DEBUG - 2024-03-04 18:03:29 --> UTF-8 Support Enabled
INFO - 2024-03-04 18:03:29 --> Utf8 Class Initialized
INFO - 2024-03-04 18:03:29 --> URI Class Initialized
INFO - 2024-03-04 18:03:29 --> Router Class Initialized
INFO - 2024-03-04 18:03:29 --> Output Class Initialized
INFO - 2024-03-04 18:03:29 --> Security Class Initialized
DEBUG - 2024-03-04 18:03:29 --> Global POST, GET and COOKIE data sanitized
INFO - 2024-03-04 18:03:29 --> Input Class Initialized
INFO - 2024-03-04 18:03:29 --> Language Class Initialized
INFO - 2024-03-04 18:03:29 --> Loader Class Initialized
INFO - 2024-03-04 18:03:29 --> Helper loaded: url_helper
INFO - 2024-03-04 18:03:29 --> Database Driver Class Initialized
INFO - 2024-03-04 18:03:30 --> Controller Class Initialized
INFO - 2024-03-04 18:03:30 --> Model "Mconfigkey" initialized
INFO - 2024-03-04 18:03:30 --> Final output sent to browser
DEBUG - 2024-03-04 18:03:30 --> Total execution time: 0.1458
INFO - 2024-03-04 18:03:31 --> Config Class Initialized
INFO - 2024-03-04 18:03:31 --> Hooks Class Initialized
DEBUG - 2024-03-04 18:03:31 --> UTF-8 Support Enabled
INFO - 2024-03-04 18:03:31 --> Utf8 Class Initialized
INFO - 2024-03-04 18:03:31 --> URI Class Initialized
INFO - 2024-03-04 18:03:31 --> Router Class Initialized
INFO - 2024-03-04 18:03:31 --> Output Class Initialized
INFO - 2024-03-04 18:03:31 --> Security Class Initialized
DEBUG - 2024-03-04 18:03:31 --> Global POST, GET and COOKIE data sanitized
INFO - 2024-03-04 18:03:31 --> Input Class Initialized
INFO - 2024-03-04 18:03:31 --> Language Class Initialized
INFO - 2024-03-04 18:03:31 --> Loader Class Initialized
INFO - 2024-03-04 18:03:31 --> Helper loaded: url_helper
INFO - 2024-03-04 18:03:31 --> Database Driver Class Initialized
INFO - 2024-03-04 18:03:31 --> Controller Class Initialized
INFO - 2024-03-04 18:03:31 --> Model "Mconfigkey" initialized
INFO - 2024-03-04 18:03:31 --> Model "Mportal_data" initialized
INFO - 2024-03-04 18:03:31 --> Final output sent to browser
DEBUG - 2024-03-04 18:03:31 --> Total execution time: 0.1658
INFO - 2024-03-04 18:03:32 --> Config Class Initialized
INFO - 2024-03-04 18:03:32 --> Hooks Class Initialized
DEBUG - 2024-03-04 18:03:32 --> UTF-8 Support Enabled
INFO - 2024-03-04 18:03:32 --> Utf8 Class Initialized
INFO - 2024-03-04 18:03:32 --> URI Class Initialized
INFO - 2024-03-04 18:03:32 --> Router Class Initialized
INFO - 2024-03-04 18:03:32 --> Output Class Initialized
INFO - 2024-03-04 18:03:32 --> Security Class Initialized
DEBUG - 2024-03-04 18:03:32 --> Global POST, GET and COOKIE data sanitized
INFO - 2024-03-04 18:03:32 --> Input Class Initialized
INFO - 2024-03-04 18:03:32 --> Language Class Initialized
INFO - 2024-03-04 18:03:32 --> Loader Class Initialized
INFO - 2024-03-04 18:03:32 --> Helper loaded: url_helper
INFO - 2024-03-04 18:03:32 --> Database Driver Class Initialized
INFO - 2024-03-04 18:03:32 --> Controller Class Initialized
INFO - 2024-03-04 18:03:32 --> Model "Mconfigkey" initialized
INFO - 2024-03-04 18:03:32 --> Model "Mportal_data" initialized
INFO - 2024-03-04 18:03:32 --> Final output sent to browser
DEBUG - 2024-03-04 18:03:32 --> Total execution time: 0.1799
INFO - 2024-03-04 18:03:33 --> Config Class Initialized
INFO - 2024-03-04 18:03:33 --> Hooks Class Initialized
DEBUG - 2024-03-04 18:03:33 --> UTF-8 Support Enabled
INFO - 2024-03-04 18:03:33 --> Utf8 Class Initialized
INFO - 2024-03-04 18:03:33 --> URI Class Initialized
INFO - 2024-03-04 18:03:33 --> Router Class Initialized
INFO - 2024-03-04 18:03:33 --> Output Class Initialized
INFO - 2024-03-04 18:03:33 --> Security Class Initialized
DEBUG - 2024-03-04 18:03:33 --> Global POST, GET and COOKIE data sanitized
INFO - 2024-03-04 18:03:33 --> Input Class Initialized
INFO - 2024-03-04 18:03:33 --> Language Class Initialized
INFO - 2024-03-04 18:03:33 --> Loader Class Initialized
INFO - 2024-03-04 18:03:33 --> Helper loaded: url_helper
INFO - 2024-03-04 18:03:33 --> Database Driver Class Initialized
INFO - 2024-03-04 18:03:34 --> Controller Class Initialized
INFO - 2024-03-04 18:03:34 --> Model "Mconfigkey" initialized
INFO - 2024-03-04 18:03:34 --> Model "Mportal_data" initialized
INFO - 2024-03-04 18:03:34 --> Final output sent to browser
DEBUG - 2024-03-04 18:03:34 --> Total execution time: 0.1672
INFO - 2024-03-04 18:03:37 --> Config Class Initialized
INFO - 2024-03-04 18:03:37 --> Hooks Class Initialized
DEBUG - 2024-03-04 18:03:37 --> UTF-8 Support Enabled
INFO - 2024-03-04 18:03:37 --> Utf8 Class Initialized
INFO - 2024-03-04 18:03:37 --> URI Class Initialized
INFO - 2024-03-04 18:03:37 --> Router Class Initialized
INFO - 2024-03-04 18:03:37 --> Output Class Initialized
INFO - 2024-03-04 18:03:37 --> Security Class Initialized
DEBUG - 2024-03-04 18:03:37 --> Global POST, GET and COOKIE data sanitized
INFO - 2024-03-04 18:03:37 --> Input Class Initialized
INFO - 2024-03-04 18:03:37 --> Language Class Initialized
INFO - 2024-03-04 18:03:37 --> Loader Class Initialized
INFO - 2024-03-04 18:03:37 --> Helper loaded: url_helper
INFO - 2024-03-04 18:03:37 --> Database Driver Class Initialized
INFO - 2024-03-04 18:03:37 --> Controller Class Initialized
INFO - 2024-03-04 18:03:37 --> Model "Mconfigkey" initialized
INFO - 2024-03-04 18:03:37 --> Model "Mportal_data" initialized
INFO - 2024-03-04 18:03:37 --> Final output sent to browser
DEBUG - 2024-03-04 18:03:37 --> Total execution time: 0.1685
INFO - 2024-03-04 18:03:54 --> Config Class Initialized
INFO - 2024-03-04 18:03:54 --> Hooks Class Initialized
DEBUG - 2024-03-04 18:03:54 --> UTF-8 Support Enabled
INFO - 2024-03-04 18:03:54 --> Utf8 Class Initialized
INFO - 2024-03-04 18:03:54 --> URI Class Initialized
INFO - 2024-03-04 18:03:54 --> Router Class Initialized
INFO - 2024-03-04 18:03:54 --> Output Class Initialized
INFO - 2024-03-04 18:03:54 --> Security Class Initialized
DEBUG - 2024-03-04 18:03:54 --> Global POST, GET and COOKIE data sanitized
INFO - 2024-03-04 18:03:54 --> Input Class Initialized
INFO - 2024-03-04 18:03:54 --> Language Class Initialized
INFO - 2024-03-04 18:03:54 --> Loader Class Initialized
INFO - 2024-03-04 18:03:54 --> Helper loaded: url_helper
INFO - 2024-03-04 18:03:54 --> Database Driver Class Initialized
INFO - 2024-03-04 18:03:54 --> Controller Class Initialized
INFO - 2024-03-04 18:03:54 --> Model "Mconfigkey" initialized
INFO - 2024-03-04 18:03:54 --> Model "Mportal_data" initialized
INFO - 2024-03-04 18:03:54 --> Final output sent to browser
DEBUG - 2024-03-04 18:03:54 --> Total execution time: 0.2094
INFO - 2024-03-04 18:04:16 --> Config Class Initialized
INFO - 2024-03-04 18:04:16 --> Hooks Class Initialized
DEBUG - 2024-03-04 18:04:16 --> UTF-8 Support Enabled
INFO - 2024-03-04 18:04:16 --> Utf8 Class Initialized
INFO - 2024-03-04 18:04:16 --> URI Class Initialized
INFO - 2024-03-04 18:04:16 --> Router Class Initialized
INFO - 2024-03-04 18:04:16 --> Output Class Initialized
INFO - 2024-03-04 18:04:16 --> Security Class Initialized
DEBUG - 2024-03-04 18:04:16 --> Global POST, GET and COOKIE data sanitized
INFO - 2024-03-04 18:04:16 --> Input Class Initialized
INFO - 2024-03-04 18:04:16 --> Language Class Initialized
INFO - 2024-03-04 18:04:16 --> Loader Class Initialized
INFO - 2024-03-04 18:04:16 --> Helper loaded: url_helper
INFO - 2024-03-04 18:04:16 --> Database Driver Class Initialized
INFO - 2024-03-04 18:04:16 --> Controller Class Initialized
INFO - 2024-03-04 18:04:16 --> Model "Mconfigkey" initialized
INFO - 2024-03-04 18:04:16 --> Final output sent to browser
DEBUG - 2024-03-04 18:04:16 --> Total execution time: 0.1459
