INFO - 2025-01-16 09:20:04 --> Config Class Initialized
INFO - 2025-01-16 09:20:04 --> Hooks Class Initialized
DEBUG - 2025-01-16 09:20:04 --> UTF-8 Support Enabled
INFO - 2025-01-16 09:20:04 --> Utf8 Class Initialized
INFO - 2025-01-16 09:20:04 --> URI Class Initialized
INFO - 2025-01-16 09:20:04 --> Router Class Initialized
INFO - 2025-01-16 09:20:04 --> Output Class Initialized
INFO - 2025-01-16 09:20:04 --> Security Class Initialized
DEBUG - 2025-01-16 09:20:04 --> Global POST, GET and COOKIE data sanitized
INFO - 2025-01-16 09:20:04 --> Input Class Initialized
INFO - 2025-01-16 09:20:04 --> Language Class Initialized
INFO - 2025-01-16 09:20:04 --> Loader Class Initialized
INFO - 2025-01-16 09:20:04 --> Helper loaded: url_helper
INFO - 2025-01-16 09:20:04 --> Database Driver Class Initialized
INFO - 2025-01-16 09:20:04 --> Controller Class Initialized
INFO - 2025-01-16 09:20:04 --> Model "Mconfigkey" initialized
INFO - 2025-01-16 09:20:04 --> Final output sent to browser
DEBUG - 2025-01-16 09:20:04 --> Total execution time: 0.5903
INFO - 2025-01-16 09:34:29 --> Config Class Initialized
INFO - 2025-01-16 09:34:29 --> Hooks Class Initialized
DEBUG - 2025-01-16 09:34:29 --> UTF-8 Support Enabled
INFO - 2025-01-16 09:34:29 --> Utf8 Class Initialized
INFO - 2025-01-16 09:34:29 --> URI Class Initialized
INFO - 2025-01-16 09:34:29 --> Router Class Initialized
INFO - 2025-01-16 09:34:29 --> Output Class Initialized
INFO - 2025-01-16 09:34:29 --> Security Class Initialized
DEBUG - 2025-01-16 09:34:29 --> Global POST, GET and COOKIE data sanitized
INFO - 2025-01-16 09:34:29 --> Input Class Initialized
INFO - 2025-01-16 09:34:29 --> Language Class Initialized
INFO - 2025-01-16 09:34:29 --> Loader Class Initialized
INFO - 2025-01-16 09:34:29 --> Helper loaded: url_helper
INFO - 2025-01-16 09:34:29 --> Database Driver Class Initialized
INFO - 2025-01-16 09:34:29 --> Controller Class Initialized
INFO - 2025-01-16 09:34:29 --> Model "Mconfigkey" initialized
INFO - 2025-01-16 09:34:29 --> Final output sent to browser
DEBUG - 2025-01-16 09:34:29 --> Total execution time: 0.0201
INFO - 2025-01-16 17:09:58 --> Config Class Initialized
INFO - 2025-01-16 17:09:58 --> Hooks Class Initialized
DEBUG - 2025-01-16 17:09:59 --> UTF-8 Support Enabled
INFO - 2025-01-16 17:09:59 --> Utf8 Class Initialized
INFO - 2025-01-16 17:09:59 --> URI Class Initialized
INFO - 2025-01-16 17:09:59 --> Router Class Initialized
INFO - 2025-01-16 17:09:59 --> Output Class Initialized
INFO - 2025-01-16 17:09:59 --> Security Class Initialized
DEBUG - 2025-01-16 17:09:59 --> Global POST, GET and COOKIE data sanitized
INFO - 2025-01-16 17:09:59 --> Input Class Initialized
INFO - 2025-01-16 17:09:59 --> Language Class Initialized
INFO - 2025-01-16 17:09:59 --> Loader Class Initialized
INFO - 2025-01-16 17:09:59 --> Helper loaded: url_helper
INFO - 2025-01-16 17:09:59 --> Database Driver Class Initialized
INFO - 2025-01-16 17:09:59 --> Controller Class Initialized
INFO - 2025-01-16 17:09:59 --> Model "Mconfigkey" initialized
INFO - 2025-01-16 17:09:59 --> Final output sent to browser
DEBUG - 2025-01-16 17:09:59 --> Total execution time: 0.6037
INFO - 2025-01-16 17:10:06 --> Config Class Initialized
INFO - 2025-01-16 17:10:06 --> Hooks Class Initialized
DEBUG - 2025-01-16 17:10:06 --> UTF-8 Support Enabled
INFO - 2025-01-16 17:10:06 --> Utf8 Class Initialized
INFO - 2025-01-16 17:10:06 --> URI Class Initialized
INFO - 2025-01-16 17:10:06 --> Router Class Initialized
INFO - 2025-01-16 17:10:06 --> Output Class Initialized
INFO - 2025-01-16 17:10:06 --> Security Class Initialized
DEBUG - 2025-01-16 17:10:06 --> Global POST, GET and COOKIE data sanitized
INFO - 2025-01-16 17:10:06 --> Input Class Initialized
INFO - 2025-01-16 17:10:06 --> Language Class Initialized
INFO - 2025-01-16 17:10:06 --> Loader Class Initialized
INFO - 2025-01-16 17:10:06 --> Helper loaded: url_helper
INFO - 2025-01-16 17:10:06 --> Database Driver Class Initialized
INFO - 2025-01-16 17:10:06 --> Controller Class Initialized
INFO - 2025-01-16 17:10:06 --> Model "Mauth" initialized
INFO - 2025-01-16 17:10:06 --> Final output sent to browser
DEBUG - 2025-01-16 17:10:06 --> Total execution time: 0.1330
INFO - 2025-01-16 17:10:13 --> Config Class Initialized
INFO - 2025-01-16 17:10:13 --> Hooks Class Initialized
DEBUG - 2025-01-16 17:10:13 --> UTF-8 Support Enabled
INFO - 2025-01-16 17:10:13 --> Utf8 Class Initialized
INFO - 2025-01-16 17:10:13 --> URI Class Initialized
INFO - 2025-01-16 17:10:13 --> Router Class Initialized
INFO - 2025-01-16 17:10:13 --> Output Class Initialized
INFO - 2025-01-16 17:10:13 --> Security Class Initialized
DEBUG - 2025-01-16 17:10:13 --> Global POST, GET and COOKIE data sanitized
INFO - 2025-01-16 17:10:13 --> Input Class Initialized
INFO - 2025-01-16 17:10:13 --> Language Class Initialized
INFO - 2025-01-16 17:10:13 --> Loader Class Initialized
INFO - 2025-01-16 17:10:13 --> Helper loaded: url_helper
INFO - 2025-01-16 17:10:13 --> Database Driver Class Initialized
INFO - 2025-01-16 17:10:13 --> Controller Class Initialized
INFO - 2025-01-16 17:10:13 --> Model "Mauth" initialized
INFO - 2025-01-16 17:10:13 --> Model "Mconfigkey" initialized
INFO - 2025-01-16 17:10:13 --> Final output sent to browser
DEBUG - 2025-01-16 17:10:13 --> Total execution time: 0.0952
INFO - 2025-01-16 17:10:17 --> Config Class Initialized
INFO - 2025-01-16 17:10:17 --> Hooks Class Initialized
DEBUG - 2025-01-16 17:10:17 --> UTF-8 Support Enabled
INFO - 2025-01-16 17:10:17 --> Utf8 Class Initialized
INFO - 2025-01-16 17:10:17 --> URI Class Initialized
INFO - 2025-01-16 17:10:17 --> Router Class Initialized
INFO - 2025-01-16 17:10:17 --> Output Class Initialized
INFO - 2025-01-16 17:10:17 --> Security Class Initialized
DEBUG - 2025-01-16 17:10:17 --> Global POST, GET and COOKIE data sanitized
INFO - 2025-01-16 17:10:17 --> Input Class Initialized
INFO - 2025-01-16 17:10:17 --> Language Class Initialized
INFO - 2025-01-16 17:10:17 --> Loader Class Initialized
INFO - 2025-01-16 17:10:17 --> Helper loaded: url_helper
INFO - 2025-01-16 17:10:17 --> Database Driver Class Initialized
INFO - 2025-01-16 17:10:17 --> Controller Class Initialized
INFO - 2025-01-16 17:10:17 --> Model "Mconfigkey" initialized
INFO - 2025-01-16 17:10:17 --> Model "Mportal_data" initialized
INFO - 2025-01-16 17:10:18 --> Final output sent to browser
DEBUG - 2025-01-16 17:10:18 --> Total execution time: 0.6940
INFO - 2025-01-16 17:10:21 --> Config Class Initialized
INFO - 2025-01-16 17:10:21 --> Hooks Class Initialized
DEBUG - 2025-01-16 17:10:21 --> UTF-8 Support Enabled
INFO - 2025-01-16 17:10:21 --> Utf8 Class Initialized
INFO - 2025-01-16 17:10:21 --> URI Class Initialized
INFO - 2025-01-16 17:10:21 --> Router Class Initialized
INFO - 2025-01-16 17:10:21 --> Output Class Initialized
INFO - 2025-01-16 17:10:21 --> Security Class Initialized
DEBUG - 2025-01-16 17:10:21 --> Global POST, GET and COOKIE data sanitized
INFO - 2025-01-16 17:10:21 --> Input Class Initialized
INFO - 2025-01-16 17:10:21 --> Language Class Initialized
INFO - 2025-01-16 17:10:21 --> Loader Class Initialized
INFO - 2025-01-16 17:10:21 --> Helper loaded: url_helper
INFO - 2025-01-16 17:10:21 --> Database Driver Class Initialized
INFO - 2025-01-16 17:10:21 --> Controller Class Initialized
INFO - 2025-01-16 17:10:21 --> Model "Mconfigkey" initialized
INFO - 2025-01-16 17:10:21 --> Model "Msync_doc_aw" initialized
INFO - 2025-01-16 17:10:22 --> Final output sent to browser
DEBUG - 2025-01-16 17:10:22 --> Total execution time: 0.7221
INFO - 2025-01-16 17:10:28 --> Config Class Initialized
INFO - 2025-01-16 17:10:28 --> Hooks Class Initialized
DEBUG - 2025-01-16 17:10:28 --> UTF-8 Support Enabled
INFO - 2025-01-16 17:10:28 --> Utf8 Class Initialized
INFO - 2025-01-16 17:10:28 --> URI Class Initialized
INFO - 2025-01-16 17:10:28 --> Router Class Initialized
INFO - 2025-01-16 17:10:28 --> Output Class Initialized
INFO - 2025-01-16 17:10:28 --> Security Class Initialized
DEBUG - 2025-01-16 17:10:28 --> Global POST, GET and COOKIE data sanitized
INFO - 2025-01-16 17:10:28 --> Input Class Initialized
INFO - 2025-01-16 17:10:28 --> Language Class Initialized
INFO - 2025-01-16 17:10:28 --> Loader Class Initialized
INFO - 2025-01-16 17:10:28 --> Helper loaded: url_helper
INFO - 2025-01-16 17:10:28 --> Database Driver Class Initialized
INFO - 2025-01-16 17:10:28 --> Controller Class Initialized
INFO - 2025-01-16 17:10:28 --> Model "Mconfigkey" initialized
INFO - 2025-01-16 17:10:28 --> Model "Mportal_data" initialized
INFO - 2025-01-16 17:10:28 --> Final output sent to browser
DEBUG - 2025-01-16 17:10:28 --> Total execution time: 0.1783
INFO - 2025-01-16 18:22:07 --> Config Class Initialized
INFO - 2025-01-16 18:22:07 --> Hooks Class Initialized
DEBUG - 2025-01-16 18:22:07 --> UTF-8 Support Enabled
INFO - 2025-01-16 18:22:07 --> Utf8 Class Initialized
INFO - 2025-01-16 18:22:07 --> URI Class Initialized
INFO - 2025-01-16 18:22:07 --> Router Class Initialized
INFO - 2025-01-16 18:22:07 --> Output Class Initialized
INFO - 2025-01-16 18:22:07 --> Security Class Initialized
DEBUG - 2025-01-16 18:22:07 --> Global POST, GET and COOKIE data sanitized
INFO - 2025-01-16 18:22:07 --> Input Class Initialized
INFO - 2025-01-16 18:22:07 --> Language Class Initialized
INFO - 2025-01-16 18:22:07 --> Loader Class Initialized
INFO - 2025-01-16 18:22:07 --> Helper loaded: url_helper
INFO - 2025-01-16 18:22:07 --> Database Driver Class Initialized
INFO - 2025-01-16 18:22:07 --> Controller Class Initialized
INFO - 2025-01-16 18:22:07 --> Model "Mconfigkey" initialized
INFO - 2025-01-16 18:22:07 --> Final output sent to browser
DEBUG - 2025-01-16 18:22:07 --> Total execution time: 0.0204
INFO - 2025-01-16 18:22:11 --> Config Class Initialized
INFO - 2025-01-16 18:22:11 --> Hooks Class Initialized
DEBUG - 2025-01-16 18:22:11 --> UTF-8 Support Enabled
INFO - 2025-01-16 18:22:11 --> Utf8 Class Initialized
INFO - 2025-01-16 18:22:11 --> URI Class Initialized
INFO - 2025-01-16 18:22:11 --> Router Class Initialized
INFO - 2025-01-16 18:22:11 --> Output Class Initialized
INFO - 2025-01-16 18:22:11 --> Security Class Initialized
DEBUG - 2025-01-16 18:22:11 --> Global POST, GET and COOKIE data sanitized
INFO - 2025-01-16 18:22:11 --> Input Class Initialized
INFO - 2025-01-16 18:22:11 --> Language Class Initialized
INFO - 2025-01-16 18:22:11 --> Loader Class Initialized
INFO - 2025-01-16 18:22:11 --> Helper loaded: url_helper
INFO - 2025-01-16 18:22:11 --> Database Driver Class Initialized
INFO - 2025-01-16 18:22:11 --> Controller Class Initialized
INFO - 2025-01-16 18:22:11 --> Model "Mconfigkey" initialized
INFO - 2025-01-16 18:22:11 --> Model "Msync_doc_aw" initialized
INFO - 2025-01-16 18:22:11 --> Final output sent to browser
DEBUG - 2025-01-16 18:22:11 --> Total execution time: 0.0750
INFO - 2025-01-16 18:22:11 --> Config Class Initialized
INFO - 2025-01-16 18:22:11 --> Hooks Class Initialized
DEBUG - 2025-01-16 18:22:11 --> UTF-8 Support Enabled
INFO - 2025-01-16 18:22:11 --> Utf8 Class Initialized
INFO - 2025-01-16 18:22:11 --> URI Class Initialized
INFO - 2025-01-16 18:22:11 --> Router Class Initialized
INFO - 2025-01-16 18:22:11 --> Output Class Initialized
INFO - 2025-01-16 18:22:11 --> Security Class Initialized
DEBUG - 2025-01-16 18:22:11 --> Global POST, GET and COOKIE data sanitized
INFO - 2025-01-16 18:22:11 --> Input Class Initialized
INFO - 2025-01-16 18:22:11 --> Language Class Initialized
INFO - 2025-01-16 18:22:11 --> Loader Class Initialized
INFO - 2025-01-16 18:22:11 --> Helper loaded: url_helper
INFO - 2025-01-16 18:22:11 --> Database Driver Class Initialized
INFO - 2025-01-16 18:22:11 --> Controller Class Initialized
INFO - 2025-01-16 18:22:11 --> Model "Mconfigkey" initialized
INFO - 2025-01-16 18:22:11 --> Model "Mportal_data" initialized
INFO - 2025-01-16 18:22:11 --> Final output sent to browser
DEBUG - 2025-01-16 18:22:11 --> Total execution time: 0.0263
INFO - 2025-01-16 18:22:15 --> Config Class Initialized
INFO - 2025-01-16 18:22:15 --> Hooks Class Initialized
DEBUG - 2025-01-16 18:22:15 --> UTF-8 Support Enabled
INFO - 2025-01-16 18:22:15 --> Utf8 Class Initialized
INFO - 2025-01-16 18:22:15 --> URI Class Initialized
INFO - 2025-01-16 18:22:15 --> Router Class Initialized
INFO - 2025-01-16 18:22:15 --> Output Class Initialized
INFO - 2025-01-16 18:22:15 --> Security Class Initialized
DEBUG - 2025-01-16 18:22:15 --> Global POST, GET and COOKIE data sanitized
INFO - 2025-01-16 18:22:15 --> Input Class Initialized
INFO - 2025-01-16 18:22:15 --> Language Class Initialized
INFO - 2025-01-16 18:22:15 --> Loader Class Initialized
INFO - 2025-01-16 18:22:15 --> Helper loaded: url_helper
INFO - 2025-01-16 18:22:15 --> Database Driver Class Initialized
INFO - 2025-01-16 18:22:15 --> Controller Class Initialized
INFO - 2025-01-16 18:22:15 --> Model "Mconfigkey" initialized
ERROR - 2025-01-16 18:22:15 --> Severity: Warning --> array_merge(): Expected parameter 1 to be an array, null given D:\xampp\htdocs\plb\dummyservice\application\controllers\PortalApi.php 51
INFO - 2025-01-16 18:22:16 --> Final output sent to browser
DEBUG - 2025-01-16 18:22:16 --> Total execution time: 1.2788
INFO - 2025-01-16 18:22:23 --> Config Class Initialized
INFO - 2025-01-16 18:22:23 --> Hooks Class Initialized
DEBUG - 2025-01-16 18:22:23 --> UTF-8 Support Enabled
INFO - 2025-01-16 18:22:23 --> Utf8 Class Initialized
INFO - 2025-01-16 18:22:23 --> URI Class Initialized
INFO - 2025-01-16 18:22:23 --> Router Class Initialized
INFO - 2025-01-16 18:22:23 --> Output Class Initialized
INFO - 2025-01-16 18:22:23 --> Security Class Initialized
DEBUG - 2025-01-16 18:22:23 --> Global POST, GET and COOKIE data sanitized
INFO - 2025-01-16 18:22:23 --> Input Class Initialized
INFO - 2025-01-16 18:22:23 --> Language Class Initialized
INFO - 2025-01-16 18:22:23 --> Loader Class Initialized
INFO - 2025-01-16 18:22:23 --> Helper loaded: url_helper
INFO - 2025-01-16 18:22:23 --> Database Driver Class Initialized
INFO - 2025-01-16 18:22:23 --> Controller Class Initialized
INFO - 2025-01-16 18:22:23 --> Model "Mconfigkey" initialized
INFO - 2025-01-16 18:22:23 --> Final output sent to browser
DEBUG - 2025-01-16 18:22:23 --> Total execution time: 0.3886
INFO - 2025-01-16 18:22:33 --> Config Class Initialized
INFO - 2025-01-16 18:22:33 --> Hooks Class Initialized
DEBUG - 2025-01-16 18:22:33 --> UTF-8 Support Enabled
INFO - 2025-01-16 18:22:33 --> Utf8 Class Initialized
INFO - 2025-01-16 18:22:33 --> URI Class Initialized
INFO - 2025-01-16 18:22:33 --> Router Class Initialized
INFO - 2025-01-16 18:22:33 --> Output Class Initialized
INFO - 2025-01-16 18:22:33 --> Security Class Initialized
DEBUG - 2025-01-16 18:22:33 --> Global POST, GET and COOKIE data sanitized
INFO - 2025-01-16 18:22:33 --> Input Class Initialized
INFO - 2025-01-16 18:22:33 --> Language Class Initialized
INFO - 2025-01-16 18:22:33 --> Loader Class Initialized
INFO - 2025-01-16 18:22:33 --> Helper loaded: url_helper
INFO - 2025-01-16 18:22:33 --> Database Driver Class Initialized
INFO - 2025-01-16 18:22:33 --> Controller Class Initialized
INFO - 2025-01-16 18:22:33 --> Model "Mconfigkey" initialized
INFO - 2025-01-16 18:22:33 --> Final output sent to browser
DEBUG - 2025-01-16 18:22:33 --> Total execution time: 0.4036
INFO - 2025-01-16 18:27:13 --> Config Class Initialized
INFO - 2025-01-16 18:27:13 --> Hooks Class Initialized
DEBUG - 2025-01-16 18:27:13 --> UTF-8 Support Enabled
INFO - 2025-01-16 18:27:13 --> Utf8 Class Initialized
INFO - 2025-01-16 18:27:13 --> URI Class Initialized
INFO - 2025-01-16 18:27:13 --> Router Class Initialized
INFO - 2025-01-16 18:27:13 --> Output Class Initialized
INFO - 2025-01-16 18:27:13 --> Security Class Initialized
DEBUG - 2025-01-16 18:27:13 --> Global POST, GET and COOKIE data sanitized
INFO - 2025-01-16 18:27:13 --> Input Class Initialized
INFO - 2025-01-16 18:27:13 --> Language Class Initialized
INFO - 2025-01-16 18:27:13 --> Loader Class Initialized
INFO - 2025-01-16 18:27:13 --> Helper loaded: url_helper
INFO - 2025-01-16 18:27:13 --> Database Driver Class Initialized
INFO - 2025-01-16 18:27:13 --> Controller Class Initialized
INFO - 2025-01-16 18:27:13 --> Model "Mconfigkey" initialized
INFO - 2025-01-16 18:27:13 --> Final output sent to browser
DEBUG - 2025-01-16 18:27:13 --> Total execution time: 0.0190
INFO - 2025-01-16 18:27:18 --> Config Class Initialized
INFO - 2025-01-16 18:27:18 --> Hooks Class Initialized
DEBUG - 2025-01-16 18:27:18 --> UTF-8 Support Enabled
INFO - 2025-01-16 18:27:18 --> Utf8 Class Initialized
INFO - 2025-01-16 18:27:18 --> URI Class Initialized
INFO - 2025-01-16 18:27:18 --> Router Class Initialized
INFO - 2025-01-16 18:27:18 --> Output Class Initialized
INFO - 2025-01-16 18:27:18 --> Security Class Initialized
DEBUG - 2025-01-16 18:27:18 --> Global POST, GET and COOKIE data sanitized
INFO - 2025-01-16 18:27:18 --> Input Class Initialized
INFO - 2025-01-16 18:27:18 --> Language Class Initialized
INFO - 2025-01-16 18:27:18 --> Loader Class Initialized
INFO - 2025-01-16 18:27:18 --> Helper loaded: url_helper
INFO - 2025-01-16 18:27:18 --> Database Driver Class Initialized
INFO - 2025-01-16 18:27:18 --> Controller Class Initialized
INFO - 2025-01-16 18:27:18 --> Model "Mauth" initialized
INFO - 2025-01-16 18:27:18 --> Model "Mconfigkey" initialized
INFO - 2025-01-16 18:27:18 --> Final output sent to browser
DEBUG - 2025-01-16 18:27:18 --> Total execution time: 0.0300
INFO - 2025-01-16 18:33:59 --> Config Class Initialized
INFO - 2025-01-16 18:33:59 --> Hooks Class Initialized
DEBUG - 2025-01-16 18:33:59 --> UTF-8 Support Enabled
INFO - 2025-01-16 18:33:59 --> Utf8 Class Initialized
INFO - 2025-01-16 18:33:59 --> URI Class Initialized
INFO - 2025-01-16 18:33:59 --> Router Class Initialized
INFO - 2025-01-16 18:33:59 --> Output Class Initialized
INFO - 2025-01-16 18:33:59 --> Security Class Initialized
DEBUG - 2025-01-16 18:33:59 --> Global POST, GET and COOKIE data sanitized
INFO - 2025-01-16 18:33:59 --> Input Class Initialized
INFO - 2025-01-16 18:33:59 --> Language Class Initialized
INFO - 2025-01-16 18:33:59 --> Loader Class Initialized
INFO - 2025-01-16 18:33:59 --> Helper loaded: url_helper
INFO - 2025-01-16 18:33:59 --> Database Driver Class Initialized
INFO - 2025-01-16 18:33:59 --> Controller Class Initialized
INFO - 2025-01-16 18:33:59 --> Model "Mconfigkey" initialized
INFO - 2025-01-16 18:33:59 --> Final output sent to browser
DEBUG - 2025-01-16 18:33:59 --> Total execution time: 0.1868
INFO - 2025-01-16 18:34:33 --> Config Class Initialized
INFO - 2025-01-16 18:34:33 --> Hooks Class Initialized
DEBUG - 2025-01-16 18:34:33 --> UTF-8 Support Enabled
INFO - 2025-01-16 18:34:33 --> Utf8 Class Initialized
INFO - 2025-01-16 18:34:33 --> URI Class Initialized
INFO - 2025-01-16 18:34:33 --> Router Class Initialized
INFO - 2025-01-16 18:34:33 --> Output Class Initialized
INFO - 2025-01-16 18:34:33 --> Security Class Initialized
DEBUG - 2025-01-16 18:34:33 --> Global POST, GET and COOKIE data sanitized
INFO - 2025-01-16 18:34:33 --> Input Class Initialized
INFO - 2025-01-16 18:34:33 --> Language Class Initialized
INFO - 2025-01-16 18:34:33 --> Loader Class Initialized
INFO - 2025-01-16 18:34:33 --> Helper loaded: url_helper
INFO - 2025-01-16 18:34:33 --> Database Driver Class Initialized
INFO - 2025-01-16 18:34:33 --> Controller Class Initialized
INFO - 2025-01-16 18:34:33 --> Model "Mconfigkey" initialized
ERROR - 2025-01-16 18:34:33 --> Severity: Warning --> array_merge(): Expected parameter 1 to be an array, null given D:\xampp\htdocs\plb\dummyservice\application\controllers\PortalApi.php 51
INFO - 2025-01-16 18:34:34 --> Final output sent to browser
DEBUG - 2025-01-16 18:34:34 --> Total execution time: 0.8860
INFO - 2025-01-16 19:15:11 --> Config Class Initialized
INFO - 2025-01-16 19:15:11 --> Hooks Class Initialized
DEBUG - 2025-01-16 19:15:12 --> UTF-8 Support Enabled
INFO - 2025-01-16 19:15:12 --> Utf8 Class Initialized
INFO - 2025-01-16 19:15:12 --> URI Class Initialized
INFO - 2025-01-16 19:15:12 --> Router Class Initialized
INFO - 2025-01-16 19:15:12 --> Output Class Initialized
INFO - 2025-01-16 19:15:12 --> Security Class Initialized
DEBUG - 2025-01-16 19:15:12 --> Global POST, GET and COOKIE data sanitized
INFO - 2025-01-16 19:15:12 --> Input Class Initialized
INFO - 2025-01-16 19:15:12 --> Language Class Initialized
INFO - 2025-01-16 19:15:12 --> Loader Class Initialized
INFO - 2025-01-16 19:15:12 --> Helper loaded: url_helper
INFO - 2025-01-16 19:15:12 --> Database Driver Class Initialized
INFO - 2025-01-16 19:15:12 --> Controller Class Initialized
INFO - 2025-01-16 19:15:12 --> Model "Mauth" initialized
INFO - 2025-01-16 19:15:12 --> Final output sent to browser
DEBUG - 2025-01-16 19:15:12 --> Total execution time: 0.0217
INFO - 2025-01-16 19:15:15 --> Config Class Initialized
INFO - 2025-01-16 19:15:15 --> Hooks Class Initialized
DEBUG - 2025-01-16 19:15:15 --> UTF-8 Support Enabled
INFO - 2025-01-16 19:15:15 --> Utf8 Class Initialized
INFO - 2025-01-16 19:15:15 --> URI Class Initialized
INFO - 2025-01-16 19:15:15 --> Router Class Initialized
INFO - 2025-01-16 19:15:15 --> Output Class Initialized
INFO - 2025-01-16 19:15:15 --> Security Class Initialized
DEBUG - 2025-01-16 19:15:15 --> Global POST, GET and COOKIE data sanitized
INFO - 2025-01-16 19:15:15 --> Input Class Initialized
INFO - 2025-01-16 19:15:15 --> Language Class Initialized
INFO - 2025-01-16 19:15:15 --> Loader Class Initialized
INFO - 2025-01-16 19:15:15 --> Helper loaded: url_helper
INFO - 2025-01-16 19:15:15 --> Database Driver Class Initialized
INFO - 2025-01-16 19:15:15 --> Controller Class Initialized
INFO - 2025-01-16 19:15:15 --> Model "Mauth" initialized
INFO - 2025-01-16 19:15:15 --> Final output sent to browser
DEBUG - 2025-01-16 19:15:15 --> Total execution time: 0.0186
INFO - 2025-01-16 19:15:18 --> Config Class Initialized
INFO - 2025-01-16 19:15:18 --> Hooks Class Initialized
DEBUG - 2025-01-16 19:15:18 --> UTF-8 Support Enabled
INFO - 2025-01-16 19:15:18 --> Utf8 Class Initialized
INFO - 2025-01-16 19:15:18 --> URI Class Initialized
INFO - 2025-01-16 19:15:18 --> Router Class Initialized
INFO - 2025-01-16 19:15:18 --> Output Class Initialized
INFO - 2025-01-16 19:15:18 --> Security Class Initialized
DEBUG - 2025-01-16 19:15:18 --> Global POST, GET and COOKIE data sanitized
INFO - 2025-01-16 19:15:18 --> Input Class Initialized
INFO - 2025-01-16 19:15:18 --> Language Class Initialized
INFO - 2025-01-16 19:15:18 --> Loader Class Initialized
INFO - 2025-01-16 19:15:18 --> Helper loaded: url_helper
INFO - 2025-01-16 19:15:18 --> Database Driver Class Initialized
INFO - 2025-01-16 19:15:18 --> Controller Class Initialized
INFO - 2025-01-16 19:15:18 --> Model "Mauth" initialized
INFO - 2025-01-16 19:15:18 --> Final output sent to browser
DEBUG - 2025-01-16 19:15:18 --> Total execution time: 0.0368
INFO - 2025-01-16 19:15:26 --> Config Class Initialized
INFO - 2025-01-16 19:15:26 --> Hooks Class Initialized
DEBUG - 2025-01-16 19:15:26 --> UTF-8 Support Enabled
INFO - 2025-01-16 19:15:26 --> Utf8 Class Initialized
INFO - 2025-01-16 19:15:26 --> URI Class Initialized
INFO - 2025-01-16 19:15:26 --> Router Class Initialized
INFO - 2025-01-16 19:15:26 --> Output Class Initialized
INFO - 2025-01-16 19:15:26 --> Security Class Initialized
DEBUG - 2025-01-16 19:15:26 --> Global POST, GET and COOKIE data sanitized
INFO - 2025-01-16 19:15:26 --> Input Class Initialized
INFO - 2025-01-16 19:15:26 --> Language Class Initialized
INFO - 2025-01-16 19:15:26 --> Loader Class Initialized
INFO - 2025-01-16 19:15:26 --> Helper loaded: url_helper
INFO - 2025-01-16 19:15:26 --> Database Driver Class Initialized
INFO - 2025-01-16 19:15:26 --> Controller Class Initialized
INFO - 2025-01-16 19:15:26 --> Model "Mconfigkey" initialized
INFO - 2025-01-16 19:15:26 --> Final output sent to browser
DEBUG - 2025-01-16 19:15:26 --> Total execution time: 0.0191
INFO - 2025-01-16 19:15:46 --> Config Class Initialized
INFO - 2025-01-16 19:15:46 --> Hooks Class Initialized
DEBUG - 2025-01-16 19:15:46 --> UTF-8 Support Enabled
INFO - 2025-01-16 19:15:46 --> Utf8 Class Initialized
INFO - 2025-01-16 19:15:46 --> URI Class Initialized
INFO - 2025-01-16 19:15:46 --> Router Class Initialized
INFO - 2025-01-16 19:15:46 --> Output Class Initialized
INFO - 2025-01-16 19:15:46 --> Security Class Initialized
DEBUG - 2025-01-16 19:15:46 --> Global POST, GET and COOKIE data sanitized
INFO - 2025-01-16 19:15:46 --> Input Class Initialized
INFO - 2025-01-16 19:15:46 --> Language Class Initialized
INFO - 2025-01-16 19:15:46 --> Loader Class Initialized
INFO - 2025-01-16 19:15:46 --> Helper loaded: url_helper
INFO - 2025-01-16 19:15:46 --> Database Driver Class Initialized
INFO - 2025-01-16 19:15:46 --> Controller Class Initialized
INFO - 2025-01-16 19:15:46 --> Model "Mconfigkey" initialized
INFO - 2025-01-16 19:15:46 --> Final output sent to browser
DEBUG - 2025-01-16 19:15:46 --> Total execution time: 0.0187
INFO - 2025-01-16 19:15:51 --> Config Class Initialized
INFO - 2025-01-16 19:15:51 --> Hooks Class Initialized
DEBUG - 2025-01-16 19:15:51 --> UTF-8 Support Enabled
INFO - 2025-01-16 19:15:51 --> Utf8 Class Initialized
INFO - 2025-01-16 19:15:51 --> URI Class Initialized
INFO - 2025-01-16 19:15:51 --> Router Class Initialized
INFO - 2025-01-16 19:15:51 --> Output Class Initialized
INFO - 2025-01-16 19:15:51 --> Security Class Initialized
DEBUG - 2025-01-16 19:15:51 --> Global POST, GET and COOKIE data sanitized
INFO - 2025-01-16 19:15:51 --> Input Class Initialized
INFO - 2025-01-16 19:15:51 --> Language Class Initialized
INFO - 2025-01-16 19:15:51 --> Loader Class Initialized
INFO - 2025-01-16 19:15:51 --> Helper loaded: url_helper
INFO - 2025-01-16 19:15:51 --> Database Driver Class Initialized
INFO - 2025-01-16 19:15:51 --> Controller Class Initialized
INFO - 2025-01-16 19:15:51 --> Model "Mconfigkey" initialized
INFO - 2025-01-16 19:15:51 --> Model "Mportal_data" initialized
INFO - 2025-01-16 19:15:51 --> Final output sent to browser
DEBUG - 2025-01-16 19:15:51 --> Total execution time: 0.0267
INFO - 2025-01-16 19:15:56 --> Config Class Initialized
INFO - 2025-01-16 19:15:56 --> Hooks Class Initialized
DEBUG - 2025-01-16 19:15:56 --> UTF-8 Support Enabled
INFO - 2025-01-16 19:15:56 --> Utf8 Class Initialized
INFO - 2025-01-16 19:15:56 --> URI Class Initialized
INFO - 2025-01-16 19:15:56 --> Router Class Initialized
INFO - 2025-01-16 19:15:56 --> Output Class Initialized
INFO - 2025-01-16 19:15:56 --> Security Class Initialized
DEBUG - 2025-01-16 19:15:56 --> Global POST, GET and COOKIE data sanitized
INFO - 2025-01-16 19:15:56 --> Input Class Initialized
INFO - 2025-01-16 19:15:56 --> Language Class Initialized
INFO - 2025-01-16 19:15:56 --> Loader Class Initialized
INFO - 2025-01-16 19:15:56 --> Helper loaded: url_helper
INFO - 2025-01-16 19:15:56 --> Database Driver Class Initialized
INFO - 2025-01-16 19:15:56 --> Controller Class Initialized
INFO - 2025-01-16 19:15:56 --> Model "Mconfigkey" initialized
INFO - 2025-01-16 19:15:56 --> Model "Mportal_data" initialized
INFO - 2025-01-16 19:15:56 --> Final output sent to browser
DEBUG - 2025-01-16 19:15:56 --> Total execution time: 0.1652
INFO - 2025-01-16 19:47:57 --> Config Class Initialized
INFO - 2025-01-16 19:47:57 --> Hooks Class Initialized
DEBUG - 2025-01-16 19:47:57 --> UTF-8 Support Enabled
INFO - 2025-01-16 19:47:57 --> Utf8 Class Initialized
INFO - 2025-01-16 19:47:57 --> URI Class Initialized
INFO - 2025-01-16 19:47:57 --> Router Class Initialized
INFO - 2025-01-16 19:47:57 --> Output Class Initialized
INFO - 2025-01-16 19:47:57 --> Security Class Initialized
DEBUG - 2025-01-16 19:47:57 --> Global POST, GET and COOKIE data sanitized
INFO - 2025-01-16 19:47:57 --> Input Class Initialized
INFO - 2025-01-16 19:47:57 --> Language Class Initialized
INFO - 2025-01-16 19:47:57 --> Loader Class Initialized
INFO - 2025-01-16 19:47:57 --> Helper loaded: url_helper
INFO - 2025-01-16 19:47:57 --> Database Driver Class Initialized
INFO - 2025-01-16 19:47:57 --> Controller Class Initialized
INFO - 2025-01-16 19:47:57 --> Model "Mconfigkey" initialized
INFO - 2025-01-16 19:47:57 --> Final output sent to browser
DEBUG - 2025-01-16 19:47:57 --> Total execution time: 0.0212
INFO - 2025-01-16 19:49:47 --> Config Class Initialized
INFO - 2025-01-16 19:49:47 --> Hooks Class Initialized
DEBUG - 2025-01-16 19:49:47 --> UTF-8 Support Enabled
INFO - 2025-01-16 19:49:47 --> Utf8 Class Initialized
INFO - 2025-01-16 19:49:47 --> URI Class Initialized
INFO - 2025-01-16 19:49:47 --> Router Class Initialized
INFO - 2025-01-16 19:49:47 --> Output Class Initialized
INFO - 2025-01-16 19:49:47 --> Security Class Initialized
DEBUG - 2025-01-16 19:49:47 --> Global POST, GET and COOKIE data sanitized
INFO - 2025-01-16 19:49:47 --> Input Class Initialized
INFO - 2025-01-16 19:49:47 --> Language Class Initialized
INFO - 2025-01-16 19:49:47 --> Loader Class Initialized
INFO - 2025-01-16 19:49:47 --> Helper loaded: url_helper
INFO - 2025-01-16 19:49:47 --> Database Driver Class Initialized
INFO - 2025-01-16 19:49:47 --> Controller Class Initialized
INFO - 2025-01-16 19:49:47 --> Model "Mconfigkey" initialized
INFO - 2025-01-16 19:49:47 --> Final output sent to browser
DEBUG - 2025-01-16 19:49:47 --> Total execution time: 0.0598
INFO - 2025-01-16 19:49:49 --> Config Class Initialized
INFO - 2025-01-16 19:49:49 --> Hooks Class Initialized
DEBUG - 2025-01-16 19:49:49 --> UTF-8 Support Enabled
INFO - 2025-01-16 19:49:49 --> Utf8 Class Initialized
INFO - 2025-01-16 19:49:49 --> URI Class Initialized
INFO - 2025-01-16 19:49:49 --> Router Class Initialized
INFO - 2025-01-16 19:49:49 --> Output Class Initialized
INFO - 2025-01-16 19:49:49 --> Security Class Initialized
DEBUG - 2025-01-16 19:49:49 --> Global POST, GET and COOKIE data sanitized
INFO - 2025-01-16 19:49:49 --> Input Class Initialized
INFO - 2025-01-16 19:49:49 --> Language Class Initialized
INFO - 2025-01-16 19:49:49 --> Loader Class Initialized
INFO - 2025-01-16 19:49:49 --> Helper loaded: url_helper
INFO - 2025-01-16 19:49:49 --> Database Driver Class Initialized
INFO - 2025-01-16 19:49:49 --> Controller Class Initialized
INFO - 2025-01-16 19:49:49 --> Model "Mconfigkey" initialized
INFO - 2025-01-16 19:49:49 --> Model "Mportal_data" initialized
INFO - 2025-01-16 19:49:49 --> Final output sent to browser
DEBUG - 2025-01-16 19:49:49 --> Total execution time: 0.0266
INFO - 2025-01-16 19:50:28 --> Config Class Initialized
INFO - 2025-01-16 19:50:28 --> Hooks Class Initialized
DEBUG - 2025-01-16 19:50:28 --> UTF-8 Support Enabled
INFO - 2025-01-16 19:50:28 --> Utf8 Class Initialized
INFO - 2025-01-16 19:50:28 --> URI Class Initialized
INFO - 2025-01-16 19:50:28 --> Router Class Initialized
INFO - 2025-01-16 19:50:28 --> Output Class Initialized
INFO - 2025-01-16 19:50:28 --> Security Class Initialized
DEBUG - 2025-01-16 19:50:28 --> Global POST, GET and COOKIE data sanitized
INFO - 2025-01-16 19:50:28 --> Input Class Initialized
INFO - 2025-01-16 19:50:28 --> Language Class Initialized
INFO - 2025-01-16 19:50:28 --> Loader Class Initialized
INFO - 2025-01-16 19:50:28 --> Helper loaded: url_helper
INFO - 2025-01-16 19:50:28 --> Database Driver Class Initialized
INFO - 2025-01-16 19:50:28 --> Controller Class Initialized
INFO - 2025-01-16 19:50:28 --> Model "Mconfigkey" initialized
INFO - 2025-01-16 19:50:28 --> Final output sent to browser
DEBUG - 2025-01-16 19:50:28 --> Total execution time: 0.0196
INFO - 2025-01-16 19:50:51 --> Config Class Initialized
INFO - 2025-01-16 19:50:51 --> Hooks Class Initialized
DEBUG - 2025-01-16 19:50:51 --> UTF-8 Support Enabled
INFO - 2025-01-16 19:50:51 --> Utf8 Class Initialized
INFO - 2025-01-16 19:50:51 --> URI Class Initialized
INFO - 2025-01-16 19:50:51 --> Router Class Initialized
INFO - 2025-01-16 19:50:51 --> Output Class Initialized
INFO - 2025-01-16 19:50:51 --> Security Class Initialized
DEBUG - 2025-01-16 19:50:51 --> Global POST, GET and COOKIE data sanitized
INFO - 2025-01-16 19:50:51 --> Input Class Initialized
INFO - 2025-01-16 19:50:51 --> Language Class Initialized
INFO - 2025-01-16 19:50:51 --> Loader Class Initialized
INFO - 2025-01-16 19:50:51 --> Helper loaded: url_helper
INFO - 2025-01-16 19:50:51 --> Database Driver Class Initialized
INFO - 2025-01-16 19:50:51 --> Controller Class Initialized
INFO - 2025-01-16 19:50:51 --> Model "Mconfigkey" initialized
INFO - 2025-01-16 19:50:51 --> Final output sent to browser
DEBUG - 2025-01-16 19:50:51 --> Total execution time: 0.0616
INFO - 2025-01-16 19:50:52 --> Config Class Initialized
INFO - 2025-01-16 19:50:52 --> Hooks Class Initialized
DEBUG - 2025-01-16 19:50:52 --> UTF-8 Support Enabled
INFO - 2025-01-16 19:50:52 --> Utf8 Class Initialized
INFO - 2025-01-16 19:50:52 --> URI Class Initialized
INFO - 2025-01-16 19:50:52 --> Router Class Initialized
INFO - 2025-01-16 19:50:52 --> Output Class Initialized
INFO - 2025-01-16 19:50:52 --> Security Class Initialized
DEBUG - 2025-01-16 19:50:52 --> Global POST, GET and COOKIE data sanitized
INFO - 2025-01-16 19:50:52 --> Input Class Initialized
INFO - 2025-01-16 19:50:52 --> Language Class Initialized
INFO - 2025-01-16 19:50:52 --> Loader Class Initialized
INFO - 2025-01-16 19:50:52 --> Helper loaded: url_helper
INFO - 2025-01-16 19:50:52 --> Database Driver Class Initialized
INFO - 2025-01-16 19:50:52 --> Controller Class Initialized
INFO - 2025-01-16 19:50:53 --> Model "Mconfigkey" initialized
INFO - 2025-01-16 19:50:53 --> Model "Mportal_data" initialized
INFO - 2025-01-16 19:50:53 --> Final output sent to browser
DEBUG - 2025-01-16 19:50:53 --> Total execution time: 0.0383
INFO - 2025-01-16 19:52:04 --> Config Class Initialized
INFO - 2025-01-16 19:52:04 --> Hooks Class Initialized
DEBUG - 2025-01-16 19:52:04 --> UTF-8 Support Enabled
INFO - 2025-01-16 19:52:04 --> Utf8 Class Initialized
INFO - 2025-01-16 19:52:04 --> URI Class Initialized
INFO - 2025-01-16 19:52:04 --> Router Class Initialized
INFO - 2025-01-16 19:52:04 --> Output Class Initialized
INFO - 2025-01-16 19:52:04 --> Security Class Initialized
DEBUG - 2025-01-16 19:52:04 --> Global POST, GET and COOKIE data sanitized
INFO - 2025-01-16 19:52:04 --> Input Class Initialized
INFO - 2025-01-16 19:52:04 --> Language Class Initialized
INFO - 2025-01-16 19:52:04 --> Loader Class Initialized
INFO - 2025-01-16 19:52:04 --> Helper loaded: url_helper
INFO - 2025-01-16 19:52:04 --> Database Driver Class Initialized
INFO - 2025-01-16 19:52:04 --> Controller Class Initialized
INFO - 2025-01-16 19:52:04 --> Model "Mconfigkey" initialized
INFO - 2025-01-16 19:52:04 --> Final output sent to browser
DEBUG - 2025-01-16 19:52:04 --> Total execution time: 0.0189
INFO - 2025-01-16 19:52:22 --> Config Class Initialized
INFO - 2025-01-16 19:52:22 --> Hooks Class Initialized
DEBUG - 2025-01-16 19:52:22 --> UTF-8 Support Enabled
INFO - 2025-01-16 19:52:22 --> Utf8 Class Initialized
INFO - 2025-01-16 19:52:22 --> URI Class Initialized
INFO - 2025-01-16 19:52:22 --> Router Class Initialized
INFO - 2025-01-16 19:52:22 --> Output Class Initialized
INFO - 2025-01-16 19:52:22 --> Security Class Initialized
DEBUG - 2025-01-16 19:52:22 --> Global POST, GET and COOKIE data sanitized
INFO - 2025-01-16 19:52:22 --> Input Class Initialized
INFO - 2025-01-16 19:52:22 --> Language Class Initialized
INFO - 2025-01-16 19:52:22 --> Loader Class Initialized
INFO - 2025-01-16 19:52:22 --> Helper loaded: url_helper
INFO - 2025-01-16 19:52:22 --> Database Driver Class Initialized
INFO - 2025-01-16 19:52:22 --> Controller Class Initialized
INFO - 2025-01-16 19:52:22 --> Model "Mconfigkey" initialized
INFO - 2025-01-16 19:52:22 --> Final output sent to browser
DEBUG - 2025-01-16 19:52:22 --> Total execution time: 0.0188
INFO - 2025-01-16 19:52:23 --> Config Class Initialized
INFO - 2025-01-16 19:52:23 --> Hooks Class Initialized
DEBUG - 2025-01-16 19:52:23 --> UTF-8 Support Enabled
INFO - 2025-01-16 19:52:23 --> Utf8 Class Initialized
INFO - 2025-01-16 19:52:23 --> URI Class Initialized
INFO - 2025-01-16 19:52:23 --> Router Class Initialized
INFO - 2025-01-16 19:52:23 --> Output Class Initialized
INFO - 2025-01-16 19:52:23 --> Security Class Initialized
DEBUG - 2025-01-16 19:52:23 --> Global POST, GET and COOKIE data sanitized
INFO - 2025-01-16 19:52:23 --> Input Class Initialized
INFO - 2025-01-16 19:52:23 --> Language Class Initialized
INFO - 2025-01-16 19:52:23 --> Loader Class Initialized
INFO - 2025-01-16 19:52:23 --> Helper loaded: url_helper
INFO - 2025-01-16 19:52:23 --> Database Driver Class Initialized
INFO - 2025-01-16 19:52:23 --> Controller Class Initialized
INFO - 2025-01-16 19:52:23 --> Model "Mconfigkey" initialized
INFO - 2025-01-16 19:52:23 --> Model "Mportal_data" initialized
INFO - 2025-01-16 19:52:23 --> Final output sent to browser
DEBUG - 2025-01-16 19:52:23 --> Total execution time: 0.0721
INFO - 2025-01-16 19:53:36 --> Config Class Initialized
INFO - 2025-01-16 19:53:36 --> Hooks Class Initialized
DEBUG - 2025-01-16 19:53:36 --> UTF-8 Support Enabled
INFO - 2025-01-16 19:53:36 --> Utf8 Class Initialized
INFO - 2025-01-16 19:53:36 --> URI Class Initialized
INFO - 2025-01-16 19:53:36 --> Router Class Initialized
INFO - 2025-01-16 19:53:36 --> Output Class Initialized
INFO - 2025-01-16 19:53:36 --> Security Class Initialized
DEBUG - 2025-01-16 19:53:36 --> Global POST, GET and COOKIE data sanitized
INFO - 2025-01-16 19:53:36 --> Input Class Initialized
INFO - 2025-01-16 19:53:36 --> Language Class Initialized
INFO - 2025-01-16 19:53:36 --> Loader Class Initialized
INFO - 2025-01-16 19:53:36 --> Helper loaded: url_helper
INFO - 2025-01-16 19:53:36 --> Database Driver Class Initialized
INFO - 2025-01-16 19:53:36 --> Controller Class Initialized
INFO - 2025-01-16 19:53:36 --> Model "Mconfigkey" initialized
INFO - 2025-01-16 19:53:36 --> Final output sent to browser
DEBUG - 2025-01-16 19:53:36 --> Total execution time: 0.0189
INFO - 2025-01-16 19:54:07 --> Config Class Initialized
INFO - 2025-01-16 19:54:07 --> Hooks Class Initialized
DEBUG - 2025-01-16 19:54:07 --> UTF-8 Support Enabled
INFO - 2025-01-16 19:54:07 --> Utf8 Class Initialized
INFO - 2025-01-16 19:54:07 --> URI Class Initialized
INFO - 2025-01-16 19:54:07 --> Router Class Initialized
INFO - 2025-01-16 19:54:07 --> Output Class Initialized
INFO - 2025-01-16 19:54:07 --> Security Class Initialized
DEBUG - 2025-01-16 19:54:07 --> Global POST, GET and COOKIE data sanitized
INFO - 2025-01-16 19:54:07 --> Input Class Initialized
INFO - 2025-01-16 19:54:07 --> Language Class Initialized
INFO - 2025-01-16 19:54:07 --> Loader Class Initialized
INFO - 2025-01-16 19:54:07 --> Helper loaded: url_helper
INFO - 2025-01-16 19:54:07 --> Database Driver Class Initialized
INFO - 2025-01-16 19:54:07 --> Controller Class Initialized
INFO - 2025-01-16 19:54:07 --> Model "Mconfigkey" initialized
INFO - 2025-01-16 19:54:07 --> Final output sent to browser
DEBUG - 2025-01-16 19:54:07 --> Total execution time: 0.0188
INFO - 2025-01-16 19:57:35 --> Config Class Initialized
INFO - 2025-01-16 19:57:35 --> Hooks Class Initialized
DEBUG - 2025-01-16 19:57:35 --> UTF-8 Support Enabled
INFO - 2025-01-16 19:57:35 --> Utf8 Class Initialized
INFO - 2025-01-16 19:57:35 --> URI Class Initialized
INFO - 2025-01-16 19:57:35 --> Router Class Initialized
INFO - 2025-01-16 19:57:35 --> Output Class Initialized
INFO - 2025-01-16 19:57:35 --> Security Class Initialized
DEBUG - 2025-01-16 19:57:35 --> Global POST, GET and COOKIE data sanitized
INFO - 2025-01-16 19:57:35 --> Input Class Initialized
INFO - 2025-01-16 19:57:35 --> Language Class Initialized
INFO - 2025-01-16 19:57:35 --> Loader Class Initialized
INFO - 2025-01-16 19:57:35 --> Helper loaded: url_helper
INFO - 2025-01-16 19:57:35 --> Database Driver Class Initialized
INFO - 2025-01-16 19:57:35 --> Controller Class Initialized
INFO - 2025-01-16 19:57:35 --> Model "Mconfigkey" initialized
INFO - 2025-01-16 19:57:35 --> Final output sent to browser
DEBUG - 2025-01-16 19:57:35 --> Total execution time: 0.0188
INFO - 2025-01-16 19:57:43 --> Config Class Initialized
INFO - 2025-01-16 19:57:43 --> Hooks Class Initialized
DEBUG - 2025-01-16 19:57:43 --> UTF-8 Support Enabled
INFO - 2025-01-16 19:57:43 --> Utf8 Class Initialized
INFO - 2025-01-16 19:57:43 --> URI Class Initialized
INFO - 2025-01-16 19:57:43 --> Router Class Initialized
INFO - 2025-01-16 19:57:43 --> Output Class Initialized
INFO - 2025-01-16 19:57:43 --> Security Class Initialized
DEBUG - 2025-01-16 19:57:43 --> Global POST, GET and COOKIE data sanitized
INFO - 2025-01-16 19:57:43 --> Input Class Initialized
INFO - 2025-01-16 19:57:43 --> Language Class Initialized
INFO - 2025-01-16 19:57:43 --> Loader Class Initialized
INFO - 2025-01-16 19:57:43 --> Helper loaded: url_helper
INFO - 2025-01-16 19:57:43 --> Database Driver Class Initialized
INFO - 2025-01-16 19:57:43 --> Controller Class Initialized
INFO - 2025-01-16 19:57:43 --> Model "Mconfigkey" initialized
INFO - 2025-01-16 19:57:43 --> Final output sent to browser
DEBUG - 2025-01-16 19:57:43 --> Total execution time: 0.0189
INFO - 2025-01-16 19:58:12 --> Config Class Initialized
INFO - 2025-01-16 19:58:12 --> Hooks Class Initialized
DEBUG - 2025-01-16 19:58:12 --> UTF-8 Support Enabled
INFO - 2025-01-16 19:58:12 --> Utf8 Class Initialized
INFO - 2025-01-16 19:58:12 --> URI Class Initialized
INFO - 2025-01-16 19:58:12 --> Router Class Initialized
INFO - 2025-01-16 19:58:12 --> Output Class Initialized
INFO - 2025-01-16 19:58:12 --> Security Class Initialized
DEBUG - 2025-01-16 19:58:12 --> Global POST, GET and COOKIE data sanitized
INFO - 2025-01-16 19:58:12 --> Input Class Initialized
INFO - 2025-01-16 19:58:12 --> Language Class Initialized
INFO - 2025-01-16 19:58:12 --> Loader Class Initialized
INFO - 2025-01-16 19:58:12 --> Helper loaded: url_helper
INFO - 2025-01-16 19:58:12 --> Database Driver Class Initialized
INFO - 2025-01-16 19:58:12 --> Controller Class Initialized
INFO - 2025-01-16 19:58:12 --> Model "Mconfigkey" initialized
INFO - 2025-01-16 19:58:12 --> Final output sent to browser
DEBUG - 2025-01-16 19:58:12 --> Total execution time: 0.0233
INFO - 2025-01-16 20:00:04 --> Config Class Initialized
INFO - 2025-01-16 20:00:04 --> Hooks Class Initialized
DEBUG - 2025-01-16 20:00:04 --> UTF-8 Support Enabled
INFO - 2025-01-16 20:00:04 --> Utf8 Class Initialized
INFO - 2025-01-16 20:00:04 --> URI Class Initialized
INFO - 2025-01-16 20:00:04 --> Router Class Initialized
INFO - 2025-01-16 20:00:04 --> Output Class Initialized
INFO - 2025-01-16 20:00:04 --> Security Class Initialized
DEBUG - 2025-01-16 20:00:04 --> Global POST, GET and COOKIE data sanitized
INFO - 2025-01-16 20:00:04 --> Input Class Initialized
INFO - 2025-01-16 20:00:04 --> Language Class Initialized
INFO - 2025-01-16 20:00:04 --> Loader Class Initialized
INFO - 2025-01-16 20:00:04 --> Helper loaded: url_helper
INFO - 2025-01-16 20:00:04 --> Database Driver Class Initialized
INFO - 2025-01-16 20:00:04 --> Controller Class Initialized
INFO - 2025-01-16 20:00:04 --> Model "Mconfigkey" initialized
INFO - 2025-01-16 20:00:04 --> Final output sent to browser
DEBUG - 2025-01-16 20:00:04 --> Total execution time: 0.0343
INFO - 2025-01-16 20:00:13 --> Config Class Initialized
INFO - 2025-01-16 20:00:13 --> Hooks Class Initialized
DEBUG - 2025-01-16 20:00:13 --> UTF-8 Support Enabled
INFO - 2025-01-16 20:00:13 --> Utf8 Class Initialized
INFO - 2025-01-16 20:00:13 --> URI Class Initialized
INFO - 2025-01-16 20:00:13 --> Router Class Initialized
INFO - 2025-01-16 20:00:13 --> Output Class Initialized
INFO - 2025-01-16 20:00:13 --> Security Class Initialized
DEBUG - 2025-01-16 20:00:13 --> Global POST, GET and COOKIE data sanitized
INFO - 2025-01-16 20:00:13 --> Input Class Initialized
INFO - 2025-01-16 20:00:13 --> Language Class Initialized
INFO - 2025-01-16 20:00:13 --> Loader Class Initialized
INFO - 2025-01-16 20:00:13 --> Helper loaded: url_helper
INFO - 2025-01-16 20:00:13 --> Database Driver Class Initialized
INFO - 2025-01-16 20:00:13 --> Controller Class Initialized
INFO - 2025-01-16 20:00:13 --> Model "Mconfigkey" initialized
INFO - 2025-01-16 20:00:13 --> Final output sent to browser
DEBUG - 2025-01-16 20:00:13 --> Total execution time: 0.0235
INFO - 2025-01-16 20:00:52 --> Config Class Initialized
INFO - 2025-01-16 20:00:52 --> Hooks Class Initialized
DEBUG - 2025-01-16 20:00:52 --> UTF-8 Support Enabled
INFO - 2025-01-16 20:00:52 --> Utf8 Class Initialized
INFO - 2025-01-16 20:00:52 --> URI Class Initialized
INFO - 2025-01-16 20:00:52 --> Router Class Initialized
INFO - 2025-01-16 20:00:52 --> Output Class Initialized
INFO - 2025-01-16 20:00:52 --> Security Class Initialized
DEBUG - 2025-01-16 20:00:52 --> Global POST, GET and COOKIE data sanitized
INFO - 2025-01-16 20:00:52 --> Input Class Initialized
INFO - 2025-01-16 20:00:52 --> Language Class Initialized
INFO - 2025-01-16 20:00:52 --> Loader Class Initialized
INFO - 2025-01-16 20:00:52 --> Helper loaded: url_helper
INFO - 2025-01-16 20:00:52 --> Database Driver Class Initialized
INFO - 2025-01-16 20:00:52 --> Controller Class Initialized
INFO - 2025-01-16 20:00:52 --> Model "Mconfigkey" initialized
INFO - 2025-01-16 20:00:52 --> Final output sent to browser
DEBUG - 2025-01-16 20:00:52 --> Total execution time: 0.0197
INFO - 2025-01-16 20:01:03 --> Config Class Initialized
INFO - 2025-01-16 20:01:03 --> Hooks Class Initialized
DEBUG - 2025-01-16 20:01:03 --> UTF-8 Support Enabled
INFO - 2025-01-16 20:01:03 --> Utf8 Class Initialized
INFO - 2025-01-16 20:01:03 --> URI Class Initialized
INFO - 2025-01-16 20:01:03 --> Router Class Initialized
INFO - 2025-01-16 20:01:03 --> Output Class Initialized
INFO - 2025-01-16 20:01:03 --> Security Class Initialized
DEBUG - 2025-01-16 20:01:03 --> Global POST, GET and COOKIE data sanitized
INFO - 2025-01-16 20:01:03 --> Input Class Initialized
INFO - 2025-01-16 20:01:03 --> Language Class Initialized
INFO - 2025-01-16 20:01:03 --> Loader Class Initialized
INFO - 2025-01-16 20:01:03 --> Helper loaded: url_helper
INFO - 2025-01-16 20:01:03 --> Database Driver Class Initialized
INFO - 2025-01-16 20:01:03 --> Controller Class Initialized
INFO - 2025-01-16 20:01:03 --> Model "Mconfigkey" initialized
INFO - 2025-01-16 20:01:03 --> Final output sent to browser
DEBUG - 2025-01-16 20:01:03 --> Total execution time: 0.0194
INFO - 2025-01-16 20:01:15 --> Config Class Initialized
INFO - 2025-01-16 20:01:15 --> Hooks Class Initialized
DEBUG - 2025-01-16 20:01:15 --> UTF-8 Support Enabled
INFO - 2025-01-16 20:01:15 --> Utf8 Class Initialized
INFO - 2025-01-16 20:01:15 --> URI Class Initialized
INFO - 2025-01-16 20:01:15 --> Router Class Initialized
INFO - 2025-01-16 20:01:15 --> Output Class Initialized
INFO - 2025-01-16 20:01:15 --> Security Class Initialized
DEBUG - 2025-01-16 20:01:15 --> Global POST, GET and COOKIE data sanitized
INFO - 2025-01-16 20:01:15 --> Input Class Initialized
INFO - 2025-01-16 20:01:15 --> Language Class Initialized
INFO - 2025-01-16 20:01:15 --> Loader Class Initialized
INFO - 2025-01-16 20:01:15 --> Helper loaded: url_helper
INFO - 2025-01-16 20:01:15 --> Database Driver Class Initialized
INFO - 2025-01-16 20:01:15 --> Controller Class Initialized
INFO - 2025-01-16 20:01:15 --> Model "Mconfigkey" initialized
INFO - 2025-01-16 20:01:15 --> Final output sent to browser
DEBUG - 2025-01-16 20:01:15 --> Total execution time: 0.0192
INFO - 2025-01-16 20:01:25 --> Config Class Initialized
INFO - 2025-01-16 20:01:25 --> Hooks Class Initialized
DEBUG - 2025-01-16 20:01:25 --> UTF-8 Support Enabled
INFO - 2025-01-16 20:01:25 --> Utf8 Class Initialized
INFO - 2025-01-16 20:01:25 --> URI Class Initialized
INFO - 2025-01-16 20:01:25 --> Router Class Initialized
INFO - 2025-01-16 20:01:25 --> Output Class Initialized
INFO - 2025-01-16 20:01:25 --> Security Class Initialized
DEBUG - 2025-01-16 20:01:25 --> Global POST, GET and COOKIE data sanitized
INFO - 2025-01-16 20:01:25 --> Input Class Initialized
INFO - 2025-01-16 20:01:25 --> Language Class Initialized
INFO - 2025-01-16 20:01:25 --> Loader Class Initialized
INFO - 2025-01-16 20:01:25 --> Helper loaded: url_helper
INFO - 2025-01-16 20:01:25 --> Database Driver Class Initialized
INFO - 2025-01-16 20:01:25 --> Controller Class Initialized
INFO - 2025-01-16 20:01:25 --> Model "Mconfigkey" initialized
INFO - 2025-01-16 20:01:25 --> Final output sent to browser
DEBUG - 2025-01-16 20:01:25 --> Total execution time: 0.0184
INFO - 2025-01-16 20:01:46 --> Config Class Initialized
INFO - 2025-01-16 20:01:46 --> Hooks Class Initialized
DEBUG - 2025-01-16 20:01:46 --> UTF-8 Support Enabled
INFO - 2025-01-16 20:01:46 --> Utf8 Class Initialized
INFO - 2025-01-16 20:01:46 --> URI Class Initialized
INFO - 2025-01-16 20:01:46 --> Router Class Initialized
INFO - 2025-01-16 20:01:46 --> Output Class Initialized
INFO - 2025-01-16 20:01:46 --> Security Class Initialized
DEBUG - 2025-01-16 20:01:46 --> Global POST, GET and COOKIE data sanitized
INFO - 2025-01-16 20:01:46 --> Input Class Initialized
INFO - 2025-01-16 20:01:46 --> Language Class Initialized
INFO - 2025-01-16 20:01:46 --> Loader Class Initialized
INFO - 2025-01-16 20:01:46 --> Helper loaded: url_helper
INFO - 2025-01-16 20:01:46 --> Database Driver Class Initialized
INFO - 2025-01-16 20:01:46 --> Controller Class Initialized
INFO - 2025-01-16 20:01:46 --> Model "Mconfigkey" initialized
INFO - 2025-01-16 20:01:46 --> Final output sent to browser
DEBUG - 2025-01-16 20:01:46 --> Total execution time: 0.0351
INFO - 2025-01-16 20:01:52 --> Config Class Initialized
INFO - 2025-01-16 20:01:52 --> Hooks Class Initialized
DEBUG - 2025-01-16 20:01:52 --> UTF-8 Support Enabled
INFO - 2025-01-16 20:01:52 --> Utf8 Class Initialized
INFO - 2025-01-16 20:01:52 --> URI Class Initialized
INFO - 2025-01-16 20:01:52 --> Router Class Initialized
INFO - 2025-01-16 20:01:52 --> Output Class Initialized
INFO - 2025-01-16 20:01:52 --> Security Class Initialized
DEBUG - 2025-01-16 20:01:52 --> Global POST, GET and COOKIE data sanitized
INFO - 2025-01-16 20:01:52 --> Input Class Initialized
INFO - 2025-01-16 20:01:52 --> Language Class Initialized
INFO - 2025-01-16 20:01:52 --> Loader Class Initialized
INFO - 2025-01-16 20:01:52 --> Helper loaded: url_helper
INFO - 2025-01-16 20:01:52 --> Database Driver Class Initialized
INFO - 2025-01-16 20:01:52 --> Controller Class Initialized
INFO - 2025-01-16 20:01:52 --> Model "Mconfigkey" initialized
INFO - 2025-01-16 20:01:52 --> Final output sent to browser
DEBUG - 2025-01-16 20:01:52 --> Total execution time: 0.0196
INFO - 2025-01-16 20:02:35 --> Config Class Initialized
INFO - 2025-01-16 20:02:35 --> Hooks Class Initialized
DEBUG - 2025-01-16 20:02:35 --> UTF-8 Support Enabled
INFO - 2025-01-16 20:02:35 --> Utf8 Class Initialized
INFO - 2025-01-16 20:02:35 --> URI Class Initialized
INFO - 2025-01-16 20:02:35 --> Router Class Initialized
INFO - 2025-01-16 20:02:35 --> Output Class Initialized
INFO - 2025-01-16 20:02:35 --> Security Class Initialized
DEBUG - 2025-01-16 20:02:35 --> Global POST, GET and COOKIE data sanitized
INFO - 2025-01-16 20:02:35 --> Input Class Initialized
INFO - 2025-01-16 20:02:35 --> Language Class Initialized
INFO - 2025-01-16 20:02:35 --> Loader Class Initialized
INFO - 2025-01-16 20:02:35 --> Helper loaded: url_helper
INFO - 2025-01-16 20:02:35 --> Database Driver Class Initialized
INFO - 2025-01-16 20:02:35 --> Controller Class Initialized
INFO - 2025-01-16 20:02:35 --> Model "Mconfigkey" initialized
INFO - 2025-01-16 20:02:35 --> Final output sent to browser
DEBUG - 2025-01-16 20:02:35 --> Total execution time: 0.0193
INFO - 2025-01-16 20:03:08 --> Config Class Initialized
INFO - 2025-01-16 20:03:08 --> Hooks Class Initialized
DEBUG - 2025-01-16 20:03:08 --> UTF-8 Support Enabled
INFO - 2025-01-16 20:03:08 --> Utf8 Class Initialized
INFO - 2025-01-16 20:03:08 --> URI Class Initialized
INFO - 2025-01-16 20:03:08 --> Router Class Initialized
INFO - 2025-01-16 20:03:08 --> Output Class Initialized
INFO - 2025-01-16 20:03:08 --> Security Class Initialized
DEBUG - 2025-01-16 20:03:08 --> Global POST, GET and COOKIE data sanitized
INFO - 2025-01-16 20:03:08 --> Input Class Initialized
INFO - 2025-01-16 20:03:08 --> Language Class Initialized
INFO - 2025-01-16 20:03:08 --> Loader Class Initialized
INFO - 2025-01-16 20:03:08 --> Helper loaded: url_helper
INFO - 2025-01-16 20:03:08 --> Database Driver Class Initialized
INFO - 2025-01-16 20:03:08 --> Controller Class Initialized
INFO - 2025-01-16 20:03:08 --> Model "Mconfigkey" initialized
INFO - 2025-01-16 20:03:08 --> Final output sent to browser
DEBUG - 2025-01-16 20:03:08 --> Total execution time: 0.0190
INFO - 2025-01-16 20:03:26 --> Config Class Initialized
INFO - 2025-01-16 20:03:26 --> Hooks Class Initialized
DEBUG - 2025-01-16 20:03:26 --> UTF-8 Support Enabled
INFO - 2025-01-16 20:03:26 --> Utf8 Class Initialized
INFO - 2025-01-16 20:03:26 --> URI Class Initialized
INFO - 2025-01-16 20:03:26 --> Router Class Initialized
INFO - 2025-01-16 20:03:26 --> Output Class Initialized
INFO - 2025-01-16 20:03:26 --> Security Class Initialized
DEBUG - 2025-01-16 20:03:26 --> Global POST, GET and COOKIE data sanitized
INFO - 2025-01-16 20:03:26 --> Input Class Initialized
INFO - 2025-01-16 20:03:26 --> Language Class Initialized
INFO - 2025-01-16 20:03:26 --> Loader Class Initialized
INFO - 2025-01-16 20:03:26 --> Helper loaded: url_helper
INFO - 2025-01-16 20:03:26 --> Database Driver Class Initialized
INFO - 2025-01-16 20:03:26 --> Controller Class Initialized
INFO - 2025-01-16 20:03:26 --> Model "Mconfigkey" initialized
INFO - 2025-01-16 20:03:26 --> Final output sent to browser
DEBUG - 2025-01-16 20:03:26 --> Total execution time: 0.0280
INFO - 2025-01-16 20:03:53 --> Config Class Initialized
INFO - 2025-01-16 20:03:53 --> Hooks Class Initialized
DEBUG - 2025-01-16 20:03:53 --> UTF-8 Support Enabled
INFO - 2025-01-16 20:03:53 --> Utf8 Class Initialized
INFO - 2025-01-16 20:03:53 --> URI Class Initialized
INFO - 2025-01-16 20:03:53 --> Router Class Initialized
INFO - 2025-01-16 20:03:53 --> Output Class Initialized
INFO - 2025-01-16 20:03:53 --> Security Class Initialized
DEBUG - 2025-01-16 20:03:53 --> Global POST, GET and COOKIE data sanitized
INFO - 2025-01-16 20:03:53 --> Input Class Initialized
INFO - 2025-01-16 20:03:53 --> Language Class Initialized
INFO - 2025-01-16 20:03:53 --> Loader Class Initialized
INFO - 2025-01-16 20:03:53 --> Helper loaded: url_helper
INFO - 2025-01-16 20:03:53 --> Database Driver Class Initialized
INFO - 2025-01-16 20:03:53 --> Controller Class Initialized
INFO - 2025-01-16 20:03:53 --> Model "Mconfigkey" initialized
INFO - 2025-01-16 20:03:53 --> Final output sent to browser
DEBUG - 2025-01-16 20:03:53 --> Total execution time: 0.0193
INFO - 2025-01-16 20:04:20 --> Config Class Initialized
INFO - 2025-01-16 20:04:20 --> Hooks Class Initialized
DEBUG - 2025-01-16 20:04:20 --> UTF-8 Support Enabled
INFO - 2025-01-16 20:04:20 --> Utf8 Class Initialized
INFO - 2025-01-16 20:04:20 --> URI Class Initialized
INFO - 2025-01-16 20:04:20 --> Router Class Initialized
INFO - 2025-01-16 20:04:20 --> Output Class Initialized
INFO - 2025-01-16 20:04:20 --> Security Class Initialized
DEBUG - 2025-01-16 20:04:20 --> Global POST, GET and COOKIE data sanitized
INFO - 2025-01-16 20:04:20 --> Input Class Initialized
INFO - 2025-01-16 20:04:20 --> Language Class Initialized
INFO - 2025-01-16 20:04:20 --> Loader Class Initialized
INFO - 2025-01-16 20:04:20 --> Helper loaded: url_helper
INFO - 2025-01-16 20:04:20 --> Database Driver Class Initialized
INFO - 2025-01-16 20:04:20 --> Controller Class Initialized
INFO - 2025-01-16 20:04:20 --> Model "Mconfigkey" initialized
INFO - 2025-01-16 20:04:20 --> Final output sent to browser
DEBUG - 2025-01-16 20:04:20 --> Total execution time: 0.0186
INFO - 2025-01-16 20:04:38 --> Config Class Initialized
INFO - 2025-01-16 20:04:38 --> Hooks Class Initialized
DEBUG - 2025-01-16 20:04:38 --> UTF-8 Support Enabled
INFO - 2025-01-16 20:04:38 --> Utf8 Class Initialized
INFO - 2025-01-16 20:04:38 --> URI Class Initialized
INFO - 2025-01-16 20:04:38 --> Router Class Initialized
INFO - 2025-01-16 20:04:38 --> Output Class Initialized
INFO - 2025-01-16 20:04:38 --> Security Class Initialized
DEBUG - 2025-01-16 20:04:38 --> Global POST, GET and COOKIE data sanitized
INFO - 2025-01-16 20:04:38 --> Input Class Initialized
INFO - 2025-01-16 20:04:38 --> Language Class Initialized
INFO - 2025-01-16 20:04:38 --> Loader Class Initialized
INFO - 2025-01-16 20:04:38 --> Helper loaded: url_helper
INFO - 2025-01-16 20:04:38 --> Database Driver Class Initialized
INFO - 2025-01-16 20:04:38 --> Controller Class Initialized
INFO - 2025-01-16 20:04:38 --> Model "Mconfigkey" initialized
INFO - 2025-01-16 20:04:38 --> Final output sent to browser
DEBUG - 2025-01-16 20:04:38 --> Total execution time: 0.0223
INFO - 2025-01-16 20:04:40 --> Config Class Initialized
INFO - 2025-01-16 20:04:40 --> Hooks Class Initialized
DEBUG - 2025-01-16 20:04:40 --> UTF-8 Support Enabled
INFO - 2025-01-16 20:04:40 --> Utf8 Class Initialized
INFO - 2025-01-16 20:04:40 --> URI Class Initialized
INFO - 2025-01-16 20:04:40 --> Router Class Initialized
INFO - 2025-01-16 20:04:40 --> Output Class Initialized
INFO - 2025-01-16 20:04:40 --> Security Class Initialized
DEBUG - 2025-01-16 20:04:40 --> Global POST, GET and COOKIE data sanitized
INFO - 2025-01-16 20:04:40 --> Input Class Initialized
INFO - 2025-01-16 20:04:40 --> Language Class Initialized
INFO - 2025-01-16 20:04:40 --> Loader Class Initialized
INFO - 2025-01-16 20:04:40 --> Helper loaded: url_helper
INFO - 2025-01-16 20:04:40 --> Database Driver Class Initialized
INFO - 2025-01-16 20:04:40 --> Controller Class Initialized
INFO - 2025-01-16 20:04:40 --> Model "Mconfigkey" initialized
INFO - 2025-01-16 20:04:40 --> Model "Mportal_data" initialized
INFO - 2025-01-16 20:04:40 --> Final output sent to browser
DEBUG - 2025-01-16 20:04:40 --> Total execution time: 0.0299
INFO - 2025-01-16 20:06:24 --> Config Class Initialized
INFO - 2025-01-16 20:06:24 --> Hooks Class Initialized
DEBUG - 2025-01-16 20:06:24 --> UTF-8 Support Enabled
INFO - 2025-01-16 20:06:24 --> Utf8 Class Initialized
INFO - 2025-01-16 20:06:24 --> URI Class Initialized
INFO - 2025-01-16 20:06:24 --> Router Class Initialized
INFO - 2025-01-16 20:06:24 --> Output Class Initialized
INFO - 2025-01-16 20:06:24 --> Security Class Initialized
DEBUG - 2025-01-16 20:06:24 --> Global POST, GET and COOKIE data sanitized
INFO - 2025-01-16 20:06:24 --> Input Class Initialized
INFO - 2025-01-16 20:06:24 --> Language Class Initialized
INFO - 2025-01-16 20:06:24 --> Loader Class Initialized
INFO - 2025-01-16 20:06:24 --> Helper loaded: url_helper
INFO - 2025-01-16 20:06:24 --> Database Driver Class Initialized
INFO - 2025-01-16 20:06:24 --> Controller Class Initialized
INFO - 2025-01-16 20:06:24 --> Model "Mconfigkey" initialized
INFO - 2025-01-16 20:06:24 --> Final output sent to browser
DEBUG - 2025-01-16 20:06:24 --> Total execution time: 0.0232
INFO - 2025-01-16 20:06:26 --> Config Class Initialized
INFO - 2025-01-16 20:06:26 --> Hooks Class Initialized
DEBUG - 2025-01-16 20:06:26 --> UTF-8 Support Enabled
INFO - 2025-01-16 20:06:26 --> Utf8 Class Initialized
INFO - 2025-01-16 20:06:26 --> URI Class Initialized
INFO - 2025-01-16 20:06:26 --> Router Class Initialized
INFO - 2025-01-16 20:06:26 --> Output Class Initialized
INFO - 2025-01-16 20:06:26 --> Security Class Initialized
DEBUG - 2025-01-16 20:06:26 --> Global POST, GET and COOKIE data sanitized
INFO - 2025-01-16 20:06:26 --> Input Class Initialized
INFO - 2025-01-16 20:06:26 --> Language Class Initialized
INFO - 2025-01-16 20:06:26 --> Loader Class Initialized
INFO - 2025-01-16 20:06:26 --> Helper loaded: url_helper
INFO - 2025-01-16 20:06:26 --> Database Driver Class Initialized
INFO - 2025-01-16 20:06:26 --> Controller Class Initialized
INFO - 2025-01-16 20:06:26 --> Model "Mconfigkey" initialized
INFO - 2025-01-16 20:06:26 --> Model "Mportal_data" initialized
INFO - 2025-01-16 20:06:26 --> Final output sent to browser
DEBUG - 2025-01-16 20:06:26 --> Total execution time: 0.0257
INFO - 2025-01-16 20:06:38 --> Config Class Initialized
INFO - 2025-01-16 20:06:38 --> Hooks Class Initialized
DEBUG - 2025-01-16 20:06:38 --> UTF-8 Support Enabled
INFO - 2025-01-16 20:06:38 --> Utf8 Class Initialized
INFO - 2025-01-16 20:06:38 --> URI Class Initialized
INFO - 2025-01-16 20:06:38 --> Router Class Initialized
INFO - 2025-01-16 20:06:38 --> Output Class Initialized
INFO - 2025-01-16 20:06:38 --> Security Class Initialized
DEBUG - 2025-01-16 20:06:38 --> Global POST, GET and COOKIE data sanitized
INFO - 2025-01-16 20:06:38 --> Input Class Initialized
INFO - 2025-01-16 20:06:38 --> Language Class Initialized
INFO - 2025-01-16 20:06:38 --> Loader Class Initialized
INFO - 2025-01-16 20:06:38 --> Helper loaded: url_helper
INFO - 2025-01-16 20:06:38 --> Database Driver Class Initialized
INFO - 2025-01-16 20:06:38 --> Controller Class Initialized
INFO - 2025-01-16 20:06:38 --> Model "Mconfigkey" initialized
INFO - 2025-01-16 20:06:38 --> Final output sent to browser
DEBUG - 2025-01-16 20:06:38 --> Total execution time: 0.0422
INFO - 2025-01-16 20:06:40 --> Config Class Initialized
INFO - 2025-01-16 20:06:40 --> Hooks Class Initialized
DEBUG - 2025-01-16 20:06:40 --> UTF-8 Support Enabled
INFO - 2025-01-16 20:06:40 --> Utf8 Class Initialized
INFO - 2025-01-16 20:06:40 --> URI Class Initialized
INFO - 2025-01-16 20:06:40 --> Router Class Initialized
INFO - 2025-01-16 20:06:40 --> Output Class Initialized
INFO - 2025-01-16 20:06:40 --> Security Class Initialized
DEBUG - 2025-01-16 20:06:40 --> Global POST, GET and COOKIE data sanitized
INFO - 2025-01-16 20:06:40 --> Input Class Initialized
INFO - 2025-01-16 20:06:40 --> Language Class Initialized
INFO - 2025-01-16 20:06:40 --> Loader Class Initialized
INFO - 2025-01-16 20:06:40 --> Helper loaded: url_helper
INFO - 2025-01-16 20:06:40 --> Database Driver Class Initialized
INFO - 2025-01-16 20:06:40 --> Controller Class Initialized
INFO - 2025-01-16 20:06:40 --> Model "Mconfigkey" initialized
INFO - 2025-01-16 20:06:40 --> Model "Mportal_data" initialized
INFO - 2025-01-16 20:06:40 --> Final output sent to browser
DEBUG - 2025-01-16 20:06:40 --> Total execution time: 0.0257
INFO - 2025-01-16 20:10:18 --> Config Class Initialized
INFO - 2025-01-16 20:10:18 --> Hooks Class Initialized
DEBUG - 2025-01-16 20:10:18 --> UTF-8 Support Enabled
INFO - 2025-01-16 20:10:18 --> Utf8 Class Initialized
INFO - 2025-01-16 20:10:18 --> URI Class Initialized
INFO - 2025-01-16 20:10:18 --> Router Class Initialized
INFO - 2025-01-16 20:10:18 --> Output Class Initialized
INFO - 2025-01-16 20:10:18 --> Security Class Initialized
DEBUG - 2025-01-16 20:10:18 --> Global POST, GET and COOKIE data sanitized
INFO - 2025-01-16 20:10:18 --> Input Class Initialized
INFO - 2025-01-16 20:10:18 --> Language Class Initialized
INFO - 2025-01-16 20:10:18 --> Loader Class Initialized
INFO - 2025-01-16 20:10:18 --> Helper loaded: url_helper
INFO - 2025-01-16 20:10:18 --> Database Driver Class Initialized
INFO - 2025-01-16 20:10:18 --> Controller Class Initialized
INFO - 2025-01-16 20:10:18 --> Model "Mconfigkey" initialized
INFO - 2025-01-16 20:10:18 --> Final output sent to browser
DEBUG - 2025-01-16 20:10:18 --> Total execution time: 0.1137
INFO - 2025-01-16 20:10:24 --> Config Class Initialized
INFO - 2025-01-16 20:10:24 --> Hooks Class Initialized
DEBUG - 2025-01-16 20:10:24 --> UTF-8 Support Enabled
INFO - 2025-01-16 20:10:24 --> Utf8 Class Initialized
INFO - 2025-01-16 20:10:24 --> URI Class Initialized
INFO - 2025-01-16 20:10:24 --> Router Class Initialized
INFO - 2025-01-16 20:10:24 --> Output Class Initialized
INFO - 2025-01-16 20:10:24 --> Security Class Initialized
DEBUG - 2025-01-16 20:10:24 --> Global POST, GET and COOKIE data sanitized
INFO - 2025-01-16 20:10:24 --> Input Class Initialized
INFO - 2025-01-16 20:10:24 --> Language Class Initialized
INFO - 2025-01-16 20:10:24 --> Loader Class Initialized
INFO - 2025-01-16 20:10:24 --> Helper loaded: url_helper
INFO - 2025-01-16 20:10:24 --> Database Driver Class Initialized
INFO - 2025-01-16 20:10:24 --> Controller Class Initialized
INFO - 2025-01-16 20:10:24 --> Model "Mauth" initialized
INFO - 2025-01-16 20:10:24 --> Model "Mconfigkey" initialized
INFO - 2025-01-16 20:10:24 --> Final output sent to browser
DEBUG - 2025-01-16 20:10:24 --> Total execution time: 0.0248
INFO - 2025-01-16 20:11:26 --> Config Class Initialized
INFO - 2025-01-16 20:11:26 --> Hooks Class Initialized
DEBUG - 2025-01-16 20:11:26 --> UTF-8 Support Enabled
INFO - 2025-01-16 20:11:26 --> Utf8 Class Initialized
INFO - 2025-01-16 20:11:26 --> URI Class Initialized
INFO - 2025-01-16 20:11:26 --> Router Class Initialized
INFO - 2025-01-16 20:11:26 --> Output Class Initialized
INFO - 2025-01-16 20:11:26 --> Security Class Initialized
DEBUG - 2025-01-16 20:11:26 --> Global POST, GET and COOKIE data sanitized
INFO - 2025-01-16 20:11:26 --> Input Class Initialized
INFO - 2025-01-16 20:11:26 --> Language Class Initialized
INFO - 2025-01-16 20:11:26 --> Loader Class Initialized
INFO - 2025-01-16 20:11:26 --> Helper loaded: url_helper
INFO - 2025-01-16 20:11:26 --> Database Driver Class Initialized
INFO - 2025-01-16 20:11:26 --> Controller Class Initialized
INFO - 2025-01-16 20:11:26 --> Model "Mconfigkey" initialized
INFO - 2025-01-16 20:11:26 --> Final output sent to browser
DEBUG - 2025-01-16 20:11:26 --> Total execution time: 0.0188
INFO - 2025-01-16 20:11:28 --> Config Class Initialized
INFO - 2025-01-16 20:11:28 --> Hooks Class Initialized
DEBUG - 2025-01-16 20:11:28 --> UTF-8 Support Enabled
INFO - 2025-01-16 20:11:28 --> Utf8 Class Initialized
INFO - 2025-01-16 20:11:28 --> URI Class Initialized
INFO - 2025-01-16 20:11:28 --> Router Class Initialized
INFO - 2025-01-16 20:11:28 --> Output Class Initialized
INFO - 2025-01-16 20:11:28 --> Security Class Initialized
DEBUG - 2025-01-16 20:11:28 --> Global POST, GET and COOKIE data sanitized
INFO - 2025-01-16 20:11:28 --> Input Class Initialized
INFO - 2025-01-16 20:11:28 --> Language Class Initialized
INFO - 2025-01-16 20:11:28 --> Loader Class Initialized
INFO - 2025-01-16 20:11:28 --> Helper loaded: url_helper
INFO - 2025-01-16 20:11:28 --> Database Driver Class Initialized
INFO - 2025-01-16 20:11:28 --> Controller Class Initialized
INFO - 2025-01-16 20:11:28 --> Model "Mconfigkey" initialized
INFO - 2025-01-16 20:11:28 --> Model "Mportal_data" initialized
INFO - 2025-01-16 20:11:28 --> Final output sent to browser
DEBUG - 2025-01-16 20:11:28 --> Total execution time: 0.0268
INFO - 2025-01-16 20:11:45 --> Config Class Initialized
INFO - 2025-01-16 20:11:45 --> Hooks Class Initialized
DEBUG - 2025-01-16 20:11:45 --> UTF-8 Support Enabled
INFO - 2025-01-16 20:11:45 --> Utf8 Class Initialized
INFO - 2025-01-16 20:11:45 --> URI Class Initialized
INFO - 2025-01-16 20:11:45 --> Router Class Initialized
INFO - 2025-01-16 20:11:45 --> Output Class Initialized
INFO - 2025-01-16 20:11:45 --> Security Class Initialized
DEBUG - 2025-01-16 20:11:45 --> Global POST, GET and COOKIE data sanitized
INFO - 2025-01-16 20:11:45 --> Input Class Initialized
INFO - 2025-01-16 20:11:45 --> Language Class Initialized
INFO - 2025-01-16 20:11:45 --> Loader Class Initialized
INFO - 2025-01-16 20:11:45 --> Helper loaded: url_helper
INFO - 2025-01-16 20:11:45 --> Database Driver Class Initialized
INFO - 2025-01-16 20:11:45 --> Controller Class Initialized
INFO - 2025-01-16 20:11:45 --> Model "Mconfigkey" initialized
INFO - 2025-01-16 20:11:45 --> Final output sent to browser
DEBUG - 2025-01-16 20:11:45 --> Total execution time: 0.0187
INFO - 2025-01-16 20:11:47 --> Config Class Initialized
INFO - 2025-01-16 20:11:47 --> Hooks Class Initialized
DEBUG - 2025-01-16 20:11:47 --> UTF-8 Support Enabled
INFO - 2025-01-16 20:11:47 --> Utf8 Class Initialized
INFO - 2025-01-16 20:11:47 --> URI Class Initialized
INFO - 2025-01-16 20:11:47 --> Router Class Initialized
INFO - 2025-01-16 20:11:47 --> Output Class Initialized
INFO - 2025-01-16 20:11:47 --> Security Class Initialized
DEBUG - 2025-01-16 20:11:47 --> Global POST, GET and COOKIE data sanitized
INFO - 2025-01-16 20:11:47 --> Input Class Initialized
INFO - 2025-01-16 20:11:47 --> Language Class Initialized
INFO - 2025-01-16 20:11:47 --> Loader Class Initialized
INFO - 2025-01-16 20:11:47 --> Helper loaded: url_helper
INFO - 2025-01-16 20:11:47 --> Database Driver Class Initialized
INFO - 2025-01-16 20:11:47 --> Controller Class Initialized
INFO - 2025-01-16 20:11:47 --> Model "Mconfigkey" initialized
INFO - 2025-01-16 20:11:47 --> Model "Mportal_data" initialized
INFO - 2025-01-16 20:11:47 --> Final output sent to browser
DEBUG - 2025-01-16 20:11:47 --> Total execution time: 0.0270
