INFO - 2024-02-06 18:46:18 --> Config Class Initialized
INFO - 2024-02-06 18:46:18 --> Hooks Class Initialized
DEBUG - 2024-02-06 18:46:18 --> UTF-8 Support Enabled
INFO - 2024-02-06 18:46:18 --> Utf8 Class Initialized
INFO - 2024-02-06 18:46:18 --> URI Class Initialized
INFO - 2024-02-06 18:46:18 --> Router Class Initialized
INFO - 2024-02-06 18:46:18 --> Output Class Initialized
INFO - 2024-02-06 18:46:18 --> Security Class Initialized
DEBUG - 2024-02-06 18:46:18 --> Global POST, GET and COOKIE data sanitized
INFO - 2024-02-06 18:46:18 --> Input Class Initialized
INFO - 2024-02-06 18:46:18 --> Language Class Initialized
INFO - 2024-02-06 18:46:18 --> Loader Class Initialized
INFO - 2024-02-06 18:46:18 --> Helper loaded: url_helper
INFO - 2024-02-06 18:46:18 --> Database Driver Class Initialized
INFO - 2024-02-06 18:46:19 --> Controller Class Initialized
INFO - 2024-02-06 18:46:19 --> Model "Mconfigkey" initialized
INFO - 2024-02-06 18:46:19 --> Final output sent to browser
DEBUG - 2024-02-06 18:46:19 --> Total execution time: 0.1410
INFO - 2024-02-06 18:46:21 --> Config Class Initialized
INFO - 2024-02-06 18:46:21 --> Hooks Class Initialized
DEBUG - 2024-02-06 18:46:21 --> UTF-8 Support Enabled
INFO - 2024-02-06 18:46:21 --> Utf8 Class Initialized
INFO - 2024-02-06 18:46:21 --> URI Class Initialized
INFO - 2024-02-06 18:46:21 --> Router Class Initialized
INFO - 2024-02-06 18:46:21 --> Output Class Initialized
INFO - 2024-02-06 18:46:21 --> Security Class Initialized
DEBUG - 2024-02-06 18:46:21 --> Global POST, GET and COOKIE data sanitized
INFO - 2024-02-06 18:46:21 --> Input Class Initialized
INFO - 2024-02-06 18:46:21 --> Language Class Initialized
INFO - 2024-02-06 18:46:21 --> Loader Class Initialized
INFO - 2024-02-06 18:46:21 --> Helper loaded: url_helper
INFO - 2024-02-06 18:46:21 --> Database Driver Class Initialized
INFO - 2024-02-06 18:46:22 --> Controller Class Initialized
INFO - 2024-02-06 18:46:22 --> Model "Mconfigkey" initialized
INFO - 2024-02-06 18:46:22 --> Final output sent to browser
DEBUG - 2024-02-06 18:46:22 --> Total execution time: 0.1399
INFO - 2024-02-06 18:46:26 --> Config Class Initialized
INFO - 2024-02-06 18:46:26 --> Hooks Class Initialized
DEBUG - 2024-02-06 18:46:26 --> UTF-8 Support Enabled
INFO - 2024-02-06 18:46:26 --> Utf8 Class Initialized
INFO - 2024-02-06 18:46:26 --> URI Class Initialized
INFO - 2024-02-06 18:46:26 --> Router Class Initialized
INFO - 2024-02-06 18:46:26 --> Output Class Initialized
INFO - 2024-02-06 18:46:26 --> Security Class Initialized
DEBUG - 2024-02-06 18:46:26 --> Global POST, GET and COOKIE data sanitized
INFO - 2024-02-06 18:46:26 --> Input Class Initialized
INFO - 2024-02-06 18:46:26 --> Language Class Initialized
INFO - 2024-02-06 18:46:26 --> Loader Class Initialized
INFO - 2024-02-06 18:46:26 --> Helper loaded: url_helper
INFO - 2024-02-06 18:46:26 --> Database Driver Class Initialized
INFO - 2024-02-06 18:46:27 --> Controller Class Initialized
INFO - 2024-02-06 18:46:27 --> Model "Mauth" initialized
INFO - 2024-02-06 18:46:27 --> Model "Mconfigkey" initialized
INFO - 2024-02-06 18:46:27 --> Final output sent to browser
DEBUG - 2024-02-06 18:46:27 --> Total execution time: 0.2015
INFO - 2024-02-06 18:46:29 --> Config Class Initialized
INFO - 2024-02-06 18:46:29 --> Hooks Class Initialized
DEBUG - 2024-02-06 18:46:29 --> UTF-8 Support Enabled
INFO - 2024-02-06 18:46:29 --> Utf8 Class Initialized
INFO - 2024-02-06 18:46:29 --> URI Class Initialized
INFO - 2024-02-06 18:46:29 --> Router Class Initialized
INFO - 2024-02-06 18:46:29 --> Output Class Initialized
INFO - 2024-02-06 18:46:29 --> Security Class Initialized
DEBUG - 2024-02-06 18:46:29 --> Global POST, GET and COOKIE data sanitized
INFO - 2024-02-06 18:46:29 --> Input Class Initialized
INFO - 2024-02-06 18:46:29 --> Language Class Initialized
INFO - 2024-02-06 18:46:29 --> Loader Class Initialized
INFO - 2024-02-06 18:46:29 --> Helper loaded: url_helper
INFO - 2024-02-06 18:46:29 --> Database Driver Class Initialized
INFO - 2024-02-06 18:46:29 --> Controller Class Initialized
INFO - 2024-02-06 18:46:29 --> Model "Mconfigkey" initialized
ERROR - 2024-02-06 18:46:29 --> Severity: error --> Exception: Unable to locate the model you have specified: Mgoods_in C:\xampp\htdocs\plb\dummyservice\system\core\Loader.php 348
INFO - 2024-02-06 18:46:33 --> Config Class Initialized
INFO - 2024-02-06 18:46:33 --> Hooks Class Initialized
DEBUG - 2024-02-06 18:46:33 --> UTF-8 Support Enabled
INFO - 2024-02-06 18:46:33 --> Utf8 Class Initialized
INFO - 2024-02-06 18:46:33 --> URI Class Initialized
INFO - 2024-02-06 18:46:33 --> Router Class Initialized
INFO - 2024-02-06 18:46:33 --> Output Class Initialized
INFO - 2024-02-06 18:46:33 --> Security Class Initialized
DEBUG - 2024-02-06 18:46:33 --> Global POST, GET and COOKIE data sanitized
INFO - 2024-02-06 18:46:33 --> Input Class Initialized
INFO - 2024-02-06 18:46:33 --> Language Class Initialized
INFO - 2024-02-06 18:46:33 --> Loader Class Initialized
INFO - 2024-02-06 18:46:33 --> Helper loaded: url_helper
INFO - 2024-02-06 18:46:33 --> Database Driver Class Initialized
INFO - 2024-02-06 18:46:33 --> Controller Class Initialized
INFO - 2024-02-06 18:46:33 --> Model "Mconfigkey" initialized
INFO - 2024-02-06 18:46:33 --> Model "Mportal_data" initialized
INFO - 2024-02-06 18:46:33 --> Final output sent to browser
DEBUG - 2024-02-06 18:46:33 --> Total execution time: 0.2983
INFO - 2024-02-06 18:46:34 --> Config Class Initialized
INFO - 2024-02-06 18:46:34 --> Hooks Class Initialized
DEBUG - 2024-02-06 18:46:34 --> UTF-8 Support Enabled
INFO - 2024-02-06 18:46:34 --> Utf8 Class Initialized
INFO - 2024-02-06 18:46:34 --> URI Class Initialized
INFO - 2024-02-06 18:46:34 --> Router Class Initialized
INFO - 2024-02-06 18:46:34 --> Output Class Initialized
INFO - 2024-02-06 18:46:34 --> Security Class Initialized
DEBUG - 2024-02-06 18:46:34 --> Global POST, GET and COOKIE data sanitized
INFO - 2024-02-06 18:46:34 --> Input Class Initialized
INFO - 2024-02-06 18:46:34 --> Language Class Initialized
INFO - 2024-02-06 18:46:34 --> Loader Class Initialized
INFO - 2024-02-06 18:46:34 --> Helper loaded: url_helper
INFO - 2024-02-06 18:46:34 --> Database Driver Class Initialized
INFO - 2024-02-06 18:46:34 --> Controller Class Initialized
INFO - 2024-02-06 18:46:34 --> Model "Mconfigkey" initialized
INFO - 2024-02-06 18:46:34 --> Model "Mportal_data" initialized
INFO - 2024-02-06 18:46:34 --> Final output sent to browser
DEBUG - 2024-02-06 18:46:34 --> Total execution time: 0.1351
INFO - 2024-02-06 20:38:55 --> Config Class Initialized
INFO - 2024-02-06 20:38:55 --> Hooks Class Initialized
DEBUG - 2024-02-06 20:38:55 --> UTF-8 Support Enabled
INFO - 2024-02-06 20:38:55 --> Utf8 Class Initialized
INFO - 2024-02-06 20:38:55 --> URI Class Initialized
INFO - 2024-02-06 20:38:55 --> Router Class Initialized
INFO - 2024-02-06 20:38:55 --> Output Class Initialized
INFO - 2024-02-06 20:38:55 --> Security Class Initialized
DEBUG - 2024-02-06 20:38:55 --> Global POST, GET and COOKIE data sanitized
INFO - 2024-02-06 20:38:55 --> Input Class Initialized
INFO - 2024-02-06 20:38:55 --> Language Class Initialized
INFO - 2024-02-06 20:38:55 --> Loader Class Initialized
INFO - 2024-02-06 20:38:55 --> Helper loaded: url_helper
INFO - 2024-02-06 20:38:55 --> Database Driver Class Initialized
INFO - 2024-02-06 20:38:55 --> Controller Class Initialized
INFO - 2024-02-06 20:38:55 --> Model "Mauth" initialized
INFO - 2024-02-06 20:38:55 --> Final output sent to browser
DEBUG - 2024-02-06 20:38:55 --> Total execution time: 0.2147
INFO - 2024-02-06 20:38:58 --> Config Class Initialized
INFO - 2024-02-06 20:38:58 --> Hooks Class Initialized
DEBUG - 2024-02-06 20:38:58 --> UTF-8 Support Enabled
INFO - 2024-02-06 20:38:58 --> Utf8 Class Initialized
INFO - 2024-02-06 20:38:58 --> URI Class Initialized
INFO - 2024-02-06 20:38:58 --> Router Class Initialized
INFO - 2024-02-06 20:38:58 --> Output Class Initialized
INFO - 2024-02-06 20:38:58 --> Security Class Initialized
DEBUG - 2024-02-06 20:38:58 --> Global POST, GET and COOKIE data sanitized
INFO - 2024-02-06 20:38:58 --> Input Class Initialized
INFO - 2024-02-06 20:38:58 --> Language Class Initialized
INFO - 2024-02-06 20:38:58 --> Loader Class Initialized
INFO - 2024-02-06 20:38:58 --> Helper loaded: url_helper
INFO - 2024-02-06 20:38:58 --> Database Driver Class Initialized
INFO - 2024-02-06 20:38:58 --> Controller Class Initialized
INFO - 2024-02-06 20:38:58 --> Model "Mauth" initialized
INFO - 2024-02-06 20:38:58 --> Final output sent to browser
DEBUG - 2024-02-06 20:38:58 --> Total execution time: 0.1572
INFO - 2024-02-06 20:39:04 --> Config Class Initialized
INFO - 2024-02-06 20:39:04 --> Hooks Class Initialized
DEBUG - 2024-02-06 20:39:04 --> UTF-8 Support Enabled
INFO - 2024-02-06 20:39:04 --> Utf8 Class Initialized
INFO - 2024-02-06 20:39:04 --> URI Class Initialized
INFO - 2024-02-06 20:39:04 --> Router Class Initialized
INFO - 2024-02-06 20:39:04 --> Output Class Initialized
INFO - 2024-02-06 20:39:04 --> Security Class Initialized
DEBUG - 2024-02-06 20:39:04 --> Global POST, GET and COOKIE data sanitized
INFO - 2024-02-06 20:39:04 --> Input Class Initialized
INFO - 2024-02-06 20:39:04 --> Language Class Initialized
INFO - 2024-02-06 20:39:04 --> Loader Class Initialized
INFO - 2024-02-06 20:39:04 --> Helper loaded: url_helper
INFO - 2024-02-06 20:39:04 --> Database Driver Class Initialized
INFO - 2024-02-06 20:39:04 --> Controller Class Initialized
INFO - 2024-02-06 20:39:04 --> Model "Mauth" initialized
INFO - 2024-02-06 20:39:04 --> Final output sent to browser
DEBUG - 2024-02-06 20:39:04 --> Total execution time: 0.1604
INFO - 2024-02-06 20:39:10 --> Config Class Initialized
INFO - 2024-02-06 20:39:10 --> Hooks Class Initialized
DEBUG - 2024-02-06 20:39:10 --> UTF-8 Support Enabled
INFO - 2024-02-06 20:39:10 --> Utf8 Class Initialized
INFO - 2024-02-06 20:39:10 --> URI Class Initialized
INFO - 2024-02-06 20:39:10 --> Router Class Initialized
INFO - 2024-02-06 20:39:10 --> Output Class Initialized
INFO - 2024-02-06 20:39:10 --> Security Class Initialized
DEBUG - 2024-02-06 20:39:10 --> Global POST, GET and COOKIE data sanitized
INFO - 2024-02-06 20:39:10 --> Input Class Initialized
INFO - 2024-02-06 20:39:10 --> Language Class Initialized
INFO - 2024-02-06 20:39:10 --> Loader Class Initialized
INFO - 2024-02-06 20:39:10 --> Helper loaded: url_helper
INFO - 2024-02-06 20:39:10 --> Database Driver Class Initialized
INFO - 2024-02-06 20:39:11 --> Controller Class Initialized
INFO - 2024-02-06 20:39:11 --> Model "Mauth" initialized
INFO - 2024-02-06 20:39:11 --> Final output sent to browser
DEBUG - 2024-02-06 20:39:11 --> Total execution time: 0.1625
INFO - 2024-02-06 20:39:31 --> Config Class Initialized
INFO - 2024-02-06 20:39:31 --> Hooks Class Initialized
DEBUG - 2024-02-06 20:39:31 --> UTF-8 Support Enabled
INFO - 2024-02-06 20:39:31 --> Utf8 Class Initialized
INFO - 2024-02-06 20:39:31 --> URI Class Initialized
INFO - 2024-02-06 20:39:31 --> Router Class Initialized
INFO - 2024-02-06 20:39:31 --> Output Class Initialized
INFO - 2024-02-06 20:39:31 --> Security Class Initialized
DEBUG - 2024-02-06 20:39:31 --> Global POST, GET and COOKIE data sanitized
INFO - 2024-02-06 20:39:31 --> Input Class Initialized
INFO - 2024-02-06 20:39:31 --> Language Class Initialized
INFO - 2024-02-06 20:39:31 --> Loader Class Initialized
INFO - 2024-02-06 20:39:31 --> Helper loaded: url_helper
INFO - 2024-02-06 20:39:31 --> Database Driver Class Initialized
INFO - 2024-02-06 20:39:31 --> Controller Class Initialized
INFO - 2024-02-06 20:39:31 --> Model "Mauth" initialized
INFO - 2024-02-06 20:39:31 --> Model "Mconfigkey" initialized
INFO - 2024-02-06 20:39:31 --> Final output sent to browser
DEBUG - 2024-02-06 20:39:31 --> Total execution time: 0.2154
INFO - 2024-02-06 20:39:36 --> Config Class Initialized
INFO - 2024-02-06 20:39:36 --> Hooks Class Initialized
DEBUG - 2024-02-06 20:39:36 --> UTF-8 Support Enabled
INFO - 2024-02-06 20:39:36 --> Utf8 Class Initialized
INFO - 2024-02-06 20:39:36 --> URI Class Initialized
INFO - 2024-02-06 20:39:36 --> Router Class Initialized
INFO - 2024-02-06 20:39:36 --> Output Class Initialized
INFO - 2024-02-06 20:39:36 --> Security Class Initialized
DEBUG - 2024-02-06 20:39:36 --> Global POST, GET and COOKIE data sanitized
INFO - 2024-02-06 20:39:36 --> Input Class Initialized
INFO - 2024-02-06 20:39:36 --> Language Class Initialized
INFO - 2024-02-06 20:39:36 --> Loader Class Initialized
INFO - 2024-02-06 20:39:36 --> Helper loaded: url_helper
INFO - 2024-02-06 20:39:36 --> Database Driver Class Initialized
INFO - 2024-02-06 20:39:36 --> Controller Class Initialized
INFO - 2024-02-06 20:39:36 --> Model "Mconfigkey" initialized
INFO - 2024-02-06 20:39:36 --> Model "Mportal_data" initialized
INFO - 2024-02-06 20:39:36 --> Final output sent to browser
DEBUG - 2024-02-06 20:39:36 --> Total execution time: 0.2872
INFO - 2024-02-06 20:39:38 --> Config Class Initialized
INFO - 2024-02-06 20:39:38 --> Hooks Class Initialized
DEBUG - 2024-02-06 20:39:38 --> UTF-8 Support Enabled
INFO - 2024-02-06 20:39:38 --> Utf8 Class Initialized
INFO - 2024-02-06 20:39:38 --> URI Class Initialized
INFO - 2024-02-06 20:39:38 --> Router Class Initialized
INFO - 2024-02-06 20:39:38 --> Output Class Initialized
INFO - 2024-02-06 20:39:38 --> Security Class Initialized
DEBUG - 2024-02-06 20:39:38 --> Global POST, GET and COOKIE data sanitized
INFO - 2024-02-06 20:39:38 --> Input Class Initialized
INFO - 2024-02-06 20:39:38 --> Language Class Initialized
INFO - 2024-02-06 20:39:38 --> Loader Class Initialized
INFO - 2024-02-06 20:39:38 --> Helper loaded: url_helper
INFO - 2024-02-06 20:39:38 --> Database Driver Class Initialized
INFO - 2024-02-06 20:39:38 --> Controller Class Initialized
INFO - 2024-02-06 20:39:38 --> Model "Mconfigkey" initialized
INFO - 2024-02-06 20:39:38 --> Model "Mportal_data" initialized
INFO - 2024-02-06 20:39:38 --> Final output sent to browser
DEBUG - 2024-02-06 20:39:38 --> Total execution time: 0.1441
INFO - 2024-02-06 20:39:54 --> Config Class Initialized
INFO - 2024-02-06 20:39:54 --> Hooks Class Initialized
DEBUG - 2024-02-06 20:39:54 --> UTF-8 Support Enabled
INFO - 2024-02-06 20:39:54 --> Utf8 Class Initialized
INFO - 2024-02-06 20:39:54 --> URI Class Initialized
INFO - 2024-02-06 20:39:54 --> Router Class Initialized
INFO - 2024-02-06 20:39:54 --> Output Class Initialized
INFO - 2024-02-06 20:39:54 --> Security Class Initialized
DEBUG - 2024-02-06 20:39:54 --> Global POST, GET and COOKIE data sanitized
INFO - 2024-02-06 20:39:54 --> Input Class Initialized
INFO - 2024-02-06 20:39:54 --> Language Class Initialized
INFO - 2024-02-06 20:39:54 --> Loader Class Initialized
INFO - 2024-02-06 20:39:54 --> Helper loaded: url_helper
INFO - 2024-02-06 20:39:54 --> Database Driver Class Initialized
INFO - 2024-02-06 20:39:54 --> Controller Class Initialized
INFO - 2024-02-06 20:39:54 --> Model "Mconfigkey" initialized
INFO - 2024-02-06 20:39:54 --> Final output sent to browser
DEBUG - 2024-02-06 20:39:54 --> Total execution time: 0.1411
INFO - 2024-02-06 20:39:56 --> Config Class Initialized
INFO - 2024-02-06 20:39:56 --> Hooks Class Initialized
DEBUG - 2024-02-06 20:39:56 --> UTF-8 Support Enabled
INFO - 2024-02-06 20:39:56 --> Utf8 Class Initialized
INFO - 2024-02-06 20:39:56 --> URI Class Initialized
INFO - 2024-02-06 20:39:56 --> Router Class Initialized
INFO - 2024-02-06 20:39:56 --> Output Class Initialized
INFO - 2024-02-06 20:39:56 --> Security Class Initialized
DEBUG - 2024-02-06 20:39:56 --> Global POST, GET and COOKIE data sanitized
INFO - 2024-02-06 20:39:56 --> Input Class Initialized
INFO - 2024-02-06 20:39:56 --> Language Class Initialized
INFO - 2024-02-06 20:39:56 --> Loader Class Initialized
INFO - 2024-02-06 20:39:56 --> Helper loaded: url_helper
INFO - 2024-02-06 20:39:56 --> Database Driver Class Initialized
INFO - 2024-02-06 20:39:57 --> Controller Class Initialized
INFO - 2024-02-06 20:39:57 --> Model "Mconfigkey" initialized
INFO - 2024-02-06 20:39:57 --> Model "Mportal_data" initialized
INFO - 2024-02-06 20:39:57 --> Final output sent to browser
DEBUG - 2024-02-06 20:39:57 --> Total execution time: 0.1436
INFO - 2024-02-06 20:41:21 --> Config Class Initialized
INFO - 2024-02-06 20:41:21 --> Hooks Class Initialized
DEBUG - 2024-02-06 20:41:21 --> UTF-8 Support Enabled
INFO - 2024-02-06 20:41:21 --> Utf8 Class Initialized
INFO - 2024-02-06 20:41:21 --> URI Class Initialized
INFO - 2024-02-06 20:41:21 --> Router Class Initialized
INFO - 2024-02-06 20:41:21 --> Output Class Initialized
INFO - 2024-02-06 20:41:21 --> Security Class Initialized
DEBUG - 2024-02-06 20:41:21 --> Global POST, GET and COOKIE data sanitized
INFO - 2024-02-06 20:41:21 --> Input Class Initialized
INFO - 2024-02-06 20:41:21 --> Language Class Initialized
INFO - 2024-02-06 20:41:21 --> Loader Class Initialized
INFO - 2024-02-06 20:41:21 --> Helper loaded: url_helper
INFO - 2024-02-06 20:41:21 --> Database Driver Class Initialized
INFO - 2024-02-06 20:41:21 --> Controller Class Initialized
INFO - 2024-02-06 20:41:21 --> Model "Mconfigkey" initialized
INFO - 2024-02-06 20:41:21 --> Model "Mportal_data" initialized
INFO - 2024-02-06 20:41:21 --> Final output sent to browser
DEBUG - 2024-02-06 20:41:21 --> Total execution time: 0.1424
INFO - 2024-02-06 20:42:48 --> Config Class Initialized
INFO - 2024-02-06 20:42:48 --> Hooks Class Initialized
DEBUG - 2024-02-06 20:42:48 --> UTF-8 Support Enabled
INFO - 2024-02-06 20:42:48 --> Utf8 Class Initialized
INFO - 2024-02-06 20:42:48 --> URI Class Initialized
INFO - 2024-02-06 20:42:48 --> Router Class Initialized
INFO - 2024-02-06 20:42:48 --> Output Class Initialized
INFO - 2024-02-06 20:42:48 --> Security Class Initialized
DEBUG - 2024-02-06 20:42:48 --> Global POST, GET and COOKIE data sanitized
INFO - 2024-02-06 20:42:48 --> Input Class Initialized
INFO - 2024-02-06 20:42:48 --> Language Class Initialized
INFO - 2024-02-06 20:42:48 --> Loader Class Initialized
INFO - 2024-02-06 20:42:48 --> Helper loaded: url_helper
INFO - 2024-02-06 20:42:48 --> Database Driver Class Initialized
INFO - 2024-02-06 20:42:48 --> Controller Class Initialized
INFO - 2024-02-06 20:42:48 --> Model "Mconfigkey" initialized
INFO - 2024-02-06 20:42:48 --> Final output sent to browser
DEBUG - 2024-02-06 20:42:48 --> Total execution time: 0.1426
INFO - 2024-02-06 20:42:50 --> Config Class Initialized
INFO - 2024-02-06 20:42:50 --> Hooks Class Initialized
DEBUG - 2024-02-06 20:42:50 --> UTF-8 Support Enabled
INFO - 2024-02-06 20:42:50 --> Utf8 Class Initialized
INFO - 2024-02-06 20:42:50 --> URI Class Initialized
INFO - 2024-02-06 20:42:50 --> Router Class Initialized
INFO - 2024-02-06 20:42:50 --> Output Class Initialized
INFO - 2024-02-06 20:42:50 --> Security Class Initialized
DEBUG - 2024-02-06 20:42:50 --> Global POST, GET and COOKIE data sanitized
INFO - 2024-02-06 20:42:50 --> Input Class Initialized
INFO - 2024-02-06 20:42:50 --> Language Class Initialized
INFO - 2024-02-06 20:42:50 --> Loader Class Initialized
INFO - 2024-02-06 20:42:50 --> Helper loaded: url_helper
INFO - 2024-02-06 20:42:50 --> Database Driver Class Initialized
INFO - 2024-02-06 20:42:50 --> Controller Class Initialized
INFO - 2024-02-06 20:42:50 --> Model "Mconfigkey" initialized
INFO - 2024-02-06 20:42:50 --> Model "Mportal_data" initialized
INFO - 2024-02-06 20:42:50 --> Final output sent to browser
DEBUG - 2024-02-06 20:42:50 --> Total execution time: 0.2823
INFO - 2024-02-06 20:42:51 --> Config Class Initialized
INFO - 2024-02-06 20:42:51 --> Hooks Class Initialized
DEBUG - 2024-02-06 20:42:51 --> UTF-8 Support Enabled
INFO - 2024-02-06 20:42:51 --> Utf8 Class Initialized
INFO - 2024-02-06 20:42:51 --> URI Class Initialized
INFO - 2024-02-06 20:42:51 --> Router Class Initialized
INFO - 2024-02-06 20:42:51 --> Output Class Initialized
INFO - 2024-02-06 20:42:51 --> Security Class Initialized
DEBUG - 2024-02-06 20:42:51 --> Global POST, GET and COOKIE data sanitized
INFO - 2024-02-06 20:42:51 --> Input Class Initialized
INFO - 2024-02-06 20:42:51 --> Language Class Initialized
INFO - 2024-02-06 20:42:51 --> Loader Class Initialized
INFO - 2024-02-06 20:42:51 --> Helper loaded: url_helper
INFO - 2024-02-06 20:42:51 --> Database Driver Class Initialized
INFO - 2024-02-06 20:42:51 --> Controller Class Initialized
INFO - 2024-02-06 20:42:51 --> Model "Mconfigkey" initialized
INFO - 2024-02-06 20:42:51 --> Model "Mportal_data" initialized
INFO - 2024-02-06 20:42:51 --> Final output sent to browser
DEBUG - 2024-02-06 20:42:51 --> Total execution time: 0.1423
INFO - 2024-02-06 20:46:06 --> Config Class Initialized
INFO - 2024-02-06 20:46:06 --> Hooks Class Initialized
DEBUG - 2024-02-06 20:46:06 --> UTF-8 Support Enabled
INFO - 2024-02-06 20:46:06 --> Utf8 Class Initialized
INFO - 2024-02-06 20:46:06 --> URI Class Initialized
INFO - 2024-02-06 20:46:06 --> Router Class Initialized
INFO - 2024-02-06 20:46:06 --> Output Class Initialized
INFO - 2024-02-06 20:46:06 --> Security Class Initialized
DEBUG - 2024-02-06 20:46:06 --> Global POST, GET and COOKIE data sanitized
INFO - 2024-02-06 20:46:06 --> Input Class Initialized
INFO - 2024-02-06 20:46:06 --> Language Class Initialized
INFO - 2024-02-06 20:46:06 --> Loader Class Initialized
INFO - 2024-02-06 20:46:06 --> Helper loaded: url_helper
INFO - 2024-02-06 20:46:06 --> Database Driver Class Initialized
INFO - 2024-02-06 20:46:06 --> Controller Class Initialized
INFO - 2024-02-06 20:46:06 --> Model "Mconfigkey" initialized
INFO - 2024-02-06 20:46:06 --> Model "Mportal_data" initialized
ERROR - 2024-02-06 20:46:06 --> Query error: [Microsoft][ODBC Driver 17 for SQL Server][SQL Server]An expression of non-boolean type specified in a context where a condition is expected, near 'AJU'. - Invalid query: SELECT *
FROM "_FROM_PORTAL40_HEADER"
WHERE NOMOR AJU '00003000943920240113900064'
INFO - 2024-02-06 20:46:06 --> Language file loaded: language/english/db_lang.php
INFO - 2024-02-06 20:46:10 --> Config Class Initialized
INFO - 2024-02-06 20:46:10 --> Hooks Class Initialized
DEBUG - 2024-02-06 20:46:10 --> UTF-8 Support Enabled
INFO - 2024-02-06 20:46:10 --> Utf8 Class Initialized
INFO - 2024-02-06 20:46:10 --> URI Class Initialized
INFO - 2024-02-06 20:46:10 --> Router Class Initialized
INFO - 2024-02-06 20:46:10 --> Output Class Initialized
INFO - 2024-02-06 20:46:10 --> Security Class Initialized
DEBUG - 2024-02-06 20:46:10 --> Global POST, GET and COOKIE data sanitized
INFO - 2024-02-06 20:46:10 --> Input Class Initialized
INFO - 2024-02-06 20:46:10 --> Language Class Initialized
INFO - 2024-02-06 20:46:10 --> Loader Class Initialized
INFO - 2024-02-06 20:46:10 --> Helper loaded: url_helper
INFO - 2024-02-06 20:46:10 --> Database Driver Class Initialized
INFO - 2024-02-06 20:46:10 --> Controller Class Initialized
INFO - 2024-02-06 20:46:10 --> Model "Mconfigkey" initialized
INFO - 2024-02-06 20:46:10 --> Model "Mportal_data" initialized
ERROR - 2024-02-06 20:46:10 --> Query error: [Microsoft][ODBC Driver 17 for SQL Server][SQL Server]Invalid object name 'tr_bc_dokumen'. - Invalid query: SELECT "A".*, "B"."URAIAN_DOKUMEN"
FROM "tr_bc_dokumen" "A"
LEFT JOIN "referensi_dokumen" "B" ON "A"."TIPE_DOKUMEN"="B"."TIPE_DOKUMEN" and "A"."KODE_JENIS_DOKUMEN"="B"."KODE_DOKUMEN"
WHERE 
        A.ID_HEADER = (
            Select TOP 1 ID_HEADER_ORI from tr_bc_header 
            where 
            NOMOR_AJU IN (
                select A.NOMOR_AJU from upload_coo_detail A where A.INVOICE_NO='PEWY40008A' group by A.NOMOR_AJU 
            )
            group by 
            ID_HEADER_ORI

        )
        
INFO - 2024-02-06 20:46:10 --> Language file loaded: language/english/db_lang.php
INFO - 2024-02-06 20:46:12 --> Config Class Initialized
INFO - 2024-02-06 20:46:12 --> Hooks Class Initialized
DEBUG - 2024-02-06 20:46:12 --> UTF-8 Support Enabled
INFO - 2024-02-06 20:46:12 --> Utf8 Class Initialized
INFO - 2024-02-06 20:46:12 --> URI Class Initialized
INFO - 2024-02-06 20:46:12 --> Router Class Initialized
INFO - 2024-02-06 20:46:12 --> Output Class Initialized
INFO - 2024-02-06 20:46:12 --> Security Class Initialized
DEBUG - 2024-02-06 20:46:12 --> Global POST, GET and COOKIE data sanitized
INFO - 2024-02-06 20:46:12 --> Input Class Initialized
INFO - 2024-02-06 20:46:12 --> Language Class Initialized
INFO - 2024-02-06 20:46:12 --> Loader Class Initialized
INFO - 2024-02-06 20:46:12 --> Helper loaded: url_helper
INFO - 2024-02-06 20:46:12 --> Database Driver Class Initialized
INFO - 2024-02-06 20:46:12 --> Controller Class Initialized
INFO - 2024-02-06 20:46:12 --> Model "Mconfigkey" initialized
INFO - 2024-02-06 20:46:12 --> Model "Mportal_data" initialized
INFO - 2024-02-06 20:46:12 --> Final output sent to browser
DEBUG - 2024-02-06 20:46:12 --> Total execution time: 0.1653
INFO - 2024-02-06 20:46:21 --> Config Class Initialized
INFO - 2024-02-06 20:46:21 --> Hooks Class Initialized
DEBUG - 2024-02-06 20:46:21 --> UTF-8 Support Enabled
INFO - 2024-02-06 20:46:21 --> Utf8 Class Initialized
INFO - 2024-02-06 20:46:21 --> URI Class Initialized
INFO - 2024-02-06 20:46:21 --> Router Class Initialized
INFO - 2024-02-06 20:46:21 --> Output Class Initialized
INFO - 2024-02-06 20:46:21 --> Security Class Initialized
DEBUG - 2024-02-06 20:46:21 --> Global POST, GET and COOKIE data sanitized
INFO - 2024-02-06 20:46:21 --> Input Class Initialized
INFO - 2024-02-06 20:46:21 --> Language Class Initialized
INFO - 2024-02-06 20:46:21 --> Loader Class Initialized
INFO - 2024-02-06 20:46:21 --> Helper loaded: url_helper
INFO - 2024-02-06 20:46:21 --> Database Driver Class Initialized
INFO - 2024-02-06 20:46:21 --> Controller Class Initialized
INFO - 2024-02-06 20:46:21 --> Model "Mconfigkey" initialized
INFO - 2024-02-06 20:46:21 --> Model "Msync_doc" initialized
ERROR - 2024-02-06 20:46:21 --> Query error: [Microsoft][ODBC Driver 17 for SQL Server][SQL Server]Invalid object name 'upload_coo_detail'. - Invalid query: SELECT "A"."VENDOR", "A"."INVOICE_NO", "A"."INVOICE_DATE", "A"."CONTAINER_NO"
FROM "upload_coo_detail" "A"
WHERE 
        A.MAPP_SUPPLIER is NULL OR
        A.MAPP_SUPPLIER =''
        
GROUP BY "A"."VENDOR", "A"."INVOICE_NO", "A"."INVOICE_DATE", "A"."CONTAINER_NO"
INFO - 2024-02-06 20:46:21 --> Language file loaded: language/english/db_lang.php
INFO - 2024-02-06 20:46:24 --> Config Class Initialized
INFO - 2024-02-06 20:46:24 --> Hooks Class Initialized
DEBUG - 2024-02-06 20:46:24 --> UTF-8 Support Enabled
INFO - 2024-02-06 20:46:24 --> Utf8 Class Initialized
INFO - 2024-02-06 20:46:24 --> URI Class Initialized
INFO - 2024-02-06 20:46:24 --> Router Class Initialized
INFO - 2024-02-06 20:46:24 --> Output Class Initialized
INFO - 2024-02-06 20:46:24 --> Security Class Initialized
DEBUG - 2024-02-06 20:46:24 --> Global POST, GET and COOKIE data sanitized
INFO - 2024-02-06 20:46:24 --> Input Class Initialized
INFO - 2024-02-06 20:46:24 --> Language Class Initialized
INFO - 2024-02-06 20:46:24 --> Loader Class Initialized
INFO - 2024-02-06 20:46:24 --> Helper loaded: url_helper
INFO - 2024-02-06 20:46:24 --> Database Driver Class Initialized
INFO - 2024-02-06 20:46:24 --> Controller Class Initialized
INFO - 2024-02-06 20:46:24 --> Model "Mconfigkey" initialized
INFO - 2024-02-06 20:46:24 --> Model "Msync_doc" initialized
ERROR - 2024-02-06 20:46:24 --> Query error: [Microsoft][ODBC Driver 17 for SQL Server][SQL Server]Invalid object name 'upload_coo_detail'. - Invalid query: SELECT DISTINCT A.INVOICE_NO, A.VENDOR, A.ITEM_NUMBER, A.DESCRIPTION
FROM "upload_coo_detail" "A"
WHERE 
            A.MAPP_PARTNO is NULL OR
            len(A.MAPP_PARTNO)<1
        
 ORDER BY 1 OFFSET 0 ROWS FETCH NEXT 20 ROWS ONLY
INFO - 2024-02-06 20:46:24 --> Language file loaded: language/english/db_lang.php
INFO - 2024-02-06 20:46:30 --> Config Class Initialized
INFO - 2024-02-06 20:46:30 --> Hooks Class Initialized
DEBUG - 2024-02-06 20:46:30 --> UTF-8 Support Enabled
INFO - 2024-02-06 20:46:30 --> Utf8 Class Initialized
INFO - 2024-02-06 20:46:30 --> URI Class Initialized
INFO - 2024-02-06 20:46:30 --> Router Class Initialized
INFO - 2024-02-06 20:46:30 --> Output Class Initialized
INFO - 2024-02-06 20:46:30 --> Security Class Initialized
DEBUG - 2024-02-06 20:46:30 --> Global POST, GET and COOKIE data sanitized
INFO - 2024-02-06 20:46:30 --> Input Class Initialized
INFO - 2024-02-06 20:46:30 --> Language Class Initialized
INFO - 2024-02-06 20:46:30 --> Loader Class Initialized
INFO - 2024-02-06 20:46:30 --> Helper loaded: url_helper
INFO - 2024-02-06 20:46:30 --> Database Driver Class Initialized
INFO - 2024-02-06 20:46:30 --> Controller Class Initialized
INFO - 2024-02-06 20:46:30 --> Model "Mconfigkey" initialized
INFO - 2024-02-06 20:46:30 --> Model "Msync_doc" initialized
ERROR - 2024-02-06 20:46:30 --> Query error: [Microsoft][ODBC Driver 17 for SQL Server][SQL Server]Could not find stored procedure 'SP_UPLOAD_COO_AW'. - Invalid query: EXEC SP_UPLOAD_COO_AW
INFO - 2024-02-06 20:46:30 --> Language file loaded: language/english/db_lang.php
INFO - 2024-02-06 20:46:59 --> Config Class Initialized
INFO - 2024-02-06 20:46:59 --> Hooks Class Initialized
DEBUG - 2024-02-06 20:46:59 --> UTF-8 Support Enabled
INFO - 2024-02-06 20:46:59 --> Utf8 Class Initialized
INFO - 2024-02-06 20:46:59 --> URI Class Initialized
INFO - 2024-02-06 20:46:59 --> Router Class Initialized
INFO - 2024-02-06 20:46:59 --> Output Class Initialized
INFO - 2024-02-06 20:46:59 --> Security Class Initialized
DEBUG - 2024-02-06 20:46:59 --> Global POST, GET and COOKIE data sanitized
INFO - 2024-02-06 20:46:59 --> Input Class Initialized
INFO - 2024-02-06 20:46:59 --> Language Class Initialized
INFO - 2024-02-06 20:46:59 --> Loader Class Initialized
INFO - 2024-02-06 20:46:59 --> Helper loaded: url_helper
INFO - 2024-02-06 20:46:59 --> Database Driver Class Initialized
INFO - 2024-02-06 20:47:00 --> Controller Class Initialized
INFO - 2024-02-06 20:47:00 --> Model "Mconfigkey" initialized
INFO - 2024-02-06 20:47:00 --> Model "Mportal_data" initialized
INFO - 2024-02-06 20:47:00 --> Final output sent to browser
DEBUG - 2024-02-06 20:47:00 --> Total execution time: 0.1438
