INFO - 2025-04-16 11:06:34 --> Config Class Initialized
INFO - 2025-04-16 11:06:34 --> Hooks Class Initialized
DEBUG - 2025-04-16 11:06:34 --> UTF-8 Support Enabled
INFO - 2025-04-16 11:06:34 --> Utf8 Class Initialized
INFO - 2025-04-16 11:06:34 --> URI Class Initialized
INFO - 2025-04-16 11:06:35 --> Router Class Initialized
INFO - 2025-04-16 11:06:35 --> Output Class Initialized
INFO - 2025-04-16 11:06:35 --> Security Class Initialized
DEBUG - 2025-04-16 11:06:35 --> Global POST, GET and COOKIE data sanitized
INFO - 2025-04-16 11:06:35 --> Input Class Initialized
INFO - 2025-04-16 11:06:35 --> Language Class Initialized
INFO - 2025-04-16 11:06:35 --> Loader Class Initialized
INFO - 2025-04-16 11:06:35 --> Helper loaded: url_helper
INFO - 2025-04-16 11:06:35 --> Database Driver Class Initialized
INFO - 2025-04-16 11:06:35 --> Controller Class Initialized
INFO - 2025-04-16 11:06:35 --> Model "Mauth" initialized
INFO - 2025-04-16 11:06:35 --> Final output sent to browser
DEBUG - 2025-04-16 11:06:35 --> Total execution time: 0.6057
INFO - 2025-04-16 11:06:48 --> Config Class Initialized
INFO - 2025-04-16 11:06:48 --> Hooks Class Initialized
DEBUG - 2025-04-16 11:06:48 --> UTF-8 Support Enabled
INFO - 2025-04-16 11:06:48 --> Utf8 Class Initialized
INFO - 2025-04-16 11:06:48 --> URI Class Initialized
INFO - 2025-04-16 11:06:48 --> Router Class Initialized
INFO - 2025-04-16 11:06:48 --> Output Class Initialized
INFO - 2025-04-16 11:06:48 --> Security Class Initialized
DEBUG - 2025-04-16 11:06:48 --> Global POST, GET and COOKIE data sanitized
INFO - 2025-04-16 11:06:48 --> Input Class Initialized
INFO - 2025-04-16 11:06:48 --> Language Class Initialized
INFO - 2025-04-16 11:06:48 --> Loader Class Initialized
INFO - 2025-04-16 11:06:48 --> Helper loaded: url_helper
INFO - 2025-04-16 11:06:48 --> Database Driver Class Initialized
INFO - 2025-04-16 11:06:48 --> Controller Class Initialized
INFO - 2025-04-16 11:06:48 --> Model "Mauth" initialized
INFO - 2025-04-16 11:06:48 --> Final output sent to browser
DEBUG - 2025-04-16 11:06:48 --> Total execution time: 0.0208
INFO - 2025-04-16 11:07:05 --> Config Class Initialized
INFO - 2025-04-16 11:07:05 --> Hooks Class Initialized
DEBUG - 2025-04-16 11:07:05 --> UTF-8 Support Enabled
INFO - 2025-04-16 11:07:05 --> Utf8 Class Initialized
INFO - 2025-04-16 11:07:05 --> URI Class Initialized
INFO - 2025-04-16 11:07:05 --> Router Class Initialized
INFO - 2025-04-16 11:07:05 --> Output Class Initialized
INFO - 2025-04-16 11:07:05 --> Security Class Initialized
DEBUG - 2025-04-16 11:07:05 --> Global POST, GET and COOKIE data sanitized
INFO - 2025-04-16 11:07:05 --> Input Class Initialized
INFO - 2025-04-16 11:07:05 --> Language Class Initialized
INFO - 2025-04-16 11:07:05 --> Loader Class Initialized
INFO - 2025-04-16 11:07:05 --> Helper loaded: url_helper
INFO - 2025-04-16 11:07:05 --> Database Driver Class Initialized
INFO - 2025-04-16 11:07:05 --> Controller Class Initialized
INFO - 2025-04-16 11:07:05 --> Model "Mauth" initialized
INFO - 2025-04-16 11:07:05 --> Final output sent to browser
DEBUG - 2025-04-16 11:07:05 --> Total execution time: 0.0206
INFO - 2025-04-16 11:23:50 --> Config Class Initialized
INFO - 2025-04-16 11:23:50 --> Hooks Class Initialized
DEBUG - 2025-04-16 11:23:50 --> UTF-8 Support Enabled
INFO - 2025-04-16 11:23:50 --> Utf8 Class Initialized
INFO - 2025-04-16 11:23:50 --> URI Class Initialized
INFO - 2025-04-16 11:23:50 --> Router Class Initialized
INFO - 2025-04-16 11:23:50 --> Output Class Initialized
INFO - 2025-04-16 11:23:50 --> Security Class Initialized
DEBUG - 2025-04-16 11:23:50 --> Global POST, GET and COOKIE data sanitized
INFO - 2025-04-16 11:23:50 --> Input Class Initialized
INFO - 2025-04-16 11:23:50 --> Language Class Initialized
INFO - 2025-04-16 11:23:50 --> Loader Class Initialized
INFO - 2025-04-16 11:23:50 --> Helper loaded: url_helper
INFO - 2025-04-16 11:23:50 --> Database Driver Class Initialized
INFO - 2025-04-16 11:23:50 --> Controller Class Initialized
INFO - 2025-04-16 11:23:50 --> Model "Mconfigkey" initialized
INFO - 2025-04-16 11:23:50 --> Final output sent to browser
DEBUG - 2025-04-16 11:23:50 --> Total execution time: 0.1157
INFO - 2025-04-16 13:17:58 --> Config Class Initialized
INFO - 2025-04-16 13:17:58 --> Hooks Class Initialized
DEBUG - 2025-04-16 13:17:58 --> UTF-8 Support Enabled
INFO - 2025-04-16 13:17:58 --> Utf8 Class Initialized
INFO - 2025-04-16 13:17:58 --> URI Class Initialized
INFO - 2025-04-16 13:17:58 --> Router Class Initialized
INFO - 2025-04-16 13:17:58 --> Output Class Initialized
INFO - 2025-04-16 13:17:58 --> Security Class Initialized
DEBUG - 2025-04-16 13:17:59 --> Global POST, GET and COOKIE data sanitized
INFO - 2025-04-16 13:17:59 --> Input Class Initialized
INFO - 2025-04-16 13:17:59 --> Language Class Initialized
INFO - 2025-04-16 13:17:59 --> Loader Class Initialized
INFO - 2025-04-16 13:17:59 --> Helper loaded: url_helper
INFO - 2025-04-16 13:17:59 --> Database Driver Class Initialized
INFO - 2025-04-16 13:17:59 --> Controller Class Initialized
INFO - 2025-04-16 13:17:59 --> Model "Mauth" initialized
INFO - 2025-04-16 13:17:59 --> Model "Mconfigkey" initialized
INFO - 2025-04-16 13:17:59 --> Final output sent to browser
DEBUG - 2025-04-16 13:17:59 --> Total execution time: 0.0358
INFO - 2025-04-16 15:10:21 --> Config Class Initialized
INFO - 2025-04-16 15:10:21 --> Hooks Class Initialized
DEBUG - 2025-04-16 15:10:21 --> UTF-8 Support Enabled
INFO - 2025-04-16 15:10:21 --> Utf8 Class Initialized
INFO - 2025-04-16 15:10:21 --> URI Class Initialized
INFO - 2025-04-16 15:10:21 --> Router Class Initialized
INFO - 2025-04-16 15:10:21 --> Output Class Initialized
INFO - 2025-04-16 15:10:21 --> Security Class Initialized
DEBUG - 2025-04-16 15:10:21 --> Global POST, GET and COOKIE data sanitized
INFO - 2025-04-16 15:10:21 --> Input Class Initialized
INFO - 2025-04-16 15:10:21 --> Language Class Initialized
INFO - 2025-04-16 15:10:21 --> Loader Class Initialized
INFO - 2025-04-16 15:10:21 --> Helper loaded: url_helper
INFO - 2025-04-16 15:10:21 --> Database Driver Class Initialized
INFO - 2025-04-16 15:10:21 --> Controller Class Initialized
INFO - 2025-04-16 15:10:21 --> Model "Mconfigkey" initialized
INFO - 2025-04-16 15:10:21 --> Final output sent to browser
DEBUG - 2025-04-16 15:10:21 --> Total execution time: 0.0232
INFO - 2025-04-16 15:10:26 --> Config Class Initialized
INFO - 2025-04-16 15:10:26 --> Hooks Class Initialized
DEBUG - 2025-04-16 15:10:26 --> UTF-8 Support Enabled
INFO - 2025-04-16 15:10:26 --> Utf8 Class Initialized
INFO - 2025-04-16 15:10:26 --> URI Class Initialized
INFO - 2025-04-16 15:10:26 --> Router Class Initialized
INFO - 2025-04-16 15:10:26 --> Output Class Initialized
INFO - 2025-04-16 15:10:26 --> Security Class Initialized
DEBUG - 2025-04-16 15:10:26 --> Global POST, GET and COOKIE data sanitized
INFO - 2025-04-16 15:10:26 --> Input Class Initialized
INFO - 2025-04-16 15:10:26 --> Language Class Initialized
INFO - 2025-04-16 15:10:26 --> Loader Class Initialized
INFO - 2025-04-16 15:10:26 --> Helper loaded: url_helper
INFO - 2025-04-16 15:10:26 --> Database Driver Class Initialized
INFO - 2025-04-16 15:10:26 --> Controller Class Initialized
INFO - 2025-04-16 15:10:26 --> Model "Mauth" initialized
INFO - 2025-04-16 15:10:26 --> Model "Mconfigkey" initialized
INFO - 2025-04-16 15:10:26 --> Final output sent to browser
DEBUG - 2025-04-16 15:10:26 --> Total execution time: 0.0347
INFO - 2025-04-16 15:10:41 --> Config Class Initialized
INFO - 2025-04-16 15:10:41 --> Hooks Class Initialized
DEBUG - 2025-04-16 15:10:41 --> UTF-8 Support Enabled
INFO - 2025-04-16 15:10:41 --> Utf8 Class Initialized
INFO - 2025-04-16 15:10:41 --> URI Class Initialized
INFO - 2025-04-16 15:10:41 --> Router Class Initialized
INFO - 2025-04-16 15:10:41 --> Output Class Initialized
INFO - 2025-04-16 15:10:41 --> Security Class Initialized
DEBUG - 2025-04-16 15:10:41 --> Global POST, GET and COOKIE data sanitized
INFO - 2025-04-16 15:10:41 --> Input Class Initialized
INFO - 2025-04-16 15:10:41 --> Language Class Initialized
INFO - 2025-04-16 15:10:41 --> Loader Class Initialized
INFO - 2025-04-16 15:10:41 --> Helper loaded: url_helper
INFO - 2025-04-16 15:10:41 --> Database Driver Class Initialized
INFO - 2025-04-16 15:10:41 --> Controller Class Initialized
INFO - 2025-04-16 15:10:41 --> Model "Mconfigkey" initialized
INFO - 2025-04-16 15:10:41 --> Model "Mportal_data" initialized
INFO - 2025-04-16 15:10:41 --> Final output sent to browser
DEBUG - 2025-04-16 15:10:41 --> Total execution time: 0.0605
INFO - 2025-04-16 15:10:42 --> Config Class Initialized
INFO - 2025-04-16 15:10:42 --> Hooks Class Initialized
DEBUG - 2025-04-16 15:10:42 --> UTF-8 Support Enabled
INFO - 2025-04-16 15:10:42 --> Utf8 Class Initialized
INFO - 2025-04-16 15:10:42 --> URI Class Initialized
INFO - 2025-04-16 15:10:42 --> Router Class Initialized
INFO - 2025-04-16 15:10:42 --> Output Class Initialized
INFO - 2025-04-16 15:10:42 --> Security Class Initialized
DEBUG - 2025-04-16 15:10:42 --> Global POST, GET and COOKIE data sanitized
INFO - 2025-04-16 15:10:42 --> Input Class Initialized
INFO - 2025-04-16 15:10:42 --> Language Class Initialized
INFO - 2025-04-16 15:10:42 --> Loader Class Initialized
INFO - 2025-04-16 15:10:42 --> Helper loaded: url_helper
INFO - 2025-04-16 15:10:42 --> Database Driver Class Initialized
INFO - 2025-04-16 15:10:42 --> Controller Class Initialized
INFO - 2025-04-16 15:10:42 --> Model "Mconfigkey" initialized
INFO - 2025-04-16 15:10:42 --> Model "Msync_delivery_instruction" initialized
INFO - 2025-04-16 15:10:43 --> Final output sent to browser
DEBUG - 2025-04-16 15:10:43 --> Total execution time: 0.0600
INFO - 2025-04-16 15:10:45 --> Config Class Initialized
INFO - 2025-04-16 15:10:45 --> Hooks Class Initialized
DEBUG - 2025-04-16 15:10:45 --> UTF-8 Support Enabled
INFO - 2025-04-16 15:10:45 --> Utf8 Class Initialized
INFO - 2025-04-16 15:10:45 --> URI Class Initialized
INFO - 2025-04-16 15:10:45 --> Router Class Initialized
INFO - 2025-04-16 15:10:45 --> Output Class Initialized
INFO - 2025-04-16 15:10:45 --> Security Class Initialized
DEBUG - 2025-04-16 15:10:45 --> Global POST, GET and COOKIE data sanitized
INFO - 2025-04-16 15:10:45 --> Input Class Initialized
INFO - 2025-04-16 15:10:45 --> Language Class Initialized
INFO - 2025-04-16 15:10:45 --> Loader Class Initialized
INFO - 2025-04-16 15:10:45 --> Helper loaded: url_helper
INFO - 2025-04-16 15:10:45 --> Database Driver Class Initialized
INFO - 2025-04-16 15:10:45 --> Controller Class Initialized
INFO - 2025-04-16 15:10:45 --> Model "Mconfigkey" initialized
INFO - 2025-04-16 15:10:45 --> Model "Msync_delivery_instruction" initialized
INFO - 2025-04-16 15:10:47 --> Final output sent to browser
DEBUG - 2025-04-16 15:10:47 --> Total execution time: 2.0076
INFO - 2025-04-16 15:11:01 --> Config Class Initialized
INFO - 2025-04-16 15:11:01 --> Hooks Class Initialized
DEBUG - 2025-04-16 15:11:01 --> UTF-8 Support Enabled
INFO - 2025-04-16 15:11:01 --> Utf8 Class Initialized
INFO - 2025-04-16 15:11:01 --> URI Class Initialized
INFO - 2025-04-16 15:11:01 --> Router Class Initialized
INFO - 2025-04-16 15:11:01 --> Output Class Initialized
INFO - 2025-04-16 15:11:01 --> Security Class Initialized
DEBUG - 2025-04-16 15:11:01 --> Global POST, GET and COOKIE data sanitized
INFO - 2025-04-16 15:11:01 --> Input Class Initialized
INFO - 2025-04-16 15:11:01 --> Language Class Initialized
INFO - 2025-04-16 15:11:01 --> Loader Class Initialized
INFO - 2025-04-16 15:11:01 --> Helper loaded: url_helper
INFO - 2025-04-16 15:11:01 --> Database Driver Class Initialized
INFO - 2025-04-16 15:11:01 --> Controller Class Initialized
INFO - 2025-04-16 15:11:01 --> Model "Mconfigkey" initialized
INFO - 2025-04-16 15:11:01 --> Model "Msync_doc_aw" initialized
INFO - 2025-04-16 15:11:01 --> Final output sent to browser
DEBUG - 2025-04-16 15:11:01 --> Total execution time: 0.2341
INFO - 2025-04-16 15:11:03 --> Config Class Initialized
INFO - 2025-04-16 15:11:03 --> Hooks Class Initialized
DEBUG - 2025-04-16 15:11:03 --> UTF-8 Support Enabled
INFO - 2025-04-16 15:11:03 --> Utf8 Class Initialized
INFO - 2025-04-16 15:11:03 --> URI Class Initialized
INFO - 2025-04-16 15:11:03 --> Router Class Initialized
INFO - 2025-04-16 15:11:03 --> Output Class Initialized
INFO - 2025-04-16 15:11:03 --> Security Class Initialized
DEBUG - 2025-04-16 15:11:03 --> Global POST, GET and COOKIE data sanitized
INFO - 2025-04-16 15:11:03 --> Input Class Initialized
INFO - 2025-04-16 15:11:03 --> Language Class Initialized
INFO - 2025-04-16 15:11:03 --> Loader Class Initialized
INFO - 2025-04-16 15:11:03 --> Helper loaded: url_helper
INFO - 2025-04-16 15:11:03 --> Database Driver Class Initialized
INFO - 2025-04-16 15:11:03 --> Controller Class Initialized
INFO - 2025-04-16 15:11:03 --> Model "Mconfigkey" initialized
INFO - 2025-04-16 15:11:03 --> Model "Msync_doc_aw" initialized
INFO - 2025-04-16 15:11:29 --> Final output sent to browser
DEBUG - 2025-04-16 15:11:29 --> Total execution time: 25.9653
INFO - 2025-04-16 15:11:29 --> Config Class Initialized
INFO - 2025-04-16 15:11:29 --> Hooks Class Initialized
DEBUG - 2025-04-16 15:11:29 --> UTF-8 Support Enabled
INFO - 2025-04-16 15:11:29 --> Utf8 Class Initialized
INFO - 2025-04-16 15:11:29 --> URI Class Initialized
INFO - 2025-04-16 15:11:29 --> Router Class Initialized
INFO - 2025-04-16 15:11:29 --> Output Class Initialized
INFO - 2025-04-16 15:11:29 --> Security Class Initialized
DEBUG - 2025-04-16 15:11:29 --> Global POST, GET and COOKIE data sanitized
INFO - 2025-04-16 15:11:29 --> Input Class Initialized
INFO - 2025-04-16 15:11:29 --> Language Class Initialized
INFO - 2025-04-16 15:11:29 --> Loader Class Initialized
INFO - 2025-04-16 15:11:29 --> Helper loaded: url_helper
INFO - 2025-04-16 15:11:29 --> Database Driver Class Initialized
INFO - 2025-04-16 15:11:29 --> Controller Class Initialized
INFO - 2025-04-16 15:11:29 --> Model "Mconfigkey" initialized
INFO - 2025-04-16 15:11:29 --> Model "Msync_doc_aw" initialized
INFO - 2025-04-16 15:11:29 --> Final output sent to browser
DEBUG - 2025-04-16 15:11:29 --> Total execution time: 0.2570
INFO - 2025-04-16 15:12:09 --> Config Class Initialized
INFO - 2025-04-16 15:12:09 --> Hooks Class Initialized
DEBUG - 2025-04-16 15:12:09 --> UTF-8 Support Enabled
INFO - 2025-04-16 15:12:09 --> Utf8 Class Initialized
INFO - 2025-04-16 15:12:09 --> URI Class Initialized
INFO - 2025-04-16 15:12:09 --> Router Class Initialized
INFO - 2025-04-16 15:12:09 --> Output Class Initialized
INFO - 2025-04-16 15:12:09 --> Security Class Initialized
DEBUG - 2025-04-16 15:12:09 --> Global POST, GET and COOKIE data sanitized
INFO - 2025-04-16 15:12:09 --> Input Class Initialized
INFO - 2025-04-16 15:12:09 --> Language Class Initialized
INFO - 2025-04-16 15:12:09 --> Loader Class Initialized
INFO - 2025-04-16 15:12:09 --> Helper loaded: url_helper
INFO - 2025-04-16 15:12:09 --> Database Driver Class Initialized
INFO - 2025-04-16 15:12:09 --> Controller Class Initialized
INFO - 2025-04-16 15:12:09 --> Model "Mconfigkey" initialized
INFO - 2025-04-16 15:12:09 --> Model "Msync_doc_aw" initialized
INFO - 2025-04-16 15:12:34 --> Final output sent to browser
DEBUG - 2025-04-16 15:12:34 --> Total execution time: 24.7449
INFO - 2025-04-16 15:12:34 --> Config Class Initialized
INFO - 2025-04-16 15:12:34 --> Hooks Class Initialized
DEBUG - 2025-04-16 15:12:34 --> UTF-8 Support Enabled
INFO - 2025-04-16 15:12:34 --> Utf8 Class Initialized
INFO - 2025-04-16 15:12:34 --> URI Class Initialized
INFO - 2025-04-16 15:12:34 --> Router Class Initialized
INFO - 2025-04-16 15:12:34 --> Output Class Initialized
INFO - 2025-04-16 15:12:34 --> Security Class Initialized
DEBUG - 2025-04-16 15:12:34 --> Global POST, GET and COOKIE data sanitized
INFO - 2025-04-16 15:12:34 --> Input Class Initialized
INFO - 2025-04-16 15:12:34 --> Language Class Initialized
INFO - 2025-04-16 15:12:34 --> Loader Class Initialized
INFO - 2025-04-16 15:12:34 --> Helper loaded: url_helper
INFO - 2025-04-16 15:12:34 --> Database Driver Class Initialized
INFO - 2025-04-16 15:12:34 --> Controller Class Initialized
INFO - 2025-04-16 15:12:34 --> Model "Mconfigkey" initialized
INFO - 2025-04-16 15:12:34 --> Model "Msync_doc_aw" initialized
INFO - 2025-04-16 15:12:34 --> Final output sent to browser
DEBUG - 2025-04-16 15:12:34 --> Total execution time: 0.3385
INFO - 2025-04-16 15:13:12 --> Config Class Initialized
INFO - 2025-04-16 15:13:12 --> Hooks Class Initialized
DEBUG - 2025-04-16 15:13:12 --> UTF-8 Support Enabled
INFO - 2025-04-16 15:13:12 --> Utf8 Class Initialized
INFO - 2025-04-16 15:13:12 --> URI Class Initialized
INFO - 2025-04-16 15:13:12 --> Router Class Initialized
INFO - 2025-04-16 15:13:12 --> Output Class Initialized
INFO - 2025-04-16 15:13:12 --> Security Class Initialized
DEBUG - 2025-04-16 15:13:12 --> Global POST, GET and COOKIE data sanitized
INFO - 2025-04-16 15:13:12 --> Input Class Initialized
INFO - 2025-04-16 15:13:12 --> Language Class Initialized
INFO - 2025-04-16 15:13:12 --> Loader Class Initialized
INFO - 2025-04-16 15:13:12 --> Helper loaded: url_helper
INFO - 2025-04-16 15:13:12 --> Database Driver Class Initialized
INFO - 2025-04-16 15:13:12 --> Controller Class Initialized
INFO - 2025-04-16 15:13:12 --> Model "Mconfigkey" initialized
INFO - 2025-04-16 15:13:12 --> Model "Msync_doc_aw" initialized
INFO - 2025-04-16 15:13:12 --> Final output sent to browser
DEBUG - 2025-04-16 15:13:12 --> Total execution time: 0.3165
INFO - 2025-04-16 15:13:32 --> Config Class Initialized
INFO - 2025-04-16 15:13:32 --> Hooks Class Initialized
DEBUG - 2025-04-16 15:13:32 --> UTF-8 Support Enabled
INFO - 2025-04-16 15:13:32 --> Utf8 Class Initialized
INFO - 2025-04-16 15:13:32 --> URI Class Initialized
INFO - 2025-04-16 15:13:32 --> Router Class Initialized
INFO - 2025-04-16 15:13:32 --> Output Class Initialized
INFO - 2025-04-16 15:13:32 --> Security Class Initialized
DEBUG - 2025-04-16 15:13:32 --> Global POST, GET and COOKIE data sanitized
INFO - 2025-04-16 15:13:32 --> Input Class Initialized
INFO - 2025-04-16 15:13:32 --> Language Class Initialized
INFO - 2025-04-16 15:13:32 --> Loader Class Initialized
INFO - 2025-04-16 15:13:32 --> Helper loaded: url_helper
INFO - 2025-04-16 15:13:32 --> Database Driver Class Initialized
INFO - 2025-04-16 15:13:32 --> Controller Class Initialized
INFO - 2025-04-16 15:13:32 --> Model "Mconfigkey" initialized
INFO - 2025-04-16 15:13:32 --> Model "Msync_doc_aw" initialized
INFO - 2025-04-16 15:13:32 --> Final output sent to browser
DEBUG - 2025-04-16 15:13:32 --> Total execution time: 0.0416
INFO - 2025-04-16 15:13:32 --> Config Class Initialized
INFO - 2025-04-16 15:13:32 --> Hooks Class Initialized
DEBUG - 2025-04-16 15:13:32 --> UTF-8 Support Enabled
INFO - 2025-04-16 15:13:32 --> Utf8 Class Initialized
INFO - 2025-04-16 15:13:32 --> URI Class Initialized
INFO - 2025-04-16 15:13:32 --> Router Class Initialized
INFO - 2025-04-16 15:13:32 --> Output Class Initialized
INFO - 2025-04-16 15:13:32 --> Security Class Initialized
DEBUG - 2025-04-16 15:13:32 --> Global POST, GET and COOKIE data sanitized
INFO - 2025-04-16 15:13:32 --> Input Class Initialized
INFO - 2025-04-16 15:13:32 --> Language Class Initialized
INFO - 2025-04-16 15:13:32 --> Loader Class Initialized
INFO - 2025-04-16 15:13:32 --> Helper loaded: url_helper
INFO - 2025-04-16 15:13:32 --> Database Driver Class Initialized
INFO - 2025-04-16 15:13:32 --> Controller Class Initialized
INFO - 2025-04-16 15:13:32 --> Model "Mconfigkey" initialized
INFO - 2025-04-16 15:13:32 --> Model "Msync_doc_aw" initialized
INFO - 2025-04-16 15:13:32 --> Final output sent to browser
DEBUG - 2025-04-16 15:13:32 --> Total execution time: 0.0798
INFO - 2025-04-16 15:13:49 --> Config Class Initialized
INFO - 2025-04-16 15:13:49 --> Hooks Class Initialized
DEBUG - 2025-04-16 15:13:49 --> UTF-8 Support Enabled
INFO - 2025-04-16 15:13:49 --> Utf8 Class Initialized
INFO - 2025-04-16 15:13:49 --> URI Class Initialized
INFO - 2025-04-16 15:13:49 --> Router Class Initialized
INFO - 2025-04-16 15:13:49 --> Output Class Initialized
INFO - 2025-04-16 15:13:49 --> Security Class Initialized
DEBUG - 2025-04-16 15:13:49 --> Global POST, GET and COOKIE data sanitized
INFO - 2025-04-16 15:13:49 --> Input Class Initialized
INFO - 2025-04-16 15:13:49 --> Language Class Initialized
INFO - 2025-04-16 15:13:49 --> Loader Class Initialized
INFO - 2025-04-16 15:13:49 --> Helper loaded: url_helper
INFO - 2025-04-16 15:13:49 --> Database Driver Class Initialized
INFO - 2025-04-16 15:13:49 --> Controller Class Initialized
INFO - 2025-04-16 15:13:49 --> Model "Mconfigkey" initialized
INFO - 2025-04-16 15:13:49 --> Model "Mportal_data" initialized
INFO - 2025-04-16 15:13:49 --> Final output sent to browser
DEBUG - 2025-04-16 15:13:49 --> Total execution time: 0.1179
INFO - 2025-04-16 15:13:54 --> Config Class Initialized
INFO - 2025-04-16 15:13:54 --> Hooks Class Initialized
DEBUG - 2025-04-16 15:13:54 --> UTF-8 Support Enabled
INFO - 2025-04-16 15:13:54 --> Utf8 Class Initialized
INFO - 2025-04-16 15:13:54 --> URI Class Initialized
INFO - 2025-04-16 15:13:54 --> Router Class Initialized
INFO - 2025-04-16 15:13:54 --> Output Class Initialized
INFO - 2025-04-16 15:13:54 --> Security Class Initialized
DEBUG - 2025-04-16 15:13:54 --> Global POST, GET and COOKIE data sanitized
INFO - 2025-04-16 15:13:54 --> Input Class Initialized
INFO - 2025-04-16 15:13:54 --> Language Class Initialized
INFO - 2025-04-16 15:13:54 --> Loader Class Initialized
INFO - 2025-04-16 15:13:54 --> Helper loaded: url_helper
INFO - 2025-04-16 15:13:54 --> Database Driver Class Initialized
INFO - 2025-04-16 15:13:54 --> Controller Class Initialized
INFO - 2025-04-16 15:13:54 --> Model "Mconfigkey" initialized
INFO - 2025-04-16 15:13:54 --> Model "Mportal_data" initialized
INFO - 2025-04-16 15:13:54 --> Final output sent to browser
DEBUG - 2025-04-16 15:13:54 --> Total execution time: 0.0386
INFO - 2025-04-16 15:13:56 --> Config Class Initialized
INFO - 2025-04-16 15:13:56 --> Hooks Class Initialized
DEBUG - 2025-04-16 15:13:56 --> UTF-8 Support Enabled
INFO - 2025-04-16 15:13:56 --> Utf8 Class Initialized
INFO - 2025-04-16 15:13:56 --> URI Class Initialized
INFO - 2025-04-16 15:13:56 --> Router Class Initialized
INFO - 2025-04-16 15:13:56 --> Output Class Initialized
INFO - 2025-04-16 15:13:56 --> Security Class Initialized
DEBUG - 2025-04-16 15:13:56 --> Global POST, GET and COOKIE data sanitized
INFO - 2025-04-16 15:13:56 --> Input Class Initialized
INFO - 2025-04-16 15:13:56 --> Language Class Initialized
INFO - 2025-04-16 15:13:56 --> Loader Class Initialized
INFO - 2025-04-16 15:13:56 --> Helper loaded: url_helper
INFO - 2025-04-16 15:13:56 --> Database Driver Class Initialized
INFO - 2025-04-16 15:13:56 --> Controller Class Initialized
INFO - 2025-04-16 15:13:56 --> Model "Mconfigkey" initialized
INFO - 2025-04-16 15:13:56 --> Model "Mportal_data" initialized
INFO - 2025-04-16 15:13:56 --> Final output sent to browser
DEBUG - 2025-04-16 15:13:56 --> Total execution time: 0.0400
INFO - 2025-04-16 15:14:00 --> Config Class Initialized
INFO - 2025-04-16 15:14:00 --> Hooks Class Initialized
DEBUG - 2025-04-16 15:14:00 --> UTF-8 Support Enabled
INFO - 2025-04-16 15:14:00 --> Utf8 Class Initialized
INFO - 2025-04-16 15:14:00 --> URI Class Initialized
INFO - 2025-04-16 15:14:00 --> Router Class Initialized
INFO - 2025-04-16 15:14:00 --> Output Class Initialized
INFO - 2025-04-16 15:14:00 --> Security Class Initialized
DEBUG - 2025-04-16 15:14:00 --> Global POST, GET and COOKIE data sanitized
INFO - 2025-04-16 15:14:00 --> Input Class Initialized
INFO - 2025-04-16 15:14:00 --> Language Class Initialized
INFO - 2025-04-16 15:14:00 --> Loader Class Initialized
INFO - 2025-04-16 15:14:00 --> Helper loaded: url_helper
INFO - 2025-04-16 15:14:00 --> Database Driver Class Initialized
INFO - 2025-04-16 15:14:00 --> Controller Class Initialized
INFO - 2025-04-16 15:14:00 --> Model "Mconfigkey" initialized
INFO - 2025-04-16 15:14:00 --> Model "Mportal_data" initialized
INFO - 2025-04-16 15:14:00 --> Final output sent to browser
DEBUG - 2025-04-16 15:14:00 --> Total execution time: 0.0631
INFO - 2025-04-16 15:14:03 --> Config Class Initialized
INFO - 2025-04-16 15:14:03 --> Hooks Class Initialized
DEBUG - 2025-04-16 15:14:03 --> UTF-8 Support Enabled
INFO - 2025-04-16 15:14:03 --> Utf8 Class Initialized
INFO - 2025-04-16 15:14:03 --> URI Class Initialized
INFO - 2025-04-16 15:14:03 --> Router Class Initialized
INFO - 2025-04-16 15:14:03 --> Output Class Initialized
INFO - 2025-04-16 15:14:03 --> Security Class Initialized
DEBUG - 2025-04-16 15:14:03 --> Global POST, GET and COOKIE data sanitized
INFO - 2025-04-16 15:14:03 --> Input Class Initialized
INFO - 2025-04-16 15:14:03 --> Language Class Initialized
INFO - 2025-04-16 15:14:03 --> Loader Class Initialized
INFO - 2025-04-16 15:14:03 --> Helper loaded: url_helper
INFO - 2025-04-16 15:14:03 --> Database Driver Class Initialized
INFO - 2025-04-16 15:14:03 --> Controller Class Initialized
INFO - 2025-04-16 15:14:03 --> Model "Mconfigkey" initialized
ERROR - 2025-04-16 15:14:03 --> Severity: Warning --> array_merge(): Expected parameter 1 to be an array, null given D:\xampp\htdocs\plb\dummyservice\application\controllers\PortalApi.php 51
INFO - 2025-04-16 15:14:04 --> Final output sent to browser
DEBUG - 2025-04-16 15:14:04 --> Total execution time: 0.5036
INFO - 2025-04-16 15:14:11 --> Config Class Initialized
INFO - 2025-04-16 15:14:11 --> Hooks Class Initialized
DEBUG - 2025-04-16 15:14:11 --> UTF-8 Support Enabled
INFO - 2025-04-16 15:14:11 --> Utf8 Class Initialized
INFO - 2025-04-16 15:14:11 --> URI Class Initialized
INFO - 2025-04-16 15:14:11 --> Router Class Initialized
INFO - 2025-04-16 15:14:11 --> Output Class Initialized
INFO - 2025-04-16 15:14:11 --> Security Class Initialized
DEBUG - 2025-04-16 15:14:11 --> Global POST, GET and COOKIE data sanitized
INFO - 2025-04-16 15:14:11 --> Input Class Initialized
INFO - 2025-04-16 15:14:11 --> Language Class Initialized
INFO - 2025-04-16 15:14:12 --> Loader Class Initialized
INFO - 2025-04-16 15:14:12 --> Helper loaded: url_helper
INFO - 2025-04-16 15:14:12 --> Database Driver Class Initialized
INFO - 2025-04-16 15:14:12 --> Controller Class Initialized
INFO - 2025-04-16 15:14:12 --> Model "Mconfigkey" initialized
ERROR - 2025-04-16 15:14:12 --> Severity: Warning --> array_merge(): Expected parameter 1 to be an array, null given D:\xampp\htdocs\plb\dummyservice\application\controllers\PortalApi.php 51
INFO - 2025-04-16 15:14:12 --> Final output sent to browser
DEBUG - 2025-04-16 15:14:12 --> Total execution time: 0.1529
INFO - 2025-04-16 15:14:16 --> Config Class Initialized
INFO - 2025-04-16 15:14:16 --> Hooks Class Initialized
DEBUG - 2025-04-16 15:14:16 --> UTF-8 Support Enabled
INFO - 2025-04-16 15:14:16 --> Utf8 Class Initialized
INFO - 2025-04-16 15:14:16 --> URI Class Initialized
INFO - 2025-04-16 15:14:16 --> Router Class Initialized
INFO - 2025-04-16 15:14:16 --> Output Class Initialized
INFO - 2025-04-16 15:14:16 --> Security Class Initialized
DEBUG - 2025-04-16 15:14:16 --> Global POST, GET and COOKIE data sanitized
INFO - 2025-04-16 15:14:16 --> Input Class Initialized
INFO - 2025-04-16 15:14:16 --> Language Class Initialized
INFO - 2025-04-16 15:14:16 --> Loader Class Initialized
INFO - 2025-04-16 15:14:16 --> Helper loaded: url_helper
INFO - 2025-04-16 15:14:16 --> Database Driver Class Initialized
INFO - 2025-04-16 15:14:16 --> Controller Class Initialized
INFO - 2025-04-16 15:14:16 --> Model "Mconfigkey" initialized
INFO - 2025-04-16 15:14:16 --> Model "Mportal_data" initialized
INFO - 2025-04-16 15:14:16 --> Final output sent to browser
DEBUG - 2025-04-16 15:14:16 --> Total execution time: 0.0835
INFO - 2025-04-16 15:14:21 --> Config Class Initialized
INFO - 2025-04-16 15:14:21 --> Hooks Class Initialized
DEBUG - 2025-04-16 15:14:21 --> UTF-8 Support Enabled
INFO - 2025-04-16 15:14:21 --> Utf8 Class Initialized
INFO - 2025-04-16 15:14:21 --> URI Class Initialized
INFO - 2025-04-16 15:14:21 --> Router Class Initialized
INFO - 2025-04-16 15:14:21 --> Output Class Initialized
INFO - 2025-04-16 15:14:21 --> Security Class Initialized
DEBUG - 2025-04-16 15:14:21 --> Global POST, GET and COOKIE data sanitized
INFO - 2025-04-16 15:14:21 --> Input Class Initialized
INFO - 2025-04-16 15:14:21 --> Language Class Initialized
INFO - 2025-04-16 15:14:21 --> Loader Class Initialized
INFO - 2025-04-16 15:14:21 --> Helper loaded: url_helper
INFO - 2025-04-16 15:14:21 --> Database Driver Class Initialized
INFO - 2025-04-16 15:14:21 --> Controller Class Initialized
INFO - 2025-04-16 15:14:21 --> Model "Mconfigkey" initialized
ERROR - 2025-04-16 15:14:21 --> Severity: Warning --> array_merge(): Expected parameter 1 to be an array, null given D:\xampp\htdocs\plb\dummyservice\application\controllers\PortalApi.php 51
INFO - 2025-04-16 15:14:22 --> Final output sent to browser
DEBUG - 2025-04-16 15:14:22 --> Total execution time: 0.1159
INFO - 2025-04-16 15:14:44 --> Config Class Initialized
INFO - 2025-04-16 15:14:44 --> Hooks Class Initialized
DEBUG - 2025-04-16 15:14:44 --> UTF-8 Support Enabled
INFO - 2025-04-16 15:14:44 --> Utf8 Class Initialized
INFO - 2025-04-16 15:14:44 --> URI Class Initialized
INFO - 2025-04-16 15:14:44 --> Router Class Initialized
INFO - 2025-04-16 15:14:44 --> Output Class Initialized
INFO - 2025-04-16 15:14:44 --> Security Class Initialized
DEBUG - 2025-04-16 15:14:44 --> Global POST, GET and COOKIE data sanitized
INFO - 2025-04-16 15:14:44 --> Input Class Initialized
INFO - 2025-04-16 15:14:44 --> Language Class Initialized
INFO - 2025-04-16 15:14:44 --> Loader Class Initialized
INFO - 2025-04-16 15:14:44 --> Helper loaded: url_helper
INFO - 2025-04-16 15:14:44 --> Database Driver Class Initialized
INFO - 2025-04-16 15:14:44 --> Controller Class Initialized
INFO - 2025-04-16 15:14:44 --> Model "Mconfigkey" initialized
ERROR - 2025-04-16 15:14:44 --> Severity: Warning --> array_merge(): Expected parameter 1 to be an array, null given D:\xampp\htdocs\plb\dummyservice\application\controllers\PortalApi.php 51
INFO - 2025-04-16 15:14:44 --> Final output sent to browser
DEBUG - 2025-04-16 15:14:44 --> Total execution time: 0.1065
INFO - 2025-04-16 15:15:12 --> Config Class Initialized
INFO - 2025-04-16 15:15:12 --> Hooks Class Initialized
DEBUG - 2025-04-16 15:15:12 --> UTF-8 Support Enabled
INFO - 2025-04-16 15:15:12 --> Utf8 Class Initialized
INFO - 2025-04-16 15:15:12 --> URI Class Initialized
INFO - 2025-04-16 15:15:12 --> Router Class Initialized
INFO - 2025-04-16 15:15:12 --> Output Class Initialized
INFO - 2025-04-16 15:15:12 --> Security Class Initialized
DEBUG - 2025-04-16 15:15:12 --> Global POST, GET and COOKIE data sanitized
INFO - 2025-04-16 15:15:12 --> Input Class Initialized
INFO - 2025-04-16 15:15:12 --> Language Class Initialized
INFO - 2025-04-16 15:15:12 --> Loader Class Initialized
INFO - 2025-04-16 15:15:12 --> Helper loaded: url_helper
INFO - 2025-04-16 15:15:12 --> Database Driver Class Initialized
INFO - 2025-04-16 15:15:12 --> Controller Class Initialized
INFO - 2025-04-16 15:15:12 --> Model "Mconfigkey" initialized
INFO - 2025-04-16 15:15:12 --> Model "Mbcin_40" initialized
ERROR - 2025-04-16 15:15:12 --> Query error: [Microsoft][ODBC Driver 18 for SQL Server][SQL Server]Invalid column name 'EDS_ID_HEADER'. - Invalid query: SELECT COUNT(*) AS "numrows"
FROM (
SELECT A.KODE_DOKUMEN_PABEAN, A.NAMA_PEMASOK, A.NOMOR_AJU, B.NOMORDOKUMEN as NOMOR_DOKUMEN, MAX(B.NOMORDOKUMEN) as NOMOR_BL, FORMAT(MAX(B.TANGGALDOKUMEN), 'yyyy-MM-dd') as TANGGAL_DOKUMEN, FORMAT(A.TANGGAL_AJU, 'yyyy-MM-dd') as TANGGAL_AJU, A.NOMOR_DAFTAR, FORMAT(A.TANGGAL_DAFTAR, 'yyyy-MM-dd') as TANGGAL_DAFTAR, A.MODE_SOURCE, A.ID_COMPANY, A.KODE_STATUS, MAX(C.URAIAN_DOKUMEN) as URAIAN_STATUS, A.CIF, A.CIF_RUPIAH, A.HARGA_INVOICE, A.FOB
FROM "tr_bc_header" "A"
LEFT JOIN "PAB_DOKUMEN" "B" ON "A"."ID_HEADER_ORI" = "B"."EDS_ID_HEADER" AND "B"."KODEDOKUMEN"='380'
LEFT JOIN "PAB_DOKUMEN" "D" ON "A"."ID_HEADER_ORI" = "D"."EDS_ID_HEADER" AND "D"."KODEDOKUMEN"='705'
LEFT JOIN "referensi_dokumen" "C" ON "A"."KODE_STATUS" = "C"."TIPE_DOKUMEN" AND "A"."KODE_DOKUMEN_PABEAN"="C"."KODE_DOKUMEN"
WHERE "A"."KODE_DOKUMEN_PABEAN" = '40'
AND  A.ID_COMPANY = 'PLB'
            
GROUP BY "A"."KODE_DOKUMEN_PABEAN", "A"."NAMA_PEMASOK", "A"."NOMOR_AJU", "B"."NOMORDOKUMEN", "B"."TANGGALDOKUMEN", "A"."TANGGAL_AJU", "A"."NOMOR_DAFTAR", "A"."TANGGAL_DAFTAR", "A"."MODE_SOURCE", "A"."ID_COMPANY", "A"."KODE_STATUS", "A"."CIF", "A"."CIF_RUPIAH", "A"."HARGA_INVOICE", "A"."FOB"
) CI_count_all_results
INFO - 2025-04-16 15:15:12 --> Language file loaded: language/english/db_lang.php
INFO - 2025-04-16 15:15:15 --> Config Class Initialized
INFO - 2025-04-16 15:15:15 --> Hooks Class Initialized
DEBUG - 2025-04-16 15:15:15 --> UTF-8 Support Enabled
INFO - 2025-04-16 15:15:15 --> Utf8 Class Initialized
INFO - 2025-04-16 15:15:15 --> URI Class Initialized
INFO - 2025-04-16 15:15:15 --> Router Class Initialized
INFO - 2025-04-16 15:15:15 --> Output Class Initialized
INFO - 2025-04-16 15:15:15 --> Security Class Initialized
DEBUG - 2025-04-16 15:15:15 --> Global POST, GET and COOKIE data sanitized
INFO - 2025-04-16 15:15:15 --> Input Class Initialized
INFO - 2025-04-16 15:15:15 --> Language Class Initialized
INFO - 2025-04-16 15:15:15 --> Loader Class Initialized
INFO - 2025-04-16 15:15:15 --> Helper loaded: url_helper
INFO - 2025-04-16 15:15:15 --> Database Driver Class Initialized
INFO - 2025-04-16 15:15:15 --> Controller Class Initialized
INFO - 2025-04-16 15:15:15 --> Model "Mconfigkey" initialized
INFO - 2025-04-16 15:15:15 --> Model "Mbcin_271_aw" initialized
INFO - 2025-04-16 15:15:16 --> Final output sent to browser
DEBUG - 2025-04-16 15:15:16 --> Total execution time: 0.1470
INFO - 2025-04-16 15:15:21 --> Config Class Initialized
INFO - 2025-04-16 15:15:21 --> Hooks Class Initialized
DEBUG - 2025-04-16 15:15:21 --> UTF-8 Support Enabled
INFO - 2025-04-16 15:15:21 --> Utf8 Class Initialized
INFO - 2025-04-16 15:15:21 --> URI Class Initialized
INFO - 2025-04-16 15:15:21 --> Router Class Initialized
INFO - 2025-04-16 15:15:21 --> Output Class Initialized
INFO - 2025-04-16 15:15:21 --> Security Class Initialized
DEBUG - 2025-04-16 15:15:21 --> Global POST, GET and COOKIE data sanitized
INFO - 2025-04-16 15:15:21 --> Input Class Initialized
INFO - 2025-04-16 15:15:21 --> Language Class Initialized
INFO - 2025-04-16 15:15:21 --> Loader Class Initialized
INFO - 2025-04-16 15:15:21 --> Helper loaded: url_helper
INFO - 2025-04-16 15:15:21 --> Database Driver Class Initialized
INFO - 2025-04-16 15:15:21 --> Controller Class Initialized
INFO - 2025-04-16 15:15:21 --> Model "Mconfigkey" initialized
INFO - 2025-04-16 15:15:21 --> Model "Mbcin_271_aw" initialized
INFO - 2025-04-16 15:15:21 --> Final output sent to browser
DEBUG - 2025-04-16 15:15:21 --> Total execution time: 0.0741
INFO - 2025-04-16 15:15:30 --> Config Class Initialized
INFO - 2025-04-16 15:15:30 --> Hooks Class Initialized
DEBUG - 2025-04-16 15:15:30 --> UTF-8 Support Enabled
INFO - 2025-04-16 15:15:30 --> Utf8 Class Initialized
INFO - 2025-04-16 15:15:30 --> URI Class Initialized
INFO - 2025-04-16 15:15:30 --> Router Class Initialized
INFO - 2025-04-16 15:15:30 --> Output Class Initialized
INFO - 2025-04-16 15:15:30 --> Security Class Initialized
DEBUG - 2025-04-16 15:15:30 --> Global POST, GET and COOKIE data sanitized
INFO - 2025-04-16 15:15:30 --> Input Class Initialized
INFO - 2025-04-16 15:15:30 --> Language Class Initialized
INFO - 2025-04-16 15:15:30 --> Loader Class Initialized
INFO - 2025-04-16 15:15:30 --> Helper loaded: url_helper
INFO - 2025-04-16 15:15:30 --> Database Driver Class Initialized
INFO - 2025-04-16 15:15:30 --> Controller Class Initialized
INFO - 2025-04-16 15:15:30 --> Model "Mconfigkey" initialized
INFO - 2025-04-16 15:15:30 --> Model "Mbcin_271_aw" initialized
INFO - 2025-04-16 15:15:30 --> Final output sent to browser
DEBUG - 2025-04-16 15:15:30 --> Total execution time: 0.0314
