INFO - 2024-09-10 09:04:55 --> Config Class Initialized
INFO - 2024-09-10 09:04:55 --> Hooks Class Initialized
DEBUG - 2024-09-10 09:04:55 --> UTF-8 Support Enabled
INFO - 2024-09-10 09:04:55 --> Utf8 Class Initialized
INFO - 2024-09-10 09:04:55 --> URI Class Initialized
INFO - 2024-09-10 09:04:55 --> Router Class Initialized
INFO - 2024-09-10 09:04:55 --> Output Class Initialized
INFO - 2024-09-10 09:04:55 --> Security Class Initialized
DEBUG - 2024-09-10 09:04:55 --> Global POST, GET and COOKIE data sanitized
INFO - 2024-09-10 09:04:55 --> Input Class Initialized
INFO - 2024-09-10 09:04:55 --> Language Class Initialized
INFO - 2024-09-10 09:04:55 --> Loader Class Initialized
INFO - 2024-09-10 09:04:55 --> Helper loaded: url_helper
INFO - 2024-09-10 09:04:55 --> Database Driver Class Initialized
INFO - 2024-09-10 09:04:55 --> Controller Class Initialized
INFO - 2024-09-10 09:04:55 --> Model "Mconfigkey" initialized
INFO - 2024-09-10 09:04:55 --> Final output sent to browser
DEBUG - 2024-09-10 09:04:55 --> Total execution time: 0.2392
INFO - 2024-09-10 09:05:04 --> Config Class Initialized
INFO - 2024-09-10 09:05:04 --> Hooks Class Initialized
DEBUG - 2024-09-10 09:05:04 --> UTF-8 Support Enabled
INFO - 2024-09-10 09:05:04 --> Utf8 Class Initialized
INFO - 2024-09-10 09:05:04 --> URI Class Initialized
INFO - 2024-09-10 09:05:04 --> Router Class Initialized
INFO - 2024-09-10 09:05:04 --> Output Class Initialized
INFO - 2024-09-10 09:05:04 --> Security Class Initialized
DEBUG - 2024-09-10 09:05:04 --> Global POST, GET and COOKIE data sanitized
INFO - 2024-09-10 09:05:04 --> Input Class Initialized
INFO - 2024-09-10 09:05:04 --> Language Class Initialized
INFO - 2024-09-10 09:05:04 --> Loader Class Initialized
INFO - 2024-09-10 09:05:04 --> Helper loaded: url_helper
INFO - 2024-09-10 09:05:04 --> Database Driver Class Initialized
INFO - 2024-09-10 09:05:04 --> Controller Class Initialized
INFO - 2024-09-10 09:05:04 --> Model "Mauth" initialized
INFO - 2024-09-10 09:05:04 --> Model "Mconfigkey" initialized
INFO - 2024-09-10 09:05:04 --> Final output sent to browser
DEBUG - 2024-09-10 09:05:04 --> Total execution time: 0.0249
INFO - 2024-09-10 09:05:19 --> Config Class Initialized
INFO - 2024-09-10 09:05:19 --> Hooks Class Initialized
DEBUG - 2024-09-10 09:05:19 --> UTF-8 Support Enabled
INFO - 2024-09-10 09:05:19 --> Utf8 Class Initialized
INFO - 2024-09-10 09:05:19 --> URI Class Initialized
INFO - 2024-09-10 09:05:19 --> Router Class Initialized
INFO - 2024-09-10 09:05:19 --> Output Class Initialized
INFO - 2024-09-10 09:05:19 --> Security Class Initialized
DEBUG - 2024-09-10 09:05:19 --> Global POST, GET and COOKIE data sanitized
INFO - 2024-09-10 09:05:19 --> Input Class Initialized
INFO - 2024-09-10 09:05:19 --> Language Class Initialized
INFO - 2024-09-10 09:05:19 --> Loader Class Initialized
INFO - 2024-09-10 09:05:19 --> Helper loaded: url_helper
INFO - 2024-09-10 09:05:19 --> Database Driver Class Initialized
INFO - 2024-09-10 09:05:19 --> Controller Class Initialized
INFO - 2024-09-10 09:05:19 --> Model "Mconfigkey" initialized
INFO - 2024-09-10 09:05:19 --> Model "Mgoods_delivery" initialized
INFO - 2024-09-10 09:05:19 --> Final output sent to browser
DEBUG - 2024-09-10 09:05:19 --> Total execution time: 0.0306
INFO - 2024-09-10 09:05:28 --> Config Class Initialized
INFO - 2024-09-10 09:05:28 --> Hooks Class Initialized
DEBUG - 2024-09-10 09:05:28 --> UTF-8 Support Enabled
INFO - 2024-09-10 09:05:28 --> Utf8 Class Initialized
INFO - 2024-09-10 09:05:28 --> URI Class Initialized
INFO - 2024-09-10 09:05:28 --> Router Class Initialized
INFO - 2024-09-10 09:05:28 --> Output Class Initialized
INFO - 2024-09-10 09:05:28 --> Security Class Initialized
DEBUG - 2024-09-10 09:05:28 --> Global POST, GET and COOKIE data sanitized
INFO - 2024-09-10 09:05:28 --> Input Class Initialized
INFO - 2024-09-10 09:05:28 --> Language Class Initialized
INFO - 2024-09-10 09:05:28 --> Loader Class Initialized
INFO - 2024-09-10 09:05:28 --> Helper loaded: url_helper
INFO - 2024-09-10 09:05:28 --> Database Driver Class Initialized
INFO - 2024-09-10 09:05:28 --> Controller Class Initialized
INFO - 2024-09-10 09:05:28 --> Model "Mconfigkey" initialized
INFO - 2024-09-10 09:05:28 --> Model "Mgoods_delivery" initialized
INFO - 2024-09-10 09:05:28 --> Final output sent to browser
DEBUG - 2024-09-10 09:05:28 --> Total execution time: 0.0276
INFO - 2024-09-10 09:05:36 --> Config Class Initialized
INFO - 2024-09-10 09:05:36 --> Hooks Class Initialized
DEBUG - 2024-09-10 09:05:36 --> UTF-8 Support Enabled
INFO - 2024-09-10 09:05:36 --> Utf8 Class Initialized
INFO - 2024-09-10 09:05:36 --> URI Class Initialized
INFO - 2024-09-10 09:05:36 --> Router Class Initialized
INFO - 2024-09-10 09:05:36 --> Output Class Initialized
INFO - 2024-09-10 09:05:36 --> Security Class Initialized
DEBUG - 2024-09-10 09:05:36 --> Global POST, GET and COOKIE data sanitized
INFO - 2024-09-10 09:05:36 --> Input Class Initialized
INFO - 2024-09-10 09:05:36 --> Language Class Initialized
INFO - 2024-09-10 09:05:36 --> Loader Class Initialized
INFO - 2024-09-10 09:05:36 --> Helper loaded: url_helper
INFO - 2024-09-10 09:05:36 --> Database Driver Class Initialized
INFO - 2024-09-10 09:05:36 --> Controller Class Initialized
INFO - 2024-09-10 09:05:36 --> Model "Mconfigkey" initialized
INFO - 2024-09-10 09:05:36 --> Model "Mgoods_delivery" initialized
INFO - 2024-09-10 09:05:36 --> Final output sent to browser
DEBUG - 2024-09-10 09:05:36 --> Total execution time: 0.0187
INFO - 2024-09-10 09:05:43 --> Config Class Initialized
INFO - 2024-09-10 09:05:43 --> Hooks Class Initialized
DEBUG - 2024-09-10 09:05:43 --> UTF-8 Support Enabled
INFO - 2024-09-10 09:05:43 --> Utf8 Class Initialized
INFO - 2024-09-10 09:05:43 --> URI Class Initialized
INFO - 2024-09-10 09:05:43 --> Router Class Initialized
INFO - 2024-09-10 09:05:43 --> Output Class Initialized
INFO - 2024-09-10 09:05:43 --> Security Class Initialized
DEBUG - 2024-09-10 09:05:43 --> Global POST, GET and COOKIE data sanitized
INFO - 2024-09-10 09:05:43 --> Input Class Initialized
INFO - 2024-09-10 09:05:43 --> Language Class Initialized
INFO - 2024-09-10 09:05:43 --> Loader Class Initialized
INFO - 2024-09-10 09:05:43 --> Helper loaded: url_helper
INFO - 2024-09-10 09:05:43 --> Database Driver Class Initialized
INFO - 2024-09-10 09:05:43 --> Controller Class Initialized
INFO - 2024-09-10 09:05:43 --> Model "Mconfigkey" initialized
INFO - 2024-09-10 09:05:43 --> Model "Mgoods_control" initialized
INFO - 2024-09-10 09:05:43 --> Final output sent to browser
DEBUG - 2024-09-10 09:05:43 --> Total execution time: 0.0274
INFO - 2024-09-10 09:05:45 --> Config Class Initialized
INFO - 2024-09-10 09:05:45 --> Hooks Class Initialized
DEBUG - 2024-09-10 09:05:45 --> UTF-8 Support Enabled
INFO - 2024-09-10 09:05:45 --> Utf8 Class Initialized
INFO - 2024-09-10 09:05:45 --> URI Class Initialized
INFO - 2024-09-10 09:05:45 --> Router Class Initialized
INFO - 2024-09-10 09:05:45 --> Output Class Initialized
INFO - 2024-09-10 09:05:45 --> Security Class Initialized
DEBUG - 2024-09-10 09:05:45 --> Global POST, GET and COOKIE data sanitized
INFO - 2024-09-10 09:05:45 --> Input Class Initialized
INFO - 2024-09-10 09:05:45 --> Language Class Initialized
INFO - 2024-09-10 09:05:45 --> Loader Class Initialized
INFO - 2024-09-10 09:05:45 --> Helper loaded: url_helper
INFO - 2024-09-10 09:05:45 --> Database Driver Class Initialized
INFO - 2024-09-10 09:05:45 --> Controller Class Initialized
INFO - 2024-09-10 09:05:45 --> Model "Mconfigkey" initialized
INFO - 2024-09-10 09:05:45 --> Model "Mgoods_control" initialized
INFO - 2024-09-10 09:05:45 --> Final output sent to browser
DEBUG - 2024-09-10 09:05:45 --> Total execution time: 0.0188
INFO - 2024-09-10 16:35:14 --> Config Class Initialized
INFO - 2024-09-10 16:35:14 --> Hooks Class Initialized
DEBUG - 2024-09-10 16:35:14 --> UTF-8 Support Enabled
INFO - 2024-09-10 16:35:14 --> Utf8 Class Initialized
INFO - 2024-09-10 16:35:14 --> URI Class Initialized
INFO - 2024-09-10 16:35:14 --> Router Class Initialized
INFO - 2024-09-10 16:35:14 --> Output Class Initialized
INFO - 2024-09-10 16:35:14 --> Security Class Initialized
DEBUG - 2024-09-10 16:35:14 --> Global POST, GET and COOKIE data sanitized
INFO - 2024-09-10 16:35:14 --> Input Class Initialized
INFO - 2024-09-10 16:35:14 --> Language Class Initialized
INFO - 2024-09-10 16:35:14 --> Loader Class Initialized
INFO - 2024-09-10 16:35:14 --> Helper loaded: url_helper
INFO - 2024-09-10 16:35:14 --> Database Driver Class Initialized
INFO - 2024-09-10 16:35:14 --> Controller Class Initialized
INFO - 2024-09-10 16:35:14 --> Model "Mconfigkey" initialized
INFO - 2024-09-10 16:35:14 --> Final output sent to browser
DEBUG - 2024-09-10 16:35:14 --> Total execution time: 0.3842
INFO - 2024-09-10 16:35:22 --> Config Class Initialized
INFO - 2024-09-10 16:35:22 --> Hooks Class Initialized
DEBUG - 2024-09-10 16:35:22 --> UTF-8 Support Enabled
INFO - 2024-09-10 16:35:22 --> Utf8 Class Initialized
INFO - 2024-09-10 16:35:22 --> URI Class Initialized
INFO - 2024-09-10 16:35:22 --> Router Class Initialized
INFO - 2024-09-10 16:35:22 --> Output Class Initialized
INFO - 2024-09-10 16:35:22 --> Security Class Initialized
DEBUG - 2024-09-10 16:35:22 --> Global POST, GET and COOKIE data sanitized
INFO - 2024-09-10 16:35:22 --> Input Class Initialized
INFO - 2024-09-10 16:35:22 --> Language Class Initialized
INFO - 2024-09-10 16:35:22 --> Loader Class Initialized
INFO - 2024-09-10 16:35:22 --> Helper loaded: url_helper
INFO - 2024-09-10 16:35:22 --> Database Driver Class Initialized
INFO - 2024-09-10 16:35:22 --> Controller Class Initialized
INFO - 2024-09-10 16:35:22 --> Model "Mconfigkey" initialized
INFO - 2024-09-10 16:35:22 --> Final output sent to browser
DEBUG - 2024-09-10 16:35:22 --> Total execution time: 0.0186
INFO - 2024-09-10 16:37:13 --> Config Class Initialized
INFO - 2024-09-10 16:37:13 --> Hooks Class Initialized
DEBUG - 2024-09-10 16:37:13 --> UTF-8 Support Enabled
INFO - 2024-09-10 16:37:13 --> Utf8 Class Initialized
INFO - 2024-09-10 16:37:13 --> URI Class Initialized
INFO - 2024-09-10 16:37:13 --> Router Class Initialized
INFO - 2024-09-10 16:37:13 --> Output Class Initialized
INFO - 2024-09-10 16:37:13 --> Security Class Initialized
DEBUG - 2024-09-10 16:37:13 --> Global POST, GET and COOKIE data sanitized
INFO - 2024-09-10 16:37:13 --> Input Class Initialized
INFO - 2024-09-10 16:37:13 --> Language Class Initialized
INFO - 2024-09-10 16:37:13 --> Loader Class Initialized
INFO - 2024-09-10 16:37:13 --> Helper loaded: url_helper
INFO - 2024-09-10 16:37:13 --> Database Driver Class Initialized
INFO - 2024-09-10 16:37:13 --> Controller Class Initialized
INFO - 2024-09-10 16:37:15 --> Model "Mportal_data" initialized
INFO - 2024-09-10 16:37:23 --> Final output sent to browser
DEBUG - 2024-09-10 16:37:23 --> Total execution time: 10.2193
INFO - 2024-09-10 16:37:39 --> Config Class Initialized
INFO - 2024-09-10 16:37:39 --> Hooks Class Initialized
DEBUG - 2024-09-10 16:37:39 --> UTF-8 Support Enabled
INFO - 2024-09-10 16:37:39 --> Utf8 Class Initialized
INFO - 2024-09-10 16:37:39 --> URI Class Initialized
INFO - 2024-09-10 16:37:39 --> Router Class Initialized
INFO - 2024-09-10 16:37:39 --> Output Class Initialized
INFO - 2024-09-10 16:37:39 --> Security Class Initialized
DEBUG - 2024-09-10 16:37:39 --> Global POST, GET and COOKIE data sanitized
INFO - 2024-09-10 16:37:39 --> Input Class Initialized
INFO - 2024-09-10 16:37:39 --> Language Class Initialized
INFO - 2024-09-10 16:37:39 --> Loader Class Initialized
INFO - 2024-09-10 16:37:39 --> Helper loaded: url_helper
INFO - 2024-09-10 16:37:39 --> Database Driver Class Initialized
INFO - 2024-09-10 16:37:39 --> Controller Class Initialized
INFO - 2024-09-10 16:37:46 --> Model "Mportal_data" initialized
INFO - 2024-09-10 16:37:48 --> Final output sent to browser
DEBUG - 2024-09-10 16:37:48 --> Total execution time: 9.5454
INFO - 2024-09-10 16:38:03 --> Config Class Initialized
INFO - 2024-09-10 16:38:03 --> Hooks Class Initialized
DEBUG - 2024-09-10 16:38:03 --> UTF-8 Support Enabled
INFO - 2024-09-10 16:38:03 --> Utf8 Class Initialized
INFO - 2024-09-10 16:38:03 --> URI Class Initialized
INFO - 2024-09-10 16:38:03 --> Router Class Initialized
INFO - 2024-09-10 16:38:03 --> Output Class Initialized
INFO - 2024-09-10 16:38:03 --> Security Class Initialized
DEBUG - 2024-09-10 16:38:03 --> Global POST, GET and COOKIE data sanitized
INFO - 2024-09-10 16:38:03 --> Input Class Initialized
INFO - 2024-09-10 16:38:03 --> Language Class Initialized
INFO - 2024-09-10 16:38:03 --> Loader Class Initialized
INFO - 2024-09-10 16:38:03 --> Helper loaded: url_helper
INFO - 2024-09-10 16:38:03 --> Database Driver Class Initialized
INFO - 2024-09-10 16:38:03 --> Controller Class Initialized
INFO - 2024-09-10 16:38:03 --> Model "Mconfigkey" initialized
INFO - 2024-09-10 16:38:03 --> Final output sent to browser
DEBUG - 2024-09-10 16:38:03 --> Total execution time: 0.0184
INFO - 2024-09-10 16:38:09 --> Config Class Initialized
INFO - 2024-09-10 16:38:09 --> Hooks Class Initialized
DEBUG - 2024-09-10 16:38:09 --> UTF-8 Support Enabled
INFO - 2024-09-10 16:38:09 --> Utf8 Class Initialized
INFO - 2024-09-10 16:38:09 --> URI Class Initialized
INFO - 2024-09-10 16:38:09 --> Router Class Initialized
INFO - 2024-09-10 16:38:09 --> Output Class Initialized
INFO - 2024-09-10 16:38:09 --> Security Class Initialized
DEBUG - 2024-09-10 16:38:09 --> Global POST, GET and COOKIE data sanitized
INFO - 2024-09-10 16:38:09 --> Input Class Initialized
INFO - 2024-09-10 16:38:09 --> Language Class Initialized
INFO - 2024-09-10 16:38:09 --> Loader Class Initialized
INFO - 2024-09-10 16:38:09 --> Helper loaded: url_helper
INFO - 2024-09-10 16:38:09 --> Database Driver Class Initialized
INFO - 2024-09-10 16:38:09 --> Controller Class Initialized
INFO - 2024-09-10 16:38:09 --> Model "Mconfigkey" initialized
INFO - 2024-09-10 16:38:09 --> Final output sent to browser
DEBUG - 2024-09-10 16:38:09 --> Total execution time: 0.0185
INFO - 2024-09-10 16:38:17 --> Config Class Initialized
INFO - 2024-09-10 16:38:17 --> Hooks Class Initialized
DEBUG - 2024-09-10 16:38:17 --> UTF-8 Support Enabled
INFO - 2024-09-10 16:38:17 --> Utf8 Class Initialized
INFO - 2024-09-10 16:38:17 --> URI Class Initialized
INFO - 2024-09-10 16:38:17 --> Router Class Initialized
INFO - 2024-09-10 16:38:17 --> Output Class Initialized
INFO - 2024-09-10 16:38:17 --> Security Class Initialized
DEBUG - 2024-09-10 16:38:17 --> Global POST, GET and COOKIE data sanitized
INFO - 2024-09-10 16:38:17 --> Input Class Initialized
INFO - 2024-09-10 16:38:17 --> Language Class Initialized
INFO - 2024-09-10 16:38:17 --> Loader Class Initialized
INFO - 2024-09-10 16:38:17 --> Helper loaded: url_helper
INFO - 2024-09-10 16:38:17 --> Database Driver Class Initialized
INFO - 2024-09-10 16:38:17 --> Controller Class Initialized
INFO - 2024-09-10 16:38:17 --> Model "Mconfigkey" initialized
INFO - 2024-09-10 16:38:17 --> Final output sent to browser
DEBUG - 2024-09-10 16:38:17 --> Total execution time: 0.0184
INFO - 2024-09-10 16:38:21 --> Config Class Initialized
INFO - 2024-09-10 16:38:21 --> Hooks Class Initialized
DEBUG - 2024-09-10 16:38:21 --> UTF-8 Support Enabled
INFO - 2024-09-10 16:38:21 --> Utf8 Class Initialized
INFO - 2024-09-10 16:38:21 --> URI Class Initialized
INFO - 2024-09-10 16:38:21 --> Router Class Initialized
INFO - 2024-09-10 16:38:21 --> Output Class Initialized
INFO - 2024-09-10 16:38:21 --> Security Class Initialized
DEBUG - 2024-09-10 16:38:21 --> Global POST, GET and COOKIE data sanitized
INFO - 2024-09-10 16:38:21 --> Input Class Initialized
INFO - 2024-09-10 16:38:21 --> Language Class Initialized
INFO - 2024-09-10 16:38:21 --> Loader Class Initialized
INFO - 2024-09-10 16:38:21 --> Helper loaded: url_helper
INFO - 2024-09-10 16:38:21 --> Database Driver Class Initialized
INFO - 2024-09-10 16:38:21 --> Controller Class Initialized
INFO - 2024-09-10 16:38:21 --> Model "Mconfigkey" initialized
INFO - 2024-09-10 16:38:21 --> Final output sent to browser
DEBUG - 2024-09-10 16:38:21 --> Total execution time: 0.0182
INFO - 2024-09-10 16:38:27 --> Config Class Initialized
INFO - 2024-09-10 16:38:27 --> Hooks Class Initialized
DEBUG - 2024-09-10 16:38:27 --> UTF-8 Support Enabled
INFO - 2024-09-10 16:38:27 --> Utf8 Class Initialized
INFO - 2024-09-10 16:38:27 --> URI Class Initialized
INFO - 2024-09-10 16:38:27 --> Router Class Initialized
INFO - 2024-09-10 16:38:27 --> Output Class Initialized
INFO - 2024-09-10 16:38:27 --> Security Class Initialized
DEBUG - 2024-09-10 16:38:27 --> Global POST, GET and COOKIE data sanitized
INFO - 2024-09-10 16:38:27 --> Input Class Initialized
INFO - 2024-09-10 16:38:27 --> Language Class Initialized
INFO - 2024-09-10 16:38:27 --> Loader Class Initialized
INFO - 2024-09-10 16:38:27 --> Helper loaded: url_helper
INFO - 2024-09-10 16:38:27 --> Database Driver Class Initialized
INFO - 2024-09-10 16:38:27 --> Controller Class Initialized
INFO - 2024-09-10 16:38:27 --> Model "Mconfigkey" initialized
INFO - 2024-09-10 16:38:27 --> Final output sent to browser
DEBUG - 2024-09-10 16:38:27 --> Total execution time: 0.0189
INFO - 2024-09-10 17:00:10 --> Config Class Initialized
INFO - 2024-09-10 17:00:10 --> Hooks Class Initialized
DEBUG - 2024-09-10 17:00:10 --> UTF-8 Support Enabled
INFO - 2024-09-10 17:00:10 --> Utf8 Class Initialized
INFO - 2024-09-10 17:00:10 --> URI Class Initialized
INFO - 2024-09-10 17:00:10 --> Router Class Initialized
INFO - 2024-09-10 17:00:10 --> Output Class Initialized
INFO - 2024-09-10 17:00:10 --> Security Class Initialized
DEBUG - 2024-09-10 17:00:10 --> Global POST, GET and COOKIE data sanitized
INFO - 2024-09-10 17:00:10 --> Input Class Initialized
INFO - 2024-09-10 17:00:10 --> Language Class Initialized
INFO - 2024-09-10 17:00:10 --> Loader Class Initialized
INFO - 2024-09-10 17:00:10 --> Helper loaded: url_helper
INFO - 2024-09-10 17:00:10 --> Database Driver Class Initialized
INFO - 2024-09-10 17:00:10 --> Controller Class Initialized
INFO - 2024-09-10 17:00:10 --> Model "Mauth" initialized
INFO - 2024-09-10 17:00:10 --> Model "Mconfigkey" initialized
INFO - 2024-09-10 17:00:10 --> Final output sent to browser
DEBUG - 2024-09-10 17:00:10 --> Total execution time: 0.0412
INFO - 2024-09-10 17:00:15 --> Config Class Initialized
INFO - 2024-09-10 17:00:15 --> Hooks Class Initialized
DEBUG - 2024-09-10 17:00:15 --> UTF-8 Support Enabled
INFO - 2024-09-10 17:00:15 --> Utf8 Class Initialized
INFO - 2024-09-10 17:00:15 --> URI Class Initialized
INFO - 2024-09-10 17:00:15 --> Router Class Initialized
INFO - 2024-09-10 17:00:15 --> Output Class Initialized
INFO - 2024-09-10 17:00:15 --> Security Class Initialized
DEBUG - 2024-09-10 17:00:15 --> Global POST, GET and COOKIE data sanitized
INFO - 2024-09-10 17:00:15 --> Input Class Initialized
INFO - 2024-09-10 17:00:15 --> Language Class Initialized
INFO - 2024-09-10 17:00:15 --> Loader Class Initialized
INFO - 2024-09-10 17:00:15 --> Helper loaded: url_helper
INFO - 2024-09-10 17:00:15 --> Database Driver Class Initialized
INFO - 2024-09-10 17:00:15 --> Controller Class Initialized
INFO - 2024-09-10 17:00:15 --> Model "Mconfigkey" initialized
INFO - 2024-09-10 17:00:15 --> Model "Msync_doc_aw" initialized
INFO - 2024-09-10 17:00:15 --> Final output sent to browser
DEBUG - 2024-09-10 17:00:15 --> Total execution time: 0.0404
INFO - 2024-09-10 17:00:31 --> Config Class Initialized
INFO - 2024-09-10 17:00:31 --> Hooks Class Initialized
DEBUG - 2024-09-10 17:00:31 --> UTF-8 Support Enabled
INFO - 2024-09-10 17:00:31 --> Utf8 Class Initialized
INFO - 2024-09-10 17:00:31 --> URI Class Initialized
INFO - 2024-09-10 17:00:31 --> Router Class Initialized
INFO - 2024-09-10 17:00:31 --> Output Class Initialized
INFO - 2024-09-10 17:00:31 --> Security Class Initialized
DEBUG - 2024-09-10 17:00:31 --> Global POST, GET and COOKIE data sanitized
INFO - 2024-09-10 17:00:31 --> Input Class Initialized
INFO - 2024-09-10 17:00:31 --> Language Class Initialized
INFO - 2024-09-10 17:00:31 --> Loader Class Initialized
INFO - 2024-09-10 17:00:31 --> Helper loaded: url_helper
INFO - 2024-09-10 17:00:31 --> Database Driver Class Initialized
INFO - 2024-09-10 17:00:31 --> Controller Class Initialized
INFO - 2024-09-10 17:00:31 --> Model "Mconfigkey" initialized
INFO - 2024-09-10 17:00:31 --> Model "Mportal_data" initialized
INFO - 2024-09-10 17:00:31 --> Final output sent to browser
DEBUG - 2024-09-10 17:00:31 --> Total execution time: 0.0320
INFO - 2024-09-10 17:00:31 --> Config Class Initialized
INFO - 2024-09-10 17:00:31 --> Hooks Class Initialized
DEBUG - 2024-09-10 17:00:31 --> UTF-8 Support Enabled
INFO - 2024-09-10 17:00:31 --> Utf8 Class Initialized
INFO - 2024-09-10 17:00:31 --> URI Class Initialized
INFO - 2024-09-10 17:00:31 --> Router Class Initialized
INFO - 2024-09-10 17:00:31 --> Output Class Initialized
INFO - 2024-09-10 17:00:31 --> Security Class Initialized
DEBUG - 2024-09-10 17:00:31 --> Global POST, GET and COOKIE data sanitized
INFO - 2024-09-10 17:00:31 --> Input Class Initialized
INFO - 2024-09-10 17:00:31 --> Language Class Initialized
INFO - 2024-09-10 17:00:31 --> Loader Class Initialized
INFO - 2024-09-10 17:00:31 --> Helper loaded: url_helper
INFO - 2024-09-10 17:00:31 --> Database Driver Class Initialized
INFO - 2024-09-10 17:00:31 --> Controller Class Initialized
INFO - 2024-09-10 17:00:31 --> Model "Mconfigkey" initialized
INFO - 2024-09-10 17:00:31 --> Model "Msync_doc_aw" initialized
INFO - 2024-09-10 17:00:31 --> Final output sent to browser
DEBUG - 2024-09-10 17:00:31 --> Total execution time: 0.0323
INFO - 2024-09-10 17:00:39 --> Config Class Initialized
INFO - 2024-09-10 17:00:39 --> Hooks Class Initialized
DEBUG - 2024-09-10 17:00:39 --> UTF-8 Support Enabled
INFO - 2024-09-10 17:00:39 --> Utf8 Class Initialized
INFO - 2024-09-10 17:00:39 --> URI Class Initialized
INFO - 2024-09-10 17:00:39 --> Router Class Initialized
INFO - 2024-09-10 17:00:39 --> Output Class Initialized
INFO - 2024-09-10 17:00:39 --> Security Class Initialized
DEBUG - 2024-09-10 17:00:39 --> Global POST, GET and COOKIE data sanitized
INFO - 2024-09-10 17:00:39 --> Input Class Initialized
INFO - 2024-09-10 17:00:39 --> Language Class Initialized
INFO - 2024-09-10 17:00:39 --> Loader Class Initialized
INFO - 2024-09-10 17:00:39 --> Helper loaded: url_helper
INFO - 2024-09-10 17:00:39 --> Database Driver Class Initialized
INFO - 2024-09-10 17:00:39 --> Controller Class Initialized
INFO - 2024-09-10 17:00:39 --> Model "Mconfigkey" initialized
INFO - 2024-09-10 17:00:39 --> Model "Mportal_data" initialized
INFO - 2024-09-10 17:00:39 --> Final output sent to browser
DEBUG - 2024-09-10 17:00:39 --> Total execution time: 0.0237
INFO - 2024-09-10 17:00:39 --> Config Class Initialized
INFO - 2024-09-10 17:00:39 --> Hooks Class Initialized
DEBUG - 2024-09-10 17:00:39 --> UTF-8 Support Enabled
INFO - 2024-09-10 17:00:39 --> Utf8 Class Initialized
INFO - 2024-09-10 17:00:39 --> URI Class Initialized
INFO - 2024-09-10 17:00:39 --> Router Class Initialized
INFO - 2024-09-10 17:00:39 --> Output Class Initialized
INFO - 2024-09-10 17:00:39 --> Security Class Initialized
DEBUG - 2024-09-10 17:00:39 --> Global POST, GET and COOKIE data sanitized
INFO - 2024-09-10 17:00:39 --> Input Class Initialized
INFO - 2024-09-10 17:00:39 --> Language Class Initialized
INFO - 2024-09-10 17:00:39 --> Loader Class Initialized
INFO - 2024-09-10 17:00:39 --> Helper loaded: url_helper
INFO - 2024-09-10 17:00:39 --> Database Driver Class Initialized
INFO - 2024-09-10 17:00:39 --> Controller Class Initialized
INFO - 2024-09-10 17:00:39 --> Model "Mconfigkey" initialized
INFO - 2024-09-10 17:00:39 --> Model "Msync_doc_aw" initialized
INFO - 2024-09-10 17:00:39 --> Final output sent to browser
DEBUG - 2024-09-10 17:00:39 --> Total execution time: 0.0318
INFO - 2024-09-10 17:04:41 --> Config Class Initialized
INFO - 2024-09-10 17:04:41 --> Hooks Class Initialized
DEBUG - 2024-09-10 17:04:41 --> UTF-8 Support Enabled
INFO - 2024-09-10 17:04:41 --> Utf8 Class Initialized
INFO - 2024-09-10 17:04:41 --> URI Class Initialized
INFO - 2024-09-10 17:04:41 --> Router Class Initialized
INFO - 2024-09-10 17:04:41 --> Output Class Initialized
INFO - 2024-09-10 17:04:41 --> Security Class Initialized
DEBUG - 2024-09-10 17:04:41 --> Global POST, GET and COOKIE data sanitized
INFO - 2024-09-10 17:04:41 --> Input Class Initialized
INFO - 2024-09-10 17:04:41 --> Language Class Initialized
INFO - 2024-09-10 17:04:41 --> Loader Class Initialized
INFO - 2024-09-10 17:04:41 --> Helper loaded: url_helper
INFO - 2024-09-10 17:04:41 --> Database Driver Class Initialized
INFO - 2024-09-10 17:04:41 --> Controller Class Initialized
INFO - 2024-09-10 17:04:41 --> Model "Mconfigkey" initialized
INFO - 2024-09-10 17:04:41 --> Model "Mgoods_in" initialized
INFO - 2024-09-10 17:04:41 --> Final output sent to browser
DEBUG - 2024-09-10 17:04:41 --> Total execution time: 0.0302
INFO - 2024-09-10 17:05:14 --> Config Class Initialized
INFO - 2024-09-10 17:05:14 --> Hooks Class Initialized
DEBUG - 2024-09-10 17:05:14 --> UTF-8 Support Enabled
INFO - 2024-09-10 17:05:14 --> Utf8 Class Initialized
INFO - 2024-09-10 17:05:14 --> URI Class Initialized
INFO - 2024-09-10 17:05:14 --> Router Class Initialized
INFO - 2024-09-10 17:05:14 --> Output Class Initialized
INFO - 2024-09-10 17:05:14 --> Security Class Initialized
DEBUG - 2024-09-10 17:05:14 --> Global POST, GET and COOKIE data sanitized
INFO - 2024-09-10 17:05:14 --> Input Class Initialized
INFO - 2024-09-10 17:05:14 --> Language Class Initialized
INFO - 2024-09-10 17:05:14 --> Loader Class Initialized
INFO - 2024-09-10 17:05:14 --> Helper loaded: url_helper
INFO - 2024-09-10 17:05:14 --> Database Driver Class Initialized
INFO - 2024-09-10 17:05:14 --> Controller Class Initialized
INFO - 2024-09-10 17:05:14 --> Model "Mconfigkey" initialized
INFO - 2024-09-10 17:05:14 --> Model "Mgoods_in" initialized
INFO - 2024-09-10 17:05:14 --> Final output sent to browser
DEBUG - 2024-09-10 17:05:14 --> Total execution time: 0.0367
INFO - 2024-09-10 17:05:20 --> Config Class Initialized
INFO - 2024-09-10 17:05:20 --> Hooks Class Initialized
DEBUG - 2024-09-10 17:05:20 --> UTF-8 Support Enabled
INFO - 2024-09-10 17:05:20 --> Utf8 Class Initialized
INFO - 2024-09-10 17:05:20 --> URI Class Initialized
INFO - 2024-09-10 17:05:20 --> Router Class Initialized
INFO - 2024-09-10 17:05:20 --> Output Class Initialized
INFO - 2024-09-10 17:05:20 --> Security Class Initialized
DEBUG - 2024-09-10 17:05:20 --> Global POST, GET and COOKIE data sanitized
INFO - 2024-09-10 17:05:20 --> Input Class Initialized
INFO - 2024-09-10 17:05:20 --> Language Class Initialized
INFO - 2024-09-10 17:05:20 --> Loader Class Initialized
INFO - 2024-09-10 17:05:20 --> Helper loaded: url_helper
INFO - 2024-09-10 17:05:20 --> Database Driver Class Initialized
INFO - 2024-09-10 17:05:20 --> Controller Class Initialized
INFO - 2024-09-10 17:05:20 --> Model "Mconfigkey" initialized
INFO - 2024-09-10 17:05:20 --> Model "Mgoods_in" initialized
INFO - 2024-09-10 17:05:20 --> Final output sent to browser
DEBUG - 2024-09-10 17:05:20 --> Total execution time: 0.0382
INFO - 2024-09-10 17:05:20 --> Config Class Initialized
INFO - 2024-09-10 17:05:20 --> Hooks Class Initialized
DEBUG - 2024-09-10 17:05:20 --> UTF-8 Support Enabled
INFO - 2024-09-10 17:05:20 --> Utf8 Class Initialized
INFO - 2024-09-10 17:05:20 --> URI Class Initialized
INFO - 2024-09-10 17:05:20 --> Router Class Initialized
INFO - 2024-09-10 17:05:20 --> Output Class Initialized
INFO - 2024-09-10 17:05:20 --> Security Class Initialized
DEBUG - 2024-09-10 17:05:20 --> Global POST, GET and COOKIE data sanitized
INFO - 2024-09-10 17:05:20 --> Input Class Initialized
INFO - 2024-09-10 17:05:20 --> Language Class Initialized
INFO - 2024-09-10 17:05:20 --> Loader Class Initialized
INFO - 2024-09-10 17:05:20 --> Helper loaded: url_helper
INFO - 2024-09-10 17:05:20 --> Database Driver Class Initialized
INFO - 2024-09-10 17:05:20 --> Controller Class Initialized
INFO - 2024-09-10 17:05:20 --> Model "Mconfigkey" initialized
INFO - 2024-09-10 17:05:20 --> Model "Mgoods_in" initialized
INFO - 2024-09-10 17:05:21 --> Final output sent to browser
DEBUG - 2024-09-10 17:05:21 --> Total execution time: 0.0582
INFO - 2024-09-10 17:05:21 --> Config Class Initialized
INFO - 2024-09-10 17:05:21 --> Hooks Class Initialized
DEBUG - 2024-09-10 17:05:21 --> UTF-8 Support Enabled
INFO - 2024-09-10 17:05:21 --> Utf8 Class Initialized
INFO - 2024-09-10 17:05:21 --> URI Class Initialized
INFO - 2024-09-10 17:05:21 --> Router Class Initialized
INFO - 2024-09-10 17:05:21 --> Output Class Initialized
INFO - 2024-09-10 17:05:21 --> Security Class Initialized
DEBUG - 2024-09-10 17:05:21 --> Global POST, GET and COOKIE data sanitized
INFO - 2024-09-10 17:05:21 --> Input Class Initialized
INFO - 2024-09-10 17:05:21 --> Language Class Initialized
INFO - 2024-09-10 17:05:21 --> Loader Class Initialized
INFO - 2024-09-10 17:05:21 --> Helper loaded: url_helper
INFO - 2024-09-10 17:05:21 --> Database Driver Class Initialized
INFO - 2024-09-10 17:05:21 --> Controller Class Initialized
INFO - 2024-09-10 17:05:21 --> Model "Mconfigkey" initialized
INFO - 2024-09-10 17:05:21 --> Model "Mgoods_in" initialized
INFO - 2024-09-10 17:05:21 --> Final output sent to browser
DEBUG - 2024-09-10 17:05:21 --> Total execution time: 0.0383
INFO - 2024-09-10 17:05:21 --> Config Class Initialized
INFO - 2024-09-10 17:05:21 --> Hooks Class Initialized
DEBUG - 2024-09-10 17:05:21 --> UTF-8 Support Enabled
INFO - 2024-09-10 17:05:21 --> Utf8 Class Initialized
INFO - 2024-09-10 17:05:21 --> URI Class Initialized
INFO - 2024-09-10 17:05:21 --> Router Class Initialized
INFO - 2024-09-10 17:05:21 --> Output Class Initialized
INFO - 2024-09-10 17:05:21 --> Security Class Initialized
DEBUG - 2024-09-10 17:05:21 --> Global POST, GET and COOKIE data sanitized
INFO - 2024-09-10 17:05:21 --> Input Class Initialized
INFO - 2024-09-10 17:05:21 --> Language Class Initialized
INFO - 2024-09-10 17:05:21 --> Loader Class Initialized
INFO - 2024-09-10 17:05:21 --> Helper loaded: url_helper
INFO - 2024-09-10 17:05:21 --> Database Driver Class Initialized
INFO - 2024-09-10 17:05:21 --> Controller Class Initialized
INFO - 2024-09-10 17:05:21 --> Model "Mconfigkey" initialized
INFO - 2024-09-10 17:05:21 --> Model "Mgoods_in" initialized
INFO - 2024-09-10 17:05:21 --> Final output sent to browser
DEBUG - 2024-09-10 17:05:21 --> Total execution time: 0.0381
INFO - 2024-09-10 17:05:21 --> Config Class Initialized
INFO - 2024-09-10 17:05:21 --> Hooks Class Initialized
DEBUG - 2024-09-10 17:05:21 --> UTF-8 Support Enabled
INFO - 2024-09-10 17:05:21 --> Utf8 Class Initialized
INFO - 2024-09-10 17:05:21 --> URI Class Initialized
INFO - 2024-09-10 17:05:21 --> Router Class Initialized
INFO - 2024-09-10 17:05:21 --> Output Class Initialized
INFO - 2024-09-10 17:05:21 --> Security Class Initialized
DEBUG - 2024-09-10 17:05:21 --> Global POST, GET and COOKIE data sanitized
INFO - 2024-09-10 17:05:21 --> Input Class Initialized
INFO - 2024-09-10 17:05:21 --> Language Class Initialized
INFO - 2024-09-10 17:05:21 --> Loader Class Initialized
INFO - 2024-09-10 17:05:21 --> Helper loaded: url_helper
INFO - 2024-09-10 17:05:21 --> Database Driver Class Initialized
INFO - 2024-09-10 17:05:21 --> Controller Class Initialized
INFO - 2024-09-10 17:05:21 --> Model "Mconfigkey" initialized
INFO - 2024-09-10 17:05:21 --> Model "Mgoods_in" initialized
INFO - 2024-09-10 17:05:21 --> Final output sent to browser
DEBUG - 2024-09-10 17:05:21 --> Total execution time: 0.0386
INFO - 2024-09-10 17:05:21 --> Config Class Initialized
INFO - 2024-09-10 17:05:21 --> Hooks Class Initialized
DEBUG - 2024-09-10 17:05:21 --> UTF-8 Support Enabled
INFO - 2024-09-10 17:05:21 --> Utf8 Class Initialized
INFO - 2024-09-10 17:05:21 --> URI Class Initialized
INFO - 2024-09-10 17:05:21 --> Router Class Initialized
INFO - 2024-09-10 17:05:21 --> Output Class Initialized
INFO - 2024-09-10 17:05:21 --> Security Class Initialized
DEBUG - 2024-09-10 17:05:21 --> Global POST, GET and COOKIE data sanitized
INFO - 2024-09-10 17:05:21 --> Input Class Initialized
INFO - 2024-09-10 17:05:21 --> Language Class Initialized
INFO - 2024-09-10 17:05:21 --> Loader Class Initialized
INFO - 2024-09-10 17:05:21 --> Helper loaded: url_helper
INFO - 2024-09-10 17:05:21 --> Database Driver Class Initialized
INFO - 2024-09-10 17:05:21 --> Controller Class Initialized
INFO - 2024-09-10 17:05:21 --> Model "Mconfigkey" initialized
INFO - 2024-09-10 17:05:21 --> Model "Mgoods_in" initialized
INFO - 2024-09-10 17:05:21 --> Final output sent to browser
DEBUG - 2024-09-10 17:05:21 --> Total execution time: 0.0390
INFO - 2024-09-10 17:05:21 --> Config Class Initialized
INFO - 2024-09-10 17:05:21 --> Hooks Class Initialized
DEBUG - 2024-09-10 17:05:21 --> UTF-8 Support Enabled
INFO - 2024-09-10 17:05:21 --> Utf8 Class Initialized
INFO - 2024-09-10 17:05:21 --> URI Class Initialized
INFO - 2024-09-10 17:05:21 --> Router Class Initialized
INFO - 2024-09-10 17:05:21 --> Output Class Initialized
INFO - 2024-09-10 17:05:21 --> Security Class Initialized
DEBUG - 2024-09-10 17:05:21 --> Global POST, GET and COOKIE data sanitized
INFO - 2024-09-10 17:05:21 --> Input Class Initialized
INFO - 2024-09-10 17:05:21 --> Language Class Initialized
INFO - 2024-09-10 17:05:21 --> Loader Class Initialized
INFO - 2024-09-10 17:05:21 --> Helper loaded: url_helper
INFO - 2024-09-10 17:05:21 --> Database Driver Class Initialized
INFO - 2024-09-10 17:05:21 --> Controller Class Initialized
INFO - 2024-09-10 17:05:21 --> Model "Mconfigkey" initialized
INFO - 2024-09-10 17:05:21 --> Model "Mgoods_in" initialized
INFO - 2024-09-10 17:05:21 --> Final output sent to browser
DEBUG - 2024-09-10 17:05:21 --> Total execution time: 0.0386
INFO - 2024-09-10 17:05:21 --> Config Class Initialized
INFO - 2024-09-10 17:05:21 --> Hooks Class Initialized
DEBUG - 2024-09-10 17:05:21 --> UTF-8 Support Enabled
INFO - 2024-09-10 17:05:21 --> Utf8 Class Initialized
INFO - 2024-09-10 17:05:21 --> URI Class Initialized
INFO - 2024-09-10 17:05:21 --> Router Class Initialized
INFO - 2024-09-10 17:05:21 --> Output Class Initialized
INFO - 2024-09-10 17:05:21 --> Security Class Initialized
DEBUG - 2024-09-10 17:05:21 --> Global POST, GET and COOKIE data sanitized
INFO - 2024-09-10 17:05:21 --> Input Class Initialized
INFO - 2024-09-10 17:05:21 --> Language Class Initialized
INFO - 2024-09-10 17:05:21 --> Loader Class Initialized
INFO - 2024-09-10 17:05:21 --> Helper loaded: url_helper
INFO - 2024-09-10 17:05:21 --> Database Driver Class Initialized
INFO - 2024-09-10 17:05:21 --> Controller Class Initialized
INFO - 2024-09-10 17:05:21 --> Model "Mconfigkey" initialized
INFO - 2024-09-10 17:05:21 --> Model "Mgoods_in" initialized
INFO - 2024-09-10 17:05:21 --> Final output sent to browser
DEBUG - 2024-09-10 17:05:21 --> Total execution time: 0.0391
INFO - 2024-09-10 17:06:46 --> Config Class Initialized
INFO - 2024-09-10 17:06:46 --> Hooks Class Initialized
DEBUG - 2024-09-10 17:06:46 --> UTF-8 Support Enabled
INFO - 2024-09-10 17:06:46 --> Utf8 Class Initialized
INFO - 2024-09-10 17:06:46 --> URI Class Initialized
INFO - 2024-09-10 17:06:46 --> Router Class Initialized
INFO - 2024-09-10 17:06:46 --> Output Class Initialized
INFO - 2024-09-10 17:06:46 --> Security Class Initialized
DEBUG - 2024-09-10 17:06:46 --> Global POST, GET and COOKIE data sanitized
INFO - 2024-09-10 17:06:46 --> Input Class Initialized
INFO - 2024-09-10 17:06:46 --> Language Class Initialized
INFO - 2024-09-10 17:06:46 --> Loader Class Initialized
INFO - 2024-09-10 17:06:46 --> Helper loaded: url_helper
INFO - 2024-09-10 17:06:46 --> Database Driver Class Initialized
INFO - 2024-09-10 17:06:46 --> Controller Class Initialized
INFO - 2024-09-10 17:06:46 --> Model "Mconfigkey" initialized
INFO - 2024-09-10 17:06:46 --> Model "Mgoods_in" initialized
INFO - 2024-09-10 17:06:46 --> Final output sent to browser
DEBUG - 2024-09-10 17:06:46 --> Total execution time: 0.0232
INFO - 2024-09-10 17:06:54 --> Config Class Initialized
INFO - 2024-09-10 17:06:54 --> Hooks Class Initialized
DEBUG - 2024-09-10 17:06:54 --> UTF-8 Support Enabled
INFO - 2024-09-10 17:06:54 --> Utf8 Class Initialized
INFO - 2024-09-10 17:06:54 --> URI Class Initialized
INFO - 2024-09-10 17:06:54 --> Router Class Initialized
INFO - 2024-09-10 17:06:54 --> Output Class Initialized
INFO - 2024-09-10 17:06:54 --> Security Class Initialized
DEBUG - 2024-09-10 17:06:54 --> Global POST, GET and COOKIE data sanitized
INFO - 2024-09-10 17:06:54 --> Input Class Initialized
INFO - 2024-09-10 17:06:54 --> Language Class Initialized
INFO - 2024-09-10 17:06:54 --> Loader Class Initialized
INFO - 2024-09-10 17:06:54 --> Helper loaded: url_helper
INFO - 2024-09-10 17:06:54 --> Database Driver Class Initialized
INFO - 2024-09-10 17:06:54 --> Controller Class Initialized
INFO - 2024-09-10 17:06:54 --> Model "Mconfigkey" initialized
INFO - 2024-09-10 17:06:54 --> Model "Mgoods_in" initialized
INFO - 2024-09-10 17:06:54 --> Final output sent to browser
DEBUG - 2024-09-10 17:06:54 --> Total execution time: 0.0370
INFO - 2024-09-10 17:07:10 --> Config Class Initialized
INFO - 2024-09-10 17:07:10 --> Hooks Class Initialized
DEBUG - 2024-09-10 17:07:10 --> UTF-8 Support Enabled
INFO - 2024-09-10 17:07:10 --> Utf8 Class Initialized
INFO - 2024-09-10 17:07:10 --> URI Class Initialized
INFO - 2024-09-10 17:07:10 --> Router Class Initialized
INFO - 2024-09-10 17:07:10 --> Output Class Initialized
INFO - 2024-09-10 17:07:10 --> Security Class Initialized
DEBUG - 2024-09-10 17:07:10 --> Global POST, GET and COOKIE data sanitized
INFO - 2024-09-10 17:07:10 --> Input Class Initialized
INFO - 2024-09-10 17:07:10 --> Language Class Initialized
INFO - 2024-09-10 17:07:10 --> Loader Class Initialized
INFO - 2024-09-10 17:07:10 --> Helper loaded: url_helper
INFO - 2024-09-10 17:07:10 --> Database Driver Class Initialized
INFO - 2024-09-10 17:07:10 --> Controller Class Initialized
INFO - 2024-09-10 17:07:10 --> Model "Mconfigkey" initialized
INFO - 2024-09-10 17:07:10 --> Model "Mgoods_in" initialized
INFO - 2024-09-10 17:07:10 --> Final output sent to browser
DEBUG - 2024-09-10 17:07:10 --> Total execution time: 0.0491
INFO - 2024-09-10 17:07:10 --> Config Class Initialized
INFO - 2024-09-10 17:07:10 --> Hooks Class Initialized
DEBUG - 2024-09-10 17:07:10 --> UTF-8 Support Enabled
INFO - 2024-09-10 17:07:10 --> Utf8 Class Initialized
INFO - 2024-09-10 17:07:10 --> URI Class Initialized
INFO - 2024-09-10 17:07:10 --> Router Class Initialized
INFO - 2024-09-10 17:07:10 --> Output Class Initialized
INFO - 2024-09-10 17:07:10 --> Security Class Initialized
DEBUG - 2024-09-10 17:07:10 --> Global POST, GET and COOKIE data sanitized
INFO - 2024-09-10 17:07:10 --> Input Class Initialized
INFO - 2024-09-10 17:07:10 --> Language Class Initialized
INFO - 2024-09-10 17:07:10 --> Loader Class Initialized
INFO - 2024-09-10 17:07:10 --> Helper loaded: url_helper
INFO - 2024-09-10 17:07:10 --> Database Driver Class Initialized
INFO - 2024-09-10 17:07:10 --> Controller Class Initialized
INFO - 2024-09-10 17:07:10 --> Model "Mconfigkey" initialized
INFO - 2024-09-10 17:07:10 --> Model "Mgoods_in" initialized
INFO - 2024-09-10 17:07:10 --> Final output sent to browser
DEBUG - 2024-09-10 17:07:10 --> Total execution time: 0.0453
INFO - 2024-09-10 17:07:10 --> Config Class Initialized
INFO - 2024-09-10 17:07:10 --> Hooks Class Initialized
DEBUG - 2024-09-10 17:07:10 --> UTF-8 Support Enabled
INFO - 2024-09-10 17:07:10 --> Utf8 Class Initialized
INFO - 2024-09-10 17:07:10 --> URI Class Initialized
INFO - 2024-09-10 17:07:10 --> Router Class Initialized
INFO - 2024-09-10 17:07:10 --> Output Class Initialized
INFO - 2024-09-10 17:07:10 --> Security Class Initialized
DEBUG - 2024-09-10 17:07:10 --> Global POST, GET and COOKIE data sanitized
INFO - 2024-09-10 17:07:10 --> Input Class Initialized
INFO - 2024-09-10 17:07:10 --> Language Class Initialized
INFO - 2024-09-10 17:07:10 --> Loader Class Initialized
INFO - 2024-09-10 17:07:10 --> Helper loaded: url_helper
INFO - 2024-09-10 17:07:10 --> Database Driver Class Initialized
INFO - 2024-09-10 17:07:10 --> Controller Class Initialized
INFO - 2024-09-10 17:07:10 --> Model "Mconfigkey" initialized
INFO - 2024-09-10 17:07:10 --> Model "Mgoods_in" initialized
INFO - 2024-09-10 17:07:10 --> Final output sent to browser
DEBUG - 2024-09-10 17:07:10 --> Total execution time: 0.0391
INFO - 2024-09-10 17:07:10 --> Config Class Initialized
INFO - 2024-09-10 17:07:10 --> Hooks Class Initialized
DEBUG - 2024-09-10 17:07:10 --> UTF-8 Support Enabled
INFO - 2024-09-10 17:07:10 --> Utf8 Class Initialized
INFO - 2024-09-10 17:07:10 --> URI Class Initialized
INFO - 2024-09-10 17:07:10 --> Router Class Initialized
INFO - 2024-09-10 17:07:10 --> Output Class Initialized
INFO - 2024-09-10 17:07:10 --> Security Class Initialized
DEBUG - 2024-09-10 17:07:10 --> Global POST, GET and COOKIE data sanitized
INFO - 2024-09-10 17:07:10 --> Input Class Initialized
INFO - 2024-09-10 17:07:10 --> Language Class Initialized
INFO - 2024-09-10 17:07:10 --> Loader Class Initialized
INFO - 2024-09-10 17:07:10 --> Helper loaded: url_helper
INFO - 2024-09-10 17:07:10 --> Database Driver Class Initialized
INFO - 2024-09-10 17:07:10 --> Controller Class Initialized
INFO - 2024-09-10 17:07:10 --> Model "Mconfigkey" initialized
INFO - 2024-09-10 17:07:10 --> Model "Mgoods_in" initialized
INFO - 2024-09-10 17:07:10 --> Final output sent to browser
DEBUG - 2024-09-10 17:07:10 --> Total execution time: 0.0382
INFO - 2024-09-10 17:07:11 --> Config Class Initialized
INFO - 2024-09-10 17:07:11 --> Hooks Class Initialized
DEBUG - 2024-09-10 17:07:11 --> UTF-8 Support Enabled
INFO - 2024-09-10 17:07:11 --> Utf8 Class Initialized
INFO - 2024-09-10 17:07:11 --> URI Class Initialized
INFO - 2024-09-10 17:07:11 --> Router Class Initialized
INFO - 2024-09-10 17:07:11 --> Output Class Initialized
INFO - 2024-09-10 17:07:11 --> Security Class Initialized
DEBUG - 2024-09-10 17:07:11 --> Global POST, GET and COOKIE data sanitized
INFO - 2024-09-10 17:07:11 --> Input Class Initialized
INFO - 2024-09-10 17:07:11 --> Language Class Initialized
INFO - 2024-09-10 17:07:11 --> Loader Class Initialized
INFO - 2024-09-10 17:07:11 --> Helper loaded: url_helper
INFO - 2024-09-10 17:07:11 --> Database Driver Class Initialized
INFO - 2024-09-10 17:07:11 --> Controller Class Initialized
INFO - 2024-09-10 17:07:11 --> Model "Mconfigkey" initialized
INFO - 2024-09-10 17:07:11 --> Model "Mgoods_in" initialized
INFO - 2024-09-10 17:07:11 --> Final output sent to browser
DEBUG - 2024-09-10 17:07:11 --> Total execution time: 0.0458
INFO - 2024-09-10 17:07:11 --> Config Class Initialized
INFO - 2024-09-10 17:07:11 --> Hooks Class Initialized
DEBUG - 2024-09-10 17:07:11 --> UTF-8 Support Enabled
INFO - 2024-09-10 17:07:11 --> Utf8 Class Initialized
INFO - 2024-09-10 17:07:11 --> URI Class Initialized
INFO - 2024-09-10 17:07:11 --> Router Class Initialized
INFO - 2024-09-10 17:07:11 --> Output Class Initialized
INFO - 2024-09-10 17:07:11 --> Security Class Initialized
DEBUG - 2024-09-10 17:07:11 --> Global POST, GET and COOKIE data sanitized
INFO - 2024-09-10 17:07:11 --> Input Class Initialized
INFO - 2024-09-10 17:07:11 --> Language Class Initialized
INFO - 2024-09-10 17:07:11 --> Loader Class Initialized
INFO - 2024-09-10 17:07:11 --> Helper loaded: url_helper
INFO - 2024-09-10 17:07:11 --> Database Driver Class Initialized
INFO - 2024-09-10 17:07:11 --> Controller Class Initialized
INFO - 2024-09-10 17:07:11 --> Model "Mconfigkey" initialized
INFO - 2024-09-10 17:07:11 --> Model "Mgoods_in" initialized
INFO - 2024-09-10 17:07:11 --> Final output sent to browser
DEBUG - 2024-09-10 17:07:11 --> Total execution time: 0.0441
INFO - 2024-09-10 17:07:11 --> Config Class Initialized
INFO - 2024-09-10 17:07:11 --> Hooks Class Initialized
DEBUG - 2024-09-10 17:07:11 --> UTF-8 Support Enabled
INFO - 2024-09-10 17:07:11 --> Utf8 Class Initialized
INFO - 2024-09-10 17:07:11 --> URI Class Initialized
INFO - 2024-09-10 17:07:11 --> Router Class Initialized
INFO - 2024-09-10 17:07:11 --> Output Class Initialized
INFO - 2024-09-10 17:07:11 --> Security Class Initialized
DEBUG - 2024-09-10 17:07:11 --> Global POST, GET and COOKIE data sanitized
INFO - 2024-09-10 17:07:11 --> Input Class Initialized
INFO - 2024-09-10 17:07:11 --> Language Class Initialized
INFO - 2024-09-10 17:07:11 --> Loader Class Initialized
INFO - 2024-09-10 17:07:11 --> Helper loaded: url_helper
INFO - 2024-09-10 17:07:11 --> Database Driver Class Initialized
INFO - 2024-09-10 17:07:11 --> Controller Class Initialized
INFO - 2024-09-10 17:07:11 --> Model "Mconfigkey" initialized
INFO - 2024-09-10 17:07:11 --> Model "Mgoods_in" initialized
INFO - 2024-09-10 17:07:11 --> Final output sent to browser
DEBUG - 2024-09-10 17:07:11 --> Total execution time: 0.0403
INFO - 2024-09-10 17:07:11 --> Config Class Initialized
INFO - 2024-09-10 17:07:11 --> Hooks Class Initialized
DEBUG - 2024-09-10 17:07:11 --> UTF-8 Support Enabled
INFO - 2024-09-10 17:07:11 --> Utf8 Class Initialized
INFO - 2024-09-10 17:07:11 --> URI Class Initialized
INFO - 2024-09-10 17:07:11 --> Router Class Initialized
INFO - 2024-09-10 17:07:11 --> Output Class Initialized
INFO - 2024-09-10 17:07:11 --> Security Class Initialized
DEBUG - 2024-09-10 17:07:11 --> Global POST, GET and COOKIE data sanitized
INFO - 2024-09-10 17:07:11 --> Input Class Initialized
INFO - 2024-09-10 17:07:11 --> Language Class Initialized
INFO - 2024-09-10 17:07:11 --> Loader Class Initialized
INFO - 2024-09-10 17:07:11 --> Helper loaded: url_helper
INFO - 2024-09-10 17:07:11 --> Database Driver Class Initialized
INFO - 2024-09-10 17:07:11 --> Controller Class Initialized
INFO - 2024-09-10 17:07:11 --> Model "Mconfigkey" initialized
INFO - 2024-09-10 17:07:11 --> Model "Mgoods_in" initialized
INFO - 2024-09-10 17:07:11 --> Final output sent to browser
DEBUG - 2024-09-10 17:07:11 --> Total execution time: 0.0382
INFO - 2024-09-10 17:07:23 --> Config Class Initialized
INFO - 2024-09-10 17:07:23 --> Hooks Class Initialized
DEBUG - 2024-09-10 17:07:23 --> UTF-8 Support Enabled
INFO - 2024-09-10 17:07:23 --> Utf8 Class Initialized
INFO - 2024-09-10 17:07:23 --> URI Class Initialized
INFO - 2024-09-10 17:07:23 --> Router Class Initialized
INFO - 2024-09-10 17:07:23 --> Output Class Initialized
INFO - 2024-09-10 17:07:23 --> Security Class Initialized
DEBUG - 2024-09-10 17:07:23 --> Global POST, GET and COOKIE data sanitized
INFO - 2024-09-10 17:07:23 --> Input Class Initialized
INFO - 2024-09-10 17:07:23 --> Language Class Initialized
INFO - 2024-09-10 17:07:23 --> Loader Class Initialized
INFO - 2024-09-10 17:07:23 --> Helper loaded: url_helper
INFO - 2024-09-10 17:07:23 --> Database Driver Class Initialized
INFO - 2024-09-10 17:07:23 --> Controller Class Initialized
INFO - 2024-09-10 17:07:23 --> Model "Mconfigkey" initialized
INFO - 2024-09-10 17:07:23 --> Model "Mgoods_in" initialized
INFO - 2024-09-10 17:07:23 --> Final output sent to browser
DEBUG - 2024-09-10 17:07:23 --> Total execution time: 0.0223
INFO - 2024-09-10 17:07:25 --> Config Class Initialized
INFO - 2024-09-10 17:07:25 --> Hooks Class Initialized
DEBUG - 2024-09-10 17:07:25 --> UTF-8 Support Enabled
INFO - 2024-09-10 17:07:25 --> Utf8 Class Initialized
INFO - 2024-09-10 17:07:25 --> URI Class Initialized
INFO - 2024-09-10 17:07:25 --> Router Class Initialized
INFO - 2024-09-10 17:07:25 --> Output Class Initialized
INFO - 2024-09-10 17:07:25 --> Security Class Initialized
DEBUG - 2024-09-10 17:07:25 --> Global POST, GET and COOKIE data sanitized
INFO - 2024-09-10 17:07:25 --> Input Class Initialized
INFO - 2024-09-10 17:07:25 --> Language Class Initialized
INFO - 2024-09-10 17:07:25 --> Loader Class Initialized
INFO - 2024-09-10 17:07:25 --> Helper loaded: url_helper
INFO - 2024-09-10 17:07:25 --> Database Driver Class Initialized
INFO - 2024-09-10 17:07:25 --> Controller Class Initialized
INFO - 2024-09-10 17:07:25 --> Model "Mconfigkey" initialized
INFO - 2024-09-10 17:07:25 --> Model "Mgoods_in" initialized
INFO - 2024-09-10 17:07:25 --> Final output sent to browser
DEBUG - 2024-09-10 17:07:25 --> Total execution time: 0.0359
INFO - 2024-09-10 17:07:30 --> Config Class Initialized
INFO - 2024-09-10 17:07:30 --> Hooks Class Initialized
DEBUG - 2024-09-10 17:07:30 --> UTF-8 Support Enabled
INFO - 2024-09-10 17:07:30 --> Utf8 Class Initialized
INFO - 2024-09-10 17:07:30 --> URI Class Initialized
INFO - 2024-09-10 17:07:30 --> Router Class Initialized
INFO - 2024-09-10 17:07:30 --> Output Class Initialized
INFO - 2024-09-10 17:07:30 --> Security Class Initialized
DEBUG - 2024-09-10 17:07:30 --> Global POST, GET and COOKIE data sanitized
INFO - 2024-09-10 17:07:30 --> Input Class Initialized
INFO - 2024-09-10 17:07:30 --> Language Class Initialized
INFO - 2024-09-10 17:07:30 --> Loader Class Initialized
INFO - 2024-09-10 17:07:30 --> Helper loaded: url_helper
INFO - 2024-09-10 17:07:30 --> Database Driver Class Initialized
INFO - 2024-09-10 17:07:30 --> Controller Class Initialized
INFO - 2024-09-10 17:07:30 --> Model "Mconfigkey" initialized
INFO - 2024-09-10 17:07:30 --> Model "Mgoods_in" initialized
INFO - 2024-09-10 17:07:30 --> Final output sent to browser
DEBUG - 2024-09-10 17:07:30 --> Total execution time: 0.0376
INFO - 2024-09-10 17:09:01 --> Config Class Initialized
INFO - 2024-09-10 17:09:01 --> Hooks Class Initialized
DEBUG - 2024-09-10 17:09:01 --> UTF-8 Support Enabled
INFO - 2024-09-10 17:09:01 --> Utf8 Class Initialized
INFO - 2024-09-10 17:09:01 --> URI Class Initialized
INFO - 2024-09-10 17:09:01 --> Router Class Initialized
INFO - 2024-09-10 17:09:01 --> Output Class Initialized
INFO - 2024-09-10 17:09:01 --> Security Class Initialized
DEBUG - 2024-09-10 17:09:01 --> Global POST, GET and COOKIE data sanitized
INFO - 2024-09-10 17:09:01 --> Input Class Initialized
INFO - 2024-09-10 17:09:01 --> Language Class Initialized
INFO - 2024-09-10 17:09:01 --> Loader Class Initialized
INFO - 2024-09-10 17:09:01 --> Helper loaded: url_helper
INFO - 2024-09-10 17:09:01 --> Database Driver Class Initialized
INFO - 2024-09-10 17:09:01 --> Controller Class Initialized
INFO - 2024-09-10 17:09:01 --> Model "Mconfigkey" initialized
INFO - 2024-09-10 17:09:01 --> Model "Mportal_data" initialized
INFO - 2024-09-10 17:09:01 --> Final output sent to browser
DEBUG - 2024-09-10 17:09:01 --> Total execution time: 0.0240
INFO - 2024-09-10 17:09:01 --> Config Class Initialized
INFO - 2024-09-10 17:09:01 --> Hooks Class Initialized
DEBUG - 2024-09-10 17:09:01 --> UTF-8 Support Enabled
INFO - 2024-09-10 17:09:01 --> Utf8 Class Initialized
INFO - 2024-09-10 17:09:01 --> URI Class Initialized
INFO - 2024-09-10 17:09:01 --> Router Class Initialized
INFO - 2024-09-10 17:09:01 --> Output Class Initialized
INFO - 2024-09-10 17:09:01 --> Security Class Initialized
DEBUG - 2024-09-10 17:09:01 --> Global POST, GET and COOKIE data sanitized
INFO - 2024-09-10 17:09:01 --> Input Class Initialized
INFO - 2024-09-10 17:09:01 --> Language Class Initialized
INFO - 2024-09-10 17:09:01 --> Loader Class Initialized
INFO - 2024-09-10 17:09:01 --> Helper loaded: url_helper
INFO - 2024-09-10 17:09:01 --> Database Driver Class Initialized
INFO - 2024-09-10 17:09:01 --> Controller Class Initialized
INFO - 2024-09-10 17:09:01 --> Model "Mconfigkey" initialized
INFO - 2024-09-10 17:09:01 --> Model "Msync_doc_aw" initialized
INFO - 2024-09-10 17:09:01 --> Final output sent to browser
DEBUG - 2024-09-10 17:09:01 --> Total execution time: 0.0318
INFO - 2024-09-10 17:09:49 --> Config Class Initialized
INFO - 2024-09-10 17:09:49 --> Hooks Class Initialized
DEBUG - 2024-09-10 17:09:49 --> UTF-8 Support Enabled
INFO - 2024-09-10 17:09:49 --> Utf8 Class Initialized
INFO - 2024-09-10 17:09:49 --> URI Class Initialized
INFO - 2024-09-10 17:09:49 --> Router Class Initialized
INFO - 2024-09-10 17:09:49 --> Output Class Initialized
INFO - 2024-09-10 17:09:49 --> Security Class Initialized
DEBUG - 2024-09-10 17:09:49 --> Global POST, GET and COOKIE data sanitized
INFO - 2024-09-10 17:09:49 --> Input Class Initialized
INFO - 2024-09-10 17:09:49 --> Language Class Initialized
INFO - 2024-09-10 17:09:49 --> Loader Class Initialized
INFO - 2024-09-10 17:09:49 --> Helper loaded: url_helper
INFO - 2024-09-10 17:09:49 --> Database Driver Class Initialized
INFO - 2024-09-10 17:09:49 --> Controller Class Initialized
INFO - 2024-09-10 17:09:49 --> Model "Mconfigkey" initialized
INFO - 2024-09-10 17:09:49 --> Model "Mgoods_in" initialized
INFO - 2024-09-10 17:09:49 --> Final output sent to browser
DEBUG - 2024-09-10 17:09:49 --> Total execution time: 0.0428
INFO - 2024-09-10 17:09:58 --> Config Class Initialized
INFO - 2024-09-10 17:09:58 --> Hooks Class Initialized
DEBUG - 2024-09-10 17:09:58 --> UTF-8 Support Enabled
INFO - 2024-09-10 17:09:58 --> Utf8 Class Initialized
INFO - 2024-09-10 17:09:58 --> URI Class Initialized
INFO - 2024-09-10 17:09:58 --> Router Class Initialized
INFO - 2024-09-10 17:09:58 --> Output Class Initialized
INFO - 2024-09-10 17:09:58 --> Security Class Initialized
DEBUG - 2024-09-10 17:09:58 --> Global POST, GET and COOKIE data sanitized
INFO - 2024-09-10 17:09:58 --> Input Class Initialized
INFO - 2024-09-10 17:09:58 --> Language Class Initialized
INFO - 2024-09-10 17:09:58 --> Loader Class Initialized
INFO - 2024-09-10 17:09:58 --> Helper loaded: url_helper
INFO - 2024-09-10 17:09:58 --> Database Driver Class Initialized
INFO - 2024-09-10 17:09:58 --> Controller Class Initialized
INFO - 2024-09-10 17:09:58 --> Model "Mconfigkey" initialized
INFO - 2024-09-10 17:09:58 --> Model "Mgoods_in" initialized
INFO - 2024-09-10 17:09:58 --> Final output sent to browser
DEBUG - 2024-09-10 17:09:58 --> Total execution time: 0.0399
INFO - 2024-09-10 17:09:58 --> Config Class Initialized
INFO - 2024-09-10 17:09:58 --> Hooks Class Initialized
DEBUG - 2024-09-10 17:09:58 --> UTF-8 Support Enabled
INFO - 2024-09-10 17:09:58 --> Utf8 Class Initialized
INFO - 2024-09-10 17:09:58 --> URI Class Initialized
INFO - 2024-09-10 17:09:58 --> Router Class Initialized
INFO - 2024-09-10 17:09:58 --> Output Class Initialized
INFO - 2024-09-10 17:09:58 --> Security Class Initialized
DEBUG - 2024-09-10 17:09:58 --> Global POST, GET and COOKIE data sanitized
INFO - 2024-09-10 17:09:58 --> Input Class Initialized
INFO - 2024-09-10 17:09:58 --> Language Class Initialized
INFO - 2024-09-10 17:09:58 --> Loader Class Initialized
INFO - 2024-09-10 17:09:58 --> Helper loaded: url_helper
INFO - 2024-09-10 17:09:58 --> Database Driver Class Initialized
INFO - 2024-09-10 17:09:58 --> Controller Class Initialized
INFO - 2024-09-10 17:09:58 --> Model "Mconfigkey" initialized
INFO - 2024-09-10 17:09:58 --> Model "Mgoods_in" initialized
INFO - 2024-09-10 17:09:58 --> Final output sent to browser
DEBUG - 2024-09-10 17:09:58 --> Total execution time: 0.0363
INFO - 2024-09-10 17:09:58 --> Config Class Initialized
INFO - 2024-09-10 17:09:58 --> Hooks Class Initialized
DEBUG - 2024-09-10 17:09:58 --> UTF-8 Support Enabled
INFO - 2024-09-10 17:09:58 --> Utf8 Class Initialized
INFO - 2024-09-10 17:09:58 --> URI Class Initialized
INFO - 2024-09-10 17:09:58 --> Router Class Initialized
INFO - 2024-09-10 17:09:58 --> Output Class Initialized
INFO - 2024-09-10 17:09:58 --> Security Class Initialized
DEBUG - 2024-09-10 17:09:58 --> Global POST, GET and COOKIE data sanitized
INFO - 2024-09-10 17:09:58 --> Input Class Initialized
INFO - 2024-09-10 17:09:58 --> Language Class Initialized
INFO - 2024-09-10 17:09:58 --> Loader Class Initialized
INFO - 2024-09-10 17:09:58 --> Helper loaded: url_helper
INFO - 2024-09-10 17:09:58 --> Database Driver Class Initialized
INFO - 2024-09-10 17:09:58 --> Controller Class Initialized
INFO - 2024-09-10 17:09:58 --> Model "Mconfigkey" initialized
INFO - 2024-09-10 17:09:58 --> Model "Mgoods_in" initialized
INFO - 2024-09-10 17:09:58 --> Final output sent to browser
DEBUG - 2024-09-10 17:09:58 --> Total execution time: 0.0365
INFO - 2024-09-10 17:09:59 --> Config Class Initialized
INFO - 2024-09-10 17:09:59 --> Hooks Class Initialized
DEBUG - 2024-09-10 17:09:59 --> UTF-8 Support Enabled
INFO - 2024-09-10 17:09:59 --> Utf8 Class Initialized
INFO - 2024-09-10 17:09:59 --> URI Class Initialized
INFO - 2024-09-10 17:09:59 --> Router Class Initialized
INFO - 2024-09-10 17:09:59 --> Output Class Initialized
INFO - 2024-09-10 17:09:59 --> Security Class Initialized
DEBUG - 2024-09-10 17:09:59 --> Global POST, GET and COOKIE data sanitized
INFO - 2024-09-10 17:09:59 --> Input Class Initialized
INFO - 2024-09-10 17:09:59 --> Language Class Initialized
INFO - 2024-09-10 17:09:59 --> Loader Class Initialized
INFO - 2024-09-10 17:09:59 --> Helper loaded: url_helper
INFO - 2024-09-10 17:09:59 --> Database Driver Class Initialized
INFO - 2024-09-10 17:09:59 --> Controller Class Initialized
INFO - 2024-09-10 17:09:59 --> Model "Mconfigkey" initialized
INFO - 2024-09-10 17:09:59 --> Model "Mgoods_in" initialized
INFO - 2024-09-10 17:09:59 --> Final output sent to browser
DEBUG - 2024-09-10 17:09:59 --> Total execution time: 0.0373
INFO - 2024-09-10 17:09:59 --> Config Class Initialized
INFO - 2024-09-10 17:09:59 --> Hooks Class Initialized
DEBUG - 2024-09-10 17:09:59 --> UTF-8 Support Enabled
INFO - 2024-09-10 17:09:59 --> Utf8 Class Initialized
INFO - 2024-09-10 17:09:59 --> URI Class Initialized
INFO - 2024-09-10 17:09:59 --> Router Class Initialized
INFO - 2024-09-10 17:09:59 --> Output Class Initialized
INFO - 2024-09-10 17:09:59 --> Security Class Initialized
DEBUG - 2024-09-10 17:09:59 --> Global POST, GET and COOKIE data sanitized
INFO - 2024-09-10 17:09:59 --> Input Class Initialized
INFO - 2024-09-10 17:09:59 --> Language Class Initialized
INFO - 2024-09-10 17:09:59 --> Loader Class Initialized
INFO - 2024-09-10 17:09:59 --> Helper loaded: url_helper
INFO - 2024-09-10 17:09:59 --> Database Driver Class Initialized
INFO - 2024-09-10 17:09:59 --> Controller Class Initialized
INFO - 2024-09-10 17:09:59 --> Model "Mconfigkey" initialized
INFO - 2024-09-10 17:09:59 --> Model "Mgoods_in" initialized
INFO - 2024-09-10 17:09:59 --> Final output sent to browser
DEBUG - 2024-09-10 17:09:59 --> Total execution time: 0.0366
INFO - 2024-09-10 17:09:59 --> Config Class Initialized
INFO - 2024-09-10 17:09:59 --> Hooks Class Initialized
DEBUG - 2024-09-10 17:09:59 --> UTF-8 Support Enabled
INFO - 2024-09-10 17:09:59 --> Utf8 Class Initialized
INFO - 2024-09-10 17:09:59 --> URI Class Initialized
INFO - 2024-09-10 17:09:59 --> Router Class Initialized
INFO - 2024-09-10 17:09:59 --> Output Class Initialized
INFO - 2024-09-10 17:09:59 --> Security Class Initialized
DEBUG - 2024-09-10 17:09:59 --> Global POST, GET and COOKIE data sanitized
INFO - 2024-09-10 17:09:59 --> Input Class Initialized
INFO - 2024-09-10 17:09:59 --> Language Class Initialized
INFO - 2024-09-10 17:09:59 --> Loader Class Initialized
INFO - 2024-09-10 17:09:59 --> Helper loaded: url_helper
INFO - 2024-09-10 17:09:59 --> Database Driver Class Initialized
INFO - 2024-09-10 17:09:59 --> Controller Class Initialized
INFO - 2024-09-10 17:09:59 --> Model "Mconfigkey" initialized
INFO - 2024-09-10 17:09:59 --> Model "Mgoods_in" initialized
INFO - 2024-09-10 17:09:59 --> Final output sent to browser
DEBUG - 2024-09-10 17:09:59 --> Total execution time: 0.0366
INFO - 2024-09-10 17:09:59 --> Config Class Initialized
INFO - 2024-09-10 17:09:59 --> Hooks Class Initialized
DEBUG - 2024-09-10 17:09:59 --> UTF-8 Support Enabled
INFO - 2024-09-10 17:09:59 --> Utf8 Class Initialized
INFO - 2024-09-10 17:09:59 --> URI Class Initialized
INFO - 2024-09-10 17:09:59 --> Router Class Initialized
INFO - 2024-09-10 17:09:59 --> Output Class Initialized
INFO - 2024-09-10 17:09:59 --> Security Class Initialized
DEBUG - 2024-09-10 17:09:59 --> Global POST, GET and COOKIE data sanitized
INFO - 2024-09-10 17:09:59 --> Input Class Initialized
INFO - 2024-09-10 17:09:59 --> Language Class Initialized
INFO - 2024-09-10 17:09:59 --> Loader Class Initialized
INFO - 2024-09-10 17:09:59 --> Helper loaded: url_helper
INFO - 2024-09-10 17:09:59 --> Database Driver Class Initialized
INFO - 2024-09-10 17:09:59 --> Controller Class Initialized
INFO - 2024-09-10 17:09:59 --> Model "Mconfigkey" initialized
INFO - 2024-09-10 17:09:59 --> Model "Mgoods_in" initialized
INFO - 2024-09-10 17:09:59 --> Final output sent to browser
DEBUG - 2024-09-10 17:09:59 --> Total execution time: 0.0366
INFO - 2024-09-10 17:09:59 --> Config Class Initialized
INFO - 2024-09-10 17:09:59 --> Hooks Class Initialized
DEBUG - 2024-09-10 17:09:59 --> UTF-8 Support Enabled
INFO - 2024-09-10 17:09:59 --> Utf8 Class Initialized
INFO - 2024-09-10 17:09:59 --> URI Class Initialized
INFO - 2024-09-10 17:09:59 --> Router Class Initialized
INFO - 2024-09-10 17:09:59 --> Output Class Initialized
INFO - 2024-09-10 17:09:59 --> Security Class Initialized
DEBUG - 2024-09-10 17:09:59 --> Global POST, GET and COOKIE data sanitized
INFO - 2024-09-10 17:09:59 --> Input Class Initialized
INFO - 2024-09-10 17:09:59 --> Language Class Initialized
INFO - 2024-09-10 17:09:59 --> Loader Class Initialized
INFO - 2024-09-10 17:09:59 --> Helper loaded: url_helper
INFO - 2024-09-10 17:09:59 --> Database Driver Class Initialized
INFO - 2024-09-10 17:09:59 --> Controller Class Initialized
INFO - 2024-09-10 17:09:59 --> Model "Mconfigkey" initialized
INFO - 2024-09-10 17:09:59 --> Model "Mgoods_in" initialized
INFO - 2024-09-10 17:09:59 --> Final output sent to browser
DEBUG - 2024-09-10 17:09:59 --> Total execution time: 0.0368
INFO - 2024-09-10 17:10:57 --> Config Class Initialized
INFO - 2024-09-10 17:10:57 --> Hooks Class Initialized
DEBUG - 2024-09-10 17:10:57 --> UTF-8 Support Enabled
INFO - 2024-09-10 17:10:57 --> Utf8 Class Initialized
INFO - 2024-09-10 17:10:57 --> URI Class Initialized
INFO - 2024-09-10 17:10:57 --> Router Class Initialized
INFO - 2024-09-10 17:10:57 --> Output Class Initialized
INFO - 2024-09-10 17:10:57 --> Security Class Initialized
DEBUG - 2024-09-10 17:10:57 --> Global POST, GET and COOKIE data sanitized
INFO - 2024-09-10 17:10:57 --> Input Class Initialized
INFO - 2024-09-10 17:10:57 --> Language Class Initialized
INFO - 2024-09-10 17:10:57 --> Loader Class Initialized
INFO - 2024-09-10 17:10:57 --> Helper loaded: url_helper
INFO - 2024-09-10 17:10:57 --> Database Driver Class Initialized
INFO - 2024-09-10 17:10:57 --> Controller Class Initialized
INFO - 2024-09-10 17:10:57 --> Model "Mconfigkey" initialized
INFO - 2024-09-10 17:10:57 --> Final output sent to browser
DEBUG - 2024-09-10 17:10:57 --> Total execution time: 0.0183
INFO - 2024-09-10 17:14:41 --> Config Class Initialized
INFO - 2024-09-10 17:14:41 --> Hooks Class Initialized
DEBUG - 2024-09-10 17:14:41 --> UTF-8 Support Enabled
INFO - 2024-09-10 17:14:41 --> Utf8 Class Initialized
INFO - 2024-09-10 17:14:41 --> URI Class Initialized
INFO - 2024-09-10 17:14:41 --> Router Class Initialized
INFO - 2024-09-10 17:14:41 --> Output Class Initialized
INFO - 2024-09-10 17:14:41 --> Security Class Initialized
DEBUG - 2024-09-10 17:14:41 --> Global POST, GET and COOKIE data sanitized
INFO - 2024-09-10 17:14:41 --> Input Class Initialized
INFO - 2024-09-10 17:14:41 --> Language Class Initialized
INFO - 2024-09-10 17:14:41 --> Loader Class Initialized
INFO - 2024-09-10 17:14:41 --> Helper loaded: url_helper
INFO - 2024-09-10 17:14:41 --> Database Driver Class Initialized
INFO - 2024-09-10 17:14:41 --> Controller Class Initialized
INFO - 2024-09-10 17:14:41 --> Model "Mconfigkey" initialized
INFO - 2024-09-10 17:14:41 --> Model "Mgoods_in" initialized
INFO - 2024-09-10 17:14:41 --> Final output sent to browser
DEBUG - 2024-09-10 17:14:41 --> Total execution time: 0.1797
INFO - 2024-09-10 17:14:41 --> Config Class Initialized
INFO - 2024-09-10 17:14:41 --> Hooks Class Initialized
DEBUG - 2024-09-10 17:14:41 --> UTF-8 Support Enabled
INFO - 2024-09-10 17:14:41 --> Utf8 Class Initialized
INFO - 2024-09-10 17:14:41 --> URI Class Initialized
INFO - 2024-09-10 17:14:41 --> Router Class Initialized
INFO - 2024-09-10 17:14:41 --> Output Class Initialized
INFO - 2024-09-10 17:14:41 --> Security Class Initialized
DEBUG - 2024-09-10 17:14:41 --> Global POST, GET and COOKIE data sanitized
INFO - 2024-09-10 17:14:41 --> Input Class Initialized
INFO - 2024-09-10 17:14:41 --> Language Class Initialized
INFO - 2024-09-10 17:14:41 --> Loader Class Initialized
INFO - 2024-09-10 17:14:41 --> Helper loaded: url_helper
INFO - 2024-09-10 17:14:41 --> Database Driver Class Initialized
INFO - 2024-09-10 17:14:41 --> Controller Class Initialized
INFO - 2024-09-10 17:14:41 --> Model "Mconfigkey" initialized
INFO - 2024-09-10 17:14:41 --> Model "Mgoods_in" initialized
INFO - 2024-09-10 17:14:41 --> Final output sent to browser
DEBUG - 2024-09-10 17:14:41 --> Total execution time: 0.0216
INFO - 2024-09-10 17:14:59 --> Config Class Initialized
INFO - 2024-09-10 17:14:59 --> Hooks Class Initialized
DEBUG - 2024-09-10 17:14:59 --> UTF-8 Support Enabled
INFO - 2024-09-10 17:14:59 --> Utf8 Class Initialized
INFO - 2024-09-10 17:14:59 --> URI Class Initialized
INFO - 2024-09-10 17:14:59 --> Router Class Initialized
INFO - 2024-09-10 17:14:59 --> Output Class Initialized
INFO - 2024-09-10 17:14:59 --> Security Class Initialized
DEBUG - 2024-09-10 17:14:59 --> Global POST, GET and COOKIE data sanitized
INFO - 2024-09-10 17:14:59 --> Input Class Initialized
INFO - 2024-09-10 17:14:59 --> Language Class Initialized
INFO - 2024-09-10 17:14:59 --> Loader Class Initialized
INFO - 2024-09-10 17:14:59 --> Helper loaded: url_helper
INFO - 2024-09-10 17:14:59 --> Database Driver Class Initialized
INFO - 2024-09-10 17:14:59 --> Controller Class Initialized
INFO - 2024-09-10 17:14:59 --> Model "Mconfigkey" initialized
INFO - 2024-09-10 17:14:59 --> Model "Mgoods_in" initialized
INFO - 2024-09-10 17:14:59 --> Final output sent to browser
DEBUG - 2024-09-10 17:14:59 --> Total execution time: 0.0358
INFO - 2024-09-10 17:15:08 --> Config Class Initialized
INFO - 2024-09-10 17:15:08 --> Hooks Class Initialized
DEBUG - 2024-09-10 17:15:08 --> UTF-8 Support Enabled
INFO - 2024-09-10 17:15:08 --> Utf8 Class Initialized
INFO - 2024-09-10 17:15:08 --> URI Class Initialized
INFO - 2024-09-10 17:15:08 --> Router Class Initialized
INFO - 2024-09-10 17:15:08 --> Output Class Initialized
INFO - 2024-09-10 17:15:08 --> Security Class Initialized
DEBUG - 2024-09-10 17:15:08 --> Global POST, GET and COOKIE data sanitized
INFO - 2024-09-10 17:15:08 --> Input Class Initialized
INFO - 2024-09-10 17:15:08 --> Language Class Initialized
INFO - 2024-09-10 17:15:08 --> Loader Class Initialized
INFO - 2024-09-10 17:15:08 --> Helper loaded: url_helper
INFO - 2024-09-10 17:15:08 --> Database Driver Class Initialized
INFO - 2024-09-10 17:15:08 --> Controller Class Initialized
INFO - 2024-09-10 17:15:08 --> Model "Mconfigkey" initialized
INFO - 2024-09-10 17:15:08 --> Model "Mgoods_in" initialized
INFO - 2024-09-10 17:15:08 --> Final output sent to browser
DEBUG - 2024-09-10 17:15:08 --> Total execution time: 0.0210
INFO - 2024-09-10 17:15:32 --> Config Class Initialized
INFO - 2024-09-10 17:15:32 --> Hooks Class Initialized
DEBUG - 2024-09-10 17:15:32 --> UTF-8 Support Enabled
INFO - 2024-09-10 17:15:32 --> Utf8 Class Initialized
INFO - 2024-09-10 17:15:32 --> URI Class Initialized
INFO - 2024-09-10 17:15:32 --> Router Class Initialized
INFO - 2024-09-10 17:15:32 --> Output Class Initialized
INFO - 2024-09-10 17:15:32 --> Security Class Initialized
DEBUG - 2024-09-10 17:15:32 --> Global POST, GET and COOKIE data sanitized
INFO - 2024-09-10 17:15:32 --> Input Class Initialized
INFO - 2024-09-10 17:15:32 --> Language Class Initialized
INFO - 2024-09-10 17:15:32 --> Loader Class Initialized
INFO - 2024-09-10 17:15:32 --> Helper loaded: url_helper
INFO - 2024-09-10 17:15:32 --> Database Driver Class Initialized
INFO - 2024-09-10 17:15:32 --> Controller Class Initialized
INFO - 2024-09-10 17:15:32 --> Model "Mconfigkey" initialized
INFO - 2024-09-10 17:15:32 --> Model "Mportal_data" initialized
INFO - 2024-09-10 17:15:32 --> Final output sent to browser
DEBUG - 2024-09-10 17:15:32 --> Total execution time: 0.0252
INFO - 2024-09-10 17:15:32 --> Config Class Initialized
INFO - 2024-09-10 17:15:32 --> Hooks Class Initialized
DEBUG - 2024-09-10 17:15:32 --> UTF-8 Support Enabled
INFO - 2024-09-10 17:15:32 --> Utf8 Class Initialized
INFO - 2024-09-10 17:15:32 --> URI Class Initialized
INFO - 2024-09-10 17:15:32 --> Router Class Initialized
INFO - 2024-09-10 17:15:32 --> Output Class Initialized
INFO - 2024-09-10 17:15:32 --> Security Class Initialized
DEBUG - 2024-09-10 17:15:32 --> Global POST, GET and COOKIE data sanitized
INFO - 2024-09-10 17:15:32 --> Input Class Initialized
INFO - 2024-09-10 17:15:32 --> Language Class Initialized
INFO - 2024-09-10 17:15:32 --> Loader Class Initialized
INFO - 2024-09-10 17:15:32 --> Helper loaded: url_helper
INFO - 2024-09-10 17:15:32 --> Database Driver Class Initialized
INFO - 2024-09-10 17:15:32 --> Controller Class Initialized
INFO - 2024-09-10 17:15:32 --> Model "Mconfigkey" initialized
INFO - 2024-09-10 17:15:32 --> Model "Msync_doc_aw" initialized
INFO - 2024-09-10 17:15:32 --> Final output sent to browser
DEBUG - 2024-09-10 17:15:32 --> Total execution time: 0.0318
INFO - 2024-09-10 17:15:47 --> Config Class Initialized
INFO - 2024-09-10 17:15:47 --> Hooks Class Initialized
DEBUG - 2024-09-10 17:15:48 --> UTF-8 Support Enabled
INFO - 2024-09-10 17:15:48 --> Utf8 Class Initialized
INFO - 2024-09-10 17:15:48 --> URI Class Initialized
INFO - 2024-09-10 17:15:48 --> Router Class Initialized
INFO - 2024-09-10 17:15:48 --> Output Class Initialized
INFO - 2024-09-10 17:15:48 --> Security Class Initialized
DEBUG - 2024-09-10 17:15:48 --> Global POST, GET and COOKIE data sanitized
INFO - 2024-09-10 17:15:48 --> Input Class Initialized
INFO - 2024-09-10 17:15:48 --> Language Class Initialized
INFO - 2024-09-10 17:15:48 --> Loader Class Initialized
INFO - 2024-09-10 17:15:48 --> Helper loaded: url_helper
INFO - 2024-09-10 17:15:48 --> Database Driver Class Initialized
INFO - 2024-09-10 17:15:48 --> Controller Class Initialized
INFO - 2024-09-10 17:15:48 --> Model "Mconfigkey" initialized
INFO - 2024-09-10 17:15:48 --> Model "Mgoods_in" initialized
INFO - 2024-09-10 17:15:48 --> Final output sent to browser
DEBUG - 2024-09-10 17:15:48 --> Total execution time: 0.0371
INFO - 2024-09-10 17:15:53 --> Config Class Initialized
INFO - 2024-09-10 17:15:53 --> Hooks Class Initialized
DEBUG - 2024-09-10 17:15:53 --> UTF-8 Support Enabled
INFO - 2024-09-10 17:15:53 --> Utf8 Class Initialized
INFO - 2024-09-10 17:15:53 --> URI Class Initialized
INFO - 2024-09-10 17:15:53 --> Router Class Initialized
INFO - 2024-09-10 17:15:53 --> Output Class Initialized
INFO - 2024-09-10 17:15:53 --> Security Class Initialized
DEBUG - 2024-09-10 17:15:53 --> Global POST, GET and COOKIE data sanitized
INFO - 2024-09-10 17:15:53 --> Input Class Initialized
INFO - 2024-09-10 17:15:53 --> Language Class Initialized
INFO - 2024-09-10 17:15:53 --> Loader Class Initialized
INFO - 2024-09-10 17:15:53 --> Helper loaded: url_helper
INFO - 2024-09-10 17:15:53 --> Database Driver Class Initialized
INFO - 2024-09-10 17:15:53 --> Controller Class Initialized
INFO - 2024-09-10 17:15:53 --> Model "Mconfigkey" initialized
INFO - 2024-09-10 17:15:53 --> Model "Mgoods_in" initialized
INFO - 2024-09-10 17:15:53 --> Final output sent to browser
DEBUG - 2024-09-10 17:15:53 --> Total execution time: 0.0362
INFO - 2024-09-10 17:15:53 --> Config Class Initialized
INFO - 2024-09-10 17:15:53 --> Hooks Class Initialized
DEBUG - 2024-09-10 17:15:53 --> UTF-8 Support Enabled
INFO - 2024-09-10 17:15:53 --> Utf8 Class Initialized
INFO - 2024-09-10 17:15:53 --> URI Class Initialized
INFO - 2024-09-10 17:15:53 --> Router Class Initialized
INFO - 2024-09-10 17:15:53 --> Output Class Initialized
INFO - 2024-09-10 17:15:53 --> Security Class Initialized
DEBUG - 2024-09-10 17:15:53 --> Global POST, GET and COOKIE data sanitized
INFO - 2024-09-10 17:15:53 --> Input Class Initialized
INFO - 2024-09-10 17:15:53 --> Language Class Initialized
INFO - 2024-09-10 17:15:53 --> Loader Class Initialized
INFO - 2024-09-10 17:15:53 --> Helper loaded: url_helper
INFO - 2024-09-10 17:15:53 --> Database Driver Class Initialized
INFO - 2024-09-10 17:15:53 --> Controller Class Initialized
INFO - 2024-09-10 17:15:53 --> Model "Mconfigkey" initialized
INFO - 2024-09-10 17:15:53 --> Model "Mgoods_in" initialized
INFO - 2024-09-10 17:15:53 --> Final output sent to browser
DEBUG - 2024-09-10 17:15:53 --> Total execution time: 0.0364
INFO - 2024-09-10 17:15:53 --> Config Class Initialized
INFO - 2024-09-10 17:15:53 --> Hooks Class Initialized
DEBUG - 2024-09-10 17:15:53 --> UTF-8 Support Enabled
INFO - 2024-09-10 17:15:53 --> Utf8 Class Initialized
INFO - 2024-09-10 17:15:53 --> URI Class Initialized
INFO - 2024-09-10 17:15:53 --> Router Class Initialized
INFO - 2024-09-10 17:15:53 --> Output Class Initialized
INFO - 2024-09-10 17:15:53 --> Security Class Initialized
DEBUG - 2024-09-10 17:15:53 --> Global POST, GET and COOKIE data sanitized
INFO - 2024-09-10 17:15:53 --> Input Class Initialized
INFO - 2024-09-10 17:15:53 --> Language Class Initialized
INFO - 2024-09-10 17:15:53 --> Loader Class Initialized
INFO - 2024-09-10 17:15:53 --> Helper loaded: url_helper
INFO - 2024-09-10 17:15:53 --> Database Driver Class Initialized
INFO - 2024-09-10 17:15:53 --> Controller Class Initialized
INFO - 2024-09-10 17:15:53 --> Model "Mconfigkey" initialized
INFO - 2024-09-10 17:15:53 --> Model "Mgoods_in" initialized
INFO - 2024-09-10 17:15:53 --> Final output sent to browser
DEBUG - 2024-09-10 17:15:53 --> Total execution time: 0.0370
INFO - 2024-09-10 17:15:53 --> Config Class Initialized
INFO - 2024-09-10 17:15:53 --> Hooks Class Initialized
DEBUG - 2024-09-10 17:15:53 --> UTF-8 Support Enabled
INFO - 2024-09-10 17:15:53 --> Utf8 Class Initialized
INFO - 2024-09-10 17:15:53 --> URI Class Initialized
INFO - 2024-09-10 17:15:53 --> Router Class Initialized
INFO - 2024-09-10 17:15:53 --> Output Class Initialized
INFO - 2024-09-10 17:15:53 --> Security Class Initialized
DEBUG - 2024-09-10 17:15:53 --> Global POST, GET and COOKIE data sanitized
INFO - 2024-09-10 17:15:53 --> Input Class Initialized
INFO - 2024-09-10 17:15:53 --> Language Class Initialized
INFO - 2024-09-10 17:15:53 --> Loader Class Initialized
INFO - 2024-09-10 17:15:53 --> Helper loaded: url_helper
INFO - 2024-09-10 17:15:53 --> Database Driver Class Initialized
INFO - 2024-09-10 17:15:53 --> Controller Class Initialized
INFO - 2024-09-10 17:15:53 --> Model "Mconfigkey" initialized
INFO - 2024-09-10 17:15:53 --> Model "Mgoods_in" initialized
INFO - 2024-09-10 17:15:53 --> Final output sent to browser
DEBUG - 2024-09-10 17:15:53 --> Total execution time: 0.0367
INFO - 2024-09-10 17:15:54 --> Config Class Initialized
INFO - 2024-09-10 17:15:54 --> Hooks Class Initialized
DEBUG - 2024-09-10 17:15:54 --> UTF-8 Support Enabled
INFO - 2024-09-10 17:15:54 --> Utf8 Class Initialized
INFO - 2024-09-10 17:15:54 --> URI Class Initialized
INFO - 2024-09-10 17:15:54 --> Router Class Initialized
INFO - 2024-09-10 17:15:54 --> Output Class Initialized
INFO - 2024-09-10 17:15:54 --> Security Class Initialized
DEBUG - 2024-09-10 17:15:54 --> Global POST, GET and COOKIE data sanitized
INFO - 2024-09-10 17:15:54 --> Input Class Initialized
INFO - 2024-09-10 17:15:54 --> Language Class Initialized
INFO - 2024-09-10 17:15:54 --> Loader Class Initialized
INFO - 2024-09-10 17:15:54 --> Helper loaded: url_helper
INFO - 2024-09-10 17:15:54 --> Database Driver Class Initialized
INFO - 2024-09-10 17:15:54 --> Controller Class Initialized
INFO - 2024-09-10 17:15:54 --> Model "Mconfigkey" initialized
INFO - 2024-09-10 17:15:54 --> Model "Mgoods_in" initialized
INFO - 2024-09-10 17:15:54 --> Final output sent to browser
DEBUG - 2024-09-10 17:15:54 --> Total execution time: 0.0363
INFO - 2024-09-10 17:15:54 --> Config Class Initialized
INFO - 2024-09-10 17:15:54 --> Hooks Class Initialized
DEBUG - 2024-09-10 17:15:54 --> UTF-8 Support Enabled
INFO - 2024-09-10 17:15:54 --> Utf8 Class Initialized
INFO - 2024-09-10 17:15:54 --> URI Class Initialized
INFO - 2024-09-10 17:15:54 --> Router Class Initialized
INFO - 2024-09-10 17:15:54 --> Output Class Initialized
INFO - 2024-09-10 17:15:54 --> Security Class Initialized
DEBUG - 2024-09-10 17:15:54 --> Global POST, GET and COOKIE data sanitized
INFO - 2024-09-10 17:15:54 --> Input Class Initialized
INFO - 2024-09-10 17:15:54 --> Language Class Initialized
INFO - 2024-09-10 17:15:54 --> Loader Class Initialized
INFO - 2024-09-10 17:15:54 --> Helper loaded: url_helper
INFO - 2024-09-10 17:15:54 --> Database Driver Class Initialized
INFO - 2024-09-10 17:15:54 --> Controller Class Initialized
INFO - 2024-09-10 17:15:54 --> Model "Mconfigkey" initialized
INFO - 2024-09-10 17:15:54 --> Model "Mgoods_in" initialized
INFO - 2024-09-10 17:15:54 --> Final output sent to browser
DEBUG - 2024-09-10 17:15:54 --> Total execution time: 0.0371
INFO - 2024-09-10 17:15:54 --> Config Class Initialized
INFO - 2024-09-10 17:15:54 --> Hooks Class Initialized
DEBUG - 2024-09-10 17:15:54 --> UTF-8 Support Enabled
INFO - 2024-09-10 17:15:54 --> Utf8 Class Initialized
INFO - 2024-09-10 17:15:54 --> URI Class Initialized
INFO - 2024-09-10 17:15:54 --> Router Class Initialized
INFO - 2024-09-10 17:15:54 --> Output Class Initialized
INFO - 2024-09-10 17:15:54 --> Security Class Initialized
DEBUG - 2024-09-10 17:15:54 --> Global POST, GET and COOKIE data sanitized
INFO - 2024-09-10 17:15:54 --> Input Class Initialized
INFO - 2024-09-10 17:15:54 --> Language Class Initialized
INFO - 2024-09-10 17:15:54 --> Loader Class Initialized
INFO - 2024-09-10 17:15:54 --> Helper loaded: url_helper
INFO - 2024-09-10 17:15:54 --> Database Driver Class Initialized
INFO - 2024-09-10 17:15:54 --> Controller Class Initialized
INFO - 2024-09-10 17:15:54 --> Model "Mconfigkey" initialized
INFO - 2024-09-10 17:15:54 --> Model "Mgoods_in" initialized
INFO - 2024-09-10 17:15:54 --> Final output sent to browser
DEBUG - 2024-09-10 17:15:54 --> Total execution time: 0.0371
INFO - 2024-09-10 17:15:54 --> Config Class Initialized
INFO - 2024-09-10 17:15:54 --> Hooks Class Initialized
DEBUG - 2024-09-10 17:15:54 --> UTF-8 Support Enabled
INFO - 2024-09-10 17:15:54 --> Utf8 Class Initialized
INFO - 2024-09-10 17:15:54 --> URI Class Initialized
INFO - 2024-09-10 17:15:54 --> Router Class Initialized
INFO - 2024-09-10 17:15:54 --> Output Class Initialized
INFO - 2024-09-10 17:15:54 --> Security Class Initialized
DEBUG - 2024-09-10 17:15:54 --> Global POST, GET and COOKIE data sanitized
INFO - 2024-09-10 17:15:54 --> Input Class Initialized
INFO - 2024-09-10 17:15:54 --> Language Class Initialized
INFO - 2024-09-10 17:15:54 --> Loader Class Initialized
INFO - 2024-09-10 17:15:54 --> Helper loaded: url_helper
INFO - 2024-09-10 17:15:54 --> Database Driver Class Initialized
INFO - 2024-09-10 17:15:54 --> Controller Class Initialized
INFO - 2024-09-10 17:15:54 --> Model "Mconfigkey" initialized
INFO - 2024-09-10 17:15:54 --> Model "Mgoods_in" initialized
INFO - 2024-09-10 17:15:54 --> Final output sent to browser
DEBUG - 2024-09-10 17:15:54 --> Total execution time: 0.0370
INFO - 2024-09-10 17:21:42 --> Config Class Initialized
INFO - 2024-09-10 17:21:42 --> Hooks Class Initialized
DEBUG - 2024-09-10 17:21:42 --> UTF-8 Support Enabled
INFO - 2024-09-10 17:21:42 --> Utf8 Class Initialized
INFO - 2024-09-10 17:21:42 --> URI Class Initialized
INFO - 2024-09-10 17:21:42 --> Router Class Initialized
INFO - 2024-09-10 17:21:42 --> Output Class Initialized
INFO - 2024-09-10 17:21:42 --> Security Class Initialized
DEBUG - 2024-09-10 17:21:42 --> Global POST, GET and COOKIE data sanitized
INFO - 2024-09-10 17:21:42 --> Input Class Initialized
INFO - 2024-09-10 17:21:42 --> Language Class Initialized
INFO - 2024-09-10 17:21:42 --> Loader Class Initialized
INFO - 2024-09-10 17:21:42 --> Helper loaded: url_helper
INFO - 2024-09-10 17:21:42 --> Database Driver Class Initialized
INFO - 2024-09-10 17:21:42 --> Controller Class Initialized
INFO - 2024-09-10 17:21:42 --> Model "Mconfigkey" initialized
INFO - 2024-09-10 17:21:42 --> Model "Mext_rpt_pemasukan" initialized
INFO - 2024-09-10 17:21:43 --> Final output sent to browser
DEBUG - 2024-09-10 17:21:43 --> Total execution time: 1.0004
INFO - 2024-09-10 17:21:46 --> Config Class Initialized
INFO - 2024-09-10 17:21:46 --> Hooks Class Initialized
DEBUG - 2024-09-10 17:21:46 --> UTF-8 Support Enabled
INFO - 2024-09-10 17:21:46 --> Utf8 Class Initialized
INFO - 2024-09-10 17:21:46 --> URI Class Initialized
INFO - 2024-09-10 17:21:46 --> Router Class Initialized
INFO - 2024-09-10 17:21:46 --> Output Class Initialized
INFO - 2024-09-10 17:21:46 --> Security Class Initialized
DEBUG - 2024-09-10 17:21:46 --> Global POST, GET and COOKIE data sanitized
INFO - 2024-09-10 17:21:46 --> Input Class Initialized
INFO - 2024-09-10 17:21:46 --> Language Class Initialized
INFO - 2024-09-10 17:21:46 --> Loader Class Initialized
INFO - 2024-09-10 17:21:46 --> Helper loaded: url_helper
INFO - 2024-09-10 17:21:46 --> Database Driver Class Initialized
INFO - 2024-09-10 17:21:46 --> Controller Class Initialized
INFO - 2024-09-10 17:21:46 --> Model "Mconfigkey" initialized
INFO - 2024-09-10 17:21:46 --> Model "Mext_rpt_pemasukan" initialized
INFO - 2024-09-10 17:21:47 --> Final output sent to browser
DEBUG - 2024-09-10 17:21:47 --> Total execution time: 0.9963
INFO - 2024-09-10 17:27:52 --> Config Class Initialized
INFO - 2024-09-10 17:27:52 --> Hooks Class Initialized
DEBUG - 2024-09-10 17:27:52 --> UTF-8 Support Enabled
INFO - 2024-09-10 17:27:52 --> Utf8 Class Initialized
INFO - 2024-09-10 17:27:52 --> URI Class Initialized
INFO - 2024-09-10 17:27:52 --> Router Class Initialized
INFO - 2024-09-10 17:27:52 --> Output Class Initialized
INFO - 2024-09-10 17:27:52 --> Security Class Initialized
DEBUG - 2024-09-10 17:27:52 --> Global POST, GET and COOKIE data sanitized
INFO - 2024-09-10 17:27:52 --> Input Class Initialized
INFO - 2024-09-10 17:27:52 --> Language Class Initialized
INFO - 2024-09-10 17:27:52 --> Loader Class Initialized
INFO - 2024-09-10 17:27:52 --> Helper loaded: url_helper
INFO - 2024-09-10 17:27:52 --> Database Driver Class Initialized
INFO - 2024-09-10 17:27:52 --> Controller Class Initialized
INFO - 2024-09-10 17:27:52 --> Model "Mconfigkey" initialized
INFO - 2024-09-10 17:27:52 --> Model "Mext_rpt_mutasi" initialized
INFO - 2024-09-10 17:27:53 --> Final output sent to browser
DEBUG - 2024-09-10 17:27:53 --> Total execution time: 0.2619
INFO - 2024-09-10 17:29:36 --> Config Class Initialized
INFO - 2024-09-10 17:29:36 --> Hooks Class Initialized
DEBUG - 2024-09-10 17:29:36 --> UTF-8 Support Enabled
INFO - 2024-09-10 17:29:36 --> Utf8 Class Initialized
INFO - 2024-09-10 17:29:36 --> URI Class Initialized
INFO - 2024-09-10 17:29:36 --> Router Class Initialized
INFO - 2024-09-10 17:29:36 --> Output Class Initialized
INFO - 2024-09-10 17:29:36 --> Security Class Initialized
DEBUG - 2024-09-10 17:29:36 --> Global POST, GET and COOKIE data sanitized
INFO - 2024-09-10 17:29:36 --> Input Class Initialized
INFO - 2024-09-10 17:29:36 --> Language Class Initialized
INFO - 2024-09-10 17:29:36 --> Loader Class Initialized
INFO - 2024-09-10 17:29:36 --> Helper loaded: url_helper
INFO - 2024-09-10 17:29:36 --> Database Driver Class Initialized
INFO - 2024-09-10 17:29:36 --> Controller Class Initialized
INFO - 2024-09-10 17:29:36 --> Model "Mconfigkey" initialized
INFO - 2024-09-10 17:29:36 --> Model "Mext_rpt_stock_card" initialized
INFO - 2024-09-10 17:29:37 --> Final output sent to browser
DEBUG - 2024-09-10 17:29:37 --> Total execution time: 0.0938
INFO - 2024-09-10 17:30:16 --> Config Class Initialized
INFO - 2024-09-10 17:30:16 --> Hooks Class Initialized
DEBUG - 2024-09-10 17:30:16 --> UTF-8 Support Enabled
INFO - 2024-09-10 17:30:16 --> Utf8 Class Initialized
INFO - 2024-09-10 17:30:16 --> URI Class Initialized
INFO - 2024-09-10 17:30:16 --> Router Class Initialized
INFO - 2024-09-10 17:30:16 --> Output Class Initialized
INFO - 2024-09-10 17:30:16 --> Security Class Initialized
DEBUG - 2024-09-10 17:30:16 --> Global POST, GET and COOKIE data sanitized
INFO - 2024-09-10 17:30:16 --> Input Class Initialized
INFO - 2024-09-10 17:30:16 --> Language Class Initialized
INFO - 2024-09-10 17:30:16 --> Loader Class Initialized
INFO - 2024-09-10 17:30:16 --> Helper loaded: url_helper
INFO - 2024-09-10 17:30:16 --> Database Driver Class Initialized
INFO - 2024-09-10 17:30:16 --> Controller Class Initialized
INFO - 2024-09-10 17:30:16 --> Model "Mconfigkey" initialized
INFO - 2024-09-10 17:30:16 --> Model "Mext_rpt_stock_card" initialized
INFO - 2024-09-10 17:30:16 --> Final output sent to browser
DEBUG - 2024-09-10 17:30:16 --> Total execution time: 0.0399
INFO - 2024-09-10 17:30:21 --> Config Class Initialized
INFO - 2024-09-10 17:30:21 --> Hooks Class Initialized
DEBUG - 2024-09-10 17:30:21 --> UTF-8 Support Enabled
INFO - 2024-09-10 17:30:21 --> Utf8 Class Initialized
INFO - 2024-09-10 17:30:21 --> URI Class Initialized
INFO - 2024-09-10 17:30:21 --> Router Class Initialized
INFO - 2024-09-10 17:30:21 --> Output Class Initialized
INFO - 2024-09-10 17:30:21 --> Security Class Initialized
DEBUG - 2024-09-10 17:30:21 --> Global POST, GET and COOKIE data sanitized
INFO - 2024-09-10 17:30:21 --> Input Class Initialized
INFO - 2024-09-10 17:30:21 --> Language Class Initialized
INFO - 2024-09-10 17:30:21 --> Loader Class Initialized
INFO - 2024-09-10 17:30:21 --> Helper loaded: url_helper
INFO - 2024-09-10 17:30:21 --> Database Driver Class Initialized
INFO - 2024-09-10 17:30:21 --> Controller Class Initialized
INFO - 2024-09-10 17:30:21 --> Model "Mconfigkey" initialized
INFO - 2024-09-10 17:30:21 --> Model "Mext_rpt_stock_card" initialized
INFO - 2024-09-10 17:30:21 --> Final output sent to browser
DEBUG - 2024-09-10 17:30:21 --> Total execution time: 0.0385
INFO - 2024-09-10 17:31:20 --> Config Class Initialized
INFO - 2024-09-10 17:31:20 --> Hooks Class Initialized
DEBUG - 2024-09-10 17:31:20 --> UTF-8 Support Enabled
INFO - 2024-09-10 17:31:20 --> Utf8 Class Initialized
INFO - 2024-09-10 17:31:20 --> URI Class Initialized
INFO - 2024-09-10 17:31:20 --> Router Class Initialized
INFO - 2024-09-10 17:31:20 --> Output Class Initialized
INFO - 2024-09-10 17:31:20 --> Security Class Initialized
DEBUG - 2024-09-10 17:31:20 --> Global POST, GET and COOKIE data sanitized
INFO - 2024-09-10 17:31:20 --> Input Class Initialized
INFO - 2024-09-10 17:31:20 --> Language Class Initialized
INFO - 2024-09-10 17:31:20 --> Loader Class Initialized
INFO - 2024-09-10 17:31:20 --> Helper loaded: url_helper
INFO - 2024-09-10 17:31:20 --> Database Driver Class Initialized
INFO - 2024-09-10 17:31:20 --> Controller Class Initialized
INFO - 2024-09-10 17:31:20 --> Model "Mconfigkey" initialized
INFO - 2024-09-10 17:31:20 --> Model "Mext_rpt_stock_card" initialized
INFO - 2024-09-10 17:31:20 --> Final output sent to browser
DEBUG - 2024-09-10 17:31:20 --> Total execution time: 0.0991
INFO - 2024-09-10 17:37:08 --> Config Class Initialized
INFO - 2024-09-10 17:37:08 --> Hooks Class Initialized
DEBUG - 2024-09-10 17:37:08 --> UTF-8 Support Enabled
INFO - 2024-09-10 17:37:08 --> Utf8 Class Initialized
INFO - 2024-09-10 17:37:08 --> URI Class Initialized
INFO - 2024-09-10 17:37:08 --> Router Class Initialized
INFO - 2024-09-10 17:37:08 --> Output Class Initialized
INFO - 2024-09-10 17:37:08 --> Security Class Initialized
DEBUG - 2024-09-10 17:37:08 --> Global POST, GET and COOKIE data sanitized
INFO - 2024-09-10 17:37:08 --> Input Class Initialized
INFO - 2024-09-10 17:37:08 --> Language Class Initialized
INFO - 2024-09-10 17:37:08 --> Loader Class Initialized
INFO - 2024-09-10 17:37:08 --> Helper loaded: url_helper
INFO - 2024-09-10 17:37:08 --> Database Driver Class Initialized
INFO - 2024-09-10 17:37:08 --> Controller Class Initialized
INFO - 2024-09-10 17:37:08 --> Model "Mconfigkey" initialized
INFO - 2024-09-10 17:37:08 --> Model "Mext_rpt_stock_card" initialized
INFO - 2024-09-10 17:37:08 --> Final output sent to browser
DEBUG - 2024-09-10 17:37:08 --> Total execution time: 0.2349
INFO - 2024-09-10 17:40:25 --> Config Class Initialized
INFO - 2024-09-10 17:40:25 --> Hooks Class Initialized
DEBUG - 2024-09-10 17:40:25 --> UTF-8 Support Enabled
INFO - 2024-09-10 17:40:25 --> Utf8 Class Initialized
INFO - 2024-09-10 17:40:25 --> URI Class Initialized
INFO - 2024-09-10 17:40:25 --> Router Class Initialized
INFO - 2024-09-10 17:40:25 --> Output Class Initialized
INFO - 2024-09-10 17:40:25 --> Security Class Initialized
DEBUG - 2024-09-10 17:40:25 --> Global POST, GET and COOKIE data sanitized
INFO - 2024-09-10 17:40:25 --> Input Class Initialized
INFO - 2024-09-10 17:40:25 --> Language Class Initialized
INFO - 2024-09-10 17:40:25 --> Loader Class Initialized
INFO - 2024-09-10 17:40:25 --> Helper loaded: url_helper
INFO - 2024-09-10 17:40:25 --> Database Driver Class Initialized
INFO - 2024-09-10 17:40:25 --> Controller Class Initialized
INFO - 2024-09-10 17:40:25 --> Model "Mconfigkey" initialized
INFO - 2024-09-10 17:40:25 --> Model "Mext_rpt_stock_card" initialized
INFO - 2024-09-10 17:40:26 --> Final output sent to browser
DEBUG - 2024-09-10 17:40:26 --> Total execution time: 0.8191
INFO - 2024-09-10 17:56:20 --> Config Class Initialized
INFO - 2024-09-10 17:56:20 --> Hooks Class Initialized
DEBUG - 2024-09-10 17:56:20 --> UTF-8 Support Enabled
INFO - 2024-09-10 17:56:20 --> Utf8 Class Initialized
INFO - 2024-09-10 17:56:20 --> URI Class Initialized
INFO - 2024-09-10 17:56:20 --> Router Class Initialized
INFO - 2024-09-10 17:56:20 --> Output Class Initialized
INFO - 2024-09-10 17:56:20 --> Security Class Initialized
DEBUG - 2024-09-10 17:56:20 --> Global POST, GET and COOKIE data sanitized
INFO - 2024-09-10 17:56:20 --> Input Class Initialized
INFO - 2024-09-10 17:56:20 --> Language Class Initialized
INFO - 2024-09-10 17:56:20 --> Loader Class Initialized
INFO - 2024-09-10 17:56:20 --> Helper loaded: url_helper
INFO - 2024-09-10 17:56:20 --> Database Driver Class Initialized
INFO - 2024-09-10 17:56:20 --> Controller Class Initialized
INFO - 2024-09-10 17:56:20 --> Model "Mconfigkey" initialized
INFO - 2024-09-10 17:56:20 --> Model "Mext_rpt_mutasi" initialized
INFO - 2024-09-10 17:56:20 --> Final output sent to browser
DEBUG - 2024-09-10 17:56:20 --> Total execution time: 0.1571
