INFO - 2025-05-16 17:49:09 --> Config Class Initialized
INFO - 2025-05-16 17:49:09 --> Hooks Class Initialized
DEBUG - 2025-05-16 17:49:09 --> UTF-8 Support Enabled
INFO - 2025-05-16 17:49:09 --> Utf8 Class Initialized
INFO - 2025-05-16 17:49:09 --> URI Class Initialized
INFO - 2025-05-16 17:49:09 --> Router Class Initialized
INFO - 2025-05-16 17:49:09 --> Output Class Initialized
INFO - 2025-05-16 17:49:09 --> Security Class Initialized
DEBUG - 2025-05-16 17:49:09 --> Global POST, GET and COOKIE data sanitized
INFO - 2025-05-16 17:49:09 --> Input Class Initialized
INFO - 2025-05-16 17:49:09 --> Language Class Initialized
INFO - 2025-05-16 17:49:09 --> Loader Class Initialized
INFO - 2025-05-16 17:49:09 --> Helper loaded: url_helper
INFO - 2025-05-16 17:49:09 --> Database Driver Class Initialized
INFO - 2025-05-16 17:49:09 --> Controller Class Initialized
INFO - 2025-05-16 17:49:09 --> Model "Mconfigkey" initialized
INFO - 2025-05-16 17:49:09 --> Final output sent to browser
DEBUG - 2025-05-16 17:49:09 --> Total execution time: 0.7628
INFO - 2025-05-16 17:49:16 --> Config Class Initialized
INFO - 2025-05-16 17:49:16 --> Hooks Class Initialized
DEBUG - 2025-05-16 17:49:16 --> UTF-8 Support Enabled
INFO - 2025-05-16 17:49:16 --> Utf8 Class Initialized
INFO - 2025-05-16 17:49:16 --> URI Class Initialized
INFO - 2025-05-16 17:49:16 --> Router Class Initialized
INFO - 2025-05-16 17:49:16 --> Output Class Initialized
INFO - 2025-05-16 17:49:16 --> Security Class Initialized
DEBUG - 2025-05-16 17:49:16 --> Global POST, GET and COOKIE data sanitized
INFO - 2025-05-16 17:49:16 --> Input Class Initialized
INFO - 2025-05-16 17:49:16 --> Language Class Initialized
INFO - 2025-05-16 17:49:16 --> Loader Class Initialized
INFO - 2025-05-16 17:49:16 --> Helper loaded: url_helper
INFO - 2025-05-16 17:49:16 --> Database Driver Class Initialized
INFO - 2025-05-16 17:49:16 --> Controller Class Initialized
INFO - 2025-05-16 17:49:16 --> Model "Mauth" initialized
INFO - 2025-05-16 17:49:16 --> Model "Mconfigkey" initialized
INFO - 2025-05-16 17:49:16 --> Final output sent to browser
DEBUG - 2025-05-16 17:49:16 --> Total execution time: 0.2175
INFO - 2025-05-16 17:49:22 --> Config Class Initialized
INFO - 2025-05-16 17:49:22 --> Hooks Class Initialized
DEBUG - 2025-05-16 17:49:22 --> UTF-8 Support Enabled
INFO - 2025-05-16 17:49:22 --> Utf8 Class Initialized
INFO - 2025-05-16 17:49:22 --> URI Class Initialized
INFO - 2025-05-16 17:49:22 --> Router Class Initialized
INFO - 2025-05-16 17:49:22 --> Output Class Initialized
INFO - 2025-05-16 17:49:22 --> Security Class Initialized
DEBUG - 2025-05-16 17:49:22 --> Global POST, GET and COOKIE data sanitized
INFO - 2025-05-16 17:49:22 --> Input Class Initialized
INFO - 2025-05-16 17:49:22 --> Language Class Initialized
INFO - 2025-05-16 17:49:22 --> Loader Class Initialized
INFO - 2025-05-16 17:49:22 --> Helper loaded: url_helper
INFO - 2025-05-16 17:49:22 --> Database Driver Class Initialized
INFO - 2025-05-16 17:49:22 --> Controller Class Initialized
INFO - 2025-05-16 17:49:23 --> Model "Mconfigkey" initialized
INFO - 2025-05-16 17:49:23 --> Model "Mgoods_in" initialized
INFO - 2025-05-16 17:49:23 --> Final output sent to browser
DEBUG - 2025-05-16 17:49:23 --> Total execution time: 0.3057
INFO - 2025-05-16 17:49:34 --> Config Class Initialized
INFO - 2025-05-16 17:49:34 --> Hooks Class Initialized
DEBUG - 2025-05-16 17:49:34 --> UTF-8 Support Enabled
INFO - 2025-05-16 17:49:34 --> Utf8 Class Initialized
INFO - 2025-05-16 17:49:34 --> URI Class Initialized
INFO - 2025-05-16 17:49:34 --> Router Class Initialized
INFO - 2025-05-16 17:49:34 --> Output Class Initialized
INFO - 2025-05-16 17:49:34 --> Security Class Initialized
DEBUG - 2025-05-16 17:49:34 --> Global POST, GET and COOKIE data sanitized
INFO - 2025-05-16 17:49:34 --> Input Class Initialized
INFO - 2025-05-16 17:49:34 --> Language Class Initialized
INFO - 2025-05-16 17:49:34 --> Loader Class Initialized
INFO - 2025-05-16 17:49:34 --> Helper loaded: url_helper
INFO - 2025-05-16 17:49:34 --> Database Driver Class Initialized
INFO - 2025-05-16 17:49:34 --> Controller Class Initialized
INFO - 2025-05-16 17:49:34 --> Model "Mconfigkey" initialized
INFO - 2025-05-16 17:49:34 --> Model "Mgoods_delivery" initialized
INFO - 2025-05-16 17:49:35 --> Final output sent to browser
DEBUG - 2025-05-16 17:49:35 --> Total execution time: 0.3258
INFO - 2025-05-16 17:49:55 --> Config Class Initialized
INFO - 2025-05-16 17:49:55 --> Hooks Class Initialized
DEBUG - 2025-05-16 17:49:55 --> UTF-8 Support Enabled
INFO - 2025-05-16 17:49:55 --> Utf8 Class Initialized
INFO - 2025-05-16 17:49:55 --> URI Class Initialized
INFO - 2025-05-16 17:49:55 --> Router Class Initialized
INFO - 2025-05-16 17:49:55 --> Output Class Initialized
INFO - 2025-05-16 17:49:55 --> Security Class Initialized
DEBUG - 2025-05-16 17:49:55 --> Global POST, GET and COOKIE data sanitized
INFO - 2025-05-16 17:49:55 --> Input Class Initialized
INFO - 2025-05-16 17:49:55 --> Language Class Initialized
INFO - 2025-05-16 17:49:55 --> Loader Class Initialized
INFO - 2025-05-16 17:49:55 --> Helper loaded: url_helper
INFO - 2025-05-16 17:49:55 --> Database Driver Class Initialized
INFO - 2025-05-16 17:49:55 --> Controller Class Initialized
INFO - 2025-05-16 17:49:55 --> Model "Mconfigkey" initialized
INFO - 2025-05-16 17:49:55 --> Model "Mgoods_in" initialized
INFO - 2025-05-16 17:49:57 --> Final output sent to browser
DEBUG - 2025-05-16 17:49:57 --> Total execution time: 1.5917
INFO - 2025-05-16 17:50:06 --> Config Class Initialized
INFO - 2025-05-16 17:50:06 --> Hooks Class Initialized
DEBUG - 2025-05-16 17:50:06 --> UTF-8 Support Enabled
INFO - 2025-05-16 17:50:06 --> Utf8 Class Initialized
INFO - 2025-05-16 17:50:06 --> URI Class Initialized
INFO - 2025-05-16 17:50:06 --> Router Class Initialized
INFO - 2025-05-16 17:50:06 --> Output Class Initialized
INFO - 2025-05-16 17:50:06 --> Security Class Initialized
DEBUG - 2025-05-16 17:50:06 --> Global POST, GET and COOKIE data sanitized
INFO - 2025-05-16 17:50:06 --> Input Class Initialized
INFO - 2025-05-16 17:50:06 --> Language Class Initialized
INFO - 2025-05-16 17:50:06 --> Loader Class Initialized
INFO - 2025-05-16 17:50:06 --> Helper loaded: url_helper
INFO - 2025-05-16 17:50:06 --> Database Driver Class Initialized
INFO - 2025-05-16 17:50:06 --> Controller Class Initialized
INFO - 2025-05-16 17:50:06 --> Model "Mconfigkey" initialized
INFO - 2025-05-16 17:50:06 --> Model "Mgoods_in" initialized
INFO - 2025-05-16 17:50:11 --> Final output sent to browser
DEBUG - 2025-05-16 17:50:11 --> Total execution time: 4.5288
INFO - 2025-05-16 17:50:16 --> Config Class Initialized
INFO - 2025-05-16 17:50:16 --> Hooks Class Initialized
DEBUG - 2025-05-16 17:50:16 --> UTF-8 Support Enabled
INFO - 2025-05-16 17:50:16 --> Utf8 Class Initialized
INFO - 2025-05-16 17:50:16 --> URI Class Initialized
INFO - 2025-05-16 17:50:16 --> Router Class Initialized
INFO - 2025-05-16 17:50:16 --> Output Class Initialized
INFO - 2025-05-16 17:50:16 --> Security Class Initialized
DEBUG - 2025-05-16 17:50:16 --> Global POST, GET and COOKIE data sanitized
INFO - 2025-05-16 17:50:16 --> Input Class Initialized
INFO - 2025-05-16 17:50:16 --> Language Class Initialized
INFO - 2025-05-16 17:50:16 --> Loader Class Initialized
INFO - 2025-05-16 17:50:16 --> Helper loaded: url_helper
INFO - 2025-05-16 17:50:16 --> Database Driver Class Initialized
INFO - 2025-05-16 17:50:16 --> Controller Class Initialized
INFO - 2025-05-16 17:50:16 --> Model "Mconfigkey" initialized
INFO - 2025-05-16 17:50:16 --> Model "Mgoods_in" initialized
INFO - 2025-05-16 17:50:18 --> Final output sent to browser
DEBUG - 2025-05-16 17:50:18 --> Total execution time: 2.5105
INFO - 2025-05-16 17:50:25 --> Config Class Initialized
INFO - 2025-05-16 17:50:25 --> Hooks Class Initialized
DEBUG - 2025-05-16 17:50:25 --> UTF-8 Support Enabled
INFO - 2025-05-16 17:50:25 --> Utf8 Class Initialized
INFO - 2025-05-16 17:50:25 --> URI Class Initialized
INFO - 2025-05-16 17:50:25 --> Router Class Initialized
INFO - 2025-05-16 17:50:25 --> Output Class Initialized
INFO - 2025-05-16 17:50:25 --> Security Class Initialized
DEBUG - 2025-05-16 17:50:25 --> Global POST, GET and COOKIE data sanitized
INFO - 2025-05-16 17:50:25 --> Input Class Initialized
INFO - 2025-05-16 17:50:25 --> Language Class Initialized
INFO - 2025-05-16 17:50:25 --> Loader Class Initialized
INFO - 2025-05-16 17:50:25 --> Helper loaded: url_helper
INFO - 2025-05-16 17:50:25 --> Database Driver Class Initialized
INFO - 2025-05-16 17:50:25 --> Controller Class Initialized
INFO - 2025-05-16 17:50:25 --> Model "Mconfigkey" initialized
INFO - 2025-05-16 17:50:25 --> Model "Mgoods_in" initialized
INFO - 2025-05-16 17:50:25 --> Final output sent to browser
DEBUG - 2025-05-16 17:50:25 --> Total execution time: 0.0764
INFO - 2025-05-16 17:50:30 --> Config Class Initialized
INFO - 2025-05-16 17:50:30 --> Hooks Class Initialized
DEBUG - 2025-05-16 17:50:30 --> UTF-8 Support Enabled
INFO - 2025-05-16 17:50:30 --> Utf8 Class Initialized
INFO - 2025-05-16 17:50:30 --> URI Class Initialized
INFO - 2025-05-16 17:50:30 --> Router Class Initialized
INFO - 2025-05-16 17:50:30 --> Output Class Initialized
INFO - 2025-05-16 17:50:30 --> Security Class Initialized
DEBUG - 2025-05-16 17:50:30 --> Global POST, GET and COOKIE data sanitized
INFO - 2025-05-16 17:50:30 --> Input Class Initialized
INFO - 2025-05-16 17:50:30 --> Language Class Initialized
INFO - 2025-05-16 17:50:30 --> Loader Class Initialized
INFO - 2025-05-16 17:50:30 --> Helper loaded: url_helper
INFO - 2025-05-16 17:50:30 --> Database Driver Class Initialized
INFO - 2025-05-16 17:50:30 --> Controller Class Initialized
INFO - 2025-05-16 17:50:30 --> Model "Mconfigkey" initialized
INFO - 2025-05-16 17:50:30 --> Model "Mgoods_in" initialized
INFO - 2025-05-16 17:50:31 --> Final output sent to browser
DEBUG - 2025-05-16 17:50:31 --> Total execution time: 1.0036
INFO - 2025-05-16 17:50:39 --> Config Class Initialized
INFO - 2025-05-16 17:50:39 --> Hooks Class Initialized
DEBUG - 2025-05-16 17:50:39 --> UTF-8 Support Enabled
INFO - 2025-05-16 17:50:39 --> Utf8 Class Initialized
INFO - 2025-05-16 17:50:39 --> URI Class Initialized
INFO - 2025-05-16 17:50:39 --> Router Class Initialized
INFO - 2025-05-16 17:50:39 --> Output Class Initialized
INFO - 2025-05-16 17:50:39 --> Security Class Initialized
DEBUG - 2025-05-16 17:50:39 --> Global POST, GET and COOKIE data sanitized
INFO - 2025-05-16 17:50:39 --> Input Class Initialized
INFO - 2025-05-16 17:50:39 --> Language Class Initialized
INFO - 2025-05-16 17:50:39 --> Loader Class Initialized
INFO - 2025-05-16 17:50:39 --> Helper loaded: url_helper
INFO - 2025-05-16 17:50:39 --> Database Driver Class Initialized
INFO - 2025-05-16 17:50:39 --> Controller Class Initialized
INFO - 2025-05-16 17:50:39 --> Model "Mconfigkey" initialized
INFO - 2025-05-16 17:50:39 --> Model "Mgoods_in" initialized
INFO - 2025-05-16 17:50:40 --> Final output sent to browser
DEBUG - 2025-05-16 17:50:40 --> Total execution time: 0.0961
INFO - 2025-05-16 17:50:49 --> Config Class Initialized
INFO - 2025-05-16 17:50:49 --> Hooks Class Initialized
DEBUG - 2025-05-16 17:50:49 --> UTF-8 Support Enabled
INFO - 2025-05-16 17:50:49 --> Utf8 Class Initialized
INFO - 2025-05-16 17:50:49 --> URI Class Initialized
INFO - 2025-05-16 17:50:49 --> Router Class Initialized
INFO - 2025-05-16 17:50:49 --> Output Class Initialized
INFO - 2025-05-16 17:50:49 --> Security Class Initialized
DEBUG - 2025-05-16 17:50:49 --> Global POST, GET and COOKIE data sanitized
INFO - 2025-05-16 17:50:49 --> Input Class Initialized
INFO - 2025-05-16 17:50:49 --> Language Class Initialized
INFO - 2025-05-16 17:50:49 --> Loader Class Initialized
INFO - 2025-05-16 17:50:49 --> Helper loaded: url_helper
INFO - 2025-05-16 17:50:49 --> Database Driver Class Initialized
INFO - 2025-05-16 17:50:49 --> Controller Class Initialized
INFO - 2025-05-16 17:50:49 --> Model "Mconfigkey" initialized
INFO - 2025-05-16 17:50:49 --> Model "Mgoods_in" initialized
INFO - 2025-05-16 17:50:52 --> Final output sent to browser
DEBUG - 2025-05-16 17:50:52 --> Total execution time: 2.8176
INFO - 2025-05-16 17:51:06 --> Config Class Initialized
INFO - 2025-05-16 17:51:06 --> Hooks Class Initialized
DEBUG - 2025-05-16 17:51:06 --> UTF-8 Support Enabled
INFO - 2025-05-16 17:51:06 --> Utf8 Class Initialized
INFO - 2025-05-16 17:51:06 --> URI Class Initialized
INFO - 2025-05-16 17:51:06 --> Router Class Initialized
INFO - 2025-05-16 17:51:06 --> Output Class Initialized
INFO - 2025-05-16 17:51:06 --> Security Class Initialized
DEBUG - 2025-05-16 17:51:06 --> Global POST, GET and COOKIE data sanitized
INFO - 2025-05-16 17:51:06 --> Input Class Initialized
INFO - 2025-05-16 17:51:06 --> Language Class Initialized
INFO - 2025-05-16 17:51:06 --> Loader Class Initialized
INFO - 2025-05-16 17:51:06 --> Helper loaded: url_helper
INFO - 2025-05-16 17:51:06 --> Database Driver Class Initialized
INFO - 2025-05-16 17:51:06 --> Controller Class Initialized
INFO - 2025-05-16 17:51:06 --> Model "Mconfigkey" initialized
INFO - 2025-05-16 17:51:06 --> Model "Msync_doc_aw" initialized
INFO - 2025-05-16 17:51:10 --> Final output sent to browser
DEBUG - 2025-05-16 17:51:10 --> Total execution time: 3.4278
INFO - 2025-05-16 17:51:12 --> Config Class Initialized
INFO - 2025-05-16 17:51:12 --> Hooks Class Initialized
DEBUG - 2025-05-16 17:51:12 --> UTF-8 Support Enabled
INFO - 2025-05-16 17:51:12 --> Utf8 Class Initialized
INFO - 2025-05-16 17:51:12 --> URI Class Initialized
INFO - 2025-05-16 17:51:12 --> Router Class Initialized
INFO - 2025-05-16 17:51:12 --> Output Class Initialized
INFO - 2025-05-16 17:51:12 --> Security Class Initialized
DEBUG - 2025-05-16 17:51:12 --> Global POST, GET and COOKIE data sanitized
INFO - 2025-05-16 17:51:12 --> Input Class Initialized
INFO - 2025-05-16 17:51:12 --> Language Class Initialized
INFO - 2025-05-16 17:51:12 --> Loader Class Initialized
INFO - 2025-05-16 17:51:12 --> Helper loaded: url_helper
INFO - 2025-05-16 17:51:12 --> Database Driver Class Initialized
INFO - 2025-05-16 17:51:12 --> Controller Class Initialized
INFO - 2025-05-16 17:51:12 --> Model "Mconfigkey" initialized
INFO - 2025-05-16 17:51:12 --> Model "Msync_doc_aw" initialized
INFO - 2025-05-16 17:51:13 --> Final output sent to browser
DEBUG - 2025-05-16 17:51:13 --> Total execution time: 0.8705
INFO - 2025-05-16 17:51:16 --> Config Class Initialized
INFO - 2025-05-16 17:51:16 --> Hooks Class Initialized
DEBUG - 2025-05-16 17:51:16 --> UTF-8 Support Enabled
INFO - 2025-05-16 17:51:16 --> Utf8 Class Initialized
INFO - 2025-05-16 17:51:16 --> URI Class Initialized
INFO - 2025-05-16 17:51:16 --> Router Class Initialized
INFO - 2025-05-16 17:51:16 --> Output Class Initialized
INFO - 2025-05-16 17:51:16 --> Security Class Initialized
DEBUG - 2025-05-16 17:51:16 --> Global POST, GET and COOKIE data sanitized
INFO - 2025-05-16 17:51:16 --> Input Class Initialized
INFO - 2025-05-16 17:51:16 --> Language Class Initialized
INFO - 2025-05-16 17:51:16 --> Loader Class Initialized
INFO - 2025-05-16 17:51:16 --> Helper loaded: url_helper
INFO - 2025-05-16 17:51:16 --> Database Driver Class Initialized
INFO - 2025-05-16 17:51:16 --> Controller Class Initialized
INFO - 2025-05-16 17:51:16 --> Model "Mconfigkey" initialized
INFO - 2025-05-16 17:51:16 --> Model "Msync_doc_aw" initialized
INFO - 2025-05-16 17:51:16 --> Final output sent to browser
DEBUG - 2025-05-16 17:51:16 --> Total execution time: 0.8880
INFO - 2025-05-16 17:51:18 --> Config Class Initialized
INFO - 2025-05-16 17:51:18 --> Hooks Class Initialized
DEBUG - 2025-05-16 17:51:18 --> UTF-8 Support Enabled
INFO - 2025-05-16 17:51:18 --> Utf8 Class Initialized
INFO - 2025-05-16 17:51:18 --> URI Class Initialized
INFO - 2025-05-16 17:51:18 --> Router Class Initialized
INFO - 2025-05-16 17:51:18 --> Output Class Initialized
INFO - 2025-05-16 17:51:18 --> Security Class Initialized
DEBUG - 2025-05-16 17:51:18 --> Global POST, GET and COOKIE data sanitized
INFO - 2025-05-16 17:51:18 --> Input Class Initialized
INFO - 2025-05-16 17:51:18 --> Language Class Initialized
INFO - 2025-05-16 17:51:18 --> Loader Class Initialized
INFO - 2025-05-16 17:51:18 --> Helper loaded: url_helper
INFO - 2025-05-16 17:51:18 --> Database Driver Class Initialized
INFO - 2025-05-16 17:51:18 --> Controller Class Initialized
INFO - 2025-05-16 17:51:18 --> Model "Mconfigkey" initialized
INFO - 2025-05-16 17:51:18 --> Model "Msync_doc_aw" initialized
INFO - 2025-05-16 17:51:19 --> Final output sent to browser
DEBUG - 2025-05-16 17:51:19 --> Total execution time: 0.8825
INFO - 2025-05-16 17:51:21 --> Config Class Initialized
INFO - 2025-05-16 17:51:21 --> Hooks Class Initialized
DEBUG - 2025-05-16 17:51:21 --> UTF-8 Support Enabled
INFO - 2025-05-16 17:51:21 --> Utf8 Class Initialized
INFO - 2025-05-16 17:51:21 --> URI Class Initialized
INFO - 2025-05-16 17:51:21 --> Router Class Initialized
INFO - 2025-05-16 17:51:21 --> Output Class Initialized
INFO - 2025-05-16 17:51:21 --> Security Class Initialized
DEBUG - 2025-05-16 17:51:21 --> Global POST, GET and COOKIE data sanitized
INFO - 2025-05-16 17:51:21 --> Input Class Initialized
INFO - 2025-05-16 17:51:21 --> Language Class Initialized
INFO - 2025-05-16 17:51:21 --> Loader Class Initialized
INFO - 2025-05-16 17:51:21 --> Helper loaded: url_helper
INFO - 2025-05-16 17:51:21 --> Database Driver Class Initialized
INFO - 2025-05-16 17:51:21 --> Controller Class Initialized
INFO - 2025-05-16 17:51:21 --> Model "Mconfigkey" initialized
INFO - 2025-05-16 17:51:21 --> Model "Msync_doc_aw" initialized
INFO - 2025-05-16 17:51:22 --> Final output sent to browser
DEBUG - 2025-05-16 17:51:22 --> Total execution time: 1.2948
INFO - 2025-05-16 17:51:24 --> Config Class Initialized
INFO - 2025-05-16 17:51:24 --> Hooks Class Initialized
DEBUG - 2025-05-16 17:51:24 --> UTF-8 Support Enabled
INFO - 2025-05-16 17:51:24 --> Utf8 Class Initialized
INFO - 2025-05-16 17:51:24 --> URI Class Initialized
INFO - 2025-05-16 17:51:24 --> Router Class Initialized
INFO - 2025-05-16 17:51:24 --> Output Class Initialized
INFO - 2025-05-16 17:51:24 --> Security Class Initialized
DEBUG - 2025-05-16 17:51:24 --> Global POST, GET and COOKIE data sanitized
INFO - 2025-05-16 17:51:24 --> Input Class Initialized
INFO - 2025-05-16 17:51:24 --> Language Class Initialized
INFO - 2025-05-16 17:51:24 --> Loader Class Initialized
INFO - 2025-05-16 17:51:24 --> Helper loaded: url_helper
INFO - 2025-05-16 17:51:24 --> Database Driver Class Initialized
INFO - 2025-05-16 17:51:24 --> Controller Class Initialized
INFO - 2025-05-16 17:51:24 --> Model "Mconfigkey" initialized
INFO - 2025-05-16 17:51:24 --> Model "Msync_doc_aw" initialized
INFO - 2025-05-16 17:51:25 --> Final output sent to browser
DEBUG - 2025-05-16 17:51:25 --> Total execution time: 0.8841
INFO - 2025-05-16 17:51:27 --> Config Class Initialized
INFO - 2025-05-16 17:51:27 --> Hooks Class Initialized
DEBUG - 2025-05-16 17:51:27 --> UTF-8 Support Enabled
INFO - 2025-05-16 17:51:27 --> Utf8 Class Initialized
INFO - 2025-05-16 17:51:27 --> URI Class Initialized
INFO - 2025-05-16 17:51:27 --> Router Class Initialized
INFO - 2025-05-16 17:51:27 --> Output Class Initialized
INFO - 2025-05-16 17:51:27 --> Security Class Initialized
DEBUG - 2025-05-16 17:51:27 --> Global POST, GET and COOKIE data sanitized
INFO - 2025-05-16 17:51:27 --> Input Class Initialized
INFO - 2025-05-16 17:51:27 --> Language Class Initialized
INFO - 2025-05-16 17:51:27 --> Loader Class Initialized
INFO - 2025-05-16 17:51:27 --> Helper loaded: url_helper
INFO - 2025-05-16 17:51:27 --> Database Driver Class Initialized
INFO - 2025-05-16 17:51:27 --> Config Class Initialized
INFO - 2025-05-16 17:51:27 --> Hooks Class Initialized
DEBUG - 2025-05-16 17:51:27 --> UTF-8 Support Enabled
INFO - 2025-05-16 17:51:27 --> Utf8 Class Initialized
INFO - 2025-05-16 17:51:27 --> URI Class Initialized
INFO - 2025-05-16 17:51:27 --> Router Class Initialized
INFO - 2025-05-16 17:51:27 --> Output Class Initialized
INFO - 2025-05-16 17:51:27 --> Security Class Initialized
DEBUG - 2025-05-16 17:51:27 --> Global POST, GET and COOKIE data sanitized
INFO - 2025-05-16 17:51:27 --> Input Class Initialized
INFO - 2025-05-16 17:51:27 --> Language Class Initialized
INFO - 2025-05-16 17:51:27 --> Loader Class Initialized
INFO - 2025-05-16 17:51:27 --> Helper loaded: url_helper
INFO - 2025-05-16 17:51:27 --> Controller Class Initialized
INFO - 2025-05-16 17:51:27 --> Model "Mconfigkey" initialized
INFO - 2025-05-16 17:51:27 --> Database Driver Class Initialized
INFO - 2025-05-16 17:51:27 --> Model "Msync_doc_aw" initialized
INFO - 2025-05-16 17:51:27 --> Controller Class Initialized
INFO - 2025-05-16 17:51:27 --> Model "Mconfigkey" initialized
INFO - 2025-05-16 17:51:27 --> Model "Msync_doc_aw" initialized
INFO - 2025-05-16 17:51:27 --> Config Class Initialized
INFO - 2025-05-16 17:51:27 --> Hooks Class Initialized
DEBUG - 2025-05-16 17:51:27 --> UTF-8 Support Enabled
INFO - 2025-05-16 17:51:27 --> Utf8 Class Initialized
INFO - 2025-05-16 17:51:27 --> URI Class Initialized
INFO - 2025-05-16 17:51:27 --> Router Class Initialized
INFO - 2025-05-16 17:51:27 --> Output Class Initialized
INFO - 2025-05-16 17:51:27 --> Security Class Initialized
DEBUG - 2025-05-16 17:51:27 --> Global POST, GET and COOKIE data sanitized
INFO - 2025-05-16 17:51:27 --> Input Class Initialized
INFO - 2025-05-16 17:51:27 --> Language Class Initialized
INFO - 2025-05-16 17:51:27 --> Loader Class Initialized
INFO - 2025-05-16 17:51:27 --> Helper loaded: url_helper
INFO - 2025-05-16 17:51:27 --> Database Driver Class Initialized
INFO - 2025-05-16 17:51:27 --> Controller Class Initialized
INFO - 2025-05-16 17:51:27 --> Model "Mconfigkey" initialized
INFO - 2025-05-16 17:51:27 --> Model "Msync_doc_aw" initialized
INFO - 2025-05-16 17:51:28 --> Config Class Initialized
INFO - 2025-05-16 17:51:28 --> Hooks Class Initialized
DEBUG - 2025-05-16 17:51:28 --> UTF-8 Support Enabled
INFO - 2025-05-16 17:51:28 --> Utf8 Class Initialized
INFO - 2025-05-16 17:51:28 --> URI Class Initialized
INFO - 2025-05-16 17:51:28 --> Router Class Initialized
INFO - 2025-05-16 17:51:28 --> Output Class Initialized
INFO - 2025-05-16 17:51:28 --> Security Class Initialized
DEBUG - 2025-05-16 17:51:28 --> Global POST, GET and COOKIE data sanitized
INFO - 2025-05-16 17:51:28 --> Input Class Initialized
INFO - 2025-05-16 17:51:28 --> Language Class Initialized
INFO - 2025-05-16 17:51:28 --> Loader Class Initialized
INFO - 2025-05-16 17:51:28 --> Helper loaded: url_helper
INFO - 2025-05-16 17:51:28 --> Database Driver Class Initialized
INFO - 2025-05-16 17:51:28 --> Controller Class Initialized
INFO - 2025-05-16 17:51:28 --> Model "Mconfigkey" initialized
INFO - 2025-05-16 17:51:28 --> Model "Msync_doc_aw" initialized
INFO - 2025-05-16 17:51:28 --> Config Class Initialized
INFO - 2025-05-16 17:51:28 --> Hooks Class Initialized
DEBUG - 2025-05-16 17:51:28 --> UTF-8 Support Enabled
INFO - 2025-05-16 17:51:28 --> Utf8 Class Initialized
INFO - 2025-05-16 17:51:28 --> URI Class Initialized
INFO - 2025-05-16 17:51:28 --> Router Class Initialized
INFO - 2025-05-16 17:51:28 --> Output Class Initialized
INFO - 2025-05-16 17:51:28 --> Security Class Initialized
DEBUG - 2025-05-16 17:51:28 --> Global POST, GET and COOKIE data sanitized
INFO - 2025-05-16 17:51:28 --> Input Class Initialized
INFO - 2025-05-16 17:51:28 --> Language Class Initialized
INFO - 2025-05-16 17:51:28 --> Loader Class Initialized
INFO - 2025-05-16 17:51:28 --> Helper loaded: url_helper
INFO - 2025-05-16 17:51:28 --> Database Driver Class Initialized
INFO - 2025-05-16 17:51:28 --> Controller Class Initialized
INFO - 2025-05-16 17:51:28 --> Model "Mconfigkey" initialized
INFO - 2025-05-16 17:51:28 --> Model "Msync_doc_aw" initialized
INFO - 2025-05-16 17:51:28 --> Config Class Initialized
INFO - 2025-05-16 17:51:28 --> Hooks Class Initialized
DEBUG - 2025-05-16 17:51:28 --> UTF-8 Support Enabled
INFO - 2025-05-16 17:51:28 --> Utf8 Class Initialized
INFO - 2025-05-16 17:51:28 --> URI Class Initialized
INFO - 2025-05-16 17:51:28 --> Router Class Initialized
INFO - 2025-05-16 17:51:28 --> Output Class Initialized
INFO - 2025-05-16 17:51:28 --> Security Class Initialized
DEBUG - 2025-05-16 17:51:28 --> Global POST, GET and COOKIE data sanitized
INFO - 2025-05-16 17:51:28 --> Input Class Initialized
INFO - 2025-05-16 17:51:28 --> Language Class Initialized
INFO - 2025-05-16 17:51:28 --> Loader Class Initialized
INFO - 2025-05-16 17:51:28 --> Helper loaded: url_helper
INFO - 2025-05-16 17:51:28 --> Database Driver Class Initialized
INFO - 2025-05-16 17:51:28 --> Controller Class Initialized
INFO - 2025-05-16 17:51:28 --> Model "Mconfigkey" initialized
INFO - 2025-05-16 17:51:28 --> Model "Msync_doc_aw" initialized
INFO - 2025-05-16 17:51:30 --> Final output sent to browser
DEBUG - 2025-05-16 17:51:30 --> Total execution time: 3.0914
INFO - 2025-05-16 17:51:31 --> Final output sent to browser
DEBUG - 2025-05-16 17:51:31 --> Total execution time: 3.2653
INFO - 2025-05-16 17:51:31 --> Final output sent to browser
DEBUG - 2025-05-16 17:51:31 --> Total execution time: 3.4175
INFO - 2025-05-16 17:51:32 --> Final output sent to browser
DEBUG - 2025-05-16 17:51:32 --> Total execution time: 3.9768
INFO - 2025-05-16 17:51:32 --> Final output sent to browser
DEBUG - 2025-05-16 17:51:32 --> Total execution time: 3.8025
INFO - 2025-05-16 17:51:32 --> Final output sent to browser
DEBUG - 2025-05-16 17:51:32 --> Total execution time: 3.7222
INFO - 2025-05-16 17:51:53 --> Config Class Initialized
INFO - 2025-05-16 17:51:53 --> Hooks Class Initialized
DEBUG - 2025-05-16 17:51:53 --> UTF-8 Support Enabled
INFO - 2025-05-16 17:51:53 --> Utf8 Class Initialized
INFO - 2025-05-16 17:51:53 --> URI Class Initialized
INFO - 2025-05-16 17:51:53 --> Router Class Initialized
INFO - 2025-05-16 17:51:53 --> Output Class Initialized
INFO - 2025-05-16 17:51:53 --> Security Class Initialized
DEBUG - 2025-05-16 17:51:53 --> Global POST, GET and COOKIE data sanitized
INFO - 2025-05-16 17:51:53 --> Input Class Initialized
INFO - 2025-05-16 17:51:53 --> Language Class Initialized
INFO - 2025-05-16 17:51:53 --> Loader Class Initialized
INFO - 2025-05-16 17:51:53 --> Helper loaded: url_helper
INFO - 2025-05-16 17:51:53 --> Database Driver Class Initialized
INFO - 2025-05-16 17:51:53 --> Controller Class Initialized
INFO - 2025-05-16 17:51:53 --> Model "Mconfigkey" initialized
INFO - 2025-05-16 17:51:53 --> Model "Mgoods_in" initialized
INFO - 2025-05-16 17:51:57 --> Final output sent to browser
DEBUG - 2025-05-16 17:51:57 --> Total execution time: 4.3372
INFO - 2025-05-16 17:56:41 --> Config Class Initialized
INFO - 2025-05-16 17:56:41 --> Hooks Class Initialized
DEBUG - 2025-05-16 17:56:41 --> UTF-8 Support Enabled
INFO - 2025-05-16 17:56:41 --> Utf8 Class Initialized
INFO - 2025-05-16 17:56:41 --> URI Class Initialized
INFO - 2025-05-16 17:56:41 --> Router Class Initialized
INFO - 2025-05-16 17:56:41 --> Config Class Initialized
INFO - 2025-05-16 17:56:41 --> Hooks Class Initialized
DEBUG - 2025-05-16 17:56:41 --> UTF-8 Support Enabled
INFO - 2025-05-16 17:56:41 --> Utf8 Class Initialized
INFO - 2025-05-16 17:56:41 --> Output Class Initialized
INFO - 2025-05-16 17:56:41 --> URI Class Initialized
INFO - 2025-05-16 17:56:41 --> Security Class Initialized
INFO - 2025-05-16 17:56:41 --> Router Class Initialized
DEBUG - 2025-05-16 17:56:41 --> Global POST, GET and COOKIE data sanitized
INFO - 2025-05-16 17:56:41 --> Input Class Initialized
INFO - 2025-05-16 17:56:41 --> Output Class Initialized
INFO - 2025-05-16 17:56:41 --> Language Class Initialized
INFO - 2025-05-16 17:56:41 --> Security Class Initialized
DEBUG - 2025-05-16 17:56:41 --> Global POST, GET and COOKIE data sanitized
INFO - 2025-05-16 17:56:41 --> Loader Class Initialized
INFO - 2025-05-16 17:56:41 --> Input Class Initialized
INFO - 2025-05-16 17:56:41 --> Language Class Initialized
INFO - 2025-05-16 17:56:41 --> Helper loaded: url_helper
INFO - 2025-05-16 17:56:41 --> Loader Class Initialized
INFO - 2025-05-16 17:56:41 --> Helper loaded: url_helper
INFO - 2025-05-16 17:56:41 --> Database Driver Class Initialized
INFO - 2025-05-16 17:56:41 --> Database Driver Class Initialized
INFO - 2025-05-16 17:56:41 --> Controller Class Initialized
INFO - 2025-05-16 17:56:41 --> Controller Class Initialized
INFO - 2025-05-16 17:56:41 --> Model "Mconfigkey" initialized
INFO - 2025-05-16 17:56:41 --> Model "Mconfigkey" initialized
INFO - 2025-05-16 17:56:41 --> Model "Mgoods_in" initialized
INFO - 2025-05-16 17:56:41 --> Model "Mgoods_in" initialized
INFO - 2025-05-16 17:56:41 --> Final output sent to browser
INFO - 2025-05-16 17:56:41 --> Final output sent to browser
DEBUG - 2025-05-16 17:56:41 --> Total execution time: 0.0793
DEBUG - 2025-05-16 17:56:41 --> Total execution time: 0.0793
INFO - 2025-05-16 17:56:42 --> Config Class Initialized
INFO - 2025-05-16 17:56:42 --> Hooks Class Initialized
DEBUG - 2025-05-16 17:56:42 --> UTF-8 Support Enabled
INFO - 2025-05-16 17:56:42 --> Utf8 Class Initialized
INFO - 2025-05-16 17:56:42 --> URI Class Initialized
INFO - 2025-05-16 17:56:42 --> Router Class Initialized
INFO - 2025-05-16 17:56:42 --> Output Class Initialized
INFO - 2025-05-16 17:56:42 --> Security Class Initialized
DEBUG - 2025-05-16 17:56:42 --> Global POST, GET and COOKIE data sanitized
INFO - 2025-05-16 17:56:42 --> Input Class Initialized
INFO - 2025-05-16 17:56:42 --> Language Class Initialized
INFO - 2025-05-16 17:56:42 --> Loader Class Initialized
INFO - 2025-05-16 17:56:42 --> Helper loaded: url_helper
INFO - 2025-05-16 17:56:42 --> Database Driver Class Initialized
INFO - 2025-05-16 17:56:42 --> Controller Class Initialized
INFO - 2025-05-16 17:56:42 --> Model "Mconfigkey" initialized
INFO - 2025-05-16 17:56:42 --> Model "Mgoods_in" initialized
ERROR - 2025-05-16 17:56:42 --> Query error: [Microsoft][ODBC Driver 18 for SQL Server][SQL Server]Error converting data type varchar to date. - Invalid query: exec SP_SCAN_IN_WMS
            
            @VRECEIVE_DATE='Invalid date',
            @VUSERNAME='seiwa',
            @VMODULES='load', 

            @VORDERBY = ' ORDER BY LOT_NO DESC ', 
            @OFFSET = '0',
            @FETCH_SIZE = '50', 
            @FILTER = '' 


            
INFO - 2025-05-16 17:56:42 --> Language file loaded: language/english/db_lang.php
INFO - 2025-05-16 17:56:42 --> Config Class Initialized
INFO - 2025-05-16 17:56:42 --> Hooks Class Initialized
DEBUG - 2025-05-16 17:56:42 --> UTF-8 Support Enabled
INFO - 2025-05-16 17:56:42 --> Utf8 Class Initialized
INFO - 2025-05-16 17:56:42 --> URI Class Initialized
INFO - 2025-05-16 17:56:42 --> Router Class Initialized
INFO - 2025-05-16 17:56:42 --> Output Class Initialized
INFO - 2025-05-16 17:56:42 --> Security Class Initialized
DEBUG - 2025-05-16 17:56:42 --> Global POST, GET and COOKIE data sanitized
INFO - 2025-05-16 17:56:42 --> Input Class Initialized
INFO - 2025-05-16 17:56:42 --> Language Class Initialized
INFO - 2025-05-16 17:56:42 --> Loader Class Initialized
INFO - 2025-05-16 17:56:42 --> Helper loaded: url_helper
INFO - 2025-05-16 17:56:42 --> Database Driver Class Initialized
INFO - 2025-05-16 17:56:42 --> Controller Class Initialized
INFO - 2025-05-16 17:56:42 --> Model "Mconfigkey" initialized
INFO - 2025-05-16 17:56:42 --> Model "Mgoods_in" initialized
INFO - 2025-05-16 17:56:45 --> Final output sent to browser
DEBUG - 2025-05-16 17:56:45 --> Total execution time: 2.9775
INFO - 2025-05-16 17:56:51 --> Config Class Initialized
INFO - 2025-05-16 17:56:51 --> Hooks Class Initialized
DEBUG - 2025-05-16 17:56:51 --> UTF-8 Support Enabled
INFO - 2025-05-16 17:56:51 --> Utf8 Class Initialized
INFO - 2025-05-16 17:56:51 --> URI Class Initialized
INFO - 2025-05-16 17:56:51 --> Router Class Initialized
INFO - 2025-05-16 17:56:51 --> Output Class Initialized
INFO - 2025-05-16 17:56:51 --> Security Class Initialized
DEBUG - 2025-05-16 17:56:51 --> Global POST, GET and COOKIE data sanitized
INFO - 2025-05-16 17:56:51 --> Input Class Initialized
INFO - 2025-05-16 17:56:51 --> Language Class Initialized
INFO - 2025-05-16 17:56:51 --> Loader Class Initialized
INFO - 2025-05-16 17:56:51 --> Helper loaded: url_helper
INFO - 2025-05-16 17:56:51 --> Database Driver Class Initialized
INFO - 2025-05-16 17:56:51 --> Controller Class Initialized
INFO - 2025-05-16 17:56:51 --> Model "Mconfigkey" initialized
INFO - 2025-05-16 17:56:51 --> Model "Mgoods_in" initialized
INFO - 2025-05-16 17:56:54 --> Final output sent to browser
DEBUG - 2025-05-16 17:56:54 --> Total execution time: 2.5087
