INFO - 2024-09-01 11:02:46 --> Config Class Initialized
INFO - 2024-09-01 11:02:46 --> Hooks Class Initialized
DEBUG - 2024-09-01 11:02:46 --> UTF-8 Support Enabled
INFO - 2024-09-01 11:02:46 --> Utf8 Class Initialized
INFO - 2024-09-01 11:02:46 --> URI Class Initialized
INFO - 2024-09-01 11:02:46 --> Router Class Initialized
INFO - 2024-09-01 11:02:46 --> Output Class Initialized
INFO - 2024-09-01 11:02:46 --> Security Class Initialized
DEBUG - 2024-09-01 11:02:46 --> Global POST, GET and COOKIE data sanitized
INFO - 2024-09-01 11:02:46 --> Input Class Initialized
INFO - 2024-09-01 11:02:46 --> Language Class Initialized
INFO - 2024-09-01 11:02:46 --> Loader Class Initialized
INFO - 2024-09-01 11:02:46 --> Helper loaded: url_helper
INFO - 2024-09-01 11:02:46 --> Database Driver Class Initialized
INFO - 2024-09-01 11:02:47 --> Controller Class Initialized
INFO - 2024-09-01 11:02:47 --> Model "Mconfigkey" initialized
INFO - 2024-09-01 11:02:47 --> Final output sent to browser
DEBUG - 2024-09-01 11:02:47 --> Total execution time: 0.3104
INFO - 2024-09-01 11:02:52 --> Config Class Initialized
INFO - 2024-09-01 11:02:52 --> Hooks Class Initialized
DEBUG - 2024-09-01 11:02:52 --> UTF-8 Support Enabled
INFO - 2024-09-01 11:02:52 --> Utf8 Class Initialized
INFO - 2024-09-01 11:02:52 --> URI Class Initialized
INFO - 2024-09-01 11:02:52 --> Router Class Initialized
INFO - 2024-09-01 11:02:52 --> Output Class Initialized
INFO - 2024-09-01 11:02:52 --> Security Class Initialized
DEBUG - 2024-09-01 11:02:52 --> Global POST, GET and COOKIE data sanitized
INFO - 2024-09-01 11:02:52 --> Input Class Initialized
INFO - 2024-09-01 11:02:52 --> Language Class Initialized
INFO - 2024-09-01 11:02:52 --> Loader Class Initialized
INFO - 2024-09-01 11:02:52 --> Helper loaded: url_helper
INFO - 2024-09-01 11:02:52 --> Database Driver Class Initialized
INFO - 2024-09-01 11:02:52 --> Controller Class Initialized
INFO - 2024-09-01 11:02:52 --> Model "Mauth" initialized
INFO - 2024-09-01 11:02:52 --> Model "Mconfigkey" initialized
INFO - 2024-09-01 11:02:52 --> Final output sent to browser
DEBUG - 2024-09-01 11:02:52 --> Total execution time: 0.0351
INFO - 2024-09-01 11:03:01 --> Config Class Initialized
INFO - 2024-09-01 11:03:01 --> Hooks Class Initialized
DEBUG - 2024-09-01 11:03:01 --> UTF-8 Support Enabled
INFO - 2024-09-01 11:03:01 --> Utf8 Class Initialized
INFO - 2024-09-01 11:03:01 --> URI Class Initialized
INFO - 2024-09-01 11:03:01 --> Router Class Initialized
INFO - 2024-09-01 11:03:01 --> Output Class Initialized
INFO - 2024-09-01 11:03:01 --> Security Class Initialized
DEBUG - 2024-09-01 11:03:01 --> Global POST, GET and COOKIE data sanitized
INFO - 2024-09-01 11:03:01 --> Input Class Initialized
INFO - 2024-09-01 11:03:01 --> Language Class Initialized
INFO - 2024-09-01 11:03:01 --> Loader Class Initialized
INFO - 2024-09-01 11:03:01 --> Helper loaded: url_helper
INFO - 2024-09-01 11:03:01 --> Database Driver Class Initialized
INFO - 2024-09-01 11:03:01 --> Controller Class Initialized
INFO - 2024-09-01 11:03:01 --> Model "Mconfigkey" initialized
INFO - 2024-09-01 11:03:01 --> Model "Msync_delivery_instruction" initialized
INFO - 2024-09-01 11:03:01 --> Final output sent to browser
DEBUG - 2024-09-01 11:03:01 --> Total execution time: 0.0277
INFO - 2024-09-01 11:03:07 --> Config Class Initialized
INFO - 2024-09-01 11:03:07 --> Hooks Class Initialized
DEBUG - 2024-09-01 11:03:07 --> UTF-8 Support Enabled
INFO - 2024-09-01 11:03:07 --> Utf8 Class Initialized
INFO - 2024-09-01 11:03:07 --> URI Class Initialized
INFO - 2024-09-01 11:03:07 --> Router Class Initialized
INFO - 2024-09-01 11:03:07 --> Output Class Initialized
INFO - 2024-09-01 11:03:07 --> Security Class Initialized
DEBUG - 2024-09-01 11:03:07 --> Global POST, GET and COOKIE data sanitized
INFO - 2024-09-01 11:03:07 --> Input Class Initialized
INFO - 2024-09-01 11:03:07 --> Language Class Initialized
INFO - 2024-09-01 11:03:07 --> Loader Class Initialized
INFO - 2024-09-01 11:03:07 --> Helper loaded: url_helper
INFO - 2024-09-01 11:03:07 --> Database Driver Class Initialized
INFO - 2024-09-01 11:03:08 --> Controller Class Initialized
INFO - 2024-09-01 11:03:08 --> Model "Mconfigkey" initialized
INFO - 2024-09-01 11:03:08 --> Model "Mgoods_racking" initialized
INFO - 2024-09-01 11:03:08 --> Final output sent to browser
DEBUG - 2024-09-01 11:03:08 --> Total execution time: 0.0342
INFO - 2024-09-01 11:03:16 --> Config Class Initialized
INFO - 2024-09-01 11:03:16 --> Hooks Class Initialized
DEBUG - 2024-09-01 11:03:16 --> UTF-8 Support Enabled
INFO - 2024-09-01 11:03:16 --> Utf8 Class Initialized
INFO - 2024-09-01 11:03:16 --> URI Class Initialized
INFO - 2024-09-01 11:03:16 --> Router Class Initialized
INFO - 2024-09-01 11:03:16 --> Output Class Initialized
INFO - 2024-09-01 11:03:16 --> Security Class Initialized
DEBUG - 2024-09-01 11:03:16 --> Global POST, GET and COOKIE data sanitized
INFO - 2024-09-01 11:03:16 --> Input Class Initialized
INFO - 2024-09-01 11:03:16 --> Language Class Initialized
INFO - 2024-09-01 11:03:16 --> Loader Class Initialized
INFO - 2024-09-01 11:03:16 --> Helper loaded: url_helper
INFO - 2024-09-01 11:03:16 --> Database Driver Class Initialized
INFO - 2024-09-01 11:03:16 --> Controller Class Initialized
INFO - 2024-09-01 11:03:16 --> Model "Mconfigkey" initialized
INFO - 2024-09-01 11:03:16 --> Model "Mgoods_stuffing" initialized
INFO - 2024-09-01 11:03:16 --> Final output sent to browser
DEBUG - 2024-09-01 11:03:16 --> Total execution time: 0.0281
INFO - 2024-09-01 11:03:20 --> Config Class Initialized
INFO - 2024-09-01 11:03:20 --> Hooks Class Initialized
DEBUG - 2024-09-01 11:03:20 --> UTF-8 Support Enabled
INFO - 2024-09-01 11:03:20 --> Utf8 Class Initialized
INFO - 2024-09-01 11:03:20 --> URI Class Initialized
INFO - 2024-09-01 11:03:20 --> Router Class Initialized
INFO - 2024-09-01 11:03:20 --> Output Class Initialized
INFO - 2024-09-01 11:03:20 --> Security Class Initialized
DEBUG - 2024-09-01 11:03:20 --> Global POST, GET and COOKIE data sanitized
INFO - 2024-09-01 11:03:20 --> Input Class Initialized
INFO - 2024-09-01 11:03:20 --> Language Class Initialized
INFO - 2024-09-01 11:03:20 --> Loader Class Initialized
INFO - 2024-09-01 11:03:20 --> Helper loaded: url_helper
INFO - 2024-09-01 11:03:20 --> Database Driver Class Initialized
INFO - 2024-09-01 11:03:20 --> Controller Class Initialized
INFO - 2024-09-01 11:03:20 --> Model "Mconfigkey" initialized
ERROR - 2024-09-01 11:03:20 --> Severity: error --> Exception: D:\xampp\htdocs\plb\dummyservice\application\models/Mgoods_delivery.php exists, but doesn't declare class Mgoods_delivery D:\xampp\htdocs\plb\dummyservice\system\core\Loader.php 340
INFO - 2024-09-01 11:03:24 --> Config Class Initialized
INFO - 2024-09-01 11:03:24 --> Hooks Class Initialized
DEBUG - 2024-09-01 11:03:24 --> UTF-8 Support Enabled
INFO - 2024-09-01 11:03:24 --> Utf8 Class Initialized
INFO - 2024-09-01 11:03:24 --> URI Class Initialized
INFO - 2024-09-01 11:03:24 --> Router Class Initialized
INFO - 2024-09-01 11:03:24 --> Output Class Initialized
INFO - 2024-09-01 11:03:24 --> Security Class Initialized
DEBUG - 2024-09-01 11:03:24 --> Global POST, GET and COOKIE data sanitized
INFO - 2024-09-01 11:03:24 --> Input Class Initialized
INFO - 2024-09-01 11:03:24 --> Language Class Initialized
INFO - 2024-09-01 11:03:24 --> Loader Class Initialized
INFO - 2024-09-01 11:03:24 --> Helper loaded: url_helper
INFO - 2024-09-01 11:03:24 --> Database Driver Class Initialized
INFO - 2024-09-01 11:03:24 --> Controller Class Initialized
INFO - 2024-09-01 11:03:24 --> Model "Mconfigkey" initialized
INFO - 2024-09-01 11:03:24 --> Model "Mgoods_stuffing" initialized
INFO - 2024-09-01 11:03:24 --> Final output sent to browser
DEBUG - 2024-09-01 11:03:24 --> Total execution time: 0.0216
INFO - 2024-09-01 11:03:26 --> Config Class Initialized
INFO - 2024-09-01 11:03:26 --> Hooks Class Initialized
DEBUG - 2024-09-01 11:03:26 --> UTF-8 Support Enabled
INFO - 2024-09-01 11:03:26 --> Utf8 Class Initialized
INFO - 2024-09-01 11:03:26 --> URI Class Initialized
INFO - 2024-09-01 11:03:26 --> Router Class Initialized
INFO - 2024-09-01 11:03:26 --> Output Class Initialized
INFO - 2024-09-01 11:03:26 --> Security Class Initialized
DEBUG - 2024-09-01 11:03:26 --> Global POST, GET and COOKIE data sanitized
INFO - 2024-09-01 11:03:26 --> Input Class Initialized
INFO - 2024-09-01 11:03:26 --> Language Class Initialized
INFO - 2024-09-01 11:03:26 --> Loader Class Initialized
INFO - 2024-09-01 11:03:26 --> Helper loaded: url_helper
INFO - 2024-09-01 11:03:26 --> Database Driver Class Initialized
INFO - 2024-09-01 11:03:26 --> Controller Class Initialized
INFO - 2024-09-01 11:03:26 --> Model "Mconfigkey" initialized
INFO - 2024-09-01 11:03:26 --> Model "Mgoods_stuffing" initialized
INFO - 2024-09-01 11:03:26 --> Final output sent to browser
DEBUG - 2024-09-01 11:03:26 --> Total execution time: 0.0194
INFO - 2024-09-01 11:04:02 --> Config Class Initialized
INFO - 2024-09-01 11:04:02 --> Hooks Class Initialized
DEBUG - 2024-09-01 11:04:02 --> UTF-8 Support Enabled
INFO - 2024-09-01 11:04:02 --> Utf8 Class Initialized
INFO - 2024-09-01 11:04:02 --> URI Class Initialized
INFO - 2024-09-01 11:04:02 --> Router Class Initialized
INFO - 2024-09-01 11:04:02 --> Output Class Initialized
INFO - 2024-09-01 11:04:02 --> Security Class Initialized
DEBUG - 2024-09-01 11:04:02 --> Global POST, GET and COOKIE data sanitized
INFO - 2024-09-01 11:04:02 --> Input Class Initialized
INFO - 2024-09-01 11:04:02 --> Language Class Initialized
INFO - 2024-09-01 11:04:02 --> Loader Class Initialized
INFO - 2024-09-01 11:04:02 --> Helper loaded: url_helper
INFO - 2024-09-01 11:04:02 --> Database Driver Class Initialized
INFO - 2024-09-01 11:04:02 --> Controller Class Initialized
INFO - 2024-09-01 11:04:02 --> Model "Mconfigkey" initialized
INFO - 2024-09-01 11:04:02 --> Model "Mgoods_stuffing" initialized
INFO - 2024-09-01 11:04:02 --> Final output sent to browser
DEBUG - 2024-09-01 11:04:02 --> Total execution time: 0.0206
INFO - 2024-09-01 11:04:03 --> Config Class Initialized
INFO - 2024-09-01 11:04:03 --> Hooks Class Initialized
DEBUG - 2024-09-01 11:04:03 --> UTF-8 Support Enabled
INFO - 2024-09-01 11:04:03 --> Utf8 Class Initialized
INFO - 2024-09-01 11:04:03 --> URI Class Initialized
INFO - 2024-09-01 11:04:03 --> Router Class Initialized
INFO - 2024-09-01 11:04:03 --> Output Class Initialized
INFO - 2024-09-01 11:04:03 --> Security Class Initialized
DEBUG - 2024-09-01 11:04:03 --> Global POST, GET and COOKIE data sanitized
INFO - 2024-09-01 11:04:03 --> Input Class Initialized
INFO - 2024-09-01 11:04:03 --> Language Class Initialized
INFO - 2024-09-01 11:04:03 --> Loader Class Initialized
INFO - 2024-09-01 11:04:03 --> Helper loaded: url_helper
INFO - 2024-09-01 11:04:03 --> Database Driver Class Initialized
INFO - 2024-09-01 11:04:03 --> Controller Class Initialized
INFO - 2024-09-01 11:04:03 --> Model "Mconfigkey" initialized
INFO - 2024-09-01 11:04:03 --> Model "Mgoods_stuffing" initialized
INFO - 2024-09-01 11:04:03 --> Final output sent to browser
DEBUG - 2024-09-01 11:04:03 --> Total execution time: 0.0194
INFO - 2024-09-01 11:21:58 --> Config Class Initialized
INFO - 2024-09-01 11:21:58 --> Hooks Class Initialized
DEBUG - 2024-09-01 11:21:58 --> UTF-8 Support Enabled
INFO - 2024-09-01 11:21:58 --> Utf8 Class Initialized
INFO - 2024-09-01 11:21:58 --> URI Class Initialized
INFO - 2024-09-01 11:21:58 --> Router Class Initialized
INFO - 2024-09-01 11:21:58 --> Output Class Initialized
INFO - 2024-09-01 11:21:58 --> Security Class Initialized
DEBUG - 2024-09-01 11:21:58 --> Global POST, GET and COOKIE data sanitized
INFO - 2024-09-01 11:21:58 --> Input Class Initialized
INFO - 2024-09-01 11:21:58 --> Language Class Initialized
INFO - 2024-09-01 11:21:58 --> Loader Class Initialized
INFO - 2024-09-01 11:21:58 --> Helper loaded: url_helper
INFO - 2024-09-01 11:21:58 --> Database Driver Class Initialized
INFO - 2024-09-01 11:21:58 --> Controller Class Initialized
INFO - 2024-09-01 11:21:58 --> Model "Mconfigkey" initialized
INFO - 2024-09-01 11:21:58 --> Final output sent to browser
DEBUG - 2024-09-01 11:21:58 --> Total execution time: 0.0213
INFO - 2024-09-01 11:22:34 --> Config Class Initialized
INFO - 2024-09-01 11:22:34 --> Hooks Class Initialized
DEBUG - 2024-09-01 11:22:34 --> UTF-8 Support Enabled
INFO - 2024-09-01 11:22:34 --> Utf8 Class Initialized
INFO - 2024-09-01 11:22:34 --> URI Class Initialized
INFO - 2024-09-01 11:22:34 --> Router Class Initialized
INFO - 2024-09-01 11:22:34 --> Output Class Initialized
INFO - 2024-09-01 11:22:34 --> Security Class Initialized
DEBUG - 2024-09-01 11:22:34 --> Global POST, GET and COOKIE data sanitized
INFO - 2024-09-01 11:22:34 --> Input Class Initialized
INFO - 2024-09-01 11:22:34 --> Language Class Initialized
INFO - 2024-09-01 11:22:34 --> Loader Class Initialized
INFO - 2024-09-01 11:22:34 --> Helper loaded: url_helper
INFO - 2024-09-01 11:22:34 --> Database Driver Class Initialized
INFO - 2024-09-01 11:22:34 --> Controller Class Initialized
INFO - 2024-09-01 11:22:34 --> Model "Mconfigkey" initialized
INFO - 2024-09-01 11:22:34 --> Final output sent to browser
DEBUG - 2024-09-01 11:22:34 --> Total execution time: 0.0202
INFO - 2024-09-01 11:35:42 --> Config Class Initialized
INFO - 2024-09-01 11:35:42 --> Hooks Class Initialized
DEBUG - 2024-09-01 11:35:42 --> UTF-8 Support Enabled
INFO - 2024-09-01 11:35:42 --> Utf8 Class Initialized
INFO - 2024-09-01 11:35:42 --> URI Class Initialized
INFO - 2024-09-01 11:35:42 --> Router Class Initialized
INFO - 2024-09-01 11:35:42 --> Output Class Initialized
INFO - 2024-09-01 11:35:42 --> Security Class Initialized
DEBUG - 2024-09-01 11:35:42 --> Global POST, GET and COOKIE data sanitized
INFO - 2024-09-01 11:35:42 --> Input Class Initialized
INFO - 2024-09-01 11:35:42 --> Language Class Initialized
INFO - 2024-09-01 11:35:42 --> Loader Class Initialized
INFO - 2024-09-01 11:35:42 --> Helper loaded: url_helper
INFO - 2024-09-01 11:35:42 --> Database Driver Class Initialized
INFO - 2024-09-01 11:35:42 --> Controller Class Initialized
INFO - 2024-09-01 11:35:42 --> Model "Mconfigkey" initialized
INFO - 2024-09-01 11:35:42 --> Final output sent to browser
DEBUG - 2024-09-01 11:35:42 --> Total execution time: 0.0218
INFO - 2024-09-01 11:35:44 --> Config Class Initialized
INFO - 2024-09-01 11:35:44 --> Hooks Class Initialized
DEBUG - 2024-09-01 11:35:44 --> UTF-8 Support Enabled
INFO - 2024-09-01 11:35:44 --> Utf8 Class Initialized
INFO - 2024-09-01 11:35:44 --> URI Class Initialized
INFO - 2024-09-01 11:35:44 --> Router Class Initialized
INFO - 2024-09-01 11:35:44 --> Output Class Initialized
INFO - 2024-09-01 11:35:44 --> Security Class Initialized
DEBUG - 2024-09-01 11:35:44 --> Global POST, GET and COOKIE data sanitized
INFO - 2024-09-01 11:35:44 --> Input Class Initialized
INFO - 2024-09-01 11:35:44 --> Language Class Initialized
INFO - 2024-09-01 11:35:44 --> Loader Class Initialized
INFO - 2024-09-01 11:35:44 --> Helper loaded: url_helper
INFO - 2024-09-01 11:35:44 --> Database Driver Class Initialized
INFO - 2024-09-01 11:35:44 --> Controller Class Initialized
INFO - 2024-09-01 11:35:44 --> Model "Mconfigkey" initialized
INFO - 2024-09-01 11:35:44 --> Final output sent to browser
DEBUG - 2024-09-01 11:35:44 --> Total execution time: 0.0187
INFO - 2024-09-01 11:35:45 --> Config Class Initialized
INFO - 2024-09-01 11:35:45 --> Hooks Class Initialized
DEBUG - 2024-09-01 11:35:45 --> UTF-8 Support Enabled
INFO - 2024-09-01 11:35:45 --> Utf8 Class Initialized
INFO - 2024-09-01 11:35:45 --> URI Class Initialized
INFO - 2024-09-01 11:35:45 --> Router Class Initialized
INFO - 2024-09-01 11:35:45 --> Output Class Initialized
INFO - 2024-09-01 11:35:45 --> Security Class Initialized
DEBUG - 2024-09-01 11:35:45 --> Global POST, GET and COOKIE data sanitized
INFO - 2024-09-01 11:35:45 --> Input Class Initialized
INFO - 2024-09-01 11:35:45 --> Language Class Initialized
INFO - 2024-09-01 11:35:45 --> Loader Class Initialized
INFO - 2024-09-01 11:35:45 --> Helper loaded: url_helper
INFO - 2024-09-01 11:35:45 --> Database Driver Class Initialized
INFO - 2024-09-01 11:35:45 --> Controller Class Initialized
INFO - 2024-09-01 11:35:45 --> Model "Mconfigkey" initialized
INFO - 2024-09-01 11:35:45 --> Final output sent to browser
DEBUG - 2024-09-01 11:35:45 --> Total execution time: 0.0186
INFO - 2024-09-01 11:38:55 --> Config Class Initialized
INFO - 2024-09-01 11:38:55 --> Hooks Class Initialized
DEBUG - 2024-09-01 11:38:55 --> UTF-8 Support Enabled
INFO - 2024-09-01 11:38:55 --> Utf8 Class Initialized
INFO - 2024-09-01 11:38:55 --> URI Class Initialized
INFO - 2024-09-01 11:38:55 --> Router Class Initialized
INFO - 2024-09-01 11:38:55 --> Output Class Initialized
INFO - 2024-09-01 11:38:55 --> Security Class Initialized
DEBUG - 2024-09-01 11:38:55 --> Global POST, GET and COOKIE data sanitized
INFO - 2024-09-01 11:38:55 --> Input Class Initialized
INFO - 2024-09-01 11:38:55 --> Language Class Initialized
INFO - 2024-09-01 11:38:55 --> Loader Class Initialized
INFO - 2024-09-01 11:38:55 --> Helper loaded: url_helper
INFO - 2024-09-01 11:38:55 --> Database Driver Class Initialized
INFO - 2024-09-01 11:38:55 --> Controller Class Initialized
INFO - 2024-09-01 11:38:55 --> Model "Mconfigkey" initialized
INFO - 2024-09-01 11:38:55 --> Final output sent to browser
DEBUG - 2024-09-01 11:38:55 --> Total execution time: 0.0203
INFO - 2024-09-01 11:39:29 --> Config Class Initialized
INFO - 2024-09-01 11:39:29 --> Hooks Class Initialized
DEBUG - 2024-09-01 11:39:29 --> UTF-8 Support Enabled
INFO - 2024-09-01 11:39:29 --> Utf8 Class Initialized
INFO - 2024-09-01 11:39:29 --> URI Class Initialized
INFO - 2024-09-01 11:39:29 --> Router Class Initialized
INFO - 2024-09-01 11:39:29 --> Output Class Initialized
INFO - 2024-09-01 11:39:29 --> Security Class Initialized
DEBUG - 2024-09-01 11:39:29 --> Global POST, GET and COOKIE data sanitized
INFO - 2024-09-01 11:39:29 --> Input Class Initialized
INFO - 2024-09-01 11:39:29 --> Language Class Initialized
INFO - 2024-09-01 11:39:29 --> Loader Class Initialized
INFO - 2024-09-01 11:39:29 --> Helper loaded: url_helper
INFO - 2024-09-01 11:39:29 --> Database Driver Class Initialized
INFO - 2024-09-01 11:39:29 --> Controller Class Initialized
INFO - 2024-09-01 11:39:29 --> Model "Mauth" initialized
INFO - 2024-09-01 11:39:29 --> Model "Mconfigkey" initialized
INFO - 2024-09-01 11:39:29 --> Final output sent to browser
DEBUG - 2024-09-01 11:39:29 --> Total execution time: 0.0315
INFO - 2024-09-01 11:43:41 --> Config Class Initialized
INFO - 2024-09-01 11:43:41 --> Hooks Class Initialized
DEBUG - 2024-09-01 11:43:41 --> UTF-8 Support Enabled
INFO - 2024-09-01 11:43:41 --> Utf8 Class Initialized
INFO - 2024-09-01 11:43:41 --> URI Class Initialized
INFO - 2024-09-01 11:43:41 --> Router Class Initialized
INFO - 2024-09-01 11:43:41 --> Output Class Initialized
INFO - 2024-09-01 11:43:41 --> Security Class Initialized
DEBUG - 2024-09-01 11:43:41 --> Global POST, GET and COOKIE data sanitized
INFO - 2024-09-01 11:43:41 --> Input Class Initialized
INFO - 2024-09-01 11:43:41 --> Language Class Initialized
INFO - 2024-09-01 11:43:41 --> Loader Class Initialized
INFO - 2024-09-01 11:43:41 --> Helper loaded: url_helper
INFO - 2024-09-01 11:43:41 --> Database Driver Class Initialized
INFO - 2024-09-01 11:43:41 --> Controller Class Initialized
INFO - 2024-09-01 11:43:41 --> Model "Mconfigkey" initialized
INFO - 2024-09-01 11:43:41 --> Model "Mmaster_goods" initialized
INFO - 2024-09-01 11:43:41 --> Final output sent to browser
DEBUG - 2024-09-01 11:43:41 --> Total execution time: 0.0340
INFO - 2024-09-01 11:55:39 --> Config Class Initialized
INFO - 2024-09-01 11:55:39 --> Hooks Class Initialized
DEBUG - 2024-09-01 11:55:39 --> UTF-8 Support Enabled
INFO - 2024-09-01 11:55:39 --> Utf8 Class Initialized
INFO - 2024-09-01 11:55:39 --> URI Class Initialized
INFO - 2024-09-01 11:55:39 --> Router Class Initialized
INFO - 2024-09-01 11:55:39 --> Output Class Initialized
INFO - 2024-09-01 11:55:39 --> Security Class Initialized
DEBUG - 2024-09-01 11:55:39 --> Global POST, GET and COOKIE data sanitized
INFO - 2024-09-01 11:55:39 --> Input Class Initialized
INFO - 2024-09-01 11:55:39 --> Language Class Initialized
INFO - 2024-09-01 11:55:39 --> Loader Class Initialized
INFO - 2024-09-01 11:55:39 --> Helper loaded: url_helper
INFO - 2024-09-01 11:55:39 --> Database Driver Class Initialized
INFO - 2024-09-01 11:55:39 --> Controller Class Initialized
INFO - 2024-09-01 11:55:39 --> Model "Mconfigkey" initialized
INFO - 2024-09-01 11:55:39 --> Final output sent to browser
DEBUG - 2024-09-01 11:55:39 --> Total execution time: 0.0213
INFO - 2024-09-01 11:55:43 --> Config Class Initialized
INFO - 2024-09-01 11:55:43 --> Hooks Class Initialized
DEBUG - 2024-09-01 11:55:43 --> UTF-8 Support Enabled
INFO - 2024-09-01 11:55:43 --> Utf8 Class Initialized
INFO - 2024-09-01 11:55:43 --> URI Class Initialized
INFO - 2024-09-01 11:55:43 --> Router Class Initialized
INFO - 2024-09-01 11:55:43 --> Output Class Initialized
INFO - 2024-09-01 11:55:43 --> Security Class Initialized
DEBUG - 2024-09-01 11:55:43 --> Global POST, GET and COOKIE data sanitized
INFO - 2024-09-01 11:55:43 --> Input Class Initialized
INFO - 2024-09-01 11:55:43 --> Language Class Initialized
INFO - 2024-09-01 11:55:43 --> Loader Class Initialized
INFO - 2024-09-01 11:55:43 --> Helper loaded: url_helper
INFO - 2024-09-01 11:55:43 --> Database Driver Class Initialized
INFO - 2024-09-01 11:55:43 --> Controller Class Initialized
INFO - 2024-09-01 11:55:43 --> Model "Mconfigkey" initialized
INFO - 2024-09-01 11:55:43 --> Model "Mmaster_goods" initialized
INFO - 2024-09-01 11:55:43 --> Final output sent to browser
DEBUG - 2024-09-01 11:55:43 --> Total execution time: 0.0218
INFO - 2024-09-01 12:27:21 --> Config Class Initialized
INFO - 2024-09-01 12:27:21 --> Hooks Class Initialized
DEBUG - 2024-09-01 12:27:21 --> UTF-8 Support Enabled
INFO - 2024-09-01 12:27:21 --> Utf8 Class Initialized
INFO - 2024-09-01 12:27:21 --> URI Class Initialized
INFO - 2024-09-01 12:27:21 --> Router Class Initialized
INFO - 2024-09-01 12:27:21 --> Output Class Initialized
INFO - 2024-09-01 12:27:21 --> Security Class Initialized
DEBUG - 2024-09-01 12:27:21 --> Global POST, GET and COOKIE data sanitized
INFO - 2024-09-01 12:27:21 --> Input Class Initialized
INFO - 2024-09-01 12:27:21 --> Language Class Initialized
INFO - 2024-09-01 12:27:21 --> Loader Class Initialized
INFO - 2024-09-01 12:27:21 --> Helper loaded: url_helper
INFO - 2024-09-01 12:27:21 --> Database Driver Class Initialized
INFO - 2024-09-01 12:27:21 --> Controller Class Initialized
INFO - 2024-09-01 12:27:21 --> Model "Mconfigkey" initialized
INFO - 2024-09-01 12:27:21 --> Model "Mmaster_tenant" initialized
INFO - 2024-09-01 12:27:21 --> Final output sent to browser
DEBUG - 2024-09-01 12:27:21 --> Total execution time: 0.0347
INFO - 2024-09-01 12:27:37 --> Config Class Initialized
INFO - 2024-09-01 12:27:37 --> Hooks Class Initialized
DEBUG - 2024-09-01 12:27:37 --> UTF-8 Support Enabled
INFO - 2024-09-01 12:27:37 --> Utf8 Class Initialized
INFO - 2024-09-01 12:27:37 --> URI Class Initialized
INFO - 2024-09-01 12:27:37 --> Router Class Initialized
INFO - 2024-09-01 12:27:37 --> Output Class Initialized
INFO - 2024-09-01 12:27:37 --> Security Class Initialized
DEBUG - 2024-09-01 12:27:37 --> Global POST, GET and COOKIE data sanitized
INFO - 2024-09-01 12:27:37 --> Input Class Initialized
INFO - 2024-09-01 12:27:37 --> Language Class Initialized
INFO - 2024-09-01 12:27:37 --> Loader Class Initialized
INFO - 2024-09-01 12:27:37 --> Helper loaded: url_helper
INFO - 2024-09-01 12:27:37 --> Database Driver Class Initialized
INFO - 2024-09-01 12:27:37 --> Controller Class Initialized
INFO - 2024-09-01 12:27:37 --> Model "Mconfigkey" initialized
INFO - 2024-09-01 12:27:37 --> Model "Mmst_item_hs" initialized
INFO - 2024-09-01 12:27:37 --> Final output sent to browser
DEBUG - 2024-09-01 12:27:37 --> Total execution time: 0.0295
INFO - 2024-09-01 13:13:56 --> Config Class Initialized
INFO - 2024-09-01 13:13:56 --> Hooks Class Initialized
DEBUG - 2024-09-01 13:13:56 --> UTF-8 Support Enabled
INFO - 2024-09-01 13:13:56 --> Utf8 Class Initialized
INFO - 2024-09-01 13:13:56 --> URI Class Initialized
INFO - 2024-09-01 13:13:56 --> Router Class Initialized
INFO - 2024-09-01 13:13:56 --> Output Class Initialized
INFO - 2024-09-01 13:13:56 --> Security Class Initialized
DEBUG - 2024-09-01 13:13:56 --> Global POST, GET and COOKIE data sanitized
INFO - 2024-09-01 13:13:56 --> Input Class Initialized
INFO - 2024-09-01 13:13:56 --> Language Class Initialized
INFO - 2024-09-01 13:13:56 --> Loader Class Initialized
INFO - 2024-09-01 13:13:56 --> Helper loaded: url_helper
INFO - 2024-09-01 13:13:56 --> Database Driver Class Initialized
INFO - 2024-09-01 13:13:56 --> Controller Class Initialized
INFO - 2024-09-01 13:13:56 --> Model "Mconfigkey" initialized
INFO - 2024-09-01 13:13:56 --> Model "Mbcin_16" initialized
INFO - 2024-09-01 13:13:56 --> Final output sent to browser
DEBUG - 2024-09-01 13:13:56 --> Total execution time: 0.0330
INFO - 2024-09-01 13:14:01 --> Config Class Initialized
INFO - 2024-09-01 13:14:01 --> Hooks Class Initialized
DEBUG - 2024-09-01 13:14:01 --> UTF-8 Support Enabled
INFO - 2024-09-01 13:14:01 --> Utf8 Class Initialized
INFO - 2024-09-01 13:14:01 --> URI Class Initialized
INFO - 2024-09-01 13:14:01 --> Router Class Initialized
INFO - 2024-09-01 13:14:01 --> Output Class Initialized
INFO - 2024-09-01 13:14:01 --> Security Class Initialized
DEBUG - 2024-09-01 13:14:01 --> Global POST, GET and COOKIE data sanitized
INFO - 2024-09-01 13:14:01 --> Input Class Initialized
INFO - 2024-09-01 13:14:01 --> Language Class Initialized
INFO - 2024-09-01 13:14:01 --> Loader Class Initialized
INFO - 2024-09-01 13:14:01 --> Helper loaded: url_helper
INFO - 2024-09-01 13:14:01 --> Database Driver Class Initialized
INFO - 2024-09-01 13:14:01 --> Controller Class Initialized
INFO - 2024-09-01 13:14:01 --> Model "Mconfigkey" initialized
INFO - 2024-09-01 13:14:01 --> Model "Mbcin_271" initialized
INFO - 2024-09-01 13:14:01 --> Final output sent to browser
DEBUG - 2024-09-01 13:14:01 --> Total execution time: 0.0328
INFO - 2024-09-01 13:14:04 --> Config Class Initialized
INFO - 2024-09-01 13:14:04 --> Hooks Class Initialized
DEBUG - 2024-09-01 13:14:04 --> UTF-8 Support Enabled
INFO - 2024-09-01 13:14:04 --> Utf8 Class Initialized
INFO - 2024-09-01 13:14:04 --> URI Class Initialized
INFO - 2024-09-01 13:14:04 --> Router Class Initialized
INFO - 2024-09-01 13:14:04 --> Output Class Initialized
INFO - 2024-09-01 13:14:04 --> Security Class Initialized
DEBUG - 2024-09-01 13:14:04 --> Global POST, GET and COOKIE data sanitized
INFO - 2024-09-01 13:14:04 --> Input Class Initialized
INFO - 2024-09-01 13:14:04 --> Language Class Initialized
INFO - 2024-09-01 13:14:04 --> Loader Class Initialized
INFO - 2024-09-01 13:14:04 --> Helper loaded: url_helper
INFO - 2024-09-01 13:14:04 --> Database Driver Class Initialized
INFO - 2024-09-01 13:14:04 --> Controller Class Initialized
INFO - 2024-09-01 13:14:04 --> Model "Mconfigkey" initialized
INFO - 2024-09-01 13:14:04 --> Final output sent to browser
DEBUG - 2024-09-01 13:14:04 --> Total execution time: 0.0187
INFO - 2024-09-01 13:14:08 --> Config Class Initialized
INFO - 2024-09-01 13:14:08 --> Hooks Class Initialized
DEBUG - 2024-09-01 13:14:08 --> UTF-8 Support Enabled
INFO - 2024-09-01 13:14:08 --> Utf8 Class Initialized
INFO - 2024-09-01 13:14:08 --> URI Class Initialized
INFO - 2024-09-01 13:14:08 --> Router Class Initialized
INFO - 2024-09-01 13:14:08 --> Output Class Initialized
INFO - 2024-09-01 13:14:08 --> Security Class Initialized
DEBUG - 2024-09-01 13:14:08 --> Global POST, GET and COOKIE data sanitized
INFO - 2024-09-01 13:14:08 --> Input Class Initialized
INFO - 2024-09-01 13:14:08 --> Language Class Initialized
INFO - 2024-09-01 13:14:08 --> Loader Class Initialized
INFO - 2024-09-01 13:14:08 --> Helper loaded: url_helper
INFO - 2024-09-01 13:14:08 --> Database Driver Class Initialized
INFO - 2024-09-01 13:14:08 --> Controller Class Initialized
INFO - 2024-09-01 13:14:08 --> Model "Mconfigkey" initialized
INFO - 2024-09-01 13:14:08 --> Model "Mbcin_271" initialized
INFO - 2024-09-01 13:14:08 --> Final output sent to browser
DEBUG - 2024-09-01 13:14:08 --> Total execution time: 0.0202
INFO - 2024-09-01 13:14:14 --> Config Class Initialized
INFO - 2024-09-01 13:14:14 --> Hooks Class Initialized
DEBUG - 2024-09-01 13:14:14 --> UTF-8 Support Enabled
INFO - 2024-09-01 13:14:14 --> Utf8 Class Initialized
INFO - 2024-09-01 13:14:14 --> URI Class Initialized
INFO - 2024-09-01 13:14:14 --> Router Class Initialized
INFO - 2024-09-01 13:14:14 --> Output Class Initialized
INFO - 2024-09-01 13:14:14 --> Security Class Initialized
DEBUG - 2024-09-01 13:14:14 --> Global POST, GET and COOKIE data sanitized
INFO - 2024-09-01 13:14:14 --> Input Class Initialized
INFO - 2024-09-01 13:14:14 --> Language Class Initialized
INFO - 2024-09-01 13:14:14 --> Loader Class Initialized
INFO - 2024-09-01 13:14:14 --> Helper loaded: url_helper
INFO - 2024-09-01 13:14:14 --> Database Driver Class Initialized
INFO - 2024-09-01 13:14:14 --> Controller Class Initialized
INFO - 2024-09-01 13:14:14 --> Model "Mconfigkey" initialized
INFO - 2024-09-01 13:14:14 --> Model "Mbcin_271" initialized
INFO - 2024-09-01 13:14:14 --> Final output sent to browser
DEBUG - 2024-09-01 13:14:14 --> Total execution time: 0.0203
