INFO - 2024-08-27 08:49:04 --> Config Class Initialized
INFO - 2024-08-27 08:49:04 --> Hooks Class Initialized
DEBUG - 2024-08-27 08:49:04 --> UTF-8 Support Enabled
INFO - 2024-08-27 08:49:04 --> Utf8 Class Initialized
INFO - 2024-08-27 08:49:04 --> URI Class Initialized
INFO - 2024-08-27 08:49:04 --> Router Class Initialized
INFO - 2024-08-27 08:49:04 --> Output Class Initialized
INFO - 2024-08-27 08:49:04 --> Security Class Initialized
DEBUG - 2024-08-27 08:49:04 --> Global POST, GET and COOKIE data sanitized
INFO - 2024-08-27 08:49:04 --> Input Class Initialized
INFO - 2024-08-27 08:49:04 --> Language Class Initialized
INFO - 2024-08-27 08:49:04 --> Loader Class Initialized
INFO - 2024-08-27 08:49:04 --> Helper loaded: url_helper
INFO - 2024-08-27 08:49:04 --> Database Driver Class Initialized
INFO - 2024-08-27 08:49:04 --> Controller Class Initialized
INFO - 2024-08-27 08:49:04 --> Model "Mconfigkey" initialized
INFO - 2024-08-27 08:49:04 --> Final output sent to browser
DEBUG - 2024-08-27 08:49:04 --> Total execution time: 0.3807
INFO - 2024-08-27 08:49:07 --> Config Class Initialized
INFO - 2024-08-27 08:49:07 --> Hooks Class Initialized
DEBUG - 2024-08-27 08:49:07 --> UTF-8 Support Enabled
INFO - 2024-08-27 08:49:07 --> Utf8 Class Initialized
INFO - 2024-08-27 08:49:07 --> URI Class Initialized
INFO - 2024-08-27 08:49:07 --> Router Class Initialized
INFO - 2024-08-27 08:49:07 --> Output Class Initialized
INFO - 2024-08-27 08:49:07 --> Security Class Initialized
DEBUG - 2024-08-27 08:49:07 --> Global POST, GET and COOKIE data sanitized
INFO - 2024-08-27 08:49:07 --> Input Class Initialized
INFO - 2024-08-27 08:49:07 --> Language Class Initialized
INFO - 2024-08-27 08:49:07 --> Loader Class Initialized
INFO - 2024-08-27 08:49:07 --> Helper loaded: url_helper
INFO - 2024-08-27 08:49:07 --> Database Driver Class Initialized
INFO - 2024-08-27 08:49:07 --> Controller Class Initialized
INFO - 2024-08-27 08:49:07 --> Model "Mauth" initialized
INFO - 2024-08-27 08:49:07 --> Model "Mconfigkey" initialized
INFO - 2024-08-27 08:49:07 --> Final output sent to browser
DEBUG - 2024-08-27 08:49:07 --> Total execution time: 0.0333
INFO - 2024-08-27 08:49:46 --> Config Class Initialized
INFO - 2024-08-27 08:49:46 --> Hooks Class Initialized
DEBUG - 2024-08-27 08:49:46 --> UTF-8 Support Enabled
INFO - 2024-08-27 08:49:46 --> Utf8 Class Initialized
INFO - 2024-08-27 08:49:46 --> URI Class Initialized
INFO - 2024-08-27 08:49:46 --> Router Class Initialized
INFO - 2024-08-27 08:49:46 --> Output Class Initialized
INFO - 2024-08-27 08:49:46 --> Security Class Initialized
DEBUG - 2024-08-27 08:49:46 --> Global POST, GET and COOKIE data sanitized
INFO - 2024-08-27 08:49:46 --> Input Class Initialized
INFO - 2024-08-27 08:49:46 --> Language Class Initialized
INFO - 2024-08-27 08:49:46 --> Loader Class Initialized
INFO - 2024-08-27 08:49:46 --> Helper loaded: url_helper
INFO - 2024-08-27 08:49:46 --> Database Driver Class Initialized
INFO - 2024-08-27 08:49:46 --> Controller Class Initialized
INFO - 2024-08-27 08:49:46 --> Model "Mconfigkey" initialized
INFO - 2024-08-27 08:49:46 --> Final output sent to browser
DEBUG - 2024-08-27 08:49:46 --> Total execution time: 0.0205
INFO - 2024-08-27 09:30:39 --> Config Class Initialized
INFO - 2024-08-27 09:30:39 --> Hooks Class Initialized
DEBUG - 2024-08-27 09:30:39 --> UTF-8 Support Enabled
INFO - 2024-08-27 09:30:39 --> Utf8 Class Initialized
INFO - 2024-08-27 09:30:39 --> URI Class Initialized
INFO - 2024-08-27 09:30:39 --> Router Class Initialized
INFO - 2024-08-27 09:30:39 --> Output Class Initialized
INFO - 2024-08-27 09:30:39 --> Security Class Initialized
DEBUG - 2024-08-27 09:30:39 --> Global POST, GET and COOKIE data sanitized
INFO - 2024-08-27 09:30:39 --> Input Class Initialized
INFO - 2024-08-27 09:30:39 --> Language Class Initialized
INFO - 2024-08-27 09:30:39 --> Loader Class Initialized
INFO - 2024-08-27 09:30:39 --> Helper loaded: url_helper
INFO - 2024-08-27 09:30:39 --> Database Driver Class Initialized
INFO - 2024-08-27 09:30:39 --> Controller Class Initialized
INFO - 2024-08-27 09:30:39 --> Model "Mconfigkey" initialized
INFO - 2024-08-27 09:30:39 --> Final output sent to browser
DEBUG - 2024-08-27 09:30:39 --> Total execution time: 0.0201
INFO - 2024-08-27 20:20:43 --> Config Class Initialized
INFO - 2024-08-27 20:20:43 --> Hooks Class Initialized
DEBUG - 2024-08-27 20:20:44 --> UTF-8 Support Enabled
INFO - 2024-08-27 20:20:44 --> Utf8 Class Initialized
INFO - 2024-08-27 20:20:44 --> URI Class Initialized
INFO - 2024-08-27 20:20:44 --> Router Class Initialized
INFO - 2024-08-27 20:20:44 --> Output Class Initialized
INFO - 2024-08-27 20:20:44 --> Security Class Initialized
DEBUG - 2024-08-27 20:20:44 --> Global POST, GET and COOKIE data sanitized
INFO - 2024-08-27 20:20:44 --> Input Class Initialized
INFO - 2024-08-27 20:20:44 --> Language Class Initialized
INFO - 2024-08-27 20:20:44 --> Loader Class Initialized
INFO - 2024-08-27 20:20:44 --> Helper loaded: url_helper
INFO - 2024-08-27 20:20:44 --> Database Driver Class Initialized
INFO - 2024-08-27 20:20:44 --> Controller Class Initialized
INFO - 2024-08-27 20:20:44 --> Model "Mconfigkey" initialized
INFO - 2024-08-27 20:20:44 --> Final output sent to browser
DEBUG - 2024-08-27 20:20:44 --> Total execution time: 0.3817
INFO - 2024-08-27 20:21:41 --> Config Class Initialized
INFO - 2024-08-27 20:21:41 --> Hooks Class Initialized
DEBUG - 2024-08-27 20:21:41 --> UTF-8 Support Enabled
INFO - 2024-08-27 20:21:41 --> Utf8 Class Initialized
INFO - 2024-08-27 20:21:41 --> URI Class Initialized
INFO - 2024-08-27 20:21:41 --> Router Class Initialized
INFO - 2024-08-27 20:21:41 --> Output Class Initialized
INFO - 2024-08-27 20:21:41 --> Security Class Initialized
DEBUG - 2024-08-27 20:21:41 --> Global POST, GET and COOKIE data sanitized
INFO - 2024-08-27 20:21:41 --> Input Class Initialized
INFO - 2024-08-27 20:21:41 --> Language Class Initialized
INFO - 2024-08-27 20:21:41 --> Loader Class Initialized
INFO - 2024-08-27 20:21:41 --> Helper loaded: url_helper
INFO - 2024-08-27 20:21:41 --> Database Driver Class Initialized
INFO - 2024-08-27 20:21:41 --> Controller Class Initialized
INFO - 2024-08-27 20:21:41 --> Model "Mauth" initialized
INFO - 2024-08-27 20:21:41 --> Model "Mconfigkey" initialized
INFO - 2024-08-27 20:21:41 --> Final output sent to browser
DEBUG - 2024-08-27 20:21:41 --> Total execution time: 0.0356
INFO - 2024-08-27 20:21:45 --> Config Class Initialized
INFO - 2024-08-27 20:21:45 --> Hooks Class Initialized
DEBUG - 2024-08-27 20:21:45 --> UTF-8 Support Enabled
INFO - 2024-08-27 20:21:45 --> Utf8 Class Initialized
INFO - 2024-08-27 20:21:45 --> URI Class Initialized
INFO - 2024-08-27 20:21:45 --> Router Class Initialized
INFO - 2024-08-27 20:21:45 --> Output Class Initialized
INFO - 2024-08-27 20:21:45 --> Security Class Initialized
DEBUG - 2024-08-27 20:21:45 --> Global POST, GET and COOKIE data sanitized
INFO - 2024-08-27 20:21:45 --> Input Class Initialized
INFO - 2024-08-27 20:21:45 --> Language Class Initialized
INFO - 2024-08-27 20:21:45 --> Loader Class Initialized
INFO - 2024-08-27 20:21:45 --> Helper loaded: url_helper
INFO - 2024-08-27 20:21:45 --> Database Driver Class Initialized
INFO - 2024-08-27 20:21:45 --> Controller Class Initialized
INFO - 2024-08-27 20:21:45 --> Model "Mconfigkey" initialized
ERROR - 2024-08-27 20:21:45 --> Severity: error --> Exception: D:\xampp\htdocs\plb\dummyservice\application\models/Mgoods_delivery.php exists, but doesn't declare class Mgoods_delivery D:\xampp\htdocs\plb\dummyservice\system\core\Loader.php 340
INFO - 2024-08-27 20:21:46 --> Config Class Initialized
INFO - 2024-08-27 20:21:46 --> Hooks Class Initialized
DEBUG - 2024-08-27 20:21:46 --> UTF-8 Support Enabled
INFO - 2024-08-27 20:21:46 --> Utf8 Class Initialized
INFO - 2024-08-27 20:21:46 --> URI Class Initialized
INFO - 2024-08-27 20:21:46 --> Router Class Initialized
INFO - 2024-08-27 20:21:46 --> Output Class Initialized
INFO - 2024-08-27 20:21:46 --> Security Class Initialized
DEBUG - 2024-08-27 20:21:46 --> Global POST, GET and COOKIE data sanitized
INFO - 2024-08-27 20:21:46 --> Input Class Initialized
INFO - 2024-08-27 20:21:46 --> Language Class Initialized
INFO - 2024-08-27 20:21:46 --> Loader Class Initialized
INFO - 2024-08-27 20:21:46 --> Helper loaded: url_helper
INFO - 2024-08-27 20:21:46 --> Database Driver Class Initialized
INFO - 2024-08-27 20:21:46 --> Controller Class Initialized
INFO - 2024-08-27 20:21:46 --> Model "Mconfigkey" initialized
INFO - 2024-08-27 20:21:46 --> Model "Mgoods_stuffing" initialized
INFO - 2024-08-27 20:21:46 --> Final output sent to browser
DEBUG - 2024-08-27 20:21:46 --> Total execution time: 0.0757
INFO - 2024-08-27 20:21:51 --> Config Class Initialized
INFO - 2024-08-27 20:21:51 --> Hooks Class Initialized
DEBUG - 2024-08-27 20:21:51 --> UTF-8 Support Enabled
INFO - 2024-08-27 20:21:51 --> Utf8 Class Initialized
INFO - 2024-08-27 20:21:51 --> URI Class Initialized
INFO - 2024-08-27 20:21:51 --> Router Class Initialized
INFO - 2024-08-27 20:21:51 --> Output Class Initialized
INFO - 2024-08-27 20:21:51 --> Security Class Initialized
DEBUG - 2024-08-27 20:21:51 --> Global POST, GET and COOKIE data sanitized
INFO - 2024-08-27 20:21:51 --> Input Class Initialized
INFO - 2024-08-27 20:21:51 --> Language Class Initialized
INFO - 2024-08-27 20:21:51 --> Loader Class Initialized
INFO - 2024-08-27 20:21:51 --> Helper loaded: url_helper
INFO - 2024-08-27 20:21:51 --> Database Driver Class Initialized
INFO - 2024-08-27 20:21:51 --> Controller Class Initialized
INFO - 2024-08-27 20:21:51 --> Model "Mconfigkey" initialized
INFO - 2024-08-27 20:21:51 --> Model "Mgoods_stuffing" initialized
INFO - 2024-08-27 20:21:51 --> Final output sent to browser
DEBUG - 2024-08-27 20:21:51 --> Total execution time: 0.0685
INFO - 2024-08-27 20:21:57 --> Config Class Initialized
INFO - 2024-08-27 20:21:57 --> Hooks Class Initialized
DEBUG - 2024-08-27 20:21:57 --> UTF-8 Support Enabled
INFO - 2024-08-27 20:21:57 --> Utf8 Class Initialized
INFO - 2024-08-27 20:21:57 --> URI Class Initialized
INFO - 2024-08-27 20:21:57 --> Router Class Initialized
INFO - 2024-08-27 20:21:57 --> Output Class Initialized
INFO - 2024-08-27 20:21:57 --> Security Class Initialized
DEBUG - 2024-08-27 20:21:57 --> Global POST, GET and COOKIE data sanitized
INFO - 2024-08-27 20:21:57 --> Input Class Initialized
INFO - 2024-08-27 20:21:57 --> Language Class Initialized
INFO - 2024-08-27 20:21:57 --> Loader Class Initialized
INFO - 2024-08-27 20:21:57 --> Helper loaded: url_helper
INFO - 2024-08-27 20:21:57 --> Database Driver Class Initialized
INFO - 2024-08-27 20:21:57 --> Controller Class Initialized
INFO - 2024-08-27 20:21:57 --> Model "Mauth" initialized
INFO - 2024-08-27 20:21:57 --> Model "Mconfigkey" initialized
INFO - 2024-08-27 20:21:57 --> Final output sent to browser
DEBUG - 2024-08-27 20:21:57 --> Total execution time: 0.0262
INFO - 2024-08-27 20:22:03 --> Config Class Initialized
INFO - 2024-08-27 20:22:03 --> Hooks Class Initialized
DEBUG - 2024-08-27 20:22:03 --> UTF-8 Support Enabled
INFO - 2024-08-27 20:22:03 --> Utf8 Class Initialized
INFO - 2024-08-27 20:22:03 --> URI Class Initialized
INFO - 2024-08-27 20:22:03 --> Router Class Initialized
INFO - 2024-08-27 20:22:03 --> Output Class Initialized
INFO - 2024-08-27 20:22:03 --> Security Class Initialized
DEBUG - 2024-08-27 20:22:03 --> Global POST, GET and COOKIE data sanitized
INFO - 2024-08-27 20:22:03 --> Input Class Initialized
INFO - 2024-08-27 20:22:03 --> Language Class Initialized
INFO - 2024-08-27 20:22:03 --> Loader Class Initialized
INFO - 2024-08-27 20:22:03 --> Helper loaded: url_helper
INFO - 2024-08-27 20:22:03 --> Database Driver Class Initialized
INFO - 2024-08-27 20:22:03 --> Controller Class Initialized
INFO - 2024-08-27 20:22:03 --> Model "Mconfigkey" initialized
INFO - 2024-08-27 20:22:03 --> Model "Msync_doc_aw" initialized
INFO - 2024-08-27 20:22:03 --> Final output sent to browser
DEBUG - 2024-08-27 20:22:03 --> Total execution time: 0.0343
INFO - 2024-08-27 20:24:33 --> Config Class Initialized
INFO - 2024-08-27 20:24:33 --> Hooks Class Initialized
DEBUG - 2024-08-27 20:24:33 --> UTF-8 Support Enabled
INFO - 2024-08-27 20:24:33 --> Utf8 Class Initialized
INFO - 2024-08-27 20:24:33 --> URI Class Initialized
INFO - 2024-08-27 20:24:33 --> Router Class Initialized
INFO - 2024-08-27 20:24:33 --> Output Class Initialized
INFO - 2024-08-27 20:24:33 --> Security Class Initialized
DEBUG - 2024-08-27 20:24:33 --> Global POST, GET and COOKIE data sanitized
INFO - 2024-08-27 20:24:33 --> Input Class Initialized
INFO - 2024-08-27 20:24:33 --> Language Class Initialized
INFO - 2024-08-27 20:24:33 --> Loader Class Initialized
INFO - 2024-08-27 20:24:33 --> Helper loaded: url_helper
INFO - 2024-08-27 20:24:33 --> Database Driver Class Initialized
INFO - 2024-08-27 20:24:33 --> Controller Class Initialized
INFO - 2024-08-27 20:24:33 --> Model "Mconfigkey" initialized
INFO - 2024-08-27 20:24:33 --> Model "Mportal_data" initialized
INFO - 2024-08-27 20:24:33 --> Final output sent to browser
DEBUG - 2024-08-27 20:24:33 --> Total execution time: 0.0329
INFO - 2024-08-27 20:24:40 --> Config Class Initialized
INFO - 2024-08-27 20:24:40 --> Hooks Class Initialized
DEBUG - 2024-08-27 20:24:40 --> UTF-8 Support Enabled
INFO - 2024-08-27 20:24:40 --> Utf8 Class Initialized
INFO - 2024-08-27 20:24:40 --> URI Class Initialized
INFO - 2024-08-27 20:24:40 --> Router Class Initialized
INFO - 2024-08-27 20:24:40 --> Output Class Initialized
INFO - 2024-08-27 20:24:40 --> Security Class Initialized
DEBUG - 2024-08-27 20:24:40 --> Global POST, GET and COOKIE data sanitized
INFO - 2024-08-27 20:24:40 --> Input Class Initialized
INFO - 2024-08-27 20:24:40 --> Language Class Initialized
INFO - 2024-08-27 20:24:40 --> Loader Class Initialized
INFO - 2024-08-27 20:24:40 --> Helper loaded: url_helper
INFO - 2024-08-27 20:24:40 --> Database Driver Class Initialized
INFO - 2024-08-27 20:24:40 --> Controller Class Initialized
INFO - 2024-08-27 20:24:40 --> Model "Mconfigkey" initialized
INFO - 2024-08-27 20:24:40 --> Model "Msync_doc_aw" initialized
INFO - 2024-08-27 20:24:40 --> Final output sent to browser
DEBUG - 2024-08-27 20:24:40 --> Total execution time: 0.0260
INFO - 2024-08-27 20:24:59 --> Config Class Initialized
INFO - 2024-08-27 20:24:59 --> Hooks Class Initialized
DEBUG - 2024-08-27 20:24:59 --> UTF-8 Support Enabled
INFO - 2024-08-27 20:24:59 --> Utf8 Class Initialized
INFO - 2024-08-27 20:24:59 --> URI Class Initialized
INFO - 2024-08-27 20:24:59 --> Router Class Initialized
INFO - 2024-08-27 20:24:59 --> Output Class Initialized
INFO - 2024-08-27 20:24:59 --> Security Class Initialized
DEBUG - 2024-08-27 20:24:59 --> Global POST, GET and COOKIE data sanitized
INFO - 2024-08-27 20:24:59 --> Input Class Initialized
INFO - 2024-08-27 20:24:59 --> Language Class Initialized
INFO - 2024-08-27 20:24:59 --> Loader Class Initialized
INFO - 2024-08-27 20:24:59 --> Helper loaded: url_helper
INFO - 2024-08-27 20:24:59 --> Database Driver Class Initialized
INFO - 2024-08-27 20:24:59 --> Controller Class Initialized
INFO - 2024-08-27 20:24:59 --> Model "Mconfigkey" initialized
INFO - 2024-08-27 20:24:59 --> Model "Mgoods_stuffing" initialized
INFO - 2024-08-27 20:24:59 --> Final output sent to browser
DEBUG - 2024-08-27 20:24:59 --> Total execution time: 0.0672
INFO - 2024-08-27 20:27:24 --> Config Class Initialized
INFO - 2024-08-27 20:27:24 --> Hooks Class Initialized
DEBUG - 2024-08-27 20:27:24 --> UTF-8 Support Enabled
INFO - 2024-08-27 20:27:24 --> Utf8 Class Initialized
INFO - 2024-08-27 20:27:24 --> URI Class Initialized
INFO - 2024-08-27 20:27:24 --> Router Class Initialized
INFO - 2024-08-27 20:27:24 --> Output Class Initialized
INFO - 2024-08-27 20:27:24 --> Security Class Initialized
DEBUG - 2024-08-27 20:27:24 --> Global POST, GET and COOKIE data sanitized
INFO - 2024-08-27 20:27:24 --> Input Class Initialized
INFO - 2024-08-27 20:27:24 --> Language Class Initialized
INFO - 2024-08-27 20:27:24 --> Loader Class Initialized
INFO - 2024-08-27 20:27:24 --> Helper loaded: url_helper
INFO - 2024-08-27 20:27:24 --> Database Driver Class Initialized
INFO - 2024-08-27 20:27:24 --> Controller Class Initialized
INFO - 2024-08-27 20:27:24 --> Model "Mconfigkey" initialized
INFO - 2024-08-27 20:27:24 --> Model "Mportal_data" initialized
INFO - 2024-08-27 20:27:24 --> Final output sent to browser
DEBUG - 2024-08-27 20:27:24 --> Total execution time: 0.0229
INFO - 2024-08-27 20:27:27 --> Config Class Initialized
INFO - 2024-08-27 20:27:27 --> Hooks Class Initialized
DEBUG - 2024-08-27 20:27:27 --> UTF-8 Support Enabled
INFO - 2024-08-27 20:27:27 --> Utf8 Class Initialized
INFO - 2024-08-27 20:27:27 --> URI Class Initialized
INFO - 2024-08-27 20:27:27 --> Router Class Initialized
INFO - 2024-08-27 20:27:27 --> Output Class Initialized
INFO - 2024-08-27 20:27:27 --> Security Class Initialized
DEBUG - 2024-08-27 20:27:27 --> Global POST, GET and COOKIE data sanitized
INFO - 2024-08-27 20:27:27 --> Input Class Initialized
INFO - 2024-08-27 20:27:27 --> Language Class Initialized
INFO - 2024-08-27 20:27:27 --> Loader Class Initialized
INFO - 2024-08-27 20:27:27 --> Helper loaded: url_helper
INFO - 2024-08-27 20:27:27 --> Database Driver Class Initialized
INFO - 2024-08-27 20:27:27 --> Controller Class Initialized
ERROR - 2024-08-27 20:27:27 --> Severity: Warning --> array_merge(): Expected parameter 1 to be an array, null given D:\xampp\htdocs\plb\dummyservice\application\controllers\PortalApiPlb.php 46
INFO - 2024-08-27 20:27:29 --> Final output sent to browser
DEBUG - 2024-08-27 20:27:29 --> Total execution time: 1.3731
INFO - 2024-08-27 20:27:34 --> Config Class Initialized
INFO - 2024-08-27 20:27:34 --> Hooks Class Initialized
DEBUG - 2024-08-27 20:27:34 --> UTF-8 Support Enabled
INFO - 2024-08-27 20:27:34 --> Utf8 Class Initialized
INFO - 2024-08-27 20:27:34 --> URI Class Initialized
INFO - 2024-08-27 20:27:34 --> Router Class Initialized
INFO - 2024-08-27 20:27:34 --> Output Class Initialized
INFO - 2024-08-27 20:27:34 --> Security Class Initialized
DEBUG - 2024-08-27 20:27:34 --> Global POST, GET and COOKIE data sanitized
INFO - 2024-08-27 20:27:34 --> Input Class Initialized
INFO - 2024-08-27 20:27:34 --> Language Class Initialized
INFO - 2024-08-27 20:27:34 --> Loader Class Initialized
INFO - 2024-08-27 20:27:34 --> Helper loaded: url_helper
INFO - 2024-08-27 20:27:34 --> Database Driver Class Initialized
INFO - 2024-08-27 20:27:34 --> Controller Class Initialized
INFO - 2024-08-27 20:27:34 --> Model "Mconfigkey" initialized
INFO - 2024-08-27 20:27:34 --> Model "Mportal_data" initialized
INFO - 2024-08-27 20:27:34 --> Final output sent to browser
DEBUG - 2024-08-27 20:27:34 --> Total execution time: 0.0211
INFO - 2024-08-27 20:27:36 --> Config Class Initialized
INFO - 2024-08-27 20:27:36 --> Hooks Class Initialized
DEBUG - 2024-08-27 20:27:36 --> UTF-8 Support Enabled
INFO - 2024-08-27 20:27:36 --> Utf8 Class Initialized
INFO - 2024-08-27 20:27:36 --> URI Class Initialized
INFO - 2024-08-27 20:27:36 --> Router Class Initialized
INFO - 2024-08-27 20:27:36 --> Output Class Initialized
INFO - 2024-08-27 20:27:36 --> Security Class Initialized
DEBUG - 2024-08-27 20:27:36 --> Global POST, GET and COOKIE data sanitized
INFO - 2024-08-27 20:27:36 --> Input Class Initialized
INFO - 2024-08-27 20:27:36 --> Language Class Initialized
INFO - 2024-08-27 20:27:36 --> Loader Class Initialized
INFO - 2024-08-27 20:27:36 --> Helper loaded: url_helper
INFO - 2024-08-27 20:27:36 --> Database Driver Class Initialized
INFO - 2024-08-27 20:27:36 --> Controller Class Initialized
ERROR - 2024-08-27 20:27:36 --> Severity: Warning --> array_merge(): Expected parameter 1 to be an array, null given D:\xampp\htdocs\plb\dummyservice\application\controllers\PortalApi.php 46
INFO - 2024-08-27 20:27:37 --> Final output sent to browser
DEBUG - 2024-08-27 20:27:37 --> Total execution time: 1.1943
INFO - 2024-08-27 20:28:30 --> Config Class Initialized
INFO - 2024-08-27 20:28:30 --> Hooks Class Initialized
DEBUG - 2024-08-27 20:28:30 --> UTF-8 Support Enabled
INFO - 2024-08-27 20:28:30 --> Utf8 Class Initialized
INFO - 2024-08-27 20:28:30 --> URI Class Initialized
INFO - 2024-08-27 20:28:30 --> Router Class Initialized
INFO - 2024-08-27 20:28:30 --> Output Class Initialized
INFO - 2024-08-27 20:28:30 --> Security Class Initialized
DEBUG - 2024-08-27 20:28:30 --> Global POST, GET and COOKIE data sanitized
INFO - 2024-08-27 20:28:30 --> Input Class Initialized
INFO - 2024-08-27 20:28:30 --> Language Class Initialized
INFO - 2024-08-27 20:28:30 --> Loader Class Initialized
INFO - 2024-08-27 20:28:30 --> Helper loaded: url_helper
INFO - 2024-08-27 20:28:30 --> Database Driver Class Initialized
INFO - 2024-08-27 20:28:30 --> Controller Class Initialized
INFO - 2024-08-27 20:28:30 --> Model "Mconfigkey" initialized
INFO - 2024-08-27 20:28:30 --> Model "Mgoods_stuffing" initialized
INFO - 2024-08-27 20:28:30 --> Final output sent to browser
DEBUG - 2024-08-27 20:28:30 --> Total execution time: 0.0686
INFO - 2024-08-27 20:33:49 --> Config Class Initialized
INFO - 2024-08-27 20:33:49 --> Hooks Class Initialized
INFO - 2024-08-27 20:33:49 --> Config Class Initialized
INFO - 2024-08-27 20:33:49 --> Hooks Class Initialized
DEBUG - 2024-08-27 20:33:49 --> UTF-8 Support Enabled
INFO - 2024-08-27 20:33:49 --> Utf8 Class Initialized
INFO - 2024-08-27 20:33:49 --> URI Class Initialized
DEBUG - 2024-08-27 20:33:49 --> UTF-8 Support Enabled
INFO - 2024-08-27 20:33:49 --> Utf8 Class Initialized
INFO - 2024-08-27 20:33:49 --> URI Class Initialized
INFO - 2024-08-27 20:33:49 --> Router Class Initialized
INFO - 2024-08-27 20:33:49 --> Router Class Initialized
INFO - 2024-08-27 20:33:49 --> Output Class Initialized
INFO - 2024-08-27 20:33:49 --> Output Class Initialized
INFO - 2024-08-27 20:33:49 --> Security Class Initialized
INFO - 2024-08-27 20:33:49 --> Security Class Initialized
DEBUG - 2024-08-27 20:33:49 --> Global POST, GET and COOKIE data sanitized
INFO - 2024-08-27 20:33:49 --> Input Class Initialized
INFO - 2024-08-27 20:33:49 --> Language Class Initialized
DEBUG - 2024-08-27 20:33:49 --> Global POST, GET and COOKIE data sanitized
INFO - 2024-08-27 20:33:49 --> Input Class Initialized
INFO - 2024-08-27 20:33:49 --> Language Class Initialized
INFO - 2024-08-27 20:33:49 --> Loader Class Initialized
INFO - 2024-08-27 20:33:49 --> Loader Class Initialized
INFO - 2024-08-27 20:33:49 --> Helper loaded: url_helper
INFO - 2024-08-27 20:33:49 --> Helper loaded: url_helper
INFO - 2024-08-27 20:33:49 --> Database Driver Class Initialized
INFO - 2024-08-27 20:33:49 --> Database Driver Class Initialized
INFO - 2024-08-27 20:33:49 --> Controller Class Initialized
INFO - 2024-08-27 20:33:49 --> Controller Class Initialized
INFO - 2024-08-27 20:33:49 --> Model "Mconfigkey" initialized
INFO - 2024-08-27 20:33:49 --> Model "Mconfigkey" initialized
INFO - 2024-08-27 20:33:49 --> Model "Mgoods_stuffing" initialized
INFO - 2024-08-27 20:33:49 --> Model "Mgoods_stuffing" initialized
INFO - 2024-08-27 20:33:49 --> Final output sent to browser
DEBUG - 2024-08-27 20:33:49 --> Total execution time: 0.0284
INFO - 2024-08-27 20:33:49 --> Final output sent to browser
DEBUG - 2024-08-27 20:33:49 --> Total execution time: 0.0285
INFO - 2024-08-27 20:33:52 --> Config Class Initialized
INFO - 2024-08-27 20:33:52 --> Hooks Class Initialized
DEBUG - 2024-08-27 20:33:52 --> UTF-8 Support Enabled
INFO - 2024-08-27 20:33:52 --> Utf8 Class Initialized
INFO - 2024-08-27 20:33:52 --> URI Class Initialized
INFO - 2024-08-27 20:33:52 --> Router Class Initialized
INFO - 2024-08-27 20:33:52 --> Output Class Initialized
INFO - 2024-08-27 20:33:52 --> Security Class Initialized
DEBUG - 2024-08-27 20:33:52 --> Global POST, GET and COOKIE data sanitized
INFO - 2024-08-27 20:33:52 --> Input Class Initialized
INFO - 2024-08-27 20:33:52 --> Language Class Initialized
INFO - 2024-08-27 20:33:52 --> Loader Class Initialized
INFO - 2024-08-27 20:33:52 --> Helper loaded: url_helper
INFO - 2024-08-27 20:33:52 --> Database Driver Class Initialized
INFO - 2024-08-27 20:33:52 --> Controller Class Initialized
INFO - 2024-08-27 20:33:52 --> Model "Mconfigkey" initialized
INFO - 2024-08-27 20:33:52 --> Model "Mgoods_stuffing" initialized
INFO - 2024-08-27 20:34:17 --> Final output sent to browser
DEBUG - 2024-08-27 20:34:17 --> Total execution time: 25.2608
INFO - 2024-08-27 20:35:38 --> Config Class Initialized
INFO - 2024-08-27 20:35:38 --> Hooks Class Initialized
DEBUG - 2024-08-27 20:35:38 --> UTF-8 Support Enabled
INFO - 2024-08-27 20:35:38 --> Utf8 Class Initialized
INFO - 2024-08-27 20:35:38 --> URI Class Initialized
INFO - 2024-08-27 20:35:38 --> Router Class Initialized
INFO - 2024-08-27 20:35:38 --> Output Class Initialized
INFO - 2024-08-27 20:35:38 --> Security Class Initialized
DEBUG - 2024-08-27 20:35:38 --> Global POST, GET and COOKIE data sanitized
INFO - 2024-08-27 20:35:38 --> Input Class Initialized
INFO - 2024-08-27 20:35:38 --> Language Class Initialized
INFO - 2024-08-27 20:35:38 --> Loader Class Initialized
INFO - 2024-08-27 20:35:38 --> Helper loaded: url_helper
INFO - 2024-08-27 20:35:38 --> Database Driver Class Initialized
INFO - 2024-08-27 20:35:38 --> Controller Class Initialized
INFO - 2024-08-27 20:35:38 --> Model "Mconfigkey" initialized
INFO - 2024-08-27 20:35:38 --> Model "Msync_doc_aw" initialized
INFO - 2024-08-27 20:35:38 --> Final output sent to browser
DEBUG - 2024-08-27 20:35:38 --> Total execution time: 0.0282
INFO - 2024-08-27 22:53:40 --> Config Class Initialized
INFO - 2024-08-27 22:53:40 --> Hooks Class Initialized
DEBUG - 2024-08-27 22:53:40 --> UTF-8 Support Enabled
INFO - 2024-08-27 22:53:40 --> Utf8 Class Initialized
INFO - 2024-08-27 22:53:40 --> URI Class Initialized
INFO - 2024-08-27 22:53:40 --> Router Class Initialized
INFO - 2024-08-27 22:53:40 --> Output Class Initialized
INFO - 2024-08-27 22:53:40 --> Security Class Initialized
DEBUG - 2024-08-27 22:53:40 --> Global POST, GET and COOKIE data sanitized
INFO - 2024-08-27 22:53:40 --> Input Class Initialized
INFO - 2024-08-27 22:53:40 --> Language Class Initialized
INFO - 2024-08-27 22:53:40 --> Config Class Initialized
INFO - 2024-08-27 22:53:40 --> Hooks Class Initialized
INFO - 2024-08-27 22:53:40 --> Loader Class Initialized
DEBUG - 2024-08-27 22:53:40 --> UTF-8 Support Enabled
INFO - 2024-08-27 22:53:40 --> Utf8 Class Initialized
INFO - 2024-08-27 22:53:40 --> URI Class Initialized
INFO - 2024-08-27 22:53:40 --> Helper loaded: url_helper
INFO - 2024-08-27 22:53:40 --> Router Class Initialized
INFO - 2024-08-27 22:53:40 --> Output Class Initialized
INFO - 2024-08-27 22:53:40 --> Security Class Initialized
DEBUG - 2024-08-27 22:53:40 --> Global POST, GET and COOKIE data sanitized
INFO - 2024-08-27 22:53:40 --> Input Class Initialized
INFO - 2024-08-27 22:53:40 --> Language Class Initialized
INFO - 2024-08-27 22:53:40 --> Database Driver Class Initialized
INFO - 2024-08-27 22:53:40 --> Loader Class Initialized
INFO - 2024-08-27 22:53:40 --> Helper loaded: url_helper
INFO - 2024-08-27 22:53:40 --> Database Driver Class Initialized
INFO - 2024-08-27 22:53:40 --> Controller Class Initialized
INFO - 2024-08-27 22:53:40 --> Controller Class Initialized
INFO - 2024-08-27 22:53:40 --> Model "Mconfigkey" initialized
INFO - 2024-08-27 22:53:40 --> Model "Mconfigkey" initialized
INFO - 2024-08-27 22:53:40 --> Model "Msync_doc_aw" initialized
INFO - 2024-08-27 22:53:40 --> Model "Msync_doc_aw" initialized
INFO - 2024-08-27 22:53:40 --> Final output sent to browser
DEBUG - 2024-08-27 22:53:40 --> Total execution time: 0.0296
INFO - 2024-08-27 22:53:40 --> Final output sent to browser
DEBUG - 2024-08-27 22:53:40 --> Total execution time: 0.0355
INFO - 2024-08-27 22:53:53 --> Config Class Initialized
INFO - 2024-08-27 22:53:53 --> Hooks Class Initialized
DEBUG - 2024-08-27 22:53:53 --> UTF-8 Support Enabled
INFO - 2024-08-27 22:53:53 --> Utf8 Class Initialized
INFO - 2024-08-27 22:53:53 --> URI Class Initialized
INFO - 2024-08-27 22:53:53 --> Router Class Initialized
INFO - 2024-08-27 22:53:53 --> Output Class Initialized
INFO - 2024-08-27 22:53:53 --> Security Class Initialized
DEBUG - 2024-08-27 22:53:53 --> Global POST, GET and COOKIE data sanitized
INFO - 2024-08-27 22:53:53 --> Input Class Initialized
INFO - 2024-08-27 22:53:53 --> Language Class Initialized
INFO - 2024-08-27 22:53:53 --> Loader Class Initialized
INFO - 2024-08-27 22:53:53 --> Helper loaded: url_helper
INFO - 2024-08-27 22:53:53 --> Database Driver Class Initialized
INFO - 2024-08-27 22:53:53 --> Controller Class Initialized
INFO - 2024-08-27 22:53:53 --> Model "Mconfigkey" initialized
INFO - 2024-08-27 22:53:53 --> Model "Msync_doc_aw" initialized
INFO - 2024-08-27 22:53:53 --> Final output sent to browser
DEBUG - 2024-08-27 22:53:53 --> Total execution time: 0.0215
INFO - 2024-08-27 22:53:54 --> Config Class Initialized
INFO - 2024-08-27 22:53:54 --> Hooks Class Initialized
DEBUG - 2024-08-27 22:53:54 --> UTF-8 Support Enabled
INFO - 2024-08-27 22:53:54 --> Utf8 Class Initialized
INFO - 2024-08-27 22:53:54 --> URI Class Initialized
INFO - 2024-08-27 22:53:54 --> Router Class Initialized
INFO - 2024-08-27 22:53:54 --> Output Class Initialized
INFO - 2024-08-27 22:53:54 --> Security Class Initialized
DEBUG - 2024-08-27 22:53:54 --> Global POST, GET and COOKIE data sanitized
INFO - 2024-08-27 22:53:54 --> Input Class Initialized
INFO - 2024-08-27 22:53:54 --> Language Class Initialized
INFO - 2024-08-27 22:53:54 --> Loader Class Initialized
INFO - 2024-08-27 22:53:54 --> Helper loaded: url_helper
INFO - 2024-08-27 22:53:54 --> Database Driver Class Initialized
INFO - 2024-08-27 22:53:54 --> Controller Class Initialized
INFO - 2024-08-27 22:53:54 --> Model "Mconfigkey" initialized
INFO - 2024-08-27 22:53:54 --> Model "Msync_doc_aw" initialized
INFO - 2024-08-27 22:53:54 --> Final output sent to browser
DEBUG - 2024-08-27 22:53:54 --> Total execution time: 0.0206
INFO - 2024-08-27 22:53:55 --> Config Class Initialized
INFO - 2024-08-27 22:53:55 --> Hooks Class Initialized
DEBUG - 2024-08-27 22:53:55 --> UTF-8 Support Enabled
INFO - 2024-08-27 22:53:55 --> Utf8 Class Initialized
INFO - 2024-08-27 22:53:55 --> URI Class Initialized
INFO - 2024-08-27 22:53:55 --> Router Class Initialized
INFO - 2024-08-27 22:53:55 --> Output Class Initialized
INFO - 2024-08-27 22:53:55 --> Security Class Initialized
DEBUG - 2024-08-27 22:53:55 --> Global POST, GET and COOKIE data sanitized
INFO - 2024-08-27 22:53:55 --> Input Class Initialized
INFO - 2024-08-27 22:53:55 --> Language Class Initialized
INFO - 2024-08-27 22:53:55 --> Loader Class Initialized
INFO - 2024-08-27 22:53:55 --> Helper loaded: url_helper
INFO - 2024-08-27 22:53:55 --> Database Driver Class Initialized
INFO - 2024-08-27 22:53:55 --> Controller Class Initialized
INFO - 2024-08-27 22:53:55 --> Model "Mconfigkey" initialized
INFO - 2024-08-27 22:53:55 --> Model "Msync_doc_aw" initialized
INFO - 2024-08-27 22:53:55 --> Final output sent to browser
DEBUG - 2024-08-27 22:53:55 --> Total execution time: 0.0222
INFO - 2024-08-27 22:53:57 --> Config Class Initialized
INFO - 2024-08-27 22:53:57 --> Hooks Class Initialized
DEBUG - 2024-08-27 22:53:57 --> UTF-8 Support Enabled
INFO - 2024-08-27 22:53:57 --> Utf8 Class Initialized
INFO - 2024-08-27 22:53:57 --> URI Class Initialized
INFO - 2024-08-27 22:53:57 --> Router Class Initialized
INFO - 2024-08-27 22:53:57 --> Output Class Initialized
INFO - 2024-08-27 22:53:57 --> Security Class Initialized
DEBUG - 2024-08-27 22:53:57 --> Global POST, GET and COOKIE data sanitized
INFO - 2024-08-27 22:53:57 --> Input Class Initialized
INFO - 2024-08-27 22:53:57 --> Language Class Initialized
INFO - 2024-08-27 22:53:57 --> Loader Class Initialized
INFO - 2024-08-27 22:53:57 --> Helper loaded: url_helper
INFO - 2024-08-27 22:53:57 --> Database Driver Class Initialized
INFO - 2024-08-27 22:53:57 --> Controller Class Initialized
INFO - 2024-08-27 22:53:57 --> Model "Mconfigkey" initialized
INFO - 2024-08-27 22:53:57 --> Model "Msync_doc_aw" initialized
INFO - 2024-08-27 22:53:57 --> Final output sent to browser
DEBUG - 2024-08-27 22:53:57 --> Total execution time: 0.0230
INFO - 2024-08-27 22:53:57 --> Config Class Initialized
INFO - 2024-08-27 22:53:57 --> Hooks Class Initialized
DEBUG - 2024-08-27 22:53:57 --> UTF-8 Support Enabled
INFO - 2024-08-27 22:53:57 --> Utf8 Class Initialized
INFO - 2024-08-27 22:53:57 --> URI Class Initialized
INFO - 2024-08-27 22:53:57 --> Router Class Initialized
INFO - 2024-08-27 22:53:57 --> Output Class Initialized
INFO - 2024-08-27 22:53:57 --> Security Class Initialized
DEBUG - 2024-08-27 22:53:57 --> Global POST, GET and COOKIE data sanitized
INFO - 2024-08-27 22:53:57 --> Input Class Initialized
INFO - 2024-08-27 22:53:57 --> Language Class Initialized
INFO - 2024-08-27 22:53:57 --> Loader Class Initialized
INFO - 2024-08-27 22:53:57 --> Helper loaded: url_helper
INFO - 2024-08-27 22:53:57 --> Database Driver Class Initialized
INFO - 2024-08-27 22:53:57 --> Controller Class Initialized
INFO - 2024-08-27 22:53:57 --> Model "Mconfigkey" initialized
INFO - 2024-08-27 22:53:57 --> Model "Msync_doc_aw" initialized
INFO - 2024-08-27 22:53:57 --> Final output sent to browser
DEBUG - 2024-08-27 22:53:57 --> Total execution time: 0.0267
