INFO - 2025-05-29 12:54:25 --> Config Class Initialized
INFO - 2025-05-29 12:54:25 --> Hooks Class Initialized
DEBUG - 2025-05-29 12:54:26 --> UTF-8 Support Enabled
INFO - 2025-05-29 12:54:26 --> Utf8 Class Initialized
INFO - 2025-05-29 12:54:26 --> URI Class Initialized
INFO - 2025-05-29 12:54:26 --> Router Class Initialized
INFO - 2025-05-29 12:54:26 --> Output Class Initialized
INFO - 2025-05-29 12:54:26 --> Security Class Initialized
DEBUG - 2025-05-29 12:54:26 --> Global POST, GET and COOKIE data sanitized
INFO - 2025-05-29 12:54:26 --> Input Class Initialized
INFO - 2025-05-29 12:54:26 --> Language Class Initialized
INFO - 2025-05-29 12:54:26 --> Loader Class Initialized
INFO - 2025-05-29 12:54:26 --> Helper loaded: url_helper
INFO - 2025-05-29 12:54:26 --> Database Driver Class Initialized
INFO - 2025-05-29 12:54:26 --> Controller Class Initialized
INFO - 2025-05-29 12:54:26 --> Model "Mconfigkey" initialized
INFO - 2025-05-29 12:54:26 --> Final output sent to browser
DEBUG - 2025-05-29 12:54:26 --> Total execution time: 0.6833
INFO - 2025-05-29 12:54:44 --> Config Class Initialized
INFO - 2025-05-29 12:54:44 --> Hooks Class Initialized
DEBUG - 2025-05-29 12:54:44 --> UTF-8 Support Enabled
INFO - 2025-05-29 12:54:44 --> Utf8 Class Initialized
INFO - 2025-05-29 12:54:44 --> URI Class Initialized
INFO - 2025-05-29 12:54:44 --> Router Class Initialized
INFO - 2025-05-29 12:54:44 --> Output Class Initialized
INFO - 2025-05-29 12:54:44 --> Security Class Initialized
DEBUG - 2025-05-29 12:54:44 --> Global POST, GET and COOKIE data sanitized
INFO - 2025-05-29 12:54:44 --> Input Class Initialized
INFO - 2025-05-29 12:54:44 --> Language Class Initialized
INFO - 2025-05-29 12:54:44 --> Loader Class Initialized
INFO - 2025-05-29 12:54:44 --> Helper loaded: url_helper
INFO - 2025-05-29 12:54:44 --> Database Driver Class Initialized
INFO - 2025-05-29 12:54:44 --> Controller Class Initialized
INFO - 2025-05-29 12:54:44 --> Model "Mauth" initialized
INFO - 2025-05-29 12:54:44 --> Model "Mconfigkey" initialized
INFO - 2025-05-29 12:54:44 --> Final output sent to browser
DEBUG - 2025-05-29 12:54:44 --> Total execution time: 0.0514
INFO - 2025-05-29 12:55:00 --> Config Class Initialized
INFO - 2025-05-29 12:55:00 --> Hooks Class Initialized
DEBUG - 2025-05-29 12:55:00 --> UTF-8 Support Enabled
INFO - 2025-05-29 12:55:00 --> Utf8 Class Initialized
INFO - 2025-05-29 12:55:00 --> URI Class Initialized
INFO - 2025-05-29 12:55:00 --> Router Class Initialized
INFO - 2025-05-29 12:55:00 --> Output Class Initialized
INFO - 2025-05-29 12:55:00 --> Security Class Initialized
DEBUG - 2025-05-29 12:55:00 --> Global POST, GET and COOKIE data sanitized
INFO - 2025-05-29 12:55:00 --> Input Class Initialized
INFO - 2025-05-29 12:55:00 --> Language Class Initialized
INFO - 2025-05-29 12:55:00 --> Loader Class Initialized
INFO - 2025-05-29 12:55:00 --> Helper loaded: url_helper
INFO - 2025-05-29 12:55:00 --> Database Driver Class Initialized
INFO - 2025-05-29 12:55:00 --> Controller Class Initialized
INFO - 2025-05-29 12:55:00 --> Model "Mconfigkey" initialized
INFO - 2025-05-29 12:55:00 --> Model "Mext_rpt_stock_card" initialized
INFO - 2025-05-29 12:55:00 --> Final output sent to browser
DEBUG - 2025-05-29 12:55:00 --> Total execution time: 0.2823
INFO - 2025-05-29 23:54:25 --> Config Class Initialized
INFO - 2025-05-29 23:54:25 --> Hooks Class Initialized
DEBUG - 2025-05-29 23:54:25 --> UTF-8 Support Enabled
INFO - 2025-05-29 23:54:25 --> Utf8 Class Initialized
INFO - 2025-05-29 23:54:25 --> URI Class Initialized
INFO - 2025-05-29 23:54:25 --> Router Class Initialized
INFO - 2025-05-29 23:54:25 --> Output Class Initialized
INFO - 2025-05-29 23:54:25 --> Security Class Initialized
DEBUG - 2025-05-29 23:54:25 --> Global POST, GET and COOKIE data sanitized
INFO - 2025-05-29 23:54:25 --> Input Class Initialized
INFO - 2025-05-29 23:54:25 --> Language Class Initialized
INFO - 2025-05-29 23:54:25 --> Loader Class Initialized
INFO - 2025-05-29 23:54:25 --> Helper loaded: url_helper
INFO - 2025-05-29 23:54:25 --> Database Driver Class Initialized
INFO - 2025-05-29 23:54:25 --> Controller Class Initialized
INFO - 2025-05-29 23:54:25 --> Model "Mconfigkey" initialized
INFO - 2025-05-29 23:54:25 --> Final output sent to browser
DEBUG - 2025-05-29 23:54:25 --> Total execution time: 0.0251
INFO - 2025-05-29 23:54:38 --> Config Class Initialized
INFO - 2025-05-29 23:54:38 --> Hooks Class Initialized
DEBUG - 2025-05-29 23:54:38 --> UTF-8 Support Enabled
INFO - 2025-05-29 23:54:38 --> Utf8 Class Initialized
INFO - 2025-05-29 23:54:38 --> URI Class Initialized
INFO - 2025-05-29 23:54:38 --> Router Class Initialized
INFO - 2025-05-29 23:54:38 --> Output Class Initialized
INFO - 2025-05-29 23:54:38 --> Security Class Initialized
DEBUG - 2025-05-29 23:54:38 --> Global POST, GET and COOKIE data sanitized
INFO - 2025-05-29 23:54:38 --> Input Class Initialized
INFO - 2025-05-29 23:54:38 --> Language Class Initialized
INFO - 2025-05-29 23:54:38 --> Loader Class Initialized
INFO - 2025-05-29 23:54:38 --> Helper loaded: url_helper
INFO - 2025-05-29 23:54:38 --> Database Driver Class Initialized
INFO - 2025-05-29 23:54:38 --> Controller Class Initialized
INFO - 2025-05-29 23:54:38 --> Model "Mconfigkey" initialized
INFO - 2025-05-29 23:54:38 --> Final output sent to browser
DEBUG - 2025-05-29 23:54:38 --> Total execution time: 0.0231
INFO - 2025-05-29 23:54:43 --> Config Class Initialized
INFO - 2025-05-29 23:54:43 --> Hooks Class Initialized
DEBUG - 2025-05-29 23:54:43 --> UTF-8 Support Enabled
INFO - 2025-05-29 23:54:43 --> Utf8 Class Initialized
INFO - 2025-05-29 23:54:43 --> URI Class Initialized
INFO - 2025-05-29 23:54:43 --> Router Class Initialized
INFO - 2025-05-29 23:54:43 --> Output Class Initialized
INFO - 2025-05-29 23:54:43 --> Security Class Initialized
DEBUG - 2025-05-29 23:54:43 --> Global POST, GET and COOKIE data sanitized
INFO - 2025-05-29 23:54:43 --> Input Class Initialized
INFO - 2025-05-29 23:54:43 --> Language Class Initialized
INFO - 2025-05-29 23:54:43 --> Loader Class Initialized
INFO - 2025-05-29 23:54:43 --> Helper loaded: url_helper
INFO - 2025-05-29 23:54:43 --> Database Driver Class Initialized
INFO - 2025-05-29 23:54:43 --> Controller Class Initialized
INFO - 2025-05-29 23:54:43 --> Model "Mconfigkey" initialized
INFO - 2025-05-29 23:54:43 --> Final output sent to browser
DEBUG - 2025-05-29 23:54:43 --> Total execution time: 0.0211
