INFO - 2024-12-31 00:32:34 --> Config Class Initialized
INFO - 2024-12-31 00:32:34 --> Hooks Class Initialized
DEBUG - 2024-12-31 00:32:34 --> UTF-8 Support Enabled
INFO - 2024-12-31 00:32:34 --> Utf8 Class Initialized
INFO - 2024-12-31 00:32:34 --> URI Class Initialized
INFO - 2024-12-31 00:32:34 --> Router Class Initialized
INFO - 2024-12-31 00:32:34 --> Output Class Initialized
INFO - 2024-12-31 00:32:34 --> Security Class Initialized
DEBUG - 2024-12-31 00:32:34 --> Global POST, GET and COOKIE data sanitized
INFO - 2024-12-31 00:32:34 --> Input Class Initialized
INFO - 2024-12-31 00:32:34 --> Language Class Initialized
INFO - 2024-12-31 00:32:34 --> Loader Class Initialized
INFO - 2024-12-31 00:32:34 --> Helper loaded: url_helper
INFO - 2024-12-31 00:32:34 --> Database Driver Class Initialized
INFO - 2024-12-31 00:32:34 --> Controller Class Initialized
INFO - 2024-12-31 00:32:34 --> Model "Mconfigkey" initialized
INFO - 2024-12-31 00:32:34 --> Final output sent to browser
DEBUG - 2024-12-31 00:32:34 --> Total execution time: 0.2796
INFO - 2024-12-31 00:32:37 --> Config Class Initialized
INFO - 2024-12-31 00:32:37 --> Hooks Class Initialized
DEBUG - 2024-12-31 00:32:37 --> UTF-8 Support Enabled
INFO - 2024-12-31 00:32:37 --> Utf8 Class Initialized
INFO - 2024-12-31 00:32:37 --> URI Class Initialized
INFO - 2024-12-31 00:32:37 --> Router Class Initialized
INFO - 2024-12-31 00:32:37 --> Output Class Initialized
INFO - 2024-12-31 00:32:37 --> Security Class Initialized
DEBUG - 2024-12-31 00:32:37 --> Global POST, GET and COOKIE data sanitized
INFO - 2024-12-31 00:32:37 --> Input Class Initialized
INFO - 2024-12-31 00:32:37 --> Language Class Initialized
INFO - 2024-12-31 00:32:37 --> Loader Class Initialized
INFO - 2024-12-31 00:32:37 --> Helper loaded: url_helper
INFO - 2024-12-31 00:32:37 --> Database Driver Class Initialized
INFO - 2024-12-31 00:32:37 --> Controller Class Initialized
INFO - 2024-12-31 00:32:37 --> Model "Mauth" initialized
INFO - 2024-12-31 00:32:37 --> Model "Mconfigkey" initialized
INFO - 2024-12-31 00:32:37 --> Final output sent to browser
DEBUG - 2024-12-31 00:32:37 --> Total execution time: 0.0384
INFO - 2024-12-31 00:32:47 --> Config Class Initialized
INFO - 2024-12-31 00:32:47 --> Hooks Class Initialized
DEBUG - 2024-12-31 00:32:47 --> UTF-8 Support Enabled
INFO - 2024-12-31 00:32:47 --> Utf8 Class Initialized
INFO - 2024-12-31 00:32:47 --> URI Class Initialized
INFO - 2024-12-31 00:32:47 --> Router Class Initialized
INFO - 2024-12-31 00:32:47 --> Output Class Initialized
INFO - 2024-12-31 00:32:47 --> Security Class Initialized
DEBUG - 2024-12-31 00:32:47 --> Global POST, GET and COOKIE data sanitized
INFO - 2024-12-31 00:32:47 --> Input Class Initialized
INFO - 2024-12-31 00:32:47 --> Language Class Initialized
INFO - 2024-12-31 00:32:47 --> Loader Class Initialized
INFO - 2024-12-31 00:32:47 --> Helper loaded: url_helper
INFO - 2024-12-31 00:32:47 --> Database Driver Class Initialized
INFO - 2024-12-31 00:32:47 --> Controller Class Initialized
INFO - 2024-12-31 00:32:47 --> Model "Mconfigkey" initialized
INFO - 2024-12-31 00:32:47 --> Model "Mext_rpt_mutasi" initialized
INFO - 2024-12-31 00:32:48 --> Final output sent to browser
DEBUG - 2024-12-31 00:32:48 --> Total execution time: 0.5902
INFO - 2024-12-31 08:40:21 --> Config Class Initialized
INFO - 2024-12-31 08:40:21 --> Hooks Class Initialized
DEBUG - 2024-12-31 08:40:21 --> UTF-8 Support Enabled
INFO - 2024-12-31 08:40:21 --> Utf8 Class Initialized
INFO - 2024-12-31 08:40:21 --> URI Class Initialized
INFO - 2024-12-31 08:40:21 --> Router Class Initialized
INFO - 2024-12-31 08:40:21 --> Output Class Initialized
INFO - 2024-12-31 08:40:21 --> Security Class Initialized
DEBUG - 2024-12-31 08:40:21 --> Global POST, GET and COOKIE data sanitized
INFO - 2024-12-31 08:40:21 --> Input Class Initialized
INFO - 2024-12-31 08:40:21 --> Language Class Initialized
INFO - 2024-12-31 08:40:21 --> Loader Class Initialized
INFO - 2024-12-31 08:40:21 --> Helper loaded: url_helper
INFO - 2024-12-31 08:40:21 --> Database Driver Class Initialized
INFO - 2024-12-31 08:40:21 --> Controller Class Initialized
INFO - 2024-12-31 08:40:21 --> Model "Mconfigkey" initialized
INFO - 2024-12-31 08:40:21 --> Final output sent to browser
DEBUG - 2024-12-31 08:40:21 --> Total execution time: 0.0220
INFO - 2024-12-31 08:40:23 --> Config Class Initialized
INFO - 2024-12-31 08:40:23 --> Hooks Class Initialized
DEBUG - 2024-12-31 08:40:23 --> UTF-8 Support Enabled
INFO - 2024-12-31 08:40:23 --> Utf8 Class Initialized
INFO - 2024-12-31 08:40:23 --> URI Class Initialized
INFO - 2024-12-31 08:40:23 --> Router Class Initialized
INFO - 2024-12-31 08:40:23 --> Output Class Initialized
INFO - 2024-12-31 08:40:23 --> Security Class Initialized
DEBUG - 2024-12-31 08:40:23 --> Global POST, GET and COOKIE data sanitized
INFO - 2024-12-31 08:40:23 --> Input Class Initialized
INFO - 2024-12-31 08:40:23 --> Language Class Initialized
INFO - 2024-12-31 08:40:23 --> Loader Class Initialized
INFO - 2024-12-31 08:40:23 --> Helper loaded: url_helper
INFO - 2024-12-31 08:40:23 --> Database Driver Class Initialized
INFO - 2024-12-31 08:40:23 --> Controller Class Initialized
INFO - 2024-12-31 08:40:23 --> Model "Mauth" initialized
INFO - 2024-12-31 08:40:23 --> Model "Mconfigkey" initialized
INFO - 2024-12-31 08:40:23 --> Final output sent to browser
DEBUG - 2024-12-31 08:40:23 --> Total execution time: 0.0280
INFO - 2024-12-31 14:01:16 --> Config Class Initialized
INFO - 2024-12-31 14:01:16 --> Hooks Class Initialized
DEBUG - 2024-12-31 14:01:16 --> UTF-8 Support Enabled
INFO - 2024-12-31 14:01:16 --> Utf8 Class Initialized
INFO - 2024-12-31 14:01:16 --> URI Class Initialized
INFO - 2024-12-31 14:01:16 --> Router Class Initialized
INFO - 2024-12-31 14:01:16 --> Output Class Initialized
INFO - 2024-12-31 14:01:16 --> Security Class Initialized
DEBUG - 2024-12-31 14:01:16 --> Global POST, GET and COOKIE data sanitized
INFO - 2024-12-31 14:01:16 --> Input Class Initialized
INFO - 2024-12-31 14:01:16 --> Language Class Initialized
INFO - 2024-12-31 14:01:16 --> Loader Class Initialized
INFO - 2024-12-31 14:01:16 --> Helper loaded: url_helper
INFO - 2024-12-31 14:01:16 --> Database Driver Class Initialized
INFO - 2024-12-31 14:01:16 --> Controller Class Initialized
INFO - 2024-12-31 14:01:16 --> Model "Mconfigkey" initialized
INFO - 2024-12-31 14:01:16 --> Final output sent to browser
DEBUG - 2024-12-31 14:01:16 --> Total execution time: 0.5643
