INFO - 2024-07-01 10:19:03 --> Config Class Initialized
INFO - 2024-07-01 10:19:03 --> Hooks Class Initialized
DEBUG - 2024-07-01 10:19:03 --> UTF-8 Support Enabled
INFO - 2024-07-01 10:19:03 --> Utf8 Class Initialized
INFO - 2024-07-01 10:19:03 --> URI Class Initialized
INFO - 2024-07-01 10:19:03 --> Router Class Initialized
INFO - 2024-07-01 10:19:03 --> Output Class Initialized
INFO - 2024-07-01 10:19:03 --> Security Class Initialized
DEBUG - 2024-07-01 10:19:03 --> Global POST, GET and COOKIE data sanitized
INFO - 2024-07-01 10:19:03 --> Input Class Initialized
INFO - 2024-07-01 10:19:03 --> Language Class Initialized
INFO - 2024-07-01 10:19:03 --> Loader Class Initialized
INFO - 2024-07-01 10:19:03 --> Helper loaded: url_helper
INFO - 2024-07-01 10:19:03 --> Database Driver Class Initialized
INFO - 2024-07-01 10:19:03 --> Controller Class Initialized
INFO - 2024-07-01 10:19:04 --> Model "Mconfigkey" initialized
INFO - 2024-07-01 10:19:04 --> Final output sent to browser
DEBUG - 2024-07-01 10:19:04 --> Total execution time: 0.4381
INFO - 2024-07-01 10:19:40 --> Config Class Initialized
INFO - 2024-07-01 10:19:40 --> Hooks Class Initialized
DEBUG - 2024-07-01 10:19:40 --> UTF-8 Support Enabled
INFO - 2024-07-01 10:19:40 --> Utf8 Class Initialized
INFO - 2024-07-01 10:19:40 --> URI Class Initialized
INFO - 2024-07-01 10:19:40 --> Router Class Initialized
INFO - 2024-07-01 10:19:40 --> Output Class Initialized
INFO - 2024-07-01 10:19:40 --> Security Class Initialized
DEBUG - 2024-07-01 10:19:40 --> Global POST, GET and COOKIE data sanitized
INFO - 2024-07-01 10:19:40 --> Input Class Initialized
INFO - 2024-07-01 10:19:40 --> Language Class Initialized
INFO - 2024-07-01 10:19:40 --> Loader Class Initialized
INFO - 2024-07-01 10:19:40 --> Helper loaded: url_helper
INFO - 2024-07-01 10:19:40 --> Database Driver Class Initialized
INFO - 2024-07-01 10:19:40 --> Controller Class Initialized
INFO - 2024-07-01 10:19:40 --> Model "Mauth" initialized
INFO - 2024-07-01 10:19:40 --> Final output sent to browser
DEBUG - 2024-07-01 10:19:40 --> Total execution time: 0.0350
INFO - 2024-07-01 10:20:28 --> Config Class Initialized
INFO - 2024-07-01 10:20:28 --> Hooks Class Initialized
DEBUG - 2024-07-01 10:20:28 --> UTF-8 Support Enabled
INFO - 2024-07-01 10:20:28 --> Utf8 Class Initialized
INFO - 2024-07-01 10:20:28 --> URI Class Initialized
INFO - 2024-07-01 10:20:28 --> Router Class Initialized
INFO - 2024-07-01 10:20:28 --> Output Class Initialized
INFO - 2024-07-01 10:20:28 --> Security Class Initialized
DEBUG - 2024-07-01 10:20:28 --> Global POST, GET and COOKIE data sanitized
INFO - 2024-07-01 10:20:28 --> Input Class Initialized
INFO - 2024-07-01 10:20:28 --> Language Class Initialized
INFO - 2024-07-01 10:20:28 --> Loader Class Initialized
INFO - 2024-07-01 10:20:28 --> Helper loaded: url_helper
INFO - 2024-07-01 10:20:28 --> Database Driver Class Initialized
INFO - 2024-07-01 10:20:28 --> Controller Class Initialized
INFO - 2024-07-01 10:20:28 --> Model "Mconfigkey" initialized
INFO - 2024-07-01 10:20:28 --> Final output sent to browser
DEBUG - 2024-07-01 10:20:28 --> Total execution time: 0.0197
INFO - 2024-07-01 10:23:02 --> Config Class Initialized
INFO - 2024-07-01 10:23:02 --> Hooks Class Initialized
DEBUG - 2024-07-01 10:23:02 --> UTF-8 Support Enabled
INFO - 2024-07-01 10:23:02 --> Utf8 Class Initialized
INFO - 2024-07-01 10:23:02 --> URI Class Initialized
INFO - 2024-07-01 10:23:02 --> Router Class Initialized
INFO - 2024-07-01 10:23:02 --> Output Class Initialized
INFO - 2024-07-01 10:23:02 --> Security Class Initialized
DEBUG - 2024-07-01 10:23:02 --> Global POST, GET and COOKIE data sanitized
INFO - 2024-07-01 10:23:02 --> Input Class Initialized
INFO - 2024-07-01 10:23:02 --> Language Class Initialized
INFO - 2024-07-01 10:23:02 --> Loader Class Initialized
INFO - 2024-07-01 10:23:02 --> Helper loaded: url_helper
INFO - 2024-07-01 10:23:02 --> Database Driver Class Initialized
INFO - 2024-07-01 10:23:02 --> Controller Class Initialized
INFO - 2024-07-01 10:23:02 --> Model "Mauth" initialized
INFO - 2024-07-01 10:23:02 --> Final output sent to browser
DEBUG - 2024-07-01 10:23:02 --> Total execution time: 0.0196
