INFO - 2024-10-02 11:44:31 --> Config Class Initialized
INFO - 2024-10-02 11:44:31 --> Hooks Class Initialized
DEBUG - 2024-10-02 11:44:31 --> UTF-8 Support Enabled
INFO - 2024-10-02 11:44:31 --> Utf8 Class Initialized
INFO - 2024-10-02 11:44:31 --> URI Class Initialized
INFO - 2024-10-02 11:44:31 --> Router Class Initialized
INFO - 2024-10-02 11:44:31 --> Output Class Initialized
INFO - 2024-10-02 11:44:31 --> Security Class Initialized
DEBUG - 2024-10-02 11:44:31 --> Global POST, GET and COOKIE data sanitized
INFO - 2024-10-02 11:44:31 --> Input Class Initialized
INFO - 2024-10-02 11:44:31 --> Language Class Initialized
INFO - 2024-10-02 11:44:31 --> Loader Class Initialized
INFO - 2024-10-02 11:44:31 --> Helper loaded: url_helper
INFO - 2024-10-02 11:44:31 --> Database Driver Class Initialized
INFO - 2024-10-02 11:44:31 --> Controller Class Initialized
INFO - 2024-10-02 11:44:31 --> Model "Mconfigkey" initialized
INFO - 2024-10-02 11:44:31 --> Final output sent to browser
DEBUG - 2024-10-02 11:44:31 --> Total execution time: 0.0225
INFO - 2024-10-02 11:44:34 --> Config Class Initialized
INFO - 2024-10-02 11:44:34 --> Hooks Class Initialized
DEBUG - 2024-10-02 11:44:34 --> UTF-8 Support Enabled
INFO - 2024-10-02 11:44:34 --> Utf8 Class Initialized
INFO - 2024-10-02 11:44:34 --> URI Class Initialized
INFO - 2024-10-02 11:44:34 --> Router Class Initialized
INFO - 2024-10-02 11:44:34 --> Output Class Initialized
INFO - 2024-10-02 11:44:34 --> Security Class Initialized
DEBUG - 2024-10-02 11:44:34 --> Global POST, GET and COOKIE data sanitized
INFO - 2024-10-02 11:44:34 --> Input Class Initialized
INFO - 2024-10-02 11:44:34 --> Language Class Initialized
INFO - 2024-10-02 11:44:34 --> Loader Class Initialized
INFO - 2024-10-02 11:44:34 --> Helper loaded: url_helper
INFO - 2024-10-02 11:44:34 --> Database Driver Class Initialized
INFO - 2024-10-02 11:44:34 --> Controller Class Initialized
INFO - 2024-10-02 11:44:34 --> Model "Mauth" initialized
INFO - 2024-10-02 11:44:34 --> Model "Mconfigkey" initialized
INFO - 2024-10-02 11:44:34 --> Final output sent to browser
DEBUG - 2024-10-02 11:44:34 --> Total execution time: 0.0242
INFO - 2024-10-02 11:44:39 --> Config Class Initialized
INFO - 2024-10-02 11:44:39 --> Hooks Class Initialized
DEBUG - 2024-10-02 11:44:39 --> UTF-8 Support Enabled
INFO - 2024-10-02 11:44:39 --> Utf8 Class Initialized
INFO - 2024-10-02 11:44:39 --> URI Class Initialized
INFO - 2024-10-02 11:44:39 --> Router Class Initialized
INFO - 2024-10-02 11:44:39 --> Output Class Initialized
INFO - 2024-10-02 11:44:39 --> Security Class Initialized
DEBUG - 2024-10-02 11:44:39 --> Global POST, GET and COOKIE data sanitized
INFO - 2024-10-02 11:44:39 --> Input Class Initialized
INFO - 2024-10-02 11:44:39 --> Language Class Initialized
INFO - 2024-10-02 11:44:39 --> Loader Class Initialized
INFO - 2024-10-02 11:44:39 --> Helper loaded: url_helper
INFO - 2024-10-02 11:44:39 --> Database Driver Class Initialized
INFO - 2024-10-02 11:44:39 --> Controller Class Initialized
INFO - 2024-10-02 11:44:39 --> Model "Mconfigkey" initialized
INFO - 2024-10-02 11:44:39 --> Model "Msync_delivery_instruction" initialized
INFO - 2024-10-02 11:44:39 --> Final output sent to browser
DEBUG - 2024-10-02 11:44:39 --> Total execution time: 0.0291
INFO - 2024-10-02 11:52:29 --> Config Class Initialized
INFO - 2024-10-02 11:52:29 --> Hooks Class Initialized
DEBUG - 2024-10-02 11:52:29 --> UTF-8 Support Enabled
INFO - 2024-10-02 11:52:29 --> Utf8 Class Initialized
INFO - 2024-10-02 11:52:29 --> URI Class Initialized
INFO - 2024-10-02 11:52:29 --> Router Class Initialized
INFO - 2024-10-02 11:52:29 --> Output Class Initialized
INFO - 2024-10-02 11:52:29 --> Security Class Initialized
DEBUG - 2024-10-02 11:52:29 --> Global POST, GET and COOKIE data sanitized
INFO - 2024-10-02 11:52:29 --> Input Class Initialized
INFO - 2024-10-02 11:52:29 --> Language Class Initialized
INFO - 2024-10-02 11:52:29 --> Loader Class Initialized
INFO - 2024-10-02 11:52:29 --> Helper loaded: url_helper
INFO - 2024-10-02 11:52:29 --> Database Driver Class Initialized
INFO - 2024-10-02 11:52:29 --> Controller Class Initialized
INFO - 2024-10-02 11:52:29 --> Model "Mconfigkey" initialized
INFO - 2024-10-02 11:52:29 --> Model "Msync_delivery_instruction" initialized
INFO - 2024-10-02 11:52:30 --> Final output sent to browser
DEBUG - 2024-10-02 11:52:30 --> Total execution time: 0.0863
INFO - 2024-10-02 11:52:49 --> Config Class Initialized
INFO - 2024-10-02 11:52:49 --> Hooks Class Initialized
DEBUG - 2024-10-02 11:52:49 --> UTF-8 Support Enabled
INFO - 2024-10-02 11:52:49 --> Utf8 Class Initialized
INFO - 2024-10-02 11:52:49 --> URI Class Initialized
INFO - 2024-10-02 11:52:49 --> Router Class Initialized
INFO - 2024-10-02 11:52:49 --> Output Class Initialized
INFO - 2024-10-02 11:52:49 --> Security Class Initialized
DEBUG - 2024-10-02 11:52:49 --> Global POST, GET and COOKIE data sanitized
INFO - 2024-10-02 11:52:49 --> Input Class Initialized
INFO - 2024-10-02 11:52:49 --> Language Class Initialized
INFO - 2024-10-02 11:52:49 --> Loader Class Initialized
INFO - 2024-10-02 11:52:49 --> Helper loaded: url_helper
INFO - 2024-10-02 11:52:49 --> Database Driver Class Initialized
INFO - 2024-10-02 11:52:49 --> Controller Class Initialized
INFO - 2024-10-02 11:52:49 --> Model "Mconfigkey" initialized
INFO - 2024-10-02 11:52:49 --> Model "Mgoods_delivery" initialized
INFO - 2024-10-02 11:52:49 --> Final output sent to browser
DEBUG - 2024-10-02 11:52:49 --> Total execution time: 0.0284
INFO - 2024-10-02 11:52:59 --> Config Class Initialized
INFO - 2024-10-02 11:52:59 --> Hooks Class Initialized
DEBUG - 2024-10-02 11:52:59 --> UTF-8 Support Enabled
INFO - 2024-10-02 11:52:59 --> Utf8 Class Initialized
INFO - 2024-10-02 11:52:59 --> URI Class Initialized
INFO - 2024-10-02 11:52:59 --> Router Class Initialized
INFO - 2024-10-02 11:52:59 --> Output Class Initialized
INFO - 2024-10-02 11:52:59 --> Security Class Initialized
DEBUG - 2024-10-02 11:52:59 --> Global POST, GET and COOKIE data sanitized
INFO - 2024-10-02 11:52:59 --> Input Class Initialized
INFO - 2024-10-02 11:52:59 --> Language Class Initialized
INFO - 2024-10-02 11:52:59 --> Loader Class Initialized
INFO - 2024-10-02 11:52:59 --> Helper loaded: url_helper
INFO - 2024-10-02 11:52:59 --> Database Driver Class Initialized
INFO - 2024-10-02 11:52:59 --> Controller Class Initialized
INFO - 2024-10-02 11:52:59 --> Model "Mconfigkey" initialized
INFO - 2024-10-02 11:52:59 --> Model "Mgoods_delivery" initialized
INFO - 2024-10-02 11:52:59 --> Final output sent to browser
DEBUG - 2024-10-02 11:52:59 --> Total execution time: 0.0270
INFO - 2024-10-02 11:53:52 --> Config Class Initialized
INFO - 2024-10-02 11:53:52 --> Hooks Class Initialized
DEBUG - 2024-10-02 11:53:52 --> UTF-8 Support Enabled
INFO - 2024-10-02 11:53:52 --> Utf8 Class Initialized
INFO - 2024-10-02 11:53:52 --> URI Class Initialized
INFO - 2024-10-02 11:53:52 --> Router Class Initialized
INFO - 2024-10-02 11:53:52 --> Output Class Initialized
INFO - 2024-10-02 11:53:52 --> Security Class Initialized
DEBUG - 2024-10-02 11:53:52 --> Global POST, GET and COOKIE data sanitized
INFO - 2024-10-02 11:53:52 --> Input Class Initialized
INFO - 2024-10-02 11:53:52 --> Language Class Initialized
INFO - 2024-10-02 11:53:52 --> Loader Class Initialized
INFO - 2024-10-02 11:53:52 --> Helper loaded: url_helper
INFO - 2024-10-02 11:53:52 --> Database Driver Class Initialized
INFO - 2024-10-02 11:53:52 --> Controller Class Initialized
INFO - 2024-10-02 11:53:52 --> Model "Mconfigkey" initialized
INFO - 2024-10-02 11:53:52 --> Model "Mext_rpt_pengeluaran" initialized
INFO - 2024-10-02 11:53:52 --> Final output sent to browser
DEBUG - 2024-10-02 11:53:52 --> Total execution time: 0.0988
INFO - 2024-10-02 11:53:55 --> Config Class Initialized
INFO - 2024-10-02 11:53:55 --> Hooks Class Initialized
DEBUG - 2024-10-02 11:53:55 --> UTF-8 Support Enabled
INFO - 2024-10-02 11:53:55 --> Utf8 Class Initialized
INFO - 2024-10-02 11:53:55 --> URI Class Initialized
INFO - 2024-10-02 11:53:55 --> Router Class Initialized
INFO - 2024-10-02 11:53:55 --> Output Class Initialized
INFO - 2024-10-02 11:53:55 --> Security Class Initialized
DEBUG - 2024-10-02 11:53:55 --> Global POST, GET and COOKIE data sanitized
INFO - 2024-10-02 11:53:55 --> Input Class Initialized
INFO - 2024-10-02 11:53:55 --> Language Class Initialized
INFO - 2024-10-02 11:53:55 --> Loader Class Initialized
INFO - 2024-10-02 11:53:55 --> Helper loaded: url_helper
INFO - 2024-10-02 11:53:55 --> Database Driver Class Initialized
INFO - 2024-10-02 11:53:55 --> Controller Class Initialized
INFO - 2024-10-02 11:53:55 --> Model "Mconfigkey" initialized
INFO - 2024-10-02 11:53:55 --> Model "Mext_rpt_pengeluaran" initialized
INFO - 2024-10-02 11:53:55 --> Final output sent to browser
DEBUG - 2024-10-02 11:53:55 --> Total execution time: 0.0577
INFO - 2024-10-02 11:54:01 --> Config Class Initialized
INFO - 2024-10-02 11:54:01 --> Hooks Class Initialized
DEBUG - 2024-10-02 11:54:01 --> UTF-8 Support Enabled
INFO - 2024-10-02 11:54:01 --> Utf8 Class Initialized
INFO - 2024-10-02 11:54:01 --> URI Class Initialized
INFO - 2024-10-02 11:54:01 --> Router Class Initialized
INFO - 2024-10-02 11:54:01 --> Output Class Initialized
INFO - 2024-10-02 11:54:01 --> Security Class Initialized
DEBUG - 2024-10-02 11:54:01 --> Global POST, GET and COOKIE data sanitized
INFO - 2024-10-02 11:54:01 --> Input Class Initialized
INFO - 2024-10-02 11:54:01 --> Language Class Initialized
INFO - 2024-10-02 11:54:01 --> Loader Class Initialized
INFO - 2024-10-02 11:54:01 --> Helper loaded: url_helper
INFO - 2024-10-02 11:54:01 --> Database Driver Class Initialized
INFO - 2024-10-02 11:54:01 --> Controller Class Initialized
INFO - 2024-10-02 11:54:01 --> Model "Mconfigkey" initialized
INFO - 2024-10-02 11:54:01 --> Model "Mgoods_delivery" initialized
INFO - 2024-10-02 11:54:01 --> Final output sent to browser
DEBUG - 2024-10-02 11:54:01 --> Total execution time: 0.0285
INFO - 2024-10-02 12:01:28 --> Config Class Initialized
INFO - 2024-10-02 12:01:28 --> Hooks Class Initialized
DEBUG - 2024-10-02 12:01:28 --> UTF-8 Support Enabled
INFO - 2024-10-02 12:01:28 --> Utf8 Class Initialized
INFO - 2024-10-02 12:01:28 --> URI Class Initialized
INFO - 2024-10-02 12:01:28 --> Router Class Initialized
INFO - 2024-10-02 12:01:28 --> Output Class Initialized
INFO - 2024-10-02 12:01:28 --> Security Class Initialized
DEBUG - 2024-10-02 12:01:28 --> Global POST, GET and COOKIE data sanitized
INFO - 2024-10-02 12:01:28 --> Input Class Initialized
INFO - 2024-10-02 12:01:28 --> Language Class Initialized
INFO - 2024-10-02 12:01:28 --> Loader Class Initialized
INFO - 2024-10-02 12:01:28 --> Helper loaded: url_helper
INFO - 2024-10-02 12:01:28 --> Database Driver Class Initialized
INFO - 2024-10-02 12:01:28 --> Controller Class Initialized
INFO - 2024-10-02 12:01:28 --> Model "Mconfigkey" initialized
INFO - 2024-10-02 12:01:28 --> Model "Mgoods_delivery" initialized
INFO - 2024-10-02 12:01:28 --> Final output sent to browser
DEBUG - 2024-10-02 12:01:28 --> Total execution time: 0.0301
INFO - 2024-10-02 14:19:41 --> Config Class Initialized
INFO - 2024-10-02 14:19:41 --> Hooks Class Initialized
DEBUG - 2024-10-02 14:19:41 --> UTF-8 Support Enabled
INFO - 2024-10-02 14:19:41 --> Utf8 Class Initialized
INFO - 2024-10-02 14:19:41 --> URI Class Initialized
INFO - 2024-10-02 14:19:41 --> Router Class Initialized
INFO - 2024-10-02 14:19:41 --> Output Class Initialized
INFO - 2024-10-02 14:19:41 --> Security Class Initialized
DEBUG - 2024-10-02 14:19:41 --> Global POST, GET and COOKIE data sanitized
INFO - 2024-10-02 14:19:41 --> Input Class Initialized
INFO - 2024-10-02 14:19:41 --> Language Class Initialized
INFO - 2024-10-02 14:19:41 --> Loader Class Initialized
INFO - 2024-10-02 14:19:41 --> Helper loaded: url_helper
INFO - 2024-10-02 14:19:41 --> Database Driver Class Initialized
INFO - 2024-10-02 14:19:41 --> Controller Class Initialized
INFO - 2024-10-02 14:19:41 --> Model "Mconfigkey" initialized
INFO - 2024-10-02 14:19:41 --> Final output sent to browser
DEBUG - 2024-10-02 14:19:41 --> Total execution time: 0.4070
INFO - 2024-10-02 18:18:22 --> Config Class Initialized
INFO - 2024-10-02 18:18:22 --> Hooks Class Initialized
DEBUG - 2024-10-02 18:18:22 --> UTF-8 Support Enabled
INFO - 2024-10-02 18:18:22 --> Utf8 Class Initialized
INFO - 2024-10-02 18:18:22 --> URI Class Initialized
INFO - 2024-10-02 18:18:22 --> Router Class Initialized
INFO - 2024-10-02 18:18:22 --> Output Class Initialized
INFO - 2024-10-02 18:18:22 --> Security Class Initialized
DEBUG - 2024-10-02 18:18:22 --> Global POST, GET and COOKIE data sanitized
INFO - 2024-10-02 18:18:22 --> Input Class Initialized
INFO - 2024-10-02 18:18:22 --> Language Class Initialized
INFO - 2024-10-02 18:18:22 --> Loader Class Initialized
INFO - 2024-10-02 18:18:22 --> Helper loaded: url_helper
INFO - 2024-10-02 18:18:22 --> Database Driver Class Initialized
INFO - 2024-10-02 18:18:22 --> Controller Class Initialized
INFO - 2024-10-02 18:18:22 --> Model "Mauth" initialized
INFO - 2024-10-02 18:18:22 --> Model "Mconfigkey" initialized
INFO - 2024-10-02 18:18:22 --> Final output sent to browser
DEBUG - 2024-10-02 18:18:22 --> Total execution time: 0.2265
INFO - 2024-10-02 18:18:27 --> Config Class Initialized
INFO - 2024-10-02 18:18:27 --> Hooks Class Initialized
DEBUG - 2024-10-02 18:18:27 --> UTF-8 Support Enabled
INFO - 2024-10-02 18:18:27 --> Utf8 Class Initialized
INFO - 2024-10-02 18:18:27 --> URI Class Initialized
INFO - 2024-10-02 18:18:27 --> Router Class Initialized
INFO - 2024-10-02 18:18:27 --> Output Class Initialized
INFO - 2024-10-02 18:18:27 --> Security Class Initialized
DEBUG - 2024-10-02 18:18:27 --> Global POST, GET and COOKIE data sanitized
INFO - 2024-10-02 18:18:27 --> Input Class Initialized
INFO - 2024-10-02 18:18:27 --> Language Class Initialized
INFO - 2024-10-02 18:18:27 --> Loader Class Initialized
INFO - 2024-10-02 18:18:27 --> Helper loaded: url_helper
INFO - 2024-10-02 18:18:27 --> Database Driver Class Initialized
INFO - 2024-10-02 18:18:27 --> Controller Class Initialized
INFO - 2024-10-02 18:18:27 --> Model "Mconfigkey" initialized
INFO - 2024-10-02 18:18:27 --> Model "Mgoods_racking" initialized
INFO - 2024-10-02 18:18:27 --> Final output sent to browser
DEBUG - 2024-10-02 18:18:27 --> Total execution time: 0.0431
INFO - 2024-10-02 18:18:30 --> Config Class Initialized
INFO - 2024-10-02 18:18:30 --> Hooks Class Initialized
DEBUG - 2024-10-02 18:18:30 --> UTF-8 Support Enabled
INFO - 2024-10-02 18:18:30 --> Utf8 Class Initialized
INFO - 2024-10-02 18:18:30 --> URI Class Initialized
INFO - 2024-10-02 18:18:30 --> Router Class Initialized
INFO - 2024-10-02 18:18:30 --> Output Class Initialized
INFO - 2024-10-02 18:18:30 --> Security Class Initialized
DEBUG - 2024-10-02 18:18:30 --> Global POST, GET and COOKIE data sanitized
INFO - 2024-10-02 18:18:30 --> Input Class Initialized
INFO - 2024-10-02 18:18:30 --> Language Class Initialized
INFO - 2024-10-02 18:18:30 --> Loader Class Initialized
INFO - 2024-10-02 18:18:30 --> Helper loaded: url_helper
INFO - 2024-10-02 18:18:30 --> Database Driver Class Initialized
INFO - 2024-10-02 18:18:30 --> Controller Class Initialized
INFO - 2024-10-02 18:18:30 --> Model "Mconfigkey" initialized
INFO - 2024-10-02 18:18:30 --> Model "Mgoods_racking" initialized
ERROR - 2024-10-02 18:18:30 --> Query error: [Microsoft][ODBC Driver 18 for SQL Server][SQL Server]  - Invalid query: EXEC SP_PUTAWAY_WMS
            
            @VPUTAWAY_DATE='2024-10-02',
            @VUSERNAME='seiwa',
            @VMODULES='AUTO', 

            @VORDERBY = ' ORDER BY TR_STOCK_TRANS.LOT_NO DESC ', 
            @OFFSET = '0',
            @FETCH_SIZE = '50', 
            @FILTER = '' 


            
INFO - 2024-10-02 18:18:30 --> Language file loaded: language/english/db_lang.php
INFO - 2024-10-02 18:18:33 --> Config Class Initialized
INFO - 2024-10-02 18:18:33 --> Hooks Class Initialized
DEBUG - 2024-10-02 18:18:33 --> UTF-8 Support Enabled
INFO - 2024-10-02 18:18:33 --> Utf8 Class Initialized
INFO - 2024-10-02 18:18:33 --> URI Class Initialized
INFO - 2024-10-02 18:18:33 --> Router Class Initialized
INFO - 2024-10-02 18:18:33 --> Output Class Initialized
INFO - 2024-10-02 18:18:33 --> Security Class Initialized
DEBUG - 2024-10-02 18:18:33 --> Global POST, GET and COOKIE data sanitized
INFO - 2024-10-02 18:18:33 --> Input Class Initialized
INFO - 2024-10-02 18:18:33 --> Language Class Initialized
INFO - 2024-10-02 18:18:33 --> Loader Class Initialized
INFO - 2024-10-02 18:18:33 --> Helper loaded: url_helper
INFO - 2024-10-02 18:18:33 --> Database Driver Class Initialized
INFO - 2024-10-02 18:18:33 --> Controller Class Initialized
INFO - 2024-10-02 18:18:33 --> Model "Mconfigkey" initialized
INFO - 2024-10-02 18:18:33 --> Model "Mgoods_racking" initialized
INFO - 2024-10-02 18:18:34 --> Final output sent to browser
DEBUG - 2024-10-02 18:18:34 --> Total execution time: 0.0426
INFO - 2024-10-02 18:18:42 --> Config Class Initialized
INFO - 2024-10-02 18:18:42 --> Hooks Class Initialized
DEBUG - 2024-10-02 18:18:42 --> UTF-8 Support Enabled
INFO - 2024-10-02 18:18:42 --> Utf8 Class Initialized
INFO - 2024-10-02 18:18:42 --> URI Class Initialized
INFO - 2024-10-02 18:18:42 --> Router Class Initialized
INFO - 2024-10-02 18:18:42 --> Output Class Initialized
INFO - 2024-10-02 18:18:42 --> Security Class Initialized
DEBUG - 2024-10-02 18:18:42 --> Global POST, GET and COOKIE data sanitized
INFO - 2024-10-02 18:18:42 --> Input Class Initialized
INFO - 2024-10-02 18:18:42 --> Language Class Initialized
INFO - 2024-10-02 18:18:42 --> Loader Class Initialized
INFO - 2024-10-02 18:18:42 --> Helper loaded: url_helper
INFO - 2024-10-02 18:18:42 --> Database Driver Class Initialized
INFO - 2024-10-02 18:18:42 --> Controller Class Initialized
INFO - 2024-10-02 18:18:42 --> Model "Mconfigkey" initialized
INFO - 2024-10-02 18:18:42 --> Model "Mgoods_racking" initialized
INFO - 2024-10-02 18:18:42 --> Final output sent to browser
DEBUG - 2024-10-02 18:18:42 --> Total execution time: 0.1024
INFO - 2024-10-02 18:18:45 --> Config Class Initialized
INFO - 2024-10-02 18:18:45 --> Hooks Class Initialized
DEBUG - 2024-10-02 18:18:45 --> UTF-8 Support Enabled
INFO - 2024-10-02 18:18:45 --> Utf8 Class Initialized
INFO - 2024-10-02 18:18:45 --> URI Class Initialized
INFO - 2024-10-02 18:18:45 --> Router Class Initialized
INFO - 2024-10-02 18:18:45 --> Output Class Initialized
INFO - 2024-10-02 18:18:45 --> Security Class Initialized
DEBUG - 2024-10-02 18:18:45 --> Global POST, GET and COOKIE data sanitized
INFO - 2024-10-02 18:18:45 --> Input Class Initialized
INFO - 2024-10-02 18:18:45 --> Language Class Initialized
INFO - 2024-10-02 18:18:45 --> Loader Class Initialized
INFO - 2024-10-02 18:18:45 --> Helper loaded: url_helper
INFO - 2024-10-02 18:18:45 --> Database Driver Class Initialized
INFO - 2024-10-02 18:18:45 --> Controller Class Initialized
INFO - 2024-10-02 18:18:45 --> Model "Mconfigkey" initialized
INFO - 2024-10-02 18:18:45 --> Model "Mgoods_racking" initialized
ERROR - 2024-10-02 18:18:45 --> Query error: [Microsoft][ODBC Driver 18 for SQL Server][SQL Server]  - Invalid query: EXEC SP_PUTAWAY_WMS
            
            @VPUTAWAY_DATE='2024-09-21',
            @VUSERNAME='seiwa',
            @VMODULES='AUTO', 

            @VORDERBY = ' ORDER BY TR_STOCK_TRANS.LOT_NO DESC ', 
            @OFFSET = '0',
            @FETCH_SIZE = '50', 
            @FILTER = '' 


            
INFO - 2024-10-02 18:18:45 --> Language file loaded: language/english/db_lang.php
INFO - 2024-10-02 18:18:47 --> Config Class Initialized
INFO - 2024-10-02 18:18:47 --> Hooks Class Initialized
DEBUG - 2024-10-02 18:18:47 --> UTF-8 Support Enabled
INFO - 2024-10-02 18:18:47 --> Utf8 Class Initialized
INFO - 2024-10-02 18:18:47 --> URI Class Initialized
INFO - 2024-10-02 18:18:47 --> Router Class Initialized
INFO - 2024-10-02 18:18:47 --> Output Class Initialized
INFO - 2024-10-02 18:18:47 --> Security Class Initialized
DEBUG - 2024-10-02 18:18:47 --> Global POST, GET and COOKIE data sanitized
INFO - 2024-10-02 18:18:47 --> Input Class Initialized
INFO - 2024-10-02 18:18:47 --> Language Class Initialized
INFO - 2024-10-02 18:18:47 --> Loader Class Initialized
INFO - 2024-10-02 18:18:47 --> Helper loaded: url_helper
INFO - 2024-10-02 18:18:47 --> Database Driver Class Initialized
INFO - 2024-10-02 18:18:47 --> Controller Class Initialized
INFO - 2024-10-02 18:18:47 --> Model "Mconfigkey" initialized
INFO - 2024-10-02 18:18:47 --> Model "Mgoods_racking" initialized
ERROR - 2024-10-02 18:18:47 --> Query error: [Microsoft][ODBC Driver 18 for SQL Server][SQL Server]  - Invalid query: EXEC SP_PUTAWAY_WMS
            
            @VPUTAWAY_DATE='2024-10-02',
            @VUSERNAME='seiwa',
            @VMODULES='AUTO', 

            @VORDERBY = ' ORDER BY TR_STOCK_TRANS.LOT_NO DESC ', 
            @OFFSET = '0',
            @FETCH_SIZE = '50', 
            @FILTER = '' 


            
INFO - 2024-10-02 18:18:47 --> Language file loaded: language/english/db_lang.php
INFO - 2024-10-02 18:18:49 --> Config Class Initialized
INFO - 2024-10-02 18:18:49 --> Hooks Class Initialized
DEBUG - 2024-10-02 18:18:49 --> UTF-8 Support Enabled
INFO - 2024-10-02 18:18:49 --> Utf8 Class Initialized
INFO - 2024-10-02 18:18:49 --> URI Class Initialized
INFO - 2024-10-02 18:18:49 --> Router Class Initialized
INFO - 2024-10-02 18:18:49 --> Output Class Initialized
INFO - 2024-10-02 18:18:49 --> Security Class Initialized
DEBUG - 2024-10-02 18:18:49 --> Global POST, GET and COOKIE data sanitized
INFO - 2024-10-02 18:18:49 --> Input Class Initialized
INFO - 2024-10-02 18:18:49 --> Language Class Initialized
INFO - 2024-10-02 18:18:49 --> Loader Class Initialized
INFO - 2024-10-02 18:18:49 --> Helper loaded: url_helper
INFO - 2024-10-02 18:18:49 --> Database Driver Class Initialized
INFO - 2024-10-02 18:18:49 --> Controller Class Initialized
INFO - 2024-10-02 18:18:49 --> Model "Mconfigkey" initialized
INFO - 2024-10-02 18:18:49 --> Model "Mgoods_racking" initialized
ERROR - 2024-10-02 18:18:49 --> Query error: [Microsoft][ODBC Driver 18 for SQL Server][SQL Server]  - Invalid query: EXEC SP_PUTAWAY_WMS
            
            @VPUTAWAY_DATE='2024-10-22',
            @VUSERNAME='seiwa',
            @VMODULES='AUTO', 

            @VORDERBY = ' ORDER BY TR_STOCK_TRANS.LOT_NO DESC ', 
            @OFFSET = '0',
            @FETCH_SIZE = '50', 
            @FILTER = '' 


            
INFO - 2024-10-02 18:18:49 --> Language file loaded: language/english/db_lang.php
INFO - 2024-10-02 18:18:51 --> Config Class Initialized
INFO - 2024-10-02 18:18:51 --> Hooks Class Initialized
DEBUG - 2024-10-02 18:18:51 --> UTF-8 Support Enabled
INFO - 2024-10-02 18:18:51 --> Utf8 Class Initialized
INFO - 2024-10-02 18:18:51 --> URI Class Initialized
INFO - 2024-10-02 18:18:51 --> Router Class Initialized
INFO - 2024-10-02 18:18:51 --> Output Class Initialized
INFO - 2024-10-02 18:18:51 --> Security Class Initialized
DEBUG - 2024-10-02 18:18:51 --> Global POST, GET and COOKIE data sanitized
INFO - 2024-10-02 18:18:51 --> Input Class Initialized
INFO - 2024-10-02 18:18:51 --> Language Class Initialized
INFO - 2024-10-02 18:18:51 --> Loader Class Initialized
INFO - 2024-10-02 18:18:51 --> Helper loaded: url_helper
INFO - 2024-10-02 18:18:51 --> Database Driver Class Initialized
INFO - 2024-10-02 18:18:51 --> Controller Class Initialized
INFO - 2024-10-02 18:18:51 --> Model "Mconfigkey" initialized
INFO - 2024-10-02 18:18:51 --> Model "Mgoods_racking" initialized
ERROR - 2024-10-02 18:18:51 --> Query error: [Microsoft][ODBC Driver 18 for SQL Server][SQL Server]  - Invalid query: EXEC SP_PUTAWAY_WMS
            
            @VPUTAWAY_DATE='2024-10-30',
            @VUSERNAME='seiwa',
            @VMODULES='AUTO', 

            @VORDERBY = ' ORDER BY TR_STOCK_TRANS.LOT_NO DESC ', 
            @OFFSET = '0',
            @FETCH_SIZE = '50', 
            @FILTER = '' 


            
INFO - 2024-10-02 18:18:51 --> Language file loaded: language/english/db_lang.php
INFO - 2024-10-02 18:18:55 --> Config Class Initialized
INFO - 2024-10-02 18:18:55 --> Hooks Class Initialized
DEBUG - 2024-10-02 18:18:55 --> UTF-8 Support Enabled
INFO - 2024-10-02 18:18:55 --> Utf8 Class Initialized
INFO - 2024-10-02 18:18:55 --> URI Class Initialized
INFO - 2024-10-02 18:18:55 --> Router Class Initialized
INFO - 2024-10-02 18:18:55 --> Output Class Initialized
INFO - 2024-10-02 18:18:55 --> Security Class Initialized
DEBUG - 2024-10-02 18:18:55 --> Global POST, GET and COOKIE data sanitized
INFO - 2024-10-02 18:18:55 --> Input Class Initialized
INFO - 2024-10-02 18:18:55 --> Language Class Initialized
INFO - 2024-10-02 18:18:55 --> Loader Class Initialized
INFO - 2024-10-02 18:18:55 --> Helper loaded: url_helper
INFO - 2024-10-02 18:18:55 --> Database Driver Class Initialized
INFO - 2024-10-02 18:18:55 --> Controller Class Initialized
INFO - 2024-10-02 18:18:55 --> Model "Mconfigkey" initialized
INFO - 2024-10-02 18:18:55 --> Model "Mgoods_racking" initialized
ERROR - 2024-10-02 18:18:55 --> Query error: [Microsoft][ODBC Driver 18 for SQL Server][SQL Server]  - Invalid query: EXEC SP_PUTAWAY_WMS
            
            @VPUTAWAY_DATE='2024-10-30',
            @VUSERNAME='seiwa',
            @VMODULES='AUTO', 

            @VORDERBY = ' ORDER BY TR_STOCK_TRANS.LOT_NO DESC ', 
            @OFFSET = '0',
            @FETCH_SIZE = '50', 
            @FILTER = '' 


            
INFO - 2024-10-02 18:18:55 --> Language file loaded: language/english/db_lang.php
INFO - 2024-10-02 18:18:55 --> Config Class Initialized
INFO - 2024-10-02 18:18:55 --> Hooks Class Initialized
DEBUG - 2024-10-02 18:18:55 --> UTF-8 Support Enabled
INFO - 2024-10-02 18:18:55 --> Utf8 Class Initialized
INFO - 2024-10-02 18:18:55 --> URI Class Initialized
INFO - 2024-10-02 18:18:55 --> Router Class Initialized
INFO - 2024-10-02 18:18:55 --> Output Class Initialized
INFO - 2024-10-02 18:18:55 --> Security Class Initialized
DEBUG - 2024-10-02 18:18:55 --> Global POST, GET and COOKIE data sanitized
INFO - 2024-10-02 18:18:55 --> Input Class Initialized
INFO - 2024-10-02 18:18:55 --> Language Class Initialized
INFO - 2024-10-02 18:18:55 --> Loader Class Initialized
INFO - 2024-10-02 18:18:55 --> Helper loaded: url_helper
INFO - 2024-10-02 18:18:55 --> Database Driver Class Initialized
INFO - 2024-10-02 18:18:55 --> Controller Class Initialized
INFO - 2024-10-02 18:18:55 --> Model "Mconfigkey" initialized
INFO - 2024-10-02 18:18:55 --> Model "Mgoods_racking" initialized
ERROR - 2024-10-02 18:18:55 --> Query error: [Microsoft][ODBC Driver 18 for SQL Server][SQL Server]  - Invalid query: EXEC SP_PUTAWAY_WMS
            
            @VPUTAWAY_DATE='2024-10-30',
            @VUSERNAME='seiwa',
            @VMODULES='AUTO', 

            @VORDERBY = ' ORDER BY TR_STOCK_TRANS.LOT_NO DESC ', 
            @OFFSET = '0',
            @FETCH_SIZE = '50', 
            @FILTER = '' 


            
INFO - 2024-10-02 18:18:55 --> Language file loaded: language/english/db_lang.php
INFO - 2024-10-02 18:18:56 --> Config Class Initialized
INFO - 2024-10-02 18:18:56 --> Hooks Class Initialized
DEBUG - 2024-10-02 18:18:56 --> UTF-8 Support Enabled
INFO - 2024-10-02 18:18:56 --> Utf8 Class Initialized
INFO - 2024-10-02 18:18:56 --> URI Class Initialized
INFO - 2024-10-02 18:18:56 --> Router Class Initialized
INFO - 2024-10-02 18:18:56 --> Output Class Initialized
INFO - 2024-10-02 18:18:56 --> Security Class Initialized
DEBUG - 2024-10-02 18:18:56 --> Global POST, GET and COOKIE data sanitized
INFO - 2024-10-02 18:18:56 --> Input Class Initialized
INFO - 2024-10-02 18:18:56 --> Language Class Initialized
INFO - 2024-10-02 18:18:56 --> Loader Class Initialized
INFO - 2024-10-02 18:18:56 --> Helper loaded: url_helper
INFO - 2024-10-02 18:18:56 --> Database Driver Class Initialized
INFO - 2024-10-02 18:18:56 --> Controller Class Initialized
INFO - 2024-10-02 18:18:56 --> Model "Mconfigkey" initialized
INFO - 2024-10-02 18:18:56 --> Model "Mgoods_racking" initialized
ERROR - 2024-10-02 18:18:56 --> Query error: [Microsoft][ODBC Driver 18 for SQL Server][SQL Server]  - Invalid query: EXEC SP_PUTAWAY_WMS
            
            @VPUTAWAY_DATE='2024-10-30',
            @VUSERNAME='seiwa',
            @VMODULES='AUTO', 

            @VORDERBY = ' ORDER BY TR_STOCK_TRANS.LOT_NO DESC ', 
            @OFFSET = '0',
            @FETCH_SIZE = '50', 
            @FILTER = '' 


            
INFO - 2024-10-02 18:18:56 --> Language file loaded: language/english/db_lang.php
INFO - 2024-10-02 18:18:56 --> Config Class Initialized
INFO - 2024-10-02 18:18:56 --> Hooks Class Initialized
DEBUG - 2024-10-02 18:18:56 --> UTF-8 Support Enabled
INFO - 2024-10-02 18:18:56 --> Utf8 Class Initialized
INFO - 2024-10-02 18:18:56 --> URI Class Initialized
INFO - 2024-10-02 18:18:56 --> Router Class Initialized
INFO - 2024-10-02 18:18:56 --> Output Class Initialized
INFO - 2024-10-02 18:18:56 --> Security Class Initialized
DEBUG - 2024-10-02 18:18:56 --> Global POST, GET and COOKIE data sanitized
INFO - 2024-10-02 18:18:56 --> Input Class Initialized
INFO - 2024-10-02 18:18:56 --> Language Class Initialized
INFO - 2024-10-02 18:18:56 --> Loader Class Initialized
INFO - 2024-10-02 18:18:56 --> Helper loaded: url_helper
INFO - 2024-10-02 18:18:56 --> Database Driver Class Initialized
INFO - 2024-10-02 18:18:56 --> Controller Class Initialized
INFO - 2024-10-02 18:18:56 --> Model "Mconfigkey" initialized
INFO - 2024-10-02 18:18:56 --> Model "Mgoods_racking" initialized
ERROR - 2024-10-02 18:18:56 --> Query error: [Microsoft][ODBC Driver 18 for SQL Server][SQL Server]  - Invalid query: EXEC SP_PUTAWAY_WMS
            
            @VPUTAWAY_DATE='2024-10-30',
            @VUSERNAME='seiwa',
            @VMODULES='AUTO', 

            @VORDERBY = ' ORDER BY TR_STOCK_TRANS.LOT_NO DESC ', 
            @OFFSET = '0',
            @FETCH_SIZE = '50', 
            @FILTER = '' 


            
INFO - 2024-10-02 18:18:56 --> Language file loaded: language/english/db_lang.php
INFO - 2024-10-02 18:18:56 --> Config Class Initialized
INFO - 2024-10-02 18:18:56 --> Hooks Class Initialized
DEBUG - 2024-10-02 18:18:56 --> UTF-8 Support Enabled
INFO - 2024-10-02 18:18:56 --> Utf8 Class Initialized
INFO - 2024-10-02 18:18:56 --> URI Class Initialized
INFO - 2024-10-02 18:18:56 --> Router Class Initialized
INFO - 2024-10-02 18:18:56 --> Output Class Initialized
INFO - 2024-10-02 18:18:56 --> Security Class Initialized
DEBUG - 2024-10-02 18:18:56 --> Global POST, GET and COOKIE data sanitized
INFO - 2024-10-02 18:18:56 --> Input Class Initialized
INFO - 2024-10-02 18:18:56 --> Language Class Initialized
INFO - 2024-10-02 18:18:56 --> Loader Class Initialized
INFO - 2024-10-02 18:18:56 --> Helper loaded: url_helper
INFO - 2024-10-02 18:18:56 --> Database Driver Class Initialized
INFO - 2024-10-02 18:18:56 --> Controller Class Initialized
INFO - 2024-10-02 18:18:56 --> Model "Mconfigkey" initialized
INFO - 2024-10-02 18:18:56 --> Model "Mgoods_racking" initialized
ERROR - 2024-10-02 18:18:56 --> Query error: [Microsoft][ODBC Driver 18 for SQL Server][SQL Server]  - Invalid query: EXEC SP_PUTAWAY_WMS
            
            @VPUTAWAY_DATE='2024-10-30',
            @VUSERNAME='seiwa',
            @VMODULES='AUTO', 

            @VORDERBY = ' ORDER BY TR_STOCK_TRANS.LOT_NO DESC ', 
            @OFFSET = '0',
            @FETCH_SIZE = '50', 
            @FILTER = '' 


            
INFO - 2024-10-02 18:18:56 --> Language file loaded: language/english/db_lang.php
INFO - 2024-10-02 18:18:56 --> Config Class Initialized
INFO - 2024-10-02 18:18:56 --> Hooks Class Initialized
DEBUG - 2024-10-02 18:18:56 --> UTF-8 Support Enabled
INFO - 2024-10-02 18:18:56 --> Utf8 Class Initialized
INFO - 2024-10-02 18:18:56 --> URI Class Initialized
INFO - 2024-10-02 18:18:56 --> Router Class Initialized
INFO - 2024-10-02 18:18:56 --> Output Class Initialized
INFO - 2024-10-02 18:18:56 --> Security Class Initialized
DEBUG - 2024-10-02 18:18:56 --> Global POST, GET and COOKIE data sanitized
INFO - 2024-10-02 18:18:56 --> Input Class Initialized
INFO - 2024-10-02 18:18:56 --> Language Class Initialized
INFO - 2024-10-02 18:18:56 --> Loader Class Initialized
INFO - 2024-10-02 18:18:56 --> Helper loaded: url_helper
INFO - 2024-10-02 18:18:56 --> Database Driver Class Initialized
INFO - 2024-10-02 18:18:56 --> Controller Class Initialized
INFO - 2024-10-02 18:18:56 --> Model "Mconfigkey" initialized
INFO - 2024-10-02 18:18:56 --> Model "Mgoods_racking" initialized
ERROR - 2024-10-02 18:18:56 --> Query error: [Microsoft][ODBC Driver 18 for SQL Server][SQL Server]  - Invalid query: EXEC SP_PUTAWAY_WMS
            
            @VPUTAWAY_DATE='2024-10-30',
            @VUSERNAME='seiwa',
            @VMODULES='AUTO', 

            @VORDERBY = ' ORDER BY TR_STOCK_TRANS.LOT_NO DESC ', 
            @OFFSET = '0',
            @FETCH_SIZE = '50', 
            @FILTER = '' 


            
INFO - 2024-10-02 18:18:56 --> Language file loaded: language/english/db_lang.php
INFO - 2024-10-02 18:18:56 --> Config Class Initialized
INFO - 2024-10-02 18:18:56 --> Hooks Class Initialized
DEBUG - 2024-10-02 18:18:56 --> UTF-8 Support Enabled
INFO - 2024-10-02 18:18:56 --> Utf8 Class Initialized
INFO - 2024-10-02 18:18:56 --> URI Class Initialized
INFO - 2024-10-02 18:18:56 --> Router Class Initialized
INFO - 2024-10-02 18:18:56 --> Output Class Initialized
INFO - 2024-10-02 18:18:56 --> Security Class Initialized
DEBUG - 2024-10-02 18:18:56 --> Global POST, GET and COOKIE data sanitized
INFO - 2024-10-02 18:18:56 --> Input Class Initialized
INFO - 2024-10-02 18:18:56 --> Language Class Initialized
INFO - 2024-10-02 18:18:56 --> Loader Class Initialized
INFO - 2024-10-02 18:18:56 --> Helper loaded: url_helper
INFO - 2024-10-02 18:18:56 --> Database Driver Class Initialized
INFO - 2024-10-02 18:18:56 --> Controller Class Initialized
INFO - 2024-10-02 18:18:56 --> Model "Mconfigkey" initialized
INFO - 2024-10-02 18:18:56 --> Model "Mgoods_racking" initialized
ERROR - 2024-10-02 18:18:56 --> Query error: [Microsoft][ODBC Driver 18 for SQL Server][SQL Server]  - Invalid query: EXEC SP_PUTAWAY_WMS
            
            @VPUTAWAY_DATE='2024-10-30',
            @VUSERNAME='seiwa',
            @VMODULES='AUTO', 

            @VORDERBY = ' ORDER BY TR_STOCK_TRANS.LOT_NO DESC ', 
            @OFFSET = '0',
            @FETCH_SIZE = '50', 
            @FILTER = '' 


            
INFO - 2024-10-02 18:18:56 --> Language file loaded: language/english/db_lang.php
INFO - 2024-10-02 18:18:59 --> Config Class Initialized
INFO - 2024-10-02 18:18:59 --> Hooks Class Initialized
DEBUG - 2024-10-02 18:18:59 --> UTF-8 Support Enabled
INFO - 2024-10-02 18:18:59 --> Utf8 Class Initialized
INFO - 2024-10-02 18:18:59 --> URI Class Initialized
INFO - 2024-10-02 18:18:59 --> Router Class Initialized
INFO - 2024-10-02 18:18:59 --> Output Class Initialized
INFO - 2024-10-02 18:18:59 --> Security Class Initialized
DEBUG - 2024-10-02 18:18:59 --> Global POST, GET and COOKIE data sanitized
INFO - 2024-10-02 18:18:59 --> Input Class Initialized
INFO - 2024-10-02 18:18:59 --> Language Class Initialized
INFO - 2024-10-02 18:18:59 --> Loader Class Initialized
INFO - 2024-10-02 18:18:59 --> Helper loaded: url_helper
INFO - 2024-10-02 18:18:59 --> Database Driver Class Initialized
INFO - 2024-10-02 18:18:59 --> Controller Class Initialized
INFO - 2024-10-02 18:18:59 --> Model "Mconfigkey" initialized
INFO - 2024-10-02 18:18:59 --> Model "Mgoods_racking" initialized
ERROR - 2024-10-02 18:18:59 --> Query error: [Microsoft][ODBC Driver 18 for SQL Server][SQL Server]  - Invalid query: EXEC SP_PUTAWAY_WMS
            
            @VPUTAWAY_DATE='2024-10-30',
            @VUSERNAME='seiwa',
            @VMODULES='AUTO', 

            @VORDERBY = ' ORDER BY TR_STOCK_TRANS.LOT_NO DESC ', 
            @OFFSET = '50',
            @FETCH_SIZE = '50', 
            @FILTER = '' 


            
INFO - 2024-10-02 18:18:59 --> Language file loaded: language/english/db_lang.php
INFO - 2024-10-02 18:19:00 --> Config Class Initialized
INFO - 2024-10-02 18:19:00 --> Hooks Class Initialized
DEBUG - 2024-10-02 18:19:00 --> UTF-8 Support Enabled
INFO - 2024-10-02 18:19:00 --> Utf8 Class Initialized
INFO - 2024-10-02 18:19:00 --> URI Class Initialized
INFO - 2024-10-02 18:19:00 --> Router Class Initialized
INFO - 2024-10-02 18:19:00 --> Output Class Initialized
INFO - 2024-10-02 18:19:00 --> Security Class Initialized
DEBUG - 2024-10-02 18:19:00 --> Global POST, GET and COOKIE data sanitized
INFO - 2024-10-02 18:19:00 --> Input Class Initialized
INFO - 2024-10-02 18:19:00 --> Language Class Initialized
INFO - 2024-10-02 18:19:00 --> Loader Class Initialized
INFO - 2024-10-02 18:19:00 --> Helper loaded: url_helper
INFO - 2024-10-02 18:19:00 --> Database Driver Class Initialized
INFO - 2024-10-02 18:19:00 --> Controller Class Initialized
INFO - 2024-10-02 18:19:00 --> Model "Mconfigkey" initialized
INFO - 2024-10-02 18:19:00 --> Model "Mgoods_racking" initialized
ERROR - 2024-10-02 18:19:00 --> Query error: [Microsoft][ODBC Driver 18 for SQL Server][SQL Server]  - Invalid query: EXEC SP_PUTAWAY_WMS
            
            @VPUTAWAY_DATE='2024-10-30',
            @VUSERNAME='seiwa',
            @VMODULES='AUTO', 

            @VORDERBY = ' ORDER BY TR_STOCK_TRANS.LOT_NO DESC ', 
            @OFFSET = '100',
            @FETCH_SIZE = '50', 
            @FILTER = '' 


            
INFO - 2024-10-02 18:19:00 --> Language file loaded: language/english/db_lang.php
INFO - 2024-10-02 18:19:00 --> Config Class Initialized
INFO - 2024-10-02 18:19:00 --> Hooks Class Initialized
DEBUG - 2024-10-02 18:19:00 --> UTF-8 Support Enabled
INFO - 2024-10-02 18:19:00 --> Utf8 Class Initialized
INFO - 2024-10-02 18:19:00 --> URI Class Initialized
INFO - 2024-10-02 18:19:00 --> Router Class Initialized
INFO - 2024-10-02 18:19:00 --> Output Class Initialized
INFO - 2024-10-02 18:19:00 --> Security Class Initialized
DEBUG - 2024-10-02 18:19:00 --> Global POST, GET and COOKIE data sanitized
INFO - 2024-10-02 18:19:00 --> Input Class Initialized
INFO - 2024-10-02 18:19:00 --> Language Class Initialized
INFO - 2024-10-02 18:19:00 --> Loader Class Initialized
INFO - 2024-10-02 18:19:00 --> Helper loaded: url_helper
INFO - 2024-10-02 18:19:00 --> Database Driver Class Initialized
INFO - 2024-10-02 18:19:00 --> Controller Class Initialized
INFO - 2024-10-02 18:19:00 --> Model "Mconfigkey" initialized
INFO - 2024-10-02 18:19:00 --> Model "Mgoods_racking" initialized
ERROR - 2024-10-02 18:19:00 --> Query error: [Microsoft][ODBC Driver 18 for SQL Server][SQL Server]  - Invalid query: EXEC SP_PUTAWAY_WMS
            
            @VPUTAWAY_DATE='2024-10-30',
            @VUSERNAME='seiwa',
            @VMODULES='AUTO', 

            @VORDERBY = ' ORDER BY TR_STOCK_TRANS.LOT_NO DESC ', 
            @OFFSET = '150',
            @FETCH_SIZE = '50', 
            @FILTER = '' 


            
INFO - 2024-10-02 18:19:00 --> Language file loaded: language/english/db_lang.php
INFO - 2024-10-02 18:19:01 --> Config Class Initialized
INFO - 2024-10-02 18:19:01 --> Hooks Class Initialized
DEBUG - 2024-10-02 18:19:01 --> UTF-8 Support Enabled
INFO - 2024-10-02 18:19:01 --> Utf8 Class Initialized
INFO - 2024-10-02 18:19:01 --> URI Class Initialized
INFO - 2024-10-02 18:19:01 --> Router Class Initialized
INFO - 2024-10-02 18:19:01 --> Output Class Initialized
INFO - 2024-10-02 18:19:01 --> Security Class Initialized
DEBUG - 2024-10-02 18:19:01 --> Global POST, GET and COOKIE data sanitized
INFO - 2024-10-02 18:19:01 --> Input Class Initialized
INFO - 2024-10-02 18:19:01 --> Language Class Initialized
INFO - 2024-10-02 18:19:01 --> Loader Class Initialized
INFO - 2024-10-02 18:19:01 --> Helper loaded: url_helper
INFO - 2024-10-02 18:19:01 --> Database Driver Class Initialized
INFO - 2024-10-02 18:19:01 --> Controller Class Initialized
INFO - 2024-10-02 18:19:01 --> Model "Mconfigkey" initialized
INFO - 2024-10-02 18:19:01 --> Model "Mgoods_racking" initialized
ERROR - 2024-10-02 18:19:01 --> Query error: [Microsoft][ODBC Driver 18 for SQL Server][SQL Server]  - Invalid query: EXEC SP_PUTAWAY_WMS
            
            @VPUTAWAY_DATE='2024-10-30',
            @VUSERNAME='seiwa',
            @VMODULES='AUTO', 

            @VORDERBY = ' ORDER BY TR_STOCK_TRANS.LOT_NO DESC ', 
            @OFFSET = '200',
            @FETCH_SIZE = '50', 
            @FILTER = '' 


            
INFO - 2024-10-02 18:19:01 --> Language file loaded: language/english/db_lang.php
INFO - 2024-10-02 18:19:01 --> Config Class Initialized
INFO - 2024-10-02 18:19:01 --> Hooks Class Initialized
DEBUG - 2024-10-02 18:19:01 --> UTF-8 Support Enabled
INFO - 2024-10-02 18:19:01 --> Utf8 Class Initialized
INFO - 2024-10-02 18:19:01 --> URI Class Initialized
INFO - 2024-10-02 18:19:01 --> Router Class Initialized
INFO - 2024-10-02 18:19:01 --> Output Class Initialized
INFO - 2024-10-02 18:19:01 --> Security Class Initialized
DEBUG - 2024-10-02 18:19:01 --> Global POST, GET and COOKIE data sanitized
INFO - 2024-10-02 18:19:01 --> Input Class Initialized
INFO - 2024-10-02 18:19:01 --> Language Class Initialized
INFO - 2024-10-02 18:19:01 --> Loader Class Initialized
INFO - 2024-10-02 18:19:01 --> Helper loaded: url_helper
INFO - 2024-10-02 18:19:01 --> Database Driver Class Initialized
INFO - 2024-10-02 18:19:01 --> Controller Class Initialized
INFO - 2024-10-02 18:19:01 --> Model "Mconfigkey" initialized
INFO - 2024-10-02 18:19:01 --> Model "Mgoods_racking" initialized
ERROR - 2024-10-02 18:19:01 --> Query error: [Microsoft][ODBC Driver 18 for SQL Server][SQL Server]  - Invalid query: EXEC SP_PUTAWAY_WMS
            
            @VPUTAWAY_DATE='2024-10-30',
            @VUSERNAME='seiwa',
            @VMODULES='AUTO', 

            @VORDERBY = ' ORDER BY TR_STOCK_TRANS.LOT_NO DESC ', 
            @OFFSET = '250',
            @FETCH_SIZE = '50', 
            @FILTER = '' 


            
INFO - 2024-10-02 18:19:01 --> Language file loaded: language/english/db_lang.php
INFO - 2024-10-02 18:19:02 --> Config Class Initialized
INFO - 2024-10-02 18:19:02 --> Hooks Class Initialized
DEBUG - 2024-10-02 18:19:02 --> UTF-8 Support Enabled
INFO - 2024-10-02 18:19:02 --> Utf8 Class Initialized
INFO - 2024-10-02 18:19:02 --> URI Class Initialized
INFO - 2024-10-02 18:19:02 --> Router Class Initialized
INFO - 2024-10-02 18:19:02 --> Output Class Initialized
INFO - 2024-10-02 18:19:02 --> Security Class Initialized
DEBUG - 2024-10-02 18:19:02 --> Global POST, GET and COOKIE data sanitized
INFO - 2024-10-02 18:19:02 --> Input Class Initialized
INFO - 2024-10-02 18:19:02 --> Language Class Initialized
INFO - 2024-10-02 18:19:02 --> Loader Class Initialized
INFO - 2024-10-02 18:19:02 --> Helper loaded: url_helper
INFO - 2024-10-02 18:19:02 --> Database Driver Class Initialized
INFO - 2024-10-02 18:19:02 --> Controller Class Initialized
INFO - 2024-10-02 18:19:02 --> Model "Mconfigkey" initialized
INFO - 2024-10-02 18:19:02 --> Model "Mgoods_racking" initialized
ERROR - 2024-10-02 18:19:02 --> Query error: [Microsoft][ODBC Driver 18 for SQL Server][SQL Server]  - Invalid query: EXEC SP_PUTAWAY_WMS
            
            @VPUTAWAY_DATE='2024-10-30',
            @VUSERNAME='seiwa',
            @VMODULES='AUTO', 

            @VORDERBY = ' ORDER BY TR_STOCK_TRANS.LOT_NO DESC ', 
            @OFFSET = '0',
            @FETCH_SIZE = '50', 
            @FILTER = '' 


            
INFO - 2024-10-02 18:19:02 --> Language file loaded: language/english/db_lang.php
INFO - 2024-10-02 18:19:17 --> Config Class Initialized
INFO - 2024-10-02 18:19:17 --> Hooks Class Initialized
DEBUG - 2024-10-02 18:19:17 --> UTF-8 Support Enabled
INFO - 2024-10-02 18:19:17 --> Utf8 Class Initialized
INFO - 2024-10-02 18:19:17 --> URI Class Initialized
INFO - 2024-10-02 18:19:17 --> Router Class Initialized
INFO - 2024-10-02 18:19:17 --> Output Class Initialized
INFO - 2024-10-02 18:19:17 --> Security Class Initialized
DEBUG - 2024-10-02 18:19:17 --> Global POST, GET and COOKIE data sanitized
INFO - 2024-10-02 18:19:17 --> Input Class Initialized
INFO - 2024-10-02 18:19:17 --> Language Class Initialized
INFO - 2024-10-02 18:19:17 --> Loader Class Initialized
INFO - 2024-10-02 18:19:17 --> Helper loaded: url_helper
INFO - 2024-10-02 18:19:17 --> Database Driver Class Initialized
INFO - 2024-10-02 18:19:17 --> Controller Class Initialized
INFO - 2024-10-02 18:19:17 --> Model "Mconfigkey" initialized
INFO - 2024-10-02 18:19:17 --> Model "Mgoods_delivery" initialized
INFO - 2024-10-02 18:19:17 --> Final output sent to browser
DEBUG - 2024-10-02 18:19:17 --> Total execution time: 0.0288
INFO - 2024-10-02 18:19:19 --> Config Class Initialized
INFO - 2024-10-02 18:19:19 --> Hooks Class Initialized
DEBUG - 2024-10-02 18:19:19 --> UTF-8 Support Enabled
INFO - 2024-10-02 18:19:19 --> Utf8 Class Initialized
INFO - 2024-10-02 18:19:19 --> URI Class Initialized
INFO - 2024-10-02 18:19:19 --> Router Class Initialized
INFO - 2024-10-02 18:19:19 --> Output Class Initialized
INFO - 2024-10-02 18:19:19 --> Security Class Initialized
DEBUG - 2024-10-02 18:19:19 --> Global POST, GET and COOKIE data sanitized
INFO - 2024-10-02 18:19:19 --> Input Class Initialized
INFO - 2024-10-02 18:19:19 --> Language Class Initialized
INFO - 2024-10-02 18:19:19 --> Loader Class Initialized
INFO - 2024-10-02 18:19:19 --> Helper loaded: url_helper
INFO - 2024-10-02 18:19:19 --> Database Driver Class Initialized
INFO - 2024-10-02 18:19:19 --> Controller Class Initialized
INFO - 2024-10-02 18:19:19 --> Model "Mconfigkey" initialized
INFO - 2024-10-02 18:19:19 --> Model "Mgoods_delivery" initialized
INFO - 2024-10-02 18:19:19 --> Final output sent to browser
DEBUG - 2024-10-02 18:19:19 --> Total execution time: 0.0280
INFO - 2024-10-02 18:19:26 --> Config Class Initialized
INFO - 2024-10-02 18:19:26 --> Hooks Class Initialized
DEBUG - 2024-10-02 18:19:26 --> UTF-8 Support Enabled
INFO - 2024-10-02 18:19:26 --> Utf8 Class Initialized
INFO - 2024-10-02 18:19:26 --> URI Class Initialized
INFO - 2024-10-02 18:19:26 --> Router Class Initialized
INFO - 2024-10-02 18:19:26 --> Output Class Initialized
INFO - 2024-10-02 18:19:26 --> Security Class Initialized
DEBUG - 2024-10-02 18:19:26 --> Global POST, GET and COOKIE data sanitized
INFO - 2024-10-02 18:19:26 --> Input Class Initialized
INFO - 2024-10-02 18:19:26 --> Language Class Initialized
INFO - 2024-10-02 18:19:26 --> Loader Class Initialized
INFO - 2024-10-02 18:19:26 --> Helper loaded: url_helper
INFO - 2024-10-02 18:19:26 --> Database Driver Class Initialized
INFO - 2024-10-02 18:19:26 --> Controller Class Initialized
INFO - 2024-10-02 18:19:26 --> Model "Mconfigkey" initialized
INFO - 2024-10-02 18:19:26 --> Model "Mgoods_delivery" initialized
INFO - 2024-10-02 18:19:26 --> Final output sent to browser
DEBUG - 2024-10-02 18:19:26 --> Total execution time: 0.0214
INFO - 2024-10-02 18:19:33 --> Config Class Initialized
INFO - 2024-10-02 18:19:33 --> Hooks Class Initialized
DEBUG - 2024-10-02 18:19:33 --> UTF-8 Support Enabled
INFO - 2024-10-02 18:19:33 --> Utf8 Class Initialized
INFO - 2024-10-02 18:19:33 --> URI Class Initialized
INFO - 2024-10-02 18:19:33 --> Router Class Initialized
INFO - 2024-10-02 18:19:33 --> Output Class Initialized
INFO - 2024-10-02 18:19:33 --> Security Class Initialized
DEBUG - 2024-10-02 18:19:33 --> Global POST, GET and COOKIE data sanitized
INFO - 2024-10-02 18:19:33 --> Input Class Initialized
INFO - 2024-10-02 18:19:33 --> Language Class Initialized
INFO - 2024-10-02 18:19:33 --> Loader Class Initialized
INFO - 2024-10-02 18:19:33 --> Helper loaded: url_helper
INFO - 2024-10-02 18:19:33 --> Database Driver Class Initialized
INFO - 2024-10-02 18:19:33 --> Controller Class Initialized
INFO - 2024-10-02 18:19:33 --> Model "Mconfigkey" initialized
INFO - 2024-10-02 18:19:33 --> Model "Msync_delivery_instruction" initialized
INFO - 2024-10-02 18:19:33 --> Final output sent to browser
DEBUG - 2024-10-02 18:19:33 --> Total execution time: 0.0288
INFO - 2024-10-02 18:19:35 --> Config Class Initialized
INFO - 2024-10-02 18:19:35 --> Hooks Class Initialized
DEBUG - 2024-10-02 18:19:35 --> UTF-8 Support Enabled
INFO - 2024-10-02 18:19:35 --> Utf8 Class Initialized
INFO - 2024-10-02 18:19:35 --> URI Class Initialized
INFO - 2024-10-02 18:19:35 --> Router Class Initialized
INFO - 2024-10-02 18:19:35 --> Output Class Initialized
INFO - 2024-10-02 18:19:35 --> Security Class Initialized
DEBUG - 2024-10-02 18:19:35 --> Global POST, GET and COOKIE data sanitized
INFO - 2024-10-02 18:19:35 --> Input Class Initialized
INFO - 2024-10-02 18:19:35 --> Language Class Initialized
INFO - 2024-10-02 18:19:35 --> Loader Class Initialized
INFO - 2024-10-02 18:19:35 --> Helper loaded: url_helper
INFO - 2024-10-02 18:19:35 --> Database Driver Class Initialized
INFO - 2024-10-02 18:19:35 --> Controller Class Initialized
INFO - 2024-10-02 18:19:36 --> Model "Mconfigkey" initialized
INFO - 2024-10-02 18:19:36 --> Model "Msync_delivery_instruction" initialized
INFO - 2024-10-02 18:19:36 --> Final output sent to browser
DEBUG - 2024-10-02 18:19:36 --> Total execution time: 0.0493
INFO - 2024-10-02 18:19:38 --> Config Class Initialized
INFO - 2024-10-02 18:19:38 --> Hooks Class Initialized
DEBUG - 2024-10-02 18:19:38 --> UTF-8 Support Enabled
INFO - 2024-10-02 18:19:38 --> Utf8 Class Initialized
INFO - 2024-10-02 18:19:38 --> URI Class Initialized
INFO - 2024-10-02 18:19:38 --> Router Class Initialized
INFO - 2024-10-02 18:19:38 --> Output Class Initialized
INFO - 2024-10-02 18:19:38 --> Security Class Initialized
DEBUG - 2024-10-02 18:19:38 --> Global POST, GET and COOKIE data sanitized
INFO - 2024-10-02 18:19:38 --> Input Class Initialized
INFO - 2024-10-02 18:19:38 --> Language Class Initialized
INFO - 2024-10-02 18:19:38 --> Loader Class Initialized
INFO - 2024-10-02 18:19:38 --> Helper loaded: url_helper
INFO - 2024-10-02 18:19:38 --> Database Driver Class Initialized
INFO - 2024-10-02 18:19:38 --> Controller Class Initialized
INFO - 2024-10-02 18:19:38 --> Model "Mconfigkey" initialized
INFO - 2024-10-02 18:19:38 --> Model "Msync_doc_aw" initialized
INFO - 2024-10-02 18:19:38 --> Final output sent to browser
DEBUG - 2024-10-02 18:19:38 --> Total execution time: 0.0633
INFO - 2024-10-02 18:19:49 --> Config Class Initialized
INFO - 2024-10-02 18:19:49 --> Hooks Class Initialized
DEBUG - 2024-10-02 18:19:49 --> UTF-8 Support Enabled
INFO - 2024-10-02 18:19:49 --> Utf8 Class Initialized
INFO - 2024-10-02 18:19:49 --> URI Class Initialized
INFO - 2024-10-02 18:19:49 --> Router Class Initialized
INFO - 2024-10-02 18:19:49 --> Output Class Initialized
INFO - 2024-10-02 18:19:49 --> Security Class Initialized
DEBUG - 2024-10-02 18:19:49 --> Global POST, GET and COOKIE data sanitized
INFO - 2024-10-02 18:19:49 --> Input Class Initialized
INFO - 2024-10-02 18:19:49 --> Language Class Initialized
INFO - 2024-10-02 18:19:49 --> Loader Class Initialized
INFO - 2024-10-02 18:19:49 --> Helper loaded: url_helper
INFO - 2024-10-02 18:19:49 --> Database Driver Class Initialized
INFO - 2024-10-02 18:19:49 --> Controller Class Initialized
INFO - 2024-10-02 18:19:49 --> Model "Mconfigkey" initialized
INFO - 2024-10-02 18:19:49 --> Model "Msync_doc_aw" initialized
INFO - 2024-10-02 18:19:49 --> Final output sent to browser
DEBUG - 2024-10-02 18:19:49 --> Total execution time: 0.2633
INFO - 2024-10-02 20:20:50 --> Config Class Initialized
INFO - 2024-10-02 20:20:50 --> Hooks Class Initialized
DEBUG - 2024-10-02 20:20:50 --> UTF-8 Support Enabled
INFO - 2024-10-02 20:20:50 --> Utf8 Class Initialized
INFO - 2024-10-02 20:20:50 --> URI Class Initialized
INFO - 2024-10-02 20:20:50 --> Router Class Initialized
INFO - 2024-10-02 20:20:50 --> Output Class Initialized
INFO - 2024-10-02 20:20:50 --> Security Class Initialized
DEBUG - 2024-10-02 20:20:50 --> Global POST, GET and COOKIE data sanitized
INFO - 2024-10-02 20:20:50 --> Input Class Initialized
INFO - 2024-10-02 20:20:50 --> Language Class Initialized
INFO - 2024-10-02 20:20:50 --> Loader Class Initialized
INFO - 2024-10-02 20:20:50 --> Helper loaded: url_helper
INFO - 2024-10-02 20:20:50 --> Database Driver Class Initialized
INFO - 2024-10-02 20:20:50 --> Controller Class Initialized
INFO - 2024-10-02 20:20:50 --> Model "Mconfigkey" initialized
INFO - 2024-10-02 20:20:50 --> Final output sent to browser
DEBUG - 2024-10-02 20:20:50 --> Total execution time: 0.0215
