INFO - 2025-01-03 02:06:43 --> Config Class Initialized
INFO - 2025-01-03 02:06:43 --> Hooks Class Initialized
DEBUG - 2025-01-03 02:06:43 --> UTF-8 Support Enabled
INFO - 2025-01-03 02:06:43 --> Utf8 Class Initialized
INFO - 2025-01-03 02:06:43 --> URI Class Initialized
INFO - 2025-01-03 02:06:43 --> Router Class Initialized
INFO - 2025-01-03 02:06:43 --> Output Class Initialized
INFO - 2025-01-03 02:06:43 --> Security Class Initialized
DEBUG - 2025-01-03 02:06:43 --> Global POST, GET and COOKIE data sanitized
INFO - 2025-01-03 02:06:43 --> Input Class Initialized
INFO - 2025-01-03 02:06:43 --> Language Class Initialized
INFO - 2025-01-03 02:06:43 --> Loader Class Initialized
INFO - 2025-01-03 02:06:43 --> Helper loaded: url_helper
INFO - 2025-01-03 02:06:43 --> Database Driver Class Initialized
INFO - 2025-01-03 02:06:43 --> Controller Class Initialized
INFO - 2025-01-03 02:06:43 --> Model "Mconfigkey" initialized
INFO - 2025-01-03 02:06:43 --> Final output sent to browser
DEBUG - 2025-01-03 02:06:43 --> Total execution time: 0.0228
INFO - 2025-01-03 09:16:34 --> Config Class Initialized
INFO - 2025-01-03 09:16:34 --> Hooks Class Initialized
DEBUG - 2025-01-03 09:16:34 --> UTF-8 Support Enabled
INFO - 2025-01-03 09:16:34 --> Utf8 Class Initialized
INFO - 2025-01-03 09:16:34 --> URI Class Initialized
INFO - 2025-01-03 09:16:34 --> Router Class Initialized
INFO - 2025-01-03 09:16:34 --> Output Class Initialized
INFO - 2025-01-03 09:16:34 --> Security Class Initialized
DEBUG - 2025-01-03 09:16:34 --> Global POST, GET and COOKIE data sanitized
INFO - 2025-01-03 09:16:34 --> Input Class Initialized
INFO - 2025-01-03 09:16:34 --> Language Class Initialized
INFO - 2025-01-03 09:16:34 --> Loader Class Initialized
INFO - 2025-01-03 09:16:34 --> Helper loaded: url_helper
INFO - 2025-01-03 09:16:34 --> Database Driver Class Initialized
INFO - 2025-01-03 09:16:34 --> Controller Class Initialized
INFO - 2025-01-03 09:16:34 --> Model "Mconfigkey" initialized
INFO - 2025-01-03 09:16:34 --> Final output sent to browser
DEBUG - 2025-01-03 09:16:34 --> Total execution time: 0.0257
INFO - 2025-01-03 11:14:29 --> Config Class Initialized
INFO - 2025-01-03 11:14:29 --> Hooks Class Initialized
DEBUG - 2025-01-03 11:14:29 --> UTF-8 Support Enabled
INFO - 2025-01-03 11:14:29 --> Utf8 Class Initialized
INFO - 2025-01-03 11:14:29 --> URI Class Initialized
INFO - 2025-01-03 11:14:29 --> Router Class Initialized
INFO - 2025-01-03 11:14:29 --> Output Class Initialized
INFO - 2025-01-03 11:14:29 --> Security Class Initialized
DEBUG - 2025-01-03 11:14:29 --> Global POST, GET and COOKIE data sanitized
INFO - 2025-01-03 11:14:29 --> Input Class Initialized
INFO - 2025-01-03 11:14:29 --> Language Class Initialized
INFO - 2025-01-03 11:14:29 --> Loader Class Initialized
INFO - 2025-01-03 11:14:29 --> Helper loaded: url_helper
INFO - 2025-01-03 11:14:29 --> Database Driver Class Initialized
INFO - 2025-01-03 11:14:29 --> Controller Class Initialized
INFO - 2025-01-03 11:14:29 --> Model "Mconfigkey" initialized
INFO - 2025-01-03 11:14:29 --> Final output sent to browser
DEBUG - 2025-01-03 11:14:29 --> Total execution time: 0.0250
