INFO - 2024-02-12 07:46:09 --> Config Class Initialized
INFO - 2024-02-12 07:46:09 --> Hooks Class Initialized
DEBUG - 2024-02-12 07:46:09 --> UTF-8 Support Enabled
INFO - 2024-02-12 07:46:09 --> Utf8 Class Initialized
INFO - 2024-02-12 07:46:09 --> URI Class Initialized
INFO - 2024-02-12 07:46:09 --> Router Class Initialized
INFO - 2024-02-12 07:46:09 --> Output Class Initialized
INFO - 2024-02-12 07:46:09 --> Security Class Initialized
DEBUG - 2024-02-12 07:46:09 --> Global POST, GET and COOKIE data sanitized
INFO - 2024-02-12 07:46:09 --> Input Class Initialized
INFO - 2024-02-12 07:46:09 --> Language Class Initialized
INFO - 2024-02-12 07:46:09 --> Loader Class Initialized
INFO - 2024-02-12 07:46:09 --> Helper loaded: url_helper
INFO - 2024-02-12 07:46:09 --> Database Driver Class Initialized
INFO - 2024-02-12 07:46:09 --> Controller Class Initialized
INFO - 2024-02-12 07:46:09 --> Model "Mauth" initialized
INFO - 2024-02-12 07:46:09 --> Model "Mconfigkey" initialized
INFO - 2024-02-12 07:46:09 --> Final output sent to browser
DEBUG - 2024-02-12 07:46:09 --> Total execution time: 0.2089
INFO - 2024-02-12 07:46:13 --> Config Class Initialized
INFO - 2024-02-12 07:46:13 --> Hooks Class Initialized
DEBUG - 2024-02-12 07:46:13 --> UTF-8 Support Enabled
INFO - 2024-02-12 07:46:13 --> Utf8 Class Initialized
INFO - 2024-02-12 07:46:13 --> URI Class Initialized
INFO - 2024-02-12 07:46:13 --> Router Class Initialized
INFO - 2024-02-12 07:46:13 --> Output Class Initialized
INFO - 2024-02-12 07:46:13 --> Security Class Initialized
DEBUG - 2024-02-12 07:46:13 --> Global POST, GET and COOKIE data sanitized
INFO - 2024-02-12 07:46:13 --> Input Class Initialized
INFO - 2024-02-12 07:46:13 --> Language Class Initialized
INFO - 2024-02-12 07:46:13 --> Loader Class Initialized
INFO - 2024-02-12 07:46:13 --> Helper loaded: url_helper
INFO - 2024-02-12 07:46:13 --> Database Driver Class Initialized
INFO - 2024-02-12 07:46:13 --> Controller Class Initialized
INFO - 2024-02-12 07:46:13 --> Model "Mconfigkey" initialized
INFO - 2024-02-12 07:46:13 --> Model "Mportal_data" initialized
INFO - 2024-02-12 07:46:13 --> Final output sent to browser
DEBUG - 2024-02-12 07:46:13 --> Total execution time: 0.2908
INFO - 2024-02-12 07:46:16 --> Config Class Initialized
INFO - 2024-02-12 07:46:16 --> Hooks Class Initialized
DEBUG - 2024-02-12 07:46:16 --> UTF-8 Support Enabled
INFO - 2024-02-12 07:46:16 --> Utf8 Class Initialized
INFO - 2024-02-12 07:46:16 --> URI Class Initialized
INFO - 2024-02-12 07:46:16 --> Router Class Initialized
INFO - 2024-02-12 07:46:16 --> Output Class Initialized
INFO - 2024-02-12 07:46:16 --> Security Class Initialized
DEBUG - 2024-02-12 07:46:16 --> Global POST, GET and COOKIE data sanitized
INFO - 2024-02-12 07:46:16 --> Input Class Initialized
INFO - 2024-02-12 07:46:16 --> Language Class Initialized
INFO - 2024-02-12 07:46:16 --> Loader Class Initialized
INFO - 2024-02-12 07:46:16 --> Helper loaded: url_helper
INFO - 2024-02-12 07:46:16 --> Database Driver Class Initialized
INFO - 2024-02-12 07:46:16 --> Controller Class Initialized
INFO - 2024-02-12 07:46:16 --> Model "Mconfigkey" initialized
INFO - 2024-02-12 07:46:16 --> Model "Mportal_data" initialized
INFO - 2024-02-12 07:46:16 --> Final output sent to browser
DEBUG - 2024-02-12 07:46:16 --> Total execution time: 0.1813
INFO - 2024-02-12 07:46:19 --> Config Class Initialized
INFO - 2024-02-12 07:46:19 --> Hooks Class Initialized
DEBUG - 2024-02-12 07:46:19 --> UTF-8 Support Enabled
INFO - 2024-02-12 07:46:19 --> Utf8 Class Initialized
INFO - 2024-02-12 07:46:19 --> URI Class Initialized
INFO - 2024-02-12 07:46:19 --> Router Class Initialized
INFO - 2024-02-12 07:46:19 --> Output Class Initialized
INFO - 2024-02-12 07:46:19 --> Security Class Initialized
DEBUG - 2024-02-12 07:46:19 --> Global POST, GET and COOKIE data sanitized
INFO - 2024-02-12 07:46:19 --> Input Class Initialized
INFO - 2024-02-12 07:46:19 --> Language Class Initialized
INFO - 2024-02-12 07:46:19 --> Loader Class Initialized
INFO - 2024-02-12 07:46:19 --> Helper loaded: url_helper
INFO - 2024-02-12 07:46:19 --> Database Driver Class Initialized
INFO - 2024-02-12 07:46:19 --> Controller Class Initialized
INFO - 2024-02-12 07:46:19 --> Model "Mconfigkey" initialized
INFO - 2024-02-12 07:46:19 --> Model "Mportal_data" initialized
ERROR - 2024-02-12 07:46:22 --> Severity: error --> Exception: Call to undefined method CI_DB_sqlsrv_result::count_all_results() C:\xampp\htdocs\plb\dummyservice\application\models\Mportal_data.php 1535
INFO - 2024-02-12 07:47:58 --> Config Class Initialized
INFO - 2024-02-12 07:47:58 --> Hooks Class Initialized
DEBUG - 2024-02-12 07:47:58 --> UTF-8 Support Enabled
INFO - 2024-02-12 07:47:58 --> Utf8 Class Initialized
INFO - 2024-02-12 07:47:58 --> URI Class Initialized
INFO - 2024-02-12 07:47:58 --> Router Class Initialized
INFO - 2024-02-12 07:47:58 --> Output Class Initialized
INFO - 2024-02-12 07:47:58 --> Security Class Initialized
DEBUG - 2024-02-12 07:47:58 --> Global POST, GET and COOKIE data sanitized
INFO - 2024-02-12 07:47:58 --> Input Class Initialized
INFO - 2024-02-12 07:47:58 --> Language Class Initialized
INFO - 2024-02-12 07:47:58 --> Loader Class Initialized
INFO - 2024-02-12 07:47:58 --> Helper loaded: url_helper
INFO - 2024-02-12 07:47:58 --> Database Driver Class Initialized
INFO - 2024-02-12 07:47:58 --> Controller Class Initialized
INFO - 2024-02-12 07:47:58 --> Model "Mconfigkey" initialized
INFO - 2024-02-12 07:47:58 --> Final output sent to browser
DEBUG - 2024-02-12 07:47:58 --> Total execution time: 0.1264
INFO - 2024-02-12 07:48:01 --> Config Class Initialized
INFO - 2024-02-12 07:48:01 --> Hooks Class Initialized
DEBUG - 2024-02-12 07:48:01 --> UTF-8 Support Enabled
INFO - 2024-02-12 07:48:01 --> Utf8 Class Initialized
INFO - 2024-02-12 07:48:01 --> URI Class Initialized
INFO - 2024-02-12 07:48:01 --> Router Class Initialized
INFO - 2024-02-12 07:48:01 --> Output Class Initialized
INFO - 2024-02-12 07:48:01 --> Security Class Initialized
DEBUG - 2024-02-12 07:48:01 --> Global POST, GET and COOKIE data sanitized
INFO - 2024-02-12 07:48:01 --> Input Class Initialized
INFO - 2024-02-12 07:48:01 --> Language Class Initialized
INFO - 2024-02-12 07:48:01 --> Loader Class Initialized
INFO - 2024-02-12 07:48:01 --> Helper loaded: url_helper
INFO - 2024-02-12 07:48:01 --> Database Driver Class Initialized
INFO - 2024-02-12 07:48:01 --> Controller Class Initialized
INFO - 2024-02-12 07:48:01 --> Model "Mconfigkey" initialized
INFO - 2024-02-12 07:48:01 --> Model "Mportal_data" initialized
INFO - 2024-02-12 07:48:01 --> Final output sent to browser
DEBUG - 2024-02-12 07:48:01 --> Total execution time: 0.2716
INFO - 2024-02-12 07:48:02 --> Config Class Initialized
INFO - 2024-02-12 07:48:02 --> Hooks Class Initialized
DEBUG - 2024-02-12 07:48:02 --> UTF-8 Support Enabled
INFO - 2024-02-12 07:48:02 --> Utf8 Class Initialized
INFO - 2024-02-12 07:48:02 --> URI Class Initialized
INFO - 2024-02-12 07:48:02 --> Router Class Initialized
INFO - 2024-02-12 07:48:02 --> Output Class Initialized
INFO - 2024-02-12 07:48:02 --> Security Class Initialized
DEBUG - 2024-02-12 07:48:02 --> Global POST, GET and COOKIE data sanitized
INFO - 2024-02-12 07:48:02 --> Input Class Initialized
INFO - 2024-02-12 07:48:02 --> Language Class Initialized
INFO - 2024-02-12 07:48:02 --> Loader Class Initialized
INFO - 2024-02-12 07:48:02 --> Helper loaded: url_helper
INFO - 2024-02-12 07:48:02 --> Database Driver Class Initialized
INFO - 2024-02-12 07:48:02 --> Controller Class Initialized
INFO - 2024-02-12 07:48:02 --> Model "Mconfigkey" initialized
INFO - 2024-02-12 07:48:02 --> Model "Mportal_data" initialized
INFO - 2024-02-12 07:48:03 --> Final output sent to browser
DEBUG - 2024-02-12 07:48:03 --> Total execution time: 0.1838
INFO - 2024-02-12 07:49:02 --> Config Class Initialized
INFO - 2024-02-12 07:49:02 --> Hooks Class Initialized
DEBUG - 2024-02-12 07:49:02 --> UTF-8 Support Enabled
INFO - 2024-02-12 07:49:02 --> Utf8 Class Initialized
INFO - 2024-02-12 07:49:02 --> URI Class Initialized
INFO - 2024-02-12 07:49:02 --> Router Class Initialized
INFO - 2024-02-12 07:49:02 --> Output Class Initialized
INFO - 2024-02-12 07:49:02 --> Security Class Initialized
DEBUG - 2024-02-12 07:49:02 --> Global POST, GET and COOKIE data sanitized
INFO - 2024-02-12 07:49:02 --> Input Class Initialized
INFO - 2024-02-12 07:49:02 --> Language Class Initialized
INFO - 2024-02-12 07:49:02 --> Loader Class Initialized
INFO - 2024-02-12 07:49:02 --> Helper loaded: url_helper
INFO - 2024-02-12 07:49:02 --> Database Driver Class Initialized
INFO - 2024-02-12 07:49:02 --> Controller Class Initialized
INFO - 2024-02-12 07:49:02 --> Model "Mconfigkey" initialized
INFO - 2024-02-12 07:49:02 --> Final output sent to browser
DEBUG - 2024-02-12 07:49:02 --> Total execution time: 0.1271
INFO - 2024-02-12 07:56:56 --> Config Class Initialized
INFO - 2024-02-12 07:56:56 --> Hooks Class Initialized
DEBUG - 2024-02-12 07:56:56 --> UTF-8 Support Enabled
INFO - 2024-02-12 07:56:56 --> Utf8 Class Initialized
INFO - 2024-02-12 07:56:56 --> URI Class Initialized
INFO - 2024-02-12 07:56:56 --> Router Class Initialized
INFO - 2024-02-12 07:56:56 --> Output Class Initialized
INFO - 2024-02-12 07:56:56 --> Security Class Initialized
DEBUG - 2024-02-12 07:56:56 --> Global POST, GET and COOKIE data sanitized
INFO - 2024-02-12 07:56:56 --> Input Class Initialized
INFO - 2024-02-12 07:56:56 --> Language Class Initialized
INFO - 2024-02-12 07:56:56 --> Loader Class Initialized
INFO - 2024-02-12 07:56:56 --> Helper loaded: url_helper
INFO - 2024-02-12 07:56:56 --> Database Driver Class Initialized
INFO - 2024-02-12 07:56:56 --> Controller Class Initialized
INFO - 2024-02-12 07:56:56 --> Model "Mconfigkey" initialized
INFO - 2024-02-12 07:56:56 --> Model "Mportal_data" initialized
INFO - 2024-02-12 07:56:56 --> Final output sent to browser
DEBUG - 2024-02-12 07:56:56 --> Total execution time: 0.2846
INFO - 2024-02-12 07:56:59 --> Config Class Initialized
INFO - 2024-02-12 07:56:59 --> Hooks Class Initialized
DEBUG - 2024-02-12 07:56:59 --> UTF-8 Support Enabled
INFO - 2024-02-12 07:56:59 --> Utf8 Class Initialized
INFO - 2024-02-12 07:56:59 --> URI Class Initialized
INFO - 2024-02-12 07:56:59 --> Router Class Initialized
INFO - 2024-02-12 07:56:59 --> Output Class Initialized
INFO - 2024-02-12 07:56:59 --> Security Class Initialized
DEBUG - 2024-02-12 07:56:59 --> Global POST, GET and COOKIE data sanitized
INFO - 2024-02-12 07:56:59 --> Input Class Initialized
INFO - 2024-02-12 07:56:59 --> Language Class Initialized
INFO - 2024-02-12 07:56:59 --> Loader Class Initialized
INFO - 2024-02-12 07:56:59 --> Helper loaded: url_helper
INFO - 2024-02-12 07:56:59 --> Database Driver Class Initialized
INFO - 2024-02-12 07:56:59 --> Controller Class Initialized
INFO - 2024-02-12 07:56:59 --> Model "Mconfigkey" initialized
INFO - 2024-02-12 07:56:59 --> Model "Mportal_data" initialized
INFO - 2024-02-12 07:56:59 --> Final output sent to browser
DEBUG - 2024-02-12 07:56:59 --> Total execution time: 0.1800
INFO - 2024-02-12 07:57:03 --> Config Class Initialized
INFO - 2024-02-12 07:57:03 --> Hooks Class Initialized
DEBUG - 2024-02-12 07:57:03 --> UTF-8 Support Enabled
INFO - 2024-02-12 07:57:03 --> Utf8 Class Initialized
INFO - 2024-02-12 07:57:03 --> URI Class Initialized
INFO - 2024-02-12 07:57:03 --> Router Class Initialized
INFO - 2024-02-12 07:57:03 --> Output Class Initialized
INFO - 2024-02-12 07:57:03 --> Security Class Initialized
DEBUG - 2024-02-12 07:57:03 --> Global POST, GET and COOKIE data sanitized
INFO - 2024-02-12 07:57:03 --> Input Class Initialized
INFO - 2024-02-12 07:57:03 --> Language Class Initialized
INFO - 2024-02-12 07:57:03 --> Loader Class Initialized
INFO - 2024-02-12 07:57:03 --> Helper loaded: url_helper
INFO - 2024-02-12 07:57:03 --> Database Driver Class Initialized
INFO - 2024-02-12 07:57:03 --> Controller Class Initialized
INFO - 2024-02-12 07:57:03 --> Model "Mconfigkey" initialized
INFO - 2024-02-12 07:57:03 --> Final output sent to browser
DEBUG - 2024-02-12 07:57:03 --> Total execution time: 0.1318
INFO - 2024-02-12 07:57:06 --> Config Class Initialized
INFO - 2024-02-12 07:57:06 --> Hooks Class Initialized
DEBUG - 2024-02-12 07:57:06 --> UTF-8 Support Enabled
INFO - 2024-02-12 07:57:06 --> Utf8 Class Initialized
INFO - 2024-02-12 07:57:06 --> URI Class Initialized
INFO - 2024-02-12 07:57:06 --> Router Class Initialized
INFO - 2024-02-12 07:57:06 --> Output Class Initialized
INFO - 2024-02-12 07:57:06 --> Security Class Initialized
DEBUG - 2024-02-12 07:57:06 --> Global POST, GET and COOKIE data sanitized
INFO - 2024-02-12 07:57:06 --> Input Class Initialized
INFO - 2024-02-12 07:57:06 --> Language Class Initialized
INFO - 2024-02-12 07:57:06 --> Loader Class Initialized
INFO - 2024-02-12 07:57:06 --> Helper loaded: url_helper
INFO - 2024-02-12 07:57:06 --> Database Driver Class Initialized
INFO - 2024-02-12 07:57:06 --> Controller Class Initialized
INFO - 2024-02-12 07:57:06 --> Model "Mconfigkey" initialized
INFO - 2024-02-12 07:57:06 --> Model "Mportal_data" initialized
INFO - 2024-02-12 07:57:06 --> Final output sent to browser
DEBUG - 2024-02-12 07:57:06 --> Total execution time: 0.2897
INFO - 2024-02-12 07:57:32 --> Config Class Initialized
INFO - 2024-02-12 07:57:32 --> Hooks Class Initialized
DEBUG - 2024-02-12 07:57:32 --> UTF-8 Support Enabled
INFO - 2024-02-12 07:57:32 --> Utf8 Class Initialized
INFO - 2024-02-12 07:57:32 --> URI Class Initialized
INFO - 2024-02-12 07:57:32 --> Router Class Initialized
INFO - 2024-02-12 07:57:32 --> Output Class Initialized
INFO - 2024-02-12 07:57:32 --> Security Class Initialized
DEBUG - 2024-02-12 07:57:32 --> Global POST, GET and COOKIE data sanitized
INFO - 2024-02-12 07:57:32 --> Input Class Initialized
INFO - 2024-02-12 07:57:32 --> Language Class Initialized
INFO - 2024-02-12 07:57:32 --> Loader Class Initialized
INFO - 2024-02-12 07:57:32 --> Helper loaded: url_helper
INFO - 2024-02-12 07:57:32 --> Database Driver Class Initialized
INFO - 2024-02-12 07:57:32 --> Controller Class Initialized
INFO - 2024-02-12 07:57:32 --> Model "Mconfigkey" initialized
INFO - 2024-02-12 07:57:32 --> Final output sent to browser
DEBUG - 2024-02-12 07:57:32 --> Total execution time: 0.1345
INFO - 2024-02-12 07:57:35 --> Config Class Initialized
INFO - 2024-02-12 07:57:35 --> Hooks Class Initialized
DEBUG - 2024-02-12 07:57:35 --> UTF-8 Support Enabled
INFO - 2024-02-12 07:57:35 --> Utf8 Class Initialized
INFO - 2024-02-12 07:57:35 --> URI Class Initialized
INFO - 2024-02-12 07:57:35 --> Router Class Initialized
INFO - 2024-02-12 07:57:35 --> Output Class Initialized
INFO - 2024-02-12 07:57:35 --> Security Class Initialized
DEBUG - 2024-02-12 07:57:35 --> Global POST, GET and COOKIE data sanitized
INFO - 2024-02-12 07:57:35 --> Input Class Initialized
INFO - 2024-02-12 07:57:35 --> Language Class Initialized
INFO - 2024-02-12 07:57:35 --> Loader Class Initialized
INFO - 2024-02-12 07:57:35 --> Helper loaded: url_helper
INFO - 2024-02-12 07:57:35 --> Database Driver Class Initialized
INFO - 2024-02-12 07:57:35 --> Controller Class Initialized
INFO - 2024-02-12 07:57:35 --> Model "Mconfigkey" initialized
INFO - 2024-02-12 07:57:35 --> Model "Mportal_data" initialized
INFO - 2024-02-12 07:57:35 --> Final output sent to browser
DEBUG - 2024-02-12 07:57:35 --> Total execution time: 0.3089
INFO - 2024-02-12 08:07:49 --> Config Class Initialized
INFO - 2024-02-12 08:07:49 --> Hooks Class Initialized
DEBUG - 2024-02-12 08:07:49 --> UTF-8 Support Enabled
INFO - 2024-02-12 08:07:49 --> Utf8 Class Initialized
INFO - 2024-02-12 08:07:49 --> URI Class Initialized
INFO - 2024-02-12 08:07:49 --> Router Class Initialized
INFO - 2024-02-12 08:07:49 --> Output Class Initialized
INFO - 2024-02-12 08:07:49 --> Security Class Initialized
DEBUG - 2024-02-12 08:07:49 --> Global POST, GET and COOKIE data sanitized
INFO - 2024-02-12 08:07:49 --> Input Class Initialized
INFO - 2024-02-12 08:07:49 --> Language Class Initialized
INFO - 2024-02-12 08:07:49 --> Loader Class Initialized
INFO - 2024-02-12 08:07:49 --> Helper loaded: url_helper
INFO - 2024-02-12 08:07:49 --> Database Driver Class Initialized
INFO - 2024-02-12 08:07:50 --> Controller Class Initialized
INFO - 2024-02-12 08:07:50 --> Model "Mconfigkey" initialized
INFO - 2024-02-12 08:07:50 --> Model "Mportal_data" initialized
INFO - 2024-02-12 08:07:50 --> Final output sent to browser
DEBUG - 2024-02-12 08:07:50 --> Total execution time: 0.1891
