INFO - 2024-12-16 19:32:10 --> Config Class Initialized
INFO - 2024-12-16 19:32:10 --> Hooks Class Initialized
DEBUG - 2024-12-16 19:32:10 --> UTF-8 Support Enabled
INFO - 2024-12-16 19:32:10 --> Utf8 Class Initialized
INFO - 2024-12-16 19:32:10 --> URI Class Initialized
INFO - 2024-12-16 19:32:10 --> Router Class Initialized
INFO - 2024-12-16 19:32:10 --> Output Class Initialized
INFO - 2024-12-16 19:32:10 --> Security Class Initialized
DEBUG - 2024-12-16 19:32:10 --> Global POST, GET and COOKIE data sanitized
INFO - 2024-12-16 19:32:10 --> Input Class Initialized
INFO - 2024-12-16 19:32:10 --> Language Class Initialized
INFO - 2024-12-16 19:32:10 --> Loader Class Initialized
INFO - 2024-12-16 19:32:10 --> Helper loaded: url_helper
INFO - 2024-12-16 19:32:10 --> Database Driver Class Initialized
INFO - 2024-12-16 19:32:10 --> Controller Class Initialized
INFO - 2024-12-16 19:32:10 --> Model "Mconfigkey" initialized
INFO - 2024-12-16 19:32:10 --> Final output sent to browser
DEBUG - 2024-12-16 19:32:10 --> Total execution time: 0.5218
INFO - 2024-12-16 19:32:18 --> Config Class Initialized
INFO - 2024-12-16 19:32:18 --> Hooks Class Initialized
DEBUG - 2024-12-16 19:32:18 --> UTF-8 Support Enabled
INFO - 2024-12-16 19:32:18 --> Utf8 Class Initialized
INFO - 2024-12-16 19:32:18 --> URI Class Initialized
INFO - 2024-12-16 19:32:18 --> Router Class Initialized
INFO - 2024-12-16 19:32:18 --> Output Class Initialized
INFO - 2024-12-16 19:32:18 --> Security Class Initialized
DEBUG - 2024-12-16 19:32:18 --> Global POST, GET and COOKIE data sanitized
INFO - 2024-12-16 19:32:18 --> Input Class Initialized
INFO - 2024-12-16 19:32:18 --> Language Class Initialized
INFO - 2024-12-16 19:32:18 --> Loader Class Initialized
INFO - 2024-12-16 19:32:18 --> Helper loaded: url_helper
INFO - 2024-12-16 19:32:18 --> Database Driver Class Initialized
INFO - 2024-12-16 19:32:18 --> Controller Class Initialized
INFO - 2024-12-16 19:32:18 --> Model "Mauth" initialized
INFO - 2024-12-16 19:32:18 --> Model "Mconfigkey" initialized
INFO - 2024-12-16 19:32:18 --> Final output sent to browser
DEBUG - 2024-12-16 19:32:18 --> Total execution time: 0.0376
INFO - 2024-12-16 19:32:21 --> Config Class Initialized
INFO - 2024-12-16 19:32:21 --> Hooks Class Initialized
DEBUG - 2024-12-16 19:32:21 --> UTF-8 Support Enabled
INFO - 2024-12-16 19:32:21 --> Utf8 Class Initialized
INFO - 2024-12-16 19:32:21 --> URI Class Initialized
INFO - 2024-12-16 19:32:21 --> Router Class Initialized
INFO - 2024-12-16 19:32:21 --> Output Class Initialized
INFO - 2024-12-16 19:32:21 --> Security Class Initialized
DEBUG - 2024-12-16 19:32:21 --> Global POST, GET and COOKIE data sanitized
INFO - 2024-12-16 19:32:21 --> Input Class Initialized
INFO - 2024-12-16 19:32:21 --> Language Class Initialized
INFO - 2024-12-16 19:32:21 --> Loader Class Initialized
INFO - 2024-12-16 19:32:21 --> Helper loaded: url_helper
INFO - 2024-12-16 19:32:21 --> Database Driver Class Initialized
INFO - 2024-12-16 19:32:21 --> Controller Class Initialized
INFO - 2024-12-16 19:32:21 --> Model "Mconfigkey" initialized
INFO - 2024-12-16 19:32:21 --> Model "Mgoods_in" initialized
INFO - 2024-12-16 19:32:21 --> Final output sent to browser
DEBUG - 2024-12-16 19:32:21 --> Total execution time: 0.0446
INFO - 2024-12-16 19:32:28 --> Config Class Initialized
INFO - 2024-12-16 19:32:28 --> Hooks Class Initialized
DEBUG - 2024-12-16 19:32:28 --> UTF-8 Support Enabled
INFO - 2024-12-16 19:32:28 --> Utf8 Class Initialized
INFO - 2024-12-16 19:32:28 --> URI Class Initialized
INFO - 2024-12-16 19:32:28 --> Router Class Initialized
INFO - 2024-12-16 19:32:28 --> Output Class Initialized
INFO - 2024-12-16 19:32:28 --> Security Class Initialized
DEBUG - 2024-12-16 19:32:28 --> Global POST, GET and COOKIE data sanitized
INFO - 2024-12-16 19:32:28 --> Input Class Initialized
INFO - 2024-12-16 19:32:28 --> Language Class Initialized
INFO - 2024-12-16 19:32:28 --> Loader Class Initialized
INFO - 2024-12-16 19:32:28 --> Helper loaded: url_helper
INFO - 2024-12-16 19:32:28 --> Database Driver Class Initialized
INFO - 2024-12-16 19:32:28 --> Controller Class Initialized
INFO - 2024-12-16 19:32:28 --> Model "Mconfigkey" initialized
INFO - 2024-12-16 19:32:28 --> Model "Mportal_data" initialized
INFO - 2024-12-16 19:32:28 --> Final output sent to browser
DEBUG - 2024-12-16 19:32:28 --> Total execution time: 0.0494
INFO - 2024-12-16 19:32:32 --> Config Class Initialized
INFO - 2024-12-16 19:32:32 --> Hooks Class Initialized
DEBUG - 2024-12-16 19:32:32 --> UTF-8 Support Enabled
INFO - 2024-12-16 19:32:32 --> Utf8 Class Initialized
INFO - 2024-12-16 19:32:32 --> URI Class Initialized
INFO - 2024-12-16 19:32:32 --> Router Class Initialized
INFO - 2024-12-16 19:32:32 --> Output Class Initialized
INFO - 2024-12-16 19:32:32 --> Security Class Initialized
DEBUG - 2024-12-16 19:32:32 --> Global POST, GET and COOKIE data sanitized
INFO - 2024-12-16 19:32:32 --> Input Class Initialized
INFO - 2024-12-16 19:32:32 --> Language Class Initialized
INFO - 2024-12-16 19:32:32 --> Loader Class Initialized
INFO - 2024-12-16 19:32:32 --> Helper loaded: url_helper
INFO - 2024-12-16 19:32:32 --> Database Driver Class Initialized
INFO - 2024-12-16 19:32:32 --> Controller Class Initialized
INFO - 2024-12-16 19:32:32 --> Model "Mconfigkey" initialized
INFO - 2024-12-16 19:32:32 --> Model "Msync_doc_aw" initialized
INFO - 2024-12-16 19:32:32 --> Final output sent to browser
DEBUG - 2024-12-16 19:32:32 --> Total execution time: 0.0901
INFO - 2024-12-16 19:32:34 --> Config Class Initialized
INFO - 2024-12-16 19:32:34 --> Hooks Class Initialized
DEBUG - 2024-12-16 19:32:34 --> UTF-8 Support Enabled
INFO - 2024-12-16 19:32:34 --> Utf8 Class Initialized
INFO - 2024-12-16 19:32:34 --> URI Class Initialized
INFO - 2024-12-16 19:32:34 --> Router Class Initialized
INFO - 2024-12-16 19:32:34 --> Output Class Initialized
INFO - 2024-12-16 19:32:34 --> Security Class Initialized
DEBUG - 2024-12-16 19:32:34 --> Global POST, GET and COOKIE data sanitized
INFO - 2024-12-16 19:32:34 --> Input Class Initialized
INFO - 2024-12-16 19:32:34 --> Language Class Initialized
INFO - 2024-12-16 19:32:34 --> Loader Class Initialized
INFO - 2024-12-16 19:32:34 --> Helper loaded: url_helper
INFO - 2024-12-16 19:32:34 --> Database Driver Class Initialized
INFO - 2024-12-16 19:32:34 --> Controller Class Initialized
INFO - 2024-12-16 19:32:34 --> Model "Mconfigkey" initialized
INFO - 2024-12-16 19:32:34 --> Model "Mportal_data" initialized
INFO - 2024-12-16 19:32:34 --> Final output sent to browser
DEBUG - 2024-12-16 19:32:34 --> Total execution time: 0.0255
INFO - 2024-12-16 19:32:41 --> Config Class Initialized
INFO - 2024-12-16 19:32:41 --> Hooks Class Initialized
DEBUG - 2024-12-16 19:32:41 --> UTF-8 Support Enabled
INFO - 2024-12-16 19:32:41 --> Utf8 Class Initialized
INFO - 2024-12-16 19:32:41 --> URI Class Initialized
INFO - 2024-12-16 19:32:41 --> Router Class Initialized
INFO - 2024-12-16 19:32:41 --> Output Class Initialized
INFO - 2024-12-16 19:32:41 --> Security Class Initialized
DEBUG - 2024-12-16 19:32:41 --> Global POST, GET and COOKIE data sanitized
INFO - 2024-12-16 19:32:41 --> Input Class Initialized
INFO - 2024-12-16 19:32:41 --> Language Class Initialized
INFO - 2024-12-16 19:32:41 --> Loader Class Initialized
INFO - 2024-12-16 19:32:41 --> Helper loaded: url_helper
INFO - 2024-12-16 19:32:41 --> Database Driver Class Initialized
INFO - 2024-12-16 19:32:41 --> Controller Class Initialized
INFO - 2024-12-16 19:32:41 --> Model "Mconfigkey" initialized
INFO - 2024-12-16 19:32:41 --> Model "Mportal_data" initialized
INFO - 2024-12-16 19:32:41 --> Final output sent to browser
DEBUG - 2024-12-16 19:32:41 --> Total execution time: 0.0648
INFO - 2024-12-16 19:36:41 --> Config Class Initialized
INFO - 2024-12-16 19:36:41 --> Hooks Class Initialized
DEBUG - 2024-12-16 19:36:41 --> UTF-8 Support Enabled
INFO - 2024-12-16 19:36:41 --> Utf8 Class Initialized
INFO - 2024-12-16 19:36:41 --> URI Class Initialized
INFO - 2024-12-16 19:36:41 --> Router Class Initialized
INFO - 2024-12-16 19:36:41 --> Output Class Initialized
INFO - 2024-12-16 19:36:41 --> Security Class Initialized
DEBUG - 2024-12-16 19:36:41 --> Global POST, GET and COOKIE data sanitized
INFO - 2024-12-16 19:36:41 --> Input Class Initialized
INFO - 2024-12-16 19:36:41 --> Language Class Initialized
INFO - 2024-12-16 19:36:41 --> Loader Class Initialized
INFO - 2024-12-16 19:36:41 --> Helper loaded: url_helper
INFO - 2024-12-16 19:36:41 --> Database Driver Class Initialized
INFO - 2024-12-16 19:36:41 --> Controller Class Initialized
INFO - 2024-12-16 19:36:41 --> Model "Mconfigkey" initialized
INFO - 2024-12-16 19:36:41 --> Model "Mportal_data" initialized
INFO - 2024-12-16 19:36:41 --> Final output sent to browser
DEBUG - 2024-12-16 19:36:41 --> Total execution time: 0.0349
INFO - 2024-12-16 19:36:46 --> Config Class Initialized
INFO - 2024-12-16 19:36:46 --> Hooks Class Initialized
DEBUG - 2024-12-16 19:36:46 --> UTF-8 Support Enabled
INFO - 2024-12-16 19:36:46 --> Utf8 Class Initialized
INFO - 2024-12-16 19:36:46 --> URI Class Initialized
INFO - 2024-12-16 19:36:46 --> Router Class Initialized
INFO - 2024-12-16 19:36:46 --> Output Class Initialized
INFO - 2024-12-16 19:36:46 --> Security Class Initialized
DEBUG - 2024-12-16 19:36:46 --> Global POST, GET and COOKIE data sanitized
INFO - 2024-12-16 19:36:46 --> Input Class Initialized
INFO - 2024-12-16 19:36:46 --> Language Class Initialized
INFO - 2024-12-16 19:36:46 --> Loader Class Initialized
INFO - 2024-12-16 19:36:46 --> Helper loaded: url_helper
INFO - 2024-12-16 19:36:46 --> Database Driver Class Initialized
INFO - 2024-12-16 19:36:46 --> Controller Class Initialized
INFO - 2024-12-16 19:36:46 --> Model "Mconfigkey" initialized
INFO - 2024-12-16 19:36:46 --> Model "Mportal_data" initialized
INFO - 2024-12-16 19:36:46 --> Final output sent to browser
DEBUG - 2024-12-16 19:36:46 --> Total execution time: 0.0389
INFO - 2024-12-16 19:36:49 --> Config Class Initialized
INFO - 2024-12-16 19:36:49 --> Hooks Class Initialized
DEBUG - 2024-12-16 19:36:49 --> UTF-8 Support Enabled
INFO - 2024-12-16 19:36:49 --> Utf8 Class Initialized
INFO - 2024-12-16 19:36:49 --> URI Class Initialized
INFO - 2024-12-16 19:36:49 --> Router Class Initialized
INFO - 2024-12-16 19:36:49 --> Output Class Initialized
INFO - 2024-12-16 19:36:49 --> Security Class Initialized
DEBUG - 2024-12-16 19:36:49 --> Global POST, GET and COOKIE data sanitized
INFO - 2024-12-16 19:36:49 --> Input Class Initialized
INFO - 2024-12-16 19:36:49 --> Language Class Initialized
INFO - 2024-12-16 19:36:49 --> Loader Class Initialized
INFO - 2024-12-16 19:36:49 --> Helper loaded: url_helper
INFO - 2024-12-16 19:36:49 --> Database Driver Class Initialized
INFO - 2024-12-16 19:36:49 --> Controller Class Initialized
INFO - 2024-12-16 19:36:49 --> Model "Mconfigkey" initialized
INFO - 2024-12-16 19:36:49 --> Model "Mbcin_16" initialized
INFO - 2024-12-16 19:36:49 --> Final output sent to browser
DEBUG - 2024-12-16 19:36:49 --> Total execution time: 0.0318
INFO - 2024-12-16 19:36:52 --> Config Class Initialized
INFO - 2024-12-16 19:36:52 --> Hooks Class Initialized
DEBUG - 2024-12-16 19:36:52 --> UTF-8 Support Enabled
INFO - 2024-12-16 19:36:52 --> Utf8 Class Initialized
INFO - 2024-12-16 19:36:52 --> URI Class Initialized
INFO - 2024-12-16 19:36:52 --> Router Class Initialized
INFO - 2024-12-16 19:36:52 --> Output Class Initialized
INFO - 2024-12-16 19:36:52 --> Security Class Initialized
DEBUG - 2024-12-16 19:36:52 --> Global POST, GET and COOKIE data sanitized
INFO - 2024-12-16 19:36:52 --> Input Class Initialized
INFO - 2024-12-16 19:36:52 --> Language Class Initialized
INFO - 2024-12-16 19:36:52 --> Loader Class Initialized
INFO - 2024-12-16 19:36:52 --> Helper loaded: url_helper
INFO - 2024-12-16 19:36:52 --> Database Driver Class Initialized
INFO - 2024-12-16 19:36:52 --> Controller Class Initialized
INFO - 2024-12-16 19:36:52 --> Model "Mconfigkey" initialized
INFO - 2024-12-16 19:36:52 --> Model "Mbcin_16" initialized
INFO - 2024-12-16 19:36:52 --> Final output sent to browser
DEBUG - 2024-12-16 19:36:52 --> Total execution time: 0.0199
INFO - 2024-12-16 19:36:53 --> Config Class Initialized
INFO - 2024-12-16 19:36:53 --> Hooks Class Initialized
DEBUG - 2024-12-16 19:36:53 --> UTF-8 Support Enabled
INFO - 2024-12-16 19:36:53 --> Utf8 Class Initialized
INFO - 2024-12-16 19:36:53 --> URI Class Initialized
INFO - 2024-12-16 19:36:53 --> Router Class Initialized
INFO - 2024-12-16 19:36:53 --> Output Class Initialized
INFO - 2024-12-16 19:36:53 --> Security Class Initialized
DEBUG - 2024-12-16 19:36:53 --> Global POST, GET and COOKIE data sanitized
INFO - 2024-12-16 19:36:53 --> Input Class Initialized
INFO - 2024-12-16 19:36:53 --> Language Class Initialized
INFO - 2024-12-16 19:36:53 --> Loader Class Initialized
INFO - 2024-12-16 19:36:53 --> Helper loaded: url_helper
INFO - 2024-12-16 19:36:53 --> Database Driver Class Initialized
INFO - 2024-12-16 19:36:53 --> Controller Class Initialized
INFO - 2024-12-16 19:36:53 --> Model "Mconfigkey" initialized
INFO - 2024-12-16 19:36:53 --> Model "Mbcin_271_aw" initialized
INFO - 2024-12-16 19:36:53 --> Final output sent to browser
DEBUG - 2024-12-16 19:36:53 --> Total execution time: 0.0763
INFO - 2024-12-16 19:36:59 --> Config Class Initialized
INFO - 2024-12-16 19:36:59 --> Hooks Class Initialized
DEBUG - 2024-12-16 19:36:59 --> UTF-8 Support Enabled
INFO - 2024-12-16 19:36:59 --> Utf8 Class Initialized
INFO - 2024-12-16 19:36:59 --> URI Class Initialized
INFO - 2024-12-16 19:36:59 --> Router Class Initialized
INFO - 2024-12-16 19:36:59 --> Output Class Initialized
INFO - 2024-12-16 19:36:59 --> Security Class Initialized
DEBUG - 2024-12-16 19:36:59 --> Global POST, GET and COOKIE data sanitized
INFO - 2024-12-16 19:36:59 --> Input Class Initialized
INFO - 2024-12-16 19:36:59 --> Language Class Initialized
INFO - 2024-12-16 19:36:59 --> Loader Class Initialized
INFO - 2024-12-16 19:36:59 --> Helper loaded: url_helper
INFO - 2024-12-16 19:36:59 --> Database Driver Class Initialized
INFO - 2024-12-16 19:36:59 --> Controller Class Initialized
INFO - 2024-12-16 19:36:59 --> Model "Mconfigkey" initialized
INFO - 2024-12-16 19:36:59 --> Model "Mbcout_27" initialized
INFO - 2024-12-16 19:36:59 --> Final output sent to browser
DEBUG - 2024-12-16 19:36:59 --> Total execution time: 0.0294
INFO - 2024-12-16 19:37:01 --> Config Class Initialized
INFO - 2024-12-16 19:37:01 --> Hooks Class Initialized
DEBUG - 2024-12-16 19:37:01 --> UTF-8 Support Enabled
INFO - 2024-12-16 19:37:01 --> Utf8 Class Initialized
INFO - 2024-12-16 19:37:01 --> URI Class Initialized
INFO - 2024-12-16 19:37:01 --> Router Class Initialized
INFO - 2024-12-16 19:37:01 --> Output Class Initialized
INFO - 2024-12-16 19:37:01 --> Security Class Initialized
DEBUG - 2024-12-16 19:37:01 --> Global POST, GET and COOKIE data sanitized
INFO - 2024-12-16 19:37:01 --> Input Class Initialized
INFO - 2024-12-16 19:37:01 --> Language Class Initialized
INFO - 2024-12-16 19:37:01 --> Loader Class Initialized
INFO - 2024-12-16 19:37:01 --> Helper loaded: url_helper
INFO - 2024-12-16 19:37:01 --> Database Driver Class Initialized
INFO - 2024-12-16 19:37:01 --> Controller Class Initialized
INFO - 2024-12-16 19:37:01 --> Model "Mconfigkey" initialized
INFO - 2024-12-16 19:37:01 --> Model "Mbcout_27" initialized
INFO - 2024-12-16 19:37:01 --> Final output sent to browser
DEBUG - 2024-12-16 19:37:01 --> Total execution time: 0.0220
INFO - 2024-12-16 19:37:11 --> Config Class Initialized
INFO - 2024-12-16 19:37:11 --> Hooks Class Initialized
DEBUG - 2024-12-16 19:37:11 --> UTF-8 Support Enabled
INFO - 2024-12-16 19:37:11 --> Utf8 Class Initialized
INFO - 2024-12-16 19:37:11 --> URI Class Initialized
INFO - 2024-12-16 19:37:11 --> Router Class Initialized
INFO - 2024-12-16 19:37:11 --> Output Class Initialized
INFO - 2024-12-16 19:37:11 --> Security Class Initialized
DEBUG - 2024-12-16 19:37:11 --> Global POST, GET and COOKIE data sanitized
INFO - 2024-12-16 19:37:11 --> Input Class Initialized
INFO - 2024-12-16 19:37:11 --> Language Class Initialized
INFO - 2024-12-16 19:37:11 --> Loader Class Initialized
INFO - 2024-12-16 19:37:11 --> Helper loaded: url_helper
INFO - 2024-12-16 19:37:11 --> Database Driver Class Initialized
INFO - 2024-12-16 19:37:11 --> Controller Class Initialized
INFO - 2024-12-16 19:37:11 --> Model "Mconfigkey" initialized
INFO - 2024-12-16 19:37:11 --> Model "Mgoods_delivery" initialized
INFO - 2024-12-16 19:37:11 --> Final output sent to browser
DEBUG - 2024-12-16 19:37:11 --> Total execution time: 0.0370
INFO - 2024-12-16 19:37:13 --> Config Class Initialized
INFO - 2024-12-16 19:37:13 --> Hooks Class Initialized
DEBUG - 2024-12-16 19:37:13 --> UTF-8 Support Enabled
INFO - 2024-12-16 19:37:13 --> Utf8 Class Initialized
INFO - 2024-12-16 19:37:13 --> URI Class Initialized
INFO - 2024-12-16 19:37:13 --> Router Class Initialized
INFO - 2024-12-16 19:37:13 --> Output Class Initialized
INFO - 2024-12-16 19:37:13 --> Security Class Initialized
DEBUG - 2024-12-16 19:37:13 --> Global POST, GET and COOKIE data sanitized
INFO - 2024-12-16 19:37:13 --> Input Class Initialized
INFO - 2024-12-16 19:37:13 --> Language Class Initialized
INFO - 2024-12-16 19:37:13 --> Loader Class Initialized
INFO - 2024-12-16 19:37:13 --> Helper loaded: url_helper
INFO - 2024-12-16 19:37:13 --> Database Driver Class Initialized
INFO - 2024-12-16 19:37:13 --> Controller Class Initialized
INFO - 2024-12-16 19:37:13 --> Model "Mconfigkey" initialized
INFO - 2024-12-16 19:37:13 --> Model "Mgoods_control" initialized
INFO - 2024-12-16 19:37:13 --> Final output sent to browser
DEBUG - 2024-12-16 19:37:13 --> Total execution time: 0.0311
