INFO - 2024-06-06 14:25:46 --> Config Class Initialized
INFO - 2024-06-06 14:25:46 --> Hooks Class Initialized
DEBUG - 2024-06-06 14:25:46 --> UTF-8 Support Enabled
INFO - 2024-06-06 14:25:46 --> Utf8 Class Initialized
INFO - 2024-06-06 14:25:46 --> URI Class Initialized
INFO - 2024-06-06 14:25:46 --> Router Class Initialized
INFO - 2024-06-06 14:25:46 --> Output Class Initialized
INFO - 2024-06-06 14:25:46 --> Security Class Initialized
DEBUG - 2024-06-06 14:25:46 --> Global POST, GET and COOKIE data sanitized
INFO - 2024-06-06 14:25:46 --> Input Class Initialized
INFO - 2024-06-06 14:25:46 --> Language Class Initialized
INFO - 2024-06-06 14:25:47 --> Loader Class Initialized
INFO - 2024-06-06 14:25:47 --> Helper loaded: url_helper
INFO - 2024-06-06 14:25:47 --> Database Driver Class Initialized
INFO - 2024-06-06 14:25:47 --> Controller Class Initialized
INFO - 2024-06-06 14:25:47 --> Model "Mconfigkey" initialized
INFO - 2024-06-06 14:25:47 --> Final output sent to browser
DEBUG - 2024-06-06 14:25:47 --> Total execution time: 0.3699
INFO - 2024-06-06 14:25:49 --> Config Class Initialized
INFO - 2024-06-06 14:25:49 --> Hooks Class Initialized
DEBUG - 2024-06-06 14:25:49 --> UTF-8 Support Enabled
INFO - 2024-06-06 14:25:49 --> Utf8 Class Initialized
INFO - 2024-06-06 14:25:49 --> URI Class Initialized
INFO - 2024-06-06 14:25:49 --> Router Class Initialized
INFO - 2024-06-06 14:25:49 --> Output Class Initialized
INFO - 2024-06-06 14:25:49 --> Security Class Initialized
DEBUG - 2024-06-06 14:25:49 --> Global POST, GET and COOKIE data sanitized
INFO - 2024-06-06 14:25:49 --> Input Class Initialized
INFO - 2024-06-06 14:25:49 --> Language Class Initialized
INFO - 2024-06-06 14:25:49 --> Loader Class Initialized
INFO - 2024-06-06 14:25:49 --> Helper loaded: url_helper
INFO - 2024-06-06 14:25:49 --> Database Driver Class Initialized
INFO - 2024-06-06 14:25:49 --> Controller Class Initialized
INFO - 2024-06-06 14:25:49 --> Model "Mconfigkey" initialized
INFO - 2024-06-06 14:25:49 --> Final output sent to browser
DEBUG - 2024-06-06 14:25:49 --> Total execution time: 0.0193
INFO - 2024-06-06 14:25:51 --> Config Class Initialized
INFO - 2024-06-06 14:25:51 --> Hooks Class Initialized
DEBUG - 2024-06-06 14:25:51 --> UTF-8 Support Enabled
INFO - 2024-06-06 14:25:51 --> Utf8 Class Initialized
INFO - 2024-06-06 14:25:51 --> URI Class Initialized
INFO - 2024-06-06 14:25:51 --> Router Class Initialized
INFO - 2024-06-06 14:25:51 --> Output Class Initialized
INFO - 2024-06-06 14:25:51 --> Security Class Initialized
DEBUG - 2024-06-06 14:25:51 --> Global POST, GET and COOKIE data sanitized
INFO - 2024-06-06 14:25:51 --> Input Class Initialized
INFO - 2024-06-06 14:25:51 --> Language Class Initialized
INFO - 2024-06-06 14:25:51 --> Loader Class Initialized
INFO - 2024-06-06 14:25:51 --> Helper loaded: url_helper
INFO - 2024-06-06 14:25:51 --> Database Driver Class Initialized
INFO - 2024-06-06 14:25:51 --> Controller Class Initialized
INFO - 2024-06-06 14:25:51 --> Model "Mconfigkey" initialized
INFO - 2024-06-06 14:25:51 --> Final output sent to browser
DEBUG - 2024-06-06 14:25:51 --> Total execution time: 0.0185
INFO - 2024-06-06 14:25:52 --> Config Class Initialized
INFO - 2024-06-06 14:25:52 --> Hooks Class Initialized
DEBUG - 2024-06-06 14:25:52 --> UTF-8 Support Enabled
INFO - 2024-06-06 14:25:52 --> Utf8 Class Initialized
INFO - 2024-06-06 14:25:52 --> URI Class Initialized
INFO - 2024-06-06 14:25:52 --> Router Class Initialized
INFO - 2024-06-06 14:25:52 --> Output Class Initialized
INFO - 2024-06-06 14:25:52 --> Security Class Initialized
DEBUG - 2024-06-06 14:25:52 --> Global POST, GET and COOKIE data sanitized
INFO - 2024-06-06 14:25:52 --> Input Class Initialized
INFO - 2024-06-06 14:25:52 --> Language Class Initialized
INFO - 2024-06-06 14:25:52 --> Loader Class Initialized
INFO - 2024-06-06 14:25:52 --> Helper loaded: url_helper
INFO - 2024-06-06 14:25:52 --> Database Driver Class Initialized
INFO - 2024-06-06 14:25:52 --> Controller Class Initialized
INFO - 2024-06-06 14:25:52 --> Model "Mconfigkey" initialized
INFO - 2024-06-06 14:25:52 --> Final output sent to browser
DEBUG - 2024-06-06 14:25:52 --> Total execution time: 0.0181
INFO - 2024-06-06 14:25:54 --> Config Class Initialized
INFO - 2024-06-06 14:25:54 --> Hooks Class Initialized
DEBUG - 2024-06-06 14:25:54 --> UTF-8 Support Enabled
INFO - 2024-06-06 14:25:54 --> Utf8 Class Initialized
INFO - 2024-06-06 14:25:54 --> URI Class Initialized
INFO - 2024-06-06 14:25:54 --> Router Class Initialized
INFO - 2024-06-06 14:25:54 --> Output Class Initialized
INFO - 2024-06-06 14:25:54 --> Security Class Initialized
DEBUG - 2024-06-06 14:25:54 --> Global POST, GET and COOKIE data sanitized
INFO - 2024-06-06 14:25:54 --> Input Class Initialized
INFO - 2024-06-06 14:25:54 --> Language Class Initialized
INFO - 2024-06-06 14:25:54 --> Loader Class Initialized
INFO - 2024-06-06 14:25:54 --> Helper loaded: url_helper
INFO - 2024-06-06 14:25:54 --> Database Driver Class Initialized
INFO - 2024-06-06 14:25:54 --> Controller Class Initialized
INFO - 2024-06-06 14:25:54 --> Model "Mconfigkey" initialized
INFO - 2024-06-06 14:25:54 --> Final output sent to browser
DEBUG - 2024-06-06 14:25:54 --> Total execution time: 0.0179
INFO - 2024-06-06 14:25:57 --> Config Class Initialized
INFO - 2024-06-06 14:25:57 --> Hooks Class Initialized
DEBUG - 2024-06-06 14:25:57 --> UTF-8 Support Enabled
INFO - 2024-06-06 14:25:57 --> Utf8 Class Initialized
INFO - 2024-06-06 14:25:57 --> URI Class Initialized
INFO - 2024-06-06 14:25:57 --> Router Class Initialized
INFO - 2024-06-06 14:25:57 --> Output Class Initialized
INFO - 2024-06-06 14:25:57 --> Security Class Initialized
DEBUG - 2024-06-06 14:25:57 --> Global POST, GET and COOKIE data sanitized
INFO - 2024-06-06 14:25:57 --> Input Class Initialized
INFO - 2024-06-06 14:25:57 --> Language Class Initialized
INFO - 2024-06-06 14:25:57 --> Loader Class Initialized
INFO - 2024-06-06 14:25:57 --> Helper loaded: url_helper
INFO - 2024-06-06 14:25:57 --> Database Driver Class Initialized
INFO - 2024-06-06 14:25:57 --> Controller Class Initialized
INFO - 2024-06-06 14:25:57 --> Model "Mconfigkey" initialized
INFO - 2024-06-06 14:25:57 --> Final output sent to browser
DEBUG - 2024-06-06 14:25:57 --> Total execution time: 0.0181
INFO - 2024-06-06 14:26:00 --> Config Class Initialized
INFO - 2024-06-06 14:26:00 --> Hooks Class Initialized
DEBUG - 2024-06-06 14:26:00 --> UTF-8 Support Enabled
INFO - 2024-06-06 14:26:00 --> Utf8 Class Initialized
INFO - 2024-06-06 14:26:00 --> URI Class Initialized
INFO - 2024-06-06 14:26:00 --> Router Class Initialized
INFO - 2024-06-06 14:26:00 --> Output Class Initialized
INFO - 2024-06-06 14:26:00 --> Security Class Initialized
DEBUG - 2024-06-06 14:26:00 --> Global POST, GET and COOKIE data sanitized
INFO - 2024-06-06 14:26:00 --> Input Class Initialized
INFO - 2024-06-06 14:26:00 --> Language Class Initialized
INFO - 2024-06-06 14:26:00 --> Loader Class Initialized
INFO - 2024-06-06 14:26:00 --> Helper loaded: url_helper
INFO - 2024-06-06 14:26:00 --> Database Driver Class Initialized
INFO - 2024-06-06 14:26:00 --> Controller Class Initialized
INFO - 2024-06-06 14:26:00 --> Model "Mconfigkey" initialized
INFO - 2024-06-06 14:26:00 --> Final output sent to browser
DEBUG - 2024-06-06 14:26:00 --> Total execution time: 0.0182
INFO - 2024-06-06 14:26:02 --> Config Class Initialized
INFO - 2024-06-06 14:26:02 --> Hooks Class Initialized
DEBUG - 2024-06-06 14:26:02 --> UTF-8 Support Enabled
INFO - 2024-06-06 14:26:02 --> Utf8 Class Initialized
INFO - 2024-06-06 14:26:02 --> URI Class Initialized
INFO - 2024-06-06 14:26:02 --> Router Class Initialized
INFO - 2024-06-06 14:26:02 --> Output Class Initialized
INFO - 2024-06-06 14:26:02 --> Security Class Initialized
DEBUG - 2024-06-06 14:26:02 --> Global POST, GET and COOKIE data sanitized
INFO - 2024-06-06 14:26:02 --> Input Class Initialized
INFO - 2024-06-06 14:26:02 --> Language Class Initialized
INFO - 2024-06-06 14:26:02 --> Loader Class Initialized
INFO - 2024-06-06 14:26:02 --> Helper loaded: url_helper
INFO - 2024-06-06 14:26:02 --> Database Driver Class Initialized
INFO - 2024-06-06 14:26:02 --> Controller Class Initialized
INFO - 2024-06-06 14:26:02 --> Model "Mconfigkey" initialized
INFO - 2024-06-06 14:26:02 --> Final output sent to browser
DEBUG - 2024-06-06 14:26:02 --> Total execution time: 0.0180
INFO - 2024-06-06 14:26:06 --> Config Class Initialized
INFO - 2024-06-06 14:26:06 --> Hooks Class Initialized
DEBUG - 2024-06-06 14:26:06 --> UTF-8 Support Enabled
INFO - 2024-06-06 14:26:06 --> Utf8 Class Initialized
INFO - 2024-06-06 14:26:06 --> URI Class Initialized
INFO - 2024-06-06 14:26:06 --> Router Class Initialized
INFO - 2024-06-06 14:26:06 --> Output Class Initialized
INFO - 2024-06-06 14:26:06 --> Security Class Initialized
DEBUG - 2024-06-06 14:26:06 --> Global POST, GET and COOKIE data sanitized
INFO - 2024-06-06 14:26:06 --> Input Class Initialized
INFO - 2024-06-06 14:26:06 --> Language Class Initialized
INFO - 2024-06-06 14:26:06 --> Loader Class Initialized
INFO - 2024-06-06 14:26:06 --> Helper loaded: url_helper
INFO - 2024-06-06 14:26:06 --> Database Driver Class Initialized
INFO - 2024-06-06 14:26:06 --> Controller Class Initialized
INFO - 2024-06-06 14:26:06 --> Model "Mconfigkey" initialized
INFO - 2024-06-06 14:26:06 --> Final output sent to browser
DEBUG - 2024-06-06 14:26:06 --> Total execution time: 0.0182
INFO - 2024-06-06 14:26:07 --> Config Class Initialized
INFO - 2024-06-06 14:26:07 --> Hooks Class Initialized
DEBUG - 2024-06-06 14:26:07 --> UTF-8 Support Enabled
INFO - 2024-06-06 14:26:07 --> Utf8 Class Initialized
INFO - 2024-06-06 14:26:07 --> URI Class Initialized
INFO - 2024-06-06 14:26:07 --> Router Class Initialized
INFO - 2024-06-06 14:26:07 --> Output Class Initialized
INFO - 2024-06-06 14:26:08 --> Security Class Initialized
DEBUG - 2024-06-06 14:26:08 --> Global POST, GET and COOKIE data sanitized
INFO - 2024-06-06 14:26:08 --> Input Class Initialized
INFO - 2024-06-06 14:26:08 --> Language Class Initialized
INFO - 2024-06-06 14:26:08 --> Loader Class Initialized
INFO - 2024-06-06 14:26:08 --> Helper loaded: url_helper
INFO - 2024-06-06 14:26:08 --> Database Driver Class Initialized
INFO - 2024-06-06 14:26:08 --> Controller Class Initialized
INFO - 2024-06-06 14:26:08 --> Model "Mconfigkey" initialized
INFO - 2024-06-06 14:26:08 --> Final output sent to browser
DEBUG - 2024-06-06 14:26:08 --> Total execution time: 0.0180
INFO - 2024-06-06 14:26:11 --> Config Class Initialized
INFO - 2024-06-06 14:26:11 --> Hooks Class Initialized
DEBUG - 2024-06-06 14:26:11 --> UTF-8 Support Enabled
INFO - 2024-06-06 14:26:11 --> Utf8 Class Initialized
INFO - 2024-06-06 14:26:11 --> URI Class Initialized
INFO - 2024-06-06 14:26:11 --> Router Class Initialized
INFO - 2024-06-06 14:26:11 --> Output Class Initialized
INFO - 2024-06-06 14:26:11 --> Security Class Initialized
DEBUG - 2024-06-06 14:26:11 --> Global POST, GET and COOKIE data sanitized
INFO - 2024-06-06 14:26:11 --> Input Class Initialized
INFO - 2024-06-06 14:26:11 --> Language Class Initialized
INFO - 2024-06-06 14:26:11 --> Loader Class Initialized
INFO - 2024-06-06 14:26:11 --> Helper loaded: url_helper
INFO - 2024-06-06 14:26:11 --> Database Driver Class Initialized
INFO - 2024-06-06 14:26:11 --> Controller Class Initialized
INFO - 2024-06-06 14:26:11 --> Model "Mconfigkey" initialized
INFO - 2024-06-06 14:26:11 --> Final output sent to browser
DEBUG - 2024-06-06 14:26:11 --> Total execution time: 0.0181
INFO - 2024-06-06 14:26:15 --> Config Class Initialized
INFO - 2024-06-06 14:26:15 --> Hooks Class Initialized
DEBUG - 2024-06-06 14:26:15 --> UTF-8 Support Enabled
INFO - 2024-06-06 14:26:15 --> Utf8 Class Initialized
INFO - 2024-06-06 14:26:15 --> URI Class Initialized
INFO - 2024-06-06 14:26:15 --> Router Class Initialized
INFO - 2024-06-06 14:26:15 --> Output Class Initialized
INFO - 2024-06-06 14:26:15 --> Security Class Initialized
DEBUG - 2024-06-06 14:26:15 --> Global POST, GET and COOKIE data sanitized
INFO - 2024-06-06 14:26:15 --> Input Class Initialized
INFO - 2024-06-06 14:26:15 --> Language Class Initialized
INFO - 2024-06-06 14:26:15 --> Loader Class Initialized
INFO - 2024-06-06 14:26:15 --> Helper loaded: url_helper
INFO - 2024-06-06 14:26:15 --> Database Driver Class Initialized
INFO - 2024-06-06 14:26:15 --> Controller Class Initialized
INFO - 2024-06-06 14:26:15 --> Model "Mconfigkey" initialized
INFO - 2024-06-06 14:26:15 --> Final output sent to browser
DEBUG - 2024-06-06 14:26:15 --> Total execution time: 0.0184
INFO - 2024-06-06 14:26:22 --> Config Class Initialized
INFO - 2024-06-06 14:26:22 --> Hooks Class Initialized
DEBUG - 2024-06-06 14:26:22 --> UTF-8 Support Enabled
INFO - 2024-06-06 14:26:22 --> Utf8 Class Initialized
INFO - 2024-06-06 14:26:22 --> URI Class Initialized
INFO - 2024-06-06 14:26:22 --> Router Class Initialized
INFO - 2024-06-06 14:26:22 --> Output Class Initialized
INFO - 2024-06-06 14:26:22 --> Security Class Initialized
DEBUG - 2024-06-06 14:26:22 --> Global POST, GET and COOKIE data sanitized
INFO - 2024-06-06 14:26:22 --> Input Class Initialized
INFO - 2024-06-06 14:26:22 --> Language Class Initialized
INFO - 2024-06-06 14:26:22 --> Loader Class Initialized
INFO - 2024-06-06 14:26:22 --> Helper loaded: url_helper
INFO - 2024-06-06 14:26:22 --> Database Driver Class Initialized
INFO - 2024-06-06 14:26:22 --> Controller Class Initialized
INFO - 2024-06-06 14:26:22 --> Model "Mconfigkey" initialized
INFO - 2024-06-06 14:26:22 --> Final output sent to browser
DEBUG - 2024-06-06 14:26:22 --> Total execution time: 0.0188
