INFO - 2024-03-05 02:07:53 --> Config Class Initialized
INFO - 2024-03-05 02:07:53 --> Hooks Class Initialized
DEBUG - 2024-03-05 02:07:53 --> UTF-8 Support Enabled
INFO - 2024-03-05 02:07:53 --> Utf8 Class Initialized
INFO - 2024-03-05 02:07:53 --> URI Class Initialized
INFO - 2024-03-05 02:07:53 --> Router Class Initialized
INFO - 2024-03-05 02:07:53 --> Output Class Initialized
INFO - 2024-03-05 02:07:53 --> Security Class Initialized
DEBUG - 2024-03-05 02:07:53 --> Global POST, GET and COOKIE data sanitized
INFO - 2024-03-05 02:07:53 --> Input Class Initialized
INFO - 2024-03-05 02:07:53 --> Language Class Initialized
INFO - 2024-03-05 02:07:53 --> Loader Class Initialized
INFO - 2024-03-05 02:07:53 --> Helper loaded: url_helper
INFO - 2024-03-05 02:07:53 --> Database Driver Class Initialized
ERROR - 2024-03-05 02:07:54 --> Unable to connect to the database
INFO - 2024-03-05 02:07:54 --> Language file loaded: language/english/db_lang.php
INFO - 2024-03-05 02:10:37 --> Config Class Initialized
INFO - 2024-03-05 02:10:37 --> Hooks Class Initialized
DEBUG - 2024-03-05 02:10:37 --> UTF-8 Support Enabled
INFO - 2024-03-05 02:10:37 --> Utf8 Class Initialized
INFO - 2024-03-05 02:10:37 --> URI Class Initialized
INFO - 2024-03-05 02:10:37 --> Router Class Initialized
INFO - 2024-03-05 02:10:37 --> Output Class Initialized
INFO - 2024-03-05 02:10:37 --> Security Class Initialized
DEBUG - 2024-03-05 02:10:37 --> Global POST, GET and COOKIE data sanitized
INFO - 2024-03-05 02:10:37 --> Input Class Initialized
INFO - 2024-03-05 02:10:37 --> Language Class Initialized
INFO - 2024-03-05 02:10:37 --> Loader Class Initialized
INFO - 2024-03-05 02:10:37 --> Helper loaded: url_helper
INFO - 2024-03-05 02:10:37 --> Database Driver Class Initialized
INFO - 2024-03-05 02:10:37 --> Controller Class Initialized
INFO - 2024-03-05 02:10:37 --> Model "Mconfigkey" initialized
INFO - 2024-03-05 02:10:37 --> Final output sent to browser
DEBUG - 2024-03-05 02:10:37 --> Total execution time: 0.1468
INFO - 2024-03-05 02:10:41 --> Config Class Initialized
INFO - 2024-03-05 02:10:41 --> Hooks Class Initialized
DEBUG - 2024-03-05 02:10:41 --> UTF-8 Support Enabled
INFO - 2024-03-05 02:10:41 --> Utf8 Class Initialized
INFO - 2024-03-05 02:10:41 --> URI Class Initialized
INFO - 2024-03-05 02:10:41 --> Router Class Initialized
INFO - 2024-03-05 02:10:41 --> Output Class Initialized
INFO - 2024-03-05 02:10:41 --> Security Class Initialized
DEBUG - 2024-03-05 02:10:41 --> Global POST, GET and COOKIE data sanitized
INFO - 2024-03-05 02:10:41 --> Input Class Initialized
INFO - 2024-03-05 02:10:41 --> Language Class Initialized
INFO - 2024-03-05 02:10:41 --> Loader Class Initialized
INFO - 2024-03-05 02:10:41 --> Helper loaded: url_helper
INFO - 2024-03-05 02:10:41 --> Database Driver Class Initialized
INFO - 2024-03-05 02:10:41 --> Controller Class Initialized
INFO - 2024-03-05 02:10:41 --> Model "Mauth" initialized
ERROR - 2024-03-05 02:10:41 --> Query error: [Microsoft][ODBC Driver 18 for SQL Server][SQL Server]Could not find stored procedure 'SP_USERLOGIN_PLB'. - Invalid query: EXEC SP_USERLOGIN_PLB
            @VUSERNAME='seiwa',
            @VUSERPASSWORD='admin'
        
INFO - 2024-03-05 02:10:41 --> Language file loaded: language/english/db_lang.php
INFO - 2024-03-05 02:20:35 --> Config Class Initialized
INFO - 2024-03-05 02:20:35 --> Hooks Class Initialized
DEBUG - 2024-03-05 02:20:35 --> UTF-8 Support Enabled
INFO - 2024-03-05 02:20:35 --> Utf8 Class Initialized
INFO - 2024-03-05 02:20:35 --> URI Class Initialized
INFO - 2024-03-05 02:20:35 --> Router Class Initialized
INFO - 2024-03-05 02:20:35 --> Output Class Initialized
INFO - 2024-03-05 02:20:35 --> Security Class Initialized
DEBUG - 2024-03-05 02:20:35 --> Global POST, GET and COOKIE data sanitized
INFO - 2024-03-05 02:20:35 --> Input Class Initialized
INFO - 2024-03-05 02:20:35 --> Language Class Initialized
INFO - 2024-03-05 02:20:35 --> Loader Class Initialized
INFO - 2024-03-05 02:20:35 --> Helper loaded: url_helper
INFO - 2024-03-05 02:20:35 --> Database Driver Class Initialized
INFO - 2024-03-05 02:20:35 --> Controller Class Initialized
INFO - 2024-03-05 02:20:35 --> Model "Mconfigkey" initialized
INFO - 2024-03-05 02:20:35 --> Final output sent to browser
DEBUG - 2024-03-05 02:20:35 --> Total execution time: 0.0361
INFO - 2024-03-05 02:20:40 --> Config Class Initialized
INFO - 2024-03-05 02:20:40 --> Hooks Class Initialized
DEBUG - 2024-03-05 02:20:40 --> UTF-8 Support Enabled
INFO - 2024-03-05 02:20:40 --> Utf8 Class Initialized
INFO - 2024-03-05 02:20:40 --> URI Class Initialized
INFO - 2024-03-05 02:20:40 --> Router Class Initialized
INFO - 2024-03-05 02:20:40 --> Output Class Initialized
INFO - 2024-03-05 02:20:40 --> Security Class Initialized
DEBUG - 2024-03-05 02:20:40 --> Global POST, GET and COOKIE data sanitized
INFO - 2024-03-05 02:20:40 --> Input Class Initialized
INFO - 2024-03-05 02:20:40 --> Language Class Initialized
INFO - 2024-03-05 02:20:40 --> Loader Class Initialized
INFO - 2024-03-05 02:20:40 --> Helper loaded: url_helper
INFO - 2024-03-05 02:20:40 --> Database Driver Class Initialized
INFO - 2024-03-05 02:20:40 --> Controller Class Initialized
INFO - 2024-03-05 02:20:40 --> Model "Mauth" initialized
INFO - 2024-03-05 02:20:41 --> Model "Mconfigkey" initialized
INFO - 2024-03-05 02:20:41 --> Final output sent to browser
DEBUG - 2024-03-05 02:20:41 --> Total execution time: 0.1146
INFO - 2024-03-05 02:21:32 --> Config Class Initialized
INFO - 2024-03-05 02:21:32 --> Hooks Class Initialized
DEBUG - 2024-03-05 02:21:32 --> UTF-8 Support Enabled
INFO - 2024-03-05 02:21:32 --> Utf8 Class Initialized
INFO - 2024-03-05 02:21:32 --> URI Class Initialized
INFO - 2024-03-05 02:21:32 --> Router Class Initialized
INFO - 2024-03-05 02:21:32 --> Output Class Initialized
INFO - 2024-03-05 02:21:32 --> Security Class Initialized
DEBUG - 2024-03-05 02:21:32 --> Global POST, GET and COOKIE data sanitized
INFO - 2024-03-05 02:21:32 --> Input Class Initialized
INFO - 2024-03-05 02:21:32 --> Language Class Initialized
INFO - 2024-03-05 02:21:32 --> Loader Class Initialized
INFO - 2024-03-05 02:21:32 --> Helper loaded: url_helper
INFO - 2024-03-05 02:21:32 --> Database Driver Class Initialized
INFO - 2024-03-05 02:21:32 --> Controller Class Initialized
INFO - 2024-03-05 02:21:32 --> Model "Mconfigkey" initialized
INFO - 2024-03-05 02:21:32 --> Final output sent to browser
DEBUG - 2024-03-05 02:21:32 --> Total execution time: 0.0326
INFO - 2024-03-05 02:21:53 --> Config Class Initialized
INFO - 2024-03-05 02:21:53 --> Hooks Class Initialized
DEBUG - 2024-03-05 02:21:53 --> UTF-8 Support Enabled
INFO - 2024-03-05 02:21:53 --> Utf8 Class Initialized
INFO - 2024-03-05 02:21:53 --> URI Class Initialized
INFO - 2024-03-05 02:21:53 --> Router Class Initialized
INFO - 2024-03-05 02:21:53 --> Output Class Initialized
INFO - 2024-03-05 02:21:54 --> Security Class Initialized
DEBUG - 2024-03-05 02:21:54 --> Global POST, GET and COOKIE data sanitized
INFO - 2024-03-05 02:21:54 --> Input Class Initialized
INFO - 2024-03-05 02:21:54 --> Language Class Initialized
INFO - 2024-03-05 02:21:54 --> Loader Class Initialized
INFO - 2024-03-05 02:21:54 --> Helper loaded: url_helper
INFO - 2024-03-05 02:21:54 --> Database Driver Class Initialized
INFO - 2024-03-05 02:21:54 --> Controller Class Initialized
INFO - 2024-03-05 02:21:54 --> Model "Mconfigkey" initialized
INFO - 2024-03-05 02:21:54 --> Final output sent to browser
DEBUG - 2024-03-05 02:21:54 --> Total execution time: 0.1017
INFO - 2024-03-05 02:22:10 --> Config Class Initialized
INFO - 2024-03-05 02:22:10 --> Hooks Class Initialized
DEBUG - 2024-03-05 02:22:10 --> UTF-8 Support Enabled
INFO - 2024-03-05 02:22:10 --> Utf8 Class Initialized
INFO - 2024-03-05 02:22:10 --> URI Class Initialized
INFO - 2024-03-05 02:22:10 --> Router Class Initialized
INFO - 2024-03-05 02:22:10 --> Output Class Initialized
INFO - 2024-03-05 02:22:10 --> Security Class Initialized
DEBUG - 2024-03-05 02:22:10 --> Global POST, GET and COOKIE data sanitized
INFO - 2024-03-05 02:22:10 --> Input Class Initialized
INFO - 2024-03-05 02:22:10 --> Language Class Initialized
INFO - 2024-03-05 02:22:10 --> Loader Class Initialized
INFO - 2024-03-05 02:22:10 --> Helper loaded: url_helper
INFO - 2024-03-05 02:22:10 --> Database Driver Class Initialized
INFO - 2024-03-05 02:22:10 --> Controller Class Initialized
INFO - 2024-03-05 02:22:10 --> Model "Mconfigkey" initialized
INFO - 2024-03-05 02:22:10 --> Final output sent to browser
DEBUG - 2024-03-05 02:22:10 --> Total execution time: 0.0323
INFO - 2024-03-05 02:22:16 --> Config Class Initialized
INFO - 2024-03-05 02:22:16 --> Hooks Class Initialized
DEBUG - 2024-03-05 02:22:16 --> UTF-8 Support Enabled
INFO - 2024-03-05 02:22:16 --> Utf8 Class Initialized
INFO - 2024-03-05 02:22:16 --> URI Class Initialized
INFO - 2024-03-05 02:22:16 --> Router Class Initialized
INFO - 2024-03-05 02:22:16 --> Output Class Initialized
INFO - 2024-03-05 02:22:16 --> Security Class Initialized
DEBUG - 2024-03-05 02:22:16 --> Global POST, GET and COOKIE data sanitized
INFO - 2024-03-05 02:22:16 --> Input Class Initialized
INFO - 2024-03-05 02:22:16 --> Language Class Initialized
INFO - 2024-03-05 02:22:16 --> Loader Class Initialized
INFO - 2024-03-05 02:22:16 --> Helper loaded: url_helper
INFO - 2024-03-05 02:22:16 --> Database Driver Class Initialized
INFO - 2024-03-05 02:22:16 --> Controller Class Initialized
INFO - 2024-03-05 02:22:16 --> Model "Mauth" initialized
INFO - 2024-03-05 02:22:16 --> Model "Mconfigkey" initialized
INFO - 2024-03-05 02:22:16 --> Final output sent to browser
DEBUG - 2024-03-05 02:22:16 --> Total execution time: 0.0283
INFO - 2024-03-05 02:29:36 --> Config Class Initialized
INFO - 2024-03-05 02:29:36 --> Hooks Class Initialized
DEBUG - 2024-03-05 02:29:36 --> UTF-8 Support Enabled
INFO - 2024-03-05 02:29:36 --> Utf8 Class Initialized
INFO - 2024-03-05 02:29:36 --> URI Class Initialized
INFO - 2024-03-05 02:29:36 --> Router Class Initialized
INFO - 2024-03-05 02:29:36 --> Output Class Initialized
INFO - 2024-03-05 02:29:36 --> Security Class Initialized
DEBUG - 2024-03-05 02:29:36 --> Global POST, GET and COOKIE data sanitized
INFO - 2024-03-05 02:29:36 --> Input Class Initialized
INFO - 2024-03-05 02:29:36 --> Language Class Initialized
INFO - 2024-03-05 02:29:36 --> Loader Class Initialized
INFO - 2024-03-05 02:29:36 --> Helper loaded: url_helper
INFO - 2024-03-05 02:29:36 --> Database Driver Class Initialized
INFO - 2024-03-05 02:29:36 --> Controller Class Initialized
INFO - 2024-03-05 02:29:36 --> Model "Mconfigkey" initialized
INFO - 2024-03-05 02:29:36 --> Final output sent to browser
DEBUG - 2024-03-05 02:29:36 --> Total execution time: 0.0962
INFO - 2024-03-05 02:30:27 --> Config Class Initialized
INFO - 2024-03-05 02:30:27 --> Hooks Class Initialized
DEBUG - 2024-03-05 02:30:27 --> UTF-8 Support Enabled
INFO - 2024-03-05 02:30:27 --> Utf8 Class Initialized
INFO - 2024-03-05 02:30:27 --> URI Class Initialized
INFO - 2024-03-05 02:30:27 --> Router Class Initialized
INFO - 2024-03-05 02:30:27 --> Output Class Initialized
INFO - 2024-03-05 02:30:27 --> Security Class Initialized
DEBUG - 2024-03-05 02:30:27 --> Global POST, GET and COOKIE data sanitized
INFO - 2024-03-05 02:30:27 --> Input Class Initialized
INFO - 2024-03-05 02:30:27 --> Language Class Initialized
INFO - 2024-03-05 02:30:27 --> Loader Class Initialized
INFO - 2024-03-05 02:30:27 --> Helper loaded: url_helper
INFO - 2024-03-05 02:30:27 --> Database Driver Class Initialized
INFO - 2024-03-05 02:30:27 --> Controller Class Initialized
INFO - 2024-03-05 02:30:27 --> Model "Mconfigkey" initialized
INFO - 2024-03-05 02:30:27 --> Final output sent to browser
DEBUG - 2024-03-05 02:30:27 --> Total execution time: 0.0319
INFO - 2024-03-05 02:30:42 --> Config Class Initialized
INFO - 2024-03-05 02:30:42 --> Hooks Class Initialized
DEBUG - 2024-03-05 02:30:42 --> UTF-8 Support Enabled
INFO - 2024-03-05 02:30:42 --> Utf8 Class Initialized
INFO - 2024-03-05 02:30:42 --> URI Class Initialized
INFO - 2024-03-05 02:30:42 --> Router Class Initialized
INFO - 2024-03-05 02:30:42 --> Output Class Initialized
INFO - 2024-03-05 02:30:42 --> Security Class Initialized
DEBUG - 2024-03-05 02:30:42 --> Global POST, GET and COOKIE data sanitized
INFO - 2024-03-05 02:30:42 --> Input Class Initialized
INFO - 2024-03-05 02:30:42 --> Language Class Initialized
INFO - 2024-03-05 02:30:42 --> Loader Class Initialized
INFO - 2024-03-05 02:30:42 --> Helper loaded: url_helper
INFO - 2024-03-05 02:30:42 --> Database Driver Class Initialized
INFO - 2024-03-05 02:30:42 --> Controller Class Initialized
INFO - 2024-03-05 02:30:42 --> Model "Mauth" initialized
INFO - 2024-03-05 02:30:42 --> Model "Mconfigkey" initialized
INFO - 2024-03-05 02:30:42 --> Final output sent to browser
DEBUG - 2024-03-05 02:30:42 --> Total execution time: 0.0236
INFO - 2024-03-05 02:33:04 --> Config Class Initialized
INFO - 2024-03-05 02:33:04 --> Hooks Class Initialized
DEBUG - 2024-03-05 02:33:04 --> UTF-8 Support Enabled
INFO - 2024-03-05 02:33:04 --> Utf8 Class Initialized
INFO - 2024-03-05 02:33:04 --> URI Class Initialized
INFO - 2024-03-05 02:33:04 --> Router Class Initialized
INFO - 2024-03-05 02:33:04 --> Output Class Initialized
INFO - 2024-03-05 02:33:04 --> Security Class Initialized
DEBUG - 2024-03-05 02:33:04 --> Global POST, GET and COOKIE data sanitized
INFO - 2024-03-05 02:33:04 --> Input Class Initialized
INFO - 2024-03-05 02:33:04 --> Language Class Initialized
INFO - 2024-03-05 02:33:04 --> Loader Class Initialized
INFO - 2024-03-05 02:33:04 --> Helper loaded: url_helper
INFO - 2024-03-05 02:33:04 --> Database Driver Class Initialized
INFO - 2024-03-05 02:33:04 --> Controller Class Initialized
INFO - 2024-03-05 02:33:04 --> Model "Mconfigkey" initialized
INFO - 2024-03-05 02:33:04 --> Final output sent to browser
DEBUG - 2024-03-05 02:33:04 --> Total execution time: 0.0312
INFO - 2024-03-05 02:33:06 --> Config Class Initialized
INFO - 2024-03-05 02:33:06 --> Hooks Class Initialized
DEBUG - 2024-03-05 02:33:06 --> UTF-8 Support Enabled
INFO - 2024-03-05 02:33:06 --> Utf8 Class Initialized
INFO - 2024-03-05 02:33:06 --> URI Class Initialized
INFO - 2024-03-05 02:33:06 --> Router Class Initialized
INFO - 2024-03-05 02:33:06 --> Output Class Initialized
INFO - 2024-03-05 02:33:06 --> Security Class Initialized
DEBUG - 2024-03-05 02:33:06 --> Global POST, GET and COOKIE data sanitized
INFO - 2024-03-05 02:33:06 --> Input Class Initialized
INFO - 2024-03-05 02:33:06 --> Language Class Initialized
INFO - 2024-03-05 02:33:06 --> Loader Class Initialized
INFO - 2024-03-05 02:33:06 --> Helper loaded: url_helper
INFO - 2024-03-05 02:33:06 --> Database Driver Class Initialized
INFO - 2024-03-05 02:33:07 --> Controller Class Initialized
INFO - 2024-03-05 02:33:07 --> Model "Mconfigkey" initialized
INFO - 2024-03-05 02:33:07 --> Model "Mportal_data" initialized
INFO - 2024-03-05 02:33:07 --> Final output sent to browser
DEBUG - 2024-03-05 02:33:07 --> Total execution time: 0.4487
INFO - 2024-03-05 02:34:33 --> Config Class Initialized
INFO - 2024-03-05 02:34:33 --> Hooks Class Initialized
DEBUG - 2024-03-05 02:34:33 --> UTF-8 Support Enabled
INFO - 2024-03-05 02:34:33 --> Utf8 Class Initialized
INFO - 2024-03-05 02:34:33 --> URI Class Initialized
INFO - 2024-03-05 02:34:33 --> Router Class Initialized
INFO - 2024-03-05 02:34:33 --> Output Class Initialized
INFO - 2024-03-05 02:34:33 --> Security Class Initialized
DEBUG - 2024-03-05 02:34:33 --> Global POST, GET and COOKIE data sanitized
INFO - 2024-03-05 02:34:33 --> Input Class Initialized
INFO - 2024-03-05 02:34:33 --> Language Class Initialized
INFO - 2024-03-05 02:34:33 --> Loader Class Initialized
INFO - 2024-03-05 02:34:33 --> Helper loaded: url_helper
INFO - 2024-03-05 02:34:33 --> Database Driver Class Initialized
INFO - 2024-03-05 02:34:33 --> Controller Class Initialized
INFO - 2024-03-05 02:34:33 --> Model "Mconfigkey" initialized
INFO - 2024-03-05 02:34:33 --> Final output sent to browser
DEBUG - 2024-03-05 02:34:33 --> Total execution time: 0.0357
INFO - 2024-03-05 02:34:35 --> Config Class Initialized
INFO - 2024-03-05 02:34:35 --> Hooks Class Initialized
DEBUG - 2024-03-05 02:34:35 --> UTF-8 Support Enabled
INFO - 2024-03-05 02:34:35 --> Utf8 Class Initialized
INFO - 2024-03-05 02:34:35 --> URI Class Initialized
INFO - 2024-03-05 02:34:35 --> Router Class Initialized
INFO - 2024-03-05 02:34:35 --> Output Class Initialized
INFO - 2024-03-05 02:34:35 --> Security Class Initialized
DEBUG - 2024-03-05 02:34:35 --> Global POST, GET and COOKIE data sanitized
INFO - 2024-03-05 02:34:35 --> Input Class Initialized
INFO - 2024-03-05 02:34:35 --> Language Class Initialized
INFO - 2024-03-05 02:34:35 --> Loader Class Initialized
INFO - 2024-03-05 02:34:35 --> Helper loaded: url_helper
INFO - 2024-03-05 02:34:35 --> Database Driver Class Initialized
INFO - 2024-03-05 02:34:35 --> Controller Class Initialized
INFO - 2024-03-05 02:34:35 --> Model "Mconfigkey" initialized
INFO - 2024-03-05 02:34:35 --> Model "Mportal_data" initialized
INFO - 2024-03-05 02:34:35 --> Final output sent to browser
DEBUG - 2024-03-05 02:34:35 --> Total execution time: 0.0615
INFO - 2024-03-05 02:34:38 --> Config Class Initialized
INFO - 2024-03-05 02:34:38 --> Hooks Class Initialized
DEBUG - 2024-03-05 02:34:38 --> UTF-8 Support Enabled
INFO - 2024-03-05 02:34:38 --> Utf8 Class Initialized
INFO - 2024-03-05 02:34:38 --> URI Class Initialized
INFO - 2024-03-05 02:34:38 --> Router Class Initialized
INFO - 2024-03-05 02:34:38 --> Output Class Initialized
INFO - 2024-03-05 02:34:38 --> Security Class Initialized
DEBUG - 2024-03-05 02:34:38 --> Global POST, GET and COOKIE data sanitized
INFO - 2024-03-05 02:34:38 --> Input Class Initialized
INFO - 2024-03-05 02:34:38 --> Language Class Initialized
INFO - 2024-03-05 02:34:38 --> Loader Class Initialized
INFO - 2024-03-05 02:34:38 --> Helper loaded: url_helper
INFO - 2024-03-05 02:34:38 --> Database Driver Class Initialized
INFO - 2024-03-05 02:34:38 --> Controller Class Initialized
INFO - 2024-03-05 02:34:38 --> Model "Mconfigkey" initialized
INFO - 2024-03-05 02:34:38 --> Model "Mportal_data" initialized
INFO - 2024-03-05 02:34:39 --> Final output sent to browser
DEBUG - 2024-03-05 02:34:39 --> Total execution time: 0.3165
INFO - 2024-03-05 02:36:57 --> Config Class Initialized
INFO - 2024-03-05 02:36:57 --> Hooks Class Initialized
DEBUG - 2024-03-05 02:36:57 --> UTF-8 Support Enabled
INFO - 2024-03-05 02:36:57 --> Utf8 Class Initialized
INFO - 2024-03-05 02:36:57 --> URI Class Initialized
INFO - 2024-03-05 02:36:57 --> Router Class Initialized
INFO - 2024-03-05 02:36:57 --> Output Class Initialized
INFO - 2024-03-05 02:36:57 --> Security Class Initialized
DEBUG - 2024-03-05 02:36:57 --> Global POST, GET and COOKIE data sanitized
INFO - 2024-03-05 02:36:57 --> Input Class Initialized
INFO - 2024-03-05 02:36:57 --> Language Class Initialized
INFO - 2024-03-05 02:36:57 --> Loader Class Initialized
INFO - 2024-03-05 02:36:57 --> Helper loaded: url_helper
INFO - 2024-03-05 02:36:57 --> Database Driver Class Initialized
INFO - 2024-03-05 02:36:57 --> Controller Class Initialized
INFO - 2024-03-05 02:36:57 --> Model "Mconfigkey" initialized
INFO - 2024-03-05 02:36:57 --> Final output sent to browser
DEBUG - 2024-03-05 02:36:57 --> Total execution time: 0.0330
INFO - 2024-03-05 02:37:00 --> Config Class Initialized
INFO - 2024-03-05 02:37:00 --> Hooks Class Initialized
DEBUG - 2024-03-05 02:37:00 --> UTF-8 Support Enabled
INFO - 2024-03-05 02:37:00 --> Utf8 Class Initialized
INFO - 2024-03-05 02:37:00 --> URI Class Initialized
INFO - 2024-03-05 02:37:00 --> Router Class Initialized
INFO - 2024-03-05 02:37:00 --> Output Class Initialized
INFO - 2024-03-05 02:37:00 --> Security Class Initialized
DEBUG - 2024-03-05 02:37:00 --> Global POST, GET and COOKIE data sanitized
INFO - 2024-03-05 02:37:00 --> Input Class Initialized
INFO - 2024-03-05 02:37:00 --> Language Class Initialized
INFO - 2024-03-05 02:37:00 --> Loader Class Initialized
INFO - 2024-03-05 02:37:00 --> Helper loaded: url_helper
INFO - 2024-03-05 02:37:00 --> Database Driver Class Initialized
INFO - 2024-03-05 02:37:00 --> Controller Class Initialized
INFO - 2024-03-05 02:37:00 --> Model "Mconfigkey" initialized
INFO - 2024-03-05 02:37:00 --> Model "Mportal_data" initialized
INFO - 2024-03-05 02:37:00 --> Final output sent to browser
DEBUG - 2024-03-05 02:37:00 --> Total execution time: 0.0663
INFO - 2024-03-05 02:37:02 --> Config Class Initialized
INFO - 2024-03-05 02:37:02 --> Hooks Class Initialized
DEBUG - 2024-03-05 02:37:02 --> UTF-8 Support Enabled
INFO - 2024-03-05 02:37:02 --> Utf8 Class Initialized
INFO - 2024-03-05 02:37:02 --> URI Class Initialized
INFO - 2024-03-05 02:37:02 --> Router Class Initialized
INFO - 2024-03-05 02:37:02 --> Output Class Initialized
INFO - 2024-03-05 02:37:02 --> Security Class Initialized
DEBUG - 2024-03-05 02:37:02 --> Global POST, GET and COOKIE data sanitized
INFO - 2024-03-05 02:37:02 --> Input Class Initialized
INFO - 2024-03-05 02:37:02 --> Language Class Initialized
INFO - 2024-03-05 02:37:02 --> Loader Class Initialized
INFO - 2024-03-05 02:37:02 --> Helper loaded: url_helper
INFO - 2024-03-05 02:37:02 --> Database Driver Class Initialized
INFO - 2024-03-05 02:37:02 --> Controller Class Initialized
INFO - 2024-03-05 02:37:02 --> Model "Mconfigkey" initialized
INFO - 2024-03-05 02:37:02 --> Model "Mportal_data" initialized
INFO - 2024-03-05 02:37:02 --> Final output sent to browser
DEBUG - 2024-03-05 02:37:02 --> Total execution time: 0.0333
INFO - 2024-03-05 02:37:03 --> Config Class Initialized
INFO - 2024-03-05 02:37:03 --> Hooks Class Initialized
DEBUG - 2024-03-05 02:37:03 --> UTF-8 Support Enabled
INFO - 2024-03-05 02:37:03 --> Utf8 Class Initialized
INFO - 2024-03-05 02:37:03 --> URI Class Initialized
INFO - 2024-03-05 02:37:03 --> Router Class Initialized
INFO - 2024-03-05 02:37:03 --> Output Class Initialized
INFO - 2024-03-05 02:37:03 --> Security Class Initialized
DEBUG - 2024-03-05 02:37:03 --> Global POST, GET and COOKIE data sanitized
INFO - 2024-03-05 02:37:03 --> Input Class Initialized
INFO - 2024-03-05 02:37:03 --> Language Class Initialized
INFO - 2024-03-05 02:37:03 --> Loader Class Initialized
INFO - 2024-03-05 02:37:03 --> Helper loaded: url_helper
INFO - 2024-03-05 02:37:03 --> Database Driver Class Initialized
INFO - 2024-03-05 02:37:03 --> Controller Class Initialized
INFO - 2024-03-05 02:37:03 --> Model "Mconfigkey" initialized
INFO - 2024-03-05 02:37:03 --> Model "Mportal_data" initialized
ERROR - 2024-03-05 02:37:03 --> Query error: [Microsoft][ODBC Driver 18 for SQL Server][SQL Server]Invalid object name 'tr_bc_dokumen'. - Invalid query: SELECT "A".*, "B"."URAIAN_DOKUMEN"
FROM "tr_bc_dokumen" "A"
LEFT JOIN "referensi_dokumen" "B" ON "A"."TIPE_DOKUMEN"="B"."TIPE_DOKUMEN" and "A"."KODE_JENIS_DOKUMEN"="B"."KODE_DOKUMEN"
WHERE 
        A.ID_HEADER = (
            Select TOP 1 ID_HEADER_ORI from tr_bc_header 
            where 
            NOMOR_AJU IN (
                select A.NOMOR_AJU from upload_coo_detail A where A.INVOICE_NO='AXB330028J' group by A.NOMOR_AJU 
            )
            group by 
            ID_HEADER_ORI

        )
        
INFO - 2024-03-05 02:37:03 --> Language file loaded: language/english/db_lang.php
INFO - 2024-03-05 02:37:04 --> Config Class Initialized
INFO - 2024-03-05 02:37:04 --> Hooks Class Initialized
DEBUG - 2024-03-05 02:37:04 --> UTF-8 Support Enabled
INFO - 2024-03-05 02:37:04 --> Utf8 Class Initialized
INFO - 2024-03-05 02:37:04 --> URI Class Initialized
INFO - 2024-03-05 02:37:04 --> Router Class Initialized
INFO - 2024-03-05 02:37:04 --> Output Class Initialized
INFO - 2024-03-05 02:37:04 --> Security Class Initialized
DEBUG - 2024-03-05 02:37:04 --> Global POST, GET and COOKIE data sanitized
INFO - 2024-03-05 02:37:04 --> Input Class Initialized
INFO - 2024-03-05 02:37:04 --> Language Class Initialized
INFO - 2024-03-05 02:37:04 --> Loader Class Initialized
INFO - 2024-03-05 02:37:04 --> Helper loaded: url_helper
INFO - 2024-03-05 02:37:04 --> Database Driver Class Initialized
INFO - 2024-03-05 02:37:04 --> Controller Class Initialized
INFO - 2024-03-05 02:37:04 --> Model "Mconfigkey" initialized
INFO - 2024-03-05 02:37:04 --> Model "Mportal_data" initialized
INFO - 2024-03-05 02:37:04 --> Final output sent to browser
DEBUG - 2024-03-05 02:37:04 --> Total execution time: 0.0681
INFO - 2024-03-05 02:37:04 --> Config Class Initialized
INFO - 2024-03-05 02:37:04 --> Hooks Class Initialized
DEBUG - 2024-03-05 02:37:04 --> UTF-8 Support Enabled
INFO - 2024-03-05 02:37:04 --> Utf8 Class Initialized
INFO - 2024-03-05 02:37:04 --> URI Class Initialized
INFO - 2024-03-05 02:37:04 --> Router Class Initialized
INFO - 2024-03-05 02:37:04 --> Output Class Initialized
INFO - 2024-03-05 02:37:04 --> Security Class Initialized
DEBUG - 2024-03-05 02:37:04 --> Global POST, GET and COOKIE data sanitized
INFO - 2024-03-05 02:37:04 --> Input Class Initialized
INFO - 2024-03-05 02:37:04 --> Language Class Initialized
INFO - 2024-03-05 02:37:04 --> Loader Class Initialized
INFO - 2024-03-05 02:37:04 --> Helper loaded: url_helper
INFO - 2024-03-05 02:37:04 --> Database Driver Class Initialized
INFO - 2024-03-05 02:37:04 --> Controller Class Initialized
INFO - 2024-03-05 02:37:04 --> Model "Mconfigkey" initialized
INFO - 2024-03-05 02:37:04 --> Model "Mportal_data" initialized
INFO - 2024-03-05 02:37:04 --> Final output sent to browser
DEBUG - 2024-03-05 02:37:04 --> Total execution time: 0.0353
INFO - 2024-03-05 02:37:05 --> Config Class Initialized
INFO - 2024-03-05 02:37:05 --> Hooks Class Initialized
DEBUG - 2024-03-05 02:37:05 --> UTF-8 Support Enabled
INFO - 2024-03-05 02:37:05 --> Utf8 Class Initialized
INFO - 2024-03-05 02:37:05 --> URI Class Initialized
INFO - 2024-03-05 02:37:05 --> Router Class Initialized
INFO - 2024-03-05 02:37:05 --> Output Class Initialized
INFO - 2024-03-05 02:37:05 --> Security Class Initialized
DEBUG - 2024-03-05 02:37:05 --> Global POST, GET and COOKIE data sanitized
INFO - 2024-03-05 02:37:05 --> Input Class Initialized
INFO - 2024-03-05 02:37:05 --> Language Class Initialized
INFO - 2024-03-05 02:37:05 --> Loader Class Initialized
INFO - 2024-03-05 02:37:05 --> Helper loaded: url_helper
INFO - 2024-03-05 02:37:05 --> Database Driver Class Initialized
INFO - 2024-03-05 02:37:05 --> Controller Class Initialized
INFO - 2024-03-05 02:37:05 --> Model "Mconfigkey" initialized
INFO - 2024-03-05 02:37:05 --> Model "Mportal_data" initialized
INFO - 2024-03-05 02:37:05 --> Final output sent to browser
DEBUG - 2024-03-05 02:37:05 --> Total execution time: 0.0233
INFO - 2024-03-05 02:37:05 --> Config Class Initialized
INFO - 2024-03-05 02:37:05 --> Hooks Class Initialized
DEBUG - 2024-03-05 02:37:05 --> UTF-8 Support Enabled
INFO - 2024-03-05 02:37:05 --> Utf8 Class Initialized
INFO - 2024-03-05 02:37:05 --> URI Class Initialized
INFO - 2024-03-05 02:37:05 --> Router Class Initialized
INFO - 2024-03-05 02:37:05 --> Output Class Initialized
INFO - 2024-03-05 02:37:05 --> Security Class Initialized
DEBUG - 2024-03-05 02:37:05 --> Global POST, GET and COOKIE data sanitized
INFO - 2024-03-05 02:37:05 --> Input Class Initialized
INFO - 2024-03-05 02:37:05 --> Language Class Initialized
INFO - 2024-03-05 02:37:05 --> Loader Class Initialized
INFO - 2024-03-05 02:37:05 --> Helper loaded: url_helper
INFO - 2024-03-05 02:37:05 --> Database Driver Class Initialized
INFO - 2024-03-05 02:37:05 --> Controller Class Initialized
INFO - 2024-03-05 02:37:05 --> Model "Mconfigkey" initialized
INFO - 2024-03-05 02:37:05 --> Model "Mportal_data" initialized
INFO - 2024-03-05 02:37:06 --> Final output sent to browser
DEBUG - 2024-03-05 02:37:06 --> Total execution time: 0.1819
INFO - 2024-03-05 02:37:14 --> Config Class Initialized
INFO - 2024-03-05 02:37:14 --> Hooks Class Initialized
DEBUG - 2024-03-05 02:37:14 --> UTF-8 Support Enabled
INFO - 2024-03-05 02:37:14 --> Utf8 Class Initialized
INFO - 2024-03-05 02:37:14 --> URI Class Initialized
INFO - 2024-03-05 02:37:14 --> Router Class Initialized
INFO - 2024-03-05 02:37:14 --> Output Class Initialized
INFO - 2024-03-05 02:37:14 --> Security Class Initialized
DEBUG - 2024-03-05 02:37:14 --> Global POST, GET and COOKIE data sanitized
INFO - 2024-03-05 02:37:14 --> Input Class Initialized
INFO - 2024-03-05 02:37:14 --> Language Class Initialized
INFO - 2024-03-05 02:37:14 --> Loader Class Initialized
INFO - 2024-03-05 02:37:14 --> Helper loaded: url_helper
INFO - 2024-03-05 02:37:14 --> Database Driver Class Initialized
INFO - 2024-03-05 02:37:14 --> Controller Class Initialized
INFO - 2024-03-05 02:37:14 --> Model "Mconfigkey" initialized
INFO - 2024-03-05 02:37:14 --> Final output sent to browser
DEBUG - 2024-03-05 02:37:14 --> Total execution time: 0.1433
