INFO - 2024-05-13 14:15:04 --> Config Class Initialized
INFO - 2024-05-13 14:15:04 --> Hooks Class Initialized
DEBUG - 2024-05-13 14:15:04 --> UTF-8 Support Enabled
INFO - 2024-05-13 14:15:04 --> Utf8 Class Initialized
INFO - 2024-05-13 14:15:04 --> URI Class Initialized
INFO - 2024-05-13 14:15:04 --> Router Class Initialized
INFO - 2024-05-13 14:15:04 --> Output Class Initialized
INFO - 2024-05-13 14:15:04 --> Security Class Initialized
DEBUG - 2024-05-13 14:15:04 --> Global POST, GET and COOKIE data sanitized
INFO - 2024-05-13 14:15:04 --> Input Class Initialized
INFO - 2024-05-13 14:15:04 --> Language Class Initialized
INFO - 2024-05-13 14:15:04 --> Loader Class Initialized
INFO - 2024-05-13 14:15:04 --> Helper loaded: url_helper
INFO - 2024-05-13 14:15:05 --> Database Driver Class Initialized
INFO - 2024-05-13 14:15:05 --> Controller Class Initialized
INFO - 2024-05-13 14:15:05 --> Model "Mconfigkey" initialized
INFO - 2024-05-13 14:15:05 --> Final output sent to browser
DEBUG - 2024-05-13 14:15:05 --> Total execution time: 0.3781
INFO - 2024-05-13 14:15:25 --> Config Class Initialized
INFO - 2024-05-13 14:15:25 --> Hooks Class Initialized
DEBUG - 2024-05-13 14:15:25 --> UTF-8 Support Enabled
INFO - 2024-05-13 14:15:25 --> Utf8 Class Initialized
INFO - 2024-05-13 14:15:25 --> URI Class Initialized
INFO - 2024-05-13 14:15:25 --> Router Class Initialized
INFO - 2024-05-13 14:15:25 --> Output Class Initialized
INFO - 2024-05-13 14:15:25 --> Security Class Initialized
DEBUG - 2024-05-13 14:15:25 --> Global POST, GET and COOKIE data sanitized
INFO - 2024-05-13 14:15:25 --> Input Class Initialized
INFO - 2024-05-13 14:15:25 --> Language Class Initialized
INFO - 2024-05-13 14:15:25 --> Loader Class Initialized
INFO - 2024-05-13 14:15:25 --> Helper loaded: url_helper
INFO - 2024-05-13 14:15:25 --> Database Driver Class Initialized
INFO - 2024-05-13 14:15:25 --> Controller Class Initialized
INFO - 2024-05-13 14:15:25 --> Model "Mauth" initialized
INFO - 2024-05-13 14:15:25 --> Model "Mconfigkey" initialized
INFO - 2024-05-13 14:15:25 --> Final output sent to browser
DEBUG - 2024-05-13 14:15:25 --> Total execution time: 0.0394
INFO - 2024-05-13 14:15:35 --> Config Class Initialized
INFO - 2024-05-13 14:15:35 --> Hooks Class Initialized
DEBUG - 2024-05-13 14:15:35 --> UTF-8 Support Enabled
INFO - 2024-05-13 14:15:35 --> Utf8 Class Initialized
INFO - 2024-05-13 14:15:35 --> URI Class Initialized
INFO - 2024-05-13 14:15:35 --> Router Class Initialized
INFO - 2024-05-13 14:15:35 --> Output Class Initialized
INFO - 2024-05-13 14:15:35 --> Security Class Initialized
DEBUG - 2024-05-13 14:15:35 --> Global POST, GET and COOKIE data sanitized
INFO - 2024-05-13 14:15:35 --> Input Class Initialized
INFO - 2024-05-13 14:15:35 --> Language Class Initialized
INFO - 2024-05-13 14:15:35 --> Loader Class Initialized
INFO - 2024-05-13 14:15:35 --> Helper loaded: url_helper
INFO - 2024-05-13 14:15:35 --> Database Driver Class Initialized
INFO - 2024-05-13 14:15:35 --> Controller Class Initialized
INFO - 2024-05-13 14:15:35 --> Model "Mconfigkey" initialized
INFO - 2024-05-13 14:15:35 --> Model "Mgoods_in" initialized
INFO - 2024-05-13 14:15:35 --> Final output sent to browser
DEBUG - 2024-05-13 14:15:35 --> Total execution time: 0.0477
INFO - 2024-05-13 14:15:37 --> Config Class Initialized
INFO - 2024-05-13 14:15:37 --> Hooks Class Initialized
DEBUG - 2024-05-13 14:15:37 --> UTF-8 Support Enabled
INFO - 2024-05-13 14:15:37 --> Utf8 Class Initialized
INFO - 2024-05-13 14:15:37 --> URI Class Initialized
INFO - 2024-05-13 14:15:37 --> Router Class Initialized
INFO - 2024-05-13 14:15:37 --> Output Class Initialized
INFO - 2024-05-13 14:15:37 --> Security Class Initialized
DEBUG - 2024-05-13 14:15:37 --> Global POST, GET and COOKIE data sanitized
INFO - 2024-05-13 14:15:37 --> Input Class Initialized
INFO - 2024-05-13 14:15:37 --> Language Class Initialized
INFO - 2024-05-13 14:15:37 --> Loader Class Initialized
INFO - 2024-05-13 14:15:37 --> Helper loaded: url_helper
INFO - 2024-05-13 14:15:37 --> Database Driver Class Initialized
INFO - 2024-05-13 14:15:37 --> Controller Class Initialized
INFO - 2024-05-13 14:15:37 --> Model "Mconfigkey" initialized
INFO - 2024-05-13 14:15:37 --> Model "Mgoods_in" initialized
INFO - 2024-05-13 14:15:37 --> Final output sent to browser
DEBUG - 2024-05-13 14:15:37 --> Total execution time: 0.4830
INFO - 2024-05-13 14:15:43 --> Config Class Initialized
INFO - 2024-05-13 14:15:43 --> Hooks Class Initialized
DEBUG - 2024-05-13 14:15:43 --> UTF-8 Support Enabled
INFO - 2024-05-13 14:15:43 --> Utf8 Class Initialized
INFO - 2024-05-13 14:15:43 --> URI Class Initialized
INFO - 2024-05-13 14:15:43 --> Router Class Initialized
INFO - 2024-05-13 14:15:43 --> Output Class Initialized
INFO - 2024-05-13 14:15:43 --> Security Class Initialized
DEBUG - 2024-05-13 14:15:43 --> Global POST, GET and COOKIE data sanitized
INFO - 2024-05-13 14:15:43 --> Input Class Initialized
INFO - 2024-05-13 14:15:43 --> Language Class Initialized
INFO - 2024-05-13 14:15:43 --> Loader Class Initialized
INFO - 2024-05-13 14:15:43 --> Helper loaded: url_helper
INFO - 2024-05-13 14:15:43 --> Database Driver Class Initialized
INFO - 2024-05-13 14:15:43 --> Controller Class Initialized
INFO - 2024-05-13 14:15:43 --> Model "Mconfigkey" initialized
INFO - 2024-05-13 14:15:43 --> Model "Mgoods_in" initialized
INFO - 2024-05-13 14:15:44 --> Final output sent to browser
DEBUG - 2024-05-13 14:15:44 --> Total execution time: 0.4959
INFO - 2024-05-13 14:15:46 --> Config Class Initialized
INFO - 2024-05-13 14:15:46 --> Hooks Class Initialized
DEBUG - 2024-05-13 14:15:46 --> UTF-8 Support Enabled
INFO - 2024-05-13 14:15:46 --> Utf8 Class Initialized
INFO - 2024-05-13 14:15:46 --> URI Class Initialized
INFO - 2024-05-13 14:15:46 --> Router Class Initialized
INFO - 2024-05-13 14:15:46 --> Output Class Initialized
INFO - 2024-05-13 14:15:46 --> Security Class Initialized
DEBUG - 2024-05-13 14:15:46 --> Global POST, GET and COOKIE data sanitized
INFO - 2024-05-13 14:15:46 --> Input Class Initialized
INFO - 2024-05-13 14:15:46 --> Language Class Initialized
INFO - 2024-05-13 14:15:46 --> Loader Class Initialized
INFO - 2024-05-13 14:15:46 --> Helper loaded: url_helper
INFO - 2024-05-13 14:15:46 --> Database Driver Class Initialized
INFO - 2024-05-13 14:15:46 --> Controller Class Initialized
INFO - 2024-05-13 14:15:46 --> Model "Mconfigkey" initialized
INFO - 2024-05-13 14:15:46 --> Model "Mgoods_in" initialized
INFO - 2024-05-13 14:15:47 --> Final output sent to browser
DEBUG - 2024-05-13 14:15:47 --> Total execution time: 0.5099
INFO - 2024-05-13 14:15:53 --> Config Class Initialized
INFO - 2024-05-13 14:15:53 --> Hooks Class Initialized
DEBUG - 2024-05-13 14:15:53 --> UTF-8 Support Enabled
INFO - 2024-05-13 14:15:53 --> Utf8 Class Initialized
INFO - 2024-05-13 14:15:53 --> URI Class Initialized
INFO - 2024-05-13 14:15:53 --> Router Class Initialized
INFO - 2024-05-13 14:15:53 --> Output Class Initialized
INFO - 2024-05-13 14:15:53 --> Security Class Initialized
DEBUG - 2024-05-13 14:15:53 --> Global POST, GET and COOKIE data sanitized
INFO - 2024-05-13 14:15:53 --> Input Class Initialized
INFO - 2024-05-13 14:15:53 --> Language Class Initialized
INFO - 2024-05-13 14:15:53 --> Loader Class Initialized
INFO - 2024-05-13 14:15:53 --> Helper loaded: url_helper
INFO - 2024-05-13 14:15:53 --> Database Driver Class Initialized
INFO - 2024-05-13 14:15:53 --> Controller Class Initialized
INFO - 2024-05-13 14:15:53 --> Model "Mconfigkey" initialized
INFO - 2024-05-13 14:15:53 --> Model "Mgoods_in" initialized
INFO - 2024-05-13 14:15:54 --> Final output sent to browser
DEBUG - 2024-05-13 14:15:54 --> Total execution time: 0.1841
INFO - 2024-05-13 14:16:59 --> Config Class Initialized
INFO - 2024-05-13 14:16:59 --> Hooks Class Initialized
DEBUG - 2024-05-13 14:16:59 --> UTF-8 Support Enabled
INFO - 2024-05-13 14:16:59 --> Utf8 Class Initialized
INFO - 2024-05-13 14:16:59 --> URI Class Initialized
INFO - 2024-05-13 14:16:59 --> Router Class Initialized
INFO - 2024-05-13 14:16:59 --> Output Class Initialized
INFO - 2024-05-13 14:16:59 --> Security Class Initialized
DEBUG - 2024-05-13 14:16:59 --> Global POST, GET and COOKIE data sanitized
INFO - 2024-05-13 14:16:59 --> Input Class Initialized
INFO - 2024-05-13 14:16:59 --> Language Class Initialized
INFO - 2024-05-13 14:16:59 --> Loader Class Initialized
INFO - 2024-05-13 14:16:59 --> Config Class Initialized
INFO - 2024-05-13 14:16:59 --> Hooks Class Initialized
INFO - 2024-05-13 14:16:59 --> Helper loaded: url_helper
DEBUG - 2024-05-13 14:16:59 --> UTF-8 Support Enabled
INFO - 2024-05-13 14:16:59 --> Utf8 Class Initialized
INFO - 2024-05-13 14:16:59 --> URI Class Initialized
INFO - 2024-05-13 14:16:59 --> Router Class Initialized
INFO - 2024-05-13 14:16:59 --> Output Class Initialized
INFO - 2024-05-13 14:16:59 --> Database Driver Class Initialized
INFO - 2024-05-13 14:16:59 --> Security Class Initialized
DEBUG - 2024-05-13 14:16:59 --> Global POST, GET and COOKIE data sanitized
INFO - 2024-05-13 14:16:59 --> Input Class Initialized
INFO - 2024-05-13 14:16:59 --> Language Class Initialized
INFO - 2024-05-13 14:16:59 --> Loader Class Initialized
INFO - 2024-05-13 14:16:59 --> Helper loaded: url_helper
INFO - 2024-05-13 14:16:59 --> Database Driver Class Initialized
INFO - 2024-05-13 14:16:59 --> Controller Class Initialized
INFO - 2024-05-13 14:16:59 --> Model "Mconfigkey" initialized
INFO - 2024-05-13 14:16:59 --> Controller Class Initialized
INFO - 2024-05-13 14:16:59 --> Model "Mconfigkey" initialized
INFO - 2024-05-13 14:16:59 --> Model "Msync_doc_aw" initialized
INFO - 2024-05-13 14:16:59 --> Model "Msync_doc_aw" initialized
INFO - 2024-05-13 14:16:59 --> Final output sent to browser
DEBUG - 2024-05-13 14:16:59 --> Total execution time: 0.0405
INFO - 2024-05-13 14:16:59 --> Final output sent to browser
DEBUG - 2024-05-13 14:16:59 --> Total execution time: 0.0409
INFO - 2024-05-13 14:16:59 --> Config Class Initialized
INFO - 2024-05-13 14:16:59 --> Hooks Class Initialized
DEBUG - 2024-05-13 14:16:59 --> UTF-8 Support Enabled
INFO - 2024-05-13 14:16:59 --> Utf8 Class Initialized
INFO - 2024-05-13 14:16:59 --> URI Class Initialized
INFO - 2024-05-13 14:16:59 --> Router Class Initialized
INFO - 2024-05-13 14:16:59 --> Output Class Initialized
INFO - 2024-05-13 14:16:59 --> Security Class Initialized
DEBUG - 2024-05-13 14:16:59 --> Global POST, GET and COOKIE data sanitized
INFO - 2024-05-13 14:16:59 --> Input Class Initialized
INFO - 2024-05-13 14:16:59 --> Language Class Initialized
INFO - 2024-05-13 14:16:59 --> Loader Class Initialized
INFO - 2024-05-13 14:16:59 --> Helper loaded: url_helper
INFO - 2024-05-13 14:16:59 --> Database Driver Class Initialized
INFO - 2024-05-13 14:16:59 --> Controller Class Initialized
INFO - 2024-05-13 14:16:59 --> Model "Mconfigkey" initialized
INFO - 2024-05-13 14:16:59 --> Model "Mgoods_in" initialized
INFO - 2024-05-13 14:16:59 --> Final output sent to browser
DEBUG - 2024-05-13 14:16:59 --> Total execution time: 0.0446
INFO - 2024-05-13 14:17:00 --> Config Class Initialized
INFO - 2024-05-13 14:17:00 --> Hooks Class Initialized
DEBUG - 2024-05-13 14:17:00 --> UTF-8 Support Enabled
INFO - 2024-05-13 14:17:00 --> Utf8 Class Initialized
INFO - 2024-05-13 14:17:00 --> URI Class Initialized
INFO - 2024-05-13 14:17:00 --> Router Class Initialized
INFO - 2024-05-13 14:17:00 --> Output Class Initialized
INFO - 2024-05-13 14:17:00 --> Security Class Initialized
DEBUG - 2024-05-13 14:17:00 --> Global POST, GET and COOKIE data sanitized
INFO - 2024-05-13 14:17:00 --> Input Class Initialized
INFO - 2024-05-13 14:17:00 --> Language Class Initialized
INFO - 2024-05-13 14:17:00 --> Loader Class Initialized
INFO - 2024-05-13 14:17:00 --> Helper loaded: url_helper
INFO - 2024-05-13 14:17:00 --> Database Driver Class Initialized
INFO - 2024-05-13 14:17:00 --> Controller Class Initialized
INFO - 2024-05-13 14:17:00 --> Model "Mconfigkey" initialized
INFO - 2024-05-13 14:17:00 --> Model "Mportal_data" initialized
INFO - 2024-05-13 14:17:00 --> Final output sent to browser
DEBUG - 2024-05-13 14:17:00 --> Total execution time: 0.0311
INFO - 2024-05-13 14:17:01 --> Config Class Initialized
INFO - 2024-05-13 14:17:01 --> Hooks Class Initialized
DEBUG - 2024-05-13 14:17:01 --> UTF-8 Support Enabled
INFO - 2024-05-13 14:17:01 --> Utf8 Class Initialized
INFO - 2024-05-13 14:17:01 --> URI Class Initialized
INFO - 2024-05-13 14:17:01 --> Router Class Initialized
INFO - 2024-05-13 14:17:01 --> Output Class Initialized
INFO - 2024-05-13 14:17:01 --> Security Class Initialized
DEBUG - 2024-05-13 14:17:01 --> Global POST, GET and COOKIE data sanitized
INFO - 2024-05-13 14:17:01 --> Input Class Initialized
INFO - 2024-05-13 14:17:01 --> Language Class Initialized
INFO - 2024-05-13 14:17:01 --> Loader Class Initialized
INFO - 2024-05-13 14:17:01 --> Helper loaded: url_helper
INFO - 2024-05-13 14:17:01 --> Database Driver Class Initialized
INFO - 2024-05-13 14:17:01 --> Controller Class Initialized
INFO - 2024-05-13 14:17:01 --> Model "Mconfigkey" initialized
INFO - 2024-05-13 14:17:01 --> Model "Mportal_data" initialized
INFO - 2024-05-13 14:17:01 --> Final output sent to browser
DEBUG - 2024-05-13 14:17:01 --> Total execution time: 0.0211
INFO - 2024-05-13 14:17:02 --> Config Class Initialized
INFO - 2024-05-13 14:17:02 --> Hooks Class Initialized
DEBUG - 2024-05-13 14:17:02 --> UTF-8 Support Enabled
INFO - 2024-05-13 14:17:02 --> Utf8 Class Initialized
INFO - 2024-05-13 14:17:02 --> URI Class Initialized
INFO - 2024-05-13 14:17:02 --> Router Class Initialized
INFO - 2024-05-13 14:17:02 --> Output Class Initialized
INFO - 2024-05-13 14:17:02 --> Security Class Initialized
DEBUG - 2024-05-13 14:17:02 --> Global POST, GET and COOKIE data sanitized
INFO - 2024-05-13 14:17:02 --> Input Class Initialized
INFO - 2024-05-13 14:17:02 --> Language Class Initialized
INFO - 2024-05-13 14:17:02 --> Loader Class Initialized
INFO - 2024-05-13 14:17:02 --> Helper loaded: url_helper
INFO - 2024-05-13 14:17:02 --> Database Driver Class Initialized
INFO - 2024-05-13 14:17:02 --> Controller Class Initialized
INFO - 2024-05-13 14:17:02 --> Model "Mconfigkey" initialized
INFO - 2024-05-13 14:17:02 --> Model "Mportal_data" initialized
INFO - 2024-05-13 14:17:02 --> Final output sent to browser
DEBUG - 2024-05-13 14:17:02 --> Total execution time: 0.0214
INFO - 2024-05-13 14:17:02 --> Config Class Initialized
INFO - 2024-05-13 14:17:02 --> Hooks Class Initialized
DEBUG - 2024-05-13 14:17:02 --> UTF-8 Support Enabled
INFO - 2024-05-13 14:17:02 --> Utf8 Class Initialized
INFO - 2024-05-13 14:17:02 --> URI Class Initialized
INFO - 2024-05-13 14:17:02 --> Router Class Initialized
INFO - 2024-05-13 14:17:02 --> Output Class Initialized
INFO - 2024-05-13 14:17:02 --> Security Class Initialized
DEBUG - 2024-05-13 14:17:02 --> Global POST, GET and COOKIE data sanitized
INFO - 2024-05-13 14:17:02 --> Input Class Initialized
INFO - 2024-05-13 14:17:02 --> Language Class Initialized
INFO - 2024-05-13 14:17:02 --> Loader Class Initialized
INFO - 2024-05-13 14:17:02 --> Helper loaded: url_helper
INFO - 2024-05-13 14:17:03 --> Database Driver Class Initialized
INFO - 2024-05-13 14:17:03 --> Controller Class Initialized
INFO - 2024-05-13 14:17:03 --> Model "Mconfigkey" initialized
INFO - 2024-05-13 14:17:03 --> Model "Mportal_data" initialized
INFO - 2024-05-13 14:17:03 --> Final output sent to browser
DEBUG - 2024-05-13 14:17:03 --> Total execution time: 0.0230
INFO - 2024-05-13 14:19:27 --> Config Class Initialized
INFO - 2024-05-13 14:19:27 --> Hooks Class Initialized
DEBUG - 2024-05-13 14:19:27 --> UTF-8 Support Enabled
INFO - 2024-05-13 14:19:27 --> Utf8 Class Initialized
INFO - 2024-05-13 14:19:27 --> URI Class Initialized
INFO - 2024-05-13 14:19:27 --> Router Class Initialized
INFO - 2024-05-13 14:19:27 --> Output Class Initialized
INFO - 2024-05-13 14:19:27 --> Security Class Initialized
DEBUG - 2024-05-13 14:19:27 --> Global POST, GET and COOKIE data sanitized
INFO - 2024-05-13 14:19:27 --> Input Class Initialized
INFO - 2024-05-13 14:19:27 --> Language Class Initialized
INFO - 2024-05-13 14:19:27 --> Loader Class Initialized
INFO - 2024-05-13 14:19:27 --> Helper loaded: url_helper
INFO - 2024-05-13 14:19:27 --> Database Driver Class Initialized
INFO - 2024-05-13 14:19:27 --> Controller Class Initialized
INFO - 2024-05-13 14:19:27 --> Model "Mconfigkey" initialized
INFO - 2024-05-13 14:19:27 --> Final output sent to browser
DEBUG - 2024-05-13 14:19:27 --> Total execution time: 0.0200
INFO - 2024-05-13 14:19:37 --> Config Class Initialized
INFO - 2024-05-13 14:19:37 --> Hooks Class Initialized
DEBUG - 2024-05-13 14:19:37 --> UTF-8 Support Enabled
INFO - 2024-05-13 14:19:37 --> Utf8 Class Initialized
INFO - 2024-05-13 14:19:37 --> URI Class Initialized
INFO - 2024-05-13 14:19:37 --> Router Class Initialized
INFO - 2024-05-13 14:19:37 --> Output Class Initialized
INFO - 2024-05-13 14:19:37 --> Security Class Initialized
DEBUG - 2024-05-13 14:19:37 --> Global POST, GET and COOKIE data sanitized
INFO - 2024-05-13 14:19:37 --> Input Class Initialized
INFO - 2024-05-13 14:19:37 --> Language Class Initialized
INFO - 2024-05-13 14:19:37 --> Loader Class Initialized
INFO - 2024-05-13 14:19:37 --> Helper loaded: url_helper
INFO - 2024-05-13 14:19:37 --> Database Driver Class Initialized
INFO - 2024-05-13 14:19:37 --> Controller Class Initialized
INFO - 2024-05-13 14:19:37 --> Model "Mconfigkey" initialized
INFO - 2024-05-13 14:19:37 --> Model "Mportal_data" initialized
INFO - 2024-05-13 14:19:37 --> Final output sent to browser
DEBUG - 2024-05-13 14:19:37 --> Total execution time: 0.0581
INFO - 2024-05-13 14:20:50 --> Config Class Initialized
INFO - 2024-05-13 14:20:50 --> Hooks Class Initialized
DEBUG - 2024-05-13 14:20:50 --> UTF-8 Support Enabled
INFO - 2024-05-13 14:20:50 --> Utf8 Class Initialized
INFO - 2024-05-13 14:20:50 --> URI Class Initialized
INFO - 2024-05-13 14:20:50 --> Router Class Initialized
INFO - 2024-05-13 14:20:50 --> Output Class Initialized
INFO - 2024-05-13 14:20:50 --> Security Class Initialized
DEBUG - 2024-05-13 14:20:50 --> Global POST, GET and COOKIE data sanitized
INFO - 2024-05-13 14:20:50 --> Input Class Initialized
INFO - 2024-05-13 14:20:50 --> Language Class Initialized
INFO - 2024-05-13 14:20:50 --> Loader Class Initialized
INFO - 2024-05-13 14:20:50 --> Helper loaded: url_helper
INFO - 2024-05-13 14:20:50 --> Database Driver Class Initialized
INFO - 2024-05-13 14:20:50 --> Controller Class Initialized
INFO - 2024-05-13 14:20:50 --> Model "Mconfigkey" initialized
INFO - 2024-05-13 14:20:50 --> Final output sent to browser
DEBUG - 2024-05-13 14:20:50 --> Total execution time: 0.0200
