INFO - 2023-12-12 13:57:48 --> Config Class Initialized
INFO - 2023-12-12 13:57:48 --> Hooks Class Initialized
DEBUG - 2023-12-12 13:57:48 --> UTF-8 Support Enabled
INFO - 2023-12-12 13:57:48 --> Utf8 Class Initialized
INFO - 2023-12-12 13:57:48 --> URI Class Initialized
INFO - 2023-12-12 13:57:48 --> Router Class Initialized
INFO - 2023-12-12 13:57:48 --> Output Class Initialized
INFO - 2023-12-12 13:57:48 --> Security Class Initialized
DEBUG - 2023-12-12 13:57:48 --> Global POST, GET and COOKIE data sanitized
INFO - 2023-12-12 13:57:48 --> Input Class Initialized
INFO - 2023-12-12 13:57:48 --> Language Class Initialized
INFO - 2023-12-12 13:57:48 --> Loader Class Initialized
INFO - 2023-12-12 13:57:48 --> Helper loaded: url_helper
INFO - 2023-12-12 13:57:48 --> Database Driver Class Initialized
INFO - 2023-12-12 13:57:48 --> Controller Class Initialized
INFO - 2023-12-12 13:57:48 --> Model "Mauth" initialized
INFO - 2023-12-12 13:57:48 --> Model "Mconfigkey" initialized
INFO - 2023-12-12 13:57:48 --> Final output sent to browser
DEBUG - 2023-12-12 13:57:48 --> Total execution time: 0.8998
INFO - 2023-12-12 13:58:01 --> Config Class Initialized
INFO - 2023-12-12 13:58:01 --> Hooks Class Initialized
DEBUG - 2023-12-12 13:58:01 --> UTF-8 Support Enabled
INFO - 2023-12-12 13:58:01 --> Utf8 Class Initialized
INFO - 2023-12-12 13:58:01 --> URI Class Initialized
INFO - 2023-12-12 13:58:01 --> Router Class Initialized
INFO - 2023-12-12 13:58:01 --> Output Class Initialized
INFO - 2023-12-12 13:58:01 --> Security Class Initialized
DEBUG - 2023-12-12 13:58:01 --> Global POST, GET and COOKIE data sanitized
INFO - 2023-12-12 13:58:01 --> Input Class Initialized
INFO - 2023-12-12 13:58:01 --> Language Class Initialized
INFO - 2023-12-12 13:58:01 --> Loader Class Initialized
INFO - 2023-12-12 13:58:01 --> Helper loaded: url_helper
INFO - 2023-12-12 13:58:01 --> Database Driver Class Initialized
INFO - 2023-12-12 13:58:01 --> Controller Class Initialized
INFO - 2023-12-12 13:58:01 --> Model "Mconfigkey" initialized
INFO - 2023-12-12 13:58:01 --> Final output sent to browser
DEBUG - 2023-12-12 13:58:01 --> Total execution time: 0.6172
INFO - 2023-12-12 13:58:05 --> Config Class Initialized
INFO - 2023-12-12 13:58:05 --> Hooks Class Initialized
DEBUG - 2023-12-12 13:58:05 --> UTF-8 Support Enabled
INFO - 2023-12-12 13:58:05 --> Utf8 Class Initialized
INFO - 2023-12-12 13:58:05 --> URI Class Initialized
INFO - 2023-12-12 13:58:05 --> Router Class Initialized
INFO - 2023-12-12 13:58:05 --> Output Class Initialized
INFO - 2023-12-12 13:58:05 --> Security Class Initialized
DEBUG - 2023-12-12 13:58:05 --> Global POST, GET and COOKIE data sanitized
INFO - 2023-12-12 13:58:05 --> Input Class Initialized
INFO - 2023-12-12 13:58:05 --> Language Class Initialized
INFO - 2023-12-12 13:58:05 --> Loader Class Initialized
INFO - 2023-12-12 13:58:05 --> Helper loaded: url_helper
INFO - 2023-12-12 13:58:05 --> Database Driver Class Initialized
INFO - 2023-12-12 13:58:06 --> Controller Class Initialized
INFO - 2023-12-12 13:58:06 --> Model "Mconfigkey" initialized
INFO - 2023-12-12 13:58:06 --> Final output sent to browser
DEBUG - 2023-12-12 13:58:06 --> Total execution time: 0.7169
INFO - 2023-12-12 13:58:08 --> Config Class Initialized
INFO - 2023-12-12 13:58:08 --> Hooks Class Initialized
DEBUG - 2023-12-12 13:58:08 --> UTF-8 Support Enabled
INFO - 2023-12-12 13:58:08 --> Utf8 Class Initialized
INFO - 2023-12-12 13:58:08 --> URI Class Initialized
INFO - 2023-12-12 13:58:08 --> Router Class Initialized
INFO - 2023-12-12 13:58:08 --> Output Class Initialized
INFO - 2023-12-12 13:58:08 --> Security Class Initialized
DEBUG - 2023-12-12 13:58:08 --> Global POST, GET and COOKIE data sanitized
INFO - 2023-12-12 13:58:08 --> Input Class Initialized
INFO - 2023-12-12 13:58:08 --> Language Class Initialized
INFO - 2023-12-12 13:58:08 --> Loader Class Initialized
INFO - 2023-12-12 13:58:08 --> Helper loaded: url_helper
INFO - 2023-12-12 13:58:08 --> Database Driver Class Initialized
INFO - 2023-12-12 13:58:09 --> Controller Class Initialized
INFO - 2023-12-12 13:58:09 --> Model "Mconfigkey" initialized
INFO - 2023-12-12 13:58:09 --> Final output sent to browser
DEBUG - 2023-12-12 13:58:09 --> Total execution time: 0.5929
INFO - 2023-12-12 13:58:57 --> Config Class Initialized
INFO - 2023-12-12 13:58:57 --> Hooks Class Initialized
DEBUG - 2023-12-12 13:58:57 --> UTF-8 Support Enabled
INFO - 2023-12-12 13:58:57 --> Utf8 Class Initialized
INFO - 2023-12-12 13:58:57 --> URI Class Initialized
INFO - 2023-12-12 13:58:57 --> Router Class Initialized
INFO - 2023-12-12 13:58:57 --> Output Class Initialized
INFO - 2023-12-12 13:58:57 --> Security Class Initialized
DEBUG - 2023-12-12 13:58:57 --> Global POST, GET and COOKIE data sanitized
INFO - 2023-12-12 13:58:57 --> Input Class Initialized
INFO - 2023-12-12 13:58:57 --> Language Class Initialized
INFO - 2023-12-12 13:58:57 --> Loader Class Initialized
INFO - 2023-12-12 13:58:57 --> Helper loaded: url_helper
INFO - 2023-12-12 13:58:57 --> Database Driver Class Initialized
INFO - 2023-12-12 13:58:57 --> Controller Class Initialized
INFO - 2023-12-12 13:58:58 --> Model "Mconfigkey" initialized
INFO - 2023-12-12 13:58:58 --> Model "Mbcout_30" initialized
INFO - 2023-12-12 13:58:58 --> Final output sent to browser
DEBUG - 2023-12-12 13:58:58 --> Total execution time: 0.5137
INFO - 2023-12-12 13:58:58 --> Config Class Initialized
INFO - 2023-12-12 13:58:58 --> Hooks Class Initialized
DEBUG - 2023-12-12 13:58:58 --> UTF-8 Support Enabled
INFO - 2023-12-12 13:58:58 --> Utf8 Class Initialized
INFO - 2023-12-12 13:58:58 --> URI Class Initialized
INFO - 2023-12-12 13:58:58 --> Router Class Initialized
INFO - 2023-12-12 13:58:58 --> Output Class Initialized
INFO - 2023-12-12 13:58:58 --> Security Class Initialized
DEBUG - 2023-12-12 13:58:58 --> Global POST, GET and COOKIE data sanitized
INFO - 2023-12-12 13:58:58 --> Input Class Initialized
INFO - 2023-12-12 13:58:58 --> Language Class Initialized
INFO - 2023-12-12 13:58:58 --> Loader Class Initialized
INFO - 2023-12-12 13:58:59 --> Helper loaded: url_helper
INFO - 2023-12-12 13:58:59 --> Database Driver Class Initialized
INFO - 2023-12-12 13:58:59 --> Controller Class Initialized
INFO - 2023-12-12 13:58:59 --> Model "Mconfigkey" initialized
INFO - 2023-12-12 13:58:59 --> Model "Mbcout_28" initialized
INFO - 2023-12-12 13:58:59 --> Final output sent to browser
DEBUG - 2023-12-12 13:58:59 --> Total execution time: 0.5644
INFO - 2023-12-12 13:59:03 --> Config Class Initialized
INFO - 2023-12-12 13:59:03 --> Hooks Class Initialized
DEBUG - 2023-12-12 13:59:03 --> UTF-8 Support Enabled
INFO - 2023-12-12 13:59:03 --> Utf8 Class Initialized
INFO - 2023-12-12 13:59:03 --> URI Class Initialized
INFO - 2023-12-12 13:59:03 --> Router Class Initialized
INFO - 2023-12-12 13:59:03 --> Output Class Initialized
INFO - 2023-12-12 13:59:03 --> Security Class Initialized
DEBUG - 2023-12-12 13:59:03 --> Global POST, GET and COOKIE data sanitized
INFO - 2023-12-12 13:59:03 --> Input Class Initialized
INFO - 2023-12-12 13:59:03 --> Language Class Initialized
INFO - 2023-12-12 13:59:03 --> Loader Class Initialized
INFO - 2023-12-12 13:59:03 --> Helper loaded: url_helper
INFO - 2023-12-12 13:59:03 --> Database Driver Class Initialized
INFO - 2023-12-12 13:59:03 --> Controller Class Initialized
INFO - 2023-12-12 13:59:03 --> Model "Mconfigkey" initialized
INFO - 2023-12-12 13:59:03 --> Model "Mbcout_27" initialized
INFO - 2023-12-12 13:59:03 --> Final output sent to browser
DEBUG - 2023-12-12 13:59:03 --> Total execution time: 0.4157
INFO - 2023-12-12 13:59:05 --> Config Class Initialized
INFO - 2023-12-12 13:59:05 --> Hooks Class Initialized
DEBUG - 2023-12-12 13:59:05 --> UTF-8 Support Enabled
INFO - 2023-12-12 13:59:05 --> Utf8 Class Initialized
INFO - 2023-12-12 13:59:05 --> URI Class Initialized
INFO - 2023-12-12 13:59:05 --> Router Class Initialized
INFO - 2023-12-12 13:59:05 --> Output Class Initialized
INFO - 2023-12-12 13:59:05 --> Security Class Initialized
DEBUG - 2023-12-12 13:59:05 --> Global POST, GET and COOKIE data sanitized
INFO - 2023-12-12 13:59:05 --> Input Class Initialized
INFO - 2023-12-12 13:59:05 --> Language Class Initialized
INFO - 2023-12-12 13:59:05 --> Loader Class Initialized
INFO - 2023-12-12 13:59:05 --> Helper loaded: url_helper
INFO - 2023-12-12 13:59:05 --> Database Driver Class Initialized
INFO - 2023-12-12 13:59:06 --> Controller Class Initialized
INFO - 2023-12-12 13:59:06 --> Model "Mconfigkey" initialized
INFO - 2023-12-12 13:59:06 --> Model "Mbcout_41" initialized
INFO - 2023-12-12 13:59:06 --> Final output sent to browser
DEBUG - 2023-12-12 13:59:06 --> Total execution time: 0.9746
INFO - 2023-12-12 14:00:03 --> Config Class Initialized
INFO - 2023-12-12 14:00:03 --> Hooks Class Initialized
DEBUG - 2023-12-12 14:00:03 --> UTF-8 Support Enabled
INFO - 2023-12-12 14:00:03 --> Utf8 Class Initialized
INFO - 2023-12-12 14:00:03 --> URI Class Initialized
INFO - 2023-12-12 14:00:03 --> Router Class Initialized
INFO - 2023-12-12 14:00:03 --> Output Class Initialized
INFO - 2023-12-12 14:00:03 --> Security Class Initialized
DEBUG - 2023-12-12 14:00:03 --> Global POST, GET and COOKIE data sanitized
INFO - 2023-12-12 14:00:03 --> Input Class Initialized
INFO - 2023-12-12 14:00:03 --> Language Class Initialized
INFO - 2023-12-12 14:00:03 --> Loader Class Initialized
INFO - 2023-12-12 14:00:03 --> Helper loaded: url_helper
INFO - 2023-12-12 14:00:04 --> Database Driver Class Initialized
INFO - 2023-12-12 14:00:04 --> Controller Class Initialized
INFO - 2023-12-12 14:00:04 --> Model "Mconfigkey" initialized
INFO - 2023-12-12 14:00:04 --> Model "Mbcin_16" initialized
INFO - 2023-12-12 14:00:04 --> Final output sent to browser
DEBUG - 2023-12-12 14:00:04 --> Total execution time: 0.5666
INFO - 2023-12-12 20:06:18 --> Config Class Initialized
INFO - 2023-12-12 20:06:18 --> Hooks Class Initialized
DEBUG - 2023-12-12 20:06:18 --> UTF-8 Support Enabled
INFO - 2023-12-12 20:06:18 --> Utf8 Class Initialized
INFO - 2023-12-12 20:06:18 --> URI Class Initialized
INFO - 2023-12-12 20:06:18 --> Router Class Initialized
INFO - 2023-12-12 20:06:18 --> Output Class Initialized
INFO - 2023-12-12 20:06:18 --> Security Class Initialized
DEBUG - 2023-12-12 20:06:18 --> Global POST, GET and COOKIE data sanitized
INFO - 2023-12-12 20:06:18 --> Input Class Initialized
INFO - 2023-12-12 20:06:18 --> Language Class Initialized
INFO - 2023-12-12 20:06:18 --> Loader Class Initialized
INFO - 2023-12-12 20:06:18 --> Helper loaded: url_helper
INFO - 2023-12-12 20:06:18 --> Database Driver Class Initialized
INFO - 2023-12-12 20:06:19 --> Controller Class Initialized
INFO - 2023-12-12 20:06:19 --> Model "Mauth" initialized
INFO - 2023-12-12 20:06:19 --> Model "Mconfigkey" initialized
INFO - 2023-12-12 20:06:19 --> Final output sent to browser
DEBUG - 2023-12-12 20:06:19 --> Total execution time: 0.9127
INFO - 2023-12-12 20:06:27 --> Config Class Initialized
INFO - 2023-12-12 20:06:27 --> Hooks Class Initialized
DEBUG - 2023-12-12 20:06:27 --> UTF-8 Support Enabled
INFO - 2023-12-12 20:06:27 --> Utf8 Class Initialized
INFO - 2023-12-12 20:06:27 --> URI Class Initialized
INFO - 2023-12-12 20:06:27 --> Router Class Initialized
INFO - 2023-12-12 20:06:27 --> Output Class Initialized
INFO - 2023-12-12 20:06:27 --> Security Class Initialized
DEBUG - 2023-12-12 20:06:27 --> Global POST, GET and COOKIE data sanitized
INFO - 2023-12-12 20:06:27 --> Input Class Initialized
INFO - 2023-12-12 20:06:27 --> Language Class Initialized
INFO - 2023-12-12 20:06:27 --> Loader Class Initialized
INFO - 2023-12-12 20:06:27 --> Helper loaded: url_helper
INFO - 2023-12-12 20:06:27 --> Database Driver Class Initialized
INFO - 2023-12-12 20:06:28 --> Controller Class Initialized
INFO - 2023-12-12 20:06:28 --> Model "Mconfigkey" initialized
INFO - 2023-12-12 20:06:28 --> Model "Mbcin_ppb" initialized
INFO - 2023-12-12 20:06:28 --> Final output sent to browser
DEBUG - 2023-12-12 20:06:28 --> Total execution time: 0.4871
