INFO - 2024-11-20 11:45:02 --> Config Class Initialized
INFO - 2024-11-20 11:45:02 --> Hooks Class Initialized
DEBUG - 2024-11-20 11:45:02 --> UTF-8 Support Enabled
INFO - 2024-11-20 11:45:02 --> Utf8 Class Initialized
INFO - 2024-11-20 11:45:02 --> URI Class Initialized
INFO - 2024-11-20 11:45:02 --> Router Class Initialized
INFO - 2024-11-20 11:45:02 --> Output Class Initialized
INFO - 2024-11-20 11:45:02 --> Security Class Initialized
DEBUG - 2024-11-20 11:45:02 --> Global POST, GET and COOKIE data sanitized
INFO - 2024-11-20 11:45:02 --> Input Class Initialized
INFO - 2024-11-20 11:45:02 --> Language Class Initialized
INFO - 2024-11-20 11:45:02 --> Loader Class Initialized
INFO - 2024-11-20 11:45:02 --> Helper loaded: url_helper
INFO - 2024-11-20 11:45:02 --> Database Driver Class Initialized
INFO - 2024-11-20 11:45:02 --> Controller Class Initialized
INFO - 2024-11-20 11:45:02 --> Model "Mauth" initialized
INFO - 2024-11-20 11:45:03 --> Model "Mconfigkey" initialized
INFO - 2024-11-20 11:45:03 --> Final output sent to browser
DEBUG - 2024-11-20 11:45:03 --> Total execution time: 0.2905
INFO - 2024-11-20 11:45:09 --> Config Class Initialized
INFO - 2024-11-20 11:45:09 --> Hooks Class Initialized
DEBUG - 2024-11-20 11:45:09 --> UTF-8 Support Enabled
INFO - 2024-11-20 11:45:09 --> Utf8 Class Initialized
INFO - 2024-11-20 11:45:09 --> URI Class Initialized
INFO - 2024-11-20 11:45:09 --> Router Class Initialized
INFO - 2024-11-20 11:45:09 --> Output Class Initialized
INFO - 2024-11-20 11:45:09 --> Security Class Initialized
DEBUG - 2024-11-20 11:45:09 --> Global POST, GET and COOKIE data sanitized
INFO - 2024-11-20 11:45:09 --> Input Class Initialized
INFO - 2024-11-20 11:45:09 --> Language Class Initialized
INFO - 2024-11-20 11:45:09 --> Loader Class Initialized
INFO - 2024-11-20 11:45:09 --> Helper loaded: url_helper
INFO - 2024-11-20 11:45:09 --> Database Driver Class Initialized
INFO - 2024-11-20 11:45:09 --> Controller Class Initialized
INFO - 2024-11-20 11:45:09 --> Model "Mconfigkey" initialized
INFO - 2024-11-20 11:45:09 --> Model "Msync_doc_aw" initialized
INFO - 2024-11-20 11:45:09 --> Final output sent to browser
DEBUG - 2024-11-20 11:45:09 --> Total execution time: 0.0925
INFO - 2024-11-20 11:45:16 --> Config Class Initialized
INFO - 2024-11-20 11:45:16 --> Hooks Class Initialized
DEBUG - 2024-11-20 11:45:16 --> UTF-8 Support Enabled
INFO - 2024-11-20 11:45:16 --> Utf8 Class Initialized
INFO - 2024-11-20 11:45:16 --> URI Class Initialized
INFO - 2024-11-20 11:45:16 --> Router Class Initialized
INFO - 2024-11-20 11:45:16 --> Output Class Initialized
INFO - 2024-11-20 11:45:16 --> Security Class Initialized
DEBUG - 2024-11-20 11:45:16 --> Global POST, GET and COOKIE data sanitized
INFO - 2024-11-20 11:45:16 --> Input Class Initialized
INFO - 2024-11-20 11:45:16 --> Language Class Initialized
INFO - 2024-11-20 11:45:16 --> Loader Class Initialized
INFO - 2024-11-20 11:45:16 --> Helper loaded: url_helper
INFO - 2024-11-20 11:45:16 --> Database Driver Class Initialized
INFO - 2024-11-20 11:45:16 --> Controller Class Initialized
INFO - 2024-11-20 11:45:16 --> Model "Mconfigkey" initialized
INFO - 2024-11-20 11:45:16 --> Model "Msync_delivery_instruction" initialized
INFO - 2024-11-20 11:45:16 --> Final output sent to browser
DEBUG - 2024-11-20 11:45:16 --> Total execution time: 0.0316
INFO - 2024-11-20 11:45:53 --> Config Class Initialized
INFO - 2024-11-20 11:45:53 --> Hooks Class Initialized
DEBUG - 2024-11-20 11:45:53 --> UTF-8 Support Enabled
INFO - 2024-11-20 11:45:53 --> Utf8 Class Initialized
INFO - 2024-11-20 11:45:53 --> URI Class Initialized
INFO - 2024-11-20 11:45:53 --> Router Class Initialized
INFO - 2024-11-20 11:45:53 --> Output Class Initialized
INFO - 2024-11-20 11:45:53 --> Security Class Initialized
DEBUG - 2024-11-20 11:45:53 --> Global POST, GET and COOKIE data sanitized
INFO - 2024-11-20 11:45:53 --> Input Class Initialized
INFO - 2024-11-20 11:45:53 --> Language Class Initialized
INFO - 2024-11-20 11:45:53 --> Loader Class Initialized
INFO - 2024-11-20 11:45:53 --> Helper loaded: url_helper
INFO - 2024-11-20 11:45:53 --> Database Driver Class Initialized
INFO - 2024-11-20 11:45:53 --> Controller Class Initialized
INFO - 2024-11-20 11:45:53 --> Model "Mconfigkey" initialized
INFO - 2024-11-20 11:45:53 --> Model "Msync_delivery_instruction" initialized
INFO - 2024-11-20 11:45:53 --> Final output sent to browser
DEBUG - 2024-11-20 11:45:53 --> Total execution time: 0.0227
INFO - 2024-11-20 11:45:54 --> Config Class Initialized
INFO - 2024-11-20 11:45:54 --> Hooks Class Initialized
DEBUG - 2024-11-20 11:45:54 --> UTF-8 Support Enabled
INFO - 2024-11-20 11:45:54 --> Utf8 Class Initialized
INFO - 2024-11-20 11:45:54 --> URI Class Initialized
INFO - 2024-11-20 11:45:54 --> Router Class Initialized
INFO - 2024-11-20 11:45:54 --> Output Class Initialized
INFO - 2024-11-20 11:45:54 --> Security Class Initialized
DEBUG - 2024-11-20 11:45:54 --> Global POST, GET and COOKIE data sanitized
INFO - 2024-11-20 11:45:54 --> Input Class Initialized
INFO - 2024-11-20 11:45:54 --> Language Class Initialized
INFO - 2024-11-20 11:45:54 --> Loader Class Initialized
INFO - 2024-11-20 11:45:54 --> Helper loaded: url_helper
INFO - 2024-11-20 11:45:54 --> Database Driver Class Initialized
INFO - 2024-11-20 11:45:54 --> Controller Class Initialized
INFO - 2024-11-20 11:45:54 --> Model "Mconfigkey" initialized
INFO - 2024-11-20 11:45:54 --> Model "Msync_delivery_instruction" initialized
INFO - 2024-11-20 11:45:54 --> Final output sent to browser
DEBUG - 2024-11-20 11:45:54 --> Total execution time: 0.1134
INFO - 2024-11-20 11:45:54 --> Config Class Initialized
INFO - 2024-11-20 11:45:54 --> Hooks Class Initialized
DEBUG - 2024-11-20 11:45:54 --> UTF-8 Support Enabled
INFO - 2024-11-20 11:45:54 --> Utf8 Class Initialized
INFO - 2024-11-20 11:45:54 --> URI Class Initialized
INFO - 2024-11-20 11:45:54 --> Router Class Initialized
INFO - 2024-11-20 11:45:54 --> Output Class Initialized
INFO - 2024-11-20 11:45:54 --> Security Class Initialized
DEBUG - 2024-11-20 11:45:54 --> Global POST, GET and COOKIE data sanitized
INFO - 2024-11-20 11:45:54 --> Input Class Initialized
INFO - 2024-11-20 11:45:54 --> Language Class Initialized
INFO - 2024-11-20 11:45:54 --> Loader Class Initialized
INFO - 2024-11-20 11:45:54 --> Helper loaded: url_helper
INFO - 2024-11-20 11:45:54 --> Database Driver Class Initialized
INFO - 2024-11-20 11:45:54 --> Controller Class Initialized
INFO - 2024-11-20 11:45:54 --> Model "Mconfigkey" initialized
INFO - 2024-11-20 11:45:54 --> Model "Msync_delivery_instruction" initialized
INFO - 2024-11-20 11:45:54 --> Final output sent to browser
DEBUG - 2024-11-20 11:45:54 --> Total execution time: 0.0333
INFO - 2024-11-20 11:46:25 --> Config Class Initialized
INFO - 2024-11-20 11:46:25 --> Hooks Class Initialized
DEBUG - 2024-11-20 11:46:25 --> UTF-8 Support Enabled
INFO - 2024-11-20 11:46:25 --> Utf8 Class Initialized
INFO - 2024-11-20 11:46:25 --> URI Class Initialized
INFO - 2024-11-20 11:46:25 --> Router Class Initialized
INFO - 2024-11-20 11:46:25 --> Output Class Initialized
INFO - 2024-11-20 11:46:25 --> Security Class Initialized
DEBUG - 2024-11-20 11:46:25 --> Global POST, GET and COOKIE data sanitized
INFO - 2024-11-20 11:46:25 --> Input Class Initialized
INFO - 2024-11-20 11:46:25 --> Language Class Initialized
INFO - 2024-11-20 11:46:25 --> Loader Class Initialized
INFO - 2024-11-20 11:46:25 --> Helper loaded: url_helper
INFO - 2024-11-20 11:46:25 --> Database Driver Class Initialized
INFO - 2024-11-20 11:46:25 --> Controller Class Initialized
INFO - 2024-11-20 11:46:25 --> Model "Mconfigkey" initialized
INFO - 2024-11-20 11:46:25 --> Model "Msync_delivery_instruction" initialized
INFO - 2024-11-20 11:46:25 --> Final output sent to browser
DEBUG - 2024-11-20 11:46:25 --> Total execution time: 0.0413
INFO - 2024-11-20 11:46:31 --> Config Class Initialized
INFO - 2024-11-20 11:46:31 --> Hooks Class Initialized
DEBUG - 2024-11-20 11:46:31 --> UTF-8 Support Enabled
INFO - 2024-11-20 11:46:31 --> Utf8 Class Initialized
INFO - 2024-11-20 11:46:31 --> URI Class Initialized
INFO - 2024-11-20 11:46:31 --> Router Class Initialized
INFO - 2024-11-20 11:46:31 --> Output Class Initialized
INFO - 2024-11-20 11:46:31 --> Security Class Initialized
DEBUG - 2024-11-20 11:46:31 --> Global POST, GET and COOKIE data sanitized
INFO - 2024-11-20 11:46:31 --> Input Class Initialized
INFO - 2024-11-20 11:46:31 --> Language Class Initialized
INFO - 2024-11-20 11:46:31 --> Loader Class Initialized
INFO - 2024-11-20 11:46:31 --> Helper loaded: url_helper
INFO - 2024-11-20 11:46:31 --> Database Driver Class Initialized
INFO - 2024-11-20 11:46:31 --> Controller Class Initialized
INFO - 2024-11-20 11:46:31 --> Model "Mconfigkey" initialized
INFO - 2024-11-20 11:46:31 --> Model "Msync_delivery_instruction" initialized
INFO - 2024-11-20 11:46:31 --> Final output sent to browser
DEBUG - 2024-11-20 11:46:31 --> Total execution time: 0.0346
INFO - 2024-11-20 11:46:36 --> Config Class Initialized
INFO - 2024-11-20 11:46:36 --> Hooks Class Initialized
DEBUG - 2024-11-20 11:46:36 --> UTF-8 Support Enabled
INFO - 2024-11-20 11:46:36 --> Utf8 Class Initialized
INFO - 2024-11-20 11:46:36 --> URI Class Initialized
INFO - 2024-11-20 11:46:36 --> Router Class Initialized
INFO - 2024-11-20 11:46:36 --> Output Class Initialized
INFO - 2024-11-20 11:46:36 --> Security Class Initialized
DEBUG - 2024-11-20 11:46:36 --> Global POST, GET and COOKIE data sanitized
INFO - 2024-11-20 11:46:36 --> Input Class Initialized
INFO - 2024-11-20 11:46:36 --> Language Class Initialized
INFO - 2024-11-20 11:46:36 --> Loader Class Initialized
INFO - 2024-11-20 11:46:36 --> Helper loaded: url_helper
INFO - 2024-11-20 11:46:36 --> Database Driver Class Initialized
INFO - 2024-11-20 11:46:36 --> Controller Class Initialized
INFO - 2024-11-20 11:46:36 --> Model "Mconfigkey" initialized
INFO - 2024-11-20 11:46:36 --> Model "Mgoods_delivery" initialized
INFO - 2024-11-20 11:46:36 --> Final output sent to browser
DEBUG - 2024-11-20 11:46:36 --> Total execution time: 0.0361
INFO - 2024-11-20 11:46:47 --> Config Class Initialized
INFO - 2024-11-20 11:46:47 --> Hooks Class Initialized
DEBUG - 2024-11-20 11:46:47 --> UTF-8 Support Enabled
INFO - 2024-11-20 11:46:47 --> Utf8 Class Initialized
INFO - 2024-11-20 11:46:47 --> URI Class Initialized
INFO - 2024-11-20 11:46:47 --> Router Class Initialized
INFO - 2024-11-20 11:46:47 --> Output Class Initialized
INFO - 2024-11-20 11:46:47 --> Security Class Initialized
DEBUG - 2024-11-20 11:46:47 --> Global POST, GET and COOKIE data sanitized
INFO - 2024-11-20 11:46:47 --> Input Class Initialized
INFO - 2024-11-20 11:46:47 --> Language Class Initialized
INFO - 2024-11-20 11:46:47 --> Loader Class Initialized
INFO - 2024-11-20 11:46:47 --> Helper loaded: url_helper
INFO - 2024-11-20 11:46:47 --> Database Driver Class Initialized
INFO - 2024-11-20 11:46:47 --> Controller Class Initialized
INFO - 2024-11-20 11:46:47 --> Model "Mconfigkey" initialized
INFO - 2024-11-20 11:46:47 --> Model "Mgoods_delivery" initialized
INFO - 2024-11-20 11:46:47 --> Final output sent to browser
DEBUG - 2024-11-20 11:46:47 --> Total execution time: 0.0215
INFO - 2024-11-20 11:46:52 --> Config Class Initialized
INFO - 2024-11-20 11:46:52 --> Hooks Class Initialized
DEBUG - 2024-11-20 11:46:52 --> UTF-8 Support Enabled
INFO - 2024-11-20 11:46:52 --> Utf8 Class Initialized
INFO - 2024-11-20 11:46:52 --> URI Class Initialized
INFO - 2024-11-20 11:46:52 --> Router Class Initialized
INFO - 2024-11-20 11:46:52 --> Output Class Initialized
INFO - 2024-11-20 11:46:52 --> Security Class Initialized
DEBUG - 2024-11-20 11:46:52 --> Global POST, GET and COOKIE data sanitized
INFO - 2024-11-20 11:46:52 --> Input Class Initialized
INFO - 2024-11-20 11:46:52 --> Language Class Initialized
INFO - 2024-11-20 11:46:52 --> Loader Class Initialized
INFO - 2024-11-20 11:46:52 --> Helper loaded: url_helper
INFO - 2024-11-20 11:46:52 --> Database Driver Class Initialized
INFO - 2024-11-20 11:46:52 --> Controller Class Initialized
INFO - 2024-11-20 11:46:52 --> Model "Mconfigkey" initialized
INFO - 2024-11-20 11:46:52 --> Model "Mgoods_delivery" initialized
INFO - 2024-11-20 11:46:52 --> Final output sent to browser
DEBUG - 2024-11-20 11:46:52 --> Total execution time: 0.0328
INFO - 2024-11-20 11:47:17 --> Config Class Initialized
INFO - 2024-11-20 11:47:17 --> Hooks Class Initialized
DEBUG - 2024-11-20 11:47:17 --> UTF-8 Support Enabled
INFO - 2024-11-20 11:47:17 --> Utf8 Class Initialized
INFO - 2024-11-20 11:47:17 --> URI Class Initialized
INFO - 2024-11-20 11:47:17 --> Router Class Initialized
INFO - 2024-11-20 11:47:17 --> Output Class Initialized
INFO - 2024-11-20 11:47:17 --> Security Class Initialized
DEBUG - 2024-11-20 11:47:17 --> Global POST, GET and COOKIE data sanitized
INFO - 2024-11-20 11:47:17 --> Input Class Initialized
INFO - 2024-11-20 11:47:17 --> Language Class Initialized
INFO - 2024-11-20 11:47:17 --> Loader Class Initialized
INFO - 2024-11-20 11:47:17 --> Helper loaded: url_helper
INFO - 2024-11-20 11:47:17 --> Database Driver Class Initialized
INFO - 2024-11-20 11:47:17 --> Controller Class Initialized
INFO - 2024-11-20 11:47:17 --> Model "Mconfigkey" initialized
INFO - 2024-11-20 11:47:17 --> Model "Mgoods_delivery" initialized
INFO - 2024-11-20 11:47:17 --> Final output sent to browser
DEBUG - 2024-11-20 11:47:17 --> Total execution time: 0.0215
INFO - 2024-11-20 11:47:24 --> Config Class Initialized
INFO - 2024-11-20 11:47:24 --> Hooks Class Initialized
DEBUG - 2024-11-20 11:47:24 --> UTF-8 Support Enabled
INFO - 2024-11-20 11:47:24 --> Utf8 Class Initialized
INFO - 2024-11-20 11:47:24 --> URI Class Initialized
INFO - 2024-11-20 11:47:24 --> Router Class Initialized
INFO - 2024-11-20 11:47:24 --> Output Class Initialized
INFO - 2024-11-20 11:47:24 --> Security Class Initialized
DEBUG - 2024-11-20 11:47:24 --> Global POST, GET and COOKIE data sanitized
INFO - 2024-11-20 11:47:24 --> Input Class Initialized
INFO - 2024-11-20 11:47:24 --> Language Class Initialized
INFO - 2024-11-20 11:47:24 --> Loader Class Initialized
INFO - 2024-11-20 11:47:24 --> Helper loaded: url_helper
INFO - 2024-11-20 11:47:24 --> Database Driver Class Initialized
INFO - 2024-11-20 11:47:24 --> Controller Class Initialized
INFO - 2024-11-20 11:47:24 --> Model "Mconfigkey" initialized
INFO - 2024-11-20 11:47:24 --> Model "Mgoods_delivery" initialized
INFO - 2024-11-20 11:47:24 --> Final output sent to browser
DEBUG - 2024-11-20 11:47:24 --> Total execution time: 0.0466
INFO - 2024-11-20 11:47:37 --> Config Class Initialized
INFO - 2024-11-20 11:47:37 --> Hooks Class Initialized
DEBUG - 2024-11-20 11:47:37 --> UTF-8 Support Enabled
INFO - 2024-11-20 11:47:37 --> Utf8 Class Initialized
INFO - 2024-11-20 11:47:37 --> URI Class Initialized
INFO - 2024-11-20 11:47:37 --> Router Class Initialized
INFO - 2024-11-20 11:47:37 --> Output Class Initialized
INFO - 2024-11-20 11:47:37 --> Security Class Initialized
DEBUG - 2024-11-20 11:47:37 --> Global POST, GET and COOKIE data sanitized
INFO - 2024-11-20 11:47:37 --> Input Class Initialized
INFO - 2024-11-20 11:47:37 --> Language Class Initialized
INFO - 2024-11-20 11:47:37 --> Loader Class Initialized
INFO - 2024-11-20 11:47:37 --> Helper loaded: url_helper
INFO - 2024-11-20 11:47:37 --> Database Driver Class Initialized
INFO - 2024-11-20 11:47:37 --> Controller Class Initialized
INFO - 2024-11-20 11:47:37 --> Model "Mconfigkey" initialized
INFO - 2024-11-20 11:47:37 --> Model "Mportal_data" initialized
INFO - 2024-11-20 11:47:37 --> Final output sent to browser
DEBUG - 2024-11-20 11:47:37 --> Total execution time: 0.0366
INFO - 2024-11-20 11:49:46 --> Config Class Initialized
INFO - 2024-11-20 11:49:46 --> Hooks Class Initialized
DEBUG - 2024-11-20 11:49:46 --> UTF-8 Support Enabled
INFO - 2024-11-20 11:49:46 --> Utf8 Class Initialized
INFO - 2024-11-20 11:49:46 --> URI Class Initialized
INFO - 2024-11-20 11:49:46 --> Router Class Initialized
INFO - 2024-11-20 11:49:46 --> Output Class Initialized
INFO - 2024-11-20 11:49:46 --> Security Class Initialized
DEBUG - 2024-11-20 11:49:46 --> Global POST, GET and COOKIE data sanitized
INFO - 2024-11-20 11:49:46 --> Input Class Initialized
INFO - 2024-11-20 11:49:46 --> Language Class Initialized
INFO - 2024-11-20 11:49:47 --> Loader Class Initialized
INFO - 2024-11-20 11:49:47 --> Helper loaded: url_helper
INFO - 2024-11-20 11:49:47 --> Database Driver Class Initialized
INFO - 2024-11-20 11:49:47 --> Controller Class Initialized
INFO - 2024-11-20 11:49:47 --> Model "Mportal_data" initialized
ERROR - 2024-11-20 11:49:50 --> Severity: Warning --> array_key_exists() expects parameter 2 to be array, string given D:\xampp\htdocs\plb\dummyservice\application\controllers\PortalApiPlb.php 438
INFO - 2024-11-20 11:49:50 --> Final output sent to browser
DEBUG - 2024-11-20 11:49:50 --> Total execution time: 3.7224
INFO - 2024-11-20 11:50:10 --> Config Class Initialized
INFO - 2024-11-20 11:50:10 --> Hooks Class Initialized
DEBUG - 2024-11-20 11:50:10 --> UTF-8 Support Enabled
INFO - 2024-11-20 11:50:10 --> Utf8 Class Initialized
INFO - 2024-11-20 11:50:10 --> URI Class Initialized
INFO - 2024-11-20 11:50:10 --> Router Class Initialized
INFO - 2024-11-20 11:50:10 --> Output Class Initialized
INFO - 2024-11-20 11:50:10 --> Security Class Initialized
DEBUG - 2024-11-20 11:50:10 --> Global POST, GET and COOKIE data sanitized
INFO - 2024-11-20 11:50:10 --> Input Class Initialized
INFO - 2024-11-20 11:50:10 --> Language Class Initialized
INFO - 2024-11-20 11:50:10 --> Loader Class Initialized
INFO - 2024-11-20 11:50:10 --> Helper loaded: url_helper
INFO - 2024-11-20 11:50:10 --> Database Driver Class Initialized
INFO - 2024-11-20 11:50:10 --> Controller Class Initialized
INFO - 2024-11-20 11:50:10 --> Model "Mconfigkey" initialized
INFO - 2024-11-20 11:50:10 --> Model "Mgoods_delivery" initialized
INFO - 2024-11-20 11:50:10 --> Final output sent to browser
DEBUG - 2024-11-20 11:50:10 --> Total execution time: 0.0196
INFO - 2024-11-20 11:50:12 --> Config Class Initialized
INFO - 2024-11-20 11:50:12 --> Hooks Class Initialized
DEBUG - 2024-11-20 11:50:12 --> UTF-8 Support Enabled
INFO - 2024-11-20 11:50:12 --> Utf8 Class Initialized
INFO - 2024-11-20 11:50:12 --> URI Class Initialized
INFO - 2024-11-20 11:50:12 --> Router Class Initialized
INFO - 2024-11-20 11:50:12 --> Output Class Initialized
INFO - 2024-11-20 11:50:12 --> Security Class Initialized
DEBUG - 2024-11-20 11:50:12 --> Global POST, GET and COOKIE data sanitized
INFO - 2024-11-20 11:50:12 --> Input Class Initialized
INFO - 2024-11-20 11:50:12 --> Language Class Initialized
INFO - 2024-11-20 11:50:12 --> Loader Class Initialized
INFO - 2024-11-20 11:50:12 --> Helper loaded: url_helper
INFO - 2024-11-20 11:50:12 --> Database Driver Class Initialized
INFO - 2024-11-20 11:50:12 --> Controller Class Initialized
INFO - 2024-11-20 11:50:12 --> Model "Mconfigkey" initialized
INFO - 2024-11-20 11:50:12 --> Model "Mgoods_delivery" initialized
INFO - 2024-11-20 11:50:12 --> Final output sent to browser
DEBUG - 2024-11-20 11:50:12 --> Total execution time: 0.0726
INFO - 2024-11-20 11:51:42 --> Config Class Initialized
INFO - 2024-11-20 11:51:42 --> Hooks Class Initialized
DEBUG - 2024-11-20 11:51:42 --> UTF-8 Support Enabled
INFO - 2024-11-20 11:51:42 --> Utf8 Class Initialized
INFO - 2024-11-20 11:51:42 --> URI Class Initialized
INFO - 2024-11-20 11:51:42 --> Router Class Initialized
INFO - 2024-11-20 11:51:42 --> Output Class Initialized
INFO - 2024-11-20 11:51:42 --> Security Class Initialized
DEBUG - 2024-11-20 11:51:42 --> Global POST, GET and COOKIE data sanitized
INFO - 2024-11-20 11:51:42 --> Input Class Initialized
INFO - 2024-11-20 11:51:42 --> Language Class Initialized
INFO - 2024-11-20 11:51:42 --> Loader Class Initialized
INFO - 2024-11-20 11:51:42 --> Helper loaded: url_helper
INFO - 2024-11-20 11:51:42 --> Database Driver Class Initialized
INFO - 2024-11-20 11:51:42 --> Controller Class Initialized
INFO - 2024-11-20 11:51:42 --> Model "Mconfigkey" initialized
INFO - 2024-11-20 11:51:42 --> Model "Mgoods_delivery" initialized
INFO - 2024-11-20 11:51:42 --> Final output sent to browser
DEBUG - 2024-11-20 11:51:42 --> Total execution time: 0.1029
INFO - 2024-11-20 11:51:42 --> Config Class Initialized
INFO - 2024-11-20 11:51:42 --> Hooks Class Initialized
DEBUG - 2024-11-20 11:51:42 --> UTF-8 Support Enabled
INFO - 2024-11-20 11:51:42 --> Utf8 Class Initialized
INFO - 2024-11-20 11:51:42 --> URI Class Initialized
INFO - 2024-11-20 11:51:42 --> Router Class Initialized
INFO - 2024-11-20 11:51:42 --> Output Class Initialized
INFO - 2024-11-20 11:51:42 --> Security Class Initialized
DEBUG - 2024-11-20 11:51:42 --> Global POST, GET and COOKIE data sanitized
INFO - 2024-11-20 11:51:42 --> Input Class Initialized
INFO - 2024-11-20 11:51:42 --> Language Class Initialized
INFO - 2024-11-20 11:51:42 --> Loader Class Initialized
INFO - 2024-11-20 11:51:42 --> Helper loaded: url_helper
INFO - 2024-11-20 11:51:42 --> Database Driver Class Initialized
INFO - 2024-11-20 11:51:42 --> Controller Class Initialized
INFO - 2024-11-20 11:51:42 --> Model "Mconfigkey" initialized
INFO - 2024-11-20 11:51:42 --> Model "Mgoods_delivery" initialized
INFO - 2024-11-20 11:51:42 --> Final output sent to browser
DEBUG - 2024-11-20 11:51:42 --> Total execution time: 0.0212
INFO - 2024-11-20 11:53:23 --> Config Class Initialized
INFO - 2024-11-20 11:53:23 --> Hooks Class Initialized
DEBUG - 2024-11-20 11:53:23 --> UTF-8 Support Enabled
INFO - 2024-11-20 11:53:23 --> Utf8 Class Initialized
INFO - 2024-11-20 11:53:23 --> URI Class Initialized
INFO - 2024-11-20 11:53:23 --> Router Class Initialized
INFO - 2024-11-20 11:53:23 --> Output Class Initialized
INFO - 2024-11-20 11:53:23 --> Security Class Initialized
DEBUG - 2024-11-20 11:53:23 --> Global POST, GET and COOKIE data sanitized
INFO - 2024-11-20 11:53:23 --> Input Class Initialized
INFO - 2024-11-20 11:53:23 --> Language Class Initialized
INFO - 2024-11-20 11:53:23 --> Loader Class Initialized
INFO - 2024-11-20 11:53:23 --> Helper loaded: url_helper
INFO - 2024-11-20 11:53:23 --> Database Driver Class Initialized
INFO - 2024-11-20 11:53:23 --> Controller Class Initialized
INFO - 2024-11-20 11:53:23 --> Model "Mconfigkey" initialized
INFO - 2024-11-20 11:53:23 --> Final output sent to browser
DEBUG - 2024-11-20 11:53:23 --> Total execution time: 0.0250
INFO - 2024-11-20 21:15:20 --> Config Class Initialized
INFO - 2024-11-20 21:15:20 --> Hooks Class Initialized
DEBUG - 2024-11-20 21:15:20 --> UTF-8 Support Enabled
INFO - 2024-11-20 21:15:20 --> Utf8 Class Initialized
INFO - 2024-11-20 21:15:20 --> URI Class Initialized
INFO - 2024-11-20 21:15:20 --> Router Class Initialized
INFO - 2024-11-20 21:15:20 --> Output Class Initialized
INFO - 2024-11-20 21:15:20 --> Security Class Initialized
DEBUG - 2024-11-20 21:15:20 --> Global POST, GET and COOKIE data sanitized
INFO - 2024-11-20 21:15:20 --> Input Class Initialized
INFO - 2024-11-20 21:15:20 --> Language Class Initialized
INFO - 2024-11-20 21:15:20 --> Loader Class Initialized
INFO - 2024-11-20 21:15:20 --> Helper loaded: url_helper
INFO - 2024-11-20 21:15:20 --> Database Driver Class Initialized
INFO - 2024-11-20 21:15:20 --> Controller Class Initialized
INFO - 2024-11-20 21:15:20 --> Model "Mconfigkey" initialized
INFO - 2024-11-20 21:15:20 --> Final output sent to browser
DEBUG - 2024-11-20 21:15:20 --> Total execution time: 0.5013
INFO - 2024-11-20 21:15:26 --> Config Class Initialized
INFO - 2024-11-20 21:15:26 --> Hooks Class Initialized
DEBUG - 2024-11-20 21:15:26 --> UTF-8 Support Enabled
INFO - 2024-11-20 21:15:26 --> Utf8 Class Initialized
INFO - 2024-11-20 21:15:26 --> URI Class Initialized
INFO - 2024-11-20 21:15:26 --> Router Class Initialized
INFO - 2024-11-20 21:15:26 --> Output Class Initialized
INFO - 2024-11-20 21:15:26 --> Security Class Initialized
DEBUG - 2024-11-20 21:15:26 --> Global POST, GET and COOKIE data sanitized
INFO - 2024-11-20 21:15:26 --> Input Class Initialized
INFO - 2024-11-20 21:15:26 --> Language Class Initialized
INFO - 2024-11-20 21:15:26 --> Loader Class Initialized
INFO - 2024-11-20 21:15:26 --> Helper loaded: url_helper
INFO - 2024-11-20 21:15:26 --> Database Driver Class Initialized
INFO - 2024-11-20 21:15:26 --> Controller Class Initialized
INFO - 2024-11-20 21:15:26 --> Model "Mauth" initialized
INFO - 2024-11-20 21:15:26 --> Model "Mconfigkey" initialized
INFO - 2024-11-20 21:15:26 --> Final output sent to browser
DEBUG - 2024-11-20 21:15:26 --> Total execution time: 0.0360
INFO - 2024-11-20 21:15:43 --> Config Class Initialized
INFO - 2024-11-20 21:15:43 --> Hooks Class Initialized
DEBUG - 2024-11-20 21:15:43 --> UTF-8 Support Enabled
INFO - 2024-11-20 21:15:43 --> Utf8 Class Initialized
INFO - 2024-11-20 21:15:43 --> URI Class Initialized
INFO - 2024-11-20 21:15:43 --> Router Class Initialized
INFO - 2024-11-20 21:15:43 --> Output Class Initialized
INFO - 2024-11-20 21:15:43 --> Security Class Initialized
DEBUG - 2024-11-20 21:15:43 --> Global POST, GET and COOKIE data sanitized
INFO - 2024-11-20 21:15:43 --> Input Class Initialized
INFO - 2024-11-20 21:15:43 --> Language Class Initialized
INFO - 2024-11-20 21:15:43 --> Loader Class Initialized
INFO - 2024-11-20 21:15:43 --> Helper loaded: url_helper
INFO - 2024-11-20 21:15:43 --> Database Driver Class Initialized
INFO - 2024-11-20 21:15:43 --> Controller Class Initialized
INFO - 2024-11-20 21:15:43 --> Model "Mconfigkey" initialized
INFO - 2024-11-20 21:15:43 --> Model "Mbcin_16" initialized
INFO - 2024-11-20 21:15:44 --> Final output sent to browser
DEBUG - 2024-11-20 21:15:44 --> Total execution time: 0.0307
INFO - 2024-11-20 21:19:43 --> Config Class Initialized
INFO - 2024-11-20 21:19:43 --> Hooks Class Initialized
DEBUG - 2024-11-20 21:19:43 --> UTF-8 Support Enabled
INFO - 2024-11-20 21:19:43 --> Utf8 Class Initialized
INFO - 2024-11-20 21:19:43 --> URI Class Initialized
INFO - 2024-11-20 21:19:43 --> Router Class Initialized
INFO - 2024-11-20 21:19:43 --> Output Class Initialized
INFO - 2024-11-20 21:19:43 --> Security Class Initialized
DEBUG - 2024-11-20 21:19:43 --> Global POST, GET and COOKIE data sanitized
INFO - 2024-11-20 21:19:43 --> Input Class Initialized
INFO - 2024-11-20 21:19:43 --> Language Class Initialized
INFO - 2024-11-20 21:19:43 --> Loader Class Initialized
INFO - 2024-11-20 21:19:43 --> Helper loaded: url_helper
INFO - 2024-11-20 21:19:43 --> Database Driver Class Initialized
INFO - 2024-11-20 21:19:43 --> Controller Class Initialized
INFO - 2024-11-20 21:19:43 --> Model "Mconfigkey" initialized
INFO - 2024-11-20 21:19:43 --> Model "Mbcin_271_aw" initialized
INFO - 2024-11-20 21:19:43 --> Final output sent to browser
DEBUG - 2024-11-20 21:19:43 --> Total execution time: 0.1094
INFO - 2024-11-20 21:19:46 --> Config Class Initialized
INFO - 2024-11-20 21:19:46 --> Hooks Class Initialized
DEBUG - 2024-11-20 21:19:46 --> UTF-8 Support Enabled
INFO - 2024-11-20 21:19:46 --> Utf8 Class Initialized
INFO - 2024-11-20 21:19:46 --> URI Class Initialized
INFO - 2024-11-20 21:19:46 --> Router Class Initialized
INFO - 2024-11-20 21:19:46 --> Output Class Initialized
INFO - 2024-11-20 21:19:46 --> Security Class Initialized
DEBUG - 2024-11-20 21:19:46 --> Global POST, GET and COOKIE data sanitized
INFO - 2024-11-20 21:19:46 --> Input Class Initialized
INFO - 2024-11-20 21:19:46 --> Language Class Initialized
INFO - 2024-11-20 21:19:46 --> Loader Class Initialized
INFO - 2024-11-20 21:19:46 --> Helper loaded: url_helper
INFO - 2024-11-20 21:19:46 --> Database Driver Class Initialized
INFO - 2024-11-20 21:19:46 --> Controller Class Initialized
INFO - 2024-11-20 21:19:46 --> Model "Mconfigkey" initialized
INFO - 2024-11-20 21:19:47 --> Model "Mportal_data" initialized
INFO - 2024-11-20 21:19:47 --> Final output sent to browser
DEBUG - 2024-11-20 21:19:47 --> Total execution time: 0.0410
INFO - 2024-11-20 21:19:49 --> Config Class Initialized
INFO - 2024-11-20 21:19:49 --> Hooks Class Initialized
DEBUG - 2024-11-20 21:19:49 --> UTF-8 Support Enabled
INFO - 2024-11-20 21:19:49 --> Utf8 Class Initialized
INFO - 2024-11-20 21:19:49 --> URI Class Initialized
INFO - 2024-11-20 21:19:49 --> Router Class Initialized
INFO - 2024-11-20 21:19:49 --> Output Class Initialized
INFO - 2024-11-20 21:19:49 --> Security Class Initialized
DEBUG - 2024-11-20 21:19:49 --> Global POST, GET and COOKIE data sanitized
INFO - 2024-11-20 21:19:49 --> Input Class Initialized
INFO - 2024-11-20 21:19:49 --> Language Class Initialized
INFO - 2024-11-20 21:19:49 --> Loader Class Initialized
INFO - 2024-11-20 21:19:49 --> Helper loaded: url_helper
INFO - 2024-11-20 21:19:49 --> Database Driver Class Initialized
INFO - 2024-11-20 21:19:49 --> Controller Class Initialized
INFO - 2024-11-20 21:19:49 --> Model "Mconfigkey" initialized
INFO - 2024-11-20 21:19:49 --> Model "Msync_doc_aw" initialized
INFO - 2024-11-20 21:19:49 --> Final output sent to browser
DEBUG - 2024-11-20 21:19:49 --> Total execution time: 0.0866
