INFO - 2024-04-30 18:51:00 --> Config Class Initialized
INFO - 2024-04-30 18:51:00 --> Hooks Class Initialized
DEBUG - 2024-04-30 18:51:00 --> UTF-8 Support Enabled
INFO - 2024-04-30 18:51:00 --> Utf8 Class Initialized
INFO - 2024-04-30 18:51:00 --> URI Class Initialized
INFO - 2024-04-30 18:51:00 --> Router Class Initialized
INFO - 2024-04-30 18:51:00 --> Output Class Initialized
INFO - 2024-04-30 18:51:00 --> Security Class Initialized
DEBUG - 2024-04-30 18:51:00 --> Global POST, GET and COOKIE data sanitized
INFO - 2024-04-30 18:51:00 --> Input Class Initialized
INFO - 2024-04-30 18:51:00 --> Language Class Initialized
INFO - 2024-04-30 18:51:00 --> Loader Class Initialized
INFO - 2024-04-30 18:51:00 --> Helper loaded: url_helper
INFO - 2024-04-30 18:51:00 --> Database Driver Class Initialized
INFO - 2024-04-30 18:51:00 --> Controller Class Initialized
INFO - 2024-04-30 18:51:01 --> Model "Mconfigkey" initialized
INFO - 2024-04-30 18:51:01 --> Final output sent to browser
DEBUG - 2024-04-30 18:51:01 --> Total execution time: 0.3686
INFO - 2024-04-30 18:51:08 --> Config Class Initialized
INFO - 2024-04-30 18:51:08 --> Hooks Class Initialized
DEBUG - 2024-04-30 18:51:08 --> UTF-8 Support Enabled
INFO - 2024-04-30 18:51:08 --> Utf8 Class Initialized
INFO - 2024-04-30 18:51:08 --> URI Class Initialized
INFO - 2024-04-30 18:51:08 --> Router Class Initialized
INFO - 2024-04-30 18:51:08 --> Output Class Initialized
INFO - 2024-04-30 18:51:08 --> Security Class Initialized
DEBUG - 2024-04-30 18:51:08 --> Global POST, GET and COOKIE data sanitized
INFO - 2024-04-30 18:51:08 --> Input Class Initialized
INFO - 2024-04-30 18:51:08 --> Language Class Initialized
INFO - 2024-04-30 18:51:08 --> Loader Class Initialized
INFO - 2024-04-30 18:51:08 --> Helper loaded: url_helper
INFO - 2024-04-30 18:51:08 --> Database Driver Class Initialized
INFO - 2024-04-30 18:51:08 --> Controller Class Initialized
INFO - 2024-04-30 18:51:08 --> Model "Mauth" initialized
INFO - 2024-04-30 18:51:08 --> Model "Mconfigkey" initialized
INFO - 2024-04-30 18:51:08 --> Final output sent to browser
DEBUG - 2024-04-30 18:51:08 --> Total execution time: 0.0347
INFO - 2024-04-30 18:51:14 --> Config Class Initialized
INFO - 2024-04-30 18:51:14 --> Hooks Class Initialized
DEBUG - 2024-04-30 18:51:14 --> UTF-8 Support Enabled
INFO - 2024-04-30 18:51:14 --> Utf8 Class Initialized
INFO - 2024-04-30 18:51:14 --> URI Class Initialized
INFO - 2024-04-30 18:51:14 --> Router Class Initialized
INFO - 2024-04-30 18:51:14 --> Output Class Initialized
INFO - 2024-04-30 18:51:14 --> Security Class Initialized
DEBUG - 2024-04-30 18:51:14 --> Global POST, GET and COOKIE data sanitized
INFO - 2024-04-30 18:51:14 --> Input Class Initialized
INFO - 2024-04-30 18:51:14 --> Language Class Initialized
INFO - 2024-04-30 18:51:14 --> Loader Class Initialized
INFO - 2024-04-30 18:51:14 --> Helper loaded: url_helper
INFO - 2024-04-30 18:51:14 --> Database Driver Class Initialized
INFO - 2024-04-30 18:51:14 --> Controller Class Initialized
INFO - 2024-04-30 18:51:14 --> Model "Mconfigkey" initialized
INFO - 2024-04-30 18:51:14 --> Model "Mgoods_in" initialized
INFO - 2024-04-30 18:51:14 --> Final output sent to browser
DEBUG - 2024-04-30 18:51:14 --> Total execution time: 0.0289
INFO - 2024-04-30 18:51:18 --> Config Class Initialized
INFO - 2024-04-30 18:51:18 --> Hooks Class Initialized
DEBUG - 2024-04-30 18:51:18 --> UTF-8 Support Enabled
INFO - 2024-04-30 18:51:18 --> Utf8 Class Initialized
INFO - 2024-04-30 18:51:18 --> URI Class Initialized
INFO - 2024-04-30 18:51:18 --> Router Class Initialized
INFO - 2024-04-30 18:51:18 --> Output Class Initialized
INFO - 2024-04-30 18:51:18 --> Security Class Initialized
DEBUG - 2024-04-30 18:51:18 --> Global POST, GET and COOKIE data sanitized
INFO - 2024-04-30 18:51:18 --> Input Class Initialized
INFO - 2024-04-30 18:51:18 --> Language Class Initialized
INFO - 2024-04-30 18:51:18 --> Loader Class Initialized
INFO - 2024-04-30 18:51:18 --> Helper loaded: url_helper
INFO - 2024-04-30 18:51:18 --> Database Driver Class Initialized
INFO - 2024-04-30 18:51:18 --> Controller Class Initialized
INFO - 2024-04-30 18:51:18 --> Model "Mconfigkey" initialized
INFO - 2024-04-30 18:51:18 --> Model "Mgoods_in" initialized
INFO - 2024-04-30 18:51:18 --> Final output sent to browser
DEBUG - 2024-04-30 18:51:18 --> Total execution time: 0.4867
INFO - 2024-04-30 18:51:32 --> Config Class Initialized
INFO - 2024-04-30 18:51:32 --> Hooks Class Initialized
DEBUG - 2024-04-30 18:51:32 --> UTF-8 Support Enabled
INFO - 2024-04-30 18:51:32 --> Utf8 Class Initialized
INFO - 2024-04-30 18:51:32 --> URI Class Initialized
INFO - 2024-04-30 18:51:32 --> Router Class Initialized
INFO - 2024-04-30 18:51:32 --> Output Class Initialized
INFO - 2024-04-30 18:51:32 --> Security Class Initialized
DEBUG - 2024-04-30 18:51:32 --> Global POST, GET and COOKIE data sanitized
INFO - 2024-04-30 18:51:32 --> Input Class Initialized
INFO - 2024-04-30 18:51:32 --> Language Class Initialized
INFO - 2024-04-30 18:51:32 --> Loader Class Initialized
INFO - 2024-04-30 18:51:32 --> Helper loaded: url_helper
INFO - 2024-04-30 18:51:32 --> Database Driver Class Initialized
INFO - 2024-04-30 18:51:32 --> Controller Class Initialized
INFO - 2024-04-30 18:51:32 --> Model "Mconfigkey" initialized
INFO - 2024-04-30 18:51:32 --> Model "Mgoods_in" initialized
INFO - 2024-04-30 18:51:33 --> Final output sent to browser
DEBUG - 2024-04-30 18:51:33 --> Total execution time: 0.5056
INFO - 2024-04-30 18:51:54 --> Config Class Initialized
INFO - 2024-04-30 18:51:54 --> Hooks Class Initialized
DEBUG - 2024-04-30 18:51:54 --> UTF-8 Support Enabled
INFO - 2024-04-30 18:51:54 --> Utf8 Class Initialized
INFO - 2024-04-30 18:51:54 --> URI Class Initialized
INFO - 2024-04-30 18:51:54 --> Router Class Initialized
INFO - 2024-04-30 18:51:54 --> Output Class Initialized
INFO - 2024-04-30 18:51:54 --> Security Class Initialized
DEBUG - 2024-04-30 18:51:54 --> Global POST, GET and COOKIE data sanitized
INFO - 2024-04-30 18:51:54 --> Input Class Initialized
INFO - 2024-04-30 18:51:54 --> Language Class Initialized
INFO - 2024-04-30 18:51:54 --> Loader Class Initialized
INFO - 2024-04-30 18:51:54 --> Helper loaded: url_helper
INFO - 2024-04-30 18:51:54 --> Database Driver Class Initialized
INFO - 2024-04-30 18:51:54 --> Controller Class Initialized
INFO - 2024-04-30 18:51:54 --> Model "Mconfigkey" initialized
INFO - 2024-04-30 18:51:54 --> Model "Mgoods_racking" initialized
INFO - 2024-04-30 18:51:54 --> Final output sent to browser
DEBUG - 2024-04-30 18:51:54 --> Total execution time: 0.0317
INFO - 2024-04-30 18:52:01 --> Config Class Initialized
INFO - 2024-04-30 18:52:01 --> Hooks Class Initialized
DEBUG - 2024-04-30 18:52:01 --> UTF-8 Support Enabled
INFO - 2024-04-30 18:52:01 --> Utf8 Class Initialized
INFO - 2024-04-30 18:52:01 --> URI Class Initialized
INFO - 2024-04-30 18:52:01 --> Router Class Initialized
INFO - 2024-04-30 18:52:01 --> Output Class Initialized
INFO - 2024-04-30 18:52:01 --> Security Class Initialized
DEBUG - 2024-04-30 18:52:01 --> Global POST, GET and COOKIE data sanitized
INFO - 2024-04-30 18:52:01 --> Input Class Initialized
INFO - 2024-04-30 18:52:01 --> Language Class Initialized
INFO - 2024-04-30 18:52:01 --> Loader Class Initialized
INFO - 2024-04-30 18:52:01 --> Helper loaded: url_helper
INFO - 2024-04-30 18:52:01 --> Database Driver Class Initialized
INFO - 2024-04-30 18:52:01 --> Controller Class Initialized
INFO - 2024-04-30 18:52:01 --> Model "Mconfigkey" initialized
INFO - 2024-04-30 18:52:01 --> Model "Mgoods_racking" initialized
ERROR - 2024-04-30 18:52:01 --> Query error: [Microsoft][ODBC Driver 18 for SQL Server][SQL Server]  - Invalid query: EXEC SP_PUTAWAY_WMS
            
            @VPUTAWAY_DATE='2024-04-30',
            @VUSERNAME='seiwa',
            @VMODULES='AUTO', 

            @VORDERBY = ' ORDER BY TR_STOCK_TRANS.LOT_NO DESC ', 
            @OFFSET = '0',
            @FETCH_SIZE = '50', 
            @FILTER = '' 


            
INFO - 2024-04-30 18:52:01 --> Language file loaded: language/english/db_lang.php
INFO - 2024-04-30 18:53:42 --> Config Class Initialized
INFO - 2024-04-30 18:53:42 --> Hooks Class Initialized
DEBUG - 2024-04-30 18:53:42 --> UTF-8 Support Enabled
INFO - 2024-04-30 18:53:42 --> Utf8 Class Initialized
INFO - 2024-04-30 18:53:42 --> URI Class Initialized
INFO - 2024-04-30 18:53:42 --> Router Class Initialized
INFO - 2024-04-30 18:53:42 --> Output Class Initialized
INFO - 2024-04-30 18:53:42 --> Security Class Initialized
DEBUG - 2024-04-30 18:53:42 --> Global POST, GET and COOKIE data sanitized
INFO - 2024-04-30 18:53:42 --> Input Class Initialized
INFO - 2024-04-30 18:53:42 --> Language Class Initialized
INFO - 2024-04-30 18:53:42 --> Loader Class Initialized
INFO - 2024-04-30 18:53:42 --> Helper loaded: url_helper
INFO - 2024-04-30 18:53:42 --> Database Driver Class Initialized
INFO - 2024-04-30 18:53:42 --> Controller Class Initialized
INFO - 2024-04-30 18:53:42 --> Model "Mconfigkey" initialized
INFO - 2024-04-30 18:53:42 --> Model "Mgoods_racking" initialized
INFO - 2024-04-30 18:53:42 --> Final output sent to browser
DEBUG - 2024-04-30 18:53:42 --> Total execution time: 0.0218
INFO - 2024-04-30 18:53:44 --> Config Class Initialized
INFO - 2024-04-30 18:53:44 --> Hooks Class Initialized
DEBUG - 2024-04-30 18:53:44 --> UTF-8 Support Enabled
INFO - 2024-04-30 18:53:44 --> Utf8 Class Initialized
INFO - 2024-04-30 18:53:44 --> URI Class Initialized
INFO - 2024-04-30 18:53:44 --> Router Class Initialized
INFO - 2024-04-30 18:53:44 --> Output Class Initialized
INFO - 2024-04-30 18:53:44 --> Security Class Initialized
DEBUG - 2024-04-30 18:53:44 --> Global POST, GET and COOKIE data sanitized
INFO - 2024-04-30 18:53:44 --> Input Class Initialized
INFO - 2024-04-30 18:53:44 --> Language Class Initialized
INFO - 2024-04-30 18:53:44 --> Loader Class Initialized
INFO - 2024-04-30 18:53:44 --> Helper loaded: url_helper
INFO - 2024-04-30 18:53:44 --> Database Driver Class Initialized
INFO - 2024-04-30 18:53:44 --> Controller Class Initialized
INFO - 2024-04-30 18:53:44 --> Model "Mconfigkey" initialized
INFO - 2024-04-30 18:53:44 --> Model "Mgoods_racking" initialized
INFO - 2024-04-30 18:53:44 --> Final output sent to browser
DEBUG - 2024-04-30 18:53:44 --> Total execution time: 0.0211
INFO - 2024-04-30 18:53:46 --> Config Class Initialized
INFO - 2024-04-30 18:53:46 --> Hooks Class Initialized
DEBUG - 2024-04-30 18:53:46 --> UTF-8 Support Enabled
INFO - 2024-04-30 18:53:46 --> Utf8 Class Initialized
INFO - 2024-04-30 18:53:46 --> URI Class Initialized
INFO - 2024-04-30 18:53:46 --> Router Class Initialized
INFO - 2024-04-30 18:53:46 --> Output Class Initialized
INFO - 2024-04-30 18:53:46 --> Security Class Initialized
DEBUG - 2024-04-30 18:53:46 --> Global POST, GET and COOKIE data sanitized
INFO - 2024-04-30 18:53:46 --> Input Class Initialized
INFO - 2024-04-30 18:53:46 --> Language Class Initialized
INFO - 2024-04-30 18:53:46 --> Loader Class Initialized
INFO - 2024-04-30 18:53:46 --> Helper loaded: url_helper
INFO - 2024-04-30 18:53:46 --> Database Driver Class Initialized
INFO - 2024-04-30 18:53:46 --> Controller Class Initialized
INFO - 2024-04-30 18:53:46 --> Model "Mconfigkey" initialized
INFO - 2024-04-30 18:53:46 --> Model "Mgoods_racking" initialized
INFO - 2024-04-30 18:53:46 --> Final output sent to browser
DEBUG - 2024-04-30 18:53:46 --> Total execution time: 0.0240
INFO - 2024-04-30 18:54:06 --> Config Class Initialized
INFO - 2024-04-30 18:54:06 --> Hooks Class Initialized
DEBUG - 2024-04-30 18:54:06 --> UTF-8 Support Enabled
INFO - 2024-04-30 18:54:06 --> Utf8 Class Initialized
INFO - 2024-04-30 18:54:06 --> URI Class Initialized
INFO - 2024-04-30 18:54:06 --> Router Class Initialized
INFO - 2024-04-30 18:54:06 --> Output Class Initialized
INFO - 2024-04-30 18:54:06 --> Security Class Initialized
DEBUG - 2024-04-30 18:54:06 --> Global POST, GET and COOKIE data sanitized
INFO - 2024-04-30 18:54:06 --> Input Class Initialized
INFO - 2024-04-30 18:54:06 --> Language Class Initialized
INFO - 2024-04-30 18:54:06 --> Loader Class Initialized
INFO - 2024-04-30 18:54:06 --> Helper loaded: url_helper
INFO - 2024-04-30 18:54:06 --> Database Driver Class Initialized
INFO - 2024-04-30 18:54:06 --> Controller Class Initialized
INFO - 2024-04-30 18:54:06 --> Model "Mconfigkey" initialized
INFO - 2024-04-30 18:54:06 --> Model "Mgoods_racking" initialized
INFO - 2024-04-30 18:54:06 --> Final output sent to browser
DEBUG - 2024-04-30 18:54:06 --> Total execution time: 0.0205
INFO - 2024-04-30 18:54:14 --> Config Class Initialized
INFO - 2024-04-30 18:54:14 --> Hooks Class Initialized
DEBUG - 2024-04-30 18:54:14 --> UTF-8 Support Enabled
INFO - 2024-04-30 18:54:14 --> Utf8 Class Initialized
INFO - 2024-04-30 18:54:14 --> URI Class Initialized
INFO - 2024-04-30 18:54:14 --> Router Class Initialized
INFO - 2024-04-30 18:54:14 --> Output Class Initialized
INFO - 2024-04-30 18:54:14 --> Security Class Initialized
DEBUG - 2024-04-30 18:54:14 --> Global POST, GET and COOKIE data sanitized
INFO - 2024-04-30 18:54:14 --> Input Class Initialized
INFO - 2024-04-30 18:54:14 --> Language Class Initialized
INFO - 2024-04-30 18:54:14 --> Loader Class Initialized
INFO - 2024-04-30 18:54:14 --> Helper loaded: url_helper
INFO - 2024-04-30 18:54:14 --> Database Driver Class Initialized
INFO - 2024-04-30 18:54:14 --> Controller Class Initialized
INFO - 2024-04-30 18:54:14 --> Model "Mconfigkey" initialized
INFO - 2024-04-30 18:54:14 --> Model "Mgoods_racking" initialized
INFO - 2024-04-30 18:54:14 --> Final output sent to browser
DEBUG - 2024-04-30 18:54:14 --> Total execution time: 0.0263
INFO - 2024-04-30 18:54:35 --> Config Class Initialized
INFO - 2024-04-30 18:54:35 --> Hooks Class Initialized
DEBUG - 2024-04-30 18:54:35 --> UTF-8 Support Enabled
INFO - 2024-04-30 18:54:35 --> Utf8 Class Initialized
INFO - 2024-04-30 18:54:35 --> URI Class Initialized
INFO - 2024-04-30 18:54:35 --> Router Class Initialized
INFO - 2024-04-30 18:54:35 --> Output Class Initialized
INFO - 2024-04-30 18:54:35 --> Security Class Initialized
DEBUG - 2024-04-30 18:54:35 --> Global POST, GET and COOKIE data sanitized
INFO - 2024-04-30 18:54:35 --> Input Class Initialized
INFO - 2024-04-30 18:54:35 --> Language Class Initialized
INFO - 2024-04-30 18:54:35 --> Loader Class Initialized
INFO - 2024-04-30 18:54:35 --> Helper loaded: url_helper
INFO - 2024-04-30 18:54:35 --> Database Driver Class Initialized
INFO - 2024-04-30 18:54:35 --> Controller Class Initialized
INFO - 2024-04-30 18:54:35 --> Model "Mconfigkey" initialized
INFO - 2024-04-30 18:54:35 --> Model "Mgoods_racking" initialized
INFO - 2024-04-30 18:54:35 --> Final output sent to browser
DEBUG - 2024-04-30 18:54:35 --> Total execution time: 0.0210
INFO - 2024-04-30 18:54:37 --> Config Class Initialized
INFO - 2024-04-30 18:54:37 --> Hooks Class Initialized
DEBUG - 2024-04-30 18:54:37 --> UTF-8 Support Enabled
INFO - 2024-04-30 18:54:37 --> Utf8 Class Initialized
INFO - 2024-04-30 18:54:37 --> URI Class Initialized
INFO - 2024-04-30 18:54:37 --> Router Class Initialized
INFO - 2024-04-30 18:54:37 --> Output Class Initialized
INFO - 2024-04-30 18:54:37 --> Security Class Initialized
DEBUG - 2024-04-30 18:54:37 --> Global POST, GET and COOKIE data sanitized
INFO - 2024-04-30 18:54:37 --> Input Class Initialized
INFO - 2024-04-30 18:54:37 --> Language Class Initialized
INFO - 2024-04-30 18:54:37 --> Loader Class Initialized
INFO - 2024-04-30 18:54:37 --> Helper loaded: url_helper
INFO - 2024-04-30 18:54:37 --> Database Driver Class Initialized
INFO - 2024-04-30 18:54:37 --> Controller Class Initialized
INFO - 2024-04-30 18:54:37 --> Model "Mconfigkey" initialized
INFO - 2024-04-30 18:54:37 --> Model "Mgoods_racking" initialized
INFO - 2024-04-30 18:54:37 --> Final output sent to browser
DEBUG - 2024-04-30 18:54:37 --> Total execution time: 0.0211
INFO - 2024-04-30 18:54:38 --> Config Class Initialized
INFO - 2024-04-30 18:54:38 --> Hooks Class Initialized
DEBUG - 2024-04-30 18:54:38 --> UTF-8 Support Enabled
INFO - 2024-04-30 18:54:38 --> Utf8 Class Initialized
INFO - 2024-04-30 18:54:38 --> URI Class Initialized
INFO - 2024-04-30 18:54:38 --> Router Class Initialized
INFO - 2024-04-30 18:54:38 --> Output Class Initialized
INFO - 2024-04-30 18:54:38 --> Security Class Initialized
DEBUG - 2024-04-30 18:54:38 --> Global POST, GET and COOKIE data sanitized
INFO - 2024-04-30 18:54:38 --> Input Class Initialized
INFO - 2024-04-30 18:54:38 --> Language Class Initialized
INFO - 2024-04-30 18:54:38 --> Loader Class Initialized
INFO - 2024-04-30 18:54:38 --> Helper loaded: url_helper
INFO - 2024-04-30 18:54:38 --> Database Driver Class Initialized
INFO - 2024-04-30 18:54:38 --> Controller Class Initialized
INFO - 2024-04-30 18:54:38 --> Model "Mconfigkey" initialized
INFO - 2024-04-30 18:54:38 --> Model "Mgoods_racking" initialized
INFO - 2024-04-30 18:54:38 --> Final output sent to browser
DEBUG - 2024-04-30 18:54:38 --> Total execution time: 0.0239
INFO - 2024-04-30 18:55:04 --> Config Class Initialized
INFO - 2024-04-30 18:55:04 --> Hooks Class Initialized
DEBUG - 2024-04-30 18:55:04 --> UTF-8 Support Enabled
INFO - 2024-04-30 18:55:04 --> Utf8 Class Initialized
INFO - 2024-04-30 18:55:04 --> URI Class Initialized
INFO - 2024-04-30 18:55:04 --> Router Class Initialized
INFO - 2024-04-30 18:55:04 --> Output Class Initialized
INFO - 2024-04-30 18:55:04 --> Security Class Initialized
DEBUG - 2024-04-30 18:55:04 --> Global POST, GET and COOKIE data sanitized
INFO - 2024-04-30 18:55:04 --> Input Class Initialized
INFO - 2024-04-30 18:55:04 --> Language Class Initialized
INFO - 2024-04-30 18:55:04 --> Loader Class Initialized
INFO - 2024-04-30 18:55:04 --> Helper loaded: url_helper
INFO - 2024-04-30 18:55:04 --> Database Driver Class Initialized
INFO - 2024-04-30 18:55:04 --> Controller Class Initialized
INFO - 2024-04-30 18:55:04 --> Model "Mconfigkey" initialized
INFO - 2024-04-30 18:55:04 --> Model "Mgoods_racking" initialized
INFO - 2024-04-30 18:55:04 --> Final output sent to browser
DEBUG - 2024-04-30 18:55:04 --> Total execution time: 0.0218
INFO - 2024-04-30 18:55:05 --> Config Class Initialized
INFO - 2024-04-30 18:55:05 --> Hooks Class Initialized
DEBUG - 2024-04-30 18:55:05 --> UTF-8 Support Enabled
INFO - 2024-04-30 18:55:05 --> Utf8 Class Initialized
INFO - 2024-04-30 18:55:05 --> URI Class Initialized
INFO - 2024-04-30 18:55:05 --> Router Class Initialized
INFO - 2024-04-30 18:55:05 --> Output Class Initialized
INFO - 2024-04-30 18:55:05 --> Security Class Initialized
DEBUG - 2024-04-30 18:55:05 --> Global POST, GET and COOKIE data sanitized
INFO - 2024-04-30 18:55:05 --> Input Class Initialized
INFO - 2024-04-30 18:55:05 --> Language Class Initialized
INFO - 2024-04-30 18:55:05 --> Loader Class Initialized
INFO - 2024-04-30 18:55:05 --> Helper loaded: url_helper
INFO - 2024-04-30 18:55:05 --> Database Driver Class Initialized
INFO - 2024-04-30 18:55:05 --> Controller Class Initialized
INFO - 2024-04-30 18:55:05 --> Model "Mconfigkey" initialized
INFO - 2024-04-30 18:55:05 --> Model "Mgoods_racking" initialized
INFO - 2024-04-30 18:55:05 --> Final output sent to browser
DEBUG - 2024-04-30 18:55:05 --> Total execution time: 0.0211
INFO - 2024-04-30 18:55:10 --> Config Class Initialized
INFO - 2024-04-30 18:55:10 --> Hooks Class Initialized
DEBUG - 2024-04-30 18:55:10 --> UTF-8 Support Enabled
INFO - 2024-04-30 18:55:10 --> Utf8 Class Initialized
INFO - 2024-04-30 18:55:10 --> URI Class Initialized
INFO - 2024-04-30 18:55:10 --> Router Class Initialized
INFO - 2024-04-30 18:55:10 --> Output Class Initialized
INFO - 2024-04-30 18:55:10 --> Security Class Initialized
DEBUG - 2024-04-30 18:55:10 --> Global POST, GET and COOKIE data sanitized
INFO - 2024-04-30 18:55:10 --> Input Class Initialized
INFO - 2024-04-30 18:55:10 --> Language Class Initialized
INFO - 2024-04-30 18:55:10 --> Loader Class Initialized
INFO - 2024-04-30 18:55:10 --> Helper loaded: url_helper
INFO - 2024-04-30 18:55:10 --> Database Driver Class Initialized
INFO - 2024-04-30 18:55:10 --> Controller Class Initialized
INFO - 2024-04-30 18:55:10 --> Model "Mconfigkey" initialized
INFO - 2024-04-30 18:55:10 --> Model "Mgoods_racking" initialized
INFO - 2024-04-30 18:55:10 --> Final output sent to browser
DEBUG - 2024-04-30 18:55:10 --> Total execution time: 0.0235
INFO - 2024-04-30 18:55:15 --> Config Class Initialized
INFO - 2024-04-30 18:55:15 --> Hooks Class Initialized
DEBUG - 2024-04-30 18:55:15 --> UTF-8 Support Enabled
INFO - 2024-04-30 18:55:15 --> Utf8 Class Initialized
INFO - 2024-04-30 18:55:15 --> URI Class Initialized
INFO - 2024-04-30 18:55:15 --> Router Class Initialized
INFO - 2024-04-30 18:55:15 --> Output Class Initialized
INFO - 2024-04-30 18:55:15 --> Security Class Initialized
DEBUG - 2024-04-30 18:55:15 --> Global POST, GET and COOKIE data sanitized
INFO - 2024-04-30 18:55:15 --> Input Class Initialized
INFO - 2024-04-30 18:55:15 --> Language Class Initialized
INFO - 2024-04-30 18:55:15 --> Loader Class Initialized
INFO - 2024-04-30 18:55:15 --> Helper loaded: url_helper
INFO - 2024-04-30 18:55:15 --> Database Driver Class Initialized
INFO - 2024-04-30 18:55:15 --> Controller Class Initialized
INFO - 2024-04-30 18:55:15 --> Model "Mconfigkey" initialized
INFO - 2024-04-30 18:55:15 --> Model "Mgoods_racking" initialized
INFO - 2024-04-30 18:55:15 --> Final output sent to browser
DEBUG - 2024-04-30 18:55:15 --> Total execution time: 0.0209
INFO - 2024-04-30 18:55:21 --> Config Class Initialized
INFO - 2024-04-30 18:55:21 --> Hooks Class Initialized
DEBUG - 2024-04-30 18:55:21 --> UTF-8 Support Enabled
INFO - 2024-04-30 18:55:21 --> Utf8 Class Initialized
INFO - 2024-04-30 18:55:21 --> URI Class Initialized
INFO - 2024-04-30 18:55:21 --> Router Class Initialized
INFO - 2024-04-30 18:55:21 --> Output Class Initialized
INFO - 2024-04-30 18:55:21 --> Security Class Initialized
DEBUG - 2024-04-30 18:55:21 --> Global POST, GET and COOKIE data sanitized
INFO - 2024-04-30 18:55:21 --> Input Class Initialized
INFO - 2024-04-30 18:55:21 --> Language Class Initialized
INFO - 2024-04-30 18:55:21 --> Loader Class Initialized
INFO - 2024-04-30 18:55:21 --> Helper loaded: url_helper
INFO - 2024-04-30 18:55:21 --> Database Driver Class Initialized
INFO - 2024-04-30 18:55:21 --> Controller Class Initialized
INFO - 2024-04-30 18:55:21 --> Model "Mconfigkey" initialized
INFO - 2024-04-30 18:55:21 --> Model "Mgoods_racking" initialized
INFO - 2024-04-30 18:55:21 --> Final output sent to browser
DEBUG - 2024-04-30 18:55:21 --> Total execution time: 0.0247
INFO - 2024-04-30 18:55:25 --> Config Class Initialized
INFO - 2024-04-30 18:55:25 --> Hooks Class Initialized
DEBUG - 2024-04-30 18:55:25 --> UTF-8 Support Enabled
INFO - 2024-04-30 18:55:25 --> Utf8 Class Initialized
INFO - 2024-04-30 18:55:25 --> URI Class Initialized
INFO - 2024-04-30 18:55:25 --> Router Class Initialized
INFO - 2024-04-30 18:55:25 --> Output Class Initialized
INFO - 2024-04-30 18:55:25 --> Security Class Initialized
DEBUG - 2024-04-30 18:55:25 --> Global POST, GET and COOKIE data sanitized
INFO - 2024-04-30 18:55:25 --> Input Class Initialized
INFO - 2024-04-30 18:55:25 --> Language Class Initialized
INFO - 2024-04-30 18:55:25 --> Loader Class Initialized
INFO - 2024-04-30 18:55:25 --> Helper loaded: url_helper
INFO - 2024-04-30 18:55:25 --> Database Driver Class Initialized
INFO - 2024-04-30 18:55:25 --> Controller Class Initialized
INFO - 2024-04-30 18:55:25 --> Model "Mconfigkey" initialized
INFO - 2024-04-30 18:55:25 --> Model "Mgoods_racking" initialized
INFO - 2024-04-30 18:55:25 --> Final output sent to browser
DEBUG - 2024-04-30 18:55:25 --> Total execution time: 0.0244
INFO - 2024-04-30 18:55:35 --> Config Class Initialized
INFO - 2024-04-30 18:55:35 --> Hooks Class Initialized
DEBUG - 2024-04-30 18:55:35 --> UTF-8 Support Enabled
INFO - 2024-04-30 18:55:35 --> Utf8 Class Initialized
INFO - 2024-04-30 18:55:35 --> URI Class Initialized
INFO - 2024-04-30 18:55:35 --> Router Class Initialized
INFO - 2024-04-30 18:55:35 --> Output Class Initialized
INFO - 2024-04-30 18:55:35 --> Security Class Initialized
DEBUG - 2024-04-30 18:55:35 --> Global POST, GET and COOKIE data sanitized
INFO - 2024-04-30 18:55:35 --> Input Class Initialized
INFO - 2024-04-30 18:55:35 --> Language Class Initialized
INFO - 2024-04-30 18:55:35 --> Loader Class Initialized
INFO - 2024-04-30 18:55:35 --> Helper loaded: url_helper
INFO - 2024-04-30 18:55:35 --> Database Driver Class Initialized
INFO - 2024-04-30 18:55:35 --> Controller Class Initialized
INFO - 2024-04-30 18:55:35 --> Model "Mconfigkey" initialized
INFO - 2024-04-30 18:55:35 --> Model "Mgoods_racking" initialized
INFO - 2024-04-30 18:55:35 --> Final output sent to browser
DEBUG - 2024-04-30 18:55:35 --> Total execution time: 0.0216
INFO - 2024-04-30 18:55:38 --> Config Class Initialized
INFO - 2024-04-30 18:55:38 --> Hooks Class Initialized
DEBUG - 2024-04-30 18:55:38 --> UTF-8 Support Enabled
INFO - 2024-04-30 18:55:38 --> Utf8 Class Initialized
INFO - 2024-04-30 18:55:38 --> URI Class Initialized
INFO - 2024-04-30 18:55:38 --> Router Class Initialized
INFO - 2024-04-30 18:55:38 --> Output Class Initialized
INFO - 2024-04-30 18:55:38 --> Security Class Initialized
DEBUG - 2024-04-30 18:55:38 --> Global POST, GET and COOKIE data sanitized
INFO - 2024-04-30 18:55:38 --> Input Class Initialized
INFO - 2024-04-30 18:55:38 --> Language Class Initialized
INFO - 2024-04-30 18:55:38 --> Loader Class Initialized
INFO - 2024-04-30 18:55:38 --> Helper loaded: url_helper
INFO - 2024-04-30 18:55:38 --> Database Driver Class Initialized
INFO - 2024-04-30 18:55:38 --> Controller Class Initialized
INFO - 2024-04-30 18:55:38 --> Model "Mconfigkey" initialized
INFO - 2024-04-30 18:55:38 --> Model "Mgoods_racking" initialized
INFO - 2024-04-30 18:55:38 --> Final output sent to browser
DEBUG - 2024-04-30 18:55:38 --> Total execution time: 0.0218
INFO - 2024-04-30 18:55:45 --> Config Class Initialized
INFO - 2024-04-30 18:55:45 --> Hooks Class Initialized
DEBUG - 2024-04-30 18:55:45 --> UTF-8 Support Enabled
INFO - 2024-04-30 18:55:45 --> Utf8 Class Initialized
INFO - 2024-04-30 18:55:45 --> URI Class Initialized
INFO - 2024-04-30 18:55:45 --> Router Class Initialized
INFO - 2024-04-30 18:55:45 --> Output Class Initialized
INFO - 2024-04-30 18:55:45 --> Security Class Initialized
DEBUG - 2024-04-30 18:55:45 --> Global POST, GET and COOKIE data sanitized
INFO - 2024-04-30 18:55:45 --> Input Class Initialized
INFO - 2024-04-30 18:55:45 --> Language Class Initialized
INFO - 2024-04-30 18:55:45 --> Loader Class Initialized
INFO - 2024-04-30 18:55:45 --> Helper loaded: url_helper
INFO - 2024-04-30 18:55:45 --> Database Driver Class Initialized
INFO - 2024-04-30 18:55:45 --> Controller Class Initialized
INFO - 2024-04-30 18:55:45 --> Model "Mconfigkey" initialized
INFO - 2024-04-30 18:55:45 --> Model "Mgoods_racking" initialized
INFO - 2024-04-30 18:55:45 --> Final output sent to browser
DEBUG - 2024-04-30 18:55:45 --> Total execution time: 0.0219
INFO - 2024-04-30 18:55:51 --> Config Class Initialized
INFO - 2024-04-30 18:55:51 --> Hooks Class Initialized
DEBUG - 2024-04-30 18:55:51 --> UTF-8 Support Enabled
INFO - 2024-04-30 18:55:51 --> Utf8 Class Initialized
INFO - 2024-04-30 18:55:51 --> URI Class Initialized
INFO - 2024-04-30 18:55:51 --> Router Class Initialized
INFO - 2024-04-30 18:55:51 --> Output Class Initialized
INFO - 2024-04-30 18:55:51 --> Security Class Initialized
DEBUG - 2024-04-30 18:55:51 --> Global POST, GET and COOKIE data sanitized
INFO - 2024-04-30 18:55:51 --> Input Class Initialized
INFO - 2024-04-30 18:55:51 --> Language Class Initialized
INFO - 2024-04-30 18:55:51 --> Loader Class Initialized
INFO - 2024-04-30 18:55:51 --> Helper loaded: url_helper
INFO - 2024-04-30 18:55:51 --> Database Driver Class Initialized
INFO - 2024-04-30 18:55:51 --> Controller Class Initialized
INFO - 2024-04-30 18:55:51 --> Model "Mconfigkey" initialized
INFO - 2024-04-30 18:55:51 --> Model "Mgoods_racking" initialized
INFO - 2024-04-30 18:55:51 --> Final output sent to browser
DEBUG - 2024-04-30 18:55:51 --> Total execution time: 0.0235
INFO - 2024-04-30 18:55:57 --> Config Class Initialized
INFO - 2024-04-30 18:55:57 --> Hooks Class Initialized
DEBUG - 2024-04-30 18:55:57 --> UTF-8 Support Enabled
INFO - 2024-04-30 18:55:57 --> Utf8 Class Initialized
INFO - 2024-04-30 18:55:57 --> URI Class Initialized
INFO - 2024-04-30 18:55:57 --> Router Class Initialized
INFO - 2024-04-30 18:55:57 --> Output Class Initialized
INFO - 2024-04-30 18:55:57 --> Security Class Initialized
DEBUG - 2024-04-30 18:55:57 --> Global POST, GET and COOKIE data sanitized
INFO - 2024-04-30 18:55:57 --> Input Class Initialized
INFO - 2024-04-30 18:55:57 --> Language Class Initialized
INFO - 2024-04-30 18:55:57 --> Loader Class Initialized
INFO - 2024-04-30 18:55:57 --> Helper loaded: url_helper
INFO - 2024-04-30 18:55:57 --> Database Driver Class Initialized
INFO - 2024-04-30 18:55:57 --> Controller Class Initialized
INFO - 2024-04-30 18:55:57 --> Model "Mconfigkey" initialized
INFO - 2024-04-30 18:55:57 --> Model "Mgoods_racking" initialized
INFO - 2024-04-30 18:55:57 --> Final output sent to browser
DEBUG - 2024-04-30 18:55:57 --> Total execution time: 0.0204
INFO - 2024-04-30 18:56:00 --> Config Class Initialized
INFO - 2024-04-30 18:56:00 --> Hooks Class Initialized
DEBUG - 2024-04-30 18:56:00 --> UTF-8 Support Enabled
INFO - 2024-04-30 18:56:00 --> Utf8 Class Initialized
INFO - 2024-04-30 18:56:00 --> URI Class Initialized
INFO - 2024-04-30 18:56:00 --> Router Class Initialized
INFO - 2024-04-30 18:56:00 --> Output Class Initialized
INFO - 2024-04-30 18:56:00 --> Security Class Initialized
DEBUG - 2024-04-30 18:56:00 --> Global POST, GET and COOKIE data sanitized
INFO - 2024-04-30 18:56:00 --> Input Class Initialized
INFO - 2024-04-30 18:56:00 --> Language Class Initialized
INFO - 2024-04-30 18:56:00 --> Loader Class Initialized
INFO - 2024-04-30 18:56:00 --> Helper loaded: url_helper
INFO - 2024-04-30 18:56:00 --> Database Driver Class Initialized
INFO - 2024-04-30 18:56:00 --> Controller Class Initialized
INFO - 2024-04-30 18:56:00 --> Model "Mconfigkey" initialized
INFO - 2024-04-30 18:56:00 --> Model "Mgoods_racking" initialized
INFO - 2024-04-30 18:56:00 --> Final output sent to browser
DEBUG - 2024-04-30 18:56:00 --> Total execution time: 0.0247
INFO - 2024-04-30 18:56:03 --> Config Class Initialized
INFO - 2024-04-30 18:56:03 --> Hooks Class Initialized
DEBUG - 2024-04-30 18:56:03 --> UTF-8 Support Enabled
INFO - 2024-04-30 18:56:03 --> Utf8 Class Initialized
INFO - 2024-04-30 18:56:03 --> URI Class Initialized
INFO - 2024-04-30 18:56:03 --> Router Class Initialized
INFO - 2024-04-30 18:56:03 --> Output Class Initialized
INFO - 2024-04-30 18:56:03 --> Security Class Initialized
DEBUG - 2024-04-30 18:56:03 --> Global POST, GET and COOKIE data sanitized
INFO - 2024-04-30 18:56:03 --> Input Class Initialized
INFO - 2024-04-30 18:56:03 --> Language Class Initialized
INFO - 2024-04-30 18:56:03 --> Loader Class Initialized
INFO - 2024-04-30 18:56:03 --> Helper loaded: url_helper
INFO - 2024-04-30 18:56:03 --> Database Driver Class Initialized
INFO - 2024-04-30 18:56:03 --> Controller Class Initialized
INFO - 2024-04-30 18:56:03 --> Model "Mconfigkey" initialized
INFO - 2024-04-30 18:56:03 --> Model "Mgoods_racking" initialized
INFO - 2024-04-30 18:56:03 --> Final output sent to browser
DEBUG - 2024-04-30 18:56:03 --> Total execution time: 0.0244
INFO - 2024-04-30 18:57:27 --> Config Class Initialized
INFO - 2024-04-30 18:57:27 --> Hooks Class Initialized
DEBUG - 2024-04-30 18:57:27 --> UTF-8 Support Enabled
INFO - 2024-04-30 18:57:27 --> Utf8 Class Initialized
INFO - 2024-04-30 18:57:27 --> URI Class Initialized
INFO - 2024-04-30 18:57:27 --> Router Class Initialized
INFO - 2024-04-30 18:57:27 --> Output Class Initialized
INFO - 2024-04-30 18:57:27 --> Security Class Initialized
DEBUG - 2024-04-30 18:57:27 --> Global POST, GET and COOKIE data sanitized
INFO - 2024-04-30 18:57:27 --> Input Class Initialized
INFO - 2024-04-30 18:57:27 --> Language Class Initialized
INFO - 2024-04-30 18:57:27 --> Loader Class Initialized
INFO - 2024-04-30 18:57:27 --> Helper loaded: url_helper
INFO - 2024-04-30 18:57:27 --> Database Driver Class Initialized
INFO - 2024-04-30 18:57:27 --> Controller Class Initialized
INFO - 2024-04-30 18:57:27 --> Model "Mconfigkey" initialized
INFO - 2024-04-30 18:57:27 --> Model "Mgoods_stuffing" initialized
INFO - 2024-04-30 18:57:27 --> Final output sent to browser
DEBUG - 2024-04-30 18:57:27 --> Total execution time: 0.0457
INFO - 2024-04-30 18:57:39 --> Config Class Initialized
INFO - 2024-04-30 18:57:39 --> Hooks Class Initialized
DEBUG - 2024-04-30 18:57:39 --> UTF-8 Support Enabled
INFO - 2024-04-30 18:57:39 --> Utf8 Class Initialized
INFO - 2024-04-30 18:57:39 --> URI Class Initialized
INFO - 2024-04-30 18:57:39 --> Router Class Initialized
INFO - 2024-04-30 18:57:39 --> Output Class Initialized
INFO - 2024-04-30 18:57:39 --> Security Class Initialized
DEBUG - 2024-04-30 18:57:39 --> Global POST, GET and COOKIE data sanitized
INFO - 2024-04-30 18:57:39 --> Input Class Initialized
INFO - 2024-04-30 18:57:39 --> Language Class Initialized
INFO - 2024-04-30 18:57:39 --> Loader Class Initialized
INFO - 2024-04-30 18:57:39 --> Helper loaded: url_helper
INFO - 2024-04-30 18:57:39 --> Database Driver Class Initialized
INFO - 2024-04-30 18:57:39 --> Controller Class Initialized
INFO - 2024-04-30 18:57:39 --> Model "Mconfigkey" initialized
INFO - 2024-04-30 18:57:39 --> Model "Msync_doc_aw" initialized
INFO - 2024-04-30 18:57:39 --> Final output sent to browser
DEBUG - 2024-04-30 18:57:39 --> Total execution time: 0.0719
INFO - 2024-04-30 18:57:58 --> Config Class Initialized
INFO - 2024-04-30 18:57:58 --> Hooks Class Initialized
DEBUG - 2024-04-30 18:57:58 --> UTF-8 Support Enabled
INFO - 2024-04-30 18:57:58 --> Utf8 Class Initialized
INFO - 2024-04-30 18:57:58 --> URI Class Initialized
INFO - 2024-04-30 18:57:58 --> Router Class Initialized
INFO - 2024-04-30 18:57:58 --> Output Class Initialized
INFO - 2024-04-30 18:57:58 --> Security Class Initialized
DEBUG - 2024-04-30 18:57:58 --> Global POST, GET and COOKIE data sanitized
INFO - 2024-04-30 18:57:58 --> Input Class Initialized
INFO - 2024-04-30 18:57:58 --> Language Class Initialized
INFO - 2024-04-30 18:57:58 --> Loader Class Initialized
INFO - 2024-04-30 18:57:58 --> Helper loaded: url_helper
INFO - 2024-04-30 18:57:58 --> Database Driver Class Initialized
INFO - 2024-04-30 18:57:58 --> Controller Class Initialized
INFO - 2024-04-30 18:57:58 --> Model "Mconfigkey" initialized
INFO - 2024-04-30 18:57:58 --> Model "Mgoods_stuffing" initialized
INFO - 2024-04-30 18:57:58 --> Final output sent to browser
DEBUG - 2024-04-30 18:57:58 --> Total execution time: 0.0400
INFO - 2024-04-30 18:58:02 --> Config Class Initialized
INFO - 2024-04-30 18:58:02 --> Hooks Class Initialized
DEBUG - 2024-04-30 18:58:02 --> UTF-8 Support Enabled
INFO - 2024-04-30 18:58:02 --> Utf8 Class Initialized
INFO - 2024-04-30 18:58:02 --> URI Class Initialized
INFO - 2024-04-30 18:58:02 --> Router Class Initialized
INFO - 2024-04-30 18:58:02 --> Output Class Initialized
INFO - 2024-04-30 18:58:02 --> Security Class Initialized
DEBUG - 2024-04-30 18:58:02 --> Global POST, GET and COOKIE data sanitized
INFO - 2024-04-30 18:58:02 --> Input Class Initialized
INFO - 2024-04-30 18:58:02 --> Language Class Initialized
INFO - 2024-04-30 18:58:02 --> Loader Class Initialized
INFO - 2024-04-30 18:58:02 --> Helper loaded: url_helper
INFO - 2024-04-30 18:58:02 --> Database Driver Class Initialized
INFO - 2024-04-30 18:58:02 --> Controller Class Initialized
INFO - 2024-04-30 18:58:02 --> Model "Mconfigkey" initialized
INFO - 2024-04-30 18:58:02 --> Model "Mgoods_stuffing" initialized
INFO - 2024-04-30 18:58:02 --> Final output sent to browser
DEBUG - 2024-04-30 18:58:02 --> Total execution time: 0.0204
INFO - 2024-04-30 18:58:02 --> Config Class Initialized
INFO - 2024-04-30 18:58:02 --> Hooks Class Initialized
DEBUG - 2024-04-30 18:58:02 --> UTF-8 Support Enabled
INFO - 2024-04-30 18:58:02 --> Utf8 Class Initialized
INFO - 2024-04-30 18:58:02 --> URI Class Initialized
INFO - 2024-04-30 18:58:02 --> Router Class Initialized
INFO - 2024-04-30 18:58:02 --> Output Class Initialized
INFO - 2024-04-30 18:58:02 --> Security Class Initialized
DEBUG - 2024-04-30 18:58:02 --> Global POST, GET and COOKIE data sanitized
INFO - 2024-04-30 18:58:02 --> Input Class Initialized
INFO - 2024-04-30 18:58:02 --> Language Class Initialized
INFO - 2024-04-30 18:58:02 --> Loader Class Initialized
INFO - 2024-04-30 18:58:02 --> Helper loaded: url_helper
INFO - 2024-04-30 18:58:02 --> Database Driver Class Initialized
INFO - 2024-04-30 18:58:02 --> Controller Class Initialized
INFO - 2024-04-30 18:58:02 --> Model "Mconfigkey" initialized
INFO - 2024-04-30 18:58:02 --> Model "Mgoods_stuffing" initialized
INFO - 2024-04-30 18:58:02 --> Final output sent to browser
DEBUG - 2024-04-30 18:58:02 --> Total execution time: 0.0248
INFO - 2024-04-30 18:58:14 --> Config Class Initialized
INFO - 2024-04-30 18:58:14 --> Hooks Class Initialized
DEBUG - 2024-04-30 18:58:14 --> UTF-8 Support Enabled
INFO - 2024-04-30 18:58:14 --> Utf8 Class Initialized
INFO - 2024-04-30 18:58:14 --> URI Class Initialized
INFO - 2024-04-30 18:58:14 --> Router Class Initialized
INFO - 2024-04-30 18:58:14 --> Output Class Initialized
INFO - 2024-04-30 18:58:14 --> Security Class Initialized
DEBUG - 2024-04-30 18:58:14 --> Global POST, GET and COOKIE data sanitized
INFO - 2024-04-30 18:58:14 --> Input Class Initialized
INFO - 2024-04-30 18:58:14 --> Language Class Initialized
INFO - 2024-04-30 18:58:14 --> Loader Class Initialized
INFO - 2024-04-30 18:58:14 --> Helper loaded: url_helper
INFO - 2024-04-30 18:58:14 --> Database Driver Class Initialized
INFO - 2024-04-30 18:58:14 --> Controller Class Initialized
INFO - 2024-04-30 18:58:14 --> Model "Mconfigkey" initialized
INFO - 2024-04-30 18:58:14 --> Model "Mgoods_stuffing" initialized
INFO - 2024-04-30 18:58:16 --> Final output sent to browser
DEBUG - 2024-04-30 18:58:16 --> Total execution time: 1.7937
INFO - 2024-04-30 18:58:23 --> Config Class Initialized
INFO - 2024-04-30 18:58:23 --> Hooks Class Initialized
DEBUG - 2024-04-30 18:58:23 --> UTF-8 Support Enabled
INFO - 2024-04-30 18:58:23 --> Utf8 Class Initialized
INFO - 2024-04-30 18:58:23 --> URI Class Initialized
INFO - 2024-04-30 18:58:23 --> Router Class Initialized
INFO - 2024-04-30 18:58:23 --> Output Class Initialized
INFO - 2024-04-30 18:58:23 --> Security Class Initialized
DEBUG - 2024-04-30 18:58:23 --> Global POST, GET and COOKIE data sanitized
INFO - 2024-04-30 18:58:23 --> Input Class Initialized
INFO - 2024-04-30 18:58:23 --> Language Class Initialized
INFO - 2024-04-30 18:58:23 --> Loader Class Initialized
INFO - 2024-04-30 18:58:23 --> Helper loaded: url_helper
INFO - 2024-04-30 18:58:23 --> Database Driver Class Initialized
INFO - 2024-04-30 18:58:23 --> Controller Class Initialized
INFO - 2024-04-30 18:58:23 --> Model "Mconfigkey" initialized
INFO - 2024-04-30 18:58:23 --> Model "Mgoods_stuffing" initialized
INFO - 2024-04-30 18:58:28 --> Final output sent to browser
DEBUG - 2024-04-30 18:58:28 --> Total execution time: 4.4634
INFO - 2024-04-30 18:58:45 --> Config Class Initialized
INFO - 2024-04-30 18:58:45 --> Hooks Class Initialized
DEBUG - 2024-04-30 18:58:45 --> UTF-8 Support Enabled
INFO - 2024-04-30 18:58:45 --> Utf8 Class Initialized
INFO - 2024-04-30 18:58:45 --> URI Class Initialized
INFO - 2024-04-30 18:58:45 --> Router Class Initialized
INFO - 2024-04-30 18:58:45 --> Output Class Initialized
INFO - 2024-04-30 18:58:45 --> Security Class Initialized
DEBUG - 2024-04-30 18:58:45 --> Global POST, GET and COOKIE data sanitized
INFO - 2024-04-30 18:58:45 --> Input Class Initialized
INFO - 2024-04-30 18:58:45 --> Language Class Initialized
INFO - 2024-04-30 18:58:45 --> Loader Class Initialized
INFO - 2024-04-30 18:58:45 --> Helper loaded: url_helper
INFO - 2024-04-30 18:58:45 --> Database Driver Class Initialized
INFO - 2024-04-30 18:58:45 --> Controller Class Initialized
INFO - 2024-04-30 18:58:45 --> Model "Mconfigkey" initialized
INFO - 2024-04-30 18:58:45 --> Model "Mgoods_stuffing" initialized
ERROR - 2024-04-30 18:58:49 --> Query error: [Microsoft][ODBC Driver 18 for SQL Server][SQL Server]Violation of UNIQUE KEY constraint 'UX_DELIVERY_PACK_001'. Cannot insert duplicate key in object 'dbo.DELIVERY_PACK'. The duplicate key value is (24033C-3709-020). - Invalid query: EXEC SP_SAVE_DELIVERY_PICKING 'seiwa','PLB','AXB440161T','[{"NO_DRAFT":"240325D12552C-1","NO_BUKTI":"SM240352C","TANGGAL":"","CUSTOMER_INVOICE":"","QTY_PICKING":2,"id":"extModel1931-1"},{"NO_DRAFT":"240304D154322-1","NO_BUKTI":"SM240322","TANGGAL":"2024-03-04","CUSTOMER_INVOICE":"SAMI","QTY_PICKING":45,"id":"extModel1931-2"}]'
        
INFO - 2024-04-30 18:58:49 --> Language file loaded: language/english/db_lang.php
INFO - 2024-04-30 18:58:51 --> Config Class Initialized
INFO - 2024-04-30 18:58:51 --> Hooks Class Initialized
DEBUG - 2024-04-30 18:58:51 --> UTF-8 Support Enabled
INFO - 2024-04-30 18:58:51 --> Utf8 Class Initialized
INFO - 2024-04-30 18:58:51 --> URI Class Initialized
INFO - 2024-04-30 18:58:51 --> Router Class Initialized
INFO - 2024-04-30 18:58:51 --> Output Class Initialized
INFO - 2024-04-30 18:58:51 --> Security Class Initialized
DEBUG - 2024-04-30 18:58:51 --> Global POST, GET and COOKIE data sanitized
INFO - 2024-04-30 18:58:51 --> Input Class Initialized
INFO - 2024-04-30 18:58:51 --> Language Class Initialized
INFO - 2024-04-30 18:58:51 --> Loader Class Initialized
INFO - 2024-04-30 18:58:51 --> Helper loaded: url_helper
INFO - 2024-04-30 18:58:51 --> Database Driver Class Initialized
INFO - 2024-04-30 18:58:51 --> Controller Class Initialized
INFO - 2024-04-30 18:58:51 --> Model "Mconfigkey" initialized
INFO - 2024-04-30 18:58:51 --> Model "Mgoods_stuffing" initialized
INFO - 2024-04-30 18:58:57 --> Final output sent to browser
DEBUG - 2024-04-30 18:58:57 --> Total execution time: 5.5425
INFO - 2024-04-30 18:59:02 --> Config Class Initialized
INFO - 2024-04-30 18:59:02 --> Hooks Class Initialized
DEBUG - 2024-04-30 18:59:02 --> UTF-8 Support Enabled
INFO - 2024-04-30 18:59:02 --> Utf8 Class Initialized
INFO - 2024-04-30 18:59:02 --> URI Class Initialized
INFO - 2024-04-30 18:59:02 --> Router Class Initialized
INFO - 2024-04-30 18:59:02 --> Output Class Initialized
INFO - 2024-04-30 18:59:02 --> Security Class Initialized
DEBUG - 2024-04-30 18:59:02 --> Global POST, GET and COOKIE data sanitized
INFO - 2024-04-30 18:59:02 --> Input Class Initialized
INFO - 2024-04-30 18:59:02 --> Language Class Initialized
INFO - 2024-04-30 18:59:02 --> Loader Class Initialized
INFO - 2024-04-30 18:59:02 --> Helper loaded: url_helper
INFO - 2024-04-30 18:59:02 --> Database Driver Class Initialized
INFO - 2024-04-30 18:59:02 --> Controller Class Initialized
INFO - 2024-04-30 18:59:02 --> Model "Mconfigkey" initialized
INFO - 2024-04-30 18:59:02 --> Model "Mgoods_stuffing" initialized
ERROR - 2024-04-30 18:59:06 --> Query error: [Microsoft][ODBC Driver 18 for SQL Server][SQL Server]Violation of UNIQUE KEY constraint 'UX_DELIVERY_PACK_001'. Cannot insert duplicate key in object 'dbo.DELIVERY_PACK'. The duplicate key value is (24033C-3709-020). - Invalid query: EXEC SP_SAVE_DELIVERY_PICKING 'seiwa','PLB','AXB440161T','[{"NO_DRAFT":"240325D12552C-1","NO_BUKTI":"SM240352C","TANGGAL":"","CUSTOMER_INVOICE":"","QTY_PICKING":2,"id":"extModel1931-1"},{"NO_DRAFT":"240304D154322-1","NO_BUKTI":"SM240322","TANGGAL":"2024-03-04","CUSTOMER_INVOICE":"SAMI","QTY_PICKING":45,"id":"extModel1931-2"}]'
        
INFO - 2024-04-30 18:59:06 --> Language file loaded: language/english/db_lang.php
INFO - 2024-04-30 18:59:12 --> Config Class Initialized
INFO - 2024-04-30 18:59:12 --> Hooks Class Initialized
DEBUG - 2024-04-30 18:59:12 --> UTF-8 Support Enabled
INFO - 2024-04-30 18:59:12 --> Utf8 Class Initialized
INFO - 2024-04-30 18:59:12 --> URI Class Initialized
INFO - 2024-04-30 18:59:12 --> Router Class Initialized
INFO - 2024-04-30 18:59:12 --> Output Class Initialized
INFO - 2024-04-30 18:59:12 --> Security Class Initialized
DEBUG - 2024-04-30 18:59:12 --> Global POST, GET and COOKIE data sanitized
INFO - 2024-04-30 18:59:12 --> Input Class Initialized
INFO - 2024-04-30 18:59:12 --> Language Class Initialized
INFO - 2024-04-30 18:59:12 --> Loader Class Initialized
INFO - 2024-04-30 18:59:12 --> Helper loaded: url_helper
INFO - 2024-04-30 18:59:12 --> Database Driver Class Initialized
INFO - 2024-04-30 18:59:12 --> Controller Class Initialized
INFO - 2024-04-30 18:59:12 --> Model "Mconfigkey" initialized
INFO - 2024-04-30 18:59:12 --> Model "Mgoods_stuffing" initialized
ERROR - 2024-04-30 18:59:15 --> Query error: [Microsoft][ODBC Driver 18 for SQL Server][SQL Server]Violation of UNIQUE KEY constraint 'UX_DELIVERY_PACK_001'. Cannot insert duplicate key in object 'dbo.DELIVERY_PACK'. The duplicate key value is (24033C-3709-020). - Invalid query: EXEC SP_SAVE_DELIVERY_PICKING 'seiwa','PLB','AXB440161T','[{"NO_DRAFT":"240325D12552C-1","NO_BUKTI":"SM240352C","TANGGAL":"","CUSTOMER_INVOICE":"","QTY_PICKING":2,"id":"extModel1931-1"},{"NO_DRAFT":"240304D154322-1","NO_BUKTI":"SM240322","TANGGAL":"2024-03-04","CUSTOMER_INVOICE":"SAMI","QTY_PICKING":45,"id":"extModel1931-2"}]'
        
INFO - 2024-04-30 18:59:15 --> Language file loaded: language/english/db_lang.php
INFO - 2024-04-30 18:59:20 --> Config Class Initialized
INFO - 2024-04-30 18:59:20 --> Hooks Class Initialized
DEBUG - 2024-04-30 18:59:20 --> UTF-8 Support Enabled
INFO - 2024-04-30 18:59:20 --> Utf8 Class Initialized
INFO - 2024-04-30 18:59:20 --> URI Class Initialized
INFO - 2024-04-30 18:59:20 --> Router Class Initialized
INFO - 2024-04-30 18:59:20 --> Output Class Initialized
INFO - 2024-04-30 18:59:20 --> Security Class Initialized
DEBUG - 2024-04-30 18:59:20 --> Global POST, GET and COOKIE data sanitized
INFO - 2024-04-30 18:59:20 --> Input Class Initialized
INFO - 2024-04-30 18:59:20 --> Language Class Initialized
INFO - 2024-04-30 18:59:20 --> Loader Class Initialized
INFO - 2024-04-30 18:59:20 --> Helper loaded: url_helper
INFO - 2024-04-30 18:59:20 --> Database Driver Class Initialized
INFO - 2024-04-30 18:59:20 --> Controller Class Initialized
INFO - 2024-04-30 18:59:20 --> Model "Mconfigkey" initialized
INFO - 2024-04-30 18:59:20 --> Final output sent to browser
DEBUG - 2024-04-30 18:59:20 --> Total execution time: 0.0204
INFO - 2024-04-30 19:00:56 --> Config Class Initialized
INFO - 2024-04-30 19:00:56 --> Hooks Class Initialized
DEBUG - 2024-04-30 19:00:56 --> UTF-8 Support Enabled
INFO - 2024-04-30 19:00:56 --> Utf8 Class Initialized
INFO - 2024-04-30 19:00:56 --> URI Class Initialized
INFO - 2024-04-30 19:00:56 --> Router Class Initialized
INFO - 2024-04-30 19:00:56 --> Output Class Initialized
INFO - 2024-04-30 19:00:56 --> Security Class Initialized
DEBUG - 2024-04-30 19:00:56 --> Global POST, GET and COOKIE data sanitized
INFO - 2024-04-30 19:00:56 --> Input Class Initialized
INFO - 2024-04-30 19:00:56 --> Language Class Initialized
INFO - 2024-04-30 19:00:56 --> Loader Class Initialized
INFO - 2024-04-30 19:00:56 --> Helper loaded: url_helper
INFO - 2024-04-30 19:00:56 --> Database Driver Class Initialized
INFO - 2024-04-30 19:00:56 --> Controller Class Initialized
INFO - 2024-04-30 19:00:56 --> Model "Mconfigkey" initialized
INFO - 2024-04-30 19:00:56 --> Model "Mext_rpt_pengeluaran" initialized
ERROR - 2024-04-30 19:00:56 --> Query error: [Microsoft][ODBC Driver 18 for SQL Server][SQL Server]Invalid object name 'VW_EXT_RPT_PENGELUARAN_PER_DOKUMEN'. - Invalid query: SELECT COUNT(*) AS "numrows"
FROM "VW_EXT_RPT_PENGELUARAN_PER_DOKUMEN"
WHERE 
        VW_EXT_RPT_PENGELUARAN_PER_DOKUMEN.JENIS_DOKUMEN_PABEAN = '' AND 
        FORMAT(VW_EXT_RPT_PENGELUARAN_PER_DOKUMEN.TANGGAL_AJU,'yyyy-MM-dd') BETWEEN '' AND ''
        
INFO - 2024-04-30 19:00:56 --> Language file loaded: language/english/db_lang.php
INFO - 2024-04-30 19:01:48 --> Config Class Initialized
INFO - 2024-04-30 19:01:48 --> Hooks Class Initialized
DEBUG - 2024-04-30 19:01:48 --> UTF-8 Support Enabled
INFO - 2024-04-30 19:01:48 --> Utf8 Class Initialized
INFO - 2024-04-30 19:01:48 --> URI Class Initialized
INFO - 2024-04-30 19:01:48 --> Router Class Initialized
INFO - 2024-04-30 19:01:48 --> Output Class Initialized
INFO - 2024-04-30 19:01:48 --> Security Class Initialized
DEBUG - 2024-04-30 19:01:48 --> Global POST, GET and COOKIE data sanitized
INFO - 2024-04-30 19:01:48 --> Input Class Initialized
INFO - 2024-04-30 19:01:48 --> Language Class Initialized
INFO - 2024-04-30 19:01:48 --> Loader Class Initialized
INFO - 2024-04-30 19:01:48 --> Helper loaded: url_helper
INFO - 2024-04-30 19:01:48 --> Database Driver Class Initialized
INFO - 2024-04-30 19:01:48 --> Controller Class Initialized
INFO - 2024-04-30 19:01:48 --> Model "Mconfigkey" initialized
ERROR - 2024-04-30 19:01:48 --> Severity: error --> Exception: Unable to locate the model you have specified: Mext_rpt_stock_card D:\xampp\htdocs\plb\dummyservice\system\core\Loader.php 348
INFO - 2024-04-30 19:02:02 --> Config Class Initialized
INFO - 2024-04-30 19:02:02 --> Hooks Class Initialized
DEBUG - 2024-04-30 19:02:02 --> UTF-8 Support Enabled
INFO - 2024-04-30 19:02:02 --> Utf8 Class Initialized
INFO - 2024-04-30 19:02:02 --> URI Class Initialized
INFO - 2024-04-30 19:02:02 --> Router Class Initialized
INFO - 2024-04-30 19:02:02 --> Output Class Initialized
INFO - 2024-04-30 19:02:02 --> Security Class Initialized
DEBUG - 2024-04-30 19:02:02 --> Global POST, GET and COOKIE data sanitized
INFO - 2024-04-30 19:02:02 --> Input Class Initialized
INFO - 2024-04-30 19:02:02 --> Language Class Initialized
INFO - 2024-04-30 19:02:02 --> Loader Class Initialized
INFO - 2024-04-30 19:02:02 --> Helper loaded: url_helper
INFO - 2024-04-30 19:02:02 --> Database Driver Class Initialized
INFO - 2024-04-30 19:02:02 --> Controller Class Initialized
INFO - 2024-04-30 19:02:02 --> Model "Mconfigkey" initialized
INFO - 2024-04-30 19:02:02 --> Model "Mbcin_40" initialized
INFO - 2024-04-30 19:02:02 --> Final output sent to browser
DEBUG - 2024-04-30 19:02:02 --> Total execution time: 0.0289
INFO - 2024-04-30 19:02:18 --> Config Class Initialized
INFO - 2024-04-30 19:02:18 --> Hooks Class Initialized
DEBUG - 2024-04-30 19:02:18 --> UTF-8 Support Enabled
INFO - 2024-04-30 19:02:18 --> Utf8 Class Initialized
INFO - 2024-04-30 19:02:18 --> URI Class Initialized
INFO - 2024-04-30 19:02:18 --> Router Class Initialized
INFO - 2024-04-30 19:02:18 --> Output Class Initialized
INFO - 2024-04-30 19:02:18 --> Security Class Initialized
DEBUG - 2024-04-30 19:02:18 --> Global POST, GET and COOKIE data sanitized
INFO - 2024-04-30 19:02:18 --> Input Class Initialized
INFO - 2024-04-30 19:02:18 --> Language Class Initialized
INFO - 2024-04-30 19:02:18 --> Loader Class Initialized
INFO - 2024-04-30 19:02:18 --> Helper loaded: url_helper
INFO - 2024-04-30 19:02:18 --> Database Driver Class Initialized
INFO - 2024-04-30 19:02:18 --> Controller Class Initialized
INFO - 2024-04-30 19:02:18 --> Model "Mconfigkey" initialized
INFO - 2024-04-30 19:02:18 --> Model "Mbcin_16" initialized
INFO - 2024-04-30 19:02:18 --> Final output sent to browser
DEBUG - 2024-04-30 19:02:18 --> Total execution time: 0.0276
INFO - 2024-04-30 19:02:56 --> Config Class Initialized
INFO - 2024-04-30 19:02:56 --> Hooks Class Initialized
DEBUG - 2024-04-30 19:02:56 --> UTF-8 Support Enabled
INFO - 2024-04-30 19:02:56 --> Utf8 Class Initialized
INFO - 2024-04-30 19:02:56 --> URI Class Initialized
INFO - 2024-04-30 19:02:56 --> Router Class Initialized
INFO - 2024-04-30 19:02:56 --> Output Class Initialized
INFO - 2024-04-30 19:02:56 --> Security Class Initialized
DEBUG - 2024-04-30 19:02:56 --> Global POST, GET and COOKIE data sanitized
INFO - 2024-04-30 19:02:56 --> Input Class Initialized
INFO - 2024-04-30 19:02:56 --> Language Class Initialized
INFO - 2024-04-30 19:02:56 --> Loader Class Initialized
INFO - 2024-04-30 19:02:56 --> Helper loaded: url_helper
INFO - 2024-04-30 19:02:56 --> Database Driver Class Initialized
INFO - 2024-04-30 19:02:56 --> Controller Class Initialized
INFO - 2024-04-30 19:02:56 --> Model "Mconfigkey" initialized
INFO - 2024-04-30 19:02:56 --> Model "Mbcin_271" initialized
INFO - 2024-04-30 19:02:56 --> Final output sent to browser
DEBUG - 2024-04-30 19:02:56 --> Total execution time: 0.0423
