INFO - 2024-05-25 00:01:01 --> Config Class Initialized
INFO - 2024-05-25 00:01:01 --> Hooks Class Initialized
DEBUG - 2024-05-25 00:01:01 --> UTF-8 Support Enabled
INFO - 2024-05-25 00:01:01 --> Utf8 Class Initialized
INFO - 2024-05-25 00:01:01 --> URI Class Initialized
INFO - 2024-05-25 00:01:01 --> Router Class Initialized
INFO - 2024-05-25 00:01:01 --> Output Class Initialized
INFO - 2024-05-25 00:01:01 --> Security Class Initialized
DEBUG - 2024-05-25 00:01:01 --> Global POST, GET and COOKIE data sanitized
INFO - 2024-05-25 00:01:01 --> Input Class Initialized
INFO - 2024-05-25 00:01:01 --> Language Class Initialized
INFO - 2024-05-25 00:01:01 --> Loader Class Initialized
INFO - 2024-05-25 00:01:01 --> Helper loaded: url_helper
INFO - 2024-05-25 00:01:01 --> Database Driver Class Initialized
INFO - 2024-05-25 00:01:01 --> Controller Class Initialized
INFO - 2024-05-25 00:01:01 --> Model "Mconfigkey" initialized
INFO - 2024-05-25 00:01:01 --> Final output sent to browser
DEBUG - 2024-05-25 00:01:01 --> Total execution time: 0.0199
INFO - 2024-05-25 00:01:06 --> Config Class Initialized
INFO - 2024-05-25 00:01:06 --> Hooks Class Initialized
DEBUG - 2024-05-25 00:01:06 --> UTF-8 Support Enabled
INFO - 2024-05-25 00:01:06 --> Utf8 Class Initialized
INFO - 2024-05-25 00:01:06 --> URI Class Initialized
INFO - 2024-05-25 00:01:06 --> Router Class Initialized
INFO - 2024-05-25 00:01:06 --> Output Class Initialized
INFO - 2024-05-25 00:01:06 --> Security Class Initialized
DEBUG - 2024-05-25 00:01:06 --> Global POST, GET and COOKIE data sanitized
INFO - 2024-05-25 00:01:06 --> Input Class Initialized
INFO - 2024-05-25 00:01:06 --> Language Class Initialized
INFO - 2024-05-25 00:01:06 --> Loader Class Initialized
INFO - 2024-05-25 00:01:06 --> Helper loaded: url_helper
INFO - 2024-05-25 00:01:06 --> Database Driver Class Initialized
INFO - 2024-05-25 00:01:06 --> Controller Class Initialized
INFO - 2024-05-25 00:01:06 --> Model "Mconfigkey" initialized
INFO - 2024-05-25 00:01:06 --> Model "Mgoods_in" initialized
INFO - 2024-05-25 00:01:06 --> Final output sent to browser
DEBUG - 2024-05-25 00:01:06 --> Total execution time: 0.0202
INFO - 2024-05-25 00:01:07 --> Config Class Initialized
INFO - 2024-05-25 00:01:07 --> Hooks Class Initialized
DEBUG - 2024-05-25 00:01:07 --> UTF-8 Support Enabled
INFO - 2024-05-25 00:01:07 --> Utf8 Class Initialized
INFO - 2024-05-25 00:01:07 --> URI Class Initialized
INFO - 2024-05-25 00:01:07 --> Router Class Initialized
INFO - 2024-05-25 00:01:07 --> Output Class Initialized
INFO - 2024-05-25 00:01:07 --> Security Class Initialized
DEBUG - 2024-05-25 00:01:07 --> Global POST, GET and COOKIE data sanitized
INFO - 2024-05-25 00:01:07 --> Input Class Initialized
INFO - 2024-05-25 00:01:07 --> Language Class Initialized
INFO - 2024-05-25 00:01:07 --> Loader Class Initialized
INFO - 2024-05-25 00:01:07 --> Helper loaded: url_helper
INFO - 2024-05-25 00:01:07 --> Database Driver Class Initialized
INFO - 2024-05-25 00:01:07 --> Controller Class Initialized
INFO - 2024-05-25 00:01:07 --> Model "Mconfigkey" initialized
INFO - 2024-05-25 00:01:07 --> Model "Mgoods_in" initialized
INFO - 2024-05-25 00:01:07 --> Final output sent to browser
DEBUG - 2024-05-25 00:01:07 --> Total execution time: 0.0221
INFO - 2024-05-25 00:01:09 --> Config Class Initialized
INFO - 2024-05-25 00:01:09 --> Hooks Class Initialized
DEBUG - 2024-05-25 00:01:09 --> UTF-8 Support Enabled
INFO - 2024-05-25 00:01:09 --> Utf8 Class Initialized
INFO - 2024-05-25 00:01:09 --> URI Class Initialized
INFO - 2024-05-25 00:01:09 --> Router Class Initialized
INFO - 2024-05-25 00:01:09 --> Output Class Initialized
INFO - 2024-05-25 00:01:09 --> Security Class Initialized
DEBUG - 2024-05-25 00:01:09 --> Global POST, GET and COOKIE data sanitized
INFO - 2024-05-25 00:01:09 --> Input Class Initialized
INFO - 2024-05-25 00:01:09 --> Language Class Initialized
INFO - 2024-05-25 00:01:09 --> Loader Class Initialized
INFO - 2024-05-25 00:01:09 --> Helper loaded: url_helper
INFO - 2024-05-25 00:01:09 --> Database Driver Class Initialized
INFO - 2024-05-25 00:01:09 --> Controller Class Initialized
INFO - 2024-05-25 00:01:09 --> Model "Mconfigkey" initialized
INFO - 2024-05-25 00:01:09 --> Model "Mgoods_in" initialized
INFO - 2024-05-25 00:01:09 --> Final output sent to browser
DEBUG - 2024-05-25 00:01:09 --> Total execution time: 0.0199
INFO - 2024-05-25 00:01:11 --> Config Class Initialized
INFO - 2024-05-25 00:01:11 --> Hooks Class Initialized
DEBUG - 2024-05-25 00:01:11 --> UTF-8 Support Enabled
INFO - 2024-05-25 00:01:11 --> Utf8 Class Initialized
INFO - 2024-05-25 00:01:11 --> URI Class Initialized
INFO - 2024-05-25 00:01:11 --> Router Class Initialized
INFO - 2024-05-25 00:01:11 --> Output Class Initialized
INFO - 2024-05-25 00:01:11 --> Security Class Initialized
DEBUG - 2024-05-25 00:01:11 --> Global POST, GET and COOKIE data sanitized
INFO - 2024-05-25 00:01:11 --> Input Class Initialized
INFO - 2024-05-25 00:01:11 --> Language Class Initialized
INFO - 2024-05-25 00:01:11 --> Loader Class Initialized
INFO - 2024-05-25 00:01:11 --> Helper loaded: url_helper
INFO - 2024-05-25 00:01:11 --> Database Driver Class Initialized
INFO - 2024-05-25 00:01:11 --> Controller Class Initialized
INFO - 2024-05-25 00:01:11 --> Model "Mconfigkey" initialized
INFO - 2024-05-25 00:01:11 --> Model "Mgoods_in" initialized
INFO - 2024-05-25 00:01:11 --> Final output sent to browser
DEBUG - 2024-05-25 00:01:11 --> Total execution time: 0.0218
INFO - 2024-05-25 00:01:13 --> Config Class Initialized
INFO - 2024-05-25 00:01:13 --> Hooks Class Initialized
DEBUG - 2024-05-25 00:01:13 --> UTF-8 Support Enabled
INFO - 2024-05-25 00:01:13 --> Utf8 Class Initialized
INFO - 2024-05-25 00:01:13 --> URI Class Initialized
INFO - 2024-05-25 00:01:13 --> Router Class Initialized
INFO - 2024-05-25 00:01:13 --> Output Class Initialized
INFO - 2024-05-25 00:01:13 --> Security Class Initialized
DEBUG - 2024-05-25 00:01:13 --> Global POST, GET and COOKIE data sanitized
INFO - 2024-05-25 00:01:13 --> Input Class Initialized
INFO - 2024-05-25 00:01:13 --> Language Class Initialized
INFO - 2024-05-25 00:01:13 --> Loader Class Initialized
INFO - 2024-05-25 00:01:13 --> Helper loaded: url_helper
INFO - 2024-05-25 00:01:13 --> Database Driver Class Initialized
INFO - 2024-05-25 00:01:13 --> Controller Class Initialized
INFO - 2024-05-25 00:01:13 --> Model "Mconfigkey" initialized
INFO - 2024-05-25 00:01:13 --> Model "Mgoods_in" initialized
INFO - 2024-05-25 00:01:13 --> Final output sent to browser
DEBUG - 2024-05-25 00:01:13 --> Total execution time: 0.0206
INFO - 2024-05-25 00:01:36 --> Config Class Initialized
INFO - 2024-05-25 00:01:36 --> Hooks Class Initialized
DEBUG - 2024-05-25 00:01:36 --> UTF-8 Support Enabled
INFO - 2024-05-25 00:01:36 --> Utf8 Class Initialized
INFO - 2024-05-25 00:01:36 --> URI Class Initialized
INFO - 2024-05-25 00:01:36 --> Router Class Initialized
INFO - 2024-05-25 00:01:36 --> Output Class Initialized
INFO - 2024-05-25 00:01:36 --> Security Class Initialized
DEBUG - 2024-05-25 00:01:36 --> Global POST, GET and COOKIE data sanitized
INFO - 2024-05-25 00:01:36 --> Input Class Initialized
INFO - 2024-05-25 00:01:36 --> Language Class Initialized
INFO - 2024-05-25 00:01:36 --> Loader Class Initialized
INFO - 2024-05-25 00:01:36 --> Helper loaded: url_helper
INFO - 2024-05-25 00:01:36 --> Database Driver Class Initialized
INFO - 2024-05-25 00:01:36 --> Controller Class Initialized
INFO - 2024-05-25 00:01:36 --> Model "Mconfigkey" initialized
INFO - 2024-05-25 00:01:36 --> Model "Mgoods_in" initialized
INFO - 2024-05-25 00:01:36 --> Final output sent to browser
DEBUG - 2024-05-25 00:01:36 --> Total execution time: 0.0203
INFO - 2024-05-25 00:01:38 --> Config Class Initialized
INFO - 2024-05-25 00:01:38 --> Hooks Class Initialized
DEBUG - 2024-05-25 00:01:38 --> UTF-8 Support Enabled
INFO - 2024-05-25 00:01:38 --> Utf8 Class Initialized
INFO - 2024-05-25 00:01:38 --> URI Class Initialized
INFO - 2024-05-25 00:01:38 --> Router Class Initialized
INFO - 2024-05-25 00:01:38 --> Output Class Initialized
INFO - 2024-05-25 00:01:38 --> Security Class Initialized
DEBUG - 2024-05-25 00:01:38 --> Global POST, GET and COOKIE data sanitized
INFO - 2024-05-25 00:01:38 --> Input Class Initialized
INFO - 2024-05-25 00:01:38 --> Language Class Initialized
INFO - 2024-05-25 00:01:38 --> Loader Class Initialized
INFO - 2024-05-25 00:01:38 --> Helper loaded: url_helper
INFO - 2024-05-25 00:01:38 --> Database Driver Class Initialized
INFO - 2024-05-25 00:01:38 --> Controller Class Initialized
INFO - 2024-05-25 00:01:38 --> Model "Mconfigkey" initialized
INFO - 2024-05-25 00:01:38 --> Model "Mgoods_in" initialized
INFO - 2024-05-25 00:01:38 --> Final output sent to browser
DEBUG - 2024-05-25 00:01:38 --> Total execution time: 0.0198
INFO - 2024-05-25 00:01:50 --> Config Class Initialized
INFO - 2024-05-25 00:01:50 --> Hooks Class Initialized
DEBUG - 2024-05-25 00:01:50 --> UTF-8 Support Enabled
INFO - 2024-05-25 00:01:50 --> Utf8 Class Initialized
INFO - 2024-05-25 00:01:50 --> URI Class Initialized
INFO - 2024-05-25 00:01:50 --> Router Class Initialized
INFO - 2024-05-25 00:01:50 --> Output Class Initialized
INFO - 2024-05-25 00:01:50 --> Security Class Initialized
DEBUG - 2024-05-25 00:01:50 --> Global POST, GET and COOKIE data sanitized
INFO - 2024-05-25 00:01:50 --> Input Class Initialized
INFO - 2024-05-25 00:01:50 --> Language Class Initialized
INFO - 2024-05-25 00:01:50 --> Loader Class Initialized
INFO - 2024-05-25 00:01:50 --> Helper loaded: url_helper
INFO - 2024-05-25 00:01:50 --> Database Driver Class Initialized
INFO - 2024-05-25 00:01:50 --> Controller Class Initialized
INFO - 2024-05-25 00:01:50 --> Model "Mconfigkey" initialized
INFO - 2024-05-25 00:01:50 --> Model "Mgoods_in" initialized
INFO - 2024-05-25 00:01:50 --> Final output sent to browser
DEBUG - 2024-05-25 00:01:50 --> Total execution time: 0.0197
INFO - 2024-05-25 00:02:21 --> Config Class Initialized
INFO - 2024-05-25 00:02:21 --> Hooks Class Initialized
DEBUG - 2024-05-25 00:02:21 --> UTF-8 Support Enabled
INFO - 2024-05-25 00:02:21 --> Utf8 Class Initialized
INFO - 2024-05-25 00:02:21 --> URI Class Initialized
INFO - 2024-05-25 00:02:21 --> Router Class Initialized
INFO - 2024-05-25 00:02:21 --> Output Class Initialized
INFO - 2024-05-25 00:02:21 --> Security Class Initialized
DEBUG - 2024-05-25 00:02:21 --> Global POST, GET and COOKIE data sanitized
INFO - 2024-05-25 00:02:21 --> Input Class Initialized
INFO - 2024-05-25 00:02:21 --> Language Class Initialized
INFO - 2024-05-25 00:02:21 --> Loader Class Initialized
INFO - 2024-05-25 00:02:21 --> Helper loaded: url_helper
INFO - 2024-05-25 00:02:21 --> Database Driver Class Initialized
INFO - 2024-05-25 00:02:21 --> Controller Class Initialized
INFO - 2024-05-25 00:02:21 --> Model "Mconfigkey" initialized
INFO - 2024-05-25 00:02:21 --> Model "Mgoods_in" initialized
INFO - 2024-05-25 00:02:21 --> Final output sent to browser
DEBUG - 2024-05-25 00:02:21 --> Total execution time: 0.0243
INFO - 2024-05-25 00:02:24 --> Config Class Initialized
INFO - 2024-05-25 00:02:24 --> Hooks Class Initialized
DEBUG - 2024-05-25 00:02:24 --> UTF-8 Support Enabled
INFO - 2024-05-25 00:02:24 --> Utf8 Class Initialized
INFO - 2024-05-25 00:02:24 --> URI Class Initialized
INFO - 2024-05-25 00:02:24 --> Router Class Initialized
INFO - 2024-05-25 00:02:24 --> Output Class Initialized
INFO - 2024-05-25 00:02:24 --> Security Class Initialized
DEBUG - 2024-05-25 00:02:24 --> Global POST, GET and COOKIE data sanitized
INFO - 2024-05-25 00:02:24 --> Input Class Initialized
INFO - 2024-05-25 00:02:24 --> Language Class Initialized
INFO - 2024-05-25 00:02:24 --> Loader Class Initialized
INFO - 2024-05-25 00:02:24 --> Helper loaded: url_helper
INFO - 2024-05-25 00:02:24 --> Database Driver Class Initialized
INFO - 2024-05-25 00:02:24 --> Controller Class Initialized
INFO - 2024-05-25 00:02:24 --> Model "Mconfigkey" initialized
INFO - 2024-05-25 00:02:24 --> Model "Mgoods_in" initialized
INFO - 2024-05-25 00:02:24 --> Final output sent to browser
DEBUG - 2024-05-25 00:02:24 --> Total execution time: 0.0214
INFO - 2024-05-25 00:02:36 --> Config Class Initialized
INFO - 2024-05-25 00:02:36 --> Hooks Class Initialized
DEBUG - 2024-05-25 00:02:36 --> UTF-8 Support Enabled
INFO - 2024-05-25 00:02:36 --> Utf8 Class Initialized
INFO - 2024-05-25 00:02:36 --> URI Class Initialized
INFO - 2024-05-25 00:02:36 --> Router Class Initialized
INFO - 2024-05-25 00:02:36 --> Output Class Initialized
INFO - 2024-05-25 00:02:36 --> Security Class Initialized
DEBUG - 2024-05-25 00:02:36 --> Global POST, GET and COOKIE data sanitized
INFO - 2024-05-25 00:02:36 --> Input Class Initialized
INFO - 2024-05-25 00:02:36 --> Language Class Initialized
INFO - 2024-05-25 00:02:36 --> Loader Class Initialized
INFO - 2024-05-25 00:02:36 --> Helper loaded: url_helper
INFO - 2024-05-25 00:02:36 --> Database Driver Class Initialized
INFO - 2024-05-25 00:02:36 --> Controller Class Initialized
INFO - 2024-05-25 00:02:36 --> Model "Mconfigkey" initialized
INFO - 2024-05-25 00:02:36 --> Model "Mgoods_in" initialized
INFO - 2024-05-25 00:02:36 --> Final output sent to browser
DEBUG - 2024-05-25 00:02:36 --> Total execution time: 0.0206
INFO - 2024-05-25 00:02:39 --> Config Class Initialized
INFO - 2024-05-25 00:02:39 --> Hooks Class Initialized
DEBUG - 2024-05-25 00:02:39 --> UTF-8 Support Enabled
INFO - 2024-05-25 00:02:39 --> Utf8 Class Initialized
INFO - 2024-05-25 00:02:39 --> URI Class Initialized
INFO - 2024-05-25 00:02:39 --> Router Class Initialized
INFO - 2024-05-25 00:02:39 --> Output Class Initialized
INFO - 2024-05-25 00:02:39 --> Security Class Initialized
DEBUG - 2024-05-25 00:02:39 --> Global POST, GET and COOKIE data sanitized
INFO - 2024-05-25 00:02:39 --> Input Class Initialized
INFO - 2024-05-25 00:02:39 --> Language Class Initialized
INFO - 2024-05-25 00:02:39 --> Loader Class Initialized
INFO - 2024-05-25 00:02:39 --> Helper loaded: url_helper
INFO - 2024-05-25 00:02:39 --> Database Driver Class Initialized
INFO - 2024-05-25 00:02:39 --> Controller Class Initialized
INFO - 2024-05-25 00:02:39 --> Model "Mconfigkey" initialized
INFO - 2024-05-25 00:02:39 --> Model "Mgoods_in" initialized
INFO - 2024-05-25 00:02:39 --> Final output sent to browser
DEBUG - 2024-05-25 00:02:39 --> Total execution time: 0.0206
INFO - 2024-05-25 00:02:45 --> Config Class Initialized
INFO - 2024-05-25 00:02:45 --> Hooks Class Initialized
DEBUG - 2024-05-25 00:02:45 --> UTF-8 Support Enabled
INFO - 2024-05-25 00:02:45 --> Utf8 Class Initialized
INFO - 2024-05-25 00:02:45 --> URI Class Initialized
INFO - 2024-05-25 00:02:45 --> Router Class Initialized
INFO - 2024-05-25 00:02:45 --> Output Class Initialized
INFO - 2024-05-25 00:02:45 --> Security Class Initialized
DEBUG - 2024-05-25 00:02:45 --> Global POST, GET and COOKIE data sanitized
INFO - 2024-05-25 00:02:45 --> Input Class Initialized
INFO - 2024-05-25 00:02:45 --> Language Class Initialized
INFO - 2024-05-25 00:02:45 --> Loader Class Initialized
INFO - 2024-05-25 00:02:45 --> Helper loaded: url_helper
INFO - 2024-05-25 00:02:45 --> Database Driver Class Initialized
INFO - 2024-05-25 00:02:45 --> Controller Class Initialized
INFO - 2024-05-25 00:02:45 --> Model "Mconfigkey" initialized
INFO - 2024-05-25 00:02:45 --> Model "Mmst_item" initialized
INFO - 2024-05-25 00:02:45 --> Final output sent to browser
DEBUG - 2024-05-25 00:02:45 --> Total execution time: 0.0195
INFO - 2024-05-25 00:02:48 --> Config Class Initialized
INFO - 2024-05-25 00:02:48 --> Hooks Class Initialized
DEBUG - 2024-05-25 00:02:48 --> UTF-8 Support Enabled
INFO - 2024-05-25 00:02:48 --> Utf8 Class Initialized
INFO - 2024-05-25 00:02:48 --> URI Class Initialized
INFO - 2024-05-25 00:02:48 --> Router Class Initialized
INFO - 2024-05-25 00:02:48 --> Output Class Initialized
INFO - 2024-05-25 00:02:48 --> Security Class Initialized
DEBUG - 2024-05-25 00:02:48 --> Global POST, GET and COOKIE data sanitized
INFO - 2024-05-25 00:02:48 --> Input Class Initialized
INFO - 2024-05-25 00:02:48 --> Language Class Initialized
INFO - 2024-05-25 00:02:48 --> Loader Class Initialized
INFO - 2024-05-25 00:02:48 --> Helper loaded: url_helper
INFO - 2024-05-25 00:02:48 --> Database Driver Class Initialized
INFO - 2024-05-25 00:02:48 --> Controller Class Initialized
INFO - 2024-05-25 00:02:48 --> Model "Mconfigkey" initialized
INFO - 2024-05-25 00:02:48 --> Model "Mgoods_in" initialized
INFO - 2024-05-25 00:02:48 --> Final output sent to browser
DEBUG - 2024-05-25 00:02:48 --> Total execution time: 0.0207
INFO - 2024-05-25 00:02:56 --> Config Class Initialized
INFO - 2024-05-25 00:02:56 --> Hooks Class Initialized
DEBUG - 2024-05-25 00:02:56 --> UTF-8 Support Enabled
INFO - 2024-05-25 00:02:56 --> Utf8 Class Initialized
INFO - 2024-05-25 00:02:56 --> URI Class Initialized
INFO - 2024-05-25 00:02:56 --> Router Class Initialized
INFO - 2024-05-25 00:02:56 --> Output Class Initialized
INFO - 2024-05-25 00:02:56 --> Security Class Initialized
DEBUG - 2024-05-25 00:02:56 --> Global POST, GET and COOKIE data sanitized
INFO - 2024-05-25 00:02:56 --> Input Class Initialized
INFO - 2024-05-25 00:02:56 --> Language Class Initialized
INFO - 2024-05-25 00:02:56 --> Loader Class Initialized
INFO - 2024-05-25 00:02:56 --> Helper loaded: url_helper
INFO - 2024-05-25 00:02:56 --> Database Driver Class Initialized
INFO - 2024-05-25 00:02:56 --> Controller Class Initialized
INFO - 2024-05-25 00:02:56 --> Model "Mconfigkey" initialized
INFO - 2024-05-25 00:02:56 --> Model "Mgoods_in" initialized
INFO - 2024-05-25 00:02:56 --> Final output sent to browser
DEBUG - 2024-05-25 00:02:56 --> Total execution time: 0.0209
INFO - 2024-05-25 00:05:28 --> Config Class Initialized
INFO - 2024-05-25 00:05:28 --> Hooks Class Initialized
DEBUG - 2024-05-25 00:05:28 --> UTF-8 Support Enabled
INFO - 2024-05-25 00:05:28 --> Utf8 Class Initialized
INFO - 2024-05-25 00:05:28 --> URI Class Initialized
INFO - 2024-05-25 00:05:28 --> Router Class Initialized
INFO - 2024-05-25 00:05:28 --> Output Class Initialized
INFO - 2024-05-25 00:05:28 --> Security Class Initialized
DEBUG - 2024-05-25 00:05:28 --> Global POST, GET and COOKIE data sanitized
INFO - 2024-05-25 00:05:28 --> Input Class Initialized
INFO - 2024-05-25 00:05:28 --> Language Class Initialized
INFO - 2024-05-25 00:05:28 --> Loader Class Initialized
INFO - 2024-05-25 00:05:28 --> Helper loaded: url_helper
INFO - 2024-05-25 00:05:28 --> Database Driver Class Initialized
INFO - 2024-05-25 00:05:28 --> Controller Class Initialized
INFO - 2024-05-25 00:05:28 --> Model "Mconfigkey" initialized
INFO - 2024-05-25 00:05:28 --> Final output sent to browser
DEBUG - 2024-05-25 00:05:28 --> Total execution time: 0.0190
INFO - 2024-05-25 00:05:32 --> Config Class Initialized
INFO - 2024-05-25 00:05:32 --> Hooks Class Initialized
DEBUG - 2024-05-25 00:05:32 --> UTF-8 Support Enabled
INFO - 2024-05-25 00:05:32 --> Utf8 Class Initialized
INFO - 2024-05-25 00:05:32 --> URI Class Initialized
INFO - 2024-05-25 00:05:32 --> Router Class Initialized
INFO - 2024-05-25 00:05:32 --> Output Class Initialized
INFO - 2024-05-25 00:05:32 --> Security Class Initialized
DEBUG - 2024-05-25 00:05:32 --> Global POST, GET and COOKIE data sanitized
INFO - 2024-05-25 00:05:32 --> Input Class Initialized
INFO - 2024-05-25 00:05:32 --> Language Class Initialized
INFO - 2024-05-25 00:05:32 --> Loader Class Initialized
INFO - 2024-05-25 00:05:32 --> Helper loaded: url_helper
INFO - 2024-05-25 00:05:32 --> Database Driver Class Initialized
INFO - 2024-05-25 00:05:32 --> Controller Class Initialized
INFO - 2024-05-25 00:05:32 --> Model "Mconfigkey" initialized
INFO - 2024-05-25 00:05:32 --> Model "Mgoods_in" initialized
INFO - 2024-05-25 00:05:32 --> Final output sent to browser
DEBUG - 2024-05-25 00:05:32 --> Total execution time: 0.0195
INFO - 2024-05-25 00:05:34 --> Config Class Initialized
INFO - 2024-05-25 00:05:34 --> Hooks Class Initialized
DEBUG - 2024-05-25 00:05:34 --> UTF-8 Support Enabled
INFO - 2024-05-25 00:05:34 --> Utf8 Class Initialized
INFO - 2024-05-25 00:05:34 --> URI Class Initialized
INFO - 2024-05-25 00:05:34 --> Router Class Initialized
INFO - 2024-05-25 00:05:34 --> Output Class Initialized
INFO - 2024-05-25 00:05:34 --> Security Class Initialized
DEBUG - 2024-05-25 00:05:34 --> Global POST, GET and COOKIE data sanitized
INFO - 2024-05-25 00:05:34 --> Input Class Initialized
INFO - 2024-05-25 00:05:34 --> Language Class Initialized
INFO - 2024-05-25 00:05:34 --> Loader Class Initialized
INFO - 2024-05-25 00:05:34 --> Helper loaded: url_helper
INFO - 2024-05-25 00:05:34 --> Database Driver Class Initialized
INFO - 2024-05-25 00:05:34 --> Controller Class Initialized
INFO - 2024-05-25 00:05:34 --> Model "Mconfigkey" initialized
INFO - 2024-05-25 00:05:34 --> Model "Mgoods_in" initialized
INFO - 2024-05-25 00:05:34 --> Final output sent to browser
DEBUG - 2024-05-25 00:05:34 --> Total execution time: 0.0190
INFO - 2024-05-25 00:05:36 --> Config Class Initialized
INFO - 2024-05-25 00:05:36 --> Hooks Class Initialized
DEBUG - 2024-05-25 00:05:36 --> UTF-8 Support Enabled
INFO - 2024-05-25 00:05:36 --> Utf8 Class Initialized
INFO - 2024-05-25 00:05:36 --> URI Class Initialized
INFO - 2024-05-25 00:05:36 --> Router Class Initialized
INFO - 2024-05-25 00:05:36 --> Output Class Initialized
INFO - 2024-05-25 00:05:36 --> Security Class Initialized
DEBUG - 2024-05-25 00:05:36 --> Global POST, GET and COOKIE data sanitized
INFO - 2024-05-25 00:05:36 --> Input Class Initialized
INFO - 2024-05-25 00:05:36 --> Language Class Initialized
INFO - 2024-05-25 00:05:36 --> Loader Class Initialized
INFO - 2024-05-25 00:05:36 --> Helper loaded: url_helper
INFO - 2024-05-25 00:05:36 --> Database Driver Class Initialized
INFO - 2024-05-25 00:05:36 --> Controller Class Initialized
INFO - 2024-05-25 00:05:36 --> Model "Mconfigkey" initialized
INFO - 2024-05-25 00:05:36 --> Model "Mgoods_in" initialized
INFO - 2024-05-25 00:05:36 --> Final output sent to browser
DEBUG - 2024-05-25 00:05:36 --> Total execution time: 0.0201
INFO - 2024-05-25 00:05:37 --> Config Class Initialized
INFO - 2024-05-25 00:05:37 --> Hooks Class Initialized
DEBUG - 2024-05-25 00:05:37 --> UTF-8 Support Enabled
INFO - 2024-05-25 00:05:37 --> Utf8 Class Initialized
INFO - 2024-05-25 00:05:37 --> URI Class Initialized
INFO - 2024-05-25 00:05:37 --> Router Class Initialized
INFO - 2024-05-25 00:05:37 --> Output Class Initialized
INFO - 2024-05-25 00:05:37 --> Security Class Initialized
DEBUG - 2024-05-25 00:05:37 --> Global POST, GET and COOKIE data sanitized
INFO - 2024-05-25 00:05:37 --> Input Class Initialized
INFO - 2024-05-25 00:05:37 --> Language Class Initialized
INFO - 2024-05-25 00:05:37 --> Loader Class Initialized
INFO - 2024-05-25 00:05:37 --> Helper loaded: url_helper
INFO - 2024-05-25 00:05:37 --> Database Driver Class Initialized
INFO - 2024-05-25 00:05:37 --> Controller Class Initialized
INFO - 2024-05-25 00:05:37 --> Model "Mconfigkey" initialized
INFO - 2024-05-25 00:05:37 --> Model "Mgoods_in" initialized
INFO - 2024-05-25 00:05:37 --> Final output sent to browser
DEBUG - 2024-05-25 00:05:37 --> Total execution time: 0.0204
INFO - 2024-05-25 00:05:39 --> Config Class Initialized
INFO - 2024-05-25 00:05:39 --> Hooks Class Initialized
DEBUG - 2024-05-25 00:05:39 --> UTF-8 Support Enabled
INFO - 2024-05-25 00:05:39 --> Utf8 Class Initialized
INFO - 2024-05-25 00:05:39 --> URI Class Initialized
INFO - 2024-05-25 00:05:39 --> Router Class Initialized
INFO - 2024-05-25 00:05:39 --> Output Class Initialized
INFO - 2024-05-25 00:05:39 --> Security Class Initialized
DEBUG - 2024-05-25 00:05:39 --> Global POST, GET and COOKIE data sanitized
INFO - 2024-05-25 00:05:39 --> Input Class Initialized
INFO - 2024-05-25 00:05:39 --> Language Class Initialized
INFO - 2024-05-25 00:05:39 --> Loader Class Initialized
INFO - 2024-05-25 00:05:39 --> Helper loaded: url_helper
INFO - 2024-05-25 00:05:39 --> Database Driver Class Initialized
INFO - 2024-05-25 00:05:39 --> Controller Class Initialized
INFO - 2024-05-25 00:05:39 --> Model "Mconfigkey" initialized
INFO - 2024-05-25 00:05:39 --> Model "Mmst_item" initialized
INFO - 2024-05-25 00:05:39 --> Final output sent to browser
DEBUG - 2024-05-25 00:05:39 --> Total execution time: 0.0195
INFO - 2024-05-25 00:05:45 --> Config Class Initialized
INFO - 2024-05-25 00:05:45 --> Hooks Class Initialized
DEBUG - 2024-05-25 00:05:45 --> UTF-8 Support Enabled
INFO - 2024-05-25 00:05:45 --> Utf8 Class Initialized
INFO - 2024-05-25 00:05:45 --> URI Class Initialized
INFO - 2024-05-25 00:05:45 --> Router Class Initialized
INFO - 2024-05-25 00:05:45 --> Output Class Initialized
INFO - 2024-05-25 00:05:45 --> Security Class Initialized
DEBUG - 2024-05-25 00:05:45 --> Global POST, GET and COOKIE data sanitized
INFO - 2024-05-25 00:05:45 --> Input Class Initialized
INFO - 2024-05-25 00:05:45 --> Language Class Initialized
INFO - 2024-05-25 00:05:45 --> Loader Class Initialized
INFO - 2024-05-25 00:05:45 --> Helper loaded: url_helper
INFO - 2024-05-25 00:05:45 --> Database Driver Class Initialized
INFO - 2024-05-25 00:05:45 --> Controller Class Initialized
INFO - 2024-05-25 00:05:45 --> Model "Mconfigkey" initialized
INFO - 2024-05-25 00:05:45 --> Model "Mgoods_in" initialized
INFO - 2024-05-25 00:05:45 --> Final output sent to browser
DEBUG - 2024-05-25 00:05:45 --> Total execution time: 0.0204
INFO - 2024-05-25 00:05:49 --> Config Class Initialized
INFO - 2024-05-25 00:05:49 --> Hooks Class Initialized
DEBUG - 2024-05-25 00:05:49 --> UTF-8 Support Enabled
INFO - 2024-05-25 00:05:49 --> Utf8 Class Initialized
INFO - 2024-05-25 00:05:49 --> URI Class Initialized
INFO - 2024-05-25 00:05:49 --> Router Class Initialized
INFO - 2024-05-25 00:05:49 --> Output Class Initialized
INFO - 2024-05-25 00:05:49 --> Security Class Initialized
DEBUG - 2024-05-25 00:05:49 --> Global POST, GET and COOKIE data sanitized
INFO - 2024-05-25 00:05:49 --> Input Class Initialized
INFO - 2024-05-25 00:05:49 --> Language Class Initialized
INFO - 2024-05-25 00:05:49 --> Loader Class Initialized
INFO - 2024-05-25 00:05:49 --> Helper loaded: url_helper
INFO - 2024-05-25 00:05:49 --> Database Driver Class Initialized
INFO - 2024-05-25 00:05:49 --> Controller Class Initialized
INFO - 2024-05-25 00:05:49 --> Model "Mconfigkey" initialized
INFO - 2024-05-25 00:05:49 --> Model "Mgoods_in" initialized
INFO - 2024-05-25 00:05:49 --> Final output sent to browser
DEBUG - 2024-05-25 00:05:49 --> Total execution time: 0.0204
INFO - 2024-05-25 00:07:41 --> Config Class Initialized
INFO - 2024-05-25 00:07:41 --> Hooks Class Initialized
DEBUG - 2024-05-25 00:07:41 --> UTF-8 Support Enabled
INFO - 2024-05-25 00:07:41 --> Utf8 Class Initialized
INFO - 2024-05-25 00:07:41 --> URI Class Initialized
INFO - 2024-05-25 00:07:41 --> Router Class Initialized
INFO - 2024-05-25 00:07:41 --> Output Class Initialized
INFO - 2024-05-25 00:07:41 --> Security Class Initialized
DEBUG - 2024-05-25 00:07:41 --> Global POST, GET and COOKIE data sanitized
INFO - 2024-05-25 00:07:41 --> Input Class Initialized
INFO - 2024-05-25 00:07:41 --> Language Class Initialized
INFO - 2024-05-25 00:07:41 --> Loader Class Initialized
INFO - 2024-05-25 00:07:41 --> Helper loaded: url_helper
INFO - 2024-05-25 00:07:41 --> Database Driver Class Initialized
INFO - 2024-05-25 00:07:41 --> Controller Class Initialized
INFO - 2024-05-25 00:07:41 --> Model "Mconfigkey" initialized
INFO - 2024-05-25 00:07:41 --> Model "Mmst_item" initialized
INFO - 2024-05-25 00:07:41 --> Final output sent to browser
DEBUG - 2024-05-25 00:07:41 --> Total execution time: 0.0205
