INFO - 2024-08-10 00:00:13 --> Config Class Initialized
INFO - 2024-08-10 00:00:13 --> Hooks Class Initialized
DEBUG - 2024-08-10 00:00:13 --> UTF-8 Support Enabled
INFO - 2024-08-10 00:00:13 --> Utf8 Class Initialized
INFO - 2024-08-10 00:00:13 --> URI Class Initialized
INFO - 2024-08-10 00:00:13 --> Router Class Initialized
INFO - 2024-08-10 00:00:13 --> Output Class Initialized
INFO - 2024-08-10 00:00:13 --> Security Class Initialized
DEBUG - 2024-08-10 00:00:13 --> Global POST, GET and COOKIE data sanitized
INFO - 2024-08-10 00:00:13 --> Input Class Initialized
INFO - 2024-08-10 00:00:13 --> Language Class Initialized
INFO - 2024-08-10 00:00:13 --> Loader Class Initialized
INFO - 2024-08-10 00:00:13 --> Helper loaded: url_helper
INFO - 2024-08-10 00:00:13 --> Database Driver Class Initialized
INFO - 2024-08-10 00:00:13 --> Controller Class Initialized
INFO - 2024-08-10 00:00:13 --> Model "Mconfigkey" initialized
INFO - 2024-08-10 00:00:13 --> Final output sent to browser
DEBUG - 2024-08-10 00:00:13 --> Total execution time: 0.0214
INFO - 2024-08-10 00:00:23 --> Config Class Initialized
INFO - 2024-08-10 00:00:23 --> Hooks Class Initialized
DEBUG - 2024-08-10 00:00:23 --> UTF-8 Support Enabled
INFO - 2024-08-10 00:00:23 --> Utf8 Class Initialized
INFO - 2024-08-10 00:00:23 --> URI Class Initialized
INFO - 2024-08-10 00:00:23 --> Router Class Initialized
INFO - 2024-08-10 00:00:23 --> Output Class Initialized
INFO - 2024-08-10 00:00:23 --> Security Class Initialized
DEBUG - 2024-08-10 00:00:23 --> Global POST, GET and COOKIE data sanitized
INFO - 2024-08-10 00:00:23 --> Input Class Initialized
INFO - 2024-08-10 00:00:23 --> Language Class Initialized
INFO - 2024-08-10 00:00:23 --> Loader Class Initialized
INFO - 2024-08-10 00:00:23 --> Helper loaded: url_helper
INFO - 2024-08-10 00:00:23 --> Database Driver Class Initialized
INFO - 2024-08-10 00:00:23 --> Controller Class Initialized
INFO - 2024-08-10 00:00:23 --> Model "Mconfigkey" initialized
INFO - 2024-08-10 00:00:23 --> Model "Msync_doc_aw" initialized
INFO - 2024-08-10 00:00:23 --> Final output sent to browser
DEBUG - 2024-08-10 00:00:23 --> Total execution time: 0.0253
INFO - 2024-08-10 00:00:26 --> Config Class Initialized
INFO - 2024-08-10 00:00:26 --> Hooks Class Initialized
DEBUG - 2024-08-10 00:00:26 --> UTF-8 Support Enabled
INFO - 2024-08-10 00:00:26 --> Utf8 Class Initialized
INFO - 2024-08-10 00:00:26 --> URI Class Initialized
INFO - 2024-08-10 00:00:26 --> Router Class Initialized
INFO - 2024-08-10 00:00:26 --> Output Class Initialized
INFO - 2024-08-10 00:00:26 --> Security Class Initialized
DEBUG - 2024-08-10 00:00:26 --> Global POST, GET and COOKIE data sanitized
INFO - 2024-08-10 00:00:26 --> Input Class Initialized
INFO - 2024-08-10 00:00:26 --> Language Class Initialized
INFO - 2024-08-10 00:00:26 --> Loader Class Initialized
INFO - 2024-08-10 00:00:26 --> Helper loaded: url_helper
INFO - 2024-08-10 00:00:26 --> Database Driver Class Initialized
INFO - 2024-08-10 00:00:26 --> Controller Class Initialized
INFO - 2024-08-10 00:00:26 --> Model "Mconfigkey" initialized
INFO - 2024-08-10 00:00:26 --> Model "Msync_doc_aw" initialized
INFO - 2024-08-10 00:00:27 --> Final output sent to browser
DEBUG - 2024-08-10 00:00:27 --> Total execution time: 1.6048
INFO - 2024-08-10 00:00:27 --> Config Class Initialized
INFO - 2024-08-10 00:00:27 --> Hooks Class Initialized
DEBUG - 2024-08-10 00:00:27 --> UTF-8 Support Enabled
INFO - 2024-08-10 00:00:27 --> Utf8 Class Initialized
INFO - 2024-08-10 00:00:27 --> URI Class Initialized
INFO - 2024-08-10 00:00:27 --> Router Class Initialized
INFO - 2024-08-10 00:00:27 --> Output Class Initialized
INFO - 2024-08-10 00:00:27 --> Security Class Initialized
DEBUG - 2024-08-10 00:00:27 --> Global POST, GET and COOKIE data sanitized
INFO - 2024-08-10 00:00:27 --> Input Class Initialized
INFO - 2024-08-10 00:00:27 --> Language Class Initialized
INFO - 2024-08-10 00:00:27 --> Loader Class Initialized
INFO - 2024-08-10 00:00:27 --> Helper loaded: url_helper
INFO - 2024-08-10 00:00:27 --> Database Driver Class Initialized
INFO - 2024-08-10 00:00:27 --> Controller Class Initialized
INFO - 2024-08-10 00:00:27 --> Model "Mconfigkey" initialized
INFO - 2024-08-10 00:00:27 --> Model "Msync_doc_aw" initialized
INFO - 2024-08-10 00:00:27 --> Final output sent to browser
DEBUG - 2024-08-10 00:00:27 --> Total execution time: 0.0468
INFO - 2024-08-10 00:00:47 --> Config Class Initialized
INFO - 2024-08-10 00:00:47 --> Hooks Class Initialized
DEBUG - 2024-08-10 00:00:47 --> UTF-8 Support Enabled
INFO - 2024-08-10 00:00:47 --> Utf8 Class Initialized
INFO - 2024-08-10 00:00:47 --> URI Class Initialized
INFO - 2024-08-10 00:00:47 --> Router Class Initialized
INFO - 2024-08-10 00:00:47 --> Output Class Initialized
INFO - 2024-08-10 00:00:47 --> Security Class Initialized
DEBUG - 2024-08-10 00:00:47 --> Global POST, GET and COOKIE data sanitized
INFO - 2024-08-10 00:00:47 --> Input Class Initialized
INFO - 2024-08-10 00:00:47 --> Language Class Initialized
INFO - 2024-08-10 00:00:47 --> Loader Class Initialized
INFO - 2024-08-10 00:00:47 --> Helper loaded: url_helper
INFO - 2024-08-10 00:00:47 --> Database Driver Class Initialized
INFO - 2024-08-10 00:00:48 --> Controller Class Initialized
INFO - 2024-08-10 00:00:48 --> Model "Mconfigkey" initialized
INFO - 2024-08-10 00:00:48 --> Model "Mgoods_in" initialized
INFO - 2024-08-10 00:00:48 --> Final output sent to browser
DEBUG - 2024-08-10 00:00:48 --> Total execution time: 0.0211
INFO - 2024-08-10 00:00:56 --> Config Class Initialized
INFO - 2024-08-10 00:00:56 --> Hooks Class Initialized
DEBUG - 2024-08-10 00:00:56 --> UTF-8 Support Enabled
INFO - 2024-08-10 00:00:56 --> Utf8 Class Initialized
INFO - 2024-08-10 00:00:56 --> URI Class Initialized
INFO - 2024-08-10 00:00:56 --> Router Class Initialized
INFO - 2024-08-10 00:00:56 --> Output Class Initialized
INFO - 2024-08-10 00:00:56 --> Security Class Initialized
DEBUG - 2024-08-10 00:00:56 --> Global POST, GET and COOKIE data sanitized
INFO - 2024-08-10 00:00:56 --> Input Class Initialized
INFO - 2024-08-10 00:00:56 --> Language Class Initialized
INFO - 2024-08-10 00:00:56 --> Loader Class Initialized
INFO - 2024-08-10 00:00:56 --> Helper loaded: url_helper
INFO - 2024-08-10 00:00:56 --> Database Driver Class Initialized
INFO - 2024-08-10 00:00:56 --> Controller Class Initialized
INFO - 2024-08-10 00:00:56 --> Model "Mconfigkey" initialized
INFO - 2024-08-10 00:00:56 --> Model "Mgoods_in" initialized
INFO - 2024-08-10 00:00:56 --> Final output sent to browser
DEBUG - 2024-08-10 00:00:56 --> Total execution time: 0.0512
INFO - 2024-08-10 00:01:11 --> Config Class Initialized
INFO - 2024-08-10 00:01:11 --> Hooks Class Initialized
DEBUG - 2024-08-10 00:01:11 --> UTF-8 Support Enabled
INFO - 2024-08-10 00:01:11 --> Utf8 Class Initialized
INFO - 2024-08-10 00:01:11 --> URI Class Initialized
INFO - 2024-08-10 00:01:11 --> Router Class Initialized
INFO - 2024-08-10 00:01:11 --> Output Class Initialized
INFO - 2024-08-10 00:01:11 --> Security Class Initialized
DEBUG - 2024-08-10 00:01:11 --> Global POST, GET and COOKIE data sanitized
INFO - 2024-08-10 00:01:11 --> Input Class Initialized
INFO - 2024-08-10 00:01:11 --> Language Class Initialized
INFO - 2024-08-10 00:01:11 --> Loader Class Initialized
INFO - 2024-08-10 00:01:11 --> Helper loaded: url_helper
INFO - 2024-08-10 00:01:11 --> Database Driver Class Initialized
INFO - 2024-08-10 00:01:11 --> Controller Class Initialized
INFO - 2024-08-10 00:01:11 --> Model "Mconfigkey" initialized
INFO - 2024-08-10 00:01:11 --> Model "Mgoods_in" initialized
INFO - 2024-08-10 00:01:11 --> Final output sent to browser
DEBUG - 2024-08-10 00:01:11 --> Total execution time: 0.1270
INFO - 2024-08-10 00:01:15 --> Config Class Initialized
INFO - 2024-08-10 00:01:15 --> Hooks Class Initialized
DEBUG - 2024-08-10 00:01:15 --> UTF-8 Support Enabled
INFO - 2024-08-10 00:01:15 --> Utf8 Class Initialized
INFO - 2024-08-10 00:01:15 --> URI Class Initialized
INFO - 2024-08-10 00:01:15 --> Router Class Initialized
INFO - 2024-08-10 00:01:15 --> Output Class Initialized
INFO - 2024-08-10 00:01:15 --> Security Class Initialized
DEBUG - 2024-08-10 00:01:15 --> Global POST, GET and COOKIE data sanitized
INFO - 2024-08-10 00:01:15 --> Input Class Initialized
INFO - 2024-08-10 00:01:15 --> Language Class Initialized
INFO - 2024-08-10 00:01:15 --> Loader Class Initialized
INFO - 2024-08-10 00:01:15 --> Helper loaded: url_helper
INFO - 2024-08-10 00:01:15 --> Database Driver Class Initialized
INFO - 2024-08-10 00:01:15 --> Controller Class Initialized
INFO - 2024-08-10 00:01:15 --> Model "Mconfigkey" initialized
INFO - 2024-08-10 00:01:15 --> Model "Mgoods_in" initialized
INFO - 2024-08-10 00:01:15 --> Final output sent to browser
DEBUG - 2024-08-10 00:01:15 --> Total execution time: 0.0202
INFO - 2024-08-10 00:04:06 --> Config Class Initialized
INFO - 2024-08-10 00:04:06 --> Hooks Class Initialized
DEBUG - 2024-08-10 00:04:06 --> UTF-8 Support Enabled
INFO - 2024-08-10 00:04:06 --> Utf8 Class Initialized
INFO - 2024-08-10 00:04:06 --> URI Class Initialized
INFO - 2024-08-10 00:04:06 --> Router Class Initialized
INFO - 2024-08-10 00:04:06 --> Output Class Initialized
INFO - 2024-08-10 00:04:06 --> Security Class Initialized
DEBUG - 2024-08-10 00:04:06 --> Global POST, GET and COOKIE data sanitized
INFO - 2024-08-10 00:04:06 --> Input Class Initialized
INFO - 2024-08-10 00:04:06 --> Language Class Initialized
INFO - 2024-08-10 00:04:06 --> Loader Class Initialized
INFO - 2024-08-10 00:04:06 --> Helper loaded: url_helper
INFO - 2024-08-10 00:04:06 --> Database Driver Class Initialized
INFO - 2024-08-10 00:04:06 --> Controller Class Initialized
INFO - 2024-08-10 00:04:06 --> Model "Mconfigkey" initialized
INFO - 2024-08-10 00:04:06 --> Model "Msync_doc_aw" initialized
INFO - 2024-08-10 00:04:07 --> Final output sent to browser
DEBUG - 2024-08-10 00:04:07 --> Total execution time: 1.5533
INFO - 2024-08-10 00:04:07 --> Config Class Initialized
INFO - 2024-08-10 00:04:07 --> Hooks Class Initialized
DEBUG - 2024-08-10 00:04:07 --> UTF-8 Support Enabled
INFO - 2024-08-10 00:04:07 --> Utf8 Class Initialized
INFO - 2024-08-10 00:04:07 --> URI Class Initialized
INFO - 2024-08-10 00:04:07 --> Router Class Initialized
INFO - 2024-08-10 00:04:07 --> Output Class Initialized
INFO - 2024-08-10 00:04:07 --> Security Class Initialized
DEBUG - 2024-08-10 00:04:07 --> Global POST, GET and COOKIE data sanitized
INFO - 2024-08-10 00:04:07 --> Input Class Initialized
INFO - 2024-08-10 00:04:07 --> Language Class Initialized
INFO - 2024-08-10 00:04:07 --> Loader Class Initialized
INFO - 2024-08-10 00:04:07 --> Helper loaded: url_helper
INFO - 2024-08-10 00:04:07 --> Database Driver Class Initialized
INFO - 2024-08-10 00:04:07 --> Controller Class Initialized
INFO - 2024-08-10 00:04:07 --> Model "Mconfigkey" initialized
INFO - 2024-08-10 00:04:07 --> Model "Msync_doc_aw" initialized
INFO - 2024-08-10 00:04:07 --> Final output sent to browser
DEBUG - 2024-08-10 00:04:07 --> Total execution time: 0.0234
INFO - 2024-08-10 00:06:05 --> Config Class Initialized
INFO - 2024-08-10 00:06:05 --> Hooks Class Initialized
DEBUG - 2024-08-10 00:06:05 --> UTF-8 Support Enabled
INFO - 2024-08-10 00:06:05 --> Utf8 Class Initialized
INFO - 2024-08-10 00:06:05 --> URI Class Initialized
INFO - 2024-08-10 00:06:05 --> Router Class Initialized
INFO - 2024-08-10 00:06:05 --> Output Class Initialized
INFO - 2024-08-10 00:06:05 --> Security Class Initialized
DEBUG - 2024-08-10 00:06:05 --> Global POST, GET and COOKIE data sanitized
INFO - 2024-08-10 00:06:05 --> Input Class Initialized
INFO - 2024-08-10 00:06:05 --> Language Class Initialized
INFO - 2024-08-10 00:06:05 --> Loader Class Initialized
INFO - 2024-08-10 00:06:05 --> Helper loaded: url_helper
INFO - 2024-08-10 00:06:05 --> Database Driver Class Initialized
INFO - 2024-08-10 00:06:05 --> Controller Class Initialized
INFO - 2024-08-10 00:06:05 --> Model "Mconfigkey" initialized
INFO - 2024-08-10 00:06:05 --> Model "Msync_doc_aw" initialized
INFO - 2024-08-10 00:06:05 --> Final output sent to browser
DEBUG - 2024-08-10 00:06:05 --> Total execution time: 0.0250
INFO - 2024-08-10 00:06:07 --> Config Class Initialized
INFO - 2024-08-10 00:06:07 --> Hooks Class Initialized
DEBUG - 2024-08-10 00:06:07 --> UTF-8 Support Enabled
INFO - 2024-08-10 00:06:07 --> Utf8 Class Initialized
INFO - 2024-08-10 00:06:07 --> URI Class Initialized
INFO - 2024-08-10 00:06:07 --> Router Class Initialized
INFO - 2024-08-10 00:06:07 --> Output Class Initialized
INFO - 2024-08-10 00:06:07 --> Security Class Initialized
DEBUG - 2024-08-10 00:06:07 --> Global POST, GET and COOKIE data sanitized
INFO - 2024-08-10 00:06:07 --> Input Class Initialized
INFO - 2024-08-10 00:06:07 --> Language Class Initialized
INFO - 2024-08-10 00:06:07 --> Loader Class Initialized
INFO - 2024-08-10 00:06:07 --> Helper loaded: url_helper
INFO - 2024-08-10 00:06:07 --> Database Driver Class Initialized
INFO - 2024-08-10 00:06:07 --> Controller Class Initialized
INFO - 2024-08-10 00:06:07 --> Model "Mconfigkey" initialized
INFO - 2024-08-10 00:06:07 --> Model "Msync_doc_aw" initialized
INFO - 2024-08-10 00:06:08 --> Final output sent to browser
DEBUG - 2024-08-10 00:06:08 --> Total execution time: 1.5930
INFO - 2024-08-10 00:06:10 --> Config Class Initialized
INFO - 2024-08-10 00:06:10 --> Hooks Class Initialized
DEBUG - 2024-08-10 00:06:10 --> UTF-8 Support Enabled
INFO - 2024-08-10 00:06:10 --> Utf8 Class Initialized
INFO - 2024-08-10 00:06:10 --> URI Class Initialized
INFO - 2024-08-10 00:06:10 --> Router Class Initialized
INFO - 2024-08-10 00:06:10 --> Output Class Initialized
INFO - 2024-08-10 00:06:10 --> Security Class Initialized
DEBUG - 2024-08-10 00:06:10 --> Global POST, GET and COOKIE data sanitized
INFO - 2024-08-10 00:06:10 --> Input Class Initialized
INFO - 2024-08-10 00:06:10 --> Language Class Initialized
INFO - 2024-08-10 00:06:10 --> Loader Class Initialized
INFO - 2024-08-10 00:06:10 --> Helper loaded: url_helper
INFO - 2024-08-10 00:06:10 --> Database Driver Class Initialized
INFO - 2024-08-10 00:06:10 --> Controller Class Initialized
INFO - 2024-08-10 00:06:10 --> Model "Mconfigkey" initialized
INFO - 2024-08-10 00:06:10 --> Model "Msync_doc_aw" initialized
INFO - 2024-08-10 00:06:10 --> Final output sent to browser
DEBUG - 2024-08-10 00:06:10 --> Total execution time: 0.0379
INFO - 2024-08-10 00:06:17 --> Config Class Initialized
INFO - 2024-08-10 00:06:17 --> Hooks Class Initialized
DEBUG - 2024-08-10 00:06:17 --> UTF-8 Support Enabled
INFO - 2024-08-10 00:06:17 --> Utf8 Class Initialized
INFO - 2024-08-10 00:06:17 --> URI Class Initialized
INFO - 2024-08-10 00:06:17 --> Router Class Initialized
INFO - 2024-08-10 00:06:17 --> Output Class Initialized
INFO - 2024-08-10 00:06:17 --> Security Class Initialized
DEBUG - 2024-08-10 00:06:17 --> Global POST, GET and COOKIE data sanitized
INFO - 2024-08-10 00:06:17 --> Input Class Initialized
INFO - 2024-08-10 00:06:17 --> Language Class Initialized
INFO - 2024-08-10 00:06:17 --> Loader Class Initialized
INFO - 2024-08-10 00:06:17 --> Helper loaded: url_helper
INFO - 2024-08-10 00:06:17 --> Database Driver Class Initialized
INFO - 2024-08-10 00:06:17 --> Controller Class Initialized
INFO - 2024-08-10 00:06:17 --> Model "Mconfigkey" initialized
INFO - 2024-08-10 00:06:17 --> Model "Msync_doc_aw" initialized
INFO - 2024-08-10 00:06:18 --> Final output sent to browser
DEBUG - 2024-08-10 00:06:18 --> Total execution time: 1.5506
INFO - 2024-08-10 00:06:18 --> Config Class Initialized
INFO - 2024-08-10 00:06:18 --> Hooks Class Initialized
DEBUG - 2024-08-10 00:06:18 --> UTF-8 Support Enabled
INFO - 2024-08-10 00:06:18 --> Utf8 Class Initialized
INFO - 2024-08-10 00:06:18 --> URI Class Initialized
INFO - 2024-08-10 00:06:18 --> Router Class Initialized
INFO - 2024-08-10 00:06:18 --> Output Class Initialized
INFO - 2024-08-10 00:06:18 --> Security Class Initialized
DEBUG - 2024-08-10 00:06:18 --> Global POST, GET and COOKIE data sanitized
INFO - 2024-08-10 00:06:18 --> Input Class Initialized
INFO - 2024-08-10 00:06:18 --> Language Class Initialized
INFO - 2024-08-10 00:06:18 --> Loader Class Initialized
INFO - 2024-08-10 00:06:18 --> Helper loaded: url_helper
INFO - 2024-08-10 00:06:18 --> Database Driver Class Initialized
INFO - 2024-08-10 00:06:18 --> Controller Class Initialized
INFO - 2024-08-10 00:06:18 --> Model "Mconfigkey" initialized
INFO - 2024-08-10 00:06:18 --> Model "Msync_doc_aw" initialized
INFO - 2024-08-10 00:06:18 --> Final output sent to browser
DEBUG - 2024-08-10 00:06:18 --> Total execution time: 0.0292
INFO - 2024-08-10 00:06:47 --> Config Class Initialized
INFO - 2024-08-10 00:06:47 --> Hooks Class Initialized
DEBUG - 2024-08-10 00:06:47 --> UTF-8 Support Enabled
INFO - 2024-08-10 00:06:47 --> Utf8 Class Initialized
INFO - 2024-08-10 00:06:47 --> URI Class Initialized
INFO - 2024-08-10 00:06:47 --> Router Class Initialized
INFO - 2024-08-10 00:06:47 --> Output Class Initialized
INFO - 2024-08-10 00:06:47 --> Security Class Initialized
DEBUG - 2024-08-10 00:06:47 --> Global POST, GET and COOKIE data sanitized
INFO - 2024-08-10 00:06:47 --> Input Class Initialized
INFO - 2024-08-10 00:06:47 --> Language Class Initialized
INFO - 2024-08-10 00:06:47 --> Loader Class Initialized
INFO - 2024-08-10 00:06:47 --> Helper loaded: url_helper
INFO - 2024-08-10 00:06:47 --> Database Driver Class Initialized
INFO - 2024-08-10 00:06:47 --> Controller Class Initialized
INFO - 2024-08-10 00:06:47 --> Model "Mconfigkey" initialized
INFO - 2024-08-10 00:06:47 --> Model "Mgoods_in" initialized
INFO - 2024-08-10 00:06:47 --> Final output sent to browser
DEBUG - 2024-08-10 00:06:47 --> Total execution time: 0.0481
INFO - 2024-08-10 00:06:51 --> Config Class Initialized
INFO - 2024-08-10 00:06:51 --> Hooks Class Initialized
DEBUG - 2024-08-10 00:06:51 --> UTF-8 Support Enabled
INFO - 2024-08-10 00:06:51 --> Utf8 Class Initialized
INFO - 2024-08-10 00:06:51 --> URI Class Initialized
INFO - 2024-08-10 00:06:51 --> Router Class Initialized
INFO - 2024-08-10 00:06:51 --> Output Class Initialized
INFO - 2024-08-10 00:06:51 --> Security Class Initialized
DEBUG - 2024-08-10 00:06:51 --> Global POST, GET and COOKIE data sanitized
INFO - 2024-08-10 00:06:51 --> Input Class Initialized
INFO - 2024-08-10 00:06:51 --> Language Class Initialized
INFO - 2024-08-10 00:06:51 --> Loader Class Initialized
INFO - 2024-08-10 00:06:51 --> Helper loaded: url_helper
INFO - 2024-08-10 00:06:51 --> Database Driver Class Initialized
INFO - 2024-08-10 00:06:51 --> Controller Class Initialized
INFO - 2024-08-10 00:06:51 --> Model "Mconfigkey" initialized
INFO - 2024-08-10 00:06:51 --> Model "Mgoods_in" initialized
INFO - 2024-08-10 00:06:51 --> Final output sent to browser
DEBUG - 2024-08-10 00:06:51 --> Total execution time: 0.0289
INFO - 2024-08-10 00:07:05 --> Config Class Initialized
INFO - 2024-08-10 00:07:05 --> Hooks Class Initialized
DEBUG - 2024-08-10 00:07:05 --> UTF-8 Support Enabled
INFO - 2024-08-10 00:07:05 --> Utf8 Class Initialized
INFO - 2024-08-10 00:07:05 --> URI Class Initialized
INFO - 2024-08-10 00:07:05 --> Router Class Initialized
INFO - 2024-08-10 00:07:05 --> Output Class Initialized
INFO - 2024-08-10 00:07:05 --> Security Class Initialized
DEBUG - 2024-08-10 00:07:05 --> Global POST, GET and COOKIE data sanitized
INFO - 2024-08-10 00:07:05 --> Input Class Initialized
INFO - 2024-08-10 00:07:05 --> Language Class Initialized
INFO - 2024-08-10 00:07:05 --> Loader Class Initialized
INFO - 2024-08-10 00:07:05 --> Helper loaded: url_helper
INFO - 2024-08-10 00:07:05 --> Database Driver Class Initialized
INFO - 2024-08-10 00:07:05 --> Controller Class Initialized
INFO - 2024-08-10 00:07:05 --> Model "Mconfigkey" initialized
INFO - 2024-08-10 00:07:05 --> Model "Mgoods_in" initialized
INFO - 2024-08-10 00:07:05 --> Final output sent to browser
DEBUG - 2024-08-10 00:07:05 --> Total execution time: 0.0291
INFO - 2024-08-10 00:07:32 --> Config Class Initialized
INFO - 2024-08-10 00:07:32 --> Hooks Class Initialized
DEBUG - 2024-08-10 00:07:32 --> UTF-8 Support Enabled
INFO - 2024-08-10 00:07:32 --> Utf8 Class Initialized
INFO - 2024-08-10 00:07:32 --> URI Class Initialized
INFO - 2024-08-10 00:07:32 --> Router Class Initialized
INFO - 2024-08-10 00:07:32 --> Output Class Initialized
INFO - 2024-08-10 00:07:32 --> Security Class Initialized
DEBUG - 2024-08-10 00:07:32 --> Global POST, GET and COOKIE data sanitized
INFO - 2024-08-10 00:07:32 --> Input Class Initialized
INFO - 2024-08-10 00:07:32 --> Language Class Initialized
INFO - 2024-08-10 00:07:32 --> Loader Class Initialized
INFO - 2024-08-10 00:07:32 --> Helper loaded: url_helper
INFO - 2024-08-10 00:07:32 --> Database Driver Class Initialized
INFO - 2024-08-10 00:07:32 --> Controller Class Initialized
INFO - 2024-08-10 00:07:32 --> Model "Mconfigkey" initialized
INFO - 2024-08-10 00:07:32 --> Model "Mgoods_in" initialized
INFO - 2024-08-10 00:07:32 --> Final output sent to browser
DEBUG - 2024-08-10 00:07:32 --> Total execution time: 0.0682
INFO - 2024-08-10 00:07:50 --> Config Class Initialized
INFO - 2024-08-10 00:07:50 --> Hooks Class Initialized
DEBUG - 2024-08-10 00:07:50 --> UTF-8 Support Enabled
INFO - 2024-08-10 00:07:50 --> Utf8 Class Initialized
INFO - 2024-08-10 00:07:50 --> URI Class Initialized
INFO - 2024-08-10 00:07:50 --> Router Class Initialized
INFO - 2024-08-10 00:07:50 --> Output Class Initialized
INFO - 2024-08-10 00:07:50 --> Security Class Initialized
DEBUG - 2024-08-10 00:07:50 --> Global POST, GET and COOKIE data sanitized
INFO - 2024-08-10 00:07:50 --> Input Class Initialized
INFO - 2024-08-10 00:07:50 --> Language Class Initialized
INFO - 2024-08-10 00:07:50 --> Loader Class Initialized
INFO - 2024-08-10 00:07:50 --> Helper loaded: url_helper
INFO - 2024-08-10 00:07:50 --> Database Driver Class Initialized
INFO - 2024-08-10 00:07:50 --> Controller Class Initialized
INFO - 2024-08-10 00:07:50 --> Model "Mconfigkey" initialized
INFO - 2024-08-10 00:07:50 --> Model "Mgoods_in" initialized
INFO - 2024-08-10 00:07:50 --> Final output sent to browser
DEBUG - 2024-08-10 00:07:50 --> Total execution time: 0.0288
INFO - 2024-08-10 00:07:54 --> Config Class Initialized
INFO - 2024-08-10 00:07:54 --> Hooks Class Initialized
DEBUG - 2024-08-10 00:07:54 --> UTF-8 Support Enabled
INFO - 2024-08-10 00:07:54 --> Utf8 Class Initialized
INFO - 2024-08-10 00:07:54 --> URI Class Initialized
INFO - 2024-08-10 00:07:54 --> Router Class Initialized
INFO - 2024-08-10 00:07:54 --> Output Class Initialized
INFO - 2024-08-10 00:07:54 --> Security Class Initialized
DEBUG - 2024-08-10 00:07:54 --> Global POST, GET and COOKIE data sanitized
INFO - 2024-08-10 00:07:54 --> Input Class Initialized
INFO - 2024-08-10 00:07:54 --> Language Class Initialized
INFO - 2024-08-10 00:07:54 --> Loader Class Initialized
INFO - 2024-08-10 00:07:54 --> Helper loaded: url_helper
INFO - 2024-08-10 00:07:54 --> Database Driver Class Initialized
INFO - 2024-08-10 00:07:54 --> Controller Class Initialized
INFO - 2024-08-10 00:07:54 --> Model "Mconfigkey" initialized
INFO - 2024-08-10 00:07:54 --> Model "Mgoods_in" initialized
INFO - 2024-08-10 00:07:54 --> Final output sent to browser
DEBUG - 2024-08-10 00:07:54 --> Total execution time: 0.0242
INFO - 2024-08-10 00:09:03 --> Config Class Initialized
INFO - 2024-08-10 00:09:03 --> Hooks Class Initialized
DEBUG - 2024-08-10 00:09:03 --> UTF-8 Support Enabled
INFO - 2024-08-10 00:09:03 --> Utf8 Class Initialized
INFO - 2024-08-10 00:09:03 --> URI Class Initialized
INFO - 2024-08-10 00:09:03 --> Router Class Initialized
INFO - 2024-08-10 00:09:03 --> Output Class Initialized
INFO - 2024-08-10 00:09:03 --> Security Class Initialized
DEBUG - 2024-08-10 00:09:03 --> Global POST, GET and COOKIE data sanitized
INFO - 2024-08-10 00:09:03 --> Input Class Initialized
INFO - 2024-08-10 00:09:03 --> Language Class Initialized
INFO - 2024-08-10 00:09:03 --> Loader Class Initialized
INFO - 2024-08-10 00:09:03 --> Helper loaded: url_helper
INFO - 2024-08-10 00:09:03 --> Database Driver Class Initialized
INFO - 2024-08-10 00:09:03 --> Controller Class Initialized
INFO - 2024-08-10 00:09:03 --> Model "Mconfigkey" initialized
INFO - 2024-08-10 00:09:03 --> Model "Mgoods_in" initialized
INFO - 2024-08-10 00:09:03 --> Final output sent to browser
DEBUG - 2024-08-10 00:09:03 --> Total execution time: 0.0300
INFO - 2024-08-10 00:09:10 --> Config Class Initialized
INFO - 2024-08-10 00:09:10 --> Hooks Class Initialized
DEBUG - 2024-08-10 00:09:10 --> UTF-8 Support Enabled
INFO - 2024-08-10 00:09:10 --> Utf8 Class Initialized
INFO - 2024-08-10 00:09:10 --> URI Class Initialized
INFO - 2024-08-10 00:09:10 --> Router Class Initialized
INFO - 2024-08-10 00:09:10 --> Output Class Initialized
INFO - 2024-08-10 00:09:10 --> Security Class Initialized
DEBUG - 2024-08-10 00:09:10 --> Global POST, GET and COOKIE data sanitized
INFO - 2024-08-10 00:09:10 --> Input Class Initialized
INFO - 2024-08-10 00:09:10 --> Language Class Initialized
INFO - 2024-08-10 00:09:10 --> Loader Class Initialized
INFO - 2024-08-10 00:09:10 --> Helper loaded: url_helper
INFO - 2024-08-10 00:09:10 --> Database Driver Class Initialized
INFO - 2024-08-10 00:09:10 --> Controller Class Initialized
INFO - 2024-08-10 00:09:10 --> Model "Mconfigkey" initialized
INFO - 2024-08-10 00:09:10 --> Model "Mgoods_in" initialized
INFO - 2024-08-10 00:09:10 --> Final output sent to browser
DEBUG - 2024-08-10 00:09:10 --> Total execution time: 0.0494
INFO - 2024-08-10 00:09:17 --> Config Class Initialized
INFO - 2024-08-10 00:09:17 --> Hooks Class Initialized
DEBUG - 2024-08-10 00:09:17 --> UTF-8 Support Enabled
INFO - 2024-08-10 00:09:17 --> Utf8 Class Initialized
INFO - 2024-08-10 00:09:17 --> URI Class Initialized
INFO - 2024-08-10 00:09:17 --> Router Class Initialized
INFO - 2024-08-10 00:09:17 --> Output Class Initialized
INFO - 2024-08-10 00:09:17 --> Security Class Initialized
DEBUG - 2024-08-10 00:09:17 --> Global POST, GET and COOKIE data sanitized
INFO - 2024-08-10 00:09:17 --> Input Class Initialized
INFO - 2024-08-10 00:09:17 --> Language Class Initialized
INFO - 2024-08-10 00:09:17 --> Loader Class Initialized
INFO - 2024-08-10 00:09:17 --> Helper loaded: url_helper
INFO - 2024-08-10 00:09:17 --> Database Driver Class Initialized
INFO - 2024-08-10 00:09:17 --> Controller Class Initialized
INFO - 2024-08-10 00:09:17 --> Model "Mconfigkey" initialized
INFO - 2024-08-10 00:09:17 --> Model "Mgoods_in" initialized
INFO - 2024-08-10 00:09:17 --> Final output sent to browser
DEBUG - 2024-08-10 00:09:17 --> Total execution time: 0.0263
INFO - 2024-08-10 00:09:30 --> Config Class Initialized
INFO - 2024-08-10 00:09:30 --> Hooks Class Initialized
DEBUG - 2024-08-10 00:09:30 --> UTF-8 Support Enabled
INFO - 2024-08-10 00:09:30 --> Utf8 Class Initialized
INFO - 2024-08-10 00:09:30 --> URI Class Initialized
INFO - 2024-08-10 00:09:30 --> Router Class Initialized
INFO - 2024-08-10 00:09:30 --> Output Class Initialized
INFO - 2024-08-10 00:09:30 --> Security Class Initialized
DEBUG - 2024-08-10 00:09:30 --> Global POST, GET and COOKIE data sanitized
INFO - 2024-08-10 00:09:30 --> Input Class Initialized
INFO - 2024-08-10 00:09:30 --> Language Class Initialized
INFO - 2024-08-10 00:09:30 --> Loader Class Initialized
INFO - 2024-08-10 00:09:30 --> Helper loaded: url_helper
INFO - 2024-08-10 00:09:30 --> Database Driver Class Initialized
INFO - 2024-08-10 00:09:30 --> Controller Class Initialized
INFO - 2024-08-10 00:09:30 --> Model "Mconfigkey" initialized
INFO - 2024-08-10 00:09:30 --> Model "Mgoods_in" initialized
INFO - 2024-08-10 00:09:30 --> Final output sent to browser
DEBUG - 2024-08-10 00:09:30 --> Total execution time: 0.0860
INFO - 2024-08-10 00:09:33 --> Config Class Initialized
INFO - 2024-08-10 00:09:33 --> Hooks Class Initialized
DEBUG - 2024-08-10 00:09:33 --> UTF-8 Support Enabled
INFO - 2024-08-10 00:09:33 --> Utf8 Class Initialized
INFO - 2024-08-10 00:09:33 --> URI Class Initialized
INFO - 2024-08-10 00:09:33 --> Router Class Initialized
INFO - 2024-08-10 00:09:33 --> Output Class Initialized
INFO - 2024-08-10 00:09:33 --> Security Class Initialized
DEBUG - 2024-08-10 00:09:33 --> Global POST, GET and COOKIE data sanitized
INFO - 2024-08-10 00:09:33 --> Input Class Initialized
INFO - 2024-08-10 00:09:33 --> Language Class Initialized
INFO - 2024-08-10 00:09:33 --> Loader Class Initialized
INFO - 2024-08-10 00:09:33 --> Helper loaded: url_helper
INFO - 2024-08-10 00:09:33 --> Database Driver Class Initialized
INFO - 2024-08-10 00:09:33 --> Controller Class Initialized
INFO - 2024-08-10 00:09:33 --> Model "Mconfigkey" initialized
INFO - 2024-08-10 00:09:33 --> Model "Mgoods_in" initialized
INFO - 2024-08-10 00:09:33 --> Final output sent to browser
DEBUG - 2024-08-10 00:09:33 --> Total execution time: 0.0213
INFO - 2024-08-10 00:09:54 --> Config Class Initialized
INFO - 2024-08-10 00:09:54 --> Hooks Class Initialized
DEBUG - 2024-08-10 00:09:54 --> UTF-8 Support Enabled
INFO - 2024-08-10 00:09:54 --> Utf8 Class Initialized
INFO - 2024-08-10 00:09:54 --> URI Class Initialized
INFO - 2024-08-10 00:09:54 --> Router Class Initialized
INFO - 2024-08-10 00:09:54 --> Output Class Initialized
INFO - 2024-08-10 00:09:54 --> Security Class Initialized
DEBUG - 2024-08-10 00:09:54 --> Global POST, GET and COOKIE data sanitized
INFO - 2024-08-10 00:09:54 --> Input Class Initialized
INFO - 2024-08-10 00:09:54 --> Language Class Initialized
INFO - 2024-08-10 00:09:54 --> Loader Class Initialized
INFO - 2024-08-10 00:09:54 --> Helper loaded: url_helper
INFO - 2024-08-10 00:09:54 --> Database Driver Class Initialized
INFO - 2024-08-10 00:09:54 --> Controller Class Initialized
INFO - 2024-08-10 00:09:54 --> Model "Mconfigkey" initialized
INFO - 2024-08-10 00:09:54 --> Model "Mgoods_in" initialized
INFO - 2024-08-10 00:09:54 --> Final output sent to browser
DEBUG - 2024-08-10 00:09:54 --> Total execution time: 0.0269
INFO - 2024-08-10 00:10:02 --> Config Class Initialized
INFO - 2024-08-10 00:10:02 --> Hooks Class Initialized
DEBUG - 2024-08-10 00:10:02 --> UTF-8 Support Enabled
INFO - 2024-08-10 00:10:02 --> Utf8 Class Initialized
INFO - 2024-08-10 00:10:02 --> URI Class Initialized
INFO - 2024-08-10 00:10:02 --> Router Class Initialized
INFO - 2024-08-10 00:10:02 --> Output Class Initialized
INFO - 2024-08-10 00:10:02 --> Security Class Initialized
DEBUG - 2024-08-10 00:10:02 --> Global POST, GET and COOKIE data sanitized
INFO - 2024-08-10 00:10:02 --> Input Class Initialized
INFO - 2024-08-10 00:10:02 --> Language Class Initialized
INFO - 2024-08-10 00:10:02 --> Loader Class Initialized
INFO - 2024-08-10 00:10:02 --> Helper loaded: url_helper
INFO - 2024-08-10 00:10:02 --> Database Driver Class Initialized
INFO - 2024-08-10 00:10:02 --> Controller Class Initialized
INFO - 2024-08-10 00:10:02 --> Model "Mconfigkey" initialized
INFO - 2024-08-10 00:10:02 --> Model "Mgoods_in" initialized
INFO - 2024-08-10 00:10:02 --> Final output sent to browser
DEBUG - 2024-08-10 00:10:02 --> Total execution time: 0.0837
INFO - 2024-08-10 00:10:05 --> Config Class Initialized
INFO - 2024-08-10 00:10:05 --> Hooks Class Initialized
DEBUG - 2024-08-10 00:10:05 --> UTF-8 Support Enabled
INFO - 2024-08-10 00:10:05 --> Utf8 Class Initialized
INFO - 2024-08-10 00:10:05 --> URI Class Initialized
INFO - 2024-08-10 00:10:05 --> Router Class Initialized
INFO - 2024-08-10 00:10:05 --> Output Class Initialized
INFO - 2024-08-10 00:10:05 --> Security Class Initialized
DEBUG - 2024-08-10 00:10:05 --> Global POST, GET and COOKIE data sanitized
INFO - 2024-08-10 00:10:05 --> Input Class Initialized
INFO - 2024-08-10 00:10:05 --> Language Class Initialized
INFO - 2024-08-10 00:10:05 --> Loader Class Initialized
INFO - 2024-08-10 00:10:05 --> Helper loaded: url_helper
INFO - 2024-08-10 00:10:05 --> Database Driver Class Initialized
INFO - 2024-08-10 00:10:05 --> Controller Class Initialized
INFO - 2024-08-10 00:10:05 --> Model "Mconfigkey" initialized
INFO - 2024-08-10 00:10:05 --> Model "Mgoods_in" initialized
INFO - 2024-08-10 00:10:05 --> Final output sent to browser
DEBUG - 2024-08-10 00:10:05 --> Total execution time: 0.0210
INFO - 2024-08-10 00:13:17 --> Config Class Initialized
INFO - 2024-08-10 00:13:17 --> Hooks Class Initialized
DEBUG - 2024-08-10 00:13:17 --> UTF-8 Support Enabled
INFO - 2024-08-10 00:13:17 --> Utf8 Class Initialized
INFO - 2024-08-10 00:13:17 --> URI Class Initialized
INFO - 2024-08-10 00:13:17 --> Router Class Initialized
INFO - 2024-08-10 00:13:17 --> Output Class Initialized
INFO - 2024-08-10 00:13:17 --> Security Class Initialized
DEBUG - 2024-08-10 00:13:17 --> Global POST, GET and COOKIE data sanitized
INFO - 2024-08-10 00:13:17 --> Input Class Initialized
INFO - 2024-08-10 00:13:17 --> Language Class Initialized
INFO - 2024-08-10 00:13:17 --> Loader Class Initialized
INFO - 2024-08-10 00:13:17 --> Helper loaded: url_helper
INFO - 2024-08-10 00:13:17 --> Database Driver Class Initialized
INFO - 2024-08-10 00:13:17 --> Controller Class Initialized
INFO - 2024-08-10 00:13:17 --> Model "Mconfigkey" initialized
INFO - 2024-08-10 00:13:17 --> Model "Mgoods_racking" initialized
INFO - 2024-08-10 00:13:17 --> Final output sent to browser
DEBUG - 2024-08-10 00:13:17 --> Total execution time: 0.0374
INFO - 2024-08-10 00:13:23 --> Config Class Initialized
INFO - 2024-08-10 00:13:23 --> Hooks Class Initialized
DEBUG - 2024-08-10 00:13:23 --> UTF-8 Support Enabled
INFO - 2024-08-10 00:13:23 --> Utf8 Class Initialized
INFO - 2024-08-10 00:13:23 --> URI Class Initialized
INFO - 2024-08-10 00:13:23 --> Router Class Initialized
INFO - 2024-08-10 00:13:23 --> Output Class Initialized
INFO - 2024-08-10 00:13:23 --> Security Class Initialized
DEBUG - 2024-08-10 00:13:23 --> Global POST, GET and COOKIE data sanitized
INFO - 2024-08-10 00:13:23 --> Input Class Initialized
INFO - 2024-08-10 00:13:23 --> Language Class Initialized
INFO - 2024-08-10 00:13:23 --> Loader Class Initialized
INFO - 2024-08-10 00:13:23 --> Helper loaded: url_helper
INFO - 2024-08-10 00:13:23 --> Database Driver Class Initialized
INFO - 2024-08-10 00:13:23 --> Controller Class Initialized
INFO - 2024-08-10 00:13:23 --> Model "Mconfigkey" initialized
INFO - 2024-08-10 00:13:23 --> Model "Mgoods_racking" initialized
ERROR - 2024-08-10 00:13:23 --> Query error: [Microsoft][ODBC Driver 18 for SQL Server][SQL Server]  - Invalid query: EXEC SP_PUTAWAY_WMS
            
            @VPUTAWAY_DATE='2024-08-10',
            @VUSERNAME='seiwa',
            @VMODULES='AUTO', 

            @VORDERBY = ' ORDER BY TR_STOCK_TRANS.LOT_NO DESC ', 
            @OFFSET = '0',
            @FETCH_SIZE = '50', 
            @FILTER = '' 


            
INFO - 2024-08-10 00:13:23 --> Language file loaded: language/english/db_lang.php
INFO - 2024-08-10 00:13:26 --> Config Class Initialized
INFO - 2024-08-10 00:13:26 --> Hooks Class Initialized
DEBUG - 2024-08-10 00:13:26 --> UTF-8 Support Enabled
INFO - 2024-08-10 00:13:26 --> Utf8 Class Initialized
INFO - 2024-08-10 00:13:26 --> URI Class Initialized
INFO - 2024-08-10 00:13:26 --> Router Class Initialized
INFO - 2024-08-10 00:13:26 --> Output Class Initialized
INFO - 2024-08-10 00:13:26 --> Security Class Initialized
DEBUG - 2024-08-10 00:13:26 --> Global POST, GET and COOKIE data sanitized
INFO - 2024-08-10 00:13:26 --> Input Class Initialized
INFO - 2024-08-10 00:13:26 --> Language Class Initialized
INFO - 2024-08-10 00:13:26 --> Loader Class Initialized
INFO - 2024-08-10 00:13:26 --> Helper loaded: url_helper
INFO - 2024-08-10 00:13:26 --> Database Driver Class Initialized
INFO - 2024-08-10 00:13:26 --> Controller Class Initialized
INFO - 2024-08-10 00:13:26 --> Model "Mconfigkey" initialized
INFO - 2024-08-10 00:13:26 --> Model "Mgoods_racking" initialized
ERROR - 2024-08-10 00:13:26 --> Query error: [Microsoft][ODBC Driver 18 for SQL Server][SQL Server]  - Invalid query: EXEC SP_PUTAWAY_WMS
            
            @VPUTAWAY_DATE='2024-08-08',
            @VUSERNAME='seiwa',
            @VMODULES='AUTO', 

            @VORDERBY = ' ORDER BY TR_STOCK_TRANS.LOT_NO DESC ', 
            @OFFSET = '0',
            @FETCH_SIZE = '50', 
            @FILTER = '' 


            
INFO - 2024-08-10 00:13:26 --> Language file loaded: language/english/db_lang.php
INFO - 2024-08-10 00:14:23 --> Config Class Initialized
INFO - 2024-08-10 00:14:23 --> Hooks Class Initialized
DEBUG - 2024-08-10 00:14:23 --> UTF-8 Support Enabled
INFO - 2024-08-10 00:14:23 --> Utf8 Class Initialized
INFO - 2024-08-10 00:14:23 --> URI Class Initialized
INFO - 2024-08-10 00:14:23 --> Router Class Initialized
INFO - 2024-08-10 00:14:23 --> Output Class Initialized
INFO - 2024-08-10 00:14:23 --> Security Class Initialized
DEBUG - 2024-08-10 00:14:23 --> Global POST, GET and COOKIE data sanitized
INFO - 2024-08-10 00:14:23 --> Input Class Initialized
INFO - 2024-08-10 00:14:23 --> Language Class Initialized
INFO - 2024-08-10 00:14:23 --> Loader Class Initialized
INFO - 2024-08-10 00:14:23 --> Helper loaded: url_helper
INFO - 2024-08-10 00:14:23 --> Database Driver Class Initialized
INFO - 2024-08-10 00:14:23 --> Controller Class Initialized
INFO - 2024-08-10 00:14:23 --> Model "Mconfigkey" initialized
INFO - 2024-08-10 00:14:23 --> Model "Mgoods_stuffing" initialized
INFO - 2024-08-10 00:14:23 --> Final output sent to browser
DEBUG - 2024-08-10 00:14:23 --> Total execution time: 0.0792
INFO - 2024-08-10 00:14:31 --> Config Class Initialized
INFO - 2024-08-10 00:14:31 --> Hooks Class Initialized
DEBUG - 2024-08-10 00:14:31 --> UTF-8 Support Enabled
INFO - 2024-08-10 00:14:31 --> Utf8 Class Initialized
INFO - 2024-08-10 00:14:31 --> URI Class Initialized
INFO - 2024-08-10 00:14:31 --> Router Class Initialized
INFO - 2024-08-10 00:14:31 --> Output Class Initialized
INFO - 2024-08-10 00:14:31 --> Security Class Initialized
DEBUG - 2024-08-10 00:14:31 --> Global POST, GET and COOKIE data sanitized
INFO - 2024-08-10 00:14:31 --> Input Class Initialized
INFO - 2024-08-10 00:14:31 --> Language Class Initialized
INFO - 2024-08-10 00:14:31 --> Loader Class Initialized
INFO - 2024-08-10 00:14:31 --> Helper loaded: url_helper
INFO - 2024-08-10 00:14:31 --> Database Driver Class Initialized
INFO - 2024-08-10 00:14:31 --> Controller Class Initialized
INFO - 2024-08-10 00:14:31 --> Model "Mconfigkey" initialized
INFO - 2024-08-10 00:14:31 --> Model "Mgoods_stuffing" initialized
INFO - 2024-08-10 00:14:31 --> Final output sent to browser
DEBUG - 2024-08-10 00:14:31 --> Total execution time: 0.0201
INFO - 2024-08-10 00:14:31 --> Config Class Initialized
INFO - 2024-08-10 00:14:31 --> Hooks Class Initialized
DEBUG - 2024-08-10 00:14:31 --> UTF-8 Support Enabled
INFO - 2024-08-10 00:14:31 --> Utf8 Class Initialized
INFO - 2024-08-10 00:14:31 --> URI Class Initialized
INFO - 2024-08-10 00:14:31 --> Router Class Initialized
INFO - 2024-08-10 00:14:31 --> Output Class Initialized
INFO - 2024-08-10 00:14:31 --> Security Class Initialized
DEBUG - 2024-08-10 00:14:31 --> Global POST, GET and COOKIE data sanitized
INFO - 2024-08-10 00:14:31 --> Input Class Initialized
INFO - 2024-08-10 00:14:31 --> Language Class Initialized
INFO - 2024-08-10 00:14:31 --> Loader Class Initialized
INFO - 2024-08-10 00:14:31 --> Helper loaded: url_helper
INFO - 2024-08-10 00:14:31 --> Database Driver Class Initialized
INFO - 2024-08-10 00:14:31 --> Controller Class Initialized
INFO - 2024-08-10 00:14:31 --> Model "Mconfigkey" initialized
INFO - 2024-08-10 00:14:31 --> Model "Mgoods_stuffing" initialized
INFO - 2024-08-10 00:14:31 --> Final output sent to browser
DEBUG - 2024-08-10 00:14:31 --> Total execution time: 0.0205
INFO - 2024-08-10 00:15:34 --> Config Class Initialized
INFO - 2024-08-10 00:15:34 --> Hooks Class Initialized
DEBUG - 2024-08-10 00:15:34 --> UTF-8 Support Enabled
INFO - 2024-08-10 00:15:34 --> Utf8 Class Initialized
INFO - 2024-08-10 00:15:34 --> URI Class Initialized
INFO - 2024-08-10 00:15:34 --> Router Class Initialized
INFO - 2024-08-10 00:15:34 --> Output Class Initialized
INFO - 2024-08-10 00:15:34 --> Security Class Initialized
DEBUG - 2024-08-10 00:15:34 --> Global POST, GET and COOKIE data sanitized
INFO - 2024-08-10 00:15:34 --> Input Class Initialized
INFO - 2024-08-10 00:15:34 --> Language Class Initialized
INFO - 2024-08-10 00:15:34 --> Loader Class Initialized
INFO - 2024-08-10 00:15:34 --> Helper loaded: url_helper
INFO - 2024-08-10 00:15:34 --> Database Driver Class Initialized
INFO - 2024-08-10 00:15:34 --> Controller Class Initialized
INFO - 2024-08-10 00:15:34 --> Model "Mconfigkey" initialized
ERROR - 2024-08-10 00:15:34 --> Severity: error --> Exception: D:\xampp\htdocs\plb\dummyservice\application\models/Mgoods_delivery.php exists, but doesn't declare class Mgoods_delivery D:\xampp\htdocs\plb\dummyservice\system\core\Loader.php 340
INFO - 2024-08-10 00:31:11 --> Config Class Initialized
INFO - 2024-08-10 00:31:11 --> Hooks Class Initialized
DEBUG - 2024-08-10 00:31:11 --> UTF-8 Support Enabled
INFO - 2024-08-10 00:31:11 --> Utf8 Class Initialized
INFO - 2024-08-10 00:31:11 --> URI Class Initialized
INFO - 2024-08-10 00:31:11 --> Router Class Initialized
INFO - 2024-08-10 00:31:11 --> Output Class Initialized
INFO - 2024-08-10 00:31:11 --> Security Class Initialized
DEBUG - 2024-08-10 00:31:11 --> Global POST, GET and COOKIE data sanitized
INFO - 2024-08-10 00:31:11 --> Input Class Initialized
INFO - 2024-08-10 00:31:11 --> Language Class Initialized
INFO - 2024-08-10 00:31:11 --> Loader Class Initialized
INFO - 2024-08-10 00:31:11 --> Helper loaded: url_helper
INFO - 2024-08-10 00:31:11 --> Database Driver Class Initialized
INFO - 2024-08-10 00:31:11 --> Controller Class Initialized
INFO - 2024-08-10 00:31:11 --> Model "Mconfigkey" initialized
INFO - 2024-08-10 00:31:11 --> Final output sent to browser
DEBUG - 2024-08-10 00:31:11 --> Total execution time: 0.7083
INFO - 2024-08-10 00:31:19 --> Config Class Initialized
INFO - 2024-08-10 00:31:19 --> Hooks Class Initialized
DEBUG - 2024-08-10 00:31:19 --> UTF-8 Support Enabled
INFO - 2024-08-10 00:31:19 --> Utf8 Class Initialized
INFO - 2024-08-10 00:31:19 --> URI Class Initialized
INFO - 2024-08-10 00:31:19 --> Router Class Initialized
INFO - 2024-08-10 00:31:19 --> Output Class Initialized
INFO - 2024-08-10 00:31:19 --> Security Class Initialized
DEBUG - 2024-08-10 00:31:19 --> Global POST, GET and COOKIE data sanitized
INFO - 2024-08-10 00:31:19 --> Input Class Initialized
INFO - 2024-08-10 00:31:19 --> Language Class Initialized
INFO - 2024-08-10 00:31:19 --> Loader Class Initialized
INFO - 2024-08-10 00:31:19 --> Helper loaded: url_helper
INFO - 2024-08-10 00:31:19 --> Database Driver Class Initialized
INFO - 2024-08-10 00:31:19 --> Controller Class Initialized
INFO - 2024-08-10 00:31:19 --> Model "Mconfigkey" initialized
INFO - 2024-08-10 00:31:19 --> Model "Mext_rpt_pemasukan" initialized
INFO - 2024-08-10 00:31:19 --> Final output sent to browser
DEBUG - 2024-08-10 00:31:19 --> Total execution time: 0.1004
INFO - 2024-08-10 00:31:23 --> Config Class Initialized
INFO - 2024-08-10 00:31:23 --> Hooks Class Initialized
DEBUG - 2024-08-10 00:31:23 --> UTF-8 Support Enabled
INFO - 2024-08-10 00:31:23 --> Utf8 Class Initialized
INFO - 2024-08-10 00:31:23 --> URI Class Initialized
INFO - 2024-08-10 00:31:23 --> Router Class Initialized
INFO - 2024-08-10 00:31:23 --> Output Class Initialized
INFO - 2024-08-10 00:31:23 --> Security Class Initialized
DEBUG - 2024-08-10 00:31:23 --> Global POST, GET and COOKIE data sanitized
INFO - 2024-08-10 00:31:23 --> Input Class Initialized
INFO - 2024-08-10 00:31:23 --> Language Class Initialized
INFO - 2024-08-10 00:31:23 --> Loader Class Initialized
INFO - 2024-08-10 00:31:23 --> Helper loaded: url_helper
INFO - 2024-08-10 00:31:23 --> Database Driver Class Initialized
INFO - 2024-08-10 00:31:23 --> Controller Class Initialized
INFO - 2024-08-10 00:31:23 --> Model "Mconfigkey" initialized
INFO - 2024-08-10 00:31:23 --> Model "Mext_rpt_pemasukan" initialized
INFO - 2024-08-10 00:31:23 --> Final output sent to browser
DEBUG - 2024-08-10 00:31:23 --> Total execution time: 0.1128
INFO - 2024-08-10 00:31:35 --> Config Class Initialized
INFO - 2024-08-10 00:31:35 --> Hooks Class Initialized
DEBUG - 2024-08-10 00:31:35 --> UTF-8 Support Enabled
INFO - 2024-08-10 00:31:35 --> Utf8 Class Initialized
INFO - 2024-08-10 00:31:35 --> URI Class Initialized
INFO - 2024-08-10 00:31:35 --> Router Class Initialized
INFO - 2024-08-10 00:31:35 --> Output Class Initialized
INFO - 2024-08-10 00:31:35 --> Security Class Initialized
DEBUG - 2024-08-10 00:31:35 --> Global POST, GET and COOKIE data sanitized
INFO - 2024-08-10 00:31:35 --> Input Class Initialized
INFO - 2024-08-10 00:31:35 --> Language Class Initialized
INFO - 2024-08-10 00:31:35 --> Loader Class Initialized
INFO - 2024-08-10 00:31:35 --> Helper loaded: url_helper
INFO - 2024-08-10 00:31:35 --> Database Driver Class Initialized
INFO - 2024-08-10 00:31:35 --> Controller Class Initialized
INFO - 2024-08-10 00:31:35 --> Model "Mconfigkey" initialized
INFO - 2024-08-10 00:31:35 --> Model "Mext_rpt_mutasi" initialized
INFO - 2024-08-10 00:31:39 --> Final output sent to browser
DEBUG - 2024-08-10 00:31:39 --> Total execution time: 4.3479
INFO - 2024-08-10 00:31:51 --> Config Class Initialized
INFO - 2024-08-10 00:31:51 --> Hooks Class Initialized
DEBUG - 2024-08-10 00:31:51 --> UTF-8 Support Enabled
INFO - 2024-08-10 00:31:51 --> Utf8 Class Initialized
INFO - 2024-08-10 00:31:51 --> URI Class Initialized
INFO - 2024-08-10 00:31:51 --> Router Class Initialized
INFO - 2024-08-10 00:31:51 --> Output Class Initialized
INFO - 2024-08-10 00:31:51 --> Security Class Initialized
DEBUG - 2024-08-10 00:31:51 --> Global POST, GET and COOKIE data sanitized
INFO - 2024-08-10 00:31:51 --> Input Class Initialized
INFO - 2024-08-10 00:31:51 --> Language Class Initialized
INFO - 2024-08-10 00:31:51 --> Loader Class Initialized
INFO - 2024-08-10 00:31:51 --> Helper loaded: url_helper
INFO - 2024-08-10 00:31:51 --> Database Driver Class Initialized
INFO - 2024-08-10 00:31:51 --> Controller Class Initialized
INFO - 2024-08-10 00:31:51 --> Model "Mconfigkey" initialized
INFO - 2024-08-10 00:31:51 --> Model "Mgoods_in" initialized
INFO - 2024-08-10 00:31:51 --> Final output sent to browser
DEBUG - 2024-08-10 00:31:51 --> Total execution time: 0.0322
INFO - 2024-08-10 00:32:04 --> Config Class Initialized
INFO - 2024-08-10 00:32:04 --> Hooks Class Initialized
DEBUG - 2024-08-10 00:32:04 --> UTF-8 Support Enabled
INFO - 2024-08-10 00:32:04 --> Utf8 Class Initialized
INFO - 2024-08-10 00:32:04 --> URI Class Initialized
INFO - 2024-08-10 00:32:04 --> Router Class Initialized
INFO - 2024-08-10 00:32:04 --> Output Class Initialized
INFO - 2024-08-10 00:32:04 --> Security Class Initialized
DEBUG - 2024-08-10 00:32:04 --> Global POST, GET and COOKIE data sanitized
INFO - 2024-08-10 00:32:04 --> Input Class Initialized
INFO - 2024-08-10 00:32:04 --> Language Class Initialized
INFO - 2024-08-10 00:32:04 --> Loader Class Initialized
INFO - 2024-08-10 00:32:04 --> Helper loaded: url_helper
INFO - 2024-08-10 00:32:04 --> Database Driver Class Initialized
INFO - 2024-08-10 00:32:04 --> Controller Class Initialized
INFO - 2024-08-10 00:32:04 --> Model "Mconfigkey" initialized
INFO - 2024-08-10 00:32:04 --> Model "Mext_rpt_mutasi" initialized
INFO - 2024-08-10 00:32:08 --> Final output sent to browser
DEBUG - 2024-08-10 00:32:08 --> Total execution time: 4.1775
INFO - 2024-08-10 00:32:16 --> Config Class Initialized
INFO - 2024-08-10 00:32:16 --> Hooks Class Initialized
DEBUG - 2024-08-10 00:32:16 --> UTF-8 Support Enabled
INFO - 2024-08-10 00:32:16 --> Utf8 Class Initialized
INFO - 2024-08-10 00:32:16 --> URI Class Initialized
INFO - 2024-08-10 00:32:16 --> Router Class Initialized
INFO - 2024-08-10 00:32:16 --> Output Class Initialized
INFO - 2024-08-10 00:32:16 --> Security Class Initialized
DEBUG - 2024-08-10 00:32:16 --> Global POST, GET and COOKIE data sanitized
INFO - 2024-08-10 00:32:16 --> Input Class Initialized
INFO - 2024-08-10 00:32:16 --> Language Class Initialized
INFO - 2024-08-10 00:32:16 --> Loader Class Initialized
INFO - 2024-08-10 00:32:16 --> Helper loaded: url_helper
INFO - 2024-08-10 00:32:16 --> Database Driver Class Initialized
INFO - 2024-08-10 00:32:16 --> Controller Class Initialized
INFO - 2024-08-10 00:32:16 --> Model "Mconfigkey" initialized
INFO - 2024-08-10 00:32:16 --> Model "Mext_rpt_mutasi" initialized
INFO - 2024-08-10 00:32:20 --> Final output sent to browser
DEBUG - 2024-08-10 00:32:20 --> Total execution time: 4.2620
INFO - 2024-08-10 00:32:31 --> Config Class Initialized
INFO - 2024-08-10 00:32:31 --> Hooks Class Initialized
DEBUG - 2024-08-10 00:32:31 --> UTF-8 Support Enabled
INFO - 2024-08-10 00:32:31 --> Utf8 Class Initialized
INFO - 2024-08-10 00:32:31 --> URI Class Initialized
INFO - 2024-08-10 00:32:31 --> Router Class Initialized
INFO - 2024-08-10 00:32:31 --> Output Class Initialized
INFO - 2024-08-10 00:32:31 --> Security Class Initialized
DEBUG - 2024-08-10 00:32:31 --> Global POST, GET and COOKIE data sanitized
INFO - 2024-08-10 00:32:31 --> Input Class Initialized
INFO - 2024-08-10 00:32:31 --> Language Class Initialized
INFO - 2024-08-10 00:32:31 --> Loader Class Initialized
INFO - 2024-08-10 00:32:31 --> Helper loaded: url_helper
INFO - 2024-08-10 00:32:31 --> Database Driver Class Initialized
INFO - 2024-08-10 00:32:31 --> Controller Class Initialized
INFO - 2024-08-10 00:32:31 --> Model "Mconfigkey" initialized
INFO - 2024-08-10 00:32:31 --> Model "Mext_rpt_mutasi" initialized
INFO - 2024-08-10 00:32:35 --> Final output sent to browser
DEBUG - 2024-08-10 00:32:35 --> Total execution time: 3.4547
INFO - 2024-08-10 00:33:11 --> Config Class Initialized
INFO - 2024-08-10 00:33:11 --> Hooks Class Initialized
DEBUG - 2024-08-10 00:33:11 --> UTF-8 Support Enabled
INFO - 2024-08-10 00:33:11 --> Utf8 Class Initialized
INFO - 2024-08-10 00:33:11 --> URI Class Initialized
INFO - 2024-08-10 00:33:11 --> Router Class Initialized
INFO - 2024-08-10 00:33:11 --> Output Class Initialized
INFO - 2024-08-10 00:33:11 --> Security Class Initialized
DEBUG - 2024-08-10 00:33:11 --> Global POST, GET and COOKIE data sanitized
INFO - 2024-08-10 00:33:11 --> Input Class Initialized
INFO - 2024-08-10 00:33:11 --> Language Class Initialized
INFO - 2024-08-10 00:33:11 --> Loader Class Initialized
INFO - 2024-08-10 00:33:11 --> Helper loaded: url_helper
INFO - 2024-08-10 00:33:11 --> Database Driver Class Initialized
INFO - 2024-08-10 00:33:11 --> Controller Class Initialized
INFO - 2024-08-10 00:33:11 --> Model "Mconfigkey" initialized
INFO - 2024-08-10 00:33:11 --> Model "Mext_rpt_mutasi" initialized
INFO - 2024-08-10 00:33:14 --> Final output sent to browser
DEBUG - 2024-08-10 00:33:14 --> Total execution time: 3.5444
INFO - 2024-08-10 00:33:37 --> Config Class Initialized
INFO - 2024-08-10 00:33:37 --> Hooks Class Initialized
DEBUG - 2024-08-10 00:33:37 --> UTF-8 Support Enabled
INFO - 2024-08-10 00:33:37 --> Utf8 Class Initialized
INFO - 2024-08-10 00:33:37 --> URI Class Initialized
INFO - 2024-08-10 00:33:37 --> Router Class Initialized
INFO - 2024-08-10 00:33:37 --> Output Class Initialized
INFO - 2024-08-10 00:33:37 --> Security Class Initialized
DEBUG - 2024-08-10 00:33:37 --> Global POST, GET and COOKIE data sanitized
INFO - 2024-08-10 00:33:37 --> Input Class Initialized
INFO - 2024-08-10 00:33:37 --> Language Class Initialized
INFO - 2024-08-10 00:33:37 --> Loader Class Initialized
INFO - 2024-08-10 00:33:37 --> Helper loaded: url_helper
INFO - 2024-08-10 00:33:37 --> Database Driver Class Initialized
INFO - 2024-08-10 00:33:37 --> Controller Class Initialized
INFO - 2024-08-10 00:33:37 --> Model "Mconfigkey" initialized
INFO - 2024-08-10 00:33:37 --> Model "Mext_rpt_mutasi" initialized
INFO - 2024-08-10 00:33:41 --> Final output sent to browser
DEBUG - 2024-08-10 00:33:41 --> Total execution time: 3.5488
INFO - 2024-08-10 15:10:09 --> Config Class Initialized
INFO - 2024-08-10 15:10:09 --> Hooks Class Initialized
DEBUG - 2024-08-10 15:10:09 --> UTF-8 Support Enabled
INFO - 2024-08-10 15:10:09 --> Utf8 Class Initialized
INFO - 2024-08-10 15:10:09 --> URI Class Initialized
INFO - 2024-08-10 15:10:09 --> Router Class Initialized
INFO - 2024-08-10 15:10:09 --> Output Class Initialized
INFO - 2024-08-10 15:10:09 --> Security Class Initialized
DEBUG - 2024-08-10 15:10:09 --> Global POST, GET and COOKIE data sanitized
INFO - 2024-08-10 15:10:09 --> Input Class Initialized
INFO - 2024-08-10 15:10:09 --> Language Class Initialized
INFO - 2024-08-10 15:10:09 --> Loader Class Initialized
INFO - 2024-08-10 15:10:09 --> Helper loaded: url_helper
INFO - 2024-08-10 15:10:09 --> Database Driver Class Initialized
INFO - 2024-08-10 15:10:09 --> Controller Class Initialized
INFO - 2024-08-10 15:10:09 --> Model "Mconfigkey" initialized
INFO - 2024-08-10 15:10:09 --> Final output sent to browser
DEBUG - 2024-08-10 15:10:09 --> Total execution time: 0.0215
