INFO - 2024-08-06 08:32:23 --> Config Class Initialized
INFO - 2024-08-06 08:32:23 --> Hooks Class Initialized
DEBUG - 2024-08-06 08:32:23 --> UTF-8 Support Enabled
INFO - 2024-08-06 08:32:23 --> Utf8 Class Initialized
INFO - 2024-08-06 08:32:23 --> URI Class Initialized
INFO - 2024-08-06 08:32:23 --> Router Class Initialized
INFO - 2024-08-06 08:32:23 --> Output Class Initialized
INFO - 2024-08-06 08:32:23 --> Security Class Initialized
DEBUG - 2024-08-06 08:32:23 --> Global POST, GET and COOKIE data sanitized
INFO - 2024-08-06 08:32:23 --> Input Class Initialized
INFO - 2024-08-06 08:32:23 --> Language Class Initialized
INFO - 2024-08-06 08:32:23 --> Loader Class Initialized
INFO - 2024-08-06 08:32:23 --> Helper loaded: url_helper
INFO - 2024-08-06 08:32:23 --> Database Driver Class Initialized
INFO - 2024-08-06 08:32:23 --> Controller Class Initialized
INFO - 2024-08-06 08:32:23 --> Model "Mconfigkey" initialized
INFO - 2024-08-06 08:32:23 --> Final output sent to browser
DEBUG - 2024-08-06 08:32:23 --> Total execution time: 0.4625
INFO - 2024-08-06 13:22:04 --> Config Class Initialized
INFO - 2024-08-06 13:22:04 --> Hooks Class Initialized
DEBUG - 2024-08-06 13:22:04 --> UTF-8 Support Enabled
INFO - 2024-08-06 13:22:04 --> Utf8 Class Initialized
INFO - 2024-08-06 13:22:04 --> URI Class Initialized
INFO - 2024-08-06 13:22:04 --> Router Class Initialized
INFO - 2024-08-06 13:22:04 --> Output Class Initialized
INFO - 2024-08-06 13:22:04 --> Security Class Initialized
DEBUG - 2024-08-06 13:22:04 --> Global POST, GET and COOKIE data sanitized
INFO - 2024-08-06 13:22:04 --> Input Class Initialized
INFO - 2024-08-06 13:22:04 --> Language Class Initialized
INFO - 2024-08-06 13:22:04 --> Loader Class Initialized
INFO - 2024-08-06 13:22:04 --> Helper loaded: url_helper
INFO - 2024-08-06 13:22:04 --> Database Driver Class Initialized
INFO - 2024-08-06 13:22:04 --> Controller Class Initialized
INFO - 2024-08-06 13:22:04 --> Model "Mauth" initialized
INFO - 2024-08-06 13:22:04 --> Final output sent to browser
DEBUG - 2024-08-06 13:22:04 --> Total execution time: 0.0326
