INFO - 2024-10-08 08:27:09 --> Config Class Initialized
INFO - 2024-10-08 08:27:09 --> Hooks Class Initialized
DEBUG - 2024-10-08 08:27:09 --> UTF-8 Support Enabled
INFO - 2024-10-08 08:27:09 --> Utf8 Class Initialized
INFO - 2024-10-08 08:27:09 --> URI Class Initialized
INFO - 2024-10-08 08:27:09 --> Router Class Initialized
INFO - 2024-10-08 08:27:09 --> Output Class Initialized
INFO - 2024-10-08 08:27:09 --> Security Class Initialized
DEBUG - 2024-10-08 08:27:09 --> Global POST, GET and COOKIE data sanitized
INFO - 2024-10-08 08:27:09 --> Input Class Initialized
INFO - 2024-10-08 08:27:09 --> Language Class Initialized
INFO - 2024-10-08 08:27:09 --> Loader Class Initialized
INFO - 2024-10-08 08:27:09 --> Helper loaded: url_helper
INFO - 2024-10-08 08:27:09 --> Database Driver Class Initialized
INFO - 2024-10-08 08:27:09 --> Controller Class Initialized
INFO - 2024-10-08 08:27:09 --> Model "Mconfigkey" initialized
INFO - 2024-10-08 08:27:09 --> Final output sent to browser
DEBUG - 2024-10-08 08:27:09 --> Total execution time: 0.0222
INFO - 2024-10-08 15:15:32 --> Config Class Initialized
INFO - 2024-10-08 15:15:32 --> Hooks Class Initialized
DEBUG - 2024-10-08 15:15:32 --> UTF-8 Support Enabled
INFO - 2024-10-08 15:15:32 --> Utf8 Class Initialized
INFO - 2024-10-08 15:15:32 --> URI Class Initialized
INFO - 2024-10-08 15:15:32 --> Router Class Initialized
INFO - 2024-10-08 15:15:32 --> Output Class Initialized
INFO - 2024-10-08 15:15:32 --> Security Class Initialized
DEBUG - 2024-10-08 15:15:32 --> Global POST, GET and COOKIE data sanitized
INFO - 2024-10-08 15:15:32 --> Input Class Initialized
INFO - 2024-10-08 15:15:32 --> Language Class Initialized
INFO - 2024-10-08 15:15:32 --> Loader Class Initialized
INFO - 2024-10-08 15:15:32 --> Helper loaded: url_helper
INFO - 2024-10-08 15:15:32 --> Database Driver Class Initialized
INFO - 2024-10-08 15:15:32 --> Controller Class Initialized
INFO - 2024-10-08 15:15:32 --> Model "Mconfigkey" initialized
INFO - 2024-10-08 15:15:32 --> Final output sent to browser
DEBUG - 2024-10-08 15:15:32 --> Total execution time: 0.4044
INFO - 2024-10-08 15:19:32 --> Config Class Initialized
INFO - 2024-10-08 15:19:32 --> Hooks Class Initialized
DEBUG - 2024-10-08 15:19:32 --> UTF-8 Support Enabled
INFO - 2024-10-08 15:19:32 --> Utf8 Class Initialized
INFO - 2024-10-08 15:19:32 --> URI Class Initialized
INFO - 2024-10-08 15:19:32 --> Router Class Initialized
INFO - 2024-10-08 15:19:32 --> Output Class Initialized
INFO - 2024-10-08 15:19:32 --> Security Class Initialized
DEBUG - 2024-10-08 15:19:32 --> Global POST, GET and COOKIE data sanitized
INFO - 2024-10-08 15:19:32 --> Input Class Initialized
INFO - 2024-10-08 15:19:32 --> Language Class Initialized
INFO - 2024-10-08 15:19:32 --> Loader Class Initialized
INFO - 2024-10-08 15:19:32 --> Helper loaded: url_helper
INFO - 2024-10-08 15:19:32 --> Database Driver Class Initialized
INFO - 2024-10-08 15:19:32 --> Controller Class Initialized
INFO - 2024-10-08 15:19:32 --> Model "Mauth" initialized
INFO - 2024-10-08 15:19:32 --> Model "Mconfigkey" initialized
INFO - 2024-10-08 15:19:32 --> Final output sent to browser
DEBUG - 2024-10-08 15:19:32 --> Total execution time: 0.0364
INFO - 2024-10-08 15:20:02 --> Config Class Initialized
INFO - 2024-10-08 15:20:02 --> Hooks Class Initialized
DEBUG - 2024-10-08 15:20:02 --> UTF-8 Support Enabled
INFO - 2024-10-08 15:20:02 --> Utf8 Class Initialized
INFO - 2024-10-08 15:20:02 --> URI Class Initialized
INFO - 2024-10-08 15:20:02 --> Router Class Initialized
INFO - 2024-10-08 15:20:02 --> Output Class Initialized
INFO - 2024-10-08 15:20:02 --> Security Class Initialized
DEBUG - 2024-10-08 15:20:02 --> Global POST, GET and COOKIE data sanitized
INFO - 2024-10-08 15:20:02 --> Input Class Initialized
INFO - 2024-10-08 15:20:02 --> Language Class Initialized
INFO - 2024-10-08 15:20:02 --> Loader Class Initialized
INFO - 2024-10-08 15:20:02 --> Helper loaded: url_helper
INFO - 2024-10-08 15:20:02 --> Database Driver Class Initialized
INFO - 2024-10-08 15:20:02 --> Controller Class Initialized
INFO - 2024-10-08 15:20:02 --> Model "Mconfigkey" initialized
INFO - 2024-10-08 15:20:02 --> Model "Msync_doc_aw" initialized
INFO - 2024-10-08 15:20:02 --> Final output sent to browser
DEBUG - 2024-10-08 15:20:02 --> Total execution time: 0.2759
INFO - 2024-10-08 15:20:20 --> Config Class Initialized
INFO - 2024-10-08 15:20:20 --> Hooks Class Initialized
DEBUG - 2024-10-08 15:20:20 --> UTF-8 Support Enabled
INFO - 2024-10-08 15:20:20 --> Utf8 Class Initialized
INFO - 2024-10-08 15:20:20 --> URI Class Initialized
INFO - 2024-10-08 15:20:20 --> Router Class Initialized
INFO - 2024-10-08 15:20:20 --> Output Class Initialized
INFO - 2024-10-08 15:20:20 --> Security Class Initialized
DEBUG - 2024-10-08 15:20:20 --> Global POST, GET and COOKIE data sanitized
INFO - 2024-10-08 15:20:20 --> Input Class Initialized
INFO - 2024-10-08 15:20:20 --> Language Class Initialized
INFO - 2024-10-08 15:20:20 --> Loader Class Initialized
INFO - 2024-10-08 15:20:20 --> Helper loaded: url_helper
INFO - 2024-10-08 15:20:20 --> Database Driver Class Initialized
INFO - 2024-10-08 15:20:20 --> Controller Class Initialized
INFO - 2024-10-08 15:20:20 --> Model "Mconfigkey" initialized
INFO - 2024-10-08 15:20:20 --> Model "Msync_doc_aw" initialized
INFO - 2024-10-08 15:20:21 --> Final output sent to browser
DEBUG - 2024-10-08 15:20:21 --> Total execution time: 0.8711
INFO - 2024-10-08 15:20:21 --> Config Class Initialized
INFO - 2024-10-08 15:20:21 --> Hooks Class Initialized
DEBUG - 2024-10-08 15:20:21 --> UTF-8 Support Enabled
INFO - 2024-10-08 15:20:21 --> Utf8 Class Initialized
INFO - 2024-10-08 15:20:21 --> URI Class Initialized
INFO - 2024-10-08 15:20:21 --> Router Class Initialized
INFO - 2024-10-08 15:20:21 --> Output Class Initialized
INFO - 2024-10-08 15:20:21 --> Security Class Initialized
DEBUG - 2024-10-08 15:20:21 --> Global POST, GET and COOKIE data sanitized
INFO - 2024-10-08 15:20:21 --> Input Class Initialized
INFO - 2024-10-08 15:20:21 --> Language Class Initialized
INFO - 2024-10-08 15:20:21 --> Loader Class Initialized
INFO - 2024-10-08 15:20:21 --> Helper loaded: url_helper
INFO - 2024-10-08 15:20:21 --> Database Driver Class Initialized
INFO - 2024-10-08 15:20:21 --> Controller Class Initialized
INFO - 2024-10-08 15:20:21 --> Model "Mconfigkey" initialized
INFO - 2024-10-08 15:20:21 --> Model "Msync_doc_aw" initialized
INFO - 2024-10-08 15:20:21 --> Final output sent to browser
DEBUG - 2024-10-08 15:20:21 --> Total execution time: 0.1768
INFO - 2024-10-08 15:21:14 --> Config Class Initialized
INFO - 2024-10-08 15:21:14 --> Hooks Class Initialized
DEBUG - 2024-10-08 15:21:14 --> UTF-8 Support Enabled
INFO - 2024-10-08 15:21:14 --> Utf8 Class Initialized
INFO - 2024-10-08 15:21:14 --> URI Class Initialized
INFO - 2024-10-08 15:21:14 --> Router Class Initialized
INFO - 2024-10-08 15:21:14 --> Output Class Initialized
INFO - 2024-10-08 15:21:14 --> Security Class Initialized
DEBUG - 2024-10-08 15:21:14 --> Global POST, GET and COOKIE data sanitized
INFO - 2024-10-08 15:21:14 --> Input Class Initialized
INFO - 2024-10-08 15:21:14 --> Language Class Initialized
INFO - 2024-10-08 15:21:14 --> Loader Class Initialized
INFO - 2024-10-08 15:21:14 --> Helper loaded: url_helper
INFO - 2024-10-08 15:21:14 --> Database Driver Class Initialized
INFO - 2024-10-08 15:21:14 --> Controller Class Initialized
INFO - 2024-10-08 15:21:14 --> Model "Mconfigkey" initialized
INFO - 2024-10-08 15:21:14 --> Model "Msync_doc_aw" initialized
INFO - 2024-10-08 15:21:14 --> Final output sent to browser
DEBUG - 2024-10-08 15:21:14 --> Total execution time: 0.0554
INFO - 2024-10-08 15:21:23 --> Config Class Initialized
INFO - 2024-10-08 15:21:23 --> Hooks Class Initialized
DEBUG - 2024-10-08 15:21:23 --> UTF-8 Support Enabled
INFO - 2024-10-08 15:21:23 --> Utf8 Class Initialized
INFO - 2024-10-08 15:21:23 --> URI Class Initialized
INFO - 2024-10-08 15:21:23 --> Router Class Initialized
INFO - 2024-10-08 15:21:23 --> Output Class Initialized
INFO - 2024-10-08 15:21:23 --> Security Class Initialized
DEBUG - 2024-10-08 15:21:23 --> Global POST, GET and COOKIE data sanitized
INFO - 2024-10-08 15:21:23 --> Input Class Initialized
INFO - 2024-10-08 15:21:23 --> Language Class Initialized
INFO - 2024-10-08 15:21:23 --> Loader Class Initialized
INFO - 2024-10-08 15:21:23 --> Helper loaded: url_helper
INFO - 2024-10-08 15:21:23 --> Database Driver Class Initialized
INFO - 2024-10-08 15:21:23 --> Controller Class Initialized
INFO - 2024-10-08 15:21:23 --> Model "Mconfigkey" initialized
INFO - 2024-10-08 15:21:23 --> Model "Mportal_data" initialized
INFO - 2024-10-08 15:21:23 --> Final output sent to browser
DEBUG - 2024-10-08 15:21:23 --> Total execution time: 0.0702
INFO - 2024-10-08 15:21:43 --> Config Class Initialized
INFO - 2024-10-08 15:21:43 --> Hooks Class Initialized
DEBUG - 2024-10-08 15:21:43 --> UTF-8 Support Enabled
INFO - 2024-10-08 15:21:43 --> Utf8 Class Initialized
INFO - 2024-10-08 15:21:43 --> URI Class Initialized
INFO - 2024-10-08 15:21:43 --> Router Class Initialized
INFO - 2024-10-08 15:21:43 --> Output Class Initialized
INFO - 2024-10-08 15:21:43 --> Security Class Initialized
DEBUG - 2024-10-08 15:21:43 --> Global POST, GET and COOKIE data sanitized
INFO - 2024-10-08 15:21:43 --> Input Class Initialized
INFO - 2024-10-08 15:21:43 --> Language Class Initialized
INFO - 2024-10-08 15:21:43 --> Loader Class Initialized
INFO - 2024-10-08 15:21:43 --> Helper loaded: url_helper
INFO - 2024-10-08 15:21:43 --> Database Driver Class Initialized
INFO - 2024-10-08 15:21:43 --> Controller Class Initialized
INFO - 2024-10-08 15:21:43 --> Model "Mconfigkey" initialized
INFO - 2024-10-08 15:21:43 --> Model "Mgoods_racking" initialized
INFO - 2024-10-08 15:21:43 --> Final output sent to browser
DEBUG - 2024-10-08 15:21:43 --> Total execution time: 0.0440
INFO - 2024-10-08 15:22:08 --> Config Class Initialized
INFO - 2024-10-08 15:22:08 --> Hooks Class Initialized
DEBUG - 2024-10-08 15:22:08 --> UTF-8 Support Enabled
INFO - 2024-10-08 15:22:08 --> Utf8 Class Initialized
INFO - 2024-10-08 15:22:08 --> URI Class Initialized
INFO - 2024-10-08 15:22:08 --> Router Class Initialized
INFO - 2024-10-08 15:22:08 --> Output Class Initialized
INFO - 2024-10-08 15:22:08 --> Security Class Initialized
DEBUG - 2024-10-08 15:22:08 --> Global POST, GET and COOKIE data sanitized
INFO - 2024-10-08 15:22:08 --> Input Class Initialized
INFO - 2024-10-08 15:22:08 --> Language Class Initialized
INFO - 2024-10-08 15:22:08 --> Loader Class Initialized
INFO - 2024-10-08 15:22:08 --> Helper loaded: url_helper
INFO - 2024-10-08 15:22:08 --> Database Driver Class Initialized
INFO - 2024-10-08 15:22:08 --> Controller Class Initialized
INFO - 2024-10-08 15:22:08 --> Model "Mconfigkey" initialized
INFO - 2024-10-08 15:22:08 --> Model "Mgoods_racking" initialized
ERROR - 2024-10-08 15:22:08 --> Query error: [Microsoft][ODBC Driver 18 for SQL Server][SQL Server]  - Invalid query: EXEC SP_PUTAWAY_WMS
            
            @VPUTAWAY_DATE='2024-10-08',
            @VUSERNAME='seiwa',
            @VMODULES='AUTO', 

            @VORDERBY = ' ORDER BY TR_STOCK_TRANS.LOT_NO DESC ', 
            @OFFSET = '0',
            @FETCH_SIZE = '50', 
            @FILTER = '' 


            
INFO - 2024-10-08 15:22:08 --> Language file loaded: language/english/db_lang.php
INFO - 2024-10-08 15:22:20 --> Config Class Initialized
INFO - 2024-10-08 15:22:20 --> Hooks Class Initialized
DEBUG - 2024-10-08 15:22:20 --> UTF-8 Support Enabled
INFO - 2024-10-08 15:22:20 --> Utf8 Class Initialized
INFO - 2024-10-08 15:22:20 --> URI Class Initialized
INFO - 2024-10-08 15:22:20 --> Router Class Initialized
INFO - 2024-10-08 15:22:20 --> Output Class Initialized
INFO - 2024-10-08 15:22:20 --> Security Class Initialized
DEBUG - 2024-10-08 15:22:20 --> Global POST, GET and COOKIE data sanitized
INFO - 2024-10-08 15:22:20 --> Input Class Initialized
INFO - 2024-10-08 15:22:20 --> Language Class Initialized
INFO - 2024-10-08 15:22:20 --> Loader Class Initialized
INFO - 2024-10-08 15:22:20 --> Helper loaded: url_helper
INFO - 2024-10-08 15:22:20 --> Database Driver Class Initialized
INFO - 2024-10-08 15:22:20 --> Controller Class Initialized
INFO - 2024-10-08 15:22:20 --> Model "Mconfigkey" initialized
INFO - 2024-10-08 15:22:20 --> Model "Mgoods_racking" initialized
INFO - 2024-10-08 15:22:20 --> Final output sent to browser
DEBUG - 2024-10-08 15:22:20 --> Total execution time: 0.0625
INFO - 2024-10-08 15:22:34 --> Config Class Initialized
INFO - 2024-10-08 15:22:34 --> Hooks Class Initialized
DEBUG - 2024-10-08 15:22:34 --> UTF-8 Support Enabled
INFO - 2024-10-08 15:22:34 --> Utf8 Class Initialized
INFO - 2024-10-08 15:22:34 --> URI Class Initialized
INFO - 2024-10-08 15:22:34 --> Router Class Initialized
INFO - 2024-10-08 15:22:34 --> Output Class Initialized
INFO - 2024-10-08 15:22:34 --> Security Class Initialized
DEBUG - 2024-10-08 15:22:34 --> Global POST, GET and COOKIE data sanitized
INFO - 2024-10-08 15:22:34 --> Input Class Initialized
INFO - 2024-10-08 15:22:34 --> Language Class Initialized
INFO - 2024-10-08 15:22:34 --> Loader Class Initialized
INFO - 2024-10-08 15:22:34 --> Helper loaded: url_helper
INFO - 2024-10-08 15:22:34 --> Database Driver Class Initialized
INFO - 2024-10-08 15:22:34 --> Controller Class Initialized
INFO - 2024-10-08 15:22:34 --> Model "Mconfigkey" initialized
INFO - 2024-10-08 15:22:34 --> Model "Mgoods_racking" initialized
ERROR - 2024-10-08 15:22:34 --> Query error: [Microsoft][ODBC Driver 18 for SQL Server][SQL Server]  - Invalid query: EXEC SP_PUTAWAY_WMS
            
            @VPUTAWAY_DATE='2024-10-08',
            @VUSERNAME='seiwa',
            @VMODULES='AUTO', 

            @VORDERBY = ' ORDER BY TR_STOCK_TRANS.LOT_NO DESC ', 
            @OFFSET = '0',
            @FETCH_SIZE = '50', 
            @FILTER = '' 


            
INFO - 2024-10-08 15:22:34 --> Language file loaded: language/english/db_lang.php
INFO - 2024-10-08 15:22:46 --> Config Class Initialized
INFO - 2024-10-08 15:22:46 --> Hooks Class Initialized
DEBUG - 2024-10-08 15:22:46 --> UTF-8 Support Enabled
INFO - 2024-10-08 15:22:46 --> Utf8 Class Initialized
INFO - 2024-10-08 15:22:46 --> URI Class Initialized
INFO - 2024-10-08 15:22:46 --> Router Class Initialized
INFO - 2024-10-08 15:22:46 --> Output Class Initialized
INFO - 2024-10-08 15:22:46 --> Security Class Initialized
DEBUG - 2024-10-08 15:22:46 --> Global POST, GET and COOKIE data sanitized
INFO - 2024-10-08 15:22:46 --> Input Class Initialized
INFO - 2024-10-08 15:22:46 --> Language Class Initialized
INFO - 2024-10-08 15:22:46 --> Loader Class Initialized
INFO - 2024-10-08 15:22:46 --> Helper loaded: url_helper
INFO - 2024-10-08 15:22:46 --> Database Driver Class Initialized
INFO - 2024-10-08 15:22:46 --> Controller Class Initialized
INFO - 2024-10-08 15:22:46 --> Model "Mconfigkey" initialized
INFO - 2024-10-08 15:22:46 --> Model "Mgoods_racking" initialized
INFO - 2024-10-08 15:22:46 --> Final output sent to browser
DEBUG - 2024-10-08 15:22:46 --> Total execution time: 0.0676
INFO - 2024-10-08 15:23:00 --> Config Class Initialized
INFO - 2024-10-08 15:23:00 --> Hooks Class Initialized
DEBUG - 2024-10-08 15:23:00 --> UTF-8 Support Enabled
INFO - 2024-10-08 15:23:00 --> Utf8 Class Initialized
INFO - 2024-10-08 15:23:00 --> URI Class Initialized
INFO - 2024-10-08 15:23:00 --> Router Class Initialized
INFO - 2024-10-08 15:23:00 --> Output Class Initialized
INFO - 2024-10-08 15:23:00 --> Security Class Initialized
DEBUG - 2024-10-08 15:23:00 --> Global POST, GET and COOKIE data sanitized
INFO - 2024-10-08 15:23:00 --> Input Class Initialized
INFO - 2024-10-08 15:23:00 --> Language Class Initialized
INFO - 2024-10-08 15:23:00 --> Loader Class Initialized
INFO - 2024-10-08 15:23:00 --> Helper loaded: url_helper
INFO - 2024-10-08 15:23:00 --> Database Driver Class Initialized
INFO - 2024-10-08 15:23:00 --> Controller Class Initialized
INFO - 2024-10-08 15:23:00 --> Model "Mconfigkey" initialized
INFO - 2024-10-08 15:23:00 --> Model "Mext_rpt_stock_card" initialized
INFO - 2024-10-08 15:23:00 --> Final output sent to browser
DEBUG - 2024-10-08 15:23:00 --> Total execution time: 0.1669
INFO - 2024-10-08 15:24:10 --> Config Class Initialized
INFO - 2024-10-08 15:24:10 --> Hooks Class Initialized
DEBUG - 2024-10-08 15:24:10 --> UTF-8 Support Enabled
INFO - 2024-10-08 15:24:10 --> Utf8 Class Initialized
INFO - 2024-10-08 15:24:10 --> URI Class Initialized
INFO - 2024-10-08 15:24:10 --> Router Class Initialized
INFO - 2024-10-08 15:24:10 --> Output Class Initialized
INFO - 2024-10-08 15:24:10 --> Security Class Initialized
DEBUG - 2024-10-08 15:24:10 --> Global POST, GET and COOKIE data sanitized
INFO - 2024-10-08 15:24:10 --> Input Class Initialized
INFO - 2024-10-08 15:24:10 --> Language Class Initialized
INFO - 2024-10-08 15:24:10 --> Loader Class Initialized
INFO - 2024-10-08 15:24:10 --> Helper loaded: url_helper
INFO - 2024-10-08 15:24:10 --> Database Driver Class Initialized
INFO - 2024-10-08 15:24:10 --> Controller Class Initialized
INFO - 2024-10-08 15:24:10 --> Model "Mconfigkey" initialized
INFO - 2024-10-08 15:24:10 --> Model "Mgoods_racking" initialized
INFO - 2024-10-08 15:24:10 --> Final output sent to browser
DEBUG - 2024-10-08 15:24:10 --> Total execution time: 0.0318
INFO - 2024-10-08 15:24:29 --> Config Class Initialized
INFO - 2024-10-08 15:24:29 --> Hooks Class Initialized
DEBUG - 2024-10-08 15:24:29 --> UTF-8 Support Enabled
INFO - 2024-10-08 15:24:29 --> Utf8 Class Initialized
INFO - 2024-10-08 15:24:29 --> URI Class Initialized
INFO - 2024-10-08 15:24:29 --> Router Class Initialized
INFO - 2024-10-08 15:24:29 --> Output Class Initialized
INFO - 2024-10-08 15:24:29 --> Security Class Initialized
DEBUG - 2024-10-08 15:24:29 --> Global POST, GET and COOKIE data sanitized
INFO - 2024-10-08 15:24:29 --> Input Class Initialized
INFO - 2024-10-08 15:24:29 --> Language Class Initialized
INFO - 2024-10-08 15:24:29 --> Loader Class Initialized
INFO - 2024-10-08 15:24:29 --> Helper loaded: url_helper
INFO - 2024-10-08 15:24:29 --> Database Driver Class Initialized
INFO - 2024-10-08 15:24:29 --> Controller Class Initialized
INFO - 2024-10-08 15:24:29 --> Model "Mconfigkey" initialized
INFO - 2024-10-08 15:24:29 --> Final output sent to browser
DEBUG - 2024-10-08 15:24:29 --> Total execution time: 0.0189
INFO - 2024-10-08 15:24:34 --> Config Class Initialized
INFO - 2024-10-08 15:24:34 --> Hooks Class Initialized
DEBUG - 2024-10-08 15:24:34 --> UTF-8 Support Enabled
INFO - 2024-10-08 15:24:34 --> Utf8 Class Initialized
INFO - 2024-10-08 15:24:34 --> URI Class Initialized
INFO - 2024-10-08 15:24:34 --> Router Class Initialized
INFO - 2024-10-08 15:24:34 --> Output Class Initialized
INFO - 2024-10-08 15:24:34 --> Security Class Initialized
DEBUG - 2024-10-08 15:24:34 --> Global POST, GET and COOKIE data sanitized
INFO - 2024-10-08 15:24:34 --> Input Class Initialized
INFO - 2024-10-08 15:24:34 --> Language Class Initialized
INFO - 2024-10-08 15:24:34 --> Loader Class Initialized
INFO - 2024-10-08 15:24:34 --> Helper loaded: url_helper
INFO - 2024-10-08 15:24:34 --> Database Driver Class Initialized
INFO - 2024-10-08 15:24:34 --> Controller Class Initialized
INFO - 2024-10-08 15:24:34 --> Model "Mconfigkey" initialized
INFO - 2024-10-08 15:24:34 --> Model "Msync_doc_aw" initialized
INFO - 2024-10-08 15:24:34 --> Final output sent to browser
DEBUG - 2024-10-08 15:24:34 --> Total execution time: 0.0568
INFO - 2024-10-08 16:07:20 --> Config Class Initialized
INFO - 2024-10-08 16:07:20 --> Hooks Class Initialized
DEBUG - 2024-10-08 16:07:20 --> UTF-8 Support Enabled
INFO - 2024-10-08 16:07:20 --> Utf8 Class Initialized
INFO - 2024-10-08 16:07:20 --> URI Class Initialized
INFO - 2024-10-08 16:07:20 --> Router Class Initialized
INFO - 2024-10-08 16:07:20 --> Output Class Initialized
INFO - 2024-10-08 16:07:20 --> Security Class Initialized
DEBUG - 2024-10-08 16:07:20 --> Global POST, GET and COOKIE data sanitized
INFO - 2024-10-08 16:07:20 --> Input Class Initialized
INFO - 2024-10-08 16:07:20 --> Language Class Initialized
INFO - 2024-10-08 16:07:20 --> Loader Class Initialized
INFO - 2024-10-08 16:07:20 --> Helper loaded: url_helper
INFO - 2024-10-08 16:07:20 --> Database Driver Class Initialized
INFO - 2024-10-08 16:07:20 --> Controller Class Initialized
INFO - 2024-10-08 16:07:20 --> Model "Mconfigkey" initialized
INFO - 2024-10-08 16:07:20 --> Final output sent to browser
DEBUG - 2024-10-08 16:07:20 --> Total execution time: 0.0201
INFO - 2024-10-08 19:55:59 --> Config Class Initialized
INFO - 2024-10-08 19:55:59 --> Hooks Class Initialized
DEBUG - 2024-10-08 19:55:59 --> UTF-8 Support Enabled
INFO - 2024-10-08 19:55:59 --> Utf8 Class Initialized
INFO - 2024-10-08 19:55:59 --> URI Class Initialized
INFO - 2024-10-08 19:55:59 --> Router Class Initialized
INFO - 2024-10-08 19:55:59 --> Output Class Initialized
INFO - 2024-10-08 19:55:59 --> Security Class Initialized
DEBUG - 2024-10-08 19:55:59 --> Global POST, GET and COOKIE data sanitized
INFO - 2024-10-08 19:55:59 --> Input Class Initialized
INFO - 2024-10-08 19:55:59 --> Language Class Initialized
INFO - 2024-10-08 19:55:59 --> Loader Class Initialized
INFO - 2024-10-08 19:55:59 --> Helper loaded: url_helper
INFO - 2024-10-08 19:55:59 --> Database Driver Class Initialized
INFO - 2024-10-08 19:55:59 --> Controller Class Initialized
INFO - 2024-10-08 19:55:59 --> Model "Mconfigkey" initialized
INFO - 2024-10-08 19:55:59 --> Final output sent to browser
DEBUG - 2024-10-08 19:55:59 --> Total execution time: 0.0225
INFO - 2024-10-08 19:56:04 --> Config Class Initialized
INFO - 2024-10-08 19:56:04 --> Hooks Class Initialized
DEBUG - 2024-10-08 19:56:04 --> UTF-8 Support Enabled
INFO - 2024-10-08 19:56:04 --> Utf8 Class Initialized
INFO - 2024-10-08 19:56:04 --> URI Class Initialized
INFO - 2024-10-08 19:56:04 --> Router Class Initialized
INFO - 2024-10-08 19:56:04 --> Output Class Initialized
INFO - 2024-10-08 19:56:04 --> Security Class Initialized
DEBUG - 2024-10-08 19:56:04 --> Global POST, GET and COOKIE data sanitized
INFO - 2024-10-08 19:56:04 --> Input Class Initialized
INFO - 2024-10-08 19:56:04 --> Language Class Initialized
INFO - 2024-10-08 19:56:04 --> Loader Class Initialized
INFO - 2024-10-08 19:56:04 --> Helper loaded: url_helper
INFO - 2024-10-08 19:56:04 --> Database Driver Class Initialized
INFO - 2024-10-08 19:56:04 --> Controller Class Initialized
INFO - 2024-10-08 19:56:04 --> Model "Mauth" initialized
INFO - 2024-10-08 19:56:04 --> Model "Mconfigkey" initialized
INFO - 2024-10-08 19:56:04 --> Final output sent to browser
DEBUG - 2024-10-08 19:56:04 --> Total execution time: 0.0251
INFO - 2024-10-08 19:56:09 --> Config Class Initialized
INFO - 2024-10-08 19:56:09 --> Hooks Class Initialized
DEBUG - 2024-10-08 19:56:09 --> UTF-8 Support Enabled
INFO - 2024-10-08 19:56:09 --> Utf8 Class Initialized
INFO - 2024-10-08 19:56:09 --> URI Class Initialized
INFO - 2024-10-08 19:56:09 --> Router Class Initialized
INFO - 2024-10-08 19:56:09 --> Output Class Initialized
INFO - 2024-10-08 19:56:09 --> Security Class Initialized
DEBUG - 2024-10-08 19:56:09 --> Global POST, GET and COOKIE data sanitized
INFO - 2024-10-08 19:56:09 --> Input Class Initialized
INFO - 2024-10-08 19:56:09 --> Language Class Initialized
INFO - 2024-10-08 19:56:09 --> Loader Class Initialized
INFO - 2024-10-08 19:56:09 --> Helper loaded: url_helper
INFO - 2024-10-08 19:56:09 --> Database Driver Class Initialized
INFO - 2024-10-08 19:56:09 --> Controller Class Initialized
INFO - 2024-10-08 19:56:09 --> Model "Mconfigkey" initialized
INFO - 2024-10-08 19:56:09 --> Model "Mportal_data" initialized
INFO - 2024-10-08 19:56:09 --> Final output sent to browser
DEBUG - 2024-10-08 19:56:09 --> Total execution time: 0.0276
INFO - 2024-10-08 19:56:10 --> Config Class Initialized
INFO - 2024-10-08 19:56:10 --> Hooks Class Initialized
DEBUG - 2024-10-08 19:56:10 --> UTF-8 Support Enabled
INFO - 2024-10-08 19:56:10 --> Utf8 Class Initialized
INFO - 2024-10-08 19:56:10 --> URI Class Initialized
INFO - 2024-10-08 19:56:10 --> Router Class Initialized
INFO - 2024-10-08 19:56:10 --> Output Class Initialized
INFO - 2024-10-08 19:56:10 --> Security Class Initialized
DEBUG - 2024-10-08 19:56:10 --> Global POST, GET and COOKIE data sanitized
INFO - 2024-10-08 19:56:10 --> Input Class Initialized
INFO - 2024-10-08 19:56:10 --> Language Class Initialized
INFO - 2024-10-08 19:56:10 --> Loader Class Initialized
INFO - 2024-10-08 19:56:10 --> Helper loaded: url_helper
INFO - 2024-10-08 19:56:10 --> Database Driver Class Initialized
INFO - 2024-10-08 19:56:10 --> Controller Class Initialized
INFO - 2024-10-08 19:56:10 --> Model "Mconfigkey" initialized
INFO - 2024-10-08 19:56:10 --> Model "Msync_delivery_instruction" initialized
INFO - 2024-10-08 19:56:10 --> Final output sent to browser
DEBUG - 2024-10-08 19:56:10 --> Total execution time: 0.0296
INFO - 2024-10-08 19:56:14 --> Config Class Initialized
INFO - 2024-10-08 19:56:14 --> Hooks Class Initialized
DEBUG - 2024-10-08 19:56:14 --> UTF-8 Support Enabled
INFO - 2024-10-08 19:56:14 --> Utf8 Class Initialized
INFO - 2024-10-08 19:56:14 --> URI Class Initialized
INFO - 2024-10-08 19:56:14 --> Router Class Initialized
INFO - 2024-10-08 19:56:14 --> Output Class Initialized
INFO - 2024-10-08 19:56:14 --> Security Class Initialized
DEBUG - 2024-10-08 19:56:14 --> Global POST, GET and COOKIE data sanitized
INFO - 2024-10-08 19:56:14 --> Input Class Initialized
INFO - 2024-10-08 19:56:14 --> Language Class Initialized
INFO - 2024-10-08 19:56:14 --> Loader Class Initialized
INFO - 2024-10-08 19:56:14 --> Helper loaded: url_helper
INFO - 2024-10-08 19:56:14 --> Database Driver Class Initialized
INFO - 2024-10-08 19:56:14 --> Controller Class Initialized
INFO - 2024-10-08 19:56:14 --> Model "Mconfigkey" initialized
INFO - 2024-10-08 19:56:14 --> Model "Msync_delivery_instruction" initialized
INFO - 2024-10-08 19:56:14 --> Final output sent to browser
DEBUG - 2024-10-08 19:56:14 --> Total execution time: 0.0222
INFO - 2024-10-08 19:56:41 --> Config Class Initialized
INFO - 2024-10-08 19:56:41 --> Hooks Class Initialized
DEBUG - 2024-10-08 19:56:41 --> UTF-8 Support Enabled
INFO - 2024-10-08 19:56:41 --> Utf8 Class Initialized
INFO - 2024-10-08 19:56:41 --> URI Class Initialized
INFO - 2024-10-08 19:56:41 --> Router Class Initialized
INFO - 2024-10-08 19:56:41 --> Output Class Initialized
INFO - 2024-10-08 19:56:41 --> Security Class Initialized
DEBUG - 2024-10-08 19:56:41 --> Global POST, GET and COOKIE data sanitized
INFO - 2024-10-08 19:56:41 --> Input Class Initialized
INFO - 2024-10-08 19:56:41 --> Language Class Initialized
INFO - 2024-10-08 19:56:41 --> Loader Class Initialized
INFO - 2024-10-08 19:56:41 --> Helper loaded: url_helper
INFO - 2024-10-08 19:56:41 --> Database Driver Class Initialized
INFO - 2024-10-08 19:56:41 --> Controller Class Initialized
INFO - 2024-10-08 19:56:41 --> Model "Mconfigkey" initialized
INFO - 2024-10-08 19:56:41 --> Model "Msync_delivery_instruction" initialized
INFO - 2024-10-08 19:56:41 --> Final output sent to browser
DEBUG - 2024-10-08 19:56:41 --> Total execution time: 0.0254
INFO - 2024-10-08 19:56:43 --> Config Class Initialized
INFO - 2024-10-08 19:56:43 --> Hooks Class Initialized
DEBUG - 2024-10-08 19:56:43 --> UTF-8 Support Enabled
INFO - 2024-10-08 19:56:43 --> Utf8 Class Initialized
INFO - 2024-10-08 19:56:43 --> URI Class Initialized
INFO - 2024-10-08 19:56:43 --> Router Class Initialized
INFO - 2024-10-08 19:56:43 --> Output Class Initialized
INFO - 2024-10-08 19:56:43 --> Security Class Initialized
DEBUG - 2024-10-08 19:56:43 --> Global POST, GET and COOKIE data sanitized
INFO - 2024-10-08 19:56:43 --> Input Class Initialized
INFO - 2024-10-08 19:56:43 --> Language Class Initialized
INFO - 2024-10-08 19:56:43 --> Loader Class Initialized
INFO - 2024-10-08 19:56:43 --> Helper loaded: url_helper
INFO - 2024-10-08 19:56:43 --> Database Driver Class Initialized
INFO - 2024-10-08 19:56:43 --> Controller Class Initialized
INFO - 2024-10-08 19:56:43 --> Model "Mconfigkey" initialized
INFO - 2024-10-08 19:56:43 --> Model "Msync_delivery_instruction" initialized
INFO - 2024-10-08 19:56:43 --> Final output sent to browser
DEBUG - 2024-10-08 19:56:43 --> Total execution time: 0.0622
INFO - 2024-10-08 19:56:58 --> Config Class Initialized
INFO - 2024-10-08 19:56:58 --> Hooks Class Initialized
DEBUG - 2024-10-08 19:56:58 --> UTF-8 Support Enabled
INFO - 2024-10-08 19:56:58 --> Utf8 Class Initialized
INFO - 2024-10-08 19:56:58 --> URI Class Initialized
INFO - 2024-10-08 19:56:58 --> Router Class Initialized
INFO - 2024-10-08 19:56:58 --> Output Class Initialized
INFO - 2024-10-08 19:56:58 --> Security Class Initialized
DEBUG - 2024-10-08 19:56:58 --> Global POST, GET and COOKIE data sanitized
INFO - 2024-10-08 19:56:58 --> Input Class Initialized
INFO - 2024-10-08 19:56:58 --> Language Class Initialized
INFO - 2024-10-08 19:56:58 --> Loader Class Initialized
INFO - 2024-10-08 19:56:58 --> Helper loaded: url_helper
INFO - 2024-10-08 19:56:58 --> Database Driver Class Initialized
INFO - 2024-10-08 19:56:58 --> Controller Class Initialized
INFO - 2024-10-08 19:56:58 --> Model "Mconfigkey" initialized
INFO - 2024-10-08 19:56:58 --> Model "Msync_delivery_instruction" initialized
INFO - 2024-10-08 19:56:58 --> Final output sent to browser
DEBUG - 2024-10-08 19:56:58 --> Total execution time: 0.0736
INFO - 2024-10-08 20:20:24 --> Config Class Initialized
INFO - 2024-10-08 20:20:24 --> Hooks Class Initialized
DEBUG - 2024-10-08 20:20:24 --> UTF-8 Support Enabled
INFO - 2024-10-08 20:20:24 --> Utf8 Class Initialized
INFO - 2024-10-08 20:20:24 --> URI Class Initialized
INFO - 2024-10-08 20:20:24 --> Router Class Initialized
INFO - 2024-10-08 20:20:24 --> Output Class Initialized
INFO - 2024-10-08 20:20:24 --> Security Class Initialized
DEBUG - 2024-10-08 20:20:24 --> Global POST, GET and COOKIE data sanitized
INFO - 2024-10-08 20:20:24 --> Input Class Initialized
INFO - 2024-10-08 20:20:24 --> Language Class Initialized
INFO - 2024-10-08 20:20:24 --> Loader Class Initialized
INFO - 2024-10-08 20:20:24 --> Helper loaded: url_helper
INFO - 2024-10-08 20:20:24 --> Database Driver Class Initialized
INFO - 2024-10-08 20:20:24 --> Controller Class Initialized
INFO - 2024-10-08 20:20:24 --> Model "Mconfigkey" initialized
INFO - 2024-10-08 20:20:24 --> Final output sent to browser
DEBUG - 2024-10-08 20:20:24 --> Total execution time: 0.0231
INFO - 2024-10-08 20:20:44 --> Config Class Initialized
INFO - 2024-10-08 20:20:44 --> Hooks Class Initialized
DEBUG - 2024-10-08 20:20:44 --> UTF-8 Support Enabled
INFO - 2024-10-08 20:20:44 --> Utf8 Class Initialized
INFO - 2024-10-08 20:20:44 --> URI Class Initialized
INFO - 2024-10-08 20:20:44 --> Router Class Initialized
INFO - 2024-10-08 20:20:44 --> Output Class Initialized
INFO - 2024-10-08 20:20:44 --> Security Class Initialized
DEBUG - 2024-10-08 20:20:44 --> Global POST, GET and COOKIE data sanitized
INFO - 2024-10-08 20:20:44 --> Input Class Initialized
INFO - 2024-10-08 20:20:44 --> Language Class Initialized
INFO - 2024-10-08 20:20:44 --> Loader Class Initialized
INFO - 2024-10-08 20:20:44 --> Helper loaded: url_helper
INFO - 2024-10-08 20:20:44 --> Database Driver Class Initialized
INFO - 2024-10-08 20:20:44 --> Controller Class Initialized
INFO - 2024-10-08 20:20:44 --> Model "Mconfigkey" initialized
INFO - 2024-10-08 20:20:44 --> Model "Msync_delivery_instruction" initialized
INFO - 2024-10-08 20:20:44 --> Final output sent to browser
DEBUG - 2024-10-08 20:20:44 --> Total execution time: 0.0209
INFO - 2024-10-08 20:58:47 --> Config Class Initialized
INFO - 2024-10-08 20:58:47 --> Hooks Class Initialized
DEBUG - 2024-10-08 20:58:47 --> UTF-8 Support Enabled
INFO - 2024-10-08 20:58:47 --> Utf8 Class Initialized
INFO - 2024-10-08 20:58:47 --> URI Class Initialized
INFO - 2024-10-08 20:58:47 --> Router Class Initialized
INFO - 2024-10-08 20:58:47 --> Output Class Initialized
INFO - 2024-10-08 20:58:47 --> Security Class Initialized
DEBUG - 2024-10-08 20:58:47 --> Global POST, GET and COOKIE data sanitized
INFO - 2024-10-08 20:58:47 --> Input Class Initialized
INFO - 2024-10-08 20:58:47 --> Language Class Initialized
INFO - 2024-10-08 20:58:47 --> Loader Class Initialized
INFO - 2024-10-08 20:58:47 --> Helper loaded: url_helper
INFO - 2024-10-08 20:58:47 --> Database Driver Class Initialized
INFO - 2024-10-08 20:58:47 --> Controller Class Initialized
INFO - 2024-10-08 20:58:47 --> Model "Mconfigkey" initialized
INFO - 2024-10-08 20:58:47 --> Model "Mportal_data" initialized
INFO - 2024-10-08 20:58:47 --> Final output sent to browser
DEBUG - 2024-10-08 20:58:47 --> Total execution time: 0.0332
INFO - 2024-10-08 20:58:50 --> Config Class Initialized
INFO - 2024-10-08 20:58:50 --> Hooks Class Initialized
DEBUG - 2024-10-08 20:58:50 --> UTF-8 Support Enabled
INFO - 2024-10-08 20:58:50 --> Utf8 Class Initialized
INFO - 2024-10-08 20:58:50 --> URI Class Initialized
INFO - 2024-10-08 20:58:50 --> Router Class Initialized
INFO - 2024-10-08 20:58:50 --> Output Class Initialized
INFO - 2024-10-08 20:58:50 --> Security Class Initialized
DEBUG - 2024-10-08 20:58:50 --> Global POST, GET and COOKIE data sanitized
INFO - 2024-10-08 20:58:50 --> Input Class Initialized
INFO - 2024-10-08 20:58:50 --> Language Class Initialized
INFO - 2024-10-08 20:58:50 --> Loader Class Initialized
INFO - 2024-10-08 20:58:50 --> Helper loaded: url_helper
INFO - 2024-10-08 20:58:50 --> Database Driver Class Initialized
INFO - 2024-10-08 20:58:50 --> Controller Class Initialized
INFO - 2024-10-08 20:58:50 --> Model "Mconfigkey" initialized
INFO - 2024-10-08 20:58:50 --> Model "Mgoods_delivery" initialized
INFO - 2024-10-08 20:58:50 --> Final output sent to browser
DEBUG - 2024-10-08 20:58:50 --> Total execution time: 0.0289
INFO - 2024-10-08 20:58:51 --> Config Class Initialized
INFO - 2024-10-08 20:58:51 --> Hooks Class Initialized
DEBUG - 2024-10-08 20:58:51 --> UTF-8 Support Enabled
INFO - 2024-10-08 20:58:51 --> Utf8 Class Initialized
INFO - 2024-10-08 20:58:51 --> URI Class Initialized
INFO - 2024-10-08 20:58:51 --> Router Class Initialized
INFO - 2024-10-08 20:58:51 --> Output Class Initialized
INFO - 2024-10-08 20:58:51 --> Security Class Initialized
DEBUG - 2024-10-08 20:58:51 --> Global POST, GET and COOKIE data sanitized
INFO - 2024-10-08 20:58:51 --> Input Class Initialized
INFO - 2024-10-08 20:58:51 --> Language Class Initialized
INFO - 2024-10-08 20:58:51 --> Loader Class Initialized
INFO - 2024-10-08 20:58:51 --> Helper loaded: url_helper
INFO - 2024-10-08 20:58:51 --> Database Driver Class Initialized
INFO - 2024-10-08 20:58:51 --> Controller Class Initialized
INFO - 2024-10-08 20:58:51 --> Model "Mconfigkey" initialized
INFO - 2024-10-08 20:58:51 --> Model "Mgoods_delivery" initialized
INFO - 2024-10-08 20:58:51 --> Final output sent to browser
DEBUG - 2024-10-08 20:58:51 --> Total execution time: 0.0197
INFO - 2024-10-08 21:13:12 --> Config Class Initialized
INFO - 2024-10-08 21:13:12 --> Hooks Class Initialized
DEBUG - 2024-10-08 21:13:12 --> UTF-8 Support Enabled
INFO - 2024-10-08 21:13:12 --> Utf8 Class Initialized
INFO - 2024-10-08 21:13:12 --> URI Class Initialized
INFO - 2024-10-08 21:13:12 --> Router Class Initialized
INFO - 2024-10-08 21:13:12 --> Output Class Initialized
INFO - 2024-10-08 21:13:12 --> Security Class Initialized
DEBUG - 2024-10-08 21:13:12 --> Global POST, GET and COOKIE data sanitized
INFO - 2024-10-08 21:13:12 --> Input Class Initialized
INFO - 2024-10-08 21:13:12 --> Language Class Initialized
INFO - 2024-10-08 21:13:12 --> Loader Class Initialized
INFO - 2024-10-08 21:13:12 --> Helper loaded: url_helper
INFO - 2024-10-08 21:13:12 --> Database Driver Class Initialized
INFO - 2024-10-08 21:13:12 --> Controller Class Initialized
INFO - 2024-10-08 21:13:12 --> Model "Mconfigkey" initialized
INFO - 2024-10-08 21:13:12 --> Model "Msync_delivery_instruction" initialized
INFO - 2024-10-08 21:13:12 --> Final output sent to browser
DEBUG - 2024-10-08 21:13:12 --> Total execution time: 0.0257
INFO - 2024-10-08 21:13:14 --> Config Class Initialized
INFO - 2024-10-08 21:13:14 --> Hooks Class Initialized
DEBUG - 2024-10-08 21:13:14 --> UTF-8 Support Enabled
INFO - 2024-10-08 21:13:14 --> Utf8 Class Initialized
INFO - 2024-10-08 21:13:14 --> URI Class Initialized
INFO - 2024-10-08 21:13:14 --> Router Class Initialized
INFO - 2024-10-08 21:13:14 --> Output Class Initialized
INFO - 2024-10-08 21:13:14 --> Security Class Initialized
DEBUG - 2024-10-08 21:13:14 --> Global POST, GET and COOKIE data sanitized
INFO - 2024-10-08 21:13:14 --> Input Class Initialized
INFO - 2024-10-08 21:13:14 --> Language Class Initialized
INFO - 2024-10-08 21:13:14 --> Loader Class Initialized
INFO - 2024-10-08 21:13:14 --> Helper loaded: url_helper
INFO - 2024-10-08 21:13:14 --> Database Driver Class Initialized
INFO - 2024-10-08 21:13:14 --> Controller Class Initialized
INFO - 2024-10-08 21:13:14 --> Model "Mconfigkey" initialized
INFO - 2024-10-08 21:13:14 --> Model "Msync_delivery_instruction" initialized
INFO - 2024-10-08 21:13:14 --> Final output sent to browser
DEBUG - 2024-10-08 21:13:14 --> Total execution time: 0.0198
INFO - 2024-10-08 21:13:16 --> Config Class Initialized
INFO - 2024-10-08 21:13:16 --> Hooks Class Initialized
DEBUG - 2024-10-08 21:13:16 --> UTF-8 Support Enabled
INFO - 2024-10-08 21:13:16 --> Utf8 Class Initialized
INFO - 2024-10-08 21:13:16 --> URI Class Initialized
INFO - 2024-10-08 21:13:16 --> Router Class Initialized
INFO - 2024-10-08 21:13:16 --> Output Class Initialized
INFO - 2024-10-08 21:13:16 --> Security Class Initialized
DEBUG - 2024-10-08 21:13:16 --> Global POST, GET and COOKIE data sanitized
INFO - 2024-10-08 21:13:16 --> Input Class Initialized
INFO - 2024-10-08 21:13:16 --> Language Class Initialized
INFO - 2024-10-08 21:13:16 --> Loader Class Initialized
INFO - 2024-10-08 21:13:16 --> Helper loaded: url_helper
INFO - 2024-10-08 21:13:16 --> Database Driver Class Initialized
INFO - 2024-10-08 21:13:16 --> Controller Class Initialized
INFO - 2024-10-08 21:13:16 --> Model "Mconfigkey" initialized
INFO - 2024-10-08 21:13:16 --> Model "Msync_delivery_instruction" initialized
INFO - 2024-10-08 21:13:16 --> Final output sent to browser
DEBUG - 2024-10-08 21:13:16 --> Total execution time: 0.0625
INFO - 2024-10-08 21:13:21 --> Config Class Initialized
INFO - 2024-10-08 21:13:21 --> Hooks Class Initialized
DEBUG - 2024-10-08 21:13:21 --> UTF-8 Support Enabled
INFO - 2024-10-08 21:13:21 --> Utf8 Class Initialized
INFO - 2024-10-08 21:13:21 --> URI Class Initialized
INFO - 2024-10-08 21:13:21 --> Router Class Initialized
INFO - 2024-10-08 21:13:21 --> Output Class Initialized
INFO - 2024-10-08 21:13:21 --> Security Class Initialized
DEBUG - 2024-10-08 21:13:21 --> Global POST, GET and COOKIE data sanitized
INFO - 2024-10-08 21:13:21 --> Input Class Initialized
INFO - 2024-10-08 21:13:21 --> Language Class Initialized
INFO - 2024-10-08 21:13:21 --> Loader Class Initialized
INFO - 2024-10-08 21:13:21 --> Helper loaded: url_helper
INFO - 2024-10-08 21:13:21 --> Database Driver Class Initialized
INFO - 2024-10-08 21:13:21 --> Controller Class Initialized
INFO - 2024-10-08 21:13:21 --> Model "Mconfigkey" initialized
INFO - 2024-10-08 21:13:21 --> Model "Msync_delivery_instruction" initialized
INFO - 2024-10-08 21:13:21 --> Final output sent to browser
DEBUG - 2024-10-08 21:13:21 --> Total execution time: 0.0771
