INFO - 2024-05-27 20:47:17 --> Config Class Initialized
INFO - 2024-05-27 20:47:17 --> Hooks Class Initialized
DEBUG - 2024-05-27 20:47:18 --> UTF-8 Support Enabled
INFO - 2024-05-27 20:47:18 --> Utf8 Class Initialized
INFO - 2024-05-27 20:47:18 --> URI Class Initialized
INFO - 2024-05-27 20:47:18 --> Router Class Initialized
INFO - 2024-05-27 20:47:18 --> Output Class Initialized
INFO - 2024-05-27 20:47:18 --> Security Class Initialized
DEBUG - 2024-05-27 20:47:18 --> Global POST, GET and COOKIE data sanitized
INFO - 2024-05-27 20:47:18 --> Input Class Initialized
INFO - 2024-05-27 20:47:18 --> Language Class Initialized
INFO - 2024-05-27 20:47:18 --> Loader Class Initialized
INFO - 2024-05-27 20:47:18 --> Helper loaded: url_helper
INFO - 2024-05-27 20:47:18 --> Database Driver Class Initialized
INFO - 2024-05-27 20:47:18 --> Controller Class Initialized
INFO - 2024-05-27 20:47:18 --> Model "Mconfigkey" initialized
INFO - 2024-05-27 20:47:18 --> Final output sent to browser
DEBUG - 2024-05-27 20:47:18 --> Total execution time: 0.3615
INFO - 2024-05-27 20:47:22 --> Config Class Initialized
INFO - 2024-05-27 20:47:22 --> Hooks Class Initialized
DEBUG - 2024-05-27 20:47:22 --> UTF-8 Support Enabled
INFO - 2024-05-27 20:47:22 --> Utf8 Class Initialized
INFO - 2024-05-27 20:47:22 --> URI Class Initialized
INFO - 2024-05-27 20:47:22 --> Router Class Initialized
INFO - 2024-05-27 20:47:22 --> Output Class Initialized
INFO - 2024-05-27 20:47:22 --> Security Class Initialized
DEBUG - 2024-05-27 20:47:22 --> Global POST, GET and COOKIE data sanitized
INFO - 2024-05-27 20:47:22 --> Input Class Initialized
INFO - 2024-05-27 20:47:22 --> Language Class Initialized
INFO - 2024-05-27 20:47:22 --> Loader Class Initialized
INFO - 2024-05-27 20:47:22 --> Helper loaded: url_helper
INFO - 2024-05-27 20:47:22 --> Database Driver Class Initialized
INFO - 2024-05-27 20:47:22 --> Controller Class Initialized
INFO - 2024-05-27 20:47:22 --> Model "Mauth" initialized
INFO - 2024-05-27 20:47:22 --> Model "Mconfigkey" initialized
INFO - 2024-05-27 20:47:22 --> Final output sent to browser
DEBUG - 2024-05-27 20:47:22 --> Total execution time: 0.0320
INFO - 2024-05-27 20:47:26 --> Config Class Initialized
INFO - 2024-05-27 20:47:26 --> Hooks Class Initialized
DEBUG - 2024-05-27 20:47:26 --> UTF-8 Support Enabled
INFO - 2024-05-27 20:47:26 --> Utf8 Class Initialized
INFO - 2024-05-27 20:47:26 --> URI Class Initialized
INFO - 2024-05-27 20:47:26 --> Router Class Initialized
INFO - 2024-05-27 20:47:26 --> Output Class Initialized
INFO - 2024-05-27 20:47:26 --> Security Class Initialized
DEBUG - 2024-05-27 20:47:26 --> Global POST, GET and COOKIE data sanitized
INFO - 2024-05-27 20:47:26 --> Input Class Initialized
INFO - 2024-05-27 20:47:26 --> Language Class Initialized
INFO - 2024-05-27 20:47:26 --> Loader Class Initialized
INFO - 2024-05-27 20:47:26 --> Helper loaded: url_helper
INFO - 2024-05-27 20:47:26 --> Database Driver Class Initialized
INFO - 2024-05-27 20:47:26 --> Controller Class Initialized
INFO - 2024-05-27 20:47:26 --> Model "Mconfigkey" initialized
INFO - 2024-05-27 20:47:26 --> Model "Mportal_data" initialized
INFO - 2024-05-27 20:47:26 --> Final output sent to browser
DEBUG - 2024-05-27 20:47:26 --> Total execution time: 0.0285
INFO - 2024-05-27 20:47:29 --> Config Class Initialized
INFO - 2024-05-27 20:47:29 --> Hooks Class Initialized
DEBUG - 2024-05-27 20:47:29 --> UTF-8 Support Enabled
INFO - 2024-05-27 20:47:29 --> Utf8 Class Initialized
INFO - 2024-05-27 20:47:29 --> URI Class Initialized
INFO - 2024-05-27 20:47:29 --> Router Class Initialized
INFO - 2024-05-27 20:47:29 --> Output Class Initialized
INFO - 2024-05-27 20:47:29 --> Security Class Initialized
DEBUG - 2024-05-27 20:47:29 --> Global POST, GET and COOKIE data sanitized
INFO - 2024-05-27 20:47:29 --> Input Class Initialized
INFO - 2024-05-27 20:47:29 --> Language Class Initialized
INFO - 2024-05-27 20:47:29 --> Loader Class Initialized
INFO - 2024-05-27 20:47:29 --> Helper loaded: url_helper
INFO - 2024-05-27 20:47:29 --> Database Driver Class Initialized
INFO - 2024-05-27 20:47:29 --> Controller Class Initialized
INFO - 2024-05-27 20:47:29 --> Model "Mconfigkey" initialized
INFO - 2024-05-27 20:47:29 --> Model "Mportal_data" initialized
INFO - 2024-05-27 20:47:29 --> Final output sent to browser
DEBUG - 2024-05-27 20:47:29 --> Total execution time: 0.0292
INFO - 2024-05-27 20:47:37 --> Config Class Initialized
INFO - 2024-05-27 20:47:37 --> Hooks Class Initialized
DEBUG - 2024-05-27 20:47:37 --> UTF-8 Support Enabled
INFO - 2024-05-27 20:47:37 --> Utf8 Class Initialized
INFO - 2024-05-27 20:47:37 --> URI Class Initialized
INFO - 2024-05-27 20:47:37 --> Router Class Initialized
INFO - 2024-05-27 20:47:37 --> Output Class Initialized
INFO - 2024-05-27 20:47:37 --> Security Class Initialized
DEBUG - 2024-05-27 20:47:37 --> Global POST, GET and COOKIE data sanitized
INFO - 2024-05-27 20:47:37 --> Input Class Initialized
INFO - 2024-05-27 20:47:37 --> Language Class Initialized
INFO - 2024-05-27 20:47:37 --> Loader Class Initialized
INFO - 2024-05-27 20:47:37 --> Helper loaded: url_helper
INFO - 2024-05-27 20:47:38 --> Database Driver Class Initialized
INFO - 2024-05-27 20:47:38 --> Config Class Initialized
INFO - 2024-05-27 20:47:38 --> Hooks Class Initialized
DEBUG - 2024-05-27 20:47:38 --> UTF-8 Support Enabled
INFO - 2024-05-27 20:47:38 --> Utf8 Class Initialized
INFO - 2024-05-27 20:47:38 --> URI Class Initialized
INFO - 2024-05-27 20:47:38 --> Router Class Initialized
INFO - 2024-05-27 20:47:38 --> Output Class Initialized
INFO - 2024-05-27 20:47:38 --> Security Class Initialized
INFO - 2024-05-27 20:47:38 --> Controller Class Initialized
DEBUG - 2024-05-27 20:47:38 --> Global POST, GET and COOKIE data sanitized
INFO - 2024-05-27 20:47:38 --> Input Class Initialized
INFO - 2024-05-27 20:47:38 --> Language Class Initialized
INFO - 2024-05-27 20:47:38 --> Model "Mconfigkey" initialized
INFO - 2024-05-27 20:47:38 --> Loader Class Initialized
INFO - 2024-05-27 20:47:38 --> Model "Mportal_data" initialized
INFO - 2024-05-27 20:47:38 --> Helper loaded: url_helper
INFO - 2024-05-27 20:47:38 --> Database Driver Class Initialized
INFO - 2024-05-27 20:47:38 --> Final output sent to browser
DEBUG - 2024-05-27 20:47:38 --> Total execution time: 0.0246
INFO - 2024-05-27 20:47:38 --> Controller Class Initialized
INFO - 2024-05-27 20:47:38 --> Model "Mconfigkey" initialized
INFO - 2024-05-27 20:47:38 --> Model "Mportal_data" initialized
INFO - 2024-05-27 20:47:38 --> Final output sent to browser
DEBUG - 2024-05-27 20:47:38 --> Total execution time: 0.0193
INFO - 2024-05-27 20:47:40 --> Config Class Initialized
INFO - 2024-05-27 20:47:40 --> Hooks Class Initialized
DEBUG - 2024-05-27 20:47:40 --> UTF-8 Support Enabled
INFO - 2024-05-27 20:47:40 --> Utf8 Class Initialized
INFO - 2024-05-27 20:47:40 --> URI Class Initialized
INFO - 2024-05-27 20:47:40 --> Router Class Initialized
INFO - 2024-05-27 20:47:40 --> Output Class Initialized
INFO - 2024-05-27 20:47:40 --> Security Class Initialized
DEBUG - 2024-05-27 20:47:40 --> Global POST, GET and COOKIE data sanitized
INFO - 2024-05-27 20:47:40 --> Input Class Initialized
INFO - 2024-05-27 20:47:40 --> Language Class Initialized
INFO - 2024-05-27 20:47:40 --> Loader Class Initialized
INFO - 2024-05-27 20:47:40 --> Helper loaded: url_helper
INFO - 2024-05-27 20:47:40 --> Database Driver Class Initialized
INFO - 2024-05-27 20:47:40 --> Controller Class Initialized
INFO - 2024-05-27 20:47:40 --> Model "Mconfigkey" initialized
INFO - 2024-05-27 20:47:40 --> Model "Mportal_data" initialized
INFO - 2024-05-27 20:47:40 --> Final output sent to browser
DEBUG - 2024-05-27 20:47:40 --> Total execution time: 0.0197
INFO - 2024-05-27 20:47:41 --> Config Class Initialized
INFO - 2024-05-27 20:47:41 --> Hooks Class Initialized
DEBUG - 2024-05-27 20:47:41 --> UTF-8 Support Enabled
INFO - 2024-05-27 20:47:41 --> Utf8 Class Initialized
INFO - 2024-05-27 20:47:41 --> URI Class Initialized
INFO - 2024-05-27 20:47:41 --> Router Class Initialized
INFO - 2024-05-27 20:47:41 --> Output Class Initialized
INFO - 2024-05-27 20:47:41 --> Security Class Initialized
DEBUG - 2024-05-27 20:47:41 --> Global POST, GET and COOKIE data sanitized
INFO - 2024-05-27 20:47:41 --> Input Class Initialized
INFO - 2024-05-27 20:47:41 --> Language Class Initialized
INFO - 2024-05-27 20:47:41 --> Loader Class Initialized
INFO - 2024-05-27 20:47:41 --> Helper loaded: url_helper
INFO - 2024-05-27 20:47:41 --> Database Driver Class Initialized
INFO - 2024-05-27 20:47:41 --> Controller Class Initialized
INFO - 2024-05-27 20:47:41 --> Model "Mconfigkey" initialized
INFO - 2024-05-27 20:47:41 --> Model "Mportal_data" initialized
INFO - 2024-05-27 20:47:41 --> Final output sent to browser
DEBUG - 2024-05-27 20:47:41 --> Total execution time: 0.0282
INFO - 2024-05-27 20:47:52 --> Config Class Initialized
INFO - 2024-05-27 20:47:52 --> Hooks Class Initialized
DEBUG - 2024-05-27 20:47:52 --> UTF-8 Support Enabled
INFO - 2024-05-27 20:47:52 --> Utf8 Class Initialized
INFO - 2024-05-27 20:47:52 --> URI Class Initialized
INFO - 2024-05-27 20:47:52 --> Router Class Initialized
INFO - 2024-05-27 20:47:52 --> Output Class Initialized
INFO - 2024-05-27 20:47:52 --> Security Class Initialized
DEBUG - 2024-05-27 20:47:52 --> Global POST, GET and COOKIE data sanitized
INFO - 2024-05-27 20:47:52 --> Input Class Initialized
INFO - 2024-05-27 20:47:52 --> Language Class Initialized
INFO - 2024-05-27 20:47:52 --> Loader Class Initialized
INFO - 2024-05-27 20:47:52 --> Helper loaded: url_helper
INFO - 2024-05-27 20:47:52 --> Database Driver Class Initialized
INFO - 2024-05-27 20:47:52 --> Controller Class Initialized
INFO - 2024-05-27 20:47:52 --> Model "Mconfigkey" initialized
INFO - 2024-05-27 20:47:52 --> Model "Mgoods_in" initialized
INFO - 2024-05-27 20:47:52 --> Final output sent to browser
DEBUG - 2024-05-27 20:47:52 --> Total execution time: 0.0283
INFO - 2024-05-27 20:47:54 --> Config Class Initialized
INFO - 2024-05-27 20:47:54 --> Hooks Class Initialized
DEBUG - 2024-05-27 20:47:54 --> UTF-8 Support Enabled
INFO - 2024-05-27 20:47:54 --> Utf8 Class Initialized
INFO - 2024-05-27 20:47:54 --> URI Class Initialized
INFO - 2024-05-27 20:47:54 --> Router Class Initialized
INFO - 2024-05-27 20:47:54 --> Output Class Initialized
INFO - 2024-05-27 20:47:54 --> Security Class Initialized
DEBUG - 2024-05-27 20:47:54 --> Global POST, GET and COOKIE data sanitized
INFO - 2024-05-27 20:47:54 --> Input Class Initialized
INFO - 2024-05-27 20:47:54 --> Language Class Initialized
INFO - 2024-05-27 20:47:54 --> Loader Class Initialized
INFO - 2024-05-27 20:47:54 --> Helper loaded: url_helper
INFO - 2024-05-27 20:47:54 --> Database Driver Class Initialized
INFO - 2024-05-27 20:47:54 --> Controller Class Initialized
INFO - 2024-05-27 20:47:54 --> Model "Mconfigkey" initialized
INFO - 2024-05-27 20:47:54 --> Model "Mgoods_in" initialized
INFO - 2024-05-27 20:47:54 --> Final output sent to browser
DEBUG - 2024-05-27 20:47:54 --> Total execution time: 0.0187
INFO - 2024-05-27 20:47:57 --> Config Class Initialized
INFO - 2024-05-27 20:47:57 --> Hooks Class Initialized
DEBUG - 2024-05-27 20:47:57 --> UTF-8 Support Enabled
INFO - 2024-05-27 20:47:57 --> Utf8 Class Initialized
INFO - 2024-05-27 20:47:57 --> URI Class Initialized
INFO - 2024-05-27 20:47:57 --> Router Class Initialized
INFO - 2024-05-27 20:47:57 --> Output Class Initialized
INFO - 2024-05-27 20:47:57 --> Security Class Initialized
DEBUG - 2024-05-27 20:47:57 --> Global POST, GET and COOKIE data sanitized
INFO - 2024-05-27 20:47:57 --> Input Class Initialized
INFO - 2024-05-27 20:47:57 --> Language Class Initialized
INFO - 2024-05-27 20:47:57 --> Loader Class Initialized
INFO - 2024-05-27 20:47:57 --> Helper loaded: url_helper
INFO - 2024-05-27 20:47:57 --> Database Driver Class Initialized
INFO - 2024-05-27 20:47:57 --> Controller Class Initialized
INFO - 2024-05-27 20:47:57 --> Model "Mconfigkey" initialized
INFO - 2024-05-27 20:47:57 --> Model "Mgoods_in" initialized
INFO - 2024-05-27 20:47:57 --> Final output sent to browser
DEBUG - 2024-05-27 20:47:57 --> Total execution time: 0.0201
INFO - 2024-05-27 20:47:58 --> Config Class Initialized
INFO - 2024-05-27 20:47:58 --> Hooks Class Initialized
DEBUG - 2024-05-27 20:47:58 --> UTF-8 Support Enabled
INFO - 2024-05-27 20:47:58 --> Utf8 Class Initialized
INFO - 2024-05-27 20:47:58 --> URI Class Initialized
INFO - 2024-05-27 20:47:58 --> Router Class Initialized
INFO - 2024-05-27 20:47:58 --> Output Class Initialized
INFO - 2024-05-27 20:47:58 --> Security Class Initialized
DEBUG - 2024-05-27 20:47:58 --> Global POST, GET and COOKIE data sanitized
INFO - 2024-05-27 20:47:58 --> Input Class Initialized
INFO - 2024-05-27 20:47:58 --> Language Class Initialized
INFO - 2024-05-27 20:47:58 --> Loader Class Initialized
INFO - 2024-05-27 20:47:58 --> Helper loaded: url_helper
INFO - 2024-05-27 20:47:58 --> Database Driver Class Initialized
INFO - 2024-05-27 20:47:58 --> Controller Class Initialized
INFO - 2024-05-27 20:47:58 --> Model "Mconfigkey" initialized
INFO - 2024-05-27 20:47:58 --> Model "Mgoods_in" initialized
INFO - 2024-05-27 20:47:58 --> Final output sent to browser
DEBUG - 2024-05-27 20:47:58 --> Total execution time: 0.0219
INFO - 2024-05-27 20:48:01 --> Config Class Initialized
INFO - 2024-05-27 20:48:01 --> Hooks Class Initialized
DEBUG - 2024-05-27 20:48:01 --> UTF-8 Support Enabled
INFO - 2024-05-27 20:48:01 --> Utf8 Class Initialized
INFO - 2024-05-27 20:48:01 --> URI Class Initialized
INFO - 2024-05-27 20:48:01 --> Router Class Initialized
INFO - 2024-05-27 20:48:01 --> Output Class Initialized
INFO - 2024-05-27 20:48:01 --> Security Class Initialized
DEBUG - 2024-05-27 20:48:01 --> Global POST, GET and COOKIE data sanitized
INFO - 2024-05-27 20:48:01 --> Input Class Initialized
INFO - 2024-05-27 20:48:01 --> Language Class Initialized
INFO - 2024-05-27 20:48:01 --> Loader Class Initialized
INFO - 2024-05-27 20:48:01 --> Helper loaded: url_helper
INFO - 2024-05-27 20:48:01 --> Database Driver Class Initialized
INFO - 2024-05-27 20:48:01 --> Controller Class Initialized
INFO - 2024-05-27 20:48:01 --> Model "Mconfigkey" initialized
INFO - 2024-05-27 20:48:01 --> Model "Mgoods_in" initialized
INFO - 2024-05-27 20:48:01 --> Final output sent to browser
DEBUG - 2024-05-27 20:48:01 --> Total execution time: 0.0194
INFO - 2024-05-27 20:48:12 --> Config Class Initialized
INFO - 2024-05-27 20:48:12 --> Hooks Class Initialized
DEBUG - 2024-05-27 20:48:12 --> UTF-8 Support Enabled
INFO - 2024-05-27 20:48:12 --> Utf8 Class Initialized
INFO - 2024-05-27 20:48:12 --> URI Class Initialized
INFO - 2024-05-27 20:48:12 --> Router Class Initialized
INFO - 2024-05-27 20:48:12 --> Output Class Initialized
INFO - 2024-05-27 20:48:12 --> Security Class Initialized
DEBUG - 2024-05-27 20:48:12 --> Global POST, GET and COOKIE data sanitized
INFO - 2024-05-27 20:48:12 --> Input Class Initialized
INFO - 2024-05-27 20:48:12 --> Language Class Initialized
INFO - 2024-05-27 20:48:12 --> Loader Class Initialized
INFO - 2024-05-27 20:48:12 --> Helper loaded: url_helper
INFO - 2024-05-27 20:48:12 --> Database Driver Class Initialized
INFO - 2024-05-27 20:48:12 --> Controller Class Initialized
INFO - 2024-05-27 20:48:12 --> Model "Mconfigkey" initialized
INFO - 2024-05-27 20:48:12 --> Model "Mgoods_in" initialized
INFO - 2024-05-27 20:48:12 --> Final output sent to browser
DEBUG - 2024-05-27 20:48:12 --> Total execution time: 0.0199
INFO - 2024-05-27 20:48:15 --> Config Class Initialized
INFO - 2024-05-27 20:48:15 --> Hooks Class Initialized
DEBUG - 2024-05-27 20:48:15 --> UTF-8 Support Enabled
INFO - 2024-05-27 20:48:15 --> Utf8 Class Initialized
INFO - 2024-05-27 20:48:15 --> URI Class Initialized
INFO - 2024-05-27 20:48:15 --> Router Class Initialized
INFO - 2024-05-27 20:48:15 --> Output Class Initialized
INFO - 2024-05-27 20:48:15 --> Security Class Initialized
DEBUG - 2024-05-27 20:48:15 --> Global POST, GET and COOKIE data sanitized
INFO - 2024-05-27 20:48:15 --> Input Class Initialized
INFO - 2024-05-27 20:48:15 --> Language Class Initialized
INFO - 2024-05-27 20:48:15 --> Loader Class Initialized
INFO - 2024-05-27 20:48:15 --> Helper loaded: url_helper
INFO - 2024-05-27 20:48:15 --> Database Driver Class Initialized
INFO - 2024-05-27 20:48:15 --> Controller Class Initialized
INFO - 2024-05-27 20:48:15 --> Model "Mconfigkey" initialized
INFO - 2024-05-27 20:48:15 --> Model "Mmst_item" initialized
INFO - 2024-05-27 20:48:15 --> Final output sent to browser
DEBUG - 2024-05-27 20:48:15 --> Total execution time: 0.0275
INFO - 2024-05-27 20:48:21 --> Config Class Initialized
INFO - 2024-05-27 20:48:21 --> Hooks Class Initialized
DEBUG - 2024-05-27 20:48:21 --> UTF-8 Support Enabled
INFO - 2024-05-27 20:48:21 --> Utf8 Class Initialized
INFO - 2024-05-27 20:48:21 --> URI Class Initialized
INFO - 2024-05-27 20:48:21 --> Router Class Initialized
INFO - 2024-05-27 20:48:21 --> Output Class Initialized
INFO - 2024-05-27 20:48:21 --> Security Class Initialized
DEBUG - 2024-05-27 20:48:21 --> Global POST, GET and COOKIE data sanitized
INFO - 2024-05-27 20:48:21 --> Input Class Initialized
INFO - 2024-05-27 20:48:21 --> Language Class Initialized
INFO - 2024-05-27 20:48:21 --> Loader Class Initialized
INFO - 2024-05-27 20:48:21 --> Helper loaded: url_helper
INFO - 2024-05-27 20:48:21 --> Database Driver Class Initialized
INFO - 2024-05-27 20:48:21 --> Controller Class Initialized
INFO - 2024-05-27 20:48:21 --> Model "Mconfigkey" initialized
INFO - 2024-05-27 20:48:21 --> Model "Mmst_item" initialized
INFO - 2024-05-27 20:48:21 --> Final output sent to browser
DEBUG - 2024-05-27 20:48:21 --> Total execution time: 0.0203
INFO - 2024-05-27 20:48:27 --> Config Class Initialized
INFO - 2024-05-27 20:48:27 --> Hooks Class Initialized
DEBUG - 2024-05-27 20:48:27 --> UTF-8 Support Enabled
INFO - 2024-05-27 20:48:27 --> Utf8 Class Initialized
INFO - 2024-05-27 20:48:27 --> URI Class Initialized
INFO - 2024-05-27 20:48:27 --> Router Class Initialized
INFO - 2024-05-27 20:48:27 --> Output Class Initialized
INFO - 2024-05-27 20:48:27 --> Security Class Initialized
DEBUG - 2024-05-27 20:48:27 --> Global POST, GET and COOKIE data sanitized
INFO - 2024-05-27 20:48:27 --> Input Class Initialized
INFO - 2024-05-27 20:48:27 --> Language Class Initialized
INFO - 2024-05-27 20:48:27 --> Loader Class Initialized
INFO - 2024-05-27 20:48:27 --> Helper loaded: url_helper
INFO - 2024-05-27 20:48:27 --> Database Driver Class Initialized
INFO - 2024-05-27 20:48:27 --> Controller Class Initialized
INFO - 2024-05-27 20:48:27 --> Model "Mconfigkey" initialized
INFO - 2024-05-27 20:48:27 --> Model "Mgoods_in" initialized
INFO - 2024-05-27 20:48:27 --> Final output sent to browser
DEBUG - 2024-05-27 20:48:27 --> Total execution time: 0.0213
INFO - 2024-05-27 20:48:30 --> Config Class Initialized
INFO - 2024-05-27 20:48:30 --> Hooks Class Initialized
DEBUG - 2024-05-27 20:48:30 --> UTF-8 Support Enabled
INFO - 2024-05-27 20:48:30 --> Utf8 Class Initialized
INFO - 2024-05-27 20:48:30 --> URI Class Initialized
INFO - 2024-05-27 20:48:30 --> Router Class Initialized
INFO - 2024-05-27 20:48:30 --> Output Class Initialized
INFO - 2024-05-27 20:48:30 --> Security Class Initialized
DEBUG - 2024-05-27 20:48:30 --> Global POST, GET and COOKIE data sanitized
INFO - 2024-05-27 20:48:30 --> Input Class Initialized
INFO - 2024-05-27 20:48:30 --> Language Class Initialized
INFO - 2024-05-27 20:48:30 --> Loader Class Initialized
INFO - 2024-05-27 20:48:30 --> Helper loaded: url_helper
INFO - 2024-05-27 20:48:30 --> Database Driver Class Initialized
INFO - 2024-05-27 20:48:30 --> Controller Class Initialized
INFO - 2024-05-27 20:48:30 --> Model "Mconfigkey" initialized
INFO - 2024-05-27 20:48:30 --> Model "Mgoods_in" initialized
INFO - 2024-05-27 20:48:30 --> Final output sent to browser
DEBUG - 2024-05-27 20:48:30 --> Total execution time: 0.0197
INFO - 2024-05-27 20:48:54 --> Config Class Initialized
INFO - 2024-05-27 20:48:54 --> Hooks Class Initialized
DEBUG - 2024-05-27 20:48:54 --> UTF-8 Support Enabled
INFO - 2024-05-27 20:48:54 --> Utf8 Class Initialized
INFO - 2024-05-27 20:48:54 --> URI Class Initialized
INFO - 2024-05-27 20:48:54 --> Router Class Initialized
INFO - 2024-05-27 20:48:54 --> Output Class Initialized
INFO - 2024-05-27 20:48:54 --> Security Class Initialized
DEBUG - 2024-05-27 20:48:54 --> Global POST, GET and COOKIE data sanitized
INFO - 2024-05-27 20:48:54 --> Input Class Initialized
INFO - 2024-05-27 20:48:54 --> Language Class Initialized
INFO - 2024-05-27 20:48:54 --> Loader Class Initialized
INFO - 2024-05-27 20:48:54 --> Helper loaded: url_helper
INFO - 2024-05-27 20:48:54 --> Database Driver Class Initialized
INFO - 2024-05-27 20:48:54 --> Controller Class Initialized
INFO - 2024-05-27 20:48:54 --> Model "Mconfigkey" initialized
INFO - 2024-05-27 20:48:54 --> Model "Mgoods_in" initialized
INFO - 2024-05-27 20:48:54 --> Final output sent to browser
DEBUG - 2024-05-27 20:48:54 --> Total execution time: 0.0199
INFO - 2024-05-27 20:49:02 --> Config Class Initialized
INFO - 2024-05-27 20:49:02 --> Hooks Class Initialized
DEBUG - 2024-05-27 20:49:02 --> UTF-8 Support Enabled
INFO - 2024-05-27 20:49:02 --> Utf8 Class Initialized
INFO - 2024-05-27 20:49:02 --> URI Class Initialized
INFO - 2024-05-27 20:49:02 --> Router Class Initialized
INFO - 2024-05-27 20:49:02 --> Output Class Initialized
INFO - 2024-05-27 20:49:02 --> Security Class Initialized
DEBUG - 2024-05-27 20:49:02 --> Global POST, GET and COOKIE data sanitized
INFO - 2024-05-27 20:49:02 --> Input Class Initialized
INFO - 2024-05-27 20:49:02 --> Language Class Initialized
INFO - 2024-05-27 20:49:02 --> Loader Class Initialized
INFO - 2024-05-27 20:49:02 --> Helper loaded: url_helper
INFO - 2024-05-27 20:49:02 --> Database Driver Class Initialized
INFO - 2024-05-27 20:49:02 --> Controller Class Initialized
INFO - 2024-05-27 20:49:02 --> Model "Mconfigkey" initialized
INFO - 2024-05-27 20:49:02 --> Model "Mgoods_in" initialized
INFO - 2024-05-27 20:49:02 --> Final output sent to browser
DEBUG - 2024-05-27 20:49:02 --> Total execution time: 0.0214
INFO - 2024-05-27 20:49:06 --> Config Class Initialized
INFO - 2024-05-27 20:49:06 --> Hooks Class Initialized
DEBUG - 2024-05-27 20:49:06 --> UTF-8 Support Enabled
INFO - 2024-05-27 20:49:06 --> Utf8 Class Initialized
INFO - 2024-05-27 20:49:06 --> URI Class Initialized
INFO - 2024-05-27 20:49:06 --> Router Class Initialized
INFO - 2024-05-27 20:49:06 --> Output Class Initialized
INFO - 2024-05-27 20:49:06 --> Security Class Initialized
DEBUG - 2024-05-27 20:49:06 --> Global POST, GET and COOKIE data sanitized
INFO - 2024-05-27 20:49:06 --> Input Class Initialized
INFO - 2024-05-27 20:49:06 --> Language Class Initialized
INFO - 2024-05-27 20:49:06 --> Loader Class Initialized
INFO - 2024-05-27 20:49:06 --> Helper loaded: url_helper
INFO - 2024-05-27 20:49:06 --> Database Driver Class Initialized
INFO - 2024-05-27 20:49:06 --> Controller Class Initialized
INFO - 2024-05-27 20:49:06 --> Model "Mconfigkey" initialized
INFO - 2024-05-27 20:49:06 --> Model "Mmst_item" initialized
INFO - 2024-05-27 20:49:06 --> Final output sent to browser
DEBUG - 2024-05-27 20:49:06 --> Total execution time: 0.0195
INFO - 2024-05-27 20:49:11 --> Config Class Initialized
INFO - 2024-05-27 20:49:11 --> Hooks Class Initialized
DEBUG - 2024-05-27 20:49:11 --> UTF-8 Support Enabled
INFO - 2024-05-27 20:49:11 --> Utf8 Class Initialized
INFO - 2024-05-27 20:49:11 --> URI Class Initialized
INFO - 2024-05-27 20:49:11 --> Router Class Initialized
INFO - 2024-05-27 20:49:11 --> Output Class Initialized
INFO - 2024-05-27 20:49:11 --> Security Class Initialized
DEBUG - 2024-05-27 20:49:11 --> Global POST, GET and COOKIE data sanitized
INFO - 2024-05-27 20:49:11 --> Input Class Initialized
INFO - 2024-05-27 20:49:11 --> Language Class Initialized
INFO - 2024-05-27 20:49:11 --> Loader Class Initialized
INFO - 2024-05-27 20:49:11 --> Helper loaded: url_helper
INFO - 2024-05-27 20:49:11 --> Database Driver Class Initialized
INFO - 2024-05-27 20:49:11 --> Controller Class Initialized
INFO - 2024-05-27 20:49:11 --> Model "Mconfigkey" initialized
INFO - 2024-05-27 20:49:11 --> Model "Mmst_item" initialized
INFO - 2024-05-27 20:49:11 --> Final output sent to browser
DEBUG - 2024-05-27 20:49:11 --> Total execution time: 0.0206
INFO - 2024-05-27 20:49:17 --> Config Class Initialized
INFO - 2024-05-27 20:49:17 --> Hooks Class Initialized
DEBUG - 2024-05-27 20:49:17 --> UTF-8 Support Enabled
INFO - 2024-05-27 20:49:17 --> Utf8 Class Initialized
INFO - 2024-05-27 20:49:17 --> URI Class Initialized
INFO - 2024-05-27 20:49:17 --> Router Class Initialized
INFO - 2024-05-27 20:49:17 --> Output Class Initialized
INFO - 2024-05-27 20:49:17 --> Security Class Initialized
DEBUG - 2024-05-27 20:49:17 --> Global POST, GET and COOKIE data sanitized
INFO - 2024-05-27 20:49:17 --> Input Class Initialized
INFO - 2024-05-27 20:49:17 --> Language Class Initialized
INFO - 2024-05-27 20:49:17 --> Loader Class Initialized
INFO - 2024-05-27 20:49:17 --> Helper loaded: url_helper
INFO - 2024-05-27 20:49:17 --> Database Driver Class Initialized
INFO - 2024-05-27 20:49:17 --> Controller Class Initialized
INFO - 2024-05-27 20:49:17 --> Model "Mconfigkey" initialized
INFO - 2024-05-27 20:49:17 --> Model "Mgoods_in" initialized
INFO - 2024-05-27 20:49:17 --> Final output sent to browser
DEBUG - 2024-05-27 20:49:17 --> Total execution time: 0.0205
INFO - 2024-05-27 20:49:42 --> Config Class Initialized
INFO - 2024-05-27 20:49:42 --> Hooks Class Initialized
DEBUG - 2024-05-27 20:49:42 --> UTF-8 Support Enabled
INFO - 2024-05-27 20:49:42 --> Utf8 Class Initialized
INFO - 2024-05-27 20:49:42 --> URI Class Initialized
INFO - 2024-05-27 20:49:42 --> Router Class Initialized
INFO - 2024-05-27 20:49:42 --> Output Class Initialized
INFO - 2024-05-27 20:49:42 --> Security Class Initialized
DEBUG - 2024-05-27 20:49:42 --> Global POST, GET and COOKIE data sanitized
INFO - 2024-05-27 20:49:42 --> Input Class Initialized
INFO - 2024-05-27 20:49:42 --> Language Class Initialized
INFO - 2024-05-27 20:49:42 --> Loader Class Initialized
INFO - 2024-05-27 20:49:42 --> Helper loaded: url_helper
INFO - 2024-05-27 20:49:42 --> Database Driver Class Initialized
INFO - 2024-05-27 20:49:42 --> Controller Class Initialized
INFO - 2024-05-27 20:49:42 --> Model "Mconfigkey" initialized
INFO - 2024-05-27 20:49:42 --> Model "Mgoods_in" initialized
INFO - 2024-05-27 20:49:42 --> Final output sent to browser
DEBUG - 2024-05-27 20:49:42 --> Total execution time: 0.0205
INFO - 2024-05-27 20:49:58 --> Config Class Initialized
INFO - 2024-05-27 20:49:58 --> Hooks Class Initialized
DEBUG - 2024-05-27 20:49:58 --> UTF-8 Support Enabled
INFO - 2024-05-27 20:49:58 --> Utf8 Class Initialized
INFO - 2024-05-27 20:49:58 --> URI Class Initialized
INFO - 2024-05-27 20:49:58 --> Router Class Initialized
INFO - 2024-05-27 20:49:58 --> Output Class Initialized
INFO - 2024-05-27 20:49:58 --> Security Class Initialized
DEBUG - 2024-05-27 20:49:58 --> Global POST, GET and COOKIE data sanitized
INFO - 2024-05-27 20:49:58 --> Input Class Initialized
INFO - 2024-05-27 20:49:58 --> Language Class Initialized
INFO - 2024-05-27 20:49:58 --> Loader Class Initialized
INFO - 2024-05-27 20:49:58 --> Helper loaded: url_helper
INFO - 2024-05-27 20:49:58 --> Database Driver Class Initialized
INFO - 2024-05-27 20:49:58 --> Controller Class Initialized
INFO - 2024-05-27 20:49:58 --> Model "Mconfigkey" initialized
INFO - 2024-05-27 20:49:58 --> Model "Mgoods_in" initialized
INFO - 2024-05-27 20:49:58 --> Final output sent to browser
DEBUG - 2024-05-27 20:49:58 --> Total execution time: 0.0197
INFO - 2024-05-27 20:51:11 --> Config Class Initialized
INFO - 2024-05-27 20:51:11 --> Hooks Class Initialized
DEBUG - 2024-05-27 20:51:11 --> UTF-8 Support Enabled
INFO - 2024-05-27 20:51:11 --> Utf8 Class Initialized
INFO - 2024-05-27 20:51:11 --> URI Class Initialized
INFO - 2024-05-27 20:51:11 --> Router Class Initialized
INFO - 2024-05-27 20:51:11 --> Output Class Initialized
INFO - 2024-05-27 20:51:11 --> Security Class Initialized
DEBUG - 2024-05-27 20:51:11 --> Global POST, GET and COOKIE data sanitized
INFO - 2024-05-27 20:51:11 --> Input Class Initialized
INFO - 2024-05-27 20:51:11 --> Language Class Initialized
INFO - 2024-05-27 20:51:11 --> Loader Class Initialized
INFO - 2024-05-27 20:51:11 --> Helper loaded: url_helper
INFO - 2024-05-27 20:51:11 --> Database Driver Class Initialized
INFO - 2024-05-27 20:51:11 --> Controller Class Initialized
INFO - 2024-05-27 20:51:11 --> Model "Mconfigkey" initialized
INFO - 2024-05-27 20:51:11 --> Model "Mgoods_in" initialized
INFO - 2024-05-27 20:51:11 --> Final output sent to browser
DEBUG - 2024-05-27 20:51:11 --> Total execution time: 0.0209
INFO - 2024-05-27 20:53:14 --> Config Class Initialized
INFO - 2024-05-27 20:53:14 --> Hooks Class Initialized
DEBUG - 2024-05-27 20:53:14 --> UTF-8 Support Enabled
INFO - 2024-05-27 20:53:14 --> Utf8 Class Initialized
INFO - 2024-05-27 20:53:14 --> URI Class Initialized
INFO - 2024-05-27 20:53:14 --> Router Class Initialized
INFO - 2024-05-27 20:53:14 --> Output Class Initialized
INFO - 2024-05-27 20:53:14 --> Security Class Initialized
DEBUG - 2024-05-27 20:53:14 --> Global POST, GET and COOKIE data sanitized
INFO - 2024-05-27 20:53:14 --> Input Class Initialized
INFO - 2024-05-27 20:53:14 --> Language Class Initialized
INFO - 2024-05-27 20:53:14 --> Loader Class Initialized
INFO - 2024-05-27 20:53:14 --> Helper loaded: url_helper
INFO - 2024-05-27 20:53:14 --> Database Driver Class Initialized
INFO - 2024-05-27 20:53:14 --> Controller Class Initialized
INFO - 2024-05-27 20:53:14 --> Model "Mconfigkey" initialized
INFO - 2024-05-27 20:53:14 --> Final output sent to browser
DEBUG - 2024-05-27 20:53:14 --> Total execution time: 0.0189
INFO - 2024-05-27 20:53:20 --> Config Class Initialized
INFO - 2024-05-27 20:53:20 --> Hooks Class Initialized
DEBUG - 2024-05-27 20:53:20 --> UTF-8 Support Enabled
INFO - 2024-05-27 20:53:20 --> Utf8 Class Initialized
INFO - 2024-05-27 20:53:20 --> URI Class Initialized
INFO - 2024-05-27 20:53:20 --> Router Class Initialized
INFO - 2024-05-27 20:53:20 --> Output Class Initialized
INFO - 2024-05-27 20:53:20 --> Security Class Initialized
DEBUG - 2024-05-27 20:53:20 --> Global POST, GET and COOKIE data sanitized
INFO - 2024-05-27 20:53:20 --> Input Class Initialized
INFO - 2024-05-27 20:53:20 --> Language Class Initialized
INFO - 2024-05-27 20:53:20 --> Loader Class Initialized
INFO - 2024-05-27 20:53:20 --> Helper loaded: url_helper
INFO - 2024-05-27 20:53:20 --> Database Driver Class Initialized
INFO - 2024-05-27 20:53:20 --> Controller Class Initialized
INFO - 2024-05-27 20:53:20 --> Model "Mconfigkey" initialized
INFO - 2024-05-27 20:53:20 --> Model "Mgoods_in" initialized
INFO - 2024-05-27 20:53:20 --> Final output sent to browser
DEBUG - 2024-05-27 20:53:20 --> Total execution time: 0.0194
INFO - 2024-05-27 20:53:22 --> Config Class Initialized
INFO - 2024-05-27 20:53:22 --> Hooks Class Initialized
DEBUG - 2024-05-27 20:53:22 --> UTF-8 Support Enabled
INFO - 2024-05-27 20:53:22 --> Utf8 Class Initialized
INFO - 2024-05-27 20:53:22 --> URI Class Initialized
INFO - 2024-05-27 20:53:22 --> Router Class Initialized
INFO - 2024-05-27 20:53:22 --> Output Class Initialized
INFO - 2024-05-27 20:53:22 --> Security Class Initialized
DEBUG - 2024-05-27 20:53:22 --> Global POST, GET and COOKIE data sanitized
INFO - 2024-05-27 20:53:22 --> Input Class Initialized
INFO - 2024-05-27 20:53:22 --> Language Class Initialized
INFO - 2024-05-27 20:53:22 --> Loader Class Initialized
INFO - 2024-05-27 20:53:22 --> Helper loaded: url_helper
INFO - 2024-05-27 20:53:22 --> Database Driver Class Initialized
INFO - 2024-05-27 20:53:22 --> Controller Class Initialized
INFO - 2024-05-27 20:53:22 --> Model "Mconfigkey" initialized
INFO - 2024-05-27 20:53:22 --> Model "Mgoods_in" initialized
INFO - 2024-05-27 20:53:22 --> Final output sent to browser
DEBUG - 2024-05-27 20:53:22 --> Total execution time: 0.0188
INFO - 2024-05-27 20:53:24 --> Config Class Initialized
INFO - 2024-05-27 20:53:24 --> Hooks Class Initialized
DEBUG - 2024-05-27 20:53:24 --> UTF-8 Support Enabled
INFO - 2024-05-27 20:53:24 --> Utf8 Class Initialized
INFO - 2024-05-27 20:53:24 --> URI Class Initialized
INFO - 2024-05-27 20:53:24 --> Router Class Initialized
INFO - 2024-05-27 20:53:24 --> Output Class Initialized
INFO - 2024-05-27 20:53:24 --> Security Class Initialized
DEBUG - 2024-05-27 20:53:24 --> Global POST, GET and COOKIE data sanitized
INFO - 2024-05-27 20:53:24 --> Input Class Initialized
INFO - 2024-05-27 20:53:24 --> Language Class Initialized
INFO - 2024-05-27 20:53:24 --> Loader Class Initialized
INFO - 2024-05-27 20:53:24 --> Helper loaded: url_helper
INFO - 2024-05-27 20:53:24 --> Database Driver Class Initialized
INFO - 2024-05-27 20:53:24 --> Controller Class Initialized
INFO - 2024-05-27 20:53:24 --> Model "Mconfigkey" initialized
INFO - 2024-05-27 20:53:24 --> Model "Mgoods_in" initialized
INFO - 2024-05-27 20:53:24 --> Final output sent to browser
DEBUG - 2024-05-27 20:53:24 --> Total execution time: 0.0204
INFO - 2024-05-27 20:53:26 --> Config Class Initialized
INFO - 2024-05-27 20:53:26 --> Hooks Class Initialized
DEBUG - 2024-05-27 20:53:26 --> UTF-8 Support Enabled
INFO - 2024-05-27 20:53:26 --> Utf8 Class Initialized
INFO - 2024-05-27 20:53:26 --> URI Class Initialized
INFO - 2024-05-27 20:53:26 --> Router Class Initialized
INFO - 2024-05-27 20:53:26 --> Output Class Initialized
INFO - 2024-05-27 20:53:26 --> Security Class Initialized
DEBUG - 2024-05-27 20:53:26 --> Global POST, GET and COOKIE data sanitized
INFO - 2024-05-27 20:53:26 --> Input Class Initialized
INFO - 2024-05-27 20:53:26 --> Language Class Initialized
INFO - 2024-05-27 20:53:26 --> Loader Class Initialized
INFO - 2024-05-27 20:53:26 --> Helper loaded: url_helper
INFO - 2024-05-27 20:53:26 --> Database Driver Class Initialized
INFO - 2024-05-27 20:53:26 --> Controller Class Initialized
INFO - 2024-05-27 20:53:26 --> Model "Mconfigkey" initialized
INFO - 2024-05-27 20:53:26 --> Model "Mgoods_in" initialized
INFO - 2024-05-27 20:53:26 --> Final output sent to browser
DEBUG - 2024-05-27 20:53:26 --> Total execution time: 0.0201
INFO - 2024-05-27 20:53:29 --> Config Class Initialized
INFO - 2024-05-27 20:53:29 --> Hooks Class Initialized
DEBUG - 2024-05-27 20:53:29 --> UTF-8 Support Enabled
INFO - 2024-05-27 20:53:29 --> Utf8 Class Initialized
INFO - 2024-05-27 20:53:29 --> URI Class Initialized
INFO - 2024-05-27 20:53:29 --> Router Class Initialized
INFO - 2024-05-27 20:53:29 --> Output Class Initialized
INFO - 2024-05-27 20:53:29 --> Security Class Initialized
DEBUG - 2024-05-27 20:53:29 --> Global POST, GET and COOKIE data sanitized
INFO - 2024-05-27 20:53:29 --> Input Class Initialized
INFO - 2024-05-27 20:53:29 --> Language Class Initialized
INFO - 2024-05-27 20:53:29 --> Loader Class Initialized
INFO - 2024-05-27 20:53:29 --> Helper loaded: url_helper
INFO - 2024-05-27 20:53:29 --> Database Driver Class Initialized
INFO - 2024-05-27 20:53:29 --> Controller Class Initialized
INFO - 2024-05-27 20:53:29 --> Model "Mconfigkey" initialized
INFO - 2024-05-27 20:53:29 --> Model "Mmst_item" initialized
INFO - 2024-05-27 20:53:29 --> Final output sent to browser
DEBUG - 2024-05-27 20:53:29 --> Total execution time: 0.0199
INFO - 2024-05-27 20:53:34 --> Config Class Initialized
INFO - 2024-05-27 20:53:34 --> Hooks Class Initialized
DEBUG - 2024-05-27 20:53:34 --> UTF-8 Support Enabled
INFO - 2024-05-27 20:53:34 --> Utf8 Class Initialized
INFO - 2024-05-27 20:53:34 --> URI Class Initialized
INFO - 2024-05-27 20:53:34 --> Router Class Initialized
INFO - 2024-05-27 20:53:34 --> Output Class Initialized
INFO - 2024-05-27 20:53:34 --> Security Class Initialized
DEBUG - 2024-05-27 20:53:34 --> Global POST, GET and COOKIE data sanitized
INFO - 2024-05-27 20:53:34 --> Input Class Initialized
INFO - 2024-05-27 20:53:34 --> Language Class Initialized
INFO - 2024-05-27 20:53:34 --> Loader Class Initialized
INFO - 2024-05-27 20:53:34 --> Helper loaded: url_helper
INFO - 2024-05-27 20:53:34 --> Database Driver Class Initialized
INFO - 2024-05-27 20:53:34 --> Controller Class Initialized
INFO - 2024-05-27 20:53:34 --> Model "Mconfigkey" initialized
INFO - 2024-05-27 20:53:34 --> Model "Mmst_item" initialized
INFO - 2024-05-27 20:53:34 --> Final output sent to browser
DEBUG - 2024-05-27 20:53:34 --> Total execution time: 0.0205
INFO - 2024-05-27 20:53:39 --> Config Class Initialized
INFO - 2024-05-27 20:53:39 --> Hooks Class Initialized
DEBUG - 2024-05-27 20:53:39 --> UTF-8 Support Enabled
INFO - 2024-05-27 20:53:39 --> Utf8 Class Initialized
INFO - 2024-05-27 20:53:39 --> URI Class Initialized
INFO - 2024-05-27 20:53:39 --> Router Class Initialized
INFO - 2024-05-27 20:53:39 --> Output Class Initialized
INFO - 2024-05-27 20:53:39 --> Security Class Initialized
DEBUG - 2024-05-27 20:53:39 --> Global POST, GET and COOKIE data sanitized
INFO - 2024-05-27 20:53:39 --> Input Class Initialized
INFO - 2024-05-27 20:53:39 --> Language Class Initialized
INFO - 2024-05-27 20:53:39 --> Loader Class Initialized
INFO - 2024-05-27 20:53:39 --> Helper loaded: url_helper
INFO - 2024-05-27 20:53:39 --> Database Driver Class Initialized
INFO - 2024-05-27 20:53:39 --> Controller Class Initialized
INFO - 2024-05-27 20:53:39 --> Model "Mconfigkey" initialized
INFO - 2024-05-27 20:53:39 --> Model "Mgoods_in" initialized
INFO - 2024-05-27 20:53:39 --> Final output sent to browser
DEBUG - 2024-05-27 20:53:39 --> Total execution time: 0.0205
INFO - 2024-05-27 20:54:36 --> Config Class Initialized
INFO - 2024-05-27 20:54:36 --> Hooks Class Initialized
DEBUG - 2024-05-27 20:54:36 --> UTF-8 Support Enabled
INFO - 2024-05-27 20:54:36 --> Utf8 Class Initialized
INFO - 2024-05-27 20:54:36 --> URI Class Initialized
INFO - 2024-05-27 20:54:36 --> Router Class Initialized
INFO - 2024-05-27 20:54:36 --> Output Class Initialized
INFO - 2024-05-27 20:54:36 --> Security Class Initialized
DEBUG - 2024-05-27 20:54:36 --> Global POST, GET and COOKIE data sanitized
INFO - 2024-05-27 20:54:36 --> Input Class Initialized
INFO - 2024-05-27 20:54:36 --> Language Class Initialized
INFO - 2024-05-27 20:54:36 --> Loader Class Initialized
INFO - 2024-05-27 20:54:36 --> Helper loaded: url_helper
INFO - 2024-05-27 20:54:36 --> Database Driver Class Initialized
INFO - 2024-05-27 20:54:36 --> Controller Class Initialized
INFO - 2024-05-27 20:54:36 --> Model "Mconfigkey" initialized
INFO - 2024-05-27 20:54:36 --> Final output sent to browser
DEBUG - 2024-05-27 20:54:36 --> Total execution time: 0.0187
INFO - 2024-05-27 20:55:37 --> Config Class Initialized
INFO - 2024-05-27 20:55:37 --> Hooks Class Initialized
DEBUG - 2024-05-27 20:55:37 --> UTF-8 Support Enabled
INFO - 2024-05-27 20:55:37 --> Utf8 Class Initialized
INFO - 2024-05-27 20:55:37 --> URI Class Initialized
INFO - 2024-05-27 20:55:37 --> Router Class Initialized
INFO - 2024-05-27 20:55:37 --> Output Class Initialized
INFO - 2024-05-27 20:55:37 --> Security Class Initialized
DEBUG - 2024-05-27 20:55:37 --> Global POST, GET and COOKIE data sanitized
INFO - 2024-05-27 20:55:37 --> Input Class Initialized
INFO - 2024-05-27 20:55:37 --> Language Class Initialized
INFO - 2024-05-27 20:55:37 --> Loader Class Initialized
INFO - 2024-05-27 20:55:37 --> Helper loaded: url_helper
INFO - 2024-05-27 20:55:37 --> Database Driver Class Initialized
INFO - 2024-05-27 20:55:38 --> Controller Class Initialized
INFO - 2024-05-27 20:55:38 --> Model "Mconfigkey" initialized
INFO - 2024-05-27 20:55:38 --> Model "Mgoods_in" initialized
INFO - 2024-05-27 20:55:38 --> Final output sent to browser
DEBUG - 2024-05-27 20:55:38 --> Total execution time: 0.0205
INFO - 2024-05-27 20:55:44 --> Config Class Initialized
INFO - 2024-05-27 20:55:44 --> Hooks Class Initialized
DEBUG - 2024-05-27 20:55:44 --> UTF-8 Support Enabled
INFO - 2024-05-27 20:55:44 --> Utf8 Class Initialized
INFO - 2024-05-27 20:55:44 --> URI Class Initialized
INFO - 2024-05-27 20:55:44 --> Router Class Initialized
INFO - 2024-05-27 20:55:44 --> Output Class Initialized
INFO - 2024-05-27 20:55:44 --> Security Class Initialized
DEBUG - 2024-05-27 20:55:44 --> Global POST, GET and COOKIE data sanitized
INFO - 2024-05-27 20:55:44 --> Input Class Initialized
INFO - 2024-05-27 20:55:44 --> Language Class Initialized
INFO - 2024-05-27 20:55:44 --> Loader Class Initialized
INFO - 2024-05-27 20:55:44 --> Helper loaded: url_helper
INFO - 2024-05-27 20:55:44 --> Database Driver Class Initialized
INFO - 2024-05-27 20:55:44 --> Controller Class Initialized
INFO - 2024-05-27 20:55:44 --> Model "Mconfigkey" initialized
INFO - 2024-05-27 20:55:44 --> Model "Mgoods_in" initialized
INFO - 2024-05-27 20:55:44 --> Final output sent to browser
DEBUG - 2024-05-27 20:55:44 --> Total execution time: 0.0198
INFO - 2024-05-27 20:55:47 --> Config Class Initialized
INFO - 2024-05-27 20:55:47 --> Hooks Class Initialized
DEBUG - 2024-05-27 20:55:47 --> UTF-8 Support Enabled
INFO - 2024-05-27 20:55:47 --> Utf8 Class Initialized
INFO - 2024-05-27 20:55:47 --> URI Class Initialized
INFO - 2024-05-27 20:55:47 --> Router Class Initialized
INFO - 2024-05-27 20:55:47 --> Output Class Initialized
INFO - 2024-05-27 20:55:47 --> Security Class Initialized
DEBUG - 2024-05-27 20:55:47 --> Global POST, GET and COOKIE data sanitized
INFO - 2024-05-27 20:55:47 --> Input Class Initialized
INFO - 2024-05-27 20:55:47 --> Language Class Initialized
INFO - 2024-05-27 20:55:47 --> Loader Class Initialized
INFO - 2024-05-27 20:55:47 --> Helper loaded: url_helper
INFO - 2024-05-27 20:55:47 --> Database Driver Class Initialized
INFO - 2024-05-27 20:55:47 --> Controller Class Initialized
INFO - 2024-05-27 20:55:47 --> Model "Mconfigkey" initialized
INFO - 2024-05-27 20:55:47 --> Model "Mgoods_in" initialized
INFO - 2024-05-27 20:55:47 --> Final output sent to browser
DEBUG - 2024-05-27 20:55:47 --> Total execution time: 0.0196
INFO - 2024-05-27 20:55:49 --> Config Class Initialized
INFO - 2024-05-27 20:55:49 --> Hooks Class Initialized
DEBUG - 2024-05-27 20:55:49 --> UTF-8 Support Enabled
INFO - 2024-05-27 20:55:49 --> Utf8 Class Initialized
INFO - 2024-05-27 20:55:49 --> URI Class Initialized
INFO - 2024-05-27 20:55:49 --> Router Class Initialized
INFO - 2024-05-27 20:55:49 --> Output Class Initialized
INFO - 2024-05-27 20:55:49 --> Security Class Initialized
DEBUG - 2024-05-27 20:55:49 --> Global POST, GET and COOKIE data sanitized
INFO - 2024-05-27 20:55:49 --> Input Class Initialized
INFO - 2024-05-27 20:55:49 --> Language Class Initialized
INFO - 2024-05-27 20:55:49 --> Loader Class Initialized
INFO - 2024-05-27 20:55:49 --> Helper loaded: url_helper
INFO - 2024-05-27 20:55:49 --> Database Driver Class Initialized
INFO - 2024-05-27 20:55:49 --> Controller Class Initialized
INFO - 2024-05-27 20:55:49 --> Model "Mconfigkey" initialized
INFO - 2024-05-27 20:55:49 --> Model "Mgoods_in" initialized
INFO - 2024-05-27 20:55:49 --> Final output sent to browser
DEBUG - 2024-05-27 20:55:49 --> Total execution time: 0.0204
INFO - 2024-05-27 20:55:52 --> Config Class Initialized
INFO - 2024-05-27 20:55:52 --> Hooks Class Initialized
DEBUG - 2024-05-27 20:55:52 --> UTF-8 Support Enabled
INFO - 2024-05-27 20:55:52 --> Utf8 Class Initialized
INFO - 2024-05-27 20:55:52 --> URI Class Initialized
INFO - 2024-05-27 20:55:52 --> Router Class Initialized
INFO - 2024-05-27 20:55:52 --> Output Class Initialized
INFO - 2024-05-27 20:55:52 --> Security Class Initialized
DEBUG - 2024-05-27 20:55:52 --> Global POST, GET and COOKIE data sanitized
INFO - 2024-05-27 20:55:52 --> Input Class Initialized
INFO - 2024-05-27 20:55:52 --> Language Class Initialized
INFO - 2024-05-27 20:55:52 --> Loader Class Initialized
INFO - 2024-05-27 20:55:52 --> Helper loaded: url_helper
INFO - 2024-05-27 20:55:52 --> Database Driver Class Initialized
INFO - 2024-05-27 20:55:52 --> Controller Class Initialized
INFO - 2024-05-27 20:55:52 --> Model "Mconfigkey" initialized
INFO - 2024-05-27 20:55:52 --> Model "Mmst_item" initialized
INFO - 2024-05-27 20:55:52 --> Final output sent to browser
DEBUG - 2024-05-27 20:55:52 --> Total execution time: 0.0193
INFO - 2024-05-27 20:56:02 --> Config Class Initialized
INFO - 2024-05-27 20:56:02 --> Hooks Class Initialized
DEBUG - 2024-05-27 20:56:02 --> UTF-8 Support Enabled
INFO - 2024-05-27 20:56:02 --> Utf8 Class Initialized
INFO - 2024-05-27 20:56:02 --> URI Class Initialized
INFO - 2024-05-27 20:56:02 --> Router Class Initialized
INFO - 2024-05-27 20:56:02 --> Output Class Initialized
INFO - 2024-05-27 20:56:02 --> Security Class Initialized
DEBUG - 2024-05-27 20:56:02 --> Global POST, GET and COOKIE data sanitized
INFO - 2024-05-27 20:56:02 --> Input Class Initialized
INFO - 2024-05-27 20:56:02 --> Language Class Initialized
INFO - 2024-05-27 20:56:02 --> Loader Class Initialized
INFO - 2024-05-27 20:56:02 --> Helper loaded: url_helper
INFO - 2024-05-27 20:56:02 --> Database Driver Class Initialized
INFO - 2024-05-27 20:56:02 --> Controller Class Initialized
INFO - 2024-05-27 20:56:02 --> Model "Mconfigkey" initialized
INFO - 2024-05-27 20:56:02 --> Model "Mmst_item" initialized
INFO - 2024-05-27 20:56:02 --> Final output sent to browser
DEBUG - 2024-05-27 20:56:02 --> Total execution time: 0.0196
INFO - 2024-05-27 20:56:07 --> Config Class Initialized
INFO - 2024-05-27 20:56:07 --> Hooks Class Initialized
DEBUG - 2024-05-27 20:56:07 --> UTF-8 Support Enabled
INFO - 2024-05-27 20:56:07 --> Utf8 Class Initialized
INFO - 2024-05-27 20:56:07 --> URI Class Initialized
INFO - 2024-05-27 20:56:07 --> Router Class Initialized
INFO - 2024-05-27 20:56:07 --> Output Class Initialized
INFO - 2024-05-27 20:56:07 --> Security Class Initialized
DEBUG - 2024-05-27 20:56:07 --> Global POST, GET and COOKIE data sanitized
INFO - 2024-05-27 20:56:07 --> Input Class Initialized
INFO - 2024-05-27 20:56:07 --> Language Class Initialized
INFO - 2024-05-27 20:56:07 --> Loader Class Initialized
INFO - 2024-05-27 20:56:07 --> Helper loaded: url_helper
INFO - 2024-05-27 20:56:07 --> Database Driver Class Initialized
INFO - 2024-05-27 20:56:07 --> Controller Class Initialized
INFO - 2024-05-27 20:56:07 --> Model "Mconfigkey" initialized
INFO - 2024-05-27 20:56:07 --> Model "Mmst_item" initialized
INFO - 2024-05-27 20:56:07 --> Final output sent to browser
DEBUG - 2024-05-27 20:56:07 --> Total execution time: 0.0218
INFO - 2024-05-27 20:56:10 --> Config Class Initialized
INFO - 2024-05-27 20:56:10 --> Hooks Class Initialized
DEBUG - 2024-05-27 20:56:10 --> UTF-8 Support Enabled
INFO - 2024-05-27 20:56:10 --> Utf8 Class Initialized
INFO - 2024-05-27 20:56:10 --> URI Class Initialized
INFO - 2024-05-27 20:56:10 --> Router Class Initialized
INFO - 2024-05-27 20:56:10 --> Output Class Initialized
INFO - 2024-05-27 20:56:10 --> Security Class Initialized
DEBUG - 2024-05-27 20:56:10 --> Global POST, GET and COOKIE data sanitized
INFO - 2024-05-27 20:56:10 --> Input Class Initialized
INFO - 2024-05-27 20:56:10 --> Language Class Initialized
INFO - 2024-05-27 20:56:10 --> Loader Class Initialized
INFO - 2024-05-27 20:56:10 --> Helper loaded: url_helper
INFO - 2024-05-27 20:56:10 --> Database Driver Class Initialized
INFO - 2024-05-27 20:56:10 --> Controller Class Initialized
INFO - 2024-05-27 20:56:10 --> Model "Mconfigkey" initialized
INFO - 2024-05-27 20:56:10 --> Model "Mmst_item" initialized
INFO - 2024-05-27 20:56:10 --> Final output sent to browser
DEBUG - 2024-05-27 20:56:10 --> Total execution time: 0.0223
INFO - 2024-05-27 20:56:16 --> Config Class Initialized
INFO - 2024-05-27 20:56:16 --> Hooks Class Initialized
DEBUG - 2024-05-27 20:56:16 --> UTF-8 Support Enabled
INFO - 2024-05-27 20:56:16 --> Utf8 Class Initialized
INFO - 2024-05-27 20:56:16 --> URI Class Initialized
INFO - 2024-05-27 20:56:16 --> Router Class Initialized
INFO - 2024-05-27 20:56:16 --> Output Class Initialized
INFO - 2024-05-27 20:56:16 --> Security Class Initialized
DEBUG - 2024-05-27 20:56:16 --> Global POST, GET and COOKIE data sanitized
INFO - 2024-05-27 20:56:16 --> Input Class Initialized
INFO - 2024-05-27 20:56:16 --> Language Class Initialized
INFO - 2024-05-27 20:56:16 --> Loader Class Initialized
INFO - 2024-05-27 20:56:16 --> Helper loaded: url_helper
INFO - 2024-05-27 20:56:16 --> Database Driver Class Initialized
INFO - 2024-05-27 20:56:16 --> Controller Class Initialized
INFO - 2024-05-27 20:56:16 --> Model "Mconfigkey" initialized
INFO - 2024-05-27 20:56:16 --> Model "Mgoods_in" initialized
INFO - 2024-05-27 20:56:16 --> Final output sent to browser
DEBUG - 2024-05-27 20:56:16 --> Total execution time: 0.0206
INFO - 2024-05-27 20:59:05 --> Config Class Initialized
INFO - 2024-05-27 20:59:05 --> Hooks Class Initialized
DEBUG - 2024-05-27 20:59:05 --> UTF-8 Support Enabled
INFO - 2024-05-27 20:59:05 --> Utf8 Class Initialized
INFO - 2024-05-27 20:59:05 --> URI Class Initialized
INFO - 2024-05-27 20:59:05 --> Router Class Initialized
INFO - 2024-05-27 20:59:05 --> Output Class Initialized
INFO - 2024-05-27 20:59:05 --> Security Class Initialized
DEBUG - 2024-05-27 20:59:05 --> Global POST, GET and COOKIE data sanitized
INFO - 2024-05-27 20:59:05 --> Input Class Initialized
INFO - 2024-05-27 20:59:05 --> Language Class Initialized
INFO - 2024-05-27 20:59:05 --> Loader Class Initialized
INFO - 2024-05-27 20:59:05 --> Helper loaded: url_helper
INFO - 2024-05-27 20:59:05 --> Database Driver Class Initialized
INFO - 2024-05-27 20:59:05 --> Controller Class Initialized
INFO - 2024-05-27 20:59:05 --> Model "Mconfigkey" initialized
INFO - 2024-05-27 20:59:05 --> Model "Mmst_item" initialized
INFO - 2024-05-27 20:59:05 --> Final output sent to browser
DEBUG - 2024-05-27 20:59:05 --> Total execution time: 0.0209
INFO - 2024-05-27 20:59:09 --> Config Class Initialized
INFO - 2024-05-27 20:59:09 --> Hooks Class Initialized
DEBUG - 2024-05-27 20:59:09 --> UTF-8 Support Enabled
INFO - 2024-05-27 20:59:09 --> Utf8 Class Initialized
INFO - 2024-05-27 20:59:09 --> URI Class Initialized
INFO - 2024-05-27 20:59:09 --> Router Class Initialized
INFO - 2024-05-27 20:59:09 --> Output Class Initialized
INFO - 2024-05-27 20:59:09 --> Security Class Initialized
DEBUG - 2024-05-27 20:59:09 --> Global POST, GET and COOKIE data sanitized
INFO - 2024-05-27 20:59:09 --> Input Class Initialized
INFO - 2024-05-27 20:59:09 --> Language Class Initialized
INFO - 2024-05-27 20:59:09 --> Loader Class Initialized
INFO - 2024-05-27 20:59:09 --> Helper loaded: url_helper
INFO - 2024-05-27 20:59:09 --> Database Driver Class Initialized
INFO - 2024-05-27 20:59:09 --> Controller Class Initialized
INFO - 2024-05-27 20:59:09 --> Model "Mconfigkey" initialized
INFO - 2024-05-27 20:59:09 --> Model "Mmst_item" initialized
INFO - 2024-05-27 20:59:09 --> Final output sent to browser
DEBUG - 2024-05-27 20:59:09 --> Total execution time: 0.0203
