INFO - 2024-11-05 08:44:50 --> Config Class Initialized
INFO - 2024-11-05 08:44:50 --> Hooks Class Initialized
DEBUG - 2024-11-05 08:44:50 --> UTF-8 Support Enabled
INFO - 2024-11-05 08:44:50 --> Utf8 Class Initialized
INFO - 2024-11-05 08:44:50 --> URI Class Initialized
INFO - 2024-11-05 08:44:50 --> Router Class Initialized
INFO - 2024-11-05 08:44:50 --> Output Class Initialized
INFO - 2024-11-05 08:44:50 --> Security Class Initialized
DEBUG - 2024-11-05 08:44:50 --> Global POST, GET and COOKIE data sanitized
INFO - 2024-11-05 08:44:50 --> Input Class Initialized
INFO - 2024-11-05 08:44:50 --> Language Class Initialized
INFO - 2024-11-05 08:44:50 --> Loader Class Initialized
INFO - 2024-11-05 08:44:50 --> Helper loaded: url_helper
INFO - 2024-11-05 08:44:50 --> Database Driver Class Initialized
INFO - 2024-11-05 08:44:50 --> Controller Class Initialized
INFO - 2024-11-05 08:44:50 --> Model "Mconfigkey" initialized
INFO - 2024-11-05 08:44:50 --> Final output sent to browser
DEBUG - 2024-11-05 08:44:50 --> Total execution time: 0.4559
INFO - 2024-11-05 08:44:52 --> Config Class Initialized
INFO - 2024-11-05 08:44:52 --> Hooks Class Initialized
DEBUG - 2024-11-05 08:44:52 --> UTF-8 Support Enabled
INFO - 2024-11-05 08:44:52 --> Utf8 Class Initialized
INFO - 2024-11-05 08:44:52 --> URI Class Initialized
INFO - 2024-11-05 08:44:52 --> Router Class Initialized
INFO - 2024-11-05 08:44:52 --> Output Class Initialized
INFO - 2024-11-05 08:44:52 --> Security Class Initialized
DEBUG - 2024-11-05 08:44:52 --> Global POST, GET and COOKIE data sanitized
INFO - 2024-11-05 08:44:52 --> Input Class Initialized
INFO - 2024-11-05 08:44:52 --> Language Class Initialized
INFO - 2024-11-05 08:44:52 --> Loader Class Initialized
INFO - 2024-11-05 08:44:52 --> Helper loaded: url_helper
INFO - 2024-11-05 08:44:52 --> Database Driver Class Initialized
INFO - 2024-11-05 08:44:52 --> Controller Class Initialized
INFO - 2024-11-05 08:44:52 --> Model "Mauth" initialized
INFO - 2024-11-05 08:44:52 --> Model "Mconfigkey" initialized
INFO - 2024-11-05 08:44:52 --> Final output sent to browser
DEBUG - 2024-11-05 08:44:52 --> Total execution time: 0.0365
