INFO - 2023-08-14 00:02:28 --> Config Class Initialized
INFO - 2023-08-14 00:02:28 --> Hooks Class Initialized
DEBUG - 2023-08-14 00:02:28 --> UTF-8 Support Enabled
INFO - 2023-08-14 00:02:28 --> Utf8 Class Initialized
INFO - 2023-08-14 00:02:28 --> URI Class Initialized
INFO - 2023-08-14 00:02:28 --> Router Class Initialized
INFO - 2023-08-14 00:02:28 --> Output Class Initialized
INFO - 2023-08-14 00:02:28 --> Security Class Initialized
DEBUG - 2023-08-14 00:02:28 --> Global POST, GET and COOKIE data sanitized
INFO - 2023-08-14 00:02:28 --> Input Class Initialized
INFO - 2023-08-14 00:02:28 --> Language Class Initialized
INFO - 2023-08-14 00:02:28 --> Loader Class Initialized
INFO - 2023-08-14 00:02:28 --> Helper loaded: url_helper
INFO - 2023-08-14 00:02:28 --> Controller Class Initialized
INFO - 2023-08-14 00:02:28 --> Model "Mconfigkey" initialized
INFO - 2023-08-14 00:02:28 --> Model "Mmatrix" initialized
INFO - 2023-08-14 00:02:28 --> Database Driver Class Initialized
INFO - 2023-08-14 00:02:29 --> Language file loaded: language/english/profiler_lang.php
INFO - 2023-08-14 00:02:29 --> Profiler Class Initialized
INFO - 2023-08-14 00:02:29 --> Helper loaded: text_helper
INFO - 2023-08-14 00:02:29 --> Final output sent to browser
DEBUG - 2023-08-14 00:02:29 --> Total execution time: 0.1683
INFO - 2023-08-14 00:03:00 --> Config Class Initialized
INFO - 2023-08-14 00:03:00 --> Hooks Class Initialized
DEBUG - 2023-08-14 00:03:00 --> UTF-8 Support Enabled
INFO - 2023-08-14 00:03:00 --> Utf8 Class Initialized
INFO - 2023-08-14 00:03:00 --> URI Class Initialized
INFO - 2023-08-14 00:03:00 --> Router Class Initialized
INFO - 2023-08-14 00:03:00 --> Output Class Initialized
INFO - 2023-08-14 00:03:00 --> Security Class Initialized
DEBUG - 2023-08-14 00:03:00 --> Global POST, GET and COOKIE data sanitized
INFO - 2023-08-14 00:03:00 --> Input Class Initialized
INFO - 2023-08-14 00:03:00 --> Language Class Initialized
INFO - 2023-08-14 00:03:00 --> Loader Class Initialized
INFO - 2023-08-14 00:03:00 --> Helper loaded: url_helper
INFO - 2023-08-14 00:03:00 --> Controller Class Initialized
INFO - 2023-08-14 00:03:00 --> Model "Mconfigkey" initialized
INFO - 2023-08-14 00:03:00 --> Model "Mmatrix" initialized
INFO - 2023-08-14 00:03:00 --> Database Driver Class Initialized
INFO - 2023-08-14 00:03:00 --> Language file loaded: language/english/profiler_lang.php
INFO - 2023-08-14 00:03:00 --> Profiler Class Initialized
INFO - 2023-08-14 00:03:00 --> Helper loaded: text_helper
INFO - 2023-08-14 00:03:00 --> Final output sent to browser
DEBUG - 2023-08-14 00:03:00 --> Total execution time: 0.1643
INFO - 2023-08-14 00:03:51 --> Config Class Initialized
INFO - 2023-08-14 00:03:51 --> Hooks Class Initialized
DEBUG - 2023-08-14 00:03:51 --> UTF-8 Support Enabled
INFO - 2023-08-14 00:03:51 --> Utf8 Class Initialized
INFO - 2023-08-14 00:03:51 --> URI Class Initialized
INFO - 2023-08-14 00:03:51 --> Router Class Initialized
INFO - 2023-08-14 00:03:51 --> Output Class Initialized
INFO - 2023-08-14 00:03:51 --> Security Class Initialized
DEBUG - 2023-08-14 00:03:51 --> Global POST, GET and COOKIE data sanitized
INFO - 2023-08-14 00:03:51 --> Input Class Initialized
INFO - 2023-08-14 00:03:51 --> Language Class Initialized
INFO - 2023-08-14 00:03:51 --> Loader Class Initialized
INFO - 2023-08-14 00:03:51 --> Helper loaded: url_helper
INFO - 2023-08-14 00:03:51 --> Controller Class Initialized
INFO - 2023-08-14 00:03:51 --> Model "Mconfigkey" initialized
INFO - 2023-08-14 00:03:51 --> Model "Mmatrix" initialized
INFO - 2023-08-14 00:03:51 --> Database Driver Class Initialized
INFO - 2023-08-14 00:03:51 --> Language file loaded: language/english/profiler_lang.php
INFO - 2023-08-14 00:03:51 --> Profiler Class Initialized
INFO - 2023-08-14 00:03:51 --> Helper loaded: text_helper
INFO - 2023-08-14 00:03:51 --> Final output sent to browser
DEBUG - 2023-08-14 00:03:51 --> Total execution time: 0.2013
INFO - 2023-08-14 00:03:52 --> Config Class Initialized
INFO - 2023-08-14 00:03:52 --> Hooks Class Initialized
DEBUG - 2023-08-14 00:03:52 --> UTF-8 Support Enabled
INFO - 2023-08-14 00:03:52 --> Utf8 Class Initialized
INFO - 2023-08-14 00:03:52 --> URI Class Initialized
INFO - 2023-08-14 00:03:52 --> Router Class Initialized
INFO - 2023-08-14 00:03:52 --> Output Class Initialized
INFO - 2023-08-14 00:03:52 --> Security Class Initialized
DEBUG - 2023-08-14 00:03:52 --> Global POST, GET and COOKIE data sanitized
INFO - 2023-08-14 00:03:52 --> Input Class Initialized
INFO - 2023-08-14 00:03:52 --> Language Class Initialized
INFO - 2023-08-14 00:03:52 --> Loader Class Initialized
INFO - 2023-08-14 00:03:52 --> Helper loaded: url_helper
INFO - 2023-08-14 00:03:52 --> Controller Class Initialized
INFO - 2023-08-14 00:03:52 --> Model "Mconfigkey" initialized
INFO - 2023-08-14 00:03:52 --> Model "Mmatrix" initialized
INFO - 2023-08-14 00:03:52 --> Database Driver Class Initialized
INFO - 2023-08-14 00:03:52 --> Language file loaded: language/english/profiler_lang.php
INFO - 2023-08-14 00:03:52 --> Profiler Class Initialized
INFO - 2023-08-14 00:03:52 --> Helper loaded: text_helper
INFO - 2023-08-14 00:03:52 --> Final output sent to browser
DEBUG - 2023-08-14 00:03:52 --> Total execution time: 0.1891
INFO - 2023-08-14 00:06:49 --> Config Class Initialized
INFO - 2023-08-14 00:06:49 --> Hooks Class Initialized
DEBUG - 2023-08-14 00:06:49 --> UTF-8 Support Enabled
INFO - 2023-08-14 00:06:49 --> Utf8 Class Initialized
INFO - 2023-08-14 00:06:49 --> URI Class Initialized
INFO - 2023-08-14 00:06:49 --> Router Class Initialized
INFO - 2023-08-14 00:06:49 --> Output Class Initialized
INFO - 2023-08-14 00:06:49 --> Security Class Initialized
DEBUG - 2023-08-14 00:06:49 --> Global POST, GET and COOKIE data sanitized
INFO - 2023-08-14 00:06:49 --> Input Class Initialized
INFO - 2023-08-14 00:06:49 --> Language Class Initialized
INFO - 2023-08-14 00:06:49 --> Loader Class Initialized
INFO - 2023-08-14 00:06:49 --> Helper loaded: url_helper
INFO - 2023-08-14 00:06:49 --> Controller Class Initialized
INFO - 2023-08-14 00:06:49 --> Model "Mconfigkey" initialized
INFO - 2023-08-14 00:06:49 --> Model "Mmatrix" initialized
INFO - 2023-08-14 00:06:49 --> Database Driver Class Initialized
INFO - 2023-08-14 00:06:50 --> Language file loaded: language/english/profiler_lang.php
INFO - 2023-08-14 00:06:50 --> Profiler Class Initialized
INFO - 2023-08-14 00:06:50 --> Helper loaded: text_helper
INFO - 2023-08-14 00:06:50 --> Final output sent to browser
DEBUG - 2023-08-14 00:06:50 --> Total execution time: 0.1833
INFO - 2023-08-14 00:06:50 --> Config Class Initialized
INFO - 2023-08-14 00:06:50 --> Hooks Class Initialized
DEBUG - 2023-08-14 00:06:50 --> UTF-8 Support Enabled
INFO - 2023-08-14 00:06:50 --> Utf8 Class Initialized
INFO - 2023-08-14 00:06:50 --> URI Class Initialized
INFO - 2023-08-14 00:06:50 --> Router Class Initialized
INFO - 2023-08-14 00:06:50 --> Output Class Initialized
INFO - 2023-08-14 00:06:50 --> Security Class Initialized
DEBUG - 2023-08-14 00:06:50 --> Global POST, GET and COOKIE data sanitized
INFO - 2023-08-14 00:06:50 --> Input Class Initialized
INFO - 2023-08-14 00:06:50 --> Language Class Initialized
INFO - 2023-08-14 00:06:50 --> Loader Class Initialized
INFO - 2023-08-14 00:06:50 --> Helper loaded: url_helper
INFO - 2023-08-14 00:06:50 --> Controller Class Initialized
INFO - 2023-08-14 00:06:50 --> Model "Mconfigkey" initialized
INFO - 2023-08-14 00:06:50 --> Model "Mmatrix" initialized
INFO - 2023-08-14 00:06:50 --> Database Driver Class Initialized
INFO - 2023-08-14 00:06:50 --> Language file loaded: language/english/profiler_lang.php
INFO - 2023-08-14 00:06:50 --> Profiler Class Initialized
INFO - 2023-08-14 00:06:50 --> Helper loaded: text_helper
INFO - 2023-08-14 00:06:50 --> Final output sent to browser
DEBUG - 2023-08-14 00:06:50 --> Total execution time: 0.1894
INFO - 2023-08-14 00:07:39 --> Config Class Initialized
INFO - 2023-08-14 00:07:39 --> Hooks Class Initialized
DEBUG - 2023-08-14 00:07:39 --> UTF-8 Support Enabled
INFO - 2023-08-14 00:07:39 --> Utf8 Class Initialized
INFO - 2023-08-14 00:07:39 --> URI Class Initialized
INFO - 2023-08-14 00:07:39 --> Router Class Initialized
INFO - 2023-08-14 00:07:39 --> Output Class Initialized
INFO - 2023-08-14 00:07:39 --> Security Class Initialized
DEBUG - 2023-08-14 00:07:39 --> Global POST, GET and COOKIE data sanitized
INFO - 2023-08-14 00:07:39 --> Input Class Initialized
INFO - 2023-08-14 00:07:39 --> Language Class Initialized
INFO - 2023-08-14 00:07:39 --> Loader Class Initialized
INFO - 2023-08-14 00:07:39 --> Helper loaded: url_helper
INFO - 2023-08-14 00:07:39 --> Controller Class Initialized
INFO - 2023-08-14 00:07:39 --> Model "Mconfigkey" initialized
INFO - 2023-08-14 00:07:39 --> Model "Mmatrix" initialized
INFO - 2023-08-14 00:07:39 --> Database Driver Class Initialized
INFO - 2023-08-14 00:07:39 --> Language file loaded: language/english/profiler_lang.php
INFO - 2023-08-14 00:07:39 --> Profiler Class Initialized
INFO - 2023-08-14 00:07:39 --> Helper loaded: text_helper
INFO - 2023-08-14 00:07:39 --> Final output sent to browser
DEBUG - 2023-08-14 00:07:39 --> Total execution time: 0.1632
INFO - 2023-08-14 00:07:40 --> Config Class Initialized
INFO - 2023-08-14 00:07:40 --> Hooks Class Initialized
DEBUG - 2023-08-14 00:07:40 --> UTF-8 Support Enabled
INFO - 2023-08-14 00:07:40 --> Utf8 Class Initialized
INFO - 2023-08-14 00:07:40 --> URI Class Initialized
INFO - 2023-08-14 00:07:40 --> Router Class Initialized
INFO - 2023-08-14 00:07:40 --> Output Class Initialized
INFO - 2023-08-14 00:07:40 --> Security Class Initialized
DEBUG - 2023-08-14 00:07:40 --> Global POST, GET and COOKIE data sanitized
INFO - 2023-08-14 00:07:40 --> Input Class Initialized
INFO - 2023-08-14 00:07:40 --> Language Class Initialized
INFO - 2023-08-14 00:07:40 --> Loader Class Initialized
INFO - 2023-08-14 00:07:40 --> Helper loaded: url_helper
INFO - 2023-08-14 00:07:40 --> Controller Class Initialized
INFO - 2023-08-14 00:07:40 --> Model "Mconfigkey" initialized
INFO - 2023-08-14 00:07:40 --> Model "Mmatrix" initialized
INFO - 2023-08-14 00:07:40 --> Database Driver Class Initialized
INFO - 2023-08-14 00:07:40 --> Language file loaded: language/english/profiler_lang.php
INFO - 2023-08-14 00:07:40 --> Profiler Class Initialized
INFO - 2023-08-14 00:07:40 --> Helper loaded: text_helper
INFO - 2023-08-14 00:07:40 --> Final output sent to browser
DEBUG - 2023-08-14 00:07:40 --> Total execution time: 0.1856
INFO - 2023-08-14 00:08:22 --> Config Class Initialized
INFO - 2023-08-14 00:08:22 --> Hooks Class Initialized
DEBUG - 2023-08-14 00:08:22 --> UTF-8 Support Enabled
INFO - 2023-08-14 00:08:22 --> Utf8 Class Initialized
INFO - 2023-08-14 00:08:22 --> URI Class Initialized
INFO - 2023-08-14 00:08:22 --> Router Class Initialized
INFO - 2023-08-14 00:08:22 --> Output Class Initialized
INFO - 2023-08-14 00:08:22 --> Security Class Initialized
DEBUG - 2023-08-14 00:08:22 --> Global POST, GET and COOKIE data sanitized
INFO - 2023-08-14 00:08:22 --> Input Class Initialized
INFO - 2023-08-14 00:08:22 --> Language Class Initialized
INFO - 2023-08-14 00:08:22 --> Loader Class Initialized
INFO - 2023-08-14 00:08:22 --> Helper loaded: url_helper
INFO - 2023-08-14 00:08:22 --> Controller Class Initialized
INFO - 2023-08-14 00:08:22 --> Model "Mconfigkey" initialized
INFO - 2023-08-14 00:08:22 --> Model "Mmatrix" initialized
INFO - 2023-08-14 00:08:22 --> Database Driver Class Initialized
INFO - 2023-08-14 00:08:22 --> Language file loaded: language/english/profiler_lang.php
INFO - 2023-08-14 00:08:22 --> Profiler Class Initialized
INFO - 2023-08-14 00:08:22 --> Helper loaded: text_helper
INFO - 2023-08-14 00:08:22 --> Final output sent to browser
DEBUG - 2023-08-14 00:08:22 --> Total execution time: 0.1796
INFO - 2023-08-14 00:08:23 --> Config Class Initialized
INFO - 2023-08-14 00:08:23 --> Hooks Class Initialized
DEBUG - 2023-08-14 00:08:23 --> UTF-8 Support Enabled
INFO - 2023-08-14 00:08:23 --> Utf8 Class Initialized
INFO - 2023-08-14 00:08:23 --> URI Class Initialized
INFO - 2023-08-14 00:08:23 --> Router Class Initialized
INFO - 2023-08-14 00:08:23 --> Output Class Initialized
INFO - 2023-08-14 00:08:23 --> Security Class Initialized
DEBUG - 2023-08-14 00:08:23 --> Global POST, GET and COOKIE data sanitized
INFO - 2023-08-14 00:08:23 --> Input Class Initialized
INFO - 2023-08-14 00:08:23 --> Language Class Initialized
INFO - 2023-08-14 00:08:23 --> Loader Class Initialized
INFO - 2023-08-14 00:08:23 --> Helper loaded: url_helper
INFO - 2023-08-14 00:08:23 --> Controller Class Initialized
INFO - 2023-08-14 00:08:23 --> Model "Mconfigkey" initialized
INFO - 2023-08-14 00:08:23 --> Model "Mmatrix" initialized
INFO - 2023-08-14 00:08:23 --> Database Driver Class Initialized
INFO - 2023-08-14 00:08:23 --> Language file loaded: language/english/profiler_lang.php
INFO - 2023-08-14 00:08:23 --> Profiler Class Initialized
INFO - 2023-08-14 00:08:23 --> Helper loaded: text_helper
INFO - 2023-08-14 00:08:23 --> Final output sent to browser
DEBUG - 2023-08-14 00:08:23 --> Total execution time: 0.1839
INFO - 2023-08-14 00:15:50 --> Config Class Initialized
INFO - 2023-08-14 00:15:50 --> Hooks Class Initialized
DEBUG - 2023-08-14 00:15:50 --> UTF-8 Support Enabled
INFO - 2023-08-14 00:15:50 --> Utf8 Class Initialized
INFO - 2023-08-14 00:15:50 --> URI Class Initialized
INFO - 2023-08-14 00:15:50 --> Router Class Initialized
INFO - 2023-08-14 00:15:50 --> Output Class Initialized
INFO - 2023-08-14 00:15:50 --> Security Class Initialized
DEBUG - 2023-08-14 00:15:50 --> Global POST, GET and COOKIE data sanitized
INFO - 2023-08-14 00:15:50 --> Input Class Initialized
INFO - 2023-08-14 00:15:50 --> Language Class Initialized
INFO - 2023-08-14 00:15:50 --> Loader Class Initialized
INFO - 2023-08-14 00:15:50 --> Helper loaded: url_helper
INFO - 2023-08-14 00:15:50 --> Controller Class Initialized
INFO - 2023-08-14 00:15:50 --> Model "Mconfigkey" initialized
INFO - 2023-08-14 00:15:50 --> Model "Mmatrix" initialized
INFO - 2023-08-14 00:15:50 --> Database Driver Class Initialized
INFO - 2023-08-14 00:15:50 --> Language file loaded: language/english/profiler_lang.php
INFO - 2023-08-14 00:15:50 --> Profiler Class Initialized
INFO - 2023-08-14 00:15:50 --> Helper loaded: text_helper
ERROR - 2023-08-14 00:15:50 --> Severity: Notice --> Undefined variable: _SESSION X:\htdocs\pabean-stable\dummyservice\application\libraries\MY_Profiler.php 17
INFO - 2023-08-14 00:16:33 --> Config Class Initialized
INFO - 2023-08-14 00:16:33 --> Hooks Class Initialized
DEBUG - 2023-08-14 00:16:33 --> UTF-8 Support Enabled
INFO - 2023-08-14 00:16:33 --> Utf8 Class Initialized
INFO - 2023-08-14 00:16:33 --> URI Class Initialized
INFO - 2023-08-14 00:16:33 --> Router Class Initialized
INFO - 2023-08-14 00:16:33 --> Output Class Initialized
INFO - 2023-08-14 00:16:33 --> Security Class Initialized
DEBUG - 2023-08-14 00:16:33 --> Global POST, GET and COOKIE data sanitized
INFO - 2023-08-14 00:16:33 --> Input Class Initialized
INFO - 2023-08-14 00:16:33 --> Language Class Initialized
INFO - 2023-08-14 00:16:33 --> Loader Class Initialized
INFO - 2023-08-14 00:16:33 --> Helper loaded: url_helper
INFO - 2023-08-14 00:16:33 --> Controller Class Initialized
INFO - 2023-08-14 00:16:33 --> Model "Mconfigkey" initialized
INFO - 2023-08-14 00:16:33 --> Model "Mmatrix" initialized
INFO - 2023-08-14 00:16:33 --> Database Driver Class Initialized
INFO - 2023-08-14 00:16:33 --> Language file loaded: language/english/profiler_lang.php
INFO - 2023-08-14 00:16:33 --> Profiler Class Initialized
INFO - 2023-08-14 00:16:33 --> Helper loaded: text_helper
INFO - 2023-08-14 00:17:06 --> Config Class Initialized
INFO - 2023-08-14 00:17:06 --> Hooks Class Initialized
DEBUG - 2023-08-14 00:17:06 --> UTF-8 Support Enabled
INFO - 2023-08-14 00:17:06 --> Utf8 Class Initialized
INFO - 2023-08-14 00:17:06 --> URI Class Initialized
INFO - 2023-08-14 00:17:06 --> Router Class Initialized
INFO - 2023-08-14 00:17:06 --> Output Class Initialized
INFO - 2023-08-14 00:17:06 --> Security Class Initialized
DEBUG - 2023-08-14 00:17:06 --> Global POST, GET and COOKIE data sanitized
INFO - 2023-08-14 00:17:06 --> Input Class Initialized
INFO - 2023-08-14 00:17:06 --> Language Class Initialized
INFO - 2023-08-14 00:17:06 --> Loader Class Initialized
INFO - 2023-08-14 00:17:06 --> Helper loaded: url_helper
INFO - 2023-08-14 00:17:06 --> Controller Class Initialized
INFO - 2023-08-14 00:17:06 --> Model "Mconfigkey" initialized
INFO - 2023-08-14 00:17:06 --> Model "Mmatrix" initialized
INFO - 2023-08-14 00:17:06 --> Database Driver Class Initialized
INFO - 2023-08-14 00:17:06 --> Language file loaded: language/english/profiler_lang.php
INFO - 2023-08-14 00:17:06 --> Profiler Class Initialized
INFO - 2023-08-14 00:17:06 --> Helper loaded: text_helper
ERROR - 2023-08-14 00:17:06 --> Severity: Notice --> Undefined variable: HTTP_RAW_POST_DATA X:\htdocs\pabean-stable\dummyservice\application\libraries\MY_Profiler.php 17
INFO - 2023-08-14 00:17:28 --> Config Class Initialized
INFO - 2023-08-14 00:17:28 --> Hooks Class Initialized
DEBUG - 2023-08-14 00:17:28 --> UTF-8 Support Enabled
INFO - 2023-08-14 00:17:28 --> Utf8 Class Initialized
INFO - 2023-08-14 00:17:28 --> URI Class Initialized
INFO - 2023-08-14 00:17:28 --> Router Class Initialized
INFO - 2023-08-14 00:17:28 --> Output Class Initialized
INFO - 2023-08-14 00:17:28 --> Security Class Initialized
DEBUG - 2023-08-14 00:17:28 --> Global POST, GET and COOKIE data sanitized
INFO - 2023-08-14 00:17:28 --> Input Class Initialized
INFO - 2023-08-14 00:17:28 --> Language Class Initialized
INFO - 2023-08-14 00:17:28 --> Loader Class Initialized
INFO - 2023-08-14 00:17:28 --> Helper loaded: url_helper
INFO - 2023-08-14 00:17:28 --> Controller Class Initialized
INFO - 2023-08-14 00:17:28 --> Model "Mconfigkey" initialized
INFO - 2023-08-14 00:17:28 --> Model "Mmatrix" initialized
INFO - 2023-08-14 00:17:28 --> Database Driver Class Initialized
INFO - 2023-08-14 00:17:28 --> Language file loaded: language/english/profiler_lang.php
INFO - 2023-08-14 00:17:28 --> Profiler Class Initialized
INFO - 2023-08-14 00:17:28 --> Helper loaded: text_helper
INFO - 2023-08-14 00:18:19 --> Config Class Initialized
INFO - 2023-08-14 00:18:19 --> Hooks Class Initialized
DEBUG - 2023-08-14 00:18:19 --> UTF-8 Support Enabled
INFO - 2023-08-14 00:18:19 --> Utf8 Class Initialized
INFO - 2023-08-14 00:18:19 --> URI Class Initialized
INFO - 2023-08-14 00:18:19 --> Router Class Initialized
INFO - 2023-08-14 00:18:19 --> Output Class Initialized
INFO - 2023-08-14 00:18:19 --> Security Class Initialized
DEBUG - 2023-08-14 00:18:19 --> Global POST, GET and COOKIE data sanitized
INFO - 2023-08-14 00:18:19 --> Input Class Initialized
INFO - 2023-08-14 00:18:19 --> Language Class Initialized
INFO - 2023-08-14 00:18:19 --> Loader Class Initialized
INFO - 2023-08-14 00:18:19 --> Helper loaded: url_helper
INFO - 2023-08-14 00:18:19 --> Controller Class Initialized
INFO - 2023-08-14 00:18:19 --> Model "Mconfigkey" initialized
INFO - 2023-08-14 00:18:19 --> Model "Mmatrix" initialized
INFO - 2023-08-14 00:18:19 --> Database Driver Class Initialized
INFO - 2023-08-14 00:18:20 --> Language file loaded: language/english/profiler_lang.php
INFO - 2023-08-14 00:18:20 --> Profiler Class Initialized
INFO - 2023-08-14 00:18:20 --> Helper loaded: text_helper
INFO - 2023-08-14 00:19:49 --> Config Class Initialized
INFO - 2023-08-14 00:19:49 --> Hooks Class Initialized
DEBUG - 2023-08-14 00:19:49 --> UTF-8 Support Enabled
INFO - 2023-08-14 00:19:49 --> Utf8 Class Initialized
INFO - 2023-08-14 00:19:49 --> URI Class Initialized
INFO - 2023-08-14 00:19:49 --> Router Class Initialized
INFO - 2023-08-14 00:19:49 --> Output Class Initialized
INFO - 2023-08-14 00:19:49 --> Security Class Initialized
DEBUG - 2023-08-14 00:19:49 --> Global POST, GET and COOKIE data sanitized
INFO - 2023-08-14 00:19:49 --> Input Class Initialized
INFO - 2023-08-14 00:19:49 --> Language Class Initialized
INFO - 2023-08-14 00:19:49 --> Loader Class Initialized
INFO - 2023-08-14 00:19:49 --> Helper loaded: url_helper
INFO - 2023-08-14 00:19:49 --> Controller Class Initialized
INFO - 2023-08-14 00:19:49 --> Model "Mconfigkey" initialized
INFO - 2023-08-14 00:19:49 --> Model "Mmatrix" initialized
INFO - 2023-08-14 00:19:49 --> Database Driver Class Initialized
INFO - 2023-08-14 00:19:49 --> Language file loaded: language/english/profiler_lang.php
INFO - 2023-08-14 00:19:49 --> Profiler Class Initialized
INFO - 2023-08-14 00:19:49 --> Helper loaded: text_helper
INFO - 2023-08-14 00:21:11 --> Config Class Initialized
INFO - 2023-08-14 00:21:11 --> Hooks Class Initialized
DEBUG - 2023-08-14 00:21:11 --> UTF-8 Support Enabled
INFO - 2023-08-14 00:21:11 --> Utf8 Class Initialized
INFO - 2023-08-14 00:21:11 --> URI Class Initialized
INFO - 2023-08-14 00:21:11 --> Router Class Initialized
INFO - 2023-08-14 00:21:11 --> Output Class Initialized
INFO - 2023-08-14 00:21:11 --> Security Class Initialized
DEBUG - 2023-08-14 00:21:11 --> Global POST, GET and COOKIE data sanitized
INFO - 2023-08-14 00:21:11 --> Input Class Initialized
INFO - 2023-08-14 00:21:11 --> Language Class Initialized
INFO - 2023-08-14 00:21:11 --> Loader Class Initialized
INFO - 2023-08-14 00:21:11 --> Helper loaded: url_helper
INFO - 2023-08-14 00:21:11 --> Controller Class Initialized
INFO - 2023-08-14 00:21:11 --> Model "Mconfigkey" initialized
INFO - 2023-08-14 00:21:11 --> Model "Mmatrix" initialized
INFO - 2023-08-14 00:21:11 --> Database Driver Class Initialized
INFO - 2023-08-14 00:21:11 --> Language file loaded: language/english/profiler_lang.php
INFO - 2023-08-14 00:21:11 --> Profiler Class Initialized
INFO - 2023-08-14 00:21:11 --> Helper loaded: text_helper
INFO - 2023-08-14 00:29:13 --> Config Class Initialized
INFO - 2023-08-14 00:29:13 --> Hooks Class Initialized
DEBUG - 2023-08-14 00:29:13 --> UTF-8 Support Enabled
INFO - 2023-08-14 00:29:13 --> Utf8 Class Initialized
INFO - 2023-08-14 00:29:13 --> URI Class Initialized
INFO - 2023-08-14 00:29:13 --> Router Class Initialized
INFO - 2023-08-14 00:29:13 --> Output Class Initialized
INFO - 2023-08-14 00:29:13 --> Security Class Initialized
DEBUG - 2023-08-14 00:29:13 --> Global POST, GET and COOKIE data sanitized
INFO - 2023-08-14 00:29:13 --> Input Class Initialized
INFO - 2023-08-14 00:29:13 --> Language Class Initialized
INFO - 2023-08-14 00:29:13 --> Loader Class Initialized
INFO - 2023-08-14 00:29:13 --> Helper loaded: url_helper
INFO - 2023-08-14 00:29:13 --> Controller Class Initialized
INFO - 2023-08-14 00:29:13 --> Model "Mconfigkey" initialized
INFO - 2023-08-14 00:29:13 --> Model "Mmatrix" initialized
INFO - 2023-08-14 00:29:13 --> Database Driver Class Initialized
INFO - 2023-08-14 00:29:13 --> Language file loaded: language/english/profiler_lang.php
INFO - 2023-08-14 00:29:13 --> Profiler Class Initialized
INFO - 2023-08-14 00:29:13 --> Helper loaded: text_helper
INFO - 2023-08-14 00:29:13 --> Final output sent to browser
DEBUG - 2023-08-14 00:29:13 --> Total execution time: 0.1828
INFO - 2023-08-14 00:29:14 --> Config Class Initialized
INFO - 2023-08-14 00:29:14 --> Hooks Class Initialized
DEBUG - 2023-08-14 00:29:14 --> UTF-8 Support Enabled
INFO - 2023-08-14 00:29:14 --> Utf8 Class Initialized
INFO - 2023-08-14 00:29:14 --> URI Class Initialized
INFO - 2023-08-14 00:29:14 --> Router Class Initialized
INFO - 2023-08-14 00:29:14 --> Output Class Initialized
INFO - 2023-08-14 00:29:14 --> Security Class Initialized
DEBUG - 2023-08-14 00:29:14 --> Global POST, GET and COOKIE data sanitized
INFO - 2023-08-14 00:29:14 --> Input Class Initialized
INFO - 2023-08-14 00:29:14 --> Language Class Initialized
INFO - 2023-08-14 00:29:14 --> Loader Class Initialized
INFO - 2023-08-14 00:29:14 --> Helper loaded: url_helper
INFO - 2023-08-14 00:29:14 --> Controller Class Initialized
INFO - 2023-08-14 00:29:14 --> Model "Mconfigkey" initialized
INFO - 2023-08-14 00:29:14 --> Model "Mmatrix" initialized
INFO - 2023-08-14 00:29:14 --> Database Driver Class Initialized
INFO - 2023-08-14 00:29:14 --> Language file loaded: language/english/profiler_lang.php
INFO - 2023-08-14 00:29:14 --> Profiler Class Initialized
INFO - 2023-08-14 00:29:14 --> Helper loaded: text_helper
INFO - 2023-08-14 00:29:14 --> Final output sent to browser
DEBUG - 2023-08-14 00:29:14 --> Total execution time: 0.1830
INFO - 2023-08-14 00:30:44 --> Config Class Initialized
INFO - 2023-08-14 00:30:44 --> Hooks Class Initialized
DEBUG - 2023-08-14 00:30:44 --> UTF-8 Support Enabled
INFO - 2023-08-14 00:30:44 --> Utf8 Class Initialized
INFO - 2023-08-14 00:30:44 --> URI Class Initialized
INFO - 2023-08-14 00:30:44 --> Router Class Initialized
INFO - 2023-08-14 00:30:44 --> Output Class Initialized
INFO - 2023-08-14 00:30:44 --> Security Class Initialized
DEBUG - 2023-08-14 00:30:44 --> Global POST, GET and COOKIE data sanitized
INFO - 2023-08-14 00:30:44 --> Input Class Initialized
INFO - 2023-08-14 00:30:44 --> Language Class Initialized
INFO - 2023-08-14 00:30:44 --> Loader Class Initialized
INFO - 2023-08-14 00:30:44 --> Helper loaded: url_helper
INFO - 2023-08-14 00:30:44 --> Controller Class Initialized
INFO - 2023-08-14 00:30:44 --> Model "Mconfigkey" initialized
INFO - 2023-08-14 00:30:44 --> Model "Mmatrix" initialized
INFO - 2023-08-14 00:30:44 --> Database Driver Class Initialized
INFO - 2023-08-14 00:30:44 --> Language file loaded: language/english/profiler_lang.php
INFO - 2023-08-14 00:30:44 --> Profiler Class Initialized
INFO - 2023-08-14 00:30:44 --> Helper loaded: text_helper
INFO - 2023-08-14 00:30:44 --> Final output sent to browser
DEBUG - 2023-08-14 00:30:44 --> Total execution time: 0.1794
INFO - 2023-08-14 00:30:44 --> Config Class Initialized
INFO - 2023-08-14 00:30:44 --> Hooks Class Initialized
DEBUG - 2023-08-14 00:30:44 --> UTF-8 Support Enabled
INFO - 2023-08-14 00:30:44 --> Utf8 Class Initialized
INFO - 2023-08-14 00:30:44 --> URI Class Initialized
INFO - 2023-08-14 00:30:44 --> Router Class Initialized
INFO - 2023-08-14 00:30:44 --> Output Class Initialized
INFO - 2023-08-14 00:30:44 --> Security Class Initialized
DEBUG - 2023-08-14 00:30:44 --> Global POST, GET and COOKIE data sanitized
INFO - 2023-08-14 00:30:44 --> Input Class Initialized
INFO - 2023-08-14 00:30:44 --> Language Class Initialized
INFO - 2023-08-14 00:30:44 --> Loader Class Initialized
INFO - 2023-08-14 00:30:44 --> Helper loaded: url_helper
INFO - 2023-08-14 00:30:44 --> Controller Class Initialized
INFO - 2023-08-14 00:30:44 --> Model "Mconfigkey" initialized
INFO - 2023-08-14 00:30:44 --> Model "Mmatrix" initialized
INFO - 2023-08-14 00:30:44 --> Database Driver Class Initialized
INFO - 2023-08-14 00:30:45 --> Language file loaded: language/english/profiler_lang.php
INFO - 2023-08-14 00:30:45 --> Profiler Class Initialized
INFO - 2023-08-14 00:30:45 --> Helper loaded: text_helper
INFO - 2023-08-14 00:30:45 --> Final output sent to browser
DEBUG - 2023-08-14 00:30:45 --> Total execution time: 0.1619
