INFO - 2025-04-22 15:51:47 --> Config Class Initialized
INFO - 2025-04-22 15:51:47 --> Hooks Class Initialized
DEBUG - 2025-04-22 15:51:47 --> UTF-8 Support Enabled
INFO - 2025-04-22 15:51:47 --> Utf8 Class Initialized
INFO - 2025-04-22 15:51:47 --> URI Class Initialized
INFO - 2025-04-22 15:51:47 --> Router Class Initialized
INFO - 2025-04-22 15:51:48 --> Output Class Initialized
INFO - 2025-04-22 15:51:48 --> Security Class Initialized
DEBUG - 2025-04-22 15:51:48 --> Global POST, GET and COOKIE data sanitized
INFO - 2025-04-22 15:51:48 --> Input Class Initialized
INFO - 2025-04-22 15:51:48 --> Language Class Initialized
INFO - 2025-04-22 15:51:48 --> Loader Class Initialized
INFO - 2025-04-22 15:51:48 --> Helper loaded: url_helper
INFO - 2025-04-22 15:51:48 --> Database Driver Class Initialized
INFO - 2025-04-22 15:51:48 --> Controller Class Initialized
INFO - 2025-04-22 15:51:48 --> Model "Mconfigkey" initialized
INFO - 2025-04-22 15:51:48 --> Final output sent to browser
DEBUG - 2025-04-22 15:51:48 --> Total execution time: 0.6825
INFO - 2025-04-22 15:52:12 --> Config Class Initialized
INFO - 2025-04-22 15:52:12 --> Hooks Class Initialized
DEBUG - 2025-04-22 15:52:12 --> UTF-8 Support Enabled
INFO - 2025-04-22 15:52:12 --> Utf8 Class Initialized
INFO - 2025-04-22 15:52:12 --> URI Class Initialized
INFO - 2025-04-22 15:52:12 --> Router Class Initialized
INFO - 2025-04-22 15:52:12 --> Output Class Initialized
INFO - 2025-04-22 15:52:12 --> Security Class Initialized
DEBUG - 2025-04-22 15:52:12 --> Global POST, GET and COOKIE data sanitized
INFO - 2025-04-22 15:52:12 --> Input Class Initialized
INFO - 2025-04-22 15:52:12 --> Language Class Initialized
INFO - 2025-04-22 15:52:12 --> Loader Class Initialized
INFO - 2025-04-22 15:52:12 --> Helper loaded: url_helper
INFO - 2025-04-22 15:52:12 --> Database Driver Class Initialized
INFO - 2025-04-22 15:52:12 --> Controller Class Initialized
INFO - 2025-04-22 15:52:12 --> Model "Mauth" initialized
INFO - 2025-04-22 15:52:12 --> Model "Mconfigkey" initialized
INFO - 2025-04-22 15:52:12 --> Final output sent to browser
DEBUG - 2025-04-22 15:52:12 --> Total execution time: 0.0654
INFO - 2025-04-22 15:52:48 --> Config Class Initialized
INFO - 2025-04-22 15:52:48 --> Hooks Class Initialized
DEBUG - 2025-04-22 15:52:48 --> UTF-8 Support Enabled
INFO - 2025-04-22 15:52:48 --> Utf8 Class Initialized
INFO - 2025-04-22 15:52:48 --> URI Class Initialized
INFO - 2025-04-22 15:52:48 --> Router Class Initialized
INFO - 2025-04-22 15:52:48 --> Output Class Initialized
INFO - 2025-04-22 15:52:48 --> Security Class Initialized
DEBUG - 2025-04-22 15:52:48 --> Global POST, GET and COOKIE data sanitized
INFO - 2025-04-22 15:52:48 --> Input Class Initialized
INFO - 2025-04-22 15:52:48 --> Language Class Initialized
INFO - 2025-04-22 15:52:48 --> Loader Class Initialized
INFO - 2025-04-22 15:52:48 --> Helper loaded: url_helper
INFO - 2025-04-22 15:52:48 --> Database Driver Class Initialized
INFO - 2025-04-22 15:52:48 --> Controller Class Initialized
INFO - 2025-04-22 15:52:48 --> Model "Mauth" initialized
INFO - 2025-04-22 15:52:48 --> Model "Mconfigkey" initialized
INFO - 2025-04-22 15:52:48 --> Final output sent to browser
DEBUG - 2025-04-22 15:52:48 --> Total execution time: 0.0278
INFO - 2025-04-22 15:52:56 --> Config Class Initialized
INFO - 2025-04-22 15:52:56 --> Hooks Class Initialized
DEBUG - 2025-04-22 15:52:56 --> UTF-8 Support Enabled
INFO - 2025-04-22 15:52:56 --> Utf8 Class Initialized
INFO - 2025-04-22 15:52:56 --> URI Class Initialized
INFO - 2025-04-22 15:52:56 --> Router Class Initialized
INFO - 2025-04-22 15:52:56 --> Output Class Initialized
INFO - 2025-04-22 15:52:56 --> Security Class Initialized
DEBUG - 2025-04-22 15:52:56 --> Global POST, GET and COOKIE data sanitized
INFO - 2025-04-22 15:52:56 --> Input Class Initialized
INFO - 2025-04-22 15:52:56 --> Language Class Initialized
INFO - 2025-04-22 15:52:56 --> Loader Class Initialized
INFO - 2025-04-22 15:52:56 --> Helper loaded: url_helper
INFO - 2025-04-22 15:52:56 --> Database Driver Class Initialized
INFO - 2025-04-22 15:52:56 --> Controller Class Initialized
INFO - 2025-04-22 15:52:56 --> Model "Mconfigkey" initialized
INFO - 2025-04-22 15:52:56 --> Model "Mportal_data" initialized
INFO - 2025-04-22 15:52:56 --> Final output sent to browser
DEBUG - 2025-04-22 15:52:56 --> Total execution time: 0.0679
INFO - 2025-04-22 15:53:00 --> Config Class Initialized
INFO - 2025-04-22 15:53:00 --> Hooks Class Initialized
DEBUG - 2025-04-22 15:53:00 --> UTF-8 Support Enabled
INFO - 2025-04-22 15:53:00 --> Utf8 Class Initialized
INFO - 2025-04-22 15:53:00 --> URI Class Initialized
INFO - 2025-04-22 15:53:00 --> Router Class Initialized
INFO - 2025-04-22 15:53:00 --> Output Class Initialized
INFO - 2025-04-22 15:53:00 --> Security Class Initialized
DEBUG - 2025-04-22 15:53:00 --> Global POST, GET and COOKIE data sanitized
INFO - 2025-04-22 15:53:00 --> Input Class Initialized
INFO - 2025-04-22 15:53:00 --> Language Class Initialized
INFO - 2025-04-22 15:53:00 --> Loader Class Initialized
INFO - 2025-04-22 15:53:00 --> Helper loaded: url_helper
INFO - 2025-04-22 15:53:00 --> Database Driver Class Initialized
INFO - 2025-04-22 15:53:00 --> Controller Class Initialized
INFO - 2025-04-22 15:53:00 --> Model "Mconfigkey" initialized
INFO - 2025-04-22 15:53:00 --> Model "Mportal_data" initialized
INFO - 2025-04-22 15:53:00 --> Final output sent to browser
DEBUG - 2025-04-22 15:53:00 --> Total execution time: 0.0498
INFO - 2025-04-22 15:53:07 --> Config Class Initialized
INFO - 2025-04-22 15:53:07 --> Hooks Class Initialized
DEBUG - 2025-04-22 15:53:07 --> UTF-8 Support Enabled
INFO - 2025-04-22 15:53:07 --> Utf8 Class Initialized
INFO - 2025-04-22 15:53:07 --> URI Class Initialized
INFO - 2025-04-22 15:53:07 --> Router Class Initialized
INFO - 2025-04-22 15:53:07 --> Output Class Initialized
INFO - 2025-04-22 15:53:07 --> Security Class Initialized
DEBUG - 2025-04-22 15:53:07 --> Global POST, GET and COOKIE data sanitized
INFO - 2025-04-22 15:53:07 --> Input Class Initialized
INFO - 2025-04-22 15:53:07 --> Language Class Initialized
INFO - 2025-04-22 15:53:07 --> Loader Class Initialized
INFO - 2025-04-22 15:53:07 --> Helper loaded: url_helper
INFO - 2025-04-22 15:53:07 --> Database Driver Class Initialized
INFO - 2025-04-22 15:53:07 --> Controller Class Initialized
INFO - 2025-04-22 15:53:07 --> Model "Mconfigkey" initialized
INFO - 2025-04-22 15:53:07 --> Model "Mportal_data" initialized
INFO - 2025-04-22 15:53:07 --> Final output sent to browser
DEBUG - 2025-04-22 15:53:07 --> Total execution time: 0.1696
INFO - 2025-04-22 15:53:13 --> Config Class Initialized
INFO - 2025-04-22 15:53:13 --> Hooks Class Initialized
DEBUG - 2025-04-22 15:53:13 --> UTF-8 Support Enabled
INFO - 2025-04-22 15:53:13 --> Utf8 Class Initialized
INFO - 2025-04-22 15:53:13 --> URI Class Initialized
INFO - 2025-04-22 15:53:13 --> Router Class Initialized
INFO - 2025-04-22 15:53:13 --> Output Class Initialized
INFO - 2025-04-22 15:53:13 --> Security Class Initialized
DEBUG - 2025-04-22 15:53:13 --> Global POST, GET and COOKIE data sanitized
INFO - 2025-04-22 15:53:13 --> Input Class Initialized
INFO - 2025-04-22 15:53:13 --> Language Class Initialized
INFO - 2025-04-22 15:53:13 --> Loader Class Initialized
INFO - 2025-04-22 15:53:13 --> Helper loaded: url_helper
INFO - 2025-04-22 15:53:13 --> Database Driver Class Initialized
INFO - 2025-04-22 15:53:13 --> Controller Class Initialized
INFO - 2025-04-22 15:53:13 --> Model "Mconfigkey" initialized
INFO - 2025-04-22 15:53:13 --> Model "Mportal_data" initialized
INFO - 2025-04-22 15:53:13 --> Final output sent to browser
DEBUG - 2025-04-22 15:53:13 --> Total execution time: 0.1228
INFO - 2025-04-22 16:07:43 --> Config Class Initialized
INFO - 2025-04-22 16:07:43 --> Hooks Class Initialized
DEBUG - 2025-04-22 16:07:43 --> UTF-8 Support Enabled
INFO - 2025-04-22 16:07:43 --> Utf8 Class Initialized
INFO - 2025-04-22 16:07:43 --> URI Class Initialized
INFO - 2025-04-22 16:07:43 --> Router Class Initialized
INFO - 2025-04-22 16:07:43 --> Output Class Initialized
INFO - 2025-04-22 16:07:43 --> Security Class Initialized
DEBUG - 2025-04-22 16:07:43 --> Global POST, GET and COOKIE data sanitized
INFO - 2025-04-22 16:07:43 --> Input Class Initialized
INFO - 2025-04-22 16:07:43 --> Language Class Initialized
INFO - 2025-04-22 16:07:43 --> Loader Class Initialized
INFO - 2025-04-22 16:07:43 --> Helper loaded: url_helper
INFO - 2025-04-22 16:07:43 --> Database Driver Class Initialized
INFO - 2025-04-22 16:07:43 --> Controller Class Initialized
INFO - 2025-04-22 16:07:43 --> Model "Mconfigkey" initialized
INFO - 2025-04-22 16:07:43 --> Final output sent to browser
DEBUG - 2025-04-22 16:07:43 --> Total execution time: 0.0264
INFO - 2025-04-22 16:08:21 --> Config Class Initialized
INFO - 2025-04-22 16:08:21 --> Hooks Class Initialized
DEBUG - 2025-04-22 16:08:21 --> UTF-8 Support Enabled
INFO - 2025-04-22 16:08:21 --> Utf8 Class Initialized
INFO - 2025-04-22 16:08:21 --> URI Class Initialized
INFO - 2025-04-22 16:08:21 --> Router Class Initialized
INFO - 2025-04-22 16:08:21 --> Output Class Initialized
INFO - 2025-04-22 16:08:21 --> Security Class Initialized
DEBUG - 2025-04-22 16:08:21 --> Global POST, GET and COOKIE data sanitized
INFO - 2025-04-22 16:08:21 --> Input Class Initialized
INFO - 2025-04-22 16:08:21 --> Language Class Initialized
INFO - 2025-04-22 16:08:21 --> Loader Class Initialized
INFO - 2025-04-22 16:08:21 --> Helper loaded: url_helper
INFO - 2025-04-22 16:08:21 --> Database Driver Class Initialized
INFO - 2025-04-22 16:08:21 --> Controller Class Initialized
INFO - 2025-04-22 16:08:21 --> Model "Mconfigkey" initialized
INFO - 2025-04-22 16:08:21 --> Final output sent to browser
DEBUG - 2025-04-22 16:08:21 --> Total execution time: 0.0221
INFO - 2025-04-22 16:10:36 --> Config Class Initialized
INFO - 2025-04-22 16:10:36 --> Hooks Class Initialized
DEBUG - 2025-04-22 16:10:36 --> UTF-8 Support Enabled
INFO - 2025-04-22 16:10:36 --> Utf8 Class Initialized
INFO - 2025-04-22 16:10:36 --> URI Class Initialized
INFO - 2025-04-22 16:10:36 --> Router Class Initialized
INFO - 2025-04-22 16:10:36 --> Output Class Initialized
INFO - 2025-04-22 16:10:36 --> Security Class Initialized
DEBUG - 2025-04-22 16:10:36 --> Global POST, GET and COOKIE data sanitized
INFO - 2025-04-22 16:10:36 --> Input Class Initialized
INFO - 2025-04-22 16:10:36 --> Language Class Initialized
INFO - 2025-04-22 16:10:36 --> Loader Class Initialized
INFO - 2025-04-22 16:10:36 --> Helper loaded: url_helper
INFO - 2025-04-22 16:10:36 --> Database Driver Class Initialized
INFO - 2025-04-22 16:10:36 --> Controller Class Initialized
INFO - 2025-04-22 16:10:36 --> Model "Mconfigkey" initialized
INFO - 2025-04-22 16:10:36 --> Model "Mportal_data" initialized
INFO - 2025-04-22 16:10:36 --> Final output sent to browser
DEBUG - 2025-04-22 16:10:36 --> Total execution time: 0.0512
INFO - 2025-04-22 16:10:39 --> Config Class Initialized
INFO - 2025-04-22 16:10:39 --> Hooks Class Initialized
DEBUG - 2025-04-22 16:10:39 --> UTF-8 Support Enabled
INFO - 2025-04-22 16:10:39 --> Utf8 Class Initialized
INFO - 2025-04-22 16:10:39 --> URI Class Initialized
INFO - 2025-04-22 16:10:39 --> Router Class Initialized
INFO - 2025-04-22 16:10:39 --> Output Class Initialized
INFO - 2025-04-22 16:10:39 --> Security Class Initialized
DEBUG - 2025-04-22 16:10:39 --> Global POST, GET and COOKIE data sanitized
INFO - 2025-04-22 16:10:39 --> Input Class Initialized
INFO - 2025-04-22 16:10:39 --> Language Class Initialized
INFO - 2025-04-22 16:10:39 --> Loader Class Initialized
INFO - 2025-04-22 16:10:39 --> Helper loaded: url_helper
INFO - 2025-04-22 16:10:39 --> Database Driver Class Initialized
INFO - 2025-04-22 16:10:39 --> Controller Class Initialized
INFO - 2025-04-22 16:10:39 --> Model "Mconfigkey" initialized
INFO - 2025-04-22 16:10:39 --> Model "Mportal_data" initialized
INFO - 2025-04-22 16:10:42 --> Final output sent to browser
DEBUG - 2025-04-22 16:10:42 --> Total execution time: 2.8806
INFO - 2025-04-22 16:10:42 --> Config Class Initialized
INFO - 2025-04-22 16:10:42 --> Hooks Class Initialized
DEBUG - 2025-04-22 16:10:42 --> UTF-8 Support Enabled
INFO - 2025-04-22 16:10:42 --> Utf8 Class Initialized
INFO - 2025-04-22 16:10:42 --> URI Class Initialized
INFO - 2025-04-22 16:10:42 --> Router Class Initialized
INFO - 2025-04-22 16:10:42 --> Output Class Initialized
INFO - 2025-04-22 16:10:42 --> Security Class Initialized
DEBUG - 2025-04-22 16:10:42 --> Global POST, GET and COOKIE data sanitized
INFO - 2025-04-22 16:10:42 --> Input Class Initialized
INFO - 2025-04-22 16:10:42 --> Language Class Initialized
INFO - 2025-04-22 16:10:42 --> Loader Class Initialized
INFO - 2025-04-22 16:10:42 --> Helper loaded: url_helper
INFO - 2025-04-22 16:10:42 --> Database Driver Class Initialized
INFO - 2025-04-22 16:10:42 --> Controller Class Initialized
INFO - 2025-04-22 16:10:42 --> Model "Mconfigkey" initialized
INFO - 2025-04-22 16:10:43 --> Model "Mportal_data" initialized
INFO - 2025-04-22 16:10:43 --> Final output sent to browser
DEBUG - 2025-04-22 16:10:43 --> Total execution time: 0.3346
INFO - 2025-04-22 16:19:42 --> Config Class Initialized
INFO - 2025-04-22 16:19:42 --> Hooks Class Initialized
DEBUG - 2025-04-22 16:19:42 --> UTF-8 Support Enabled
INFO - 2025-04-22 16:19:42 --> Utf8 Class Initialized
INFO - 2025-04-22 16:19:42 --> URI Class Initialized
INFO - 2025-04-22 16:19:42 --> Router Class Initialized
INFO - 2025-04-22 16:19:42 --> Output Class Initialized
INFO - 2025-04-22 16:19:42 --> Security Class Initialized
DEBUG - 2025-04-22 16:19:42 --> Global POST, GET and COOKIE data sanitized
INFO - 2025-04-22 16:19:42 --> Input Class Initialized
INFO - 2025-04-22 16:19:42 --> Language Class Initialized
INFO - 2025-04-22 16:19:42 --> Loader Class Initialized
INFO - 2025-04-22 16:19:42 --> Helper loaded: url_helper
INFO - 2025-04-22 16:19:42 --> Database Driver Class Initialized
INFO - 2025-04-22 16:19:42 --> Controller Class Initialized
INFO - 2025-04-22 16:19:42 --> Model "Mconfigkey" initialized
INFO - 2025-04-22 16:19:42 --> Model "Mportal_data" initialized
INFO - 2025-04-22 16:19:42 --> Final output sent to browser
DEBUG - 2025-04-22 16:19:42 --> Total execution time: 0.0508
INFO - 2025-04-22 16:19:48 --> Config Class Initialized
INFO - 2025-04-22 16:19:48 --> Hooks Class Initialized
DEBUG - 2025-04-22 16:19:48 --> UTF-8 Support Enabled
INFO - 2025-04-22 16:19:48 --> Utf8 Class Initialized
INFO - 2025-04-22 16:19:48 --> URI Class Initialized
INFO - 2025-04-22 16:19:48 --> Router Class Initialized
INFO - 2025-04-22 16:19:48 --> Output Class Initialized
INFO - 2025-04-22 16:19:48 --> Security Class Initialized
DEBUG - 2025-04-22 16:19:48 --> Global POST, GET and COOKIE data sanitized
INFO - 2025-04-22 16:19:48 --> Input Class Initialized
INFO - 2025-04-22 16:19:48 --> Language Class Initialized
INFO - 2025-04-22 16:19:48 --> Loader Class Initialized
INFO - 2025-04-22 16:19:48 --> Helper loaded: url_helper
INFO - 2025-04-22 16:19:48 --> Database Driver Class Initialized
INFO - 2025-04-22 16:19:48 --> Controller Class Initialized
INFO - 2025-04-22 16:19:48 --> Model "Mconfigkey" initialized
INFO - 2025-04-22 16:19:48 --> Model "Mportal_data" initialized
INFO - 2025-04-22 16:19:48 --> Final output sent to browser
DEBUG - 2025-04-22 16:19:48 --> Total execution time: 0.0426
INFO - 2025-04-22 16:21:05 --> Config Class Initialized
INFO - 2025-04-22 16:21:05 --> Hooks Class Initialized
DEBUG - 2025-04-22 16:21:05 --> UTF-8 Support Enabled
INFO - 2025-04-22 16:21:05 --> Utf8 Class Initialized
INFO - 2025-04-22 16:21:05 --> URI Class Initialized
INFO - 2025-04-22 16:21:05 --> Router Class Initialized
INFO - 2025-04-22 16:21:05 --> Output Class Initialized
INFO - 2025-04-22 16:21:05 --> Security Class Initialized
DEBUG - 2025-04-22 16:21:05 --> Global POST, GET and COOKIE data sanitized
INFO - 2025-04-22 16:21:05 --> Input Class Initialized
INFO - 2025-04-22 16:21:05 --> Language Class Initialized
INFO - 2025-04-22 16:21:05 --> Loader Class Initialized
INFO - 2025-04-22 16:21:05 --> Helper loaded: url_helper
INFO - 2025-04-22 16:21:05 --> Database Driver Class Initialized
INFO - 2025-04-22 16:21:05 --> Controller Class Initialized
INFO - 2025-04-22 16:21:05 --> Model "Mconfigkey" initialized
INFO - 2025-04-22 16:21:05 --> Model "Mportal_data" initialized
INFO - 2025-04-22 16:21:07 --> Final output sent to browser
DEBUG - 2025-04-22 16:21:07 --> Total execution time: 1.7060
INFO - 2025-04-22 16:21:07 --> Config Class Initialized
INFO - 2025-04-22 16:21:07 --> Hooks Class Initialized
DEBUG - 2025-04-22 16:21:07 --> UTF-8 Support Enabled
INFO - 2025-04-22 16:21:07 --> Utf8 Class Initialized
INFO - 2025-04-22 16:21:07 --> URI Class Initialized
INFO - 2025-04-22 16:21:07 --> Router Class Initialized
INFO - 2025-04-22 16:21:07 --> Output Class Initialized
INFO - 2025-04-22 16:21:07 --> Security Class Initialized
DEBUG - 2025-04-22 16:21:07 --> Global POST, GET and COOKIE data sanitized
INFO - 2025-04-22 16:21:07 --> Input Class Initialized
INFO - 2025-04-22 16:21:07 --> Language Class Initialized
INFO - 2025-04-22 16:21:07 --> Loader Class Initialized
INFO - 2025-04-22 16:21:07 --> Helper loaded: url_helper
INFO - 2025-04-22 16:21:07 --> Database Driver Class Initialized
INFO - 2025-04-22 16:21:07 --> Controller Class Initialized
INFO - 2025-04-22 16:21:07 --> Model "Mconfigkey" initialized
INFO - 2025-04-22 16:21:07 --> Model "Mportal_data" initialized
INFO - 2025-04-22 16:21:07 --> Final output sent to browser
DEBUG - 2025-04-22 16:21:07 --> Total execution time: 0.3478
INFO - 2025-04-22 16:21:13 --> Config Class Initialized
INFO - 2025-04-22 16:21:13 --> Hooks Class Initialized
DEBUG - 2025-04-22 16:21:13 --> UTF-8 Support Enabled
INFO - 2025-04-22 16:21:13 --> Utf8 Class Initialized
INFO - 2025-04-22 16:21:13 --> URI Class Initialized
INFO - 2025-04-22 16:21:13 --> Router Class Initialized
INFO - 2025-04-22 16:21:13 --> Output Class Initialized
INFO - 2025-04-22 16:21:13 --> Security Class Initialized
DEBUG - 2025-04-22 16:21:13 --> Global POST, GET and COOKIE data sanitized
INFO - 2025-04-22 16:21:13 --> Input Class Initialized
INFO - 2025-04-22 16:21:13 --> Language Class Initialized
INFO - 2025-04-22 16:21:13 --> Loader Class Initialized
INFO - 2025-04-22 16:21:13 --> Helper loaded: url_helper
INFO - 2025-04-22 16:21:13 --> Database Driver Class Initialized
INFO - 2025-04-22 16:21:13 --> Controller Class Initialized
INFO - 2025-04-22 16:21:13 --> Model "Mconfigkey" initialized
INFO - 2025-04-22 16:21:13 --> Model "Mportal_data" initialized
INFO - 2025-04-22 16:21:13 --> Final output sent to browser
DEBUG - 2025-04-22 16:21:13 --> Total execution time: 0.0429
INFO - 2025-04-22 16:21:18 --> Config Class Initialized
INFO - 2025-04-22 16:21:18 --> Hooks Class Initialized
DEBUG - 2025-04-22 16:21:18 --> UTF-8 Support Enabled
INFO - 2025-04-22 16:21:18 --> Utf8 Class Initialized
INFO - 2025-04-22 16:21:18 --> URI Class Initialized
INFO - 2025-04-22 16:21:18 --> Router Class Initialized
INFO - 2025-04-22 16:21:18 --> Output Class Initialized
INFO - 2025-04-22 16:21:18 --> Security Class Initialized
DEBUG - 2025-04-22 16:21:18 --> Global POST, GET and COOKIE data sanitized
INFO - 2025-04-22 16:21:18 --> Input Class Initialized
INFO - 2025-04-22 16:21:18 --> Language Class Initialized
INFO - 2025-04-22 16:21:18 --> Loader Class Initialized
INFO - 2025-04-22 16:21:18 --> Helper loaded: url_helper
INFO - 2025-04-22 16:21:18 --> Database Driver Class Initialized
INFO - 2025-04-22 16:21:18 --> Controller Class Initialized
INFO - 2025-04-22 16:21:18 --> Model "Mconfigkey" initialized
INFO - 2025-04-22 16:21:18 --> Final output sent to browser
DEBUG - 2025-04-22 16:21:18 --> Total execution time: 0.0218
INFO - 2025-04-22 16:21:22 --> Config Class Initialized
INFO - 2025-04-22 16:21:22 --> Hooks Class Initialized
DEBUG - 2025-04-22 16:21:22 --> UTF-8 Support Enabled
INFO - 2025-04-22 16:21:22 --> Utf8 Class Initialized
INFO - 2025-04-22 16:21:22 --> URI Class Initialized
INFO - 2025-04-22 16:21:22 --> Router Class Initialized
INFO - 2025-04-22 16:21:22 --> Output Class Initialized
INFO - 2025-04-22 16:21:22 --> Security Class Initialized
DEBUG - 2025-04-22 16:21:22 --> Global POST, GET and COOKIE data sanitized
INFO - 2025-04-22 16:21:22 --> Input Class Initialized
INFO - 2025-04-22 16:21:22 --> Language Class Initialized
INFO - 2025-04-22 16:21:22 --> Loader Class Initialized
INFO - 2025-04-22 16:21:22 --> Helper loaded: url_helper
INFO - 2025-04-22 16:21:22 --> Database Driver Class Initialized
INFO - 2025-04-22 16:21:22 --> Controller Class Initialized
INFO - 2025-04-22 16:21:22 --> Model "Mconfigkey" initialized
INFO - 2025-04-22 16:21:22 --> Model "Mportal_data" initialized
INFO - 2025-04-22 16:21:22 --> Final output sent to browser
DEBUG - 2025-04-22 16:21:22 --> Total execution time: 0.0452
INFO - 2025-04-22 16:21:24 --> Config Class Initialized
INFO - 2025-04-22 16:21:24 --> Hooks Class Initialized
DEBUG - 2025-04-22 16:21:24 --> UTF-8 Support Enabled
INFO - 2025-04-22 16:21:24 --> Utf8 Class Initialized
INFO - 2025-04-22 16:21:24 --> URI Class Initialized
INFO - 2025-04-22 16:21:24 --> Router Class Initialized
INFO - 2025-04-22 16:21:24 --> Output Class Initialized
INFO - 2025-04-22 16:21:24 --> Security Class Initialized
DEBUG - 2025-04-22 16:21:24 --> Global POST, GET and COOKIE data sanitized
INFO - 2025-04-22 16:21:24 --> Input Class Initialized
INFO - 2025-04-22 16:21:24 --> Language Class Initialized
INFO - 2025-04-22 16:21:24 --> Loader Class Initialized
INFO - 2025-04-22 16:21:24 --> Helper loaded: url_helper
INFO - 2025-04-22 16:21:24 --> Database Driver Class Initialized
INFO - 2025-04-22 16:21:24 --> Controller Class Initialized
INFO - 2025-04-22 16:21:24 --> Model "Mconfigkey" initialized
INFO - 2025-04-22 16:21:24 --> Model "Mportal_data" initialized
INFO - 2025-04-22 16:21:24 --> Final output sent to browser
DEBUG - 2025-04-22 16:21:24 --> Total execution time: 0.0540
INFO - 2025-04-22 16:21:33 --> Config Class Initialized
INFO - 2025-04-22 16:21:33 --> Hooks Class Initialized
DEBUG - 2025-04-22 16:21:33 --> UTF-8 Support Enabled
INFO - 2025-04-22 16:21:33 --> Utf8 Class Initialized
INFO - 2025-04-22 16:21:33 --> URI Class Initialized
INFO - 2025-04-22 16:21:33 --> Router Class Initialized
INFO - 2025-04-22 16:21:33 --> Output Class Initialized
INFO - 2025-04-22 16:21:33 --> Security Class Initialized
DEBUG - 2025-04-22 16:21:33 --> Global POST, GET and COOKIE data sanitized
INFO - 2025-04-22 16:21:33 --> Input Class Initialized
INFO - 2025-04-22 16:21:33 --> Language Class Initialized
INFO - 2025-04-22 16:21:33 --> Loader Class Initialized
INFO - 2025-04-22 16:21:33 --> Helper loaded: url_helper
INFO - 2025-04-22 16:21:33 --> Database Driver Class Initialized
INFO - 2025-04-22 16:21:33 --> Controller Class Initialized
INFO - 2025-04-22 16:21:33 --> Model "Mconfigkey" initialized
INFO - 2025-04-22 16:21:33 --> Model "Mportal_data" initialized
INFO - 2025-04-22 16:21:34 --> Final output sent to browser
DEBUG - 2025-04-22 16:21:34 --> Total execution time: 0.5143
INFO - 2025-04-22 16:21:37 --> Config Class Initialized
INFO - 2025-04-22 16:21:37 --> Hooks Class Initialized
DEBUG - 2025-04-22 16:21:37 --> UTF-8 Support Enabled
INFO - 2025-04-22 16:21:37 --> Utf8 Class Initialized
INFO - 2025-04-22 16:21:37 --> URI Class Initialized
INFO - 2025-04-22 16:21:37 --> Router Class Initialized
INFO - 2025-04-22 16:21:37 --> Output Class Initialized
INFO - 2025-04-22 16:21:37 --> Security Class Initialized
DEBUG - 2025-04-22 16:21:37 --> Global POST, GET and COOKIE data sanitized
INFO - 2025-04-22 16:21:37 --> Input Class Initialized
INFO - 2025-04-22 16:21:37 --> Language Class Initialized
INFO - 2025-04-22 16:21:37 --> Loader Class Initialized
INFO - 2025-04-22 16:21:37 --> Helper loaded: url_helper
INFO - 2025-04-22 16:21:37 --> Database Driver Class Initialized
INFO - 2025-04-22 16:21:37 --> Controller Class Initialized
INFO - 2025-04-22 16:21:37 --> Model "Mconfigkey" initialized
INFO - 2025-04-22 16:21:37 --> Model "Mportal_data" initialized
INFO - 2025-04-22 16:21:40 --> Final output sent to browser
DEBUG - 2025-04-22 16:21:40 --> Total execution time: 2.8863
INFO - 2025-04-22 16:21:40 --> Config Class Initialized
INFO - 2025-04-22 16:21:40 --> Hooks Class Initialized
DEBUG - 2025-04-22 16:21:40 --> UTF-8 Support Enabled
INFO - 2025-04-22 16:21:40 --> Utf8 Class Initialized
INFO - 2025-04-22 16:21:40 --> URI Class Initialized
INFO - 2025-04-22 16:21:40 --> Router Class Initialized
INFO - 2025-04-22 16:21:40 --> Output Class Initialized
INFO - 2025-04-22 16:21:40 --> Security Class Initialized
DEBUG - 2025-04-22 16:21:40 --> Global POST, GET and COOKIE data sanitized
INFO - 2025-04-22 16:21:40 --> Input Class Initialized
INFO - 2025-04-22 16:21:40 --> Language Class Initialized
INFO - 2025-04-22 16:21:40 --> Loader Class Initialized
INFO - 2025-04-22 16:21:40 --> Helper loaded: url_helper
INFO - 2025-04-22 16:21:40 --> Database Driver Class Initialized
INFO - 2025-04-22 16:21:40 --> Controller Class Initialized
INFO - 2025-04-22 16:21:40 --> Model "Mconfigkey" initialized
INFO - 2025-04-22 16:21:40 --> Model "Mportal_data" initialized
INFO - 2025-04-22 16:21:42 --> Final output sent to browser
DEBUG - 2025-04-22 16:21:42 --> Total execution time: 1.6136
INFO - 2025-04-22 16:21:48 --> Config Class Initialized
INFO - 2025-04-22 16:21:48 --> Hooks Class Initialized
DEBUG - 2025-04-22 16:21:48 --> UTF-8 Support Enabled
INFO - 2025-04-22 16:21:48 --> Utf8 Class Initialized
INFO - 2025-04-22 16:21:48 --> URI Class Initialized
INFO - 2025-04-22 16:21:48 --> Router Class Initialized
INFO - 2025-04-22 16:21:48 --> Output Class Initialized
INFO - 2025-04-22 16:21:48 --> Security Class Initialized
DEBUG - 2025-04-22 16:21:48 --> Global POST, GET and COOKIE data sanitized
INFO - 2025-04-22 16:21:48 --> Input Class Initialized
INFO - 2025-04-22 16:21:48 --> Language Class Initialized
INFO - 2025-04-22 16:21:48 --> Loader Class Initialized
INFO - 2025-04-22 16:21:48 --> Helper loaded: url_helper
INFO - 2025-04-22 16:21:48 --> Database Driver Class Initialized
INFO - 2025-04-22 16:21:48 --> Controller Class Initialized
INFO - 2025-04-22 16:21:48 --> Model "Mconfigkey" initialized
INFO - 2025-04-22 16:21:48 --> Model "Mportal_data" initialized
INFO - 2025-04-22 16:21:48 --> Final output sent to browser
DEBUG - 2025-04-22 16:21:48 --> Total execution time: 0.0443
INFO - 2025-04-22 16:21:57 --> Config Class Initialized
INFO - 2025-04-22 16:21:57 --> Hooks Class Initialized
DEBUG - 2025-04-22 16:21:57 --> UTF-8 Support Enabled
INFO - 2025-04-22 16:21:57 --> Utf8 Class Initialized
INFO - 2025-04-22 16:21:57 --> URI Class Initialized
INFO - 2025-04-22 16:21:57 --> Router Class Initialized
INFO - 2025-04-22 16:21:57 --> Output Class Initialized
INFO - 2025-04-22 16:21:57 --> Security Class Initialized
DEBUG - 2025-04-22 16:21:57 --> Global POST, GET and COOKIE data sanitized
INFO - 2025-04-22 16:21:57 --> Input Class Initialized
INFO - 2025-04-22 16:21:57 --> Language Class Initialized
INFO - 2025-04-22 16:21:57 --> Loader Class Initialized
INFO - 2025-04-22 16:21:57 --> Helper loaded: url_helper
INFO - 2025-04-22 16:21:57 --> Database Driver Class Initialized
INFO - 2025-04-22 16:21:57 --> Controller Class Initialized
INFO - 2025-04-22 16:21:57 --> Model "Mconfigkey" initialized
INFO - 2025-04-22 16:21:57 --> Model "Mportal_data" initialized
INFO - 2025-04-22 16:21:57 --> Final output sent to browser
DEBUG - 2025-04-22 16:21:57 --> Total execution time: 0.0451
INFO - 2025-04-22 16:22:11 --> Config Class Initialized
INFO - 2025-04-22 16:22:11 --> Hooks Class Initialized
DEBUG - 2025-04-22 16:22:11 --> UTF-8 Support Enabled
INFO - 2025-04-22 16:22:11 --> Utf8 Class Initialized
INFO - 2025-04-22 16:22:11 --> URI Class Initialized
INFO - 2025-04-22 16:22:11 --> Router Class Initialized
INFO - 2025-04-22 16:22:11 --> Output Class Initialized
INFO - 2025-04-22 16:22:11 --> Security Class Initialized
DEBUG - 2025-04-22 16:22:11 --> Global POST, GET and COOKIE data sanitized
INFO - 2025-04-22 16:22:11 --> Input Class Initialized
INFO - 2025-04-22 16:22:11 --> Language Class Initialized
INFO - 2025-04-22 16:22:11 --> Loader Class Initialized
INFO - 2025-04-22 16:22:11 --> Helper loaded: url_helper
INFO - 2025-04-22 16:22:11 --> Database Driver Class Initialized
INFO - 2025-04-22 16:22:11 --> Controller Class Initialized
INFO - 2025-04-22 16:22:11 --> Model "Mconfigkey" initialized
INFO - 2025-04-22 16:22:11 --> Model "Mportal_data" initialized
INFO - 2025-04-22 16:22:11 --> Final output sent to browser
DEBUG - 2025-04-22 16:22:11 --> Total execution time: 0.0563
INFO - 2025-04-22 16:22:37 --> Config Class Initialized
INFO - 2025-04-22 16:22:37 --> Hooks Class Initialized
DEBUG - 2025-04-22 16:22:37 --> UTF-8 Support Enabled
INFO - 2025-04-22 16:22:37 --> Utf8 Class Initialized
INFO - 2025-04-22 16:22:37 --> URI Class Initialized
INFO - 2025-04-22 16:22:37 --> Router Class Initialized
INFO - 2025-04-22 16:22:37 --> Output Class Initialized
INFO - 2025-04-22 16:22:37 --> Security Class Initialized
DEBUG - 2025-04-22 16:22:37 --> Global POST, GET and COOKIE data sanitized
INFO - 2025-04-22 16:22:37 --> Input Class Initialized
INFO - 2025-04-22 16:22:37 --> Language Class Initialized
INFO - 2025-04-22 16:22:37 --> Loader Class Initialized
INFO - 2025-04-22 16:22:37 --> Helper loaded: url_helper
INFO - 2025-04-22 16:22:37 --> Database Driver Class Initialized
INFO - 2025-04-22 16:22:37 --> Controller Class Initialized
INFO - 2025-04-22 16:22:37 --> Model "Mconfigkey" initialized
INFO - 2025-04-22 16:22:37 --> Model "Mportal_data" initialized
INFO - 2025-04-22 16:22:40 --> Final output sent to browser
DEBUG - 2025-04-22 16:22:40 --> Total execution time: 2.8225
INFO - 2025-04-22 16:22:40 --> Config Class Initialized
INFO - 2025-04-22 16:22:40 --> Hooks Class Initialized
DEBUG - 2025-04-22 16:22:40 --> UTF-8 Support Enabled
INFO - 2025-04-22 16:22:40 --> Utf8 Class Initialized
INFO - 2025-04-22 16:22:40 --> URI Class Initialized
INFO - 2025-04-22 16:22:40 --> Router Class Initialized
INFO - 2025-04-22 16:22:40 --> Output Class Initialized
INFO - 2025-04-22 16:22:40 --> Security Class Initialized
DEBUG - 2025-04-22 16:22:40 --> Global POST, GET and COOKIE data sanitized
INFO - 2025-04-22 16:22:40 --> Input Class Initialized
INFO - 2025-04-22 16:22:40 --> Language Class Initialized
INFO - 2025-04-22 16:22:40 --> Loader Class Initialized
INFO - 2025-04-22 16:22:40 --> Helper loaded: url_helper
INFO - 2025-04-22 16:22:40 --> Database Driver Class Initialized
INFO - 2025-04-22 16:22:40 --> Controller Class Initialized
INFO - 2025-04-22 16:22:40 --> Model "Mconfigkey" initialized
INFO - 2025-04-22 16:22:40 --> Model "Mportal_data" initialized
INFO - 2025-04-22 16:22:41 --> Final output sent to browser
DEBUG - 2025-04-22 16:22:41 --> Total execution time: 0.7058
INFO - 2025-04-22 16:22:45 --> Config Class Initialized
INFO - 2025-04-22 16:22:45 --> Hooks Class Initialized
DEBUG - 2025-04-22 16:22:45 --> UTF-8 Support Enabled
INFO - 2025-04-22 16:22:45 --> Utf8 Class Initialized
INFO - 2025-04-22 16:22:45 --> URI Class Initialized
INFO - 2025-04-22 16:22:45 --> Router Class Initialized
INFO - 2025-04-22 16:22:45 --> Output Class Initialized
INFO - 2025-04-22 16:22:45 --> Security Class Initialized
DEBUG - 2025-04-22 16:22:45 --> Global POST, GET and COOKIE data sanitized
INFO - 2025-04-22 16:22:45 --> Input Class Initialized
INFO - 2025-04-22 16:22:45 --> Language Class Initialized
INFO - 2025-04-22 16:22:45 --> Loader Class Initialized
INFO - 2025-04-22 16:22:45 --> Helper loaded: url_helper
INFO - 2025-04-22 16:22:45 --> Database Driver Class Initialized
INFO - 2025-04-22 16:22:45 --> Controller Class Initialized
INFO - 2025-04-22 16:22:45 --> Model "Mconfigkey" initialized
INFO - 2025-04-22 16:22:45 --> Model "Mportal_data" initialized
INFO - 2025-04-22 16:22:45 --> Final output sent to browser
DEBUG - 2025-04-22 16:22:45 --> Total execution time: 0.0489
INFO - 2025-04-22 16:23:02 --> Config Class Initialized
INFO - 2025-04-22 16:23:02 --> Hooks Class Initialized
DEBUG - 2025-04-22 16:23:02 --> UTF-8 Support Enabled
INFO - 2025-04-22 16:23:02 --> Utf8 Class Initialized
INFO - 2025-04-22 16:23:02 --> URI Class Initialized
INFO - 2025-04-22 16:23:02 --> Router Class Initialized
INFO - 2025-04-22 16:23:02 --> Output Class Initialized
INFO - 2025-04-22 16:23:02 --> Security Class Initialized
DEBUG - 2025-04-22 16:23:02 --> Global POST, GET and COOKIE data sanitized
INFO - 2025-04-22 16:23:02 --> Input Class Initialized
INFO - 2025-04-22 16:23:02 --> Language Class Initialized
INFO - 2025-04-22 16:23:02 --> Loader Class Initialized
INFO - 2025-04-22 16:23:02 --> Helper loaded: url_helper
INFO - 2025-04-22 16:23:02 --> Database Driver Class Initialized
INFO - 2025-04-22 16:23:02 --> Controller Class Initialized
INFO - 2025-04-22 16:23:02 --> Model "Mconfigkey" initialized
INFO - 2025-04-22 16:23:02 --> Final output sent to browser
DEBUG - 2025-04-22 16:23:02 --> Total execution time: 0.0222
INFO - 2025-04-22 16:23:07 --> Config Class Initialized
INFO - 2025-04-22 16:23:07 --> Hooks Class Initialized
DEBUG - 2025-04-22 16:23:07 --> UTF-8 Support Enabled
INFO - 2025-04-22 16:23:07 --> Utf8 Class Initialized
INFO - 2025-04-22 16:23:07 --> URI Class Initialized
INFO - 2025-04-22 16:23:07 --> Router Class Initialized
INFO - 2025-04-22 16:23:07 --> Output Class Initialized
INFO - 2025-04-22 16:23:07 --> Security Class Initialized
DEBUG - 2025-04-22 16:23:07 --> Global POST, GET and COOKIE data sanitized
INFO - 2025-04-22 16:23:07 --> Input Class Initialized
INFO - 2025-04-22 16:23:07 --> Language Class Initialized
INFO - 2025-04-22 16:23:07 --> Loader Class Initialized
INFO - 2025-04-22 16:23:07 --> Helper loaded: url_helper
INFO - 2025-04-22 16:23:07 --> Database Driver Class Initialized
INFO - 2025-04-22 16:23:07 --> Controller Class Initialized
INFO - 2025-04-22 16:23:07 --> Model "Mconfigkey" initialized
INFO - 2025-04-22 16:23:07 --> Model "Mportal_data" initialized
INFO - 2025-04-22 16:23:07 --> Final output sent to browser
DEBUG - 2025-04-22 16:23:07 --> Total execution time: 0.0426
INFO - 2025-04-22 16:23:08 --> Config Class Initialized
INFO - 2025-04-22 16:23:08 --> Hooks Class Initialized
DEBUG - 2025-04-22 16:23:08 --> UTF-8 Support Enabled
INFO - 2025-04-22 16:23:08 --> Utf8 Class Initialized
INFO - 2025-04-22 16:23:08 --> URI Class Initialized
INFO - 2025-04-22 16:23:08 --> Router Class Initialized
INFO - 2025-04-22 16:23:08 --> Output Class Initialized
INFO - 2025-04-22 16:23:08 --> Security Class Initialized
DEBUG - 2025-04-22 16:23:08 --> Global POST, GET and COOKIE data sanitized
INFO - 2025-04-22 16:23:08 --> Input Class Initialized
INFO - 2025-04-22 16:23:08 --> Language Class Initialized
INFO - 2025-04-22 16:23:08 --> Loader Class Initialized
INFO - 2025-04-22 16:23:08 --> Helper loaded: url_helper
INFO - 2025-04-22 16:23:08 --> Database Driver Class Initialized
INFO - 2025-04-22 16:23:08 --> Controller Class Initialized
INFO - 2025-04-22 16:23:08 --> Model "Mconfigkey" initialized
INFO - 2025-04-22 16:23:08 --> Model "Mportal_data" initialized
INFO - 2025-04-22 16:23:09 --> Final output sent to browser
DEBUG - 2025-04-22 16:23:09 --> Total execution time: 0.0442
INFO - 2025-04-22 16:23:17 --> Config Class Initialized
INFO - 2025-04-22 16:23:17 --> Hooks Class Initialized
DEBUG - 2025-04-22 16:23:17 --> UTF-8 Support Enabled
INFO - 2025-04-22 16:23:17 --> Utf8 Class Initialized
INFO - 2025-04-22 16:23:17 --> URI Class Initialized
INFO - 2025-04-22 16:23:17 --> Router Class Initialized
INFO - 2025-04-22 16:23:17 --> Output Class Initialized
INFO - 2025-04-22 16:23:17 --> Security Class Initialized
DEBUG - 2025-04-22 16:23:17 --> Global POST, GET and COOKIE data sanitized
INFO - 2025-04-22 16:23:17 --> Input Class Initialized
INFO - 2025-04-22 16:23:17 --> Language Class Initialized
INFO - 2025-04-22 16:23:17 --> Loader Class Initialized
INFO - 2025-04-22 16:23:17 --> Helper loaded: url_helper
INFO - 2025-04-22 16:23:17 --> Database Driver Class Initialized
INFO - 2025-04-22 16:23:17 --> Controller Class Initialized
INFO - 2025-04-22 16:23:17 --> Model "Mconfigkey" initialized
INFO - 2025-04-22 16:23:17 --> Model "Mportal_data" initialized
INFO - 2025-04-22 16:23:17 --> Final output sent to browser
DEBUG - 2025-04-22 16:23:17 --> Total execution time: 0.0446
INFO - 2025-04-22 16:23:22 --> Config Class Initialized
INFO - 2025-04-22 16:23:22 --> Hooks Class Initialized
DEBUG - 2025-04-22 16:23:22 --> UTF-8 Support Enabled
INFO - 2025-04-22 16:23:22 --> Utf8 Class Initialized
INFO - 2025-04-22 16:23:22 --> URI Class Initialized
INFO - 2025-04-22 16:23:22 --> Router Class Initialized
INFO - 2025-04-22 16:23:22 --> Output Class Initialized
INFO - 2025-04-22 16:23:22 --> Security Class Initialized
DEBUG - 2025-04-22 16:23:22 --> Global POST, GET and COOKIE data sanitized
INFO - 2025-04-22 16:23:22 --> Input Class Initialized
INFO - 2025-04-22 16:23:22 --> Language Class Initialized
INFO - 2025-04-22 16:23:22 --> Loader Class Initialized
INFO - 2025-04-22 16:23:22 --> Helper loaded: url_helper
INFO - 2025-04-22 16:23:22 --> Database Driver Class Initialized
INFO - 2025-04-22 16:23:22 --> Controller Class Initialized
INFO - 2025-04-22 16:23:22 --> Model "Mconfigkey" initialized
INFO - 2025-04-22 16:23:22 --> Model "Mportal_data" initialized
INFO - 2025-04-22 16:23:22 --> Final output sent to browser
DEBUG - 2025-04-22 16:23:22 --> Total execution time: 0.0423
INFO - 2025-04-22 16:23:30 --> Config Class Initialized
INFO - 2025-04-22 16:23:30 --> Hooks Class Initialized
DEBUG - 2025-04-22 16:23:30 --> UTF-8 Support Enabled
INFO - 2025-04-22 16:23:30 --> Utf8 Class Initialized
INFO - 2025-04-22 16:23:30 --> URI Class Initialized
INFO - 2025-04-22 16:23:30 --> Router Class Initialized
INFO - 2025-04-22 16:23:30 --> Output Class Initialized
INFO - 2025-04-22 16:23:30 --> Security Class Initialized
DEBUG - 2025-04-22 16:23:30 --> Global POST, GET and COOKIE data sanitized
INFO - 2025-04-22 16:23:30 --> Input Class Initialized
INFO - 2025-04-22 16:23:30 --> Language Class Initialized
INFO - 2025-04-22 16:23:30 --> Loader Class Initialized
INFO - 2025-04-22 16:23:30 --> Helper loaded: url_helper
INFO - 2025-04-22 16:23:30 --> Database Driver Class Initialized
INFO - 2025-04-22 16:23:30 --> Controller Class Initialized
INFO - 2025-04-22 16:23:30 --> Model "Mconfigkey" initialized
INFO - 2025-04-22 16:23:30 --> Model "Mgoods_in" initialized
INFO - 2025-04-22 16:23:30 --> Final output sent to browser
DEBUG - 2025-04-22 16:23:30 --> Total execution time: 0.0581
INFO - 2025-04-22 16:23:37 --> Config Class Initialized
INFO - 2025-04-22 16:23:37 --> Hooks Class Initialized
DEBUG - 2025-04-22 16:23:37 --> UTF-8 Support Enabled
INFO - 2025-04-22 16:23:37 --> Utf8 Class Initialized
INFO - 2025-04-22 16:23:37 --> URI Class Initialized
INFO - 2025-04-22 16:23:37 --> Router Class Initialized
INFO - 2025-04-22 16:23:37 --> Output Class Initialized
INFO - 2025-04-22 16:23:37 --> Security Class Initialized
DEBUG - 2025-04-22 16:23:37 --> Global POST, GET and COOKIE data sanitized
INFO - 2025-04-22 16:23:37 --> Input Class Initialized
INFO - 2025-04-22 16:23:37 --> Language Class Initialized
INFO - 2025-04-22 16:23:37 --> Loader Class Initialized
INFO - 2025-04-22 16:23:37 --> Helper loaded: url_helper
INFO - 2025-04-22 16:23:37 --> Database Driver Class Initialized
INFO - 2025-04-22 16:23:37 --> Controller Class Initialized
INFO - 2025-04-22 16:23:37 --> Model "Mconfigkey" initialized
INFO - 2025-04-22 16:23:37 --> Model "Mgoods_in" initialized
INFO - 2025-04-22 16:23:37 --> Final output sent to browser
DEBUG - 2025-04-22 16:23:37 --> Total execution time: 0.0458
INFO - 2025-04-22 16:23:40 --> Config Class Initialized
INFO - 2025-04-22 16:23:40 --> Hooks Class Initialized
DEBUG - 2025-04-22 16:23:40 --> UTF-8 Support Enabled
INFO - 2025-04-22 16:23:40 --> Utf8 Class Initialized
INFO - 2025-04-22 16:23:40 --> URI Class Initialized
INFO - 2025-04-22 16:23:40 --> Router Class Initialized
INFO - 2025-04-22 16:23:40 --> Output Class Initialized
INFO - 2025-04-22 16:23:40 --> Security Class Initialized
DEBUG - 2025-04-22 16:23:40 --> Global POST, GET and COOKIE data sanitized
INFO - 2025-04-22 16:23:40 --> Input Class Initialized
INFO - 2025-04-22 16:23:40 --> Language Class Initialized
INFO - 2025-04-22 16:23:40 --> Loader Class Initialized
INFO - 2025-04-22 16:23:40 --> Helper loaded: url_helper
INFO - 2025-04-22 16:23:40 --> Database Driver Class Initialized
INFO - 2025-04-22 16:23:40 --> Controller Class Initialized
INFO - 2025-04-22 16:23:40 --> Model "Mconfigkey" initialized
INFO - 2025-04-22 16:23:40 --> Model "Mgoods_in" initialized
INFO - 2025-04-22 16:23:40 --> Final output sent to browser
DEBUG - 2025-04-22 16:23:40 --> Total execution time: 0.0514
INFO - 2025-04-22 16:23:46 --> Config Class Initialized
INFO - 2025-04-22 16:23:46 --> Hooks Class Initialized
DEBUG - 2025-04-22 16:23:46 --> UTF-8 Support Enabled
INFO - 2025-04-22 16:23:46 --> Utf8 Class Initialized
INFO - 2025-04-22 16:23:46 --> URI Class Initialized
INFO - 2025-04-22 16:23:46 --> Router Class Initialized
INFO - 2025-04-22 16:23:46 --> Output Class Initialized
INFO - 2025-04-22 16:23:46 --> Security Class Initialized
DEBUG - 2025-04-22 16:23:46 --> Global POST, GET and COOKIE data sanitized
INFO - 2025-04-22 16:23:46 --> Input Class Initialized
INFO - 2025-04-22 16:23:46 --> Language Class Initialized
INFO - 2025-04-22 16:23:46 --> Loader Class Initialized
INFO - 2025-04-22 16:23:46 --> Helper loaded: url_helper
INFO - 2025-04-22 16:23:46 --> Database Driver Class Initialized
INFO - 2025-04-22 16:23:46 --> Controller Class Initialized
INFO - 2025-04-22 16:23:46 --> Model "Mconfigkey" initialized
INFO - 2025-04-22 16:23:46 --> Model "Mbcin_271_aw" initialized
INFO - 2025-04-22 16:23:46 --> Final output sent to browser
DEBUG - 2025-04-22 16:23:46 --> Total execution time: 0.1439
INFO - 2025-04-22 16:23:52 --> Config Class Initialized
INFO - 2025-04-22 16:23:52 --> Hooks Class Initialized
DEBUG - 2025-04-22 16:23:52 --> UTF-8 Support Enabled
INFO - 2025-04-22 16:23:52 --> Utf8 Class Initialized
INFO - 2025-04-22 16:23:52 --> URI Class Initialized
INFO - 2025-04-22 16:23:52 --> Router Class Initialized
INFO - 2025-04-22 16:23:52 --> Output Class Initialized
INFO - 2025-04-22 16:23:52 --> Security Class Initialized
DEBUG - 2025-04-22 16:23:52 --> Global POST, GET and COOKIE data sanitized
INFO - 2025-04-22 16:23:52 --> Input Class Initialized
INFO - 2025-04-22 16:23:52 --> Language Class Initialized
INFO - 2025-04-22 16:23:52 --> Loader Class Initialized
INFO - 2025-04-22 16:23:52 --> Helper loaded: url_helper
INFO - 2025-04-22 16:23:52 --> Database Driver Class Initialized
INFO - 2025-04-22 16:23:52 --> Controller Class Initialized
INFO - 2025-04-22 16:23:52 --> Model "Mconfigkey" initialized
INFO - 2025-04-22 16:23:52 --> Model "Mbcin_271_aw" initialized
INFO - 2025-04-22 16:23:52 --> Final output sent to browser
DEBUG - 2025-04-22 16:23:52 --> Total execution time: 0.1200
INFO - 2025-04-22 16:23:55 --> Config Class Initialized
INFO - 2025-04-22 16:23:55 --> Hooks Class Initialized
DEBUG - 2025-04-22 16:23:55 --> UTF-8 Support Enabled
INFO - 2025-04-22 16:23:55 --> Utf8 Class Initialized
INFO - 2025-04-22 16:23:55 --> URI Class Initialized
INFO - 2025-04-22 16:23:55 --> Router Class Initialized
INFO - 2025-04-22 16:23:55 --> Output Class Initialized
INFO - 2025-04-22 16:23:55 --> Security Class Initialized
DEBUG - 2025-04-22 16:23:55 --> Global POST, GET and COOKIE data sanitized
INFO - 2025-04-22 16:23:55 --> Input Class Initialized
INFO - 2025-04-22 16:23:55 --> Language Class Initialized
INFO - 2025-04-22 16:23:55 --> Loader Class Initialized
INFO - 2025-04-22 16:23:55 --> Helper loaded: url_helper
INFO - 2025-04-22 16:23:55 --> Database Driver Class Initialized
INFO - 2025-04-22 16:23:55 --> Controller Class Initialized
INFO - 2025-04-22 16:23:55 --> Model "Mconfigkey" initialized
INFO - 2025-04-22 16:23:55 --> Model "Mbcin_271_aw" initialized
INFO - 2025-04-22 16:23:55 --> Final output sent to browser
DEBUG - 2025-04-22 16:23:55 --> Total execution time: 0.1147
INFO - 2025-04-22 16:24:02 --> Config Class Initialized
INFO - 2025-04-22 16:24:02 --> Hooks Class Initialized
DEBUG - 2025-04-22 16:24:02 --> UTF-8 Support Enabled
INFO - 2025-04-22 16:24:02 --> Utf8 Class Initialized
INFO - 2025-04-22 16:24:02 --> URI Class Initialized
INFO - 2025-04-22 16:24:02 --> Router Class Initialized
INFO - 2025-04-22 16:24:02 --> Output Class Initialized
INFO - 2025-04-22 16:24:02 --> Security Class Initialized
DEBUG - 2025-04-22 16:24:02 --> Global POST, GET and COOKIE data sanitized
INFO - 2025-04-22 16:24:02 --> Input Class Initialized
INFO - 2025-04-22 16:24:02 --> Language Class Initialized
INFO - 2025-04-22 16:24:02 --> Loader Class Initialized
INFO - 2025-04-22 16:24:02 --> Helper loaded: url_helper
INFO - 2025-04-22 16:24:02 --> Database Driver Class Initialized
INFO - 2025-04-22 16:24:02 --> Controller Class Initialized
INFO - 2025-04-22 16:24:02 --> Model "Mconfigkey" initialized
INFO - 2025-04-22 16:24:02 --> Model "Mbcin_271_aw" initialized
INFO - 2025-04-22 16:24:02 --> Final output sent to browser
DEBUG - 2025-04-22 16:24:02 --> Total execution time: 0.0642
INFO - 2025-04-22 16:24:06 --> Config Class Initialized
INFO - 2025-04-22 16:24:06 --> Hooks Class Initialized
DEBUG - 2025-04-22 16:24:06 --> UTF-8 Support Enabled
INFO - 2025-04-22 16:24:06 --> Utf8 Class Initialized
INFO - 2025-04-22 16:24:06 --> URI Class Initialized
INFO - 2025-04-22 16:24:06 --> Router Class Initialized
INFO - 2025-04-22 16:24:06 --> Output Class Initialized
INFO - 2025-04-22 16:24:06 --> Security Class Initialized
DEBUG - 2025-04-22 16:24:06 --> Global POST, GET and COOKIE data sanitized
INFO - 2025-04-22 16:24:06 --> Input Class Initialized
INFO - 2025-04-22 16:24:06 --> Language Class Initialized
INFO - 2025-04-22 16:24:06 --> Loader Class Initialized
INFO - 2025-04-22 16:24:06 --> Helper loaded: url_helper
INFO - 2025-04-22 16:24:06 --> Database Driver Class Initialized
INFO - 2025-04-22 16:24:06 --> Controller Class Initialized
INFO - 2025-04-22 16:24:06 --> Model "Mconfigkey" initialized
INFO - 2025-04-22 16:24:06 --> Model "Mbcout_27" initialized
INFO - 2025-04-22 16:24:06 --> Final output sent to browser
DEBUG - 2025-04-22 16:24:06 --> Total execution time: 0.0348
INFO - 2025-04-22 16:24:09 --> Config Class Initialized
INFO - 2025-04-22 16:24:09 --> Hooks Class Initialized
DEBUG - 2025-04-22 16:24:09 --> UTF-8 Support Enabled
INFO - 2025-04-22 16:24:09 --> Utf8 Class Initialized
INFO - 2025-04-22 16:24:09 --> URI Class Initialized
INFO - 2025-04-22 16:24:09 --> Router Class Initialized
INFO - 2025-04-22 16:24:09 --> Output Class Initialized
INFO - 2025-04-22 16:24:09 --> Security Class Initialized
DEBUG - 2025-04-22 16:24:09 --> Global POST, GET and COOKIE data sanitized
INFO - 2025-04-22 16:24:09 --> Input Class Initialized
INFO - 2025-04-22 16:24:09 --> Language Class Initialized
INFO - 2025-04-22 16:24:09 --> Loader Class Initialized
INFO - 2025-04-22 16:24:09 --> Helper loaded: url_helper
INFO - 2025-04-22 16:24:09 --> Database Driver Class Initialized
INFO - 2025-04-22 16:24:09 --> Controller Class Initialized
INFO - 2025-04-22 16:24:09 --> Model "Mconfigkey" initialized
INFO - 2025-04-22 16:24:09 --> Model "Mbcout_27" initialized
INFO - 2025-04-22 16:24:09 --> Final output sent to browser
DEBUG - 2025-04-22 16:24:09 --> Total execution time: 0.1095
INFO - 2025-04-22 16:24:14 --> Config Class Initialized
INFO - 2025-04-22 16:24:14 --> Hooks Class Initialized
DEBUG - 2025-04-22 16:24:14 --> UTF-8 Support Enabled
INFO - 2025-04-22 16:24:14 --> Utf8 Class Initialized
INFO - 2025-04-22 16:24:14 --> URI Class Initialized
INFO - 2025-04-22 16:24:14 --> Router Class Initialized
INFO - 2025-04-22 16:24:14 --> Output Class Initialized
INFO - 2025-04-22 16:24:14 --> Security Class Initialized
DEBUG - 2025-04-22 16:24:14 --> Global POST, GET and COOKIE data sanitized
INFO - 2025-04-22 16:24:14 --> Input Class Initialized
INFO - 2025-04-22 16:24:14 --> Language Class Initialized
INFO - 2025-04-22 16:24:14 --> Loader Class Initialized
INFO - 2025-04-22 16:24:14 --> Helper loaded: url_helper
INFO - 2025-04-22 16:24:14 --> Database Driver Class Initialized
INFO - 2025-04-22 16:24:14 --> Controller Class Initialized
INFO - 2025-04-22 16:24:14 --> Model "Mconfigkey" initialized
INFO - 2025-04-22 16:24:14 --> Model "Mbcout_27" initialized
INFO - 2025-04-22 16:24:15 --> Final output sent to browser
DEBUG - 2025-04-22 16:24:15 --> Total execution time: 0.0968
INFO - 2025-04-22 16:24:17 --> Config Class Initialized
INFO - 2025-04-22 16:24:17 --> Hooks Class Initialized
DEBUG - 2025-04-22 16:24:17 --> UTF-8 Support Enabled
INFO - 2025-04-22 16:24:17 --> Utf8 Class Initialized
INFO - 2025-04-22 16:24:17 --> URI Class Initialized
INFO - 2025-04-22 16:24:17 --> Router Class Initialized
INFO - 2025-04-22 16:24:17 --> Output Class Initialized
INFO - 2025-04-22 16:24:17 --> Security Class Initialized
DEBUG - 2025-04-22 16:24:17 --> Global POST, GET and COOKIE data sanitized
INFO - 2025-04-22 16:24:17 --> Input Class Initialized
INFO - 2025-04-22 16:24:17 --> Language Class Initialized
INFO - 2025-04-22 16:24:17 --> Loader Class Initialized
INFO - 2025-04-22 16:24:17 --> Helper loaded: url_helper
INFO - 2025-04-22 16:24:17 --> Database Driver Class Initialized
INFO - 2025-04-22 16:24:17 --> Controller Class Initialized
INFO - 2025-04-22 16:24:17 --> Model "Mconfigkey" initialized
INFO - 2025-04-22 16:24:17 --> Model "Mbcout_27" initialized
INFO - 2025-04-22 16:24:17 --> Final output sent to browser
DEBUG - 2025-04-22 16:24:17 --> Total execution time: 0.0312
INFO - 2025-04-22 16:24:34 --> Config Class Initialized
INFO - 2025-04-22 16:24:34 --> Hooks Class Initialized
DEBUG - 2025-04-22 16:24:34 --> UTF-8 Support Enabled
INFO - 2025-04-22 16:24:34 --> Utf8 Class Initialized
INFO - 2025-04-22 16:24:34 --> URI Class Initialized
INFO - 2025-04-22 16:24:34 --> Router Class Initialized
INFO - 2025-04-22 16:24:34 --> Output Class Initialized
INFO - 2025-04-22 16:24:34 --> Security Class Initialized
DEBUG - 2025-04-22 16:24:34 --> Global POST, GET and COOKIE data sanitized
INFO - 2025-04-22 16:24:34 --> Input Class Initialized
INFO - 2025-04-22 16:24:34 --> Language Class Initialized
INFO - 2025-04-22 16:24:34 --> Loader Class Initialized
INFO - 2025-04-22 16:24:34 --> Helper loaded: url_helper
INFO - 2025-04-22 16:24:34 --> Database Driver Class Initialized
INFO - 2025-04-22 16:24:34 --> Controller Class Initialized
INFO - 2025-04-22 16:24:34 --> Model "Mconfigkey" initialized
INFO - 2025-04-22 16:24:34 --> Model "Mportal_data" initialized
INFO - 2025-04-22 16:24:34 --> Final output sent to browser
DEBUG - 2025-04-22 16:24:34 --> Total execution time: 0.0240
INFO - 2025-04-22 16:24:37 --> Config Class Initialized
INFO - 2025-04-22 16:24:37 --> Hooks Class Initialized
DEBUG - 2025-04-22 16:24:37 --> UTF-8 Support Enabled
INFO - 2025-04-22 16:24:37 --> Utf8 Class Initialized
INFO - 2025-04-22 16:24:37 --> URI Class Initialized
INFO - 2025-04-22 16:24:37 --> Router Class Initialized
INFO - 2025-04-22 16:24:37 --> Output Class Initialized
INFO - 2025-04-22 16:24:37 --> Security Class Initialized
DEBUG - 2025-04-22 16:24:37 --> Global POST, GET and COOKIE data sanitized
INFO - 2025-04-22 16:24:37 --> Input Class Initialized
INFO - 2025-04-22 16:24:37 --> Language Class Initialized
INFO - 2025-04-22 16:24:37 --> Loader Class Initialized
INFO - 2025-04-22 16:24:37 --> Helper loaded: url_helper
INFO - 2025-04-22 16:24:37 --> Database Driver Class Initialized
INFO - 2025-04-22 16:24:37 --> Controller Class Initialized
INFO - 2025-04-22 16:24:37 --> Model "Mconfigkey" initialized
INFO - 2025-04-22 16:24:37 --> Model "Mportal_data" initialized
INFO - 2025-04-22 16:24:37 --> Final output sent to browser
DEBUG - 2025-04-22 16:24:37 --> Total execution time: 0.0472
INFO - 2025-04-22 16:24:47 --> Config Class Initialized
INFO - 2025-04-22 16:24:47 --> Hooks Class Initialized
DEBUG - 2025-04-22 16:24:47 --> UTF-8 Support Enabled
INFO - 2025-04-22 16:24:47 --> Utf8 Class Initialized
INFO - 2025-04-22 16:24:47 --> URI Class Initialized
INFO - 2025-04-22 16:24:47 --> Router Class Initialized
INFO - 2025-04-22 16:24:47 --> Output Class Initialized
INFO - 2025-04-22 16:24:47 --> Security Class Initialized
DEBUG - 2025-04-22 16:24:47 --> Global POST, GET and COOKIE data sanitized
INFO - 2025-04-22 16:24:47 --> Input Class Initialized
INFO - 2025-04-22 16:24:47 --> Language Class Initialized
INFO - 2025-04-22 16:24:47 --> Loader Class Initialized
INFO - 2025-04-22 16:24:47 --> Helper loaded: url_helper
INFO - 2025-04-22 16:24:47 --> Database Driver Class Initialized
INFO - 2025-04-22 16:24:47 --> Controller Class Initialized
INFO - 2025-04-22 16:24:47 --> Model "Mconfigkey" initialized
ERROR - 2025-04-22 16:24:47 --> Severity: Warning --> array_merge(): Expected parameter 1 to be an array, null given D:\xampp\htdocs\plb\dummyservice\application\controllers\PortalApi.php 51
INFO - 2025-04-22 16:24:47 --> Final output sent to browser
DEBUG - 2025-04-22 16:24:47 --> Total execution time: 0.5975
INFO - 2025-04-22 16:25:28 --> Config Class Initialized
INFO - 2025-04-22 16:25:28 --> Hooks Class Initialized
DEBUG - 2025-04-22 16:25:28 --> UTF-8 Support Enabled
INFO - 2025-04-22 16:25:28 --> Utf8 Class Initialized
INFO - 2025-04-22 16:25:28 --> URI Class Initialized
INFO - 2025-04-22 16:25:28 --> Router Class Initialized
INFO - 2025-04-22 16:25:28 --> Output Class Initialized
INFO - 2025-04-22 16:25:28 --> Security Class Initialized
DEBUG - 2025-04-22 16:25:28 --> Global POST, GET and COOKIE data sanitized
INFO - 2025-04-22 16:25:28 --> Input Class Initialized
INFO - 2025-04-22 16:25:28 --> Language Class Initialized
INFO - 2025-04-22 16:25:28 --> Loader Class Initialized
INFO - 2025-04-22 16:25:28 --> Helper loaded: url_helper
INFO - 2025-04-22 16:25:28 --> Database Driver Class Initialized
INFO - 2025-04-22 16:25:28 --> Controller Class Initialized
INFO - 2025-04-22 16:25:28 --> Model "Mconfigkey" initialized
INFO - 2025-04-22 16:25:28 --> Model "Mportal_data" initialized
INFO - 2025-04-22 16:25:28 --> Final output sent to browser
DEBUG - 2025-04-22 16:25:28 --> Total execution time: 0.0519
INFO - 2025-04-22 16:25:31 --> Config Class Initialized
INFO - 2025-04-22 16:25:31 --> Hooks Class Initialized
DEBUG - 2025-04-22 16:25:31 --> UTF-8 Support Enabled
INFO - 2025-04-22 16:25:31 --> Utf8 Class Initialized
INFO - 2025-04-22 16:25:31 --> URI Class Initialized
INFO - 2025-04-22 16:25:31 --> Router Class Initialized
INFO - 2025-04-22 16:25:31 --> Output Class Initialized
INFO - 2025-04-22 16:25:31 --> Security Class Initialized
DEBUG - 2025-04-22 16:25:31 --> Global POST, GET and COOKIE data sanitized
INFO - 2025-04-22 16:25:31 --> Input Class Initialized
INFO - 2025-04-22 16:25:31 --> Language Class Initialized
INFO - 2025-04-22 16:25:31 --> Loader Class Initialized
INFO - 2025-04-22 16:25:31 --> Helper loaded: url_helper
INFO - 2025-04-22 16:25:31 --> Database Driver Class Initialized
INFO - 2025-04-22 16:25:31 --> Controller Class Initialized
INFO - 2025-04-22 16:25:31 --> Model "Mconfigkey" initialized
INFO - 2025-04-22 16:25:31 --> Model "Msync_doc_aw" initialized
INFO - 2025-04-22 16:25:32 --> Final output sent to browser
DEBUG - 2025-04-22 16:25:32 --> Total execution time: 0.2619
INFO - 2025-04-22 16:25:35 --> Config Class Initialized
INFO - 2025-04-22 16:25:35 --> Hooks Class Initialized
DEBUG - 2025-04-22 16:25:35 --> UTF-8 Support Enabled
INFO - 2025-04-22 16:25:35 --> Utf8 Class Initialized
INFO - 2025-04-22 16:25:35 --> URI Class Initialized
INFO - 2025-04-22 16:25:35 --> Router Class Initialized
INFO - 2025-04-22 16:25:35 --> Output Class Initialized
INFO - 2025-04-22 16:25:35 --> Security Class Initialized
DEBUG - 2025-04-22 16:25:35 --> Global POST, GET and COOKIE data sanitized
INFO - 2025-04-22 16:25:35 --> Input Class Initialized
INFO - 2025-04-22 16:25:35 --> Language Class Initialized
INFO - 2025-04-22 16:25:35 --> Loader Class Initialized
INFO - 2025-04-22 16:25:35 --> Helper loaded: url_helper
INFO - 2025-04-22 16:25:35 --> Database Driver Class Initialized
INFO - 2025-04-22 16:25:35 --> Controller Class Initialized
INFO - 2025-04-22 16:25:35 --> Model "Mconfigkey" initialized
INFO - 2025-04-22 16:25:35 --> Model "Msync_doc_aw" initialized
INFO - 2025-04-22 16:25:35 --> Final output sent to browser
DEBUG - 2025-04-22 16:25:35 --> Total execution time: 0.2167
INFO - 2025-04-22 16:25:47 --> Config Class Initialized
INFO - 2025-04-22 16:25:47 --> Hooks Class Initialized
DEBUG - 2025-04-22 16:25:47 --> UTF-8 Support Enabled
INFO - 2025-04-22 16:25:47 --> Utf8 Class Initialized
INFO - 2025-04-22 16:25:47 --> URI Class Initialized
INFO - 2025-04-22 16:25:47 --> Router Class Initialized
INFO - 2025-04-22 16:25:47 --> Output Class Initialized
INFO - 2025-04-22 16:25:47 --> Security Class Initialized
DEBUG - 2025-04-22 16:25:47 --> Global POST, GET and COOKIE data sanitized
INFO - 2025-04-22 16:25:47 --> Input Class Initialized
INFO - 2025-04-22 16:25:47 --> Language Class Initialized
INFO - 2025-04-22 16:25:47 --> Loader Class Initialized
INFO - 2025-04-22 16:25:47 --> Helper loaded: url_helper
INFO - 2025-04-22 16:25:47 --> Database Driver Class Initialized
INFO - 2025-04-22 16:25:47 --> Controller Class Initialized
INFO - 2025-04-22 16:25:47 --> Model "Mconfigkey" initialized
INFO - 2025-04-22 16:25:47 --> Model "Mportal_data" initialized
INFO - 2025-04-22 16:25:47 --> Final output sent to browser
DEBUG - 2025-04-22 16:25:47 --> Total execution time: 0.0853
INFO - 2025-04-22 16:25:50 --> Config Class Initialized
INFO - 2025-04-22 16:25:50 --> Hooks Class Initialized
DEBUG - 2025-04-22 16:25:50 --> UTF-8 Support Enabled
INFO - 2025-04-22 16:25:50 --> Utf8 Class Initialized
INFO - 2025-04-22 16:25:50 --> URI Class Initialized
INFO - 2025-04-22 16:25:50 --> Router Class Initialized
INFO - 2025-04-22 16:25:50 --> Output Class Initialized
INFO - 2025-04-22 16:25:50 --> Security Class Initialized
DEBUG - 2025-04-22 16:25:50 --> Global POST, GET and COOKIE data sanitized
INFO - 2025-04-22 16:25:50 --> Input Class Initialized
INFO - 2025-04-22 16:25:50 --> Language Class Initialized
INFO - 2025-04-22 16:25:50 --> Loader Class Initialized
INFO - 2025-04-22 16:25:50 --> Helper loaded: url_helper
INFO - 2025-04-22 16:25:50 --> Database Driver Class Initialized
INFO - 2025-04-22 16:25:50 --> Controller Class Initialized
INFO - 2025-04-22 16:25:50 --> Model "Mconfigkey" initialized
INFO - 2025-04-22 16:25:50 --> Model "Mportal_data" initialized
INFO - 2025-04-22 16:25:50 --> Final output sent to browser
DEBUG - 2025-04-22 16:25:50 --> Total execution time: 0.0604
INFO - 2025-04-22 16:25:51 --> Config Class Initialized
INFO - 2025-04-22 16:25:51 --> Hooks Class Initialized
DEBUG - 2025-04-22 16:25:51 --> UTF-8 Support Enabled
INFO - 2025-04-22 16:25:51 --> Utf8 Class Initialized
INFO - 2025-04-22 16:25:51 --> URI Class Initialized
INFO - 2025-04-22 16:25:51 --> Router Class Initialized
INFO - 2025-04-22 16:25:51 --> Output Class Initialized
INFO - 2025-04-22 16:25:51 --> Security Class Initialized
DEBUG - 2025-04-22 16:25:51 --> Global POST, GET and COOKIE data sanitized
INFO - 2025-04-22 16:25:51 --> Input Class Initialized
INFO - 2025-04-22 16:25:51 --> Language Class Initialized
INFO - 2025-04-22 16:25:51 --> Loader Class Initialized
INFO - 2025-04-22 16:25:51 --> Helper loaded: url_helper
INFO - 2025-04-22 16:25:51 --> Database Driver Class Initialized
INFO - 2025-04-22 16:25:51 --> Controller Class Initialized
INFO - 2025-04-22 16:25:51 --> Model "Mconfigkey" initialized
INFO - 2025-04-22 16:25:51 --> Model "Mportal_data" initialized
INFO - 2025-04-22 16:25:51 --> Final output sent to browser
DEBUG - 2025-04-22 16:25:51 --> Total execution time: 0.0733
INFO - 2025-04-22 16:25:55 --> Config Class Initialized
INFO - 2025-04-22 16:25:55 --> Hooks Class Initialized
DEBUG - 2025-04-22 16:25:55 --> UTF-8 Support Enabled
INFO - 2025-04-22 16:25:55 --> Utf8 Class Initialized
INFO - 2025-04-22 16:25:55 --> URI Class Initialized
INFO - 2025-04-22 16:25:55 --> Router Class Initialized
INFO - 2025-04-22 16:25:55 --> Output Class Initialized
INFO - 2025-04-22 16:25:55 --> Security Class Initialized
DEBUG - 2025-04-22 16:25:55 --> Global POST, GET and COOKIE data sanitized
INFO - 2025-04-22 16:25:55 --> Input Class Initialized
INFO - 2025-04-22 16:25:55 --> Language Class Initialized
INFO - 2025-04-22 16:25:55 --> Loader Class Initialized
INFO - 2025-04-22 16:25:55 --> Helper loaded: url_helper
INFO - 2025-04-22 16:25:55 --> Database Driver Class Initialized
INFO - 2025-04-22 16:25:55 --> Controller Class Initialized
INFO - 2025-04-22 16:25:55 --> Model "Mconfigkey" initialized
INFO - 2025-04-22 16:25:55 --> Model "Mportal_data" initialized
INFO - 2025-04-22 16:25:55 --> Final output sent to browser
DEBUG - 2025-04-22 16:25:55 --> Total execution time: 0.0619
INFO - 2025-04-22 16:26:11 --> Config Class Initialized
INFO - 2025-04-22 16:26:11 --> Hooks Class Initialized
DEBUG - 2025-04-22 16:26:11 --> UTF-8 Support Enabled
INFO - 2025-04-22 16:26:11 --> Utf8 Class Initialized
INFO - 2025-04-22 16:26:11 --> URI Class Initialized
INFO - 2025-04-22 16:26:11 --> Router Class Initialized
INFO - 2025-04-22 16:26:11 --> Output Class Initialized
INFO - 2025-04-22 16:26:11 --> Security Class Initialized
DEBUG - 2025-04-22 16:26:11 --> Global POST, GET and COOKIE data sanitized
INFO - 2025-04-22 16:26:11 --> Input Class Initialized
INFO - 2025-04-22 16:26:11 --> Language Class Initialized
INFO - 2025-04-22 16:26:11 --> Loader Class Initialized
INFO - 2025-04-22 16:26:11 --> Helper loaded: url_helper
INFO - 2025-04-22 16:26:11 --> Database Driver Class Initialized
INFO - 2025-04-22 16:26:11 --> Controller Class Initialized
INFO - 2025-04-22 16:26:11 --> Model "Mconfigkey" initialized
INFO - 2025-04-22 16:26:11 --> Model "Mportal_data" initialized
INFO - 2025-04-22 16:26:11 --> Final output sent to browser
DEBUG - 2025-04-22 16:26:11 --> Total execution time: 0.0438
INFO - 2025-04-22 16:26:14 --> Config Class Initialized
INFO - 2025-04-22 16:26:14 --> Hooks Class Initialized
DEBUG - 2025-04-22 16:26:14 --> UTF-8 Support Enabled
INFO - 2025-04-22 16:26:14 --> Utf8 Class Initialized
INFO - 2025-04-22 16:26:14 --> URI Class Initialized
INFO - 2025-04-22 16:26:14 --> Router Class Initialized
INFO - 2025-04-22 16:26:14 --> Output Class Initialized
INFO - 2025-04-22 16:26:14 --> Security Class Initialized
DEBUG - 2025-04-22 16:26:14 --> Global POST, GET and COOKIE data sanitized
INFO - 2025-04-22 16:26:14 --> Input Class Initialized
INFO - 2025-04-22 16:26:14 --> Language Class Initialized
INFO - 2025-04-22 16:26:14 --> Loader Class Initialized
INFO - 2025-04-22 16:26:14 --> Helper loaded: url_helper
INFO - 2025-04-22 16:26:14 --> Database Driver Class Initialized
INFO - 2025-04-22 16:26:14 --> Controller Class Initialized
INFO - 2025-04-22 16:26:14 --> Model "Mconfigkey" initialized
INFO - 2025-04-22 16:26:14 --> Model "Mportal_data" initialized
INFO - 2025-04-22 16:26:14 --> Final output sent to browser
DEBUG - 2025-04-22 16:26:14 --> Total execution time: 0.0507
INFO - 2025-04-22 16:26:23 --> Config Class Initialized
INFO - 2025-04-22 16:26:23 --> Hooks Class Initialized
DEBUG - 2025-04-22 16:26:23 --> UTF-8 Support Enabled
INFO - 2025-04-22 16:26:23 --> Utf8 Class Initialized
INFO - 2025-04-22 16:26:23 --> URI Class Initialized
INFO - 2025-04-22 16:26:23 --> Router Class Initialized
INFO - 2025-04-22 16:26:23 --> Output Class Initialized
INFO - 2025-04-22 16:26:23 --> Security Class Initialized
DEBUG - 2025-04-22 16:26:23 --> Global POST, GET and COOKIE data sanitized
INFO - 2025-04-22 16:26:23 --> Input Class Initialized
INFO - 2025-04-22 16:26:23 --> Language Class Initialized
INFO - 2025-04-22 16:26:23 --> Loader Class Initialized
INFO - 2025-04-22 16:26:23 --> Helper loaded: url_helper
INFO - 2025-04-22 16:26:23 --> Database Driver Class Initialized
INFO - 2025-04-22 16:26:23 --> Controller Class Initialized
INFO - 2025-04-22 16:26:23 --> Model "Mconfigkey" initialized
INFO - 2025-04-22 16:26:23 --> Model "Mportal_data" initialized
INFO - 2025-04-22 16:26:23 --> Final output sent to browser
DEBUG - 2025-04-22 16:26:23 --> Total execution time: 0.0439
INFO - 2025-04-22 19:14:15 --> Config Class Initialized
INFO - 2025-04-22 19:14:15 --> Hooks Class Initialized
DEBUG - 2025-04-22 19:14:15 --> UTF-8 Support Enabled
INFO - 2025-04-22 19:14:15 --> Utf8 Class Initialized
INFO - 2025-04-22 19:14:15 --> URI Class Initialized
INFO - 2025-04-22 19:14:15 --> Router Class Initialized
INFO - 2025-04-22 19:14:15 --> Output Class Initialized
INFO - 2025-04-22 19:14:15 --> Security Class Initialized
DEBUG - 2025-04-22 19:14:15 --> Global POST, GET and COOKIE data sanitized
INFO - 2025-04-22 19:14:15 --> Input Class Initialized
INFO - 2025-04-22 19:14:15 --> Language Class Initialized
INFO - 2025-04-22 19:14:15 --> Loader Class Initialized
INFO - 2025-04-22 19:14:15 --> Helper loaded: url_helper
INFO - 2025-04-22 19:14:15 --> Database Driver Class Initialized
INFO - 2025-04-22 19:14:15 --> Controller Class Initialized
INFO - 2025-04-22 19:14:15 --> Model "Mconfigkey" initialized
INFO - 2025-04-22 19:14:15 --> Final output sent to browser
DEBUG - 2025-04-22 19:14:15 --> Total execution time: 0.0399
