INFO - 2025-05-26 10:28:46 --> Config Class Initialized
INFO - 2025-05-26 10:28:46 --> Hooks Class Initialized
DEBUG - 2025-05-26 10:28:46 --> UTF-8 Support Enabled
INFO - 2025-05-26 10:28:46 --> Utf8 Class Initialized
INFO - 2025-05-26 10:28:46 --> URI Class Initialized
INFO - 2025-05-26 10:28:46 --> Router Class Initialized
INFO - 2025-05-26 10:28:46 --> Output Class Initialized
INFO - 2025-05-26 10:28:46 --> Security Class Initialized
DEBUG - 2025-05-26 10:28:46 --> Global POST, GET and COOKIE data sanitized
INFO - 2025-05-26 10:28:46 --> Input Class Initialized
INFO - 2025-05-26 10:28:46 --> Language Class Initialized
INFO - 2025-05-26 10:28:46 --> Loader Class Initialized
INFO - 2025-05-26 10:28:47 --> Helper loaded: url_helper
INFO - 2025-05-26 10:28:47 --> Database Driver Class Initialized
INFO - 2025-05-26 10:28:47 --> Controller Class Initialized
INFO - 2025-05-26 10:28:47 --> Model "Mconfigkey" initialized
INFO - 2025-05-26 10:28:47 --> Final output sent to browser
DEBUG - 2025-05-26 10:28:47 --> Total execution time: 0.7572
INFO - 2025-05-26 10:28:54 --> Config Class Initialized
INFO - 2025-05-26 10:28:54 --> Hooks Class Initialized
DEBUG - 2025-05-26 10:28:54 --> UTF-8 Support Enabled
INFO - 2025-05-26 10:28:54 --> Utf8 Class Initialized
INFO - 2025-05-26 10:28:54 --> URI Class Initialized
INFO - 2025-05-26 10:28:54 --> Router Class Initialized
INFO - 2025-05-26 10:28:54 --> Output Class Initialized
INFO - 2025-05-26 10:28:54 --> Security Class Initialized
DEBUG - 2025-05-26 10:28:54 --> Global POST, GET and COOKIE data sanitized
INFO - 2025-05-26 10:28:54 --> Input Class Initialized
INFO - 2025-05-26 10:28:54 --> Language Class Initialized
INFO - 2025-05-26 10:28:54 --> Loader Class Initialized
INFO - 2025-05-26 10:28:54 --> Helper loaded: url_helper
INFO - 2025-05-26 10:28:54 --> Database Driver Class Initialized
INFO - 2025-05-26 10:28:54 --> Controller Class Initialized
INFO - 2025-05-26 10:28:54 --> Model "Mauth" initialized
INFO - 2025-05-26 10:28:54 --> Model "Mconfigkey" initialized
INFO - 2025-05-26 10:28:54 --> Final output sent to browser
DEBUG - 2025-05-26 10:28:54 --> Total execution time: 0.0591
INFO - 2025-05-26 10:28:59 --> Config Class Initialized
INFO - 2025-05-26 10:28:59 --> Hooks Class Initialized
DEBUG - 2025-05-26 10:28:59 --> UTF-8 Support Enabled
INFO - 2025-05-26 10:28:59 --> Utf8 Class Initialized
INFO - 2025-05-26 10:28:59 --> URI Class Initialized
INFO - 2025-05-26 10:28:59 --> Router Class Initialized
INFO - 2025-05-26 10:28:59 --> Output Class Initialized
INFO - 2025-05-26 10:28:59 --> Security Class Initialized
DEBUG - 2025-05-26 10:28:59 --> Global POST, GET and COOKIE data sanitized
INFO - 2025-05-26 10:28:59 --> Input Class Initialized
INFO - 2025-05-26 10:28:59 --> Language Class Initialized
INFO - 2025-05-26 10:28:59 --> Loader Class Initialized
INFO - 2025-05-26 10:28:59 --> Helper loaded: url_helper
INFO - 2025-05-26 10:28:59 --> Database Driver Class Initialized
INFO - 2025-05-26 10:28:59 --> Controller Class Initialized
INFO - 2025-05-26 10:28:59 --> Model "Mconfigkey" initialized
INFO - 2025-05-26 10:28:59 --> Model "Mgoods_in" initialized
INFO - 2025-05-26 10:28:59 --> Final output sent to browser
DEBUG - 2025-05-26 10:28:59 --> Total execution time: 0.0548
INFO - 2025-05-26 10:29:07 --> Config Class Initialized
INFO - 2025-05-26 10:29:07 --> Hooks Class Initialized
DEBUG - 2025-05-26 10:29:07 --> UTF-8 Support Enabled
INFO - 2025-05-26 10:29:07 --> Utf8 Class Initialized
INFO - 2025-05-26 10:29:07 --> URI Class Initialized
INFO - 2025-05-26 10:29:07 --> Router Class Initialized
INFO - 2025-05-26 10:29:07 --> Output Class Initialized
INFO - 2025-05-26 10:29:07 --> Security Class Initialized
DEBUG - 2025-05-26 10:29:07 --> Global POST, GET and COOKIE data sanitized
INFO - 2025-05-26 10:29:07 --> Input Class Initialized
INFO - 2025-05-26 10:29:07 --> Language Class Initialized
INFO - 2025-05-26 10:29:07 --> Loader Class Initialized
INFO - 2025-05-26 10:29:07 --> Helper loaded: url_helper
INFO - 2025-05-26 10:29:07 --> Database Driver Class Initialized
INFO - 2025-05-26 10:29:07 --> Controller Class Initialized
INFO - 2025-05-26 10:29:07 --> Model "Mconfigkey" initialized
INFO - 2025-05-26 10:29:07 --> Model "Msync_doc_aw" initialized
INFO - 2025-05-26 10:29:09 --> Final output sent to browser
DEBUG - 2025-05-26 10:29:09 --> Total execution time: 2.2698
INFO - 2025-05-26 10:29:12 --> Config Class Initialized
INFO - 2025-05-26 10:29:12 --> Hooks Class Initialized
DEBUG - 2025-05-26 10:29:12 --> UTF-8 Support Enabled
INFO - 2025-05-26 10:29:12 --> Utf8 Class Initialized
INFO - 2025-05-26 10:29:12 --> URI Class Initialized
INFO - 2025-05-26 10:29:12 --> Router Class Initialized
INFO - 2025-05-26 10:29:12 --> Output Class Initialized
INFO - 2025-05-26 10:29:12 --> Security Class Initialized
DEBUG - 2025-05-26 10:29:12 --> Global POST, GET and COOKIE data sanitized
INFO - 2025-05-26 10:29:12 --> Input Class Initialized
INFO - 2025-05-26 10:29:12 --> Language Class Initialized
INFO - 2025-05-26 10:29:12 --> Loader Class Initialized
INFO - 2025-05-26 10:29:12 --> Helper loaded: url_helper
INFO - 2025-05-26 10:29:12 --> Database Driver Class Initialized
INFO - 2025-05-26 10:29:12 --> Controller Class Initialized
INFO - 2025-05-26 10:29:12 --> Model "Mconfigkey" initialized
INFO - 2025-05-26 10:29:12 --> Model "Msync_doc_aw" initialized
INFO - 2025-05-26 10:29:15 --> Final output sent to browser
DEBUG - 2025-05-26 10:29:15 --> Total execution time: 2.1954
INFO - 2025-05-26 10:29:16 --> Config Class Initialized
INFO - 2025-05-26 10:29:16 --> Hooks Class Initialized
DEBUG - 2025-05-26 10:29:16 --> UTF-8 Support Enabled
INFO - 2025-05-26 10:29:16 --> Utf8 Class Initialized
INFO - 2025-05-26 10:29:16 --> URI Class Initialized
INFO - 2025-05-26 10:29:16 --> Router Class Initialized
INFO - 2025-05-26 10:29:16 --> Output Class Initialized
INFO - 2025-05-26 10:29:16 --> Security Class Initialized
DEBUG - 2025-05-26 10:29:16 --> Global POST, GET and COOKIE data sanitized
INFO - 2025-05-26 10:29:16 --> Input Class Initialized
INFO - 2025-05-26 10:29:16 --> Language Class Initialized
INFO - 2025-05-26 10:29:16 --> Loader Class Initialized
INFO - 2025-05-26 10:29:16 --> Helper loaded: url_helper
INFO - 2025-05-26 10:29:16 --> Database Driver Class Initialized
INFO - 2025-05-26 10:29:16 --> Controller Class Initialized
INFO - 2025-05-26 10:29:16 --> Model "Mconfigkey" initialized
INFO - 2025-05-26 10:29:16 --> Model "Msync_doc_aw" initialized
INFO - 2025-05-26 10:29:18 --> Final output sent to browser
DEBUG - 2025-05-26 10:29:18 --> Total execution time: 1.9904
INFO - 2025-05-26 10:29:29 --> Config Class Initialized
INFO - 2025-05-26 10:29:29 --> Hooks Class Initialized
DEBUG - 2025-05-26 10:29:29 --> UTF-8 Support Enabled
INFO - 2025-05-26 10:29:29 --> Utf8 Class Initialized
INFO - 2025-05-26 10:29:29 --> URI Class Initialized
INFO - 2025-05-26 10:29:29 --> Router Class Initialized
INFO - 2025-05-26 10:29:29 --> Output Class Initialized
INFO - 2025-05-26 10:29:29 --> Security Class Initialized
DEBUG - 2025-05-26 10:29:29 --> Global POST, GET and COOKIE data sanitized
INFO - 2025-05-26 10:29:29 --> Input Class Initialized
INFO - 2025-05-26 10:29:29 --> Language Class Initialized
INFO - 2025-05-26 10:29:29 --> Loader Class Initialized
INFO - 2025-05-26 10:29:29 --> Helper loaded: url_helper
INFO - 2025-05-26 10:29:29 --> Database Driver Class Initialized
INFO - 2025-05-26 10:29:29 --> Controller Class Initialized
INFO - 2025-05-26 10:29:29 --> Model "Mconfigkey" initialized
INFO - 2025-05-26 10:29:29 --> Model "Msync_doc_aw" initialized
INFO - 2025-05-26 10:29:31 --> Final output sent to browser
DEBUG - 2025-05-26 10:29:31 --> Total execution time: 2.2095
INFO - 2025-05-26 10:29:41 --> Config Class Initialized
INFO - 2025-05-26 10:29:41 --> Hooks Class Initialized
DEBUG - 2025-05-26 10:29:41 --> UTF-8 Support Enabled
INFO - 2025-05-26 10:29:41 --> Utf8 Class Initialized
INFO - 2025-05-26 10:29:41 --> URI Class Initialized
INFO - 2025-05-26 10:29:41 --> Router Class Initialized
INFO - 2025-05-26 10:29:41 --> Output Class Initialized
INFO - 2025-05-26 10:29:41 --> Security Class Initialized
DEBUG - 2025-05-26 10:29:41 --> Global POST, GET and COOKIE data sanitized
INFO - 2025-05-26 10:29:41 --> Input Class Initialized
INFO - 2025-05-26 10:29:41 --> Language Class Initialized
INFO - 2025-05-26 10:29:41 --> Loader Class Initialized
INFO - 2025-05-26 10:29:41 --> Helper loaded: url_helper
INFO - 2025-05-26 10:29:41 --> Database Driver Class Initialized
INFO - 2025-05-26 10:29:41 --> Controller Class Initialized
INFO - 2025-05-26 10:29:41 --> Model "Mconfigkey" initialized
INFO - 2025-05-26 10:29:41 --> Model "Mportal_data" initialized
INFO - 2025-05-26 10:29:41 --> Final output sent to browser
DEBUG - 2025-05-26 10:29:41 --> Total execution time: 0.0950
INFO - 2025-05-26 10:29:46 --> Config Class Initialized
INFO - 2025-05-26 10:29:46 --> Hooks Class Initialized
DEBUG - 2025-05-26 10:29:46 --> UTF-8 Support Enabled
INFO - 2025-05-26 10:29:46 --> Utf8 Class Initialized
INFO - 2025-05-26 10:29:46 --> URI Class Initialized
INFO - 2025-05-26 10:29:46 --> Router Class Initialized
INFO - 2025-05-26 10:29:46 --> Output Class Initialized
INFO - 2025-05-26 10:29:46 --> Security Class Initialized
DEBUG - 2025-05-26 10:29:46 --> Global POST, GET and COOKIE data sanitized
INFO - 2025-05-26 10:29:46 --> Input Class Initialized
INFO - 2025-05-26 10:29:46 --> Language Class Initialized
INFO - 2025-05-26 10:29:46 --> Loader Class Initialized
INFO - 2025-05-26 10:29:46 --> Helper loaded: url_helper
INFO - 2025-05-26 10:29:46 --> Database Driver Class Initialized
INFO - 2025-05-26 10:29:46 --> Controller Class Initialized
INFO - 2025-05-26 10:29:46 --> Model "Mconfigkey" initialized
INFO - 2025-05-26 10:29:46 --> Model "Mportal_data" initialized
INFO - 2025-05-26 10:29:46 --> Final output sent to browser
DEBUG - 2025-05-26 10:29:46 --> Total execution time: 0.0394
INFO - 2025-05-26 10:29:48 --> Config Class Initialized
INFO - 2025-05-26 10:29:48 --> Hooks Class Initialized
DEBUG - 2025-05-26 10:29:48 --> UTF-8 Support Enabled
INFO - 2025-05-26 10:29:48 --> Utf8 Class Initialized
INFO - 2025-05-26 10:29:48 --> URI Class Initialized
INFO - 2025-05-26 10:29:48 --> Router Class Initialized
INFO - 2025-05-26 10:29:48 --> Output Class Initialized
INFO - 2025-05-26 10:29:48 --> Security Class Initialized
DEBUG - 2025-05-26 10:29:48 --> Global POST, GET and COOKIE data sanitized
INFO - 2025-05-26 10:29:48 --> Input Class Initialized
INFO - 2025-05-26 10:29:48 --> Language Class Initialized
INFO - 2025-05-26 10:29:48 --> Loader Class Initialized
INFO - 2025-05-26 10:29:48 --> Helper loaded: url_helper
INFO - 2025-05-26 10:29:48 --> Database Driver Class Initialized
INFO - 2025-05-26 10:29:48 --> Controller Class Initialized
INFO - 2025-05-26 10:29:48 --> Model "Mconfigkey" initialized
INFO - 2025-05-26 10:29:48 --> Model "Mportal_data" initialized
INFO - 2025-05-26 10:29:48 --> Final output sent to browser
DEBUG - 2025-05-26 10:29:48 --> Total execution time: 0.0674
INFO - 2025-05-26 10:30:01 --> Config Class Initialized
INFO - 2025-05-26 10:30:01 --> Hooks Class Initialized
DEBUG - 2025-05-26 10:30:01 --> UTF-8 Support Enabled
INFO - 2025-05-26 10:30:01 --> Utf8 Class Initialized
INFO - 2025-05-26 10:30:01 --> URI Class Initialized
INFO - 2025-05-26 10:30:01 --> Router Class Initialized
INFO - 2025-05-26 10:30:01 --> Output Class Initialized
INFO - 2025-05-26 10:30:01 --> Security Class Initialized
DEBUG - 2025-05-26 10:30:01 --> Global POST, GET and COOKIE data sanitized
INFO - 2025-05-26 10:30:01 --> Input Class Initialized
INFO - 2025-05-26 10:30:01 --> Language Class Initialized
INFO - 2025-05-26 10:30:01 --> Loader Class Initialized
INFO - 2025-05-26 10:30:01 --> Helper loaded: url_helper
INFO - 2025-05-26 10:30:01 --> Database Driver Class Initialized
INFO - 2025-05-26 10:30:01 --> Controller Class Initialized
INFO - 2025-05-26 10:30:01 --> Model "Mconfigkey" initialized
INFO - 2025-05-26 10:30:01 --> Model "Msync_doc_aw" initialized
INFO - 2025-05-26 10:30:03 --> Final output sent to browser
DEBUG - 2025-05-26 10:30:03 --> Total execution time: 2.4196
INFO - 2025-05-26 10:30:04 --> Config Class Initialized
INFO - 2025-05-26 10:30:04 --> Hooks Class Initialized
DEBUG - 2025-05-26 10:30:04 --> UTF-8 Support Enabled
INFO - 2025-05-26 10:30:04 --> Utf8 Class Initialized
INFO - 2025-05-26 10:30:04 --> URI Class Initialized
INFO - 2025-05-26 10:30:04 --> Router Class Initialized
INFO - 2025-05-26 10:30:04 --> Output Class Initialized
INFO - 2025-05-26 10:30:04 --> Security Class Initialized
DEBUG - 2025-05-26 10:30:04 --> Global POST, GET and COOKIE data sanitized
INFO - 2025-05-26 10:30:04 --> Input Class Initialized
INFO - 2025-05-26 10:30:04 --> Language Class Initialized
INFO - 2025-05-26 10:30:04 --> Loader Class Initialized
INFO - 2025-05-26 10:30:04 --> Helper loaded: url_helper
INFO - 2025-05-26 10:30:04 --> Database Driver Class Initialized
INFO - 2025-05-26 10:30:04 --> Controller Class Initialized
INFO - 2025-05-26 10:30:04 --> Model "Mconfigkey" initialized
INFO - 2025-05-26 10:30:04 --> Model "Msync_doc_aw" initialized
INFO - 2025-05-26 10:30:06 --> Final output sent to browser
DEBUG - 2025-05-26 10:30:06 --> Total execution time: 2.4697
INFO - 2025-05-26 10:30:07 --> Config Class Initialized
INFO - 2025-05-26 10:30:07 --> Hooks Class Initialized
DEBUG - 2025-05-26 10:30:07 --> UTF-8 Support Enabled
INFO - 2025-05-26 10:30:07 --> Utf8 Class Initialized
INFO - 2025-05-26 10:30:07 --> URI Class Initialized
INFO - 2025-05-26 10:30:07 --> Router Class Initialized
INFO - 2025-05-26 10:30:07 --> Output Class Initialized
INFO - 2025-05-26 10:30:07 --> Security Class Initialized
DEBUG - 2025-05-26 10:30:07 --> Global POST, GET and COOKIE data sanitized
INFO - 2025-05-26 10:30:07 --> Input Class Initialized
INFO - 2025-05-26 10:30:07 --> Language Class Initialized
INFO - 2025-05-26 10:30:07 --> Loader Class Initialized
INFO - 2025-05-26 10:30:07 --> Helper loaded: url_helper
INFO - 2025-05-26 10:30:07 --> Database Driver Class Initialized
INFO - 2025-05-26 10:30:07 --> Controller Class Initialized
INFO - 2025-05-26 10:30:07 --> Model "Mconfigkey" initialized
INFO - 2025-05-26 10:30:07 --> Model "Msync_doc_aw" initialized
INFO - 2025-05-26 10:30:10 --> Final output sent to browser
DEBUG - 2025-05-26 10:30:10 --> Total execution time: 2.3335
INFO - 2025-05-26 10:30:11 --> Config Class Initialized
INFO - 2025-05-26 10:30:11 --> Hooks Class Initialized
DEBUG - 2025-05-26 10:30:11 --> UTF-8 Support Enabled
INFO - 2025-05-26 10:30:11 --> Utf8 Class Initialized
INFO - 2025-05-26 10:30:11 --> URI Class Initialized
INFO - 2025-05-26 10:30:11 --> Router Class Initialized
INFO - 2025-05-26 10:30:11 --> Output Class Initialized
INFO - 2025-05-26 10:30:11 --> Security Class Initialized
DEBUG - 2025-05-26 10:30:11 --> Global POST, GET and COOKIE data sanitized
INFO - 2025-05-26 10:30:11 --> Input Class Initialized
INFO - 2025-05-26 10:30:11 --> Language Class Initialized
INFO - 2025-05-26 10:30:11 --> Loader Class Initialized
INFO - 2025-05-26 10:30:11 --> Helper loaded: url_helper
INFO - 2025-05-26 10:30:11 --> Database Driver Class Initialized
INFO - 2025-05-26 10:30:11 --> Controller Class Initialized
INFO - 2025-05-26 10:30:11 --> Model "Mconfigkey" initialized
INFO - 2025-05-26 10:30:11 --> Model "Msync_doc_aw" initialized
INFO - 2025-05-26 10:30:13 --> Final output sent to browser
DEBUG - 2025-05-26 10:30:13 --> Total execution time: 2.0425
INFO - 2025-05-26 10:30:14 --> Config Class Initialized
INFO - 2025-05-26 10:30:14 --> Hooks Class Initialized
DEBUG - 2025-05-26 10:30:14 --> UTF-8 Support Enabled
INFO - 2025-05-26 10:30:14 --> Utf8 Class Initialized
INFO - 2025-05-26 10:30:14 --> URI Class Initialized
INFO - 2025-05-26 10:30:14 --> Router Class Initialized
INFO - 2025-05-26 10:30:14 --> Output Class Initialized
INFO - 2025-05-26 10:30:14 --> Security Class Initialized
DEBUG - 2025-05-26 10:30:14 --> Global POST, GET and COOKIE data sanitized
INFO - 2025-05-26 10:30:14 --> Input Class Initialized
INFO - 2025-05-26 10:30:14 --> Language Class Initialized
INFO - 2025-05-26 10:30:14 --> Loader Class Initialized
INFO - 2025-05-26 10:30:14 --> Helper loaded: url_helper
INFO - 2025-05-26 10:30:14 --> Database Driver Class Initialized
INFO - 2025-05-26 10:30:14 --> Controller Class Initialized
INFO - 2025-05-26 10:30:14 --> Model "Mconfigkey" initialized
INFO - 2025-05-26 10:30:14 --> Model "Msync_doc_aw" initialized
INFO - 2025-05-26 10:30:16 --> Final output sent to browser
DEBUG - 2025-05-26 10:30:16 --> Total execution time: 2.1554
INFO - 2025-05-26 10:30:17 --> Config Class Initialized
INFO - 2025-05-26 10:30:17 --> Hooks Class Initialized
DEBUG - 2025-05-26 10:30:17 --> UTF-8 Support Enabled
INFO - 2025-05-26 10:30:17 --> Utf8 Class Initialized
INFO - 2025-05-26 10:30:17 --> URI Class Initialized
INFO - 2025-05-26 10:30:17 --> Router Class Initialized
INFO - 2025-05-26 10:30:17 --> Output Class Initialized
INFO - 2025-05-26 10:30:17 --> Security Class Initialized
DEBUG - 2025-05-26 10:30:17 --> Global POST, GET and COOKIE data sanitized
INFO - 2025-05-26 10:30:17 --> Input Class Initialized
INFO - 2025-05-26 10:30:17 --> Language Class Initialized
INFO - 2025-05-26 10:30:17 --> Loader Class Initialized
INFO - 2025-05-26 10:30:17 --> Helper loaded: url_helper
INFO - 2025-05-26 10:30:17 --> Database Driver Class Initialized
INFO - 2025-05-26 10:30:17 --> Controller Class Initialized
INFO - 2025-05-26 10:30:17 --> Model "Mconfigkey" initialized
INFO - 2025-05-26 10:30:17 --> Model "Msync_doc_aw" initialized
INFO - 2025-05-26 10:30:19 --> Final output sent to browser
DEBUG - 2025-05-26 10:30:19 --> Total execution time: 2.1453
INFO - 2025-05-26 10:33:04 --> Config Class Initialized
INFO - 2025-05-26 10:33:04 --> Hooks Class Initialized
DEBUG - 2025-05-26 10:33:04 --> UTF-8 Support Enabled
INFO - 2025-05-26 10:33:04 --> Utf8 Class Initialized
INFO - 2025-05-26 10:33:04 --> URI Class Initialized
INFO - 2025-05-26 10:33:04 --> Router Class Initialized
INFO - 2025-05-26 10:33:04 --> Output Class Initialized
INFO - 2025-05-26 10:33:04 --> Security Class Initialized
DEBUG - 2025-05-26 10:33:04 --> Global POST, GET and COOKIE data sanitized
INFO - 2025-05-26 10:33:04 --> Input Class Initialized
INFO - 2025-05-26 10:33:04 --> Language Class Initialized
INFO - 2025-05-26 10:33:04 --> Loader Class Initialized
INFO - 2025-05-26 10:33:04 --> Helper loaded: url_helper
INFO - 2025-05-26 10:33:04 --> Database Driver Class Initialized
INFO - 2025-05-26 10:33:04 --> Controller Class Initialized
INFO - 2025-05-26 10:33:04 --> Model "Mconfigkey" initialized
INFO - 2025-05-26 10:33:04 --> Model "Msync_doc_aw" initialized
INFO - 2025-05-26 10:33:04 --> Final output sent to browser
DEBUG - 2025-05-26 10:33:04 --> Total execution time: 0.3418
INFO - 2025-05-26 10:33:07 --> Config Class Initialized
INFO - 2025-05-26 10:33:07 --> Hooks Class Initialized
DEBUG - 2025-05-26 10:33:07 --> UTF-8 Support Enabled
INFO - 2025-05-26 10:33:07 --> Utf8 Class Initialized
INFO - 2025-05-26 10:33:07 --> URI Class Initialized
INFO - 2025-05-26 10:33:07 --> Router Class Initialized
INFO - 2025-05-26 10:33:07 --> Output Class Initialized
INFO - 2025-05-26 10:33:07 --> Security Class Initialized
DEBUG - 2025-05-26 10:33:07 --> Global POST, GET and COOKIE data sanitized
INFO - 2025-05-26 10:33:07 --> Input Class Initialized
INFO - 2025-05-26 10:33:07 --> Language Class Initialized
INFO - 2025-05-26 10:33:07 --> Loader Class Initialized
INFO - 2025-05-26 10:33:07 --> Helper loaded: url_helper
INFO - 2025-05-26 10:33:07 --> Database Driver Class Initialized
INFO - 2025-05-26 10:33:07 --> Controller Class Initialized
INFO - 2025-05-26 10:33:07 --> Model "Mconfigkey" initialized
INFO - 2025-05-26 10:33:07 --> Model "Msync_doc_aw" initialized
INFO - 2025-05-26 10:33:10 --> Final output sent to browser
DEBUG - 2025-05-26 10:33:10 --> Total execution time: 2.5779
INFO - 2025-05-26 12:17:28 --> Config Class Initialized
INFO - 2025-05-26 12:17:28 --> Hooks Class Initialized
DEBUG - 2025-05-26 12:17:28 --> UTF-8 Support Enabled
INFO - 2025-05-26 12:17:28 --> Utf8 Class Initialized
INFO - 2025-05-26 12:17:28 --> URI Class Initialized
INFO - 2025-05-26 12:17:28 --> Router Class Initialized
INFO - 2025-05-26 12:17:28 --> Output Class Initialized
INFO - 2025-05-26 12:17:28 --> Security Class Initialized
DEBUG - 2025-05-26 12:17:28 --> Global POST, GET and COOKIE data sanitized
INFO - 2025-05-26 12:17:28 --> Input Class Initialized
INFO - 2025-05-26 12:17:28 --> Language Class Initialized
INFO - 2025-05-26 12:17:28 --> Loader Class Initialized
INFO - 2025-05-26 12:17:28 --> Helper loaded: url_helper
INFO - 2025-05-26 12:17:28 --> Database Driver Class Initialized
INFO - 2025-05-26 12:17:28 --> Controller Class Initialized
INFO - 2025-05-26 12:17:28 --> Model "Mconfigkey" initialized
INFO - 2025-05-26 12:17:28 --> Final output sent to browser
DEBUG - 2025-05-26 12:17:28 --> Total execution time: 0.0227
INFO - 2025-05-26 12:17:36 --> Config Class Initialized
INFO - 2025-05-26 12:17:36 --> Hooks Class Initialized
DEBUG - 2025-05-26 12:17:36 --> UTF-8 Support Enabled
INFO - 2025-05-26 12:17:36 --> Utf8 Class Initialized
INFO - 2025-05-26 12:17:36 --> URI Class Initialized
INFO - 2025-05-26 12:17:36 --> Router Class Initialized
INFO - 2025-05-26 12:17:36 --> Output Class Initialized
INFO - 2025-05-26 12:17:36 --> Security Class Initialized
DEBUG - 2025-05-26 12:17:36 --> Global POST, GET and COOKIE data sanitized
INFO - 2025-05-26 12:17:36 --> Input Class Initialized
INFO - 2025-05-26 12:17:36 --> Language Class Initialized
INFO - 2025-05-26 12:17:36 --> Loader Class Initialized
INFO - 2025-05-26 12:17:36 --> Helper loaded: url_helper
INFO - 2025-05-26 12:17:36 --> Database Driver Class Initialized
INFO - 2025-05-26 12:17:36 --> Controller Class Initialized
INFO - 2025-05-26 12:17:36 --> Model "Mconfigkey" initialized
INFO - 2025-05-26 12:17:36 --> Model "Mgoods_in" initialized
INFO - 2025-05-26 12:17:36 --> Final output sent to browser
DEBUG - 2025-05-26 12:17:36 --> Total execution time: 0.0427
INFO - 2025-05-26 12:17:44 --> Config Class Initialized
INFO - 2025-05-26 12:17:44 --> Hooks Class Initialized
DEBUG - 2025-05-26 12:17:44 --> UTF-8 Support Enabled
INFO - 2025-05-26 12:17:44 --> Utf8 Class Initialized
INFO - 2025-05-26 12:17:44 --> URI Class Initialized
INFO - 2025-05-26 12:17:44 --> Router Class Initialized
INFO - 2025-05-26 12:17:44 --> Output Class Initialized
INFO - 2025-05-26 12:17:44 --> Security Class Initialized
DEBUG - 2025-05-26 12:17:44 --> Global POST, GET and COOKIE data sanitized
INFO - 2025-05-26 12:17:44 --> Input Class Initialized
INFO - 2025-05-26 12:17:44 --> Language Class Initialized
INFO - 2025-05-26 12:17:44 --> Loader Class Initialized
INFO - 2025-05-26 12:17:44 --> Helper loaded: url_helper
INFO - 2025-05-26 12:17:44 --> Database Driver Class Initialized
INFO - 2025-05-26 12:17:44 --> Controller Class Initialized
INFO - 2025-05-26 12:17:44 --> Model "Mconfigkey" initialized
INFO - 2025-05-26 12:17:44 --> Model "Msync_doc_aw" initialized
INFO - 2025-05-26 12:17:45 --> Final output sent to browser
DEBUG - 2025-05-26 12:17:45 --> Total execution time: 1.8384
INFO - 2025-05-26 12:17:53 --> Config Class Initialized
INFO - 2025-05-26 12:17:53 --> Hooks Class Initialized
DEBUG - 2025-05-26 12:17:53 --> UTF-8 Support Enabled
INFO - 2025-05-26 12:17:53 --> Utf8 Class Initialized
INFO - 2025-05-26 12:17:53 --> URI Class Initialized
INFO - 2025-05-26 12:17:53 --> Router Class Initialized
INFO - 2025-05-26 12:17:53 --> Output Class Initialized
INFO - 2025-05-26 12:17:53 --> Security Class Initialized
DEBUG - 2025-05-26 12:17:53 --> Global POST, GET and COOKIE data sanitized
INFO - 2025-05-26 12:17:53 --> Input Class Initialized
INFO - 2025-05-26 12:17:53 --> Language Class Initialized
INFO - 2025-05-26 12:17:53 --> Loader Class Initialized
INFO - 2025-05-26 12:17:53 --> Helper loaded: url_helper
INFO - 2025-05-26 12:17:53 --> Database Driver Class Initialized
INFO - 2025-05-26 12:17:53 --> Controller Class Initialized
INFO - 2025-05-26 12:17:53 --> Model "Mconfigkey" initialized
INFO - 2025-05-26 12:17:53 --> Model "Msync_doc_aw" initialized
INFO - 2025-05-26 12:17:53 --> Final output sent to browser
DEBUG - 2025-05-26 12:17:53 --> Total execution time: 0.1408
INFO - 2025-05-26 12:17:56 --> Config Class Initialized
INFO - 2025-05-26 12:17:56 --> Hooks Class Initialized
DEBUG - 2025-05-26 12:17:56 --> UTF-8 Support Enabled
INFO - 2025-05-26 12:17:56 --> Utf8 Class Initialized
INFO - 2025-05-26 12:17:56 --> URI Class Initialized
INFO - 2025-05-26 12:17:56 --> Router Class Initialized
INFO - 2025-05-26 12:17:56 --> Output Class Initialized
INFO - 2025-05-26 12:17:56 --> Security Class Initialized
DEBUG - 2025-05-26 12:17:56 --> Global POST, GET and COOKIE data sanitized
INFO - 2025-05-26 12:17:56 --> Input Class Initialized
INFO - 2025-05-26 12:17:56 --> Language Class Initialized
INFO - 2025-05-26 12:17:56 --> Loader Class Initialized
INFO - 2025-05-26 12:17:56 --> Helper loaded: url_helper
INFO - 2025-05-26 12:17:56 --> Database Driver Class Initialized
INFO - 2025-05-26 12:17:56 --> Controller Class Initialized
INFO - 2025-05-26 12:17:56 --> Model "Mconfigkey" initialized
INFO - 2025-05-26 12:17:56 --> Model "Msync_doc_aw" initialized
INFO - 2025-05-26 12:17:58 --> Final output sent to browser
DEBUG - 2025-05-26 12:17:58 --> Total execution time: 2.0596
INFO - 2025-05-26 12:18:03 --> Config Class Initialized
INFO - 2025-05-26 12:18:03 --> Hooks Class Initialized
DEBUG - 2025-05-26 12:18:03 --> UTF-8 Support Enabled
INFO - 2025-05-26 12:18:03 --> Utf8 Class Initialized
INFO - 2025-05-26 12:18:03 --> URI Class Initialized
INFO - 2025-05-26 12:18:03 --> Router Class Initialized
INFO - 2025-05-26 12:18:03 --> Output Class Initialized
INFO - 2025-05-26 12:18:03 --> Security Class Initialized
DEBUG - 2025-05-26 12:18:03 --> Global POST, GET and COOKIE data sanitized
INFO - 2025-05-26 12:18:03 --> Input Class Initialized
INFO - 2025-05-26 12:18:03 --> Language Class Initialized
INFO - 2025-05-26 12:18:03 --> Loader Class Initialized
INFO - 2025-05-26 12:18:03 --> Helper loaded: url_helper
INFO - 2025-05-26 12:18:03 --> Database Driver Class Initialized
INFO - 2025-05-26 12:18:03 --> Controller Class Initialized
INFO - 2025-05-26 12:18:03 --> Model "Mconfigkey" initialized
INFO - 2025-05-26 12:18:03 --> Model "Msync_doc_aw" initialized
INFO - 2025-05-26 12:18:05 --> Final output sent to browser
DEBUG - 2025-05-26 12:18:05 --> Total execution time: 2.0220
INFO - 2025-05-26 12:18:06 --> Config Class Initialized
INFO - 2025-05-26 12:18:06 --> Hooks Class Initialized
DEBUG - 2025-05-26 12:18:06 --> UTF-8 Support Enabled
INFO - 2025-05-26 12:18:06 --> Utf8 Class Initialized
INFO - 2025-05-26 12:18:06 --> URI Class Initialized
INFO - 2025-05-26 12:18:06 --> Router Class Initialized
INFO - 2025-05-26 12:18:06 --> Output Class Initialized
INFO - 2025-05-26 12:18:06 --> Security Class Initialized
DEBUG - 2025-05-26 12:18:06 --> Global POST, GET and COOKIE data sanitized
INFO - 2025-05-26 12:18:06 --> Input Class Initialized
INFO - 2025-05-26 12:18:06 --> Language Class Initialized
INFO - 2025-05-26 12:18:06 --> Loader Class Initialized
INFO - 2025-05-26 12:18:06 --> Helper loaded: url_helper
INFO - 2025-05-26 12:18:06 --> Database Driver Class Initialized
INFO - 2025-05-26 12:18:06 --> Controller Class Initialized
INFO - 2025-05-26 12:18:06 --> Model "Mconfigkey" initialized
INFO - 2025-05-26 12:18:06 --> Model "Msync_doc_aw" initialized
INFO - 2025-05-26 12:18:08 --> Final output sent to browser
DEBUG - 2025-05-26 12:18:08 --> Total execution time: 2.2500
INFO - 2025-05-26 12:18:13 --> Config Class Initialized
INFO - 2025-05-26 12:18:13 --> Hooks Class Initialized
DEBUG - 2025-05-26 12:18:13 --> UTF-8 Support Enabled
INFO - 2025-05-26 12:18:13 --> Utf8 Class Initialized
INFO - 2025-05-26 12:18:13 --> URI Class Initialized
INFO - 2025-05-26 12:18:13 --> Router Class Initialized
INFO - 2025-05-26 12:18:13 --> Output Class Initialized
INFO - 2025-05-26 12:18:13 --> Security Class Initialized
DEBUG - 2025-05-26 12:18:13 --> Global POST, GET and COOKIE data sanitized
INFO - 2025-05-26 12:18:13 --> Input Class Initialized
INFO - 2025-05-26 12:18:13 --> Language Class Initialized
INFO - 2025-05-26 12:18:13 --> Loader Class Initialized
INFO - 2025-05-26 12:18:13 --> Helper loaded: url_helper
INFO - 2025-05-26 12:18:13 --> Database Driver Class Initialized
INFO - 2025-05-26 12:18:13 --> Controller Class Initialized
INFO - 2025-05-26 12:18:13 --> Model "Mconfigkey" initialized
INFO - 2025-05-26 12:18:13 --> Model "Msync_doc_aw" initialized
INFO - 2025-05-26 12:18:16 --> Final output sent to browser
DEBUG - 2025-05-26 12:18:16 --> Total execution time: 2.2685
INFO - 2025-05-26 12:18:19 --> Config Class Initialized
INFO - 2025-05-26 12:18:19 --> Hooks Class Initialized
DEBUG - 2025-05-26 12:18:19 --> UTF-8 Support Enabled
INFO - 2025-05-26 12:18:19 --> Utf8 Class Initialized
INFO - 2025-05-26 12:18:19 --> URI Class Initialized
INFO - 2025-05-26 12:18:19 --> Router Class Initialized
INFO - 2025-05-26 12:18:19 --> Output Class Initialized
INFO - 2025-05-26 12:18:19 --> Security Class Initialized
DEBUG - 2025-05-26 12:18:19 --> Global POST, GET and COOKIE data sanitized
INFO - 2025-05-26 12:18:19 --> Input Class Initialized
INFO - 2025-05-26 12:18:19 --> Language Class Initialized
INFO - 2025-05-26 12:18:19 --> Loader Class Initialized
INFO - 2025-05-26 12:18:19 --> Helper loaded: url_helper
INFO - 2025-05-26 12:18:19 --> Database Driver Class Initialized
INFO - 2025-05-26 12:18:19 --> Controller Class Initialized
INFO - 2025-05-26 12:18:19 --> Model "Mconfigkey" initialized
INFO - 2025-05-26 12:18:19 --> Model "Msync_doc_aw" initialized
INFO - 2025-05-26 12:18:21 --> Final output sent to browser
DEBUG - 2025-05-26 12:18:21 --> Total execution time: 2.3184
INFO - 2025-05-26 12:18:22 --> Config Class Initialized
INFO - 2025-05-26 12:18:22 --> Hooks Class Initialized
DEBUG - 2025-05-26 12:18:22 --> UTF-8 Support Enabled
INFO - 2025-05-26 12:18:22 --> Utf8 Class Initialized
INFO - 2025-05-26 12:18:22 --> URI Class Initialized
INFO - 2025-05-26 12:18:22 --> Router Class Initialized
INFO - 2025-05-26 12:18:22 --> Output Class Initialized
INFO - 2025-05-26 12:18:22 --> Security Class Initialized
DEBUG - 2025-05-26 12:18:22 --> Global POST, GET and COOKIE data sanitized
INFO - 2025-05-26 12:18:22 --> Input Class Initialized
INFO - 2025-05-26 12:18:22 --> Language Class Initialized
INFO - 2025-05-26 12:18:22 --> Loader Class Initialized
INFO - 2025-05-26 12:18:22 --> Helper loaded: url_helper
INFO - 2025-05-26 12:18:22 --> Database Driver Class Initialized
INFO - 2025-05-26 12:18:22 --> Controller Class Initialized
INFO - 2025-05-26 12:18:22 --> Model "Mconfigkey" initialized
INFO - 2025-05-26 12:18:22 --> Model "Msync_doc_aw" initialized
INFO - 2025-05-26 12:18:25 --> Final output sent to browser
DEBUG - 2025-05-26 12:18:25 --> Total execution time: 2.2605
INFO - 2025-05-26 12:18:26 --> Config Class Initialized
INFO - 2025-05-26 12:18:26 --> Hooks Class Initialized
DEBUG - 2025-05-26 12:18:26 --> UTF-8 Support Enabled
INFO - 2025-05-26 12:18:26 --> Utf8 Class Initialized
INFO - 2025-05-26 12:18:26 --> URI Class Initialized
INFO - 2025-05-26 12:18:26 --> Router Class Initialized
INFO - 2025-05-26 12:18:26 --> Output Class Initialized
INFO - 2025-05-26 12:18:26 --> Security Class Initialized
DEBUG - 2025-05-26 12:18:26 --> Global POST, GET and COOKIE data sanitized
INFO - 2025-05-26 12:18:26 --> Input Class Initialized
INFO - 2025-05-26 12:18:26 --> Language Class Initialized
INFO - 2025-05-26 12:18:26 --> Loader Class Initialized
INFO - 2025-05-26 12:18:26 --> Helper loaded: url_helper
INFO - 2025-05-26 12:18:26 --> Database Driver Class Initialized
INFO - 2025-05-26 12:18:26 --> Controller Class Initialized
INFO - 2025-05-26 12:18:26 --> Model "Mconfigkey" initialized
INFO - 2025-05-26 12:18:26 --> Model "Msync_doc_aw" initialized
INFO - 2025-05-26 12:18:28 --> Final output sent to browser
DEBUG - 2025-05-26 12:18:28 --> Total execution time: 2.2387
INFO - 2025-05-26 12:18:31 --> Config Class Initialized
INFO - 2025-05-26 12:18:31 --> Hooks Class Initialized
DEBUG - 2025-05-26 12:18:31 --> UTF-8 Support Enabled
INFO - 2025-05-26 12:18:31 --> Utf8 Class Initialized
INFO - 2025-05-26 12:18:31 --> URI Class Initialized
INFO - 2025-05-26 12:18:31 --> Router Class Initialized
INFO - 2025-05-26 12:18:31 --> Output Class Initialized
INFO - 2025-05-26 12:18:31 --> Security Class Initialized
DEBUG - 2025-05-26 12:18:31 --> Global POST, GET and COOKIE data sanitized
INFO - 2025-05-26 12:18:31 --> Input Class Initialized
INFO - 2025-05-26 12:18:31 --> Language Class Initialized
INFO - 2025-05-26 12:18:31 --> Loader Class Initialized
INFO - 2025-05-26 12:18:31 --> Helper loaded: url_helper
INFO - 2025-05-26 12:18:31 --> Database Driver Class Initialized
INFO - 2025-05-26 12:18:31 --> Controller Class Initialized
INFO - 2025-05-26 12:18:31 --> Model "Mconfigkey" initialized
INFO - 2025-05-26 12:18:31 --> Model "Msync_doc_aw" initialized
INFO - 2025-05-26 12:18:33 --> Final output sent to browser
DEBUG - 2025-05-26 12:18:33 --> Total execution time: 1.9912
INFO - 2025-05-26 12:18:46 --> Config Class Initialized
INFO - 2025-05-26 12:18:46 --> Hooks Class Initialized
DEBUG - 2025-05-26 12:18:46 --> UTF-8 Support Enabled
INFO - 2025-05-26 12:18:46 --> Utf8 Class Initialized
INFO - 2025-05-26 12:18:46 --> URI Class Initialized
INFO - 2025-05-26 12:18:46 --> Router Class Initialized
INFO - 2025-05-26 12:18:46 --> Output Class Initialized
INFO - 2025-05-26 12:18:46 --> Security Class Initialized
DEBUG - 2025-05-26 12:18:46 --> Global POST, GET and COOKIE data sanitized
INFO - 2025-05-26 12:18:46 --> Input Class Initialized
INFO - 2025-05-26 12:18:46 --> Language Class Initialized
INFO - 2025-05-26 12:18:46 --> Loader Class Initialized
INFO - 2025-05-26 12:18:46 --> Helper loaded: url_helper
INFO - 2025-05-26 12:18:46 --> Database Driver Class Initialized
INFO - 2025-05-26 12:18:46 --> Controller Class Initialized
INFO - 2025-05-26 12:18:46 --> Model "Mconfigkey" initialized
INFO - 2025-05-26 12:18:46 --> Model "Mgoods_in" initialized
INFO - 2025-05-26 12:18:46 --> Final output sent to browser
DEBUG - 2025-05-26 12:18:46 --> Total execution time: 0.4384
INFO - 2025-05-26 12:18:57 --> Config Class Initialized
INFO - 2025-05-26 12:18:57 --> Hooks Class Initialized
DEBUG - 2025-05-26 12:18:57 --> UTF-8 Support Enabled
INFO - 2025-05-26 12:18:57 --> Utf8 Class Initialized
INFO - 2025-05-26 12:18:57 --> URI Class Initialized
INFO - 2025-05-26 12:18:57 --> Router Class Initialized
INFO - 2025-05-26 12:18:57 --> Output Class Initialized
INFO - 2025-05-26 12:18:57 --> Security Class Initialized
DEBUG - 2025-05-26 12:18:57 --> Global POST, GET and COOKIE data sanitized
INFO - 2025-05-26 12:18:57 --> Input Class Initialized
INFO - 2025-05-26 12:18:57 --> Language Class Initialized
INFO - 2025-05-26 12:18:57 --> Loader Class Initialized
INFO - 2025-05-26 12:18:57 --> Helper loaded: url_helper
INFO - 2025-05-26 12:18:57 --> Database Driver Class Initialized
INFO - 2025-05-26 12:18:57 --> Controller Class Initialized
INFO - 2025-05-26 12:18:57 --> Model "Mconfigkey" initialized
INFO - 2025-05-26 12:18:57 --> Model "Msync_delivery_instruction" initialized
INFO - 2025-05-26 12:18:57 --> Final output sent to browser
DEBUG - 2025-05-26 12:18:57 --> Total execution time: 0.0646
INFO - 2025-05-26 12:19:23 --> Config Class Initialized
INFO - 2025-05-26 12:19:23 --> Hooks Class Initialized
DEBUG - 2025-05-26 12:19:23 --> UTF-8 Support Enabled
INFO - 2025-05-26 12:19:23 --> Utf8 Class Initialized
INFO - 2025-05-26 12:19:23 --> URI Class Initialized
INFO - 2025-05-26 12:19:23 --> Router Class Initialized
INFO - 2025-05-26 12:19:23 --> Output Class Initialized
INFO - 2025-05-26 12:19:23 --> Security Class Initialized
DEBUG - 2025-05-26 12:19:23 --> Global POST, GET and COOKIE data sanitized
INFO - 2025-05-26 12:19:23 --> Input Class Initialized
INFO - 2025-05-26 12:19:23 --> Language Class Initialized
INFO - 2025-05-26 12:19:23 --> Loader Class Initialized
INFO - 2025-05-26 12:19:23 --> Helper loaded: url_helper
INFO - 2025-05-26 12:19:23 --> Database Driver Class Initialized
INFO - 2025-05-26 12:19:23 --> Controller Class Initialized
INFO - 2025-05-26 12:19:23 --> Model "Mconfigkey" initialized
INFO - 2025-05-26 12:19:23 --> Model "Msync_doc_aw" initialized
INFO - 2025-05-26 12:19:23 --> Final output sent to browser
DEBUG - 2025-05-26 12:19:23 --> Total execution time: 0.1406
INFO - 2025-05-26 12:19:25 --> Config Class Initialized
INFO - 2025-05-26 12:19:25 --> Hooks Class Initialized
DEBUG - 2025-05-26 12:19:25 --> UTF-8 Support Enabled
INFO - 2025-05-26 12:19:25 --> Utf8 Class Initialized
INFO - 2025-05-26 12:19:25 --> URI Class Initialized
INFO - 2025-05-26 12:19:25 --> Router Class Initialized
INFO - 2025-05-26 12:19:25 --> Output Class Initialized
INFO - 2025-05-26 12:19:25 --> Security Class Initialized
DEBUG - 2025-05-26 12:19:25 --> Global POST, GET and COOKIE data sanitized
INFO - 2025-05-26 12:19:25 --> Input Class Initialized
INFO - 2025-05-26 12:19:25 --> Language Class Initialized
INFO - 2025-05-26 12:19:25 --> Loader Class Initialized
INFO - 2025-05-26 12:19:25 --> Helper loaded: url_helper
INFO - 2025-05-26 12:19:25 --> Database Driver Class Initialized
INFO - 2025-05-26 12:19:25 --> Controller Class Initialized
INFO - 2025-05-26 12:19:25 --> Model "Mconfigkey" initialized
INFO - 2025-05-26 12:19:25 --> Model "Msync_doc_aw" initialized
INFO - 2025-05-26 12:19:27 --> Final output sent to browser
DEBUG - 2025-05-26 12:19:27 --> Total execution time: 1.8768
INFO - 2025-05-26 12:19:30 --> Config Class Initialized
INFO - 2025-05-26 12:19:30 --> Hooks Class Initialized
DEBUG - 2025-05-26 12:19:30 --> UTF-8 Support Enabled
INFO - 2025-05-26 12:19:30 --> Utf8 Class Initialized
INFO - 2025-05-26 12:19:30 --> URI Class Initialized
INFO - 2025-05-26 12:19:30 --> Router Class Initialized
INFO - 2025-05-26 12:19:30 --> Output Class Initialized
INFO - 2025-05-26 12:19:30 --> Security Class Initialized
DEBUG - 2025-05-26 12:19:30 --> Global POST, GET and COOKIE data sanitized
INFO - 2025-05-26 12:19:30 --> Input Class Initialized
INFO - 2025-05-26 12:19:30 --> Language Class Initialized
INFO - 2025-05-26 12:19:30 --> Loader Class Initialized
INFO - 2025-05-26 12:19:30 --> Helper loaded: url_helper
INFO - 2025-05-26 12:19:30 --> Database Driver Class Initialized
INFO - 2025-05-26 12:19:30 --> Controller Class Initialized
INFO - 2025-05-26 12:19:30 --> Model "Mconfigkey" initialized
INFO - 2025-05-26 12:19:30 --> Model "Msync_doc_aw" initialized
INFO - 2025-05-26 12:19:30 --> Final output sent to browser
DEBUG - 2025-05-26 12:19:30 --> Total execution time: 0.1476
INFO - 2025-05-26 12:19:33 --> Config Class Initialized
INFO - 2025-05-26 12:19:33 --> Hooks Class Initialized
DEBUG - 2025-05-26 12:19:33 --> UTF-8 Support Enabled
INFO - 2025-05-26 12:19:33 --> Utf8 Class Initialized
INFO - 2025-05-26 12:19:33 --> URI Class Initialized
INFO - 2025-05-26 12:19:33 --> Router Class Initialized
INFO - 2025-05-26 12:19:33 --> Output Class Initialized
INFO - 2025-05-26 12:19:33 --> Security Class Initialized
DEBUG - 2025-05-26 12:19:33 --> Global POST, GET and COOKIE data sanitized
INFO - 2025-05-26 12:19:33 --> Input Class Initialized
INFO - 2025-05-26 12:19:33 --> Language Class Initialized
INFO - 2025-05-26 12:19:33 --> Loader Class Initialized
INFO - 2025-05-26 12:19:33 --> Helper loaded: url_helper
INFO - 2025-05-26 12:19:33 --> Database Driver Class Initialized
INFO - 2025-05-26 12:19:33 --> Controller Class Initialized
INFO - 2025-05-26 12:19:33 --> Model "Mconfigkey" initialized
INFO - 2025-05-26 12:19:33 --> Model "Msync_doc_aw" initialized
INFO - 2025-05-26 12:19:33 --> Final output sent to browser
DEBUG - 2025-05-26 12:19:33 --> Total execution time: 0.1503
INFO - 2025-05-26 12:19:34 --> Config Class Initialized
INFO - 2025-05-26 12:19:34 --> Hooks Class Initialized
DEBUG - 2025-05-26 12:19:34 --> UTF-8 Support Enabled
INFO - 2025-05-26 12:19:34 --> Utf8 Class Initialized
INFO - 2025-05-26 12:19:34 --> URI Class Initialized
INFO - 2025-05-26 12:19:34 --> Router Class Initialized
INFO - 2025-05-26 12:19:34 --> Output Class Initialized
INFO - 2025-05-26 12:19:34 --> Security Class Initialized
DEBUG - 2025-05-26 12:19:34 --> Global POST, GET and COOKIE data sanitized
INFO - 2025-05-26 12:19:34 --> Input Class Initialized
INFO - 2025-05-26 12:19:34 --> Language Class Initialized
INFO - 2025-05-26 12:19:34 --> Loader Class Initialized
INFO - 2025-05-26 12:19:34 --> Helper loaded: url_helper
INFO - 2025-05-26 12:19:34 --> Database Driver Class Initialized
INFO - 2025-05-26 12:19:34 --> Controller Class Initialized
INFO - 2025-05-26 12:19:34 --> Model "Mconfigkey" initialized
INFO - 2025-05-26 12:19:34 --> Model "Msync_doc_aw" initialized
INFO - 2025-05-26 12:19:36 --> Final output sent to browser
DEBUG - 2025-05-26 12:19:36 --> Total execution time: 2.1696
INFO - 2025-05-26 12:20:49 --> Config Class Initialized
INFO - 2025-05-26 12:20:49 --> Hooks Class Initialized
DEBUG - 2025-05-26 12:20:49 --> UTF-8 Support Enabled
INFO - 2025-05-26 12:20:49 --> Utf8 Class Initialized
INFO - 2025-05-26 12:20:49 --> URI Class Initialized
INFO - 2025-05-26 12:20:49 --> Router Class Initialized
INFO - 2025-05-26 12:20:49 --> Output Class Initialized
INFO - 2025-05-26 12:20:49 --> Security Class Initialized
DEBUG - 2025-05-26 12:20:49 --> Global POST, GET and COOKIE data sanitized
INFO - 2025-05-26 12:20:49 --> Input Class Initialized
INFO - 2025-05-26 12:20:49 --> Language Class Initialized
INFO - 2025-05-26 12:20:49 --> Loader Class Initialized
INFO - 2025-05-26 12:20:49 --> Helper loaded: url_helper
INFO - 2025-05-26 12:20:49 --> Database Driver Class Initialized
INFO - 2025-05-26 12:20:49 --> Controller Class Initialized
INFO - 2025-05-26 12:20:49 --> Model "Mconfigkey" initialized
INFO - 2025-05-26 12:20:49 --> Model "Mgoods_delivery" initialized
INFO - 2025-05-26 12:20:49 --> Final output sent to browser
DEBUG - 2025-05-26 12:20:49 --> Total execution time: 0.0558
INFO - 2025-05-26 12:20:55 --> Config Class Initialized
INFO - 2025-05-26 12:20:55 --> Hooks Class Initialized
DEBUG - 2025-05-26 12:20:55 --> UTF-8 Support Enabled
INFO - 2025-05-26 12:20:55 --> Utf8 Class Initialized
INFO - 2025-05-26 12:20:55 --> URI Class Initialized
INFO - 2025-05-26 12:20:55 --> Router Class Initialized
INFO - 2025-05-26 12:20:55 --> Output Class Initialized
INFO - 2025-05-26 12:20:55 --> Security Class Initialized
DEBUG - 2025-05-26 12:20:55 --> Global POST, GET and COOKIE data sanitized
INFO - 2025-05-26 12:20:55 --> Input Class Initialized
INFO - 2025-05-26 12:20:55 --> Language Class Initialized
INFO - 2025-05-26 12:20:55 --> Loader Class Initialized
INFO - 2025-05-26 12:20:55 --> Helper loaded: url_helper
INFO - 2025-05-26 12:20:55 --> Database Driver Class Initialized
INFO - 2025-05-26 12:20:55 --> Controller Class Initialized
INFO - 2025-05-26 12:20:55 --> Model "Mconfigkey" initialized
INFO - 2025-05-26 12:20:55 --> Model "Mgoods_control" initialized
INFO - 2025-05-26 12:20:55 --> Final output sent to browser
DEBUG - 2025-05-26 12:20:55 --> Total execution time: 0.0431
