INFO - 2024-11-30 02:00:03 --> Config Class Initialized
INFO - 2024-11-30 02:00:03 --> Hooks Class Initialized
DEBUG - 2024-11-30 02:00:03 --> UTF-8 Support Enabled
INFO - 2024-11-30 02:00:03 --> Utf8 Class Initialized
INFO - 2024-11-30 02:00:03 --> URI Class Initialized
INFO - 2024-11-30 02:00:03 --> Router Class Initialized
INFO - 2024-11-30 02:00:03 --> Output Class Initialized
INFO - 2024-11-30 02:00:03 --> Security Class Initialized
DEBUG - 2024-11-30 02:00:03 --> Global POST, GET and COOKIE data sanitized
INFO - 2024-11-30 02:00:03 --> Input Class Initialized
INFO - 2024-11-30 02:00:03 --> Language Class Initialized
INFO - 2024-11-30 02:00:03 --> Loader Class Initialized
INFO - 2024-11-30 02:00:03 --> Helper loaded: url_helper
INFO - 2024-11-30 02:00:03 --> Database Driver Class Initialized
INFO - 2024-11-30 02:00:03 --> Controller Class Initialized
INFO - 2024-11-30 02:00:03 --> Model "Mconfigkey" initialized
INFO - 2024-11-30 02:00:03 --> Final output sent to browser
DEBUG - 2024-11-30 02:00:03 --> Total execution time: 0.0235
INFO - 2024-11-30 12:56:24 --> Config Class Initialized
INFO - 2024-11-30 12:56:24 --> Hooks Class Initialized
DEBUG - 2024-11-30 12:56:24 --> UTF-8 Support Enabled
INFO - 2024-11-30 12:56:24 --> Utf8 Class Initialized
INFO - 2024-11-30 12:56:24 --> URI Class Initialized
INFO - 2024-11-30 12:56:24 --> Router Class Initialized
INFO - 2024-11-30 12:56:24 --> Output Class Initialized
INFO - 2024-11-30 12:56:24 --> Security Class Initialized
DEBUG - 2024-11-30 12:56:24 --> Global POST, GET and COOKIE data sanitized
INFO - 2024-11-30 12:56:24 --> Input Class Initialized
INFO - 2024-11-30 12:56:24 --> Language Class Initialized
INFO - 2024-11-30 12:56:24 --> Loader Class Initialized
INFO - 2024-11-30 12:56:24 --> Helper loaded: url_helper
INFO - 2024-11-30 12:56:24 --> Database Driver Class Initialized
INFO - 2024-11-30 12:56:24 --> Controller Class Initialized
INFO - 2024-11-30 12:56:24 --> Model "Mauth" initialized
INFO - 2024-11-30 12:56:24 --> Model "Mconfigkey" initialized
INFO - 2024-11-30 12:56:24 --> Final output sent to browser
DEBUG - 2024-11-30 12:56:24 --> Total execution time: 0.0415
INFO - 2024-11-30 12:56:29 --> Config Class Initialized
INFO - 2024-11-30 12:56:29 --> Hooks Class Initialized
DEBUG - 2024-11-30 12:56:29 --> UTF-8 Support Enabled
INFO - 2024-11-30 12:56:29 --> Utf8 Class Initialized
INFO - 2024-11-30 12:56:29 --> URI Class Initialized
INFO - 2024-11-30 12:56:29 --> Router Class Initialized
INFO - 2024-11-30 12:56:29 --> Output Class Initialized
INFO - 2024-11-30 12:56:29 --> Security Class Initialized
DEBUG - 2024-11-30 12:56:29 --> Global POST, GET and COOKIE data sanitized
INFO - 2024-11-30 12:56:29 --> Input Class Initialized
INFO - 2024-11-30 12:56:29 --> Language Class Initialized
INFO - 2024-11-30 12:56:29 --> Loader Class Initialized
INFO - 2024-11-30 12:56:29 --> Helper loaded: url_helper
INFO - 2024-11-30 12:56:29 --> Database Driver Class Initialized
INFO - 2024-11-30 12:56:29 --> Controller Class Initialized
INFO - 2024-11-30 12:56:29 --> Model "Mconfigkey" initialized
INFO - 2024-11-30 12:56:29 --> Model "Mbcin_16" initialized
INFO - 2024-11-30 12:56:29 --> Final output sent to browser
DEBUG - 2024-11-30 12:56:29 --> Total execution time: 0.0316
INFO - 2024-11-30 12:56:30 --> Config Class Initialized
INFO - 2024-11-30 12:56:30 --> Hooks Class Initialized
DEBUG - 2024-11-30 12:56:30 --> UTF-8 Support Enabled
INFO - 2024-11-30 12:56:30 --> Utf8 Class Initialized
INFO - 2024-11-30 12:56:30 --> URI Class Initialized
INFO - 2024-11-30 12:56:30 --> Router Class Initialized
INFO - 2024-11-30 12:56:30 --> Output Class Initialized
INFO - 2024-11-30 12:56:30 --> Security Class Initialized
DEBUG - 2024-11-30 12:56:30 --> Global POST, GET and COOKIE data sanitized
INFO - 2024-11-30 12:56:30 --> Input Class Initialized
INFO - 2024-11-30 12:56:30 --> Language Class Initialized
INFO - 2024-11-30 12:56:30 --> Loader Class Initialized
INFO - 2024-11-30 12:56:30 --> Helper loaded: url_helper
INFO - 2024-11-30 12:56:30 --> Database Driver Class Initialized
INFO - 2024-11-30 12:56:30 --> Controller Class Initialized
INFO - 2024-11-30 12:56:30 --> Model "Mconfigkey" initialized
INFO - 2024-11-30 12:56:30 --> Model "Mbcin_271_aw" initialized
INFO - 2024-11-30 12:56:30 --> Final output sent to browser
DEBUG - 2024-11-30 12:56:30 --> Total execution time: 0.1117
INFO - 2024-11-30 12:56:32 --> Config Class Initialized
INFO - 2024-11-30 12:56:32 --> Hooks Class Initialized
DEBUG - 2024-11-30 12:56:32 --> UTF-8 Support Enabled
INFO - 2024-11-30 12:56:32 --> Utf8 Class Initialized
INFO - 2024-11-30 12:56:32 --> URI Class Initialized
INFO - 2024-11-30 12:56:32 --> Router Class Initialized
INFO - 2024-11-30 12:56:32 --> Output Class Initialized
INFO - 2024-11-30 12:56:32 --> Security Class Initialized
DEBUG - 2024-11-30 12:56:32 --> Global POST, GET and COOKIE data sanitized
INFO - 2024-11-30 12:56:32 --> Input Class Initialized
INFO - 2024-11-30 12:56:32 --> Language Class Initialized
INFO - 2024-11-30 12:56:32 --> Loader Class Initialized
INFO - 2024-11-30 12:56:32 --> Helper loaded: url_helper
INFO - 2024-11-30 12:56:32 --> Database Driver Class Initialized
INFO - 2024-11-30 12:56:32 --> Controller Class Initialized
INFO - 2024-11-30 12:56:32 --> Model "Mconfigkey" initialized
INFO - 2024-11-30 12:56:32 --> Model "Mbcin_40" initialized
ERROR - 2024-11-30 12:56:32 --> Query error: [Microsoft][ODBC Driver 18 for SQL Server][SQL Server]Invalid column name 'EDS_ID_HEADER'. - Invalid query: SELECT COUNT(*) AS "numrows"
FROM (
SELECT A.KODE_DOKUMEN_PABEAN, A.NAMA_PEMASOK, A.NOMOR_AJU, B.NOMORDOKUMEN as NOMOR_DOKUMEN, MAX(B.NOMORDOKUMEN) as NOMOR_BL, FORMAT(MAX(B.TANGGALDOKUMEN), 'yyyy-MM-dd') as TANGGAL_DOKUMEN, FORMAT(A.TANGGAL_AJU, 'yyyy-MM-dd') as TANGGAL_AJU, A.NOMOR_DAFTAR, FORMAT(A.TANGGAL_DAFTAR, 'yyyy-MM-dd') as TANGGAL_DAFTAR, A.MODE_SOURCE, A.ID_COMPANY, A.KODE_STATUS, MAX(C.URAIAN_DOKUMEN) as URAIAN_STATUS, A.CIF, A.CIF_RUPIAH, A.HARGA_INVOICE, A.FOB
FROM "tr_bc_header" "A"
LEFT JOIN "PAB_DOKUMEN" "B" ON "A"."ID_HEADER_ORI" = "B"."EDS_ID_HEADER" AND "B"."KODEDOKUMEN"='380'
LEFT JOIN "PAB_DOKUMEN" "D" ON "A"."ID_HEADER_ORI" = "D"."EDS_ID_HEADER" AND "D"."KODEDOKUMEN"='705'
LEFT JOIN "referensi_dokumen" "C" ON "A"."KODE_STATUS" = "C"."TIPE_DOKUMEN" AND "A"."KODE_DOKUMEN_PABEAN"="C"."KODE_DOKUMEN"
WHERE "A"."KODE_DOKUMEN_PABEAN" = '40'
AND  A.ID_COMPANY = 'PLB'
            
GROUP BY "A"."KODE_DOKUMEN_PABEAN", "A"."NAMA_PEMASOK", "A"."NOMOR_AJU", "B"."NOMORDOKUMEN", "B"."TANGGALDOKUMEN", "A"."TANGGAL_AJU", "A"."NOMOR_DAFTAR", "A"."TANGGAL_DAFTAR", "A"."MODE_SOURCE", "A"."ID_COMPANY", "A"."KODE_STATUS", "A"."CIF", "A"."CIF_RUPIAH", "A"."HARGA_INVOICE", "A"."FOB"
) CI_count_all_results
INFO - 2024-11-30 12:56:32 --> Language file loaded: language/english/db_lang.php
INFO - 2024-11-30 12:56:34 --> Config Class Initialized
INFO - 2024-11-30 12:56:34 --> Hooks Class Initialized
DEBUG - 2024-11-30 12:56:34 --> UTF-8 Support Enabled
INFO - 2024-11-30 12:56:34 --> Utf8 Class Initialized
INFO - 2024-11-30 12:56:34 --> URI Class Initialized
INFO - 2024-11-30 12:56:34 --> Router Class Initialized
INFO - 2024-11-30 12:56:34 --> Output Class Initialized
INFO - 2024-11-30 12:56:34 --> Security Class Initialized
DEBUG - 2024-11-30 12:56:34 --> Global POST, GET and COOKIE data sanitized
INFO - 2024-11-30 12:56:34 --> Input Class Initialized
INFO - 2024-11-30 12:56:34 --> Language Class Initialized
INFO - 2024-11-30 12:56:34 --> Loader Class Initialized
INFO - 2024-11-30 12:56:34 --> Helper loaded: url_helper
INFO - 2024-11-30 12:56:34 --> Database Driver Class Initialized
INFO - 2024-11-30 12:56:34 --> Controller Class Initialized
INFO - 2024-11-30 12:56:34 --> Model "Mconfigkey" initialized
INFO - 2024-11-30 12:56:34 --> Model "Mbcout_27" initialized
INFO - 2024-11-30 12:56:34 --> Final output sent to browser
DEBUG - 2024-11-30 12:56:34 --> Total execution time: 0.0357
INFO - 2024-11-30 12:56:46 --> Config Class Initialized
INFO - 2024-11-30 12:56:46 --> Hooks Class Initialized
DEBUG - 2024-11-30 12:56:46 --> UTF-8 Support Enabled
INFO - 2024-11-30 12:56:46 --> Utf8 Class Initialized
INFO - 2024-11-30 12:56:46 --> URI Class Initialized
INFO - 2024-11-30 12:56:46 --> Router Class Initialized
INFO - 2024-11-30 12:56:46 --> Output Class Initialized
INFO - 2024-11-30 12:56:46 --> Security Class Initialized
DEBUG - 2024-11-30 12:56:46 --> Global POST, GET and COOKIE data sanitized
INFO - 2024-11-30 12:56:46 --> Input Class Initialized
INFO - 2024-11-30 12:56:46 --> Language Class Initialized
INFO - 2024-11-30 12:56:46 --> Loader Class Initialized
INFO - 2024-11-30 12:56:46 --> Helper loaded: url_helper
INFO - 2024-11-30 12:56:46 --> Database Driver Class Initialized
INFO - 2024-11-30 12:56:46 --> Controller Class Initialized
INFO - 2024-11-30 12:56:46 --> Model "Mconfigkey" initialized
INFO - 2024-11-30 12:56:46 --> Model "Mbcin_16" initialized
INFO - 2024-11-30 12:56:46 --> Final output sent to browser
DEBUG - 2024-11-30 12:56:46 --> Total execution time: 0.0249
INFO - 2024-11-30 12:56:48 --> Config Class Initialized
INFO - 2024-11-30 12:56:48 --> Hooks Class Initialized
DEBUG - 2024-11-30 12:56:48 --> UTF-8 Support Enabled
INFO - 2024-11-30 12:56:48 --> Utf8 Class Initialized
INFO - 2024-11-30 12:56:48 --> URI Class Initialized
INFO - 2024-11-30 12:56:48 --> Router Class Initialized
INFO - 2024-11-30 12:56:48 --> Output Class Initialized
INFO - 2024-11-30 12:56:48 --> Security Class Initialized
DEBUG - 2024-11-30 12:56:48 --> Global POST, GET and COOKIE data sanitized
INFO - 2024-11-30 12:56:48 --> Input Class Initialized
INFO - 2024-11-30 12:56:48 --> Language Class Initialized
INFO - 2024-11-30 12:56:48 --> Loader Class Initialized
INFO - 2024-11-30 12:56:48 --> Helper loaded: url_helper
INFO - 2024-11-30 12:56:48 --> Database Driver Class Initialized
INFO - 2024-11-30 12:56:48 --> Controller Class Initialized
INFO - 2024-11-30 12:56:48 --> Model "Mconfigkey" initialized
INFO - 2024-11-30 12:56:48 --> Model "Mbcin_271_aw" initialized
INFO - 2024-11-30 12:56:48 --> Final output sent to browser
DEBUG - 2024-11-30 12:56:48 --> Total execution time: 0.0291
INFO - 2024-11-30 12:56:50 --> Config Class Initialized
INFO - 2024-11-30 12:56:50 --> Hooks Class Initialized
DEBUG - 2024-11-30 12:56:50 --> UTF-8 Support Enabled
INFO - 2024-11-30 12:56:50 --> Utf8 Class Initialized
INFO - 2024-11-30 12:56:50 --> URI Class Initialized
INFO - 2024-11-30 12:56:50 --> Router Class Initialized
INFO - 2024-11-30 12:56:50 --> Output Class Initialized
INFO - 2024-11-30 12:56:50 --> Security Class Initialized
DEBUG - 2024-11-30 12:56:50 --> Global POST, GET and COOKIE data sanitized
INFO - 2024-11-30 12:56:50 --> Input Class Initialized
INFO - 2024-11-30 12:56:50 --> Language Class Initialized
INFO - 2024-11-30 12:56:50 --> Loader Class Initialized
INFO - 2024-11-30 12:56:50 --> Helper loaded: url_helper
INFO - 2024-11-30 12:56:50 --> Database Driver Class Initialized
INFO - 2024-11-30 12:56:50 --> Controller Class Initialized
INFO - 2024-11-30 12:56:50 --> Model "Mconfigkey" initialized
INFO - 2024-11-30 12:56:50 --> Model "Mgoods_delivery" initialized
INFO - 2024-11-30 12:56:50 --> Final output sent to browser
DEBUG - 2024-11-30 12:56:50 --> Total execution time: 0.0330
INFO - 2024-11-30 12:56:52 --> Config Class Initialized
INFO - 2024-11-30 12:56:52 --> Hooks Class Initialized
DEBUG - 2024-11-30 12:56:52 --> UTF-8 Support Enabled
INFO - 2024-11-30 12:56:52 --> Utf8 Class Initialized
INFO - 2024-11-30 12:56:52 --> URI Class Initialized
INFO - 2024-11-30 12:56:52 --> Router Class Initialized
INFO - 2024-11-30 12:56:52 --> Output Class Initialized
INFO - 2024-11-30 12:56:52 --> Security Class Initialized
DEBUG - 2024-11-30 12:56:52 --> Global POST, GET and COOKIE data sanitized
INFO - 2024-11-30 12:56:52 --> Input Class Initialized
INFO - 2024-11-30 12:56:52 --> Language Class Initialized
INFO - 2024-11-30 12:56:52 --> Loader Class Initialized
INFO - 2024-11-30 12:56:52 --> Helper loaded: url_helper
INFO - 2024-11-30 12:56:52 --> Database Driver Class Initialized
INFO - 2024-11-30 12:56:52 --> Controller Class Initialized
INFO - 2024-11-30 12:56:52 --> Model "Mconfigkey" initialized
INFO - 2024-11-30 12:56:52 --> Model "Mgoods_in" initialized
INFO - 2024-11-30 12:56:52 --> Final output sent to browser
DEBUG - 2024-11-30 12:56:52 --> Total execution time: 0.0450
INFO - 2024-11-30 12:56:55 --> Config Class Initialized
INFO - 2024-11-30 12:56:55 --> Hooks Class Initialized
DEBUG - 2024-11-30 12:56:55 --> UTF-8 Support Enabled
INFO - 2024-11-30 12:56:55 --> Utf8 Class Initialized
INFO - 2024-11-30 12:56:55 --> URI Class Initialized
INFO - 2024-11-30 12:56:55 --> Router Class Initialized
INFO - 2024-11-30 12:56:55 --> Output Class Initialized
INFO - 2024-11-30 12:56:55 --> Security Class Initialized
DEBUG - 2024-11-30 12:56:55 --> Global POST, GET and COOKIE data sanitized
INFO - 2024-11-30 12:56:55 --> Input Class Initialized
INFO - 2024-11-30 12:56:55 --> Language Class Initialized
INFO - 2024-11-30 12:56:55 --> Loader Class Initialized
INFO - 2024-11-30 12:56:55 --> Helper loaded: url_helper
INFO - 2024-11-30 12:56:55 --> Database Driver Class Initialized
INFO - 2024-11-30 12:56:55 --> Controller Class Initialized
INFO - 2024-11-30 12:56:55 --> Model "Mconfigkey" initialized
INFO - 2024-11-30 12:56:55 --> Model "Msto_goods" initialized
INFO - 2024-11-30 12:56:55 --> Final output sent to browser
DEBUG - 2024-11-30 12:56:55 --> Total execution time: 0.1153
INFO - 2024-11-30 12:57:08 --> Config Class Initialized
INFO - 2024-11-30 12:57:08 --> Hooks Class Initialized
DEBUG - 2024-11-30 12:57:08 --> UTF-8 Support Enabled
INFO - 2024-11-30 12:57:08 --> Utf8 Class Initialized
INFO - 2024-11-30 12:57:08 --> URI Class Initialized
INFO - 2024-11-30 12:57:08 --> Router Class Initialized
INFO - 2024-11-30 12:57:08 --> Output Class Initialized
INFO - 2024-11-30 12:57:08 --> Security Class Initialized
DEBUG - 2024-11-30 12:57:08 --> Global POST, GET and COOKIE data sanitized
INFO - 2024-11-30 12:57:08 --> Input Class Initialized
INFO - 2024-11-30 12:57:08 --> Language Class Initialized
INFO - 2024-11-30 12:57:08 --> Loader Class Initialized
INFO - 2024-11-30 12:57:08 --> Helper loaded: url_helper
INFO - 2024-11-30 12:57:08 --> Database Driver Class Initialized
INFO - 2024-11-30 12:57:08 --> Controller Class Initialized
INFO - 2024-11-30 12:57:08 --> Model "Mconfigkey" initialized
INFO - 2024-11-30 12:57:08 --> Model "Mbcin_271_aw" initialized
INFO - 2024-11-30 12:57:08 --> Final output sent to browser
DEBUG - 2024-11-30 12:57:08 --> Total execution time: 0.0232
