INFO - 2024-03-24 00:41:19 --> Config Class Initialized
INFO - 2024-03-24 00:41:19 --> Hooks Class Initialized
DEBUG - 2024-03-24 00:41:19 --> UTF-8 Support Enabled
INFO - 2024-03-24 00:41:19 --> Utf8 Class Initialized
INFO - 2024-03-24 00:41:19 --> URI Class Initialized
INFO - 2024-03-24 00:41:19 --> Router Class Initialized
INFO - 2024-03-24 00:41:19 --> Output Class Initialized
INFO - 2024-03-24 00:41:19 --> Security Class Initialized
DEBUG - 2024-03-24 00:41:19 --> Global POST, GET and COOKIE data sanitized
INFO - 2024-03-24 00:41:19 --> Input Class Initialized
INFO - 2024-03-24 00:41:19 --> Language Class Initialized
INFO - 2024-03-24 00:41:19 --> Loader Class Initialized
INFO - 2024-03-24 00:41:19 --> Helper loaded: url_helper
INFO - 2024-03-24 00:41:19 --> Database Driver Class Initialized
INFO - 2024-03-24 00:41:19 --> Controller Class Initialized
INFO - 2024-03-24 00:41:26 --> Model "Mportal_data" initialized
ERROR - 2024-03-24 00:41:26 --> Query error: [Microsoft][ODBC Driver 18 for SQL Server][SQL Server]The OLE DB provider "Microsoft.ACE.OLEDB.12.0" for linked server "(null)" reported an error. The provider did not give any information about the error. - Invalid query: 
        EXEC SP_UPLOAD_PORTAL_DATA
        @VNOMORAJU='15032702559920240322500507',
        @VFILENAME='BC27_15032702559920240322500507.xlsx',
        @VUSER='SP_SYNC',
        @VMODE='PROCESS'
        
INFO - 2024-03-24 00:41:26 --> Language file loaded: language/english/db_lang.php
INFO - 2024-03-24 01:05:44 --> Config Class Initialized
INFO - 2024-03-24 01:05:44 --> Hooks Class Initialized
DEBUG - 2024-03-24 01:05:44 --> UTF-8 Support Enabled
INFO - 2024-03-24 01:05:44 --> Utf8 Class Initialized
INFO - 2024-03-24 01:05:44 --> URI Class Initialized
INFO - 2024-03-24 01:05:44 --> Router Class Initialized
INFO - 2024-03-24 01:05:44 --> Output Class Initialized
INFO - 2024-03-24 01:05:44 --> Security Class Initialized
DEBUG - 2024-03-24 01:05:44 --> Global POST, GET and COOKIE data sanitized
INFO - 2024-03-24 01:05:44 --> Input Class Initialized
INFO - 2024-03-24 01:05:44 --> Language Class Initialized
INFO - 2024-03-24 01:05:44 --> Loader Class Initialized
INFO - 2024-03-24 01:05:44 --> Helper loaded: url_helper
INFO - 2024-03-24 01:05:44 --> Database Driver Class Initialized
INFO - 2024-03-24 01:05:44 --> Controller Class Initialized
INFO - 2024-03-24 01:05:45 --> Final output sent to browser
DEBUG - 2024-03-24 01:05:45 --> Total execution time: 1.1150
INFO - 2024-03-24 01:05:53 --> Config Class Initialized
INFO - 2024-03-24 01:05:53 --> Hooks Class Initialized
DEBUG - 2024-03-24 01:05:53 --> UTF-8 Support Enabled
INFO - 2024-03-24 01:05:53 --> Utf8 Class Initialized
INFO - 2024-03-24 01:05:53 --> URI Class Initialized
INFO - 2024-03-24 01:05:53 --> Router Class Initialized
INFO - 2024-03-24 01:05:53 --> Output Class Initialized
INFO - 2024-03-24 01:05:53 --> Security Class Initialized
DEBUG - 2024-03-24 01:05:53 --> Global POST, GET and COOKIE data sanitized
INFO - 2024-03-24 01:05:53 --> Input Class Initialized
INFO - 2024-03-24 01:05:53 --> Language Class Initialized
INFO - 2024-03-24 01:05:53 --> Loader Class Initialized
INFO - 2024-03-24 01:05:53 --> Helper loaded: url_helper
INFO - 2024-03-24 01:05:53 --> Database Driver Class Initialized
INFO - 2024-03-24 01:05:53 --> Controller Class Initialized
INFO - 2024-03-24 01:05:54 --> Model "Mportal_data" initialized
ERROR - 2024-03-24 01:05:56 --> Query error: [Microsoft][ODBC Driver 18 for SQL Server][SQL Server]The OLE DB provider "Microsoft.ACE.OLEDB.12.0" for linked server "(null)" reported an error. The provider did not give any information about the error. - Invalid query: 
        EXEC SP_UPLOAD_PORTAL_DATA
        @VNOMORAJU='15032700943920240322000116',
        @VFILENAME='BC27_15032700943920240322000116.xlsx',
        @VUSER='SP_SYNC',
        @VMODE='PROCESS'
        
INFO - 2024-03-24 01:05:56 --> Language file loaded: language/english/db_lang.php
INFO - 2024-03-24 01:25:13 --> Config Class Initialized
INFO - 2024-03-24 01:25:13 --> Hooks Class Initialized
DEBUG - 2024-03-24 01:25:13 --> UTF-8 Support Enabled
INFO - 2024-03-24 01:25:13 --> Utf8 Class Initialized
INFO - 2024-03-24 01:25:13 --> URI Class Initialized
INFO - 2024-03-24 01:25:13 --> Router Class Initialized
INFO - 2024-03-24 01:25:13 --> Output Class Initialized
INFO - 2024-03-24 01:25:13 --> Security Class Initialized
DEBUG - 2024-03-24 01:25:13 --> Global POST, GET and COOKIE data sanitized
INFO - 2024-03-24 01:25:13 --> Input Class Initialized
INFO - 2024-03-24 01:25:13 --> Language Class Initialized
INFO - 2024-03-24 01:25:13 --> Loader Class Initialized
INFO - 2024-03-24 01:25:13 --> Helper loaded: url_helper
INFO - 2024-03-24 01:25:13 --> Database Driver Class Initialized
INFO - 2024-03-24 01:25:13 --> Controller Class Initialized
ERROR - 2024-03-24 01:25:13 --> Severity: Warning --> file_put_contents(D:/uploads/plb/from_portal/): failed to open stream: No such file or directory D:\xampp\htdocs\plb\dummyservice\application\controllers\PortalApi.php 220
INFO - 2024-03-24 01:25:13 --> Model "Mportal_data" initialized
INFO - 2024-03-24 01:25:13 --> Final output sent to browser
DEBUG - 2024-03-24 01:25:13 --> Total execution time: 0.4595
INFO - 2024-03-24 01:26:29 --> Config Class Initialized
INFO - 2024-03-24 01:26:29 --> Hooks Class Initialized
DEBUG - 2024-03-24 01:26:29 --> UTF-8 Support Enabled
INFO - 2024-03-24 01:26:29 --> Utf8 Class Initialized
INFO - 2024-03-24 01:26:29 --> URI Class Initialized
INFO - 2024-03-24 01:26:29 --> Router Class Initialized
INFO - 2024-03-24 01:26:29 --> Output Class Initialized
INFO - 2024-03-24 01:26:29 --> Security Class Initialized
DEBUG - 2024-03-24 01:26:29 --> Global POST, GET and COOKIE data sanitized
INFO - 2024-03-24 01:26:29 --> Input Class Initialized
INFO - 2024-03-24 01:26:29 --> Language Class Initialized
INFO - 2024-03-24 01:26:29 --> Loader Class Initialized
INFO - 2024-03-24 01:26:29 --> Helper loaded: url_helper
INFO - 2024-03-24 01:26:29 --> Database Driver Class Initialized
INFO - 2024-03-24 01:26:29 --> Controller Class Initialized
INFO - 2024-03-24 01:27:00 --> Final output sent to browser
DEBUG - 2024-03-24 01:27:00 --> Total execution time: 30.6171
INFO - 2024-03-24 01:27:36 --> Config Class Initialized
INFO - 2024-03-24 01:27:36 --> Hooks Class Initialized
DEBUG - 2024-03-24 01:27:36 --> UTF-8 Support Enabled
INFO - 2024-03-24 01:27:36 --> Utf8 Class Initialized
INFO - 2024-03-24 01:27:36 --> URI Class Initialized
INFO - 2024-03-24 01:27:36 --> Router Class Initialized
INFO - 2024-03-24 01:27:36 --> Output Class Initialized
INFO - 2024-03-24 01:27:36 --> Security Class Initialized
DEBUG - 2024-03-24 01:27:36 --> Global POST, GET and COOKIE data sanitized
INFO - 2024-03-24 01:27:36 --> Input Class Initialized
INFO - 2024-03-24 01:27:36 --> Language Class Initialized
INFO - 2024-03-24 01:27:36 --> Loader Class Initialized
INFO - 2024-03-24 01:27:36 --> Helper loaded: url_helper
INFO - 2024-03-24 01:27:36 --> Database Driver Class Initialized
INFO - 2024-03-24 01:27:36 --> Controller Class Initialized
INFO - 2024-03-24 01:28:07 --> Final output sent to browser
DEBUG - 2024-03-24 01:28:07 --> Total execution time: 30.5468
INFO - 2024-03-24 01:28:16 --> Config Class Initialized
INFO - 2024-03-24 01:28:16 --> Hooks Class Initialized
DEBUG - 2024-03-24 01:28:16 --> UTF-8 Support Enabled
INFO - 2024-03-24 01:28:16 --> Utf8 Class Initialized
INFO - 2024-03-24 01:28:16 --> URI Class Initialized
INFO - 2024-03-24 01:28:16 --> Router Class Initialized
INFO - 2024-03-24 01:28:16 --> Output Class Initialized
INFO - 2024-03-24 01:28:16 --> Security Class Initialized
DEBUG - 2024-03-24 01:28:16 --> Global POST, GET and COOKIE data sanitized
INFO - 2024-03-24 01:28:16 --> Input Class Initialized
INFO - 2024-03-24 01:28:16 --> Language Class Initialized
INFO - 2024-03-24 01:28:16 --> Loader Class Initialized
INFO - 2024-03-24 01:28:16 --> Helper loaded: url_helper
INFO - 2024-03-24 01:28:16 --> Database Driver Class Initialized
INFO - 2024-03-24 01:28:16 --> Controller Class Initialized
INFO - 2024-03-24 01:28:22 --> Model "Mportal_data" initialized
INFO - 2024-03-24 01:28:25 --> Final output sent to browser
DEBUG - 2024-03-24 01:28:25 --> Total execution time: 8.9464
INFO - 2024-03-24 01:32:12 --> Config Class Initialized
INFO - 2024-03-24 01:32:12 --> Hooks Class Initialized
DEBUG - 2024-03-24 01:32:12 --> UTF-8 Support Enabled
INFO - 2024-03-24 01:32:12 --> Utf8 Class Initialized
INFO - 2024-03-24 01:32:12 --> URI Class Initialized
INFO - 2024-03-24 01:32:12 --> Router Class Initialized
INFO - 2024-03-24 01:32:12 --> Output Class Initialized
INFO - 2024-03-24 01:32:12 --> Security Class Initialized
DEBUG - 2024-03-24 01:32:12 --> Global POST, GET and COOKIE data sanitized
INFO - 2024-03-24 01:32:12 --> Input Class Initialized
INFO - 2024-03-24 01:32:12 --> Language Class Initialized
INFO - 2024-03-24 01:32:12 --> Loader Class Initialized
INFO - 2024-03-24 01:32:12 --> Helper loaded: url_helper
INFO - 2024-03-24 01:32:12 --> Database Driver Class Initialized
INFO - 2024-03-24 01:32:12 --> Controller Class Initialized
INFO - 2024-03-24 01:32:13 --> Model "Mportal_data" initialized
ERROR - 2024-03-24 01:32:16 --> Severity: error --> Exception: Cannot use object of type CI_DB_sqlsrv_result as array D:\xampp\htdocs\plb\dummyservice\application\models\Mportal_data.php 1708
INFO - 2024-03-24 01:33:24 --> Config Class Initialized
INFO - 2024-03-24 01:33:24 --> Hooks Class Initialized
DEBUG - 2024-03-24 01:33:24 --> UTF-8 Support Enabled
INFO - 2024-03-24 01:33:24 --> Utf8 Class Initialized
INFO - 2024-03-24 01:33:24 --> URI Class Initialized
INFO - 2024-03-24 01:33:24 --> Router Class Initialized
INFO - 2024-03-24 01:33:24 --> Output Class Initialized
INFO - 2024-03-24 01:33:24 --> Security Class Initialized
DEBUG - 2024-03-24 01:33:24 --> Global POST, GET and COOKIE data sanitized
INFO - 2024-03-24 01:33:24 --> Input Class Initialized
INFO - 2024-03-24 01:33:24 --> Language Class Initialized
INFO - 2024-03-24 01:33:24 --> Loader Class Initialized
INFO - 2024-03-24 01:33:24 --> Helper loaded: url_helper
INFO - 2024-03-24 01:33:24 --> Database Driver Class Initialized
INFO - 2024-03-24 01:33:24 --> Controller Class Initialized
INFO - 2024-03-24 01:33:28 --> Model "Mportal_data" initialized
INFO - 2024-03-24 01:33:30 --> Final output sent to browser
DEBUG - 2024-03-24 01:33:30 --> Total execution time: 6.1341
INFO - 2024-03-24 01:34:18 --> Config Class Initialized
INFO - 2024-03-24 01:34:18 --> Hooks Class Initialized
DEBUG - 2024-03-24 01:34:18 --> UTF-8 Support Enabled
INFO - 2024-03-24 01:34:18 --> Utf8 Class Initialized
INFO - 2024-03-24 01:34:18 --> URI Class Initialized
INFO - 2024-03-24 01:34:18 --> Router Class Initialized
INFO - 2024-03-24 01:34:18 --> Output Class Initialized
INFO - 2024-03-24 01:34:18 --> Security Class Initialized
DEBUG - 2024-03-24 01:34:18 --> Global POST, GET and COOKIE data sanitized
INFO - 2024-03-24 01:34:18 --> Input Class Initialized
INFO - 2024-03-24 01:34:18 --> Language Class Initialized
INFO - 2024-03-24 01:34:18 --> Loader Class Initialized
INFO - 2024-03-24 01:34:18 --> Helper loaded: url_helper
INFO - 2024-03-24 01:34:18 --> Database Driver Class Initialized
INFO - 2024-03-24 01:34:18 --> Controller Class Initialized
INFO - 2024-03-24 01:34:26 --> Model "Mportal_data" initialized
INFO - 2024-03-24 01:34:28 --> Final output sent to browser
DEBUG - 2024-03-24 01:34:28 --> Total execution time: 10.6463
INFO - 2024-03-24 01:36:17 --> Config Class Initialized
INFO - 2024-03-24 01:36:17 --> Hooks Class Initialized
DEBUG - 2024-03-24 01:36:17 --> UTF-8 Support Enabled
INFO - 2024-03-24 01:36:17 --> Utf8 Class Initialized
INFO - 2024-03-24 01:36:17 --> URI Class Initialized
INFO - 2024-03-24 01:36:17 --> Router Class Initialized
INFO - 2024-03-24 01:36:17 --> Output Class Initialized
INFO - 2024-03-24 01:36:17 --> Security Class Initialized
DEBUG - 2024-03-24 01:36:17 --> Global POST, GET and COOKIE data sanitized
INFO - 2024-03-24 01:36:17 --> Input Class Initialized
INFO - 2024-03-24 01:36:17 --> Language Class Initialized
INFO - 2024-03-24 01:36:17 --> Loader Class Initialized
INFO - 2024-03-24 01:36:17 --> Helper loaded: url_helper
INFO - 2024-03-24 01:36:17 --> Database Driver Class Initialized
INFO - 2024-03-24 01:36:17 --> Controller Class Initialized
INFO - 2024-03-24 01:36:18 --> Model "Mportal_data" initialized
INFO - 2024-03-24 01:36:20 --> Final output sent to browser
DEBUG - 2024-03-24 01:36:20 --> Total execution time: 3.9653
INFO - 2024-03-24 01:36:58 --> Config Class Initialized
INFO - 2024-03-24 01:36:58 --> Hooks Class Initialized
DEBUG - 2024-03-24 01:36:58 --> UTF-8 Support Enabled
INFO - 2024-03-24 01:36:58 --> Utf8 Class Initialized
INFO - 2024-03-24 01:36:58 --> URI Class Initialized
INFO - 2024-03-24 01:36:58 --> Router Class Initialized
INFO - 2024-03-24 01:36:58 --> Output Class Initialized
INFO - 2024-03-24 01:36:58 --> Security Class Initialized
DEBUG - 2024-03-24 01:36:58 --> Global POST, GET and COOKIE data sanitized
INFO - 2024-03-24 01:36:58 --> Input Class Initialized
INFO - 2024-03-24 01:36:58 --> Language Class Initialized
INFO - 2024-03-24 01:36:58 --> Loader Class Initialized
INFO - 2024-03-24 01:36:58 --> Helper loaded: url_helper
INFO - 2024-03-24 01:36:58 --> Database Driver Class Initialized
INFO - 2024-03-24 01:36:58 --> Controller Class Initialized
INFO - 2024-03-24 01:37:29 --> Final output sent to browser
DEBUG - 2024-03-24 01:37:29 --> Total execution time: 30.4250
INFO - 2024-03-24 01:38:11 --> Config Class Initialized
INFO - 2024-03-24 01:38:11 --> Hooks Class Initialized
DEBUG - 2024-03-24 01:38:11 --> UTF-8 Support Enabled
INFO - 2024-03-24 01:38:11 --> Utf8 Class Initialized
INFO - 2024-03-24 01:38:11 --> URI Class Initialized
INFO - 2024-03-24 01:38:11 --> Router Class Initialized
INFO - 2024-03-24 01:38:11 --> Output Class Initialized
INFO - 2024-03-24 01:38:11 --> Security Class Initialized
DEBUG - 2024-03-24 01:38:11 --> Global POST, GET and COOKIE data sanitized
INFO - 2024-03-24 01:38:11 --> Input Class Initialized
INFO - 2024-03-24 01:38:11 --> Language Class Initialized
INFO - 2024-03-24 01:38:11 --> Loader Class Initialized
INFO - 2024-03-24 01:38:11 --> Helper loaded: url_helper
INFO - 2024-03-24 01:38:11 --> Database Driver Class Initialized
INFO - 2024-03-24 01:38:11 --> Controller Class Initialized
INFO - 2024-03-24 01:38:41 --> Model "Mportal_data" initialized
INFO - 2024-03-24 01:38:44 --> Final output sent to browser
DEBUG - 2024-03-24 01:38:44 --> Total execution time: 33.0123
INFO - 2024-03-24 02:55:03 --> Config Class Initialized
INFO - 2024-03-24 02:55:03 --> Hooks Class Initialized
DEBUG - 2024-03-24 02:55:03 --> UTF-8 Support Enabled
INFO - 2024-03-24 02:55:03 --> Utf8 Class Initialized
INFO - 2024-03-24 02:55:03 --> URI Class Initialized
INFO - 2024-03-24 02:55:03 --> Router Class Initialized
INFO - 2024-03-24 02:55:03 --> Output Class Initialized
INFO - 2024-03-24 02:55:03 --> Security Class Initialized
DEBUG - 2024-03-24 02:55:03 --> Global POST, GET and COOKIE data sanitized
INFO - 2024-03-24 02:55:03 --> Input Class Initialized
INFO - 2024-03-24 02:55:03 --> Language Class Initialized
INFO - 2024-03-24 02:55:03 --> Loader Class Initialized
INFO - 2024-03-24 02:55:03 --> Helper loaded: url_helper
INFO - 2024-03-24 02:55:03 --> Database Driver Class Initialized
INFO - 2024-03-24 02:55:03 --> Controller Class Initialized
INFO - 2024-03-24 02:55:03 --> Model "Mconfigkey" initialized
INFO - 2024-03-24 02:55:03 --> Final output sent to browser
DEBUG - 2024-03-24 02:55:03 --> Total execution time: 0.0210
INFO - 2024-03-24 02:55:07 --> Config Class Initialized
INFO - 2024-03-24 02:55:07 --> Hooks Class Initialized
DEBUG - 2024-03-24 02:55:07 --> UTF-8 Support Enabled
INFO - 2024-03-24 02:55:07 --> Utf8 Class Initialized
INFO - 2024-03-24 02:55:07 --> URI Class Initialized
INFO - 2024-03-24 02:55:07 --> Router Class Initialized
INFO - 2024-03-24 02:55:07 --> Output Class Initialized
INFO - 2024-03-24 02:55:07 --> Security Class Initialized
DEBUG - 2024-03-24 02:55:07 --> Global POST, GET and COOKIE data sanitized
INFO - 2024-03-24 02:55:07 --> Input Class Initialized
INFO - 2024-03-24 02:55:07 --> Language Class Initialized
INFO - 2024-03-24 02:55:07 --> Loader Class Initialized
INFO - 2024-03-24 02:55:07 --> Helper loaded: url_helper
INFO - 2024-03-24 02:55:07 --> Database Driver Class Initialized
INFO - 2024-03-24 02:55:07 --> Controller Class Initialized
INFO - 2024-03-24 02:55:07 --> Model "Mauth" initialized
INFO - 2024-03-24 02:55:07 --> Model "Mconfigkey" initialized
INFO - 2024-03-24 02:55:07 --> Final output sent to browser
DEBUG - 2024-03-24 02:55:07 --> Total execution time: 0.1308
INFO - 2024-03-24 02:55:15 --> Config Class Initialized
INFO - 2024-03-24 02:55:15 --> Hooks Class Initialized
DEBUG - 2024-03-24 02:55:15 --> UTF-8 Support Enabled
INFO - 2024-03-24 02:55:15 --> Utf8 Class Initialized
INFO - 2024-03-24 02:55:15 --> URI Class Initialized
INFO - 2024-03-24 02:55:15 --> Router Class Initialized
INFO - 2024-03-24 02:55:15 --> Output Class Initialized
INFO - 2024-03-24 02:55:15 --> Security Class Initialized
DEBUG - 2024-03-24 02:55:15 --> Global POST, GET and COOKIE data sanitized
INFO - 2024-03-24 02:55:15 --> Input Class Initialized
INFO - 2024-03-24 02:55:15 --> Language Class Initialized
INFO - 2024-03-24 02:55:15 --> Loader Class Initialized
INFO - 2024-03-24 02:55:15 --> Helper loaded: url_helper
INFO - 2024-03-24 02:55:15 --> Database Driver Class Initialized
INFO - 2024-03-24 02:55:15 --> Controller Class Initialized
INFO - 2024-03-24 02:55:15 --> Model "Mconfigkey" initialized
INFO - 2024-03-24 02:55:15 --> Model "Mportal_data" initialized
INFO - 2024-03-24 02:55:16 --> Final output sent to browser
DEBUG - 2024-03-24 02:55:16 --> Total execution time: 0.3530
INFO - 2024-03-24 02:55:17 --> Config Class Initialized
INFO - 2024-03-24 02:55:17 --> Hooks Class Initialized
DEBUG - 2024-03-24 02:55:17 --> UTF-8 Support Enabled
INFO - 2024-03-24 02:55:17 --> Utf8 Class Initialized
INFO - 2024-03-24 02:55:17 --> URI Class Initialized
INFO - 2024-03-24 02:55:17 --> Router Class Initialized
INFO - 2024-03-24 02:55:17 --> Output Class Initialized
INFO - 2024-03-24 02:55:17 --> Security Class Initialized
DEBUG - 2024-03-24 02:55:17 --> Global POST, GET and COOKIE data sanitized
INFO - 2024-03-24 02:55:17 --> Input Class Initialized
INFO - 2024-03-24 02:55:17 --> Language Class Initialized
INFO - 2024-03-24 02:55:17 --> Loader Class Initialized
INFO - 2024-03-24 02:55:17 --> Helper loaded: url_helper
INFO - 2024-03-24 02:55:17 --> Database Driver Class Initialized
INFO - 2024-03-24 02:55:17 --> Controller Class Initialized
INFO - 2024-03-24 02:55:18 --> Final output sent to browser
DEBUG - 2024-03-24 02:55:18 --> Total execution time: 0.6988
INFO - 2024-03-24 02:55:27 --> Config Class Initialized
INFO - 2024-03-24 02:55:27 --> Hooks Class Initialized
DEBUG - 2024-03-24 02:55:27 --> UTF-8 Support Enabled
INFO - 2024-03-24 02:55:27 --> Utf8 Class Initialized
INFO - 2024-03-24 02:55:27 --> URI Class Initialized
INFO - 2024-03-24 02:55:27 --> Router Class Initialized
INFO - 2024-03-24 02:55:27 --> Output Class Initialized
INFO - 2024-03-24 02:55:27 --> Security Class Initialized
DEBUG - 2024-03-24 02:55:27 --> Global POST, GET and COOKIE data sanitized
INFO - 2024-03-24 02:55:27 --> Input Class Initialized
INFO - 2024-03-24 02:55:27 --> Language Class Initialized
INFO - 2024-03-24 02:55:27 --> Loader Class Initialized
INFO - 2024-03-24 02:55:27 --> Helper loaded: url_helper
INFO - 2024-03-24 02:55:27 --> Database Driver Class Initialized
INFO - 2024-03-24 02:55:27 --> Controller Class Initialized
INFO - 2024-03-24 02:55:36 --> Model "Mportal_data" initialized
INFO - 2024-03-24 02:55:39 --> Final output sent to browser
DEBUG - 2024-03-24 02:55:39 --> Total execution time: 12.9783
INFO - 2024-03-24 03:00:05 --> Config Class Initialized
INFO - 2024-03-24 03:00:05 --> Hooks Class Initialized
DEBUG - 2024-03-24 03:00:05 --> UTF-8 Support Enabled
INFO - 2024-03-24 03:00:05 --> Utf8 Class Initialized
INFO - 2024-03-24 03:00:05 --> URI Class Initialized
INFO - 2024-03-24 03:00:05 --> Router Class Initialized
INFO - 2024-03-24 03:00:05 --> Output Class Initialized
INFO - 2024-03-24 03:00:05 --> Security Class Initialized
DEBUG - 2024-03-24 03:00:05 --> Global POST, GET and COOKIE data sanitized
INFO - 2024-03-24 03:00:05 --> Input Class Initialized
INFO - 2024-03-24 03:00:05 --> Language Class Initialized
INFO - 2024-03-24 03:00:05 --> Loader Class Initialized
INFO - 2024-03-24 03:00:05 --> Helper loaded: url_helper
INFO - 2024-03-24 03:00:05 --> Database Driver Class Initialized
INFO - 2024-03-24 03:00:05 --> Controller Class Initialized
INFO - 2024-03-24 03:00:12 --> Model "Mportal_data" initialized
INFO - 2024-03-24 03:00:14 --> Final output sent to browser
DEBUG - 2024-03-24 03:00:14 --> Total execution time: 9.1902
INFO - 2024-03-24 03:00:48 --> Config Class Initialized
INFO - 2024-03-24 03:00:48 --> Hooks Class Initialized
DEBUG - 2024-03-24 03:00:48 --> UTF-8 Support Enabled
INFO - 2024-03-24 03:00:48 --> Utf8 Class Initialized
INFO - 2024-03-24 03:00:48 --> URI Class Initialized
INFO - 2024-03-24 03:00:48 --> Router Class Initialized
INFO - 2024-03-24 03:00:48 --> Output Class Initialized
INFO - 2024-03-24 03:00:48 --> Security Class Initialized
DEBUG - 2024-03-24 03:00:48 --> Global POST, GET and COOKIE data sanitized
INFO - 2024-03-24 03:00:48 --> Input Class Initialized
INFO - 2024-03-24 03:00:48 --> Language Class Initialized
INFO - 2024-03-24 03:00:48 --> Loader Class Initialized
INFO - 2024-03-24 03:00:48 --> Helper loaded: url_helper
INFO - 2024-03-24 03:00:48 --> Database Driver Class Initialized
INFO - 2024-03-24 03:00:48 --> Controller Class Initialized
INFO - 2024-03-24 03:00:49 --> Model "Mportal_data" initialized
INFO - 2024-03-24 03:00:52 --> Final output sent to browser
DEBUG - 2024-03-24 03:00:52 --> Total execution time: 3.3967
INFO - 2024-03-24 03:06:07 --> Config Class Initialized
INFO - 2024-03-24 03:06:07 --> Hooks Class Initialized
DEBUG - 2024-03-24 03:06:07 --> UTF-8 Support Enabled
INFO - 2024-03-24 03:06:07 --> Utf8 Class Initialized
INFO - 2024-03-24 03:06:07 --> URI Class Initialized
INFO - 2024-03-24 03:06:07 --> Router Class Initialized
INFO - 2024-03-24 03:06:07 --> Output Class Initialized
INFO - 2024-03-24 03:06:07 --> Security Class Initialized
DEBUG - 2024-03-24 03:06:07 --> Global POST, GET and COOKIE data sanitized
INFO - 2024-03-24 03:06:07 --> Input Class Initialized
INFO - 2024-03-24 03:06:07 --> Language Class Initialized
INFO - 2024-03-24 03:06:07 --> Loader Class Initialized
INFO - 2024-03-24 03:06:07 --> Helper loaded: url_helper
INFO - 2024-03-24 03:06:07 --> Database Driver Class Initialized
INFO - 2024-03-24 03:06:07 --> Controller Class Initialized
INFO - 2024-03-24 03:06:37 --> Final output sent to browser
DEBUG - 2024-03-24 03:06:37 --> Total execution time: 30.3885
INFO - 2024-03-24 03:09:20 --> Config Class Initialized
INFO - 2024-03-24 03:09:20 --> Hooks Class Initialized
DEBUG - 2024-03-24 03:09:20 --> UTF-8 Support Enabled
INFO - 2024-03-24 03:09:20 --> Utf8 Class Initialized
INFO - 2024-03-24 03:09:20 --> URI Class Initialized
INFO - 2024-03-24 03:09:20 --> Router Class Initialized
INFO - 2024-03-24 03:09:20 --> Output Class Initialized
INFO - 2024-03-24 03:09:20 --> Security Class Initialized
DEBUG - 2024-03-24 03:09:20 --> Global POST, GET and COOKIE data sanitized
INFO - 2024-03-24 03:09:20 --> Input Class Initialized
INFO - 2024-03-24 03:09:20 --> Language Class Initialized
INFO - 2024-03-24 03:09:20 --> Loader Class Initialized
INFO - 2024-03-24 03:09:20 --> Helper loaded: url_helper
INFO - 2024-03-24 03:09:20 --> Database Driver Class Initialized
INFO - 2024-03-24 03:09:20 --> Controller Class Initialized
INFO - 2024-03-24 03:09:21 --> Model "Mportal_data" initialized
INFO - 2024-03-24 03:09:23 --> Final output sent to browser
DEBUG - 2024-03-24 03:09:23 --> Total execution time: 3.8296
INFO - 2024-03-24 03:10:25 --> Config Class Initialized
INFO - 2024-03-24 03:10:25 --> Hooks Class Initialized
DEBUG - 2024-03-24 03:10:25 --> UTF-8 Support Enabled
INFO - 2024-03-24 03:10:25 --> Utf8 Class Initialized
INFO - 2024-03-24 03:10:25 --> URI Class Initialized
INFO - 2024-03-24 03:10:25 --> Router Class Initialized
INFO - 2024-03-24 03:10:25 --> Output Class Initialized
INFO - 2024-03-24 03:10:25 --> Security Class Initialized
DEBUG - 2024-03-24 03:10:25 --> Global POST, GET and COOKIE data sanitized
INFO - 2024-03-24 03:10:25 --> Input Class Initialized
INFO - 2024-03-24 03:10:25 --> Language Class Initialized
INFO - 2024-03-24 03:10:25 --> Loader Class Initialized
INFO - 2024-03-24 03:10:25 --> Helper loaded: url_helper
INFO - 2024-03-24 03:10:25 --> Database Driver Class Initialized
INFO - 2024-03-24 03:10:25 --> Controller Class Initialized
INFO - 2024-03-24 03:10:47 --> Model "Mportal_data" initialized
INFO - 2024-03-24 03:10:49 --> Final output sent to browser
DEBUG - 2024-03-24 03:10:49 --> Total execution time: 24.0462
INFO - 2024-03-24 03:11:26 --> Config Class Initialized
INFO - 2024-03-24 03:11:26 --> Hooks Class Initialized
DEBUG - 2024-03-24 03:11:26 --> UTF-8 Support Enabled
INFO - 2024-03-24 03:11:26 --> Utf8 Class Initialized
INFO - 2024-03-24 03:11:26 --> URI Class Initialized
INFO - 2024-03-24 03:11:26 --> Router Class Initialized
INFO - 2024-03-24 03:11:26 --> Output Class Initialized
INFO - 2024-03-24 03:11:26 --> Security Class Initialized
DEBUG - 2024-03-24 03:11:26 --> Global POST, GET and COOKIE data sanitized
INFO - 2024-03-24 03:11:26 --> Input Class Initialized
INFO - 2024-03-24 03:11:26 --> Language Class Initialized
INFO - 2024-03-24 03:11:26 --> Loader Class Initialized
INFO - 2024-03-24 03:11:26 --> Helper loaded: url_helper
INFO - 2024-03-24 03:11:26 --> Database Driver Class Initialized
INFO - 2024-03-24 03:11:26 --> Controller Class Initialized
INFO - 2024-03-24 03:11:27 --> Model "Mportal_data" initialized
INFO - 2024-03-24 03:11:30 --> Final output sent to browser
DEBUG - 2024-03-24 03:11:30 --> Total execution time: 4.4616
INFO - 2024-03-24 03:35:23 --> Config Class Initialized
INFO - 2024-03-24 03:35:23 --> Hooks Class Initialized
DEBUG - 2024-03-24 03:35:23 --> UTF-8 Support Enabled
INFO - 2024-03-24 03:35:23 --> Utf8 Class Initialized
INFO - 2024-03-24 03:35:23 --> URI Class Initialized
INFO - 2024-03-24 03:35:23 --> Router Class Initialized
INFO - 2024-03-24 03:35:23 --> Output Class Initialized
INFO - 2024-03-24 03:35:23 --> Security Class Initialized
DEBUG - 2024-03-24 03:35:23 --> Global POST, GET and COOKIE data sanitized
INFO - 2024-03-24 03:35:23 --> Input Class Initialized
INFO - 2024-03-24 03:35:23 --> Language Class Initialized
INFO - 2024-03-24 03:35:23 --> Loader Class Initialized
INFO - 2024-03-24 03:35:23 --> Helper loaded: url_helper
INFO - 2024-03-24 03:35:23 --> Database Driver Class Initialized
INFO - 2024-03-24 03:35:23 --> Controller Class Initialized
ERROR - 2024-03-24 03:35:53 --> Severity: Warning --> A non-numeric value encountered D:\xampp\htdocs\plb\dummyservice\application\controllers\PortalApi.php 456
ERROR - 2024-03-24 03:35:53 --> Severity: Warning --> A non-numeric value encountered D:\xampp\htdocs\plb\dummyservice\application\controllers\PortalApi.php 456
INFO - 2024-03-24 03:35:53 --> Final output sent to browser
DEBUG - 2024-03-24 03:35:53 --> Total execution time: 30.3897
INFO - 2024-03-24 03:57:06 --> Config Class Initialized
INFO - 2024-03-24 03:57:06 --> Hooks Class Initialized
DEBUG - 2024-03-24 03:57:06 --> UTF-8 Support Enabled
INFO - 2024-03-24 03:57:06 --> Utf8 Class Initialized
INFO - 2024-03-24 03:57:06 --> URI Class Initialized
INFO - 2024-03-24 03:57:06 --> Router Class Initialized
INFO - 2024-03-24 03:57:06 --> Output Class Initialized
INFO - 2024-03-24 03:57:06 --> Security Class Initialized
DEBUG - 2024-03-24 03:57:06 --> Global POST, GET and COOKIE data sanitized
INFO - 2024-03-24 03:57:06 --> Input Class Initialized
INFO - 2024-03-24 03:57:06 --> Language Class Initialized
INFO - 2024-03-24 03:57:06 --> Loader Class Initialized
INFO - 2024-03-24 03:57:06 --> Helper loaded: url_helper
INFO - 2024-03-24 03:57:06 --> Database Driver Class Initialized
INFO - 2024-03-24 03:57:06 --> Controller Class Initialized
ERROR - 2024-03-24 03:57:55 --> Severity: Warning --> A non-numeric value encountered D:\xampp\htdocs\plb\dummyservice\application\controllers\PortalApi.php 456
ERROR - 2024-03-24 03:57:55 --> Severity: Warning --> A non-numeric value encountered D:\xampp\htdocs\plb\dummyservice\application\controllers\PortalApi.php 456
INFO - 2024-03-24 03:57:55 --> Final output sent to browser
DEBUG - 2024-03-24 03:57:55 --> Total execution time: 49.2352
INFO - 2024-03-24 03:58:18 --> Config Class Initialized
INFO - 2024-03-24 03:58:18 --> Hooks Class Initialized
DEBUG - 2024-03-24 03:58:18 --> UTF-8 Support Enabled
INFO - 2024-03-24 03:58:18 --> Utf8 Class Initialized
INFO - 2024-03-24 03:58:18 --> URI Class Initialized
INFO - 2024-03-24 03:58:18 --> Router Class Initialized
INFO - 2024-03-24 03:58:18 --> Output Class Initialized
INFO - 2024-03-24 03:58:18 --> Security Class Initialized
DEBUG - 2024-03-24 03:58:18 --> Global POST, GET and COOKIE data sanitized
INFO - 2024-03-24 03:58:18 --> Input Class Initialized
INFO - 2024-03-24 03:58:18 --> Language Class Initialized
INFO - 2024-03-24 03:58:18 --> Loader Class Initialized
INFO - 2024-03-24 03:58:18 --> Helper loaded: url_helper
INFO - 2024-03-24 03:58:18 --> Database Driver Class Initialized
INFO - 2024-03-24 03:58:18 --> Controller Class Initialized
INFO - 2024-03-24 03:58:18 --> Final output sent to browser
DEBUG - 2024-03-24 03:58:18 --> Total execution time: 0.4711
INFO - 2024-03-24 03:58:27 --> Config Class Initialized
INFO - 2024-03-24 03:58:27 --> Hooks Class Initialized
DEBUG - 2024-03-24 03:58:27 --> UTF-8 Support Enabled
INFO - 2024-03-24 03:58:27 --> Utf8 Class Initialized
INFO - 2024-03-24 03:58:27 --> URI Class Initialized
INFO - 2024-03-24 03:58:27 --> Router Class Initialized
INFO - 2024-03-24 03:58:27 --> Output Class Initialized
INFO - 2024-03-24 03:58:27 --> Security Class Initialized
DEBUG - 2024-03-24 03:58:27 --> Global POST, GET and COOKIE data sanitized
INFO - 2024-03-24 03:58:27 --> Input Class Initialized
INFO - 2024-03-24 03:58:27 --> Language Class Initialized
INFO - 2024-03-24 03:58:27 --> Loader Class Initialized
INFO - 2024-03-24 03:58:27 --> Helper loaded: url_helper
INFO - 2024-03-24 03:58:27 --> Database Driver Class Initialized
INFO - 2024-03-24 03:58:27 --> Controller Class Initialized
ERROR - 2024-03-24 03:58:57 --> Severity: Warning --> A non-numeric value encountered D:\xampp\htdocs\plb\dummyservice\application\controllers\PortalApi.php 456
ERROR - 2024-03-24 03:58:57 --> Severity: Warning --> A non-numeric value encountered D:\xampp\htdocs\plb\dummyservice\application\controllers\PortalApi.php 456
INFO - 2024-03-24 03:58:57 --> Final output sent to browser
DEBUG - 2024-03-24 03:58:57 --> Total execution time: 30.1998
INFO - 2024-03-24 04:22:23 --> Config Class Initialized
INFO - 2024-03-24 04:22:23 --> Hooks Class Initialized
DEBUG - 2024-03-24 04:22:23 --> UTF-8 Support Enabled
INFO - 2024-03-24 04:22:23 --> Utf8 Class Initialized
INFO - 2024-03-24 04:22:23 --> URI Class Initialized
INFO - 2024-03-24 04:22:23 --> Router Class Initialized
INFO - 2024-03-24 04:22:23 --> Output Class Initialized
INFO - 2024-03-24 04:22:23 --> Security Class Initialized
DEBUG - 2024-03-24 04:22:23 --> Global POST, GET and COOKIE data sanitized
INFO - 2024-03-24 04:22:23 --> Input Class Initialized
INFO - 2024-03-24 04:22:23 --> Language Class Initialized
INFO - 2024-03-24 04:22:23 --> Loader Class Initialized
INFO - 2024-03-24 04:22:23 --> Helper loaded: url_helper
INFO - 2024-03-24 04:22:23 --> Database Driver Class Initialized
INFO - 2024-03-24 04:22:23 --> Controller Class Initialized
ERROR - 2024-03-24 04:22:23 --> Severity: error --> Exception: Too few arguments to function PortalApi::testDownload(), 0 passed in D:\xampp\htdocs\plb\dummyservice\system\core\CodeIgniter.php on line 532 and exactly 1 expected D:\xampp\htdocs\plb\dummyservice\application\controllers\PortalApi.php 62
INFO - 2024-03-24 04:22:42 --> Config Class Initialized
INFO - 2024-03-24 04:22:42 --> Hooks Class Initialized
DEBUG - 2024-03-24 04:22:42 --> UTF-8 Support Enabled
INFO - 2024-03-24 04:22:42 --> Utf8 Class Initialized
INFO - 2024-03-24 04:22:42 --> URI Class Initialized
INFO - 2024-03-24 04:22:42 --> Router Class Initialized
INFO - 2024-03-24 04:22:42 --> Output Class Initialized
INFO - 2024-03-24 04:22:42 --> Security Class Initialized
DEBUG - 2024-03-24 04:22:42 --> Global POST, GET and COOKIE data sanitized
INFO - 2024-03-24 04:22:42 --> Input Class Initialized
INFO - 2024-03-24 04:22:42 --> Language Class Initialized
INFO - 2024-03-24 04:22:42 --> Loader Class Initialized
INFO - 2024-03-24 04:22:42 --> Helper loaded: url_helper
INFO - 2024-03-24 04:22:42 --> Database Driver Class Initialized
INFO - 2024-03-24 04:22:42 --> Controller Class Initialized
ERROR - 2024-03-24 04:23:12 --> Severity: Warning --> A non-numeric value encountered D:\xampp\htdocs\plb\dummyservice\application\controllers\PortalApi.php 462
ERROR - 2024-03-24 04:23:12 --> Severity: Warning --> A non-numeric value encountered D:\xampp\htdocs\plb\dummyservice\application\controllers\PortalApi.php 462
INFO - 2024-03-24 04:23:12 --> Final output sent to browser
DEBUG - 2024-03-24 04:23:12 --> Total execution time: 30.3777
INFO - 2024-03-24 18:34:25 --> Config Class Initialized
INFO - 2024-03-24 18:34:25 --> Hooks Class Initialized
DEBUG - 2024-03-24 18:34:25 --> UTF-8 Support Enabled
INFO - 2024-03-24 18:34:25 --> Utf8 Class Initialized
INFO - 2024-03-24 18:34:25 --> URI Class Initialized
INFO - 2024-03-24 18:34:25 --> Router Class Initialized
INFO - 2024-03-24 18:34:25 --> Output Class Initialized
INFO - 2024-03-24 18:34:25 --> Security Class Initialized
DEBUG - 2024-03-24 18:34:25 --> Global POST, GET and COOKIE data sanitized
INFO - 2024-03-24 18:34:25 --> Input Class Initialized
INFO - 2024-03-24 18:34:25 --> Language Class Initialized
INFO - 2024-03-24 18:34:25 --> Loader Class Initialized
INFO - 2024-03-24 18:34:25 --> Helper loaded: url_helper
INFO - 2024-03-24 18:34:25 --> Database Driver Class Initialized
INFO - 2024-03-24 18:34:25 --> Controller Class Initialized
INFO - 2024-03-24 18:34:25 --> Model "Mconfigkey" initialized
INFO - 2024-03-24 18:34:25 --> Final output sent to browser
DEBUG - 2024-03-24 18:34:25 --> Total execution time: 0.0209
INFO - 2024-03-24 18:34:29 --> Config Class Initialized
INFO - 2024-03-24 18:34:29 --> Hooks Class Initialized
DEBUG - 2024-03-24 18:34:29 --> UTF-8 Support Enabled
INFO - 2024-03-24 18:34:29 --> Utf8 Class Initialized
INFO - 2024-03-24 18:34:29 --> URI Class Initialized
INFO - 2024-03-24 18:34:29 --> Router Class Initialized
INFO - 2024-03-24 18:34:29 --> Output Class Initialized
INFO - 2024-03-24 18:34:29 --> Security Class Initialized
DEBUG - 2024-03-24 18:34:29 --> Global POST, GET and COOKIE data sanitized
INFO - 2024-03-24 18:34:29 --> Input Class Initialized
INFO - 2024-03-24 18:34:29 --> Language Class Initialized
INFO - 2024-03-24 18:34:29 --> Loader Class Initialized
INFO - 2024-03-24 18:34:29 --> Helper loaded: url_helper
INFO - 2024-03-24 18:34:29 --> Database Driver Class Initialized
INFO - 2024-03-24 18:34:29 --> Controller Class Initialized
INFO - 2024-03-24 18:34:29 --> Model "Mauth" initialized
INFO - 2024-03-24 18:34:29 --> Model "Mconfigkey" initialized
INFO - 2024-03-24 18:34:29 --> Final output sent to browser
DEBUG - 2024-03-24 18:34:29 --> Total execution time: 0.0250
INFO - 2024-03-24 18:34:35 --> Config Class Initialized
INFO - 2024-03-24 18:34:35 --> Hooks Class Initialized
DEBUG - 2024-03-24 18:34:35 --> UTF-8 Support Enabled
INFO - 2024-03-24 18:34:35 --> Utf8 Class Initialized
INFO - 2024-03-24 18:34:35 --> URI Class Initialized
INFO - 2024-03-24 18:34:35 --> Router Class Initialized
INFO - 2024-03-24 18:34:35 --> Output Class Initialized
INFO - 2024-03-24 18:34:35 --> Security Class Initialized
DEBUG - 2024-03-24 18:34:35 --> Global POST, GET and COOKIE data sanitized
INFO - 2024-03-24 18:34:35 --> Input Class Initialized
INFO - 2024-03-24 18:34:35 --> Language Class Initialized
INFO - 2024-03-24 18:34:35 --> Loader Class Initialized
INFO - 2024-03-24 18:34:35 --> Helper loaded: url_helper
INFO - 2024-03-24 18:34:35 --> Database Driver Class Initialized
INFO - 2024-03-24 18:34:35 --> Controller Class Initialized
INFO - 2024-03-24 18:34:35 --> Model "Mconfigkey" initialized
INFO - 2024-03-24 18:34:35 --> Model "Mportal_data" initialized
INFO - 2024-03-24 18:34:35 --> Final output sent to browser
DEBUG - 2024-03-24 18:34:35 --> Total execution time: 0.0653
INFO - 2024-03-24 18:34:37 --> Config Class Initialized
INFO - 2024-03-24 18:34:37 --> Hooks Class Initialized
DEBUG - 2024-03-24 18:34:37 --> UTF-8 Support Enabled
INFO - 2024-03-24 18:34:37 --> Utf8 Class Initialized
INFO - 2024-03-24 18:34:37 --> URI Class Initialized
INFO - 2024-03-24 18:34:37 --> Router Class Initialized
INFO - 2024-03-24 18:34:37 --> Output Class Initialized
INFO - 2024-03-24 18:34:37 --> Security Class Initialized
DEBUG - 2024-03-24 18:34:37 --> Global POST, GET and COOKIE data sanitized
INFO - 2024-03-24 18:34:37 --> Input Class Initialized
INFO - 2024-03-24 18:34:37 --> Language Class Initialized
INFO - 2024-03-24 18:34:37 --> Loader Class Initialized
INFO - 2024-03-24 18:34:37 --> Helper loaded: url_helper
INFO - 2024-03-24 18:34:37 --> Database Driver Class Initialized
INFO - 2024-03-24 18:34:37 --> Controller Class Initialized
INFO - 2024-03-24 18:34:38 --> Final output sent to browser
DEBUG - 2024-03-24 18:34:38 --> Total execution time: 1.1278
INFO - 2024-03-24 18:35:45 --> Config Class Initialized
INFO - 2024-03-24 18:35:45 --> Hooks Class Initialized
DEBUG - 2024-03-24 18:35:45 --> UTF-8 Support Enabled
INFO - 2024-03-24 18:35:45 --> Utf8 Class Initialized
INFO - 2024-03-24 18:35:45 --> URI Class Initialized
INFO - 2024-03-24 18:35:45 --> Router Class Initialized
INFO - 2024-03-24 18:35:45 --> Output Class Initialized
INFO - 2024-03-24 18:35:45 --> Security Class Initialized
DEBUG - 2024-03-24 18:35:45 --> Global POST, GET and COOKIE data sanitized
INFO - 2024-03-24 18:35:45 --> Input Class Initialized
INFO - 2024-03-24 18:35:45 --> Language Class Initialized
INFO - 2024-03-24 18:35:45 --> Loader Class Initialized
INFO - 2024-03-24 18:35:45 --> Helper loaded: url_helper
INFO - 2024-03-24 18:35:45 --> Database Driver Class Initialized
INFO - 2024-03-24 18:35:45 --> Controller Class Initialized
ERROR - 2024-03-24 18:36:15 --> Severity: Warning --> A non-numeric value encountered D:\xampp\htdocs\plb\dummyservice\application\controllers\PortalApi.php 462
ERROR - 2024-03-24 18:36:15 --> Severity: Warning --> A non-numeric value encountered D:\xampp\htdocs\plb\dummyservice\application\controllers\PortalApi.php 462
INFO - 2024-03-24 18:36:15 --> Final output sent to browser
DEBUG - 2024-03-24 18:36:15 --> Total execution time: 30.4491
INFO - 2024-03-24 18:43:10 --> Config Class Initialized
INFO - 2024-03-24 18:43:10 --> Hooks Class Initialized
DEBUG - 2024-03-24 18:43:10 --> UTF-8 Support Enabled
INFO - 2024-03-24 18:43:10 --> Utf8 Class Initialized
INFO - 2024-03-24 18:43:10 --> URI Class Initialized
INFO - 2024-03-24 18:43:10 --> Router Class Initialized
INFO - 2024-03-24 18:43:10 --> Output Class Initialized
INFO - 2024-03-24 18:43:10 --> Security Class Initialized
DEBUG - 2024-03-24 18:43:10 --> Global POST, GET and COOKIE data sanitized
INFO - 2024-03-24 18:43:10 --> Input Class Initialized
INFO - 2024-03-24 18:43:10 --> Language Class Initialized
INFO - 2024-03-24 18:43:10 --> Loader Class Initialized
INFO - 2024-03-24 18:43:10 --> Helper loaded: url_helper
INFO - 2024-03-24 18:43:10 --> Database Driver Class Initialized
INFO - 2024-03-24 18:43:10 --> Controller Class Initialized
INFO - 2024-03-24 18:43:12 --> Model "Mportal_data" initialized
INFO - 2024-03-24 18:43:14 --> Final output sent to browser
DEBUG - 2024-03-24 18:43:14 --> Total execution time: 3.9599
