INFO - 2024-11-26 14:09:51 --> Config Class Initialized
INFO - 2024-11-26 14:09:51 --> Hooks Class Initialized
DEBUG - 2024-11-26 14:09:51 --> UTF-8 Support Enabled
INFO - 2024-11-26 14:09:51 --> Utf8 Class Initialized
INFO - 2024-11-26 14:09:51 --> URI Class Initialized
INFO - 2024-11-26 14:09:51 --> Router Class Initialized
INFO - 2024-11-26 14:09:51 --> Output Class Initialized
INFO - 2024-11-26 14:09:51 --> Security Class Initialized
DEBUG - 2024-11-26 14:09:51 --> Global POST, GET and COOKIE data sanitized
INFO - 2024-11-26 14:09:51 --> Input Class Initialized
INFO - 2024-11-26 14:09:51 --> Language Class Initialized
INFO - 2024-11-26 14:09:51 --> Loader Class Initialized
INFO - 2024-11-26 14:09:51 --> Helper loaded: url_helper
INFO - 2024-11-26 14:09:51 --> Database Driver Class Initialized
INFO - 2024-11-26 14:09:51 --> Controller Class Initialized
INFO - 2024-11-26 14:09:51 --> Model "Mconfigkey" initialized
INFO - 2024-11-26 14:09:51 --> Final output sent to browser
DEBUG - 2024-11-26 14:09:51 --> Total execution time: 0.4984
INFO - 2024-11-26 14:09:52 --> Config Class Initialized
INFO - 2024-11-26 14:09:52 --> Hooks Class Initialized
DEBUG - 2024-11-26 14:09:52 --> UTF-8 Support Enabled
INFO - 2024-11-26 14:09:52 --> Utf8 Class Initialized
INFO - 2024-11-26 14:09:52 --> URI Class Initialized
INFO - 2024-11-26 14:09:52 --> Router Class Initialized
INFO - 2024-11-26 14:09:52 --> Output Class Initialized
INFO - 2024-11-26 14:09:52 --> Security Class Initialized
DEBUG - 2024-11-26 14:09:52 --> Global POST, GET and COOKIE data sanitized
INFO - 2024-11-26 14:09:52 --> Input Class Initialized
INFO - 2024-11-26 14:09:52 --> Language Class Initialized
INFO - 2024-11-26 14:09:52 --> Loader Class Initialized
INFO - 2024-11-26 14:09:52 --> Helper loaded: url_helper
INFO - 2024-11-26 14:09:52 --> Database Driver Class Initialized
INFO - 2024-11-26 14:09:52 --> Controller Class Initialized
INFO - 2024-11-26 14:09:53 --> Model "Mauth" initialized
INFO - 2024-11-26 14:09:53 --> Model "Mconfigkey" initialized
INFO - 2024-11-26 14:09:53 --> Final output sent to browser
DEBUG - 2024-11-26 14:09:53 --> Total execution time: 0.0347
INFO - 2024-11-26 14:09:57 --> Config Class Initialized
INFO - 2024-11-26 14:09:57 --> Hooks Class Initialized
DEBUG - 2024-11-26 14:09:57 --> UTF-8 Support Enabled
INFO - 2024-11-26 14:09:57 --> Utf8 Class Initialized
INFO - 2024-11-26 14:09:57 --> URI Class Initialized
INFO - 2024-11-26 14:09:57 --> Router Class Initialized
INFO - 2024-11-26 14:09:57 --> Output Class Initialized
INFO - 2024-11-26 14:09:57 --> Security Class Initialized
DEBUG - 2024-11-26 14:09:57 --> Global POST, GET and COOKIE data sanitized
INFO - 2024-11-26 14:09:57 --> Input Class Initialized
INFO - 2024-11-26 14:09:57 --> Language Class Initialized
INFO - 2024-11-26 14:09:57 --> Loader Class Initialized
INFO - 2024-11-26 14:09:57 --> Helper loaded: url_helper
INFO - 2024-11-26 14:09:57 --> Database Driver Class Initialized
INFO - 2024-11-26 14:09:57 --> Controller Class Initialized
INFO - 2024-11-26 14:09:57 --> Model "Mconfigkey" initialized
INFO - 2024-11-26 14:09:57 --> Model "Msync_doc_aw" initialized
INFO - 2024-11-26 14:09:57 --> Final output sent to browser
DEBUG - 2024-11-26 14:09:57 --> Total execution time: 0.0895
INFO - 2024-11-26 14:10:04 --> Config Class Initialized
INFO - 2024-11-26 14:10:04 --> Hooks Class Initialized
DEBUG - 2024-11-26 14:10:04 --> UTF-8 Support Enabled
INFO - 2024-11-26 14:10:04 --> Utf8 Class Initialized
INFO - 2024-11-26 14:10:04 --> URI Class Initialized
INFO - 2024-11-26 14:10:04 --> Router Class Initialized
INFO - 2024-11-26 14:10:04 --> Output Class Initialized
INFO - 2024-11-26 14:10:04 --> Security Class Initialized
DEBUG - 2024-11-26 14:10:04 --> Global POST, GET and COOKIE data sanitized
INFO - 2024-11-26 14:10:04 --> Input Class Initialized
INFO - 2024-11-26 14:10:04 --> Language Class Initialized
INFO - 2024-11-26 14:10:04 --> Loader Class Initialized
INFO - 2024-11-26 14:10:04 --> Helper loaded: url_helper
INFO - 2024-11-26 14:10:04 --> Database Driver Class Initialized
INFO - 2024-11-26 14:10:04 --> Controller Class Initialized
INFO - 2024-11-26 14:10:04 --> Model "Mconfigkey" initialized
INFO - 2024-11-26 14:10:04 --> Final output sent to browser
DEBUG - 2024-11-26 14:10:04 --> Total execution time: 0.0193
INFO - 2024-11-26 14:10:11 --> Config Class Initialized
INFO - 2024-11-26 14:10:11 --> Hooks Class Initialized
DEBUG - 2024-11-26 14:10:11 --> UTF-8 Support Enabled
INFO - 2024-11-26 14:10:11 --> Utf8 Class Initialized
INFO - 2024-11-26 14:10:11 --> URI Class Initialized
INFO - 2024-11-26 14:10:11 --> Router Class Initialized
INFO - 2024-11-26 14:10:11 --> Output Class Initialized
INFO - 2024-11-26 14:10:11 --> Security Class Initialized
DEBUG - 2024-11-26 14:10:11 --> Global POST, GET and COOKIE data sanitized
INFO - 2024-11-26 14:10:11 --> Input Class Initialized
INFO - 2024-11-26 14:10:11 --> Language Class Initialized
INFO - 2024-11-26 14:10:11 --> Loader Class Initialized
INFO - 2024-11-26 14:10:11 --> Helper loaded: url_helper
INFO - 2024-11-26 14:10:11 --> Database Driver Class Initialized
INFO - 2024-11-26 14:10:11 --> Controller Class Initialized
INFO - 2024-11-26 14:10:11 --> Model "Mconfigkey" initialized
INFO - 2024-11-26 14:10:11 --> Model "Msync_doc_aw" initialized
INFO - 2024-11-26 14:10:11 --> Final output sent to browser
DEBUG - 2024-11-26 14:10:11 --> Total execution time: 0.0864
INFO - 2024-11-26 14:10:13 --> Config Class Initialized
INFO - 2024-11-26 14:10:13 --> Hooks Class Initialized
DEBUG - 2024-11-26 14:10:13 --> UTF-8 Support Enabled
INFO - 2024-11-26 14:10:13 --> Utf8 Class Initialized
INFO - 2024-11-26 14:10:13 --> URI Class Initialized
INFO - 2024-11-26 14:10:13 --> Router Class Initialized
INFO - 2024-11-26 14:10:13 --> Output Class Initialized
INFO - 2024-11-26 14:10:13 --> Security Class Initialized
DEBUG - 2024-11-26 14:10:13 --> Global POST, GET and COOKIE data sanitized
INFO - 2024-11-26 14:10:13 --> Input Class Initialized
INFO - 2024-11-26 14:10:13 --> Language Class Initialized
INFO - 2024-11-26 14:10:13 --> Loader Class Initialized
INFO - 2024-11-26 14:10:13 --> Helper loaded: url_helper
INFO - 2024-11-26 14:10:13 --> Database Driver Class Initialized
INFO - 2024-11-26 14:10:13 --> Controller Class Initialized
INFO - 2024-11-26 14:10:13 --> Model "Mconfigkey" initialized
INFO - 2024-11-26 14:10:13 --> Model "Msync_doc_aw" initialized
INFO - 2024-11-26 14:10:15 --> Final output sent to browser
DEBUG - 2024-11-26 14:10:15 --> Total execution time: 2.0958
INFO - 2024-11-26 14:10:16 --> Config Class Initialized
INFO - 2024-11-26 14:10:16 --> Hooks Class Initialized
DEBUG - 2024-11-26 14:10:16 --> UTF-8 Support Enabled
INFO - 2024-11-26 14:10:16 --> Utf8 Class Initialized
INFO - 2024-11-26 14:10:16 --> URI Class Initialized
INFO - 2024-11-26 14:10:16 --> Router Class Initialized
INFO - 2024-11-26 14:10:16 --> Output Class Initialized
INFO - 2024-11-26 14:10:16 --> Security Class Initialized
DEBUG - 2024-11-26 14:10:16 --> Global POST, GET and COOKIE data sanitized
INFO - 2024-11-26 14:10:16 --> Input Class Initialized
INFO - 2024-11-26 14:10:16 --> Language Class Initialized
INFO - 2024-11-26 14:10:16 --> Loader Class Initialized
INFO - 2024-11-26 14:10:16 --> Helper loaded: url_helper
INFO - 2024-11-26 14:10:16 --> Database Driver Class Initialized
INFO - 2024-11-26 14:10:16 --> Controller Class Initialized
INFO - 2024-11-26 14:10:16 --> Model "Mconfigkey" initialized
INFO - 2024-11-26 14:10:16 --> Model "Msync_doc_aw" initialized
INFO - 2024-11-26 14:10:16 --> Final output sent to browser
DEBUG - 2024-11-26 14:10:16 --> Total execution time: 0.0959
INFO - 2024-11-26 14:12:04 --> Config Class Initialized
INFO - 2024-11-26 14:12:04 --> Hooks Class Initialized
DEBUG - 2024-11-26 14:12:04 --> UTF-8 Support Enabled
INFO - 2024-11-26 14:12:04 --> Utf8 Class Initialized
INFO - 2024-11-26 14:12:04 --> URI Class Initialized
INFO - 2024-11-26 14:12:04 --> Router Class Initialized
INFO - 2024-11-26 14:12:04 --> Output Class Initialized
INFO - 2024-11-26 14:12:04 --> Security Class Initialized
DEBUG - 2024-11-26 14:12:04 --> Global POST, GET and COOKIE data sanitized
INFO - 2024-11-26 14:12:04 --> Input Class Initialized
INFO - 2024-11-26 14:12:04 --> Language Class Initialized
INFO - 2024-11-26 14:12:04 --> Loader Class Initialized
INFO - 2024-11-26 14:12:04 --> Helper loaded: url_helper
INFO - 2024-11-26 14:12:04 --> Database Driver Class Initialized
INFO - 2024-11-26 14:12:04 --> Controller Class Initialized
INFO - 2024-11-26 14:12:04 --> Model "Mconfigkey" initialized
INFO - 2024-11-26 14:12:04 --> Model "Mportal_data" initialized
INFO - 2024-11-26 14:12:04 --> Final output sent to browser
DEBUG - 2024-11-26 14:12:04 --> Total execution time: 0.0372
INFO - 2024-11-26 14:12:16 --> Config Class Initialized
INFO - 2024-11-26 14:12:16 --> Hooks Class Initialized
DEBUG - 2024-11-26 14:12:16 --> UTF-8 Support Enabled
INFO - 2024-11-26 14:12:16 --> Utf8 Class Initialized
INFO - 2024-11-26 14:12:16 --> URI Class Initialized
INFO - 2024-11-26 14:12:16 --> Router Class Initialized
INFO - 2024-11-26 14:12:16 --> Output Class Initialized
INFO - 2024-11-26 14:12:16 --> Security Class Initialized
DEBUG - 2024-11-26 14:12:16 --> Global POST, GET and COOKIE data sanitized
INFO - 2024-11-26 14:12:16 --> Input Class Initialized
INFO - 2024-11-26 14:12:16 --> Language Class Initialized
INFO - 2024-11-26 14:12:16 --> Loader Class Initialized
INFO - 2024-11-26 14:12:16 --> Helper loaded: url_helper
INFO - 2024-11-26 14:12:16 --> Database Driver Class Initialized
INFO - 2024-11-26 14:12:16 --> Controller Class Initialized
INFO - 2024-11-26 14:12:18 --> Model "Mportal_data" initialized
ERROR - 2024-11-26 14:12:22 --> Severity: Warning --> array_key_exists() expects parameter 2 to be array, string given D:\xampp\htdocs\plb\dummyservice\application\controllers\PortalApi.php 450
INFO - 2024-11-26 14:12:22 --> Final output sent to browser
DEBUG - 2024-11-26 14:12:22 --> Total execution time: 5.4396
INFO - 2024-11-26 14:12:30 --> Config Class Initialized
INFO - 2024-11-26 14:12:30 --> Hooks Class Initialized
DEBUG - 2024-11-26 14:12:30 --> UTF-8 Support Enabled
INFO - 2024-11-26 14:12:30 --> Utf8 Class Initialized
INFO - 2024-11-26 14:12:30 --> URI Class Initialized
INFO - 2024-11-26 14:12:30 --> Router Class Initialized
INFO - 2024-11-26 14:12:30 --> Output Class Initialized
INFO - 2024-11-26 14:12:30 --> Security Class Initialized
DEBUG - 2024-11-26 14:12:30 --> Global POST, GET and COOKIE data sanitized
INFO - 2024-11-26 14:12:30 --> Input Class Initialized
INFO - 2024-11-26 14:12:30 --> Language Class Initialized
INFO - 2024-11-26 14:12:30 --> Loader Class Initialized
INFO - 2024-11-26 14:12:30 --> Helper loaded: url_helper
INFO - 2024-11-26 14:12:30 --> Database Driver Class Initialized
INFO - 2024-11-26 14:12:30 --> Controller Class Initialized
INFO - 2024-11-26 14:12:30 --> Model "Mconfigkey" initialized
INFO - 2024-11-26 14:12:30 --> Model "Mportal_data" initialized
INFO - 2024-11-26 14:12:30 --> Final output sent to browser
DEBUG - 2024-11-26 14:12:30 --> Total execution time: 0.0268
INFO - 2024-11-26 14:12:38 --> Config Class Initialized
INFO - 2024-11-26 14:12:38 --> Hooks Class Initialized
DEBUG - 2024-11-26 14:12:38 --> UTF-8 Support Enabled
INFO - 2024-11-26 14:12:38 --> Utf8 Class Initialized
INFO - 2024-11-26 14:12:38 --> URI Class Initialized
INFO - 2024-11-26 14:12:38 --> Router Class Initialized
INFO - 2024-11-26 14:12:38 --> Output Class Initialized
INFO - 2024-11-26 14:12:38 --> Security Class Initialized
DEBUG - 2024-11-26 14:12:38 --> Global POST, GET and COOKIE data sanitized
INFO - 2024-11-26 14:12:38 --> Input Class Initialized
INFO - 2024-11-26 14:12:38 --> Language Class Initialized
INFO - 2024-11-26 14:12:38 --> Loader Class Initialized
INFO - 2024-11-26 14:12:38 --> Helper loaded: url_helper
INFO - 2024-11-26 14:12:38 --> Database Driver Class Initialized
INFO - 2024-11-26 14:12:38 --> Controller Class Initialized
INFO - 2024-11-26 14:12:38 --> Model "Mconfigkey" initialized
INFO - 2024-11-26 14:12:38 --> Model "Mportal_data" initialized
INFO - 2024-11-26 14:12:38 --> Final output sent to browser
DEBUG - 2024-11-26 14:12:38 --> Total execution time: 0.0334
INFO - 2024-11-26 14:12:38 --> Config Class Initialized
INFO - 2024-11-26 14:12:38 --> Hooks Class Initialized
DEBUG - 2024-11-26 14:12:38 --> UTF-8 Support Enabled
INFO - 2024-11-26 14:12:38 --> Utf8 Class Initialized
INFO - 2024-11-26 14:12:38 --> URI Class Initialized
INFO - 2024-11-26 14:12:38 --> Router Class Initialized
INFO - 2024-11-26 14:12:38 --> Output Class Initialized
INFO - 2024-11-26 14:12:38 --> Security Class Initialized
DEBUG - 2024-11-26 14:12:38 --> Global POST, GET and COOKIE data sanitized
INFO - 2024-11-26 14:12:38 --> Input Class Initialized
INFO - 2024-11-26 14:12:38 --> Language Class Initialized
INFO - 2024-11-26 14:12:38 --> Loader Class Initialized
INFO - 2024-11-26 14:12:38 --> Helper loaded: url_helper
INFO - 2024-11-26 14:12:38 --> Database Driver Class Initialized
INFO - 2024-11-26 14:12:38 --> Controller Class Initialized
INFO - 2024-11-26 14:12:38 --> Model "Mconfigkey" initialized
INFO - 2024-11-26 14:12:38 --> Model "Msync_doc_aw" initialized
INFO - 2024-11-26 14:12:38 --> Final output sent to browser
DEBUG - 2024-11-26 14:12:38 --> Total execution time: 0.0820
INFO - 2024-11-26 14:12:43 --> Config Class Initialized
INFO - 2024-11-26 14:12:43 --> Hooks Class Initialized
DEBUG - 2024-11-26 14:12:43 --> UTF-8 Support Enabled
INFO - 2024-11-26 14:12:43 --> Utf8 Class Initialized
INFO - 2024-11-26 14:12:43 --> URI Class Initialized
INFO - 2024-11-26 14:12:43 --> Router Class Initialized
INFO - 2024-11-26 14:12:43 --> Output Class Initialized
INFO - 2024-11-26 14:12:43 --> Security Class Initialized
DEBUG - 2024-11-26 14:12:43 --> Global POST, GET and COOKIE data sanitized
INFO - 2024-11-26 14:12:43 --> Input Class Initialized
INFO - 2024-11-26 14:12:43 --> Language Class Initialized
INFO - 2024-11-26 14:12:43 --> Loader Class Initialized
INFO - 2024-11-26 14:12:43 --> Helper loaded: url_helper
INFO - 2024-11-26 14:12:43 --> Database Driver Class Initialized
INFO - 2024-11-26 14:12:43 --> Controller Class Initialized
INFO - 2024-11-26 14:12:43 --> Model "Mconfigkey" initialized
INFO - 2024-11-26 14:12:43 --> Model "Mportal_data" initialized
INFO - 2024-11-26 14:12:43 --> Final output sent to browser
DEBUG - 2024-11-26 14:12:43 --> Total execution time: 0.0314
INFO - 2024-11-26 14:12:43 --> Config Class Initialized
INFO - 2024-11-26 14:12:43 --> Hooks Class Initialized
DEBUG - 2024-11-26 14:12:43 --> UTF-8 Support Enabled
INFO - 2024-11-26 14:12:43 --> Utf8 Class Initialized
INFO - 2024-11-26 14:12:43 --> URI Class Initialized
INFO - 2024-11-26 14:12:43 --> Router Class Initialized
INFO - 2024-11-26 14:12:43 --> Output Class Initialized
INFO - 2024-11-26 14:12:43 --> Security Class Initialized
DEBUG - 2024-11-26 14:12:43 --> Global POST, GET and COOKIE data sanitized
INFO - 2024-11-26 14:12:43 --> Input Class Initialized
INFO - 2024-11-26 14:12:43 --> Language Class Initialized
INFO - 2024-11-26 14:12:43 --> Loader Class Initialized
INFO - 2024-11-26 14:12:43 --> Helper loaded: url_helper
INFO - 2024-11-26 14:12:43 --> Database Driver Class Initialized
INFO - 2024-11-26 14:12:43 --> Controller Class Initialized
INFO - 2024-11-26 14:12:43 --> Model "Mconfigkey" initialized
INFO - 2024-11-26 14:12:43 --> Model "Msync_doc_aw" initialized
INFO - 2024-11-26 14:12:43 --> Final output sent to browser
DEBUG - 2024-11-26 14:12:43 --> Total execution time: 0.0800
INFO - 2024-11-26 14:12:47 --> Config Class Initialized
INFO - 2024-11-26 14:12:47 --> Hooks Class Initialized
DEBUG - 2024-11-26 14:12:47 --> UTF-8 Support Enabled
INFO - 2024-11-26 14:12:47 --> Utf8 Class Initialized
INFO - 2024-11-26 14:12:47 --> URI Class Initialized
INFO - 2024-11-26 14:12:47 --> Router Class Initialized
INFO - 2024-11-26 14:12:47 --> Output Class Initialized
INFO - 2024-11-26 14:12:47 --> Security Class Initialized
DEBUG - 2024-11-26 14:12:47 --> Global POST, GET and COOKIE data sanitized
INFO - 2024-11-26 14:12:47 --> Input Class Initialized
INFO - 2024-11-26 14:12:47 --> Language Class Initialized
INFO - 2024-11-26 14:12:47 --> Loader Class Initialized
INFO - 2024-11-26 14:12:47 --> Helper loaded: url_helper
INFO - 2024-11-26 14:12:47 --> Database Driver Class Initialized
INFO - 2024-11-26 14:12:47 --> Controller Class Initialized
INFO - 2024-11-26 14:12:47 --> Model "Mconfigkey" initialized
INFO - 2024-11-26 14:12:47 --> Model "Mgoods_in" initialized
INFO - 2024-11-26 14:12:47 --> Final output sent to browser
DEBUG - 2024-11-26 14:12:47 --> Total execution time: 0.0447
INFO - 2024-11-26 14:13:01 --> Config Class Initialized
INFO - 2024-11-26 14:13:01 --> Hooks Class Initialized
DEBUG - 2024-11-26 14:13:01 --> UTF-8 Support Enabled
INFO - 2024-11-26 14:13:01 --> Utf8 Class Initialized
INFO - 2024-11-26 14:13:01 --> URI Class Initialized
INFO - 2024-11-26 14:13:01 --> Router Class Initialized
INFO - 2024-11-26 14:13:01 --> Output Class Initialized
INFO - 2024-11-26 14:13:01 --> Security Class Initialized
DEBUG - 2024-11-26 14:13:01 --> Global POST, GET and COOKIE data sanitized
INFO - 2024-11-26 14:13:01 --> Input Class Initialized
INFO - 2024-11-26 14:13:01 --> Language Class Initialized
INFO - 2024-11-26 14:13:01 --> Loader Class Initialized
INFO - 2024-11-26 14:13:01 --> Helper loaded: url_helper
INFO - 2024-11-26 14:13:01 --> Database Driver Class Initialized
INFO - 2024-11-26 14:13:01 --> Controller Class Initialized
INFO - 2024-11-26 14:13:01 --> Model "Mconfigkey" initialized
INFO - 2024-11-26 14:13:01 --> Model "Mgoods_in" initialized
INFO - 2024-11-26 14:13:01 --> Final output sent to browser
DEBUG - 2024-11-26 14:13:01 --> Total execution time: 0.0372
INFO - 2024-11-26 14:13:07 --> Config Class Initialized
INFO - 2024-11-26 14:13:07 --> Hooks Class Initialized
DEBUG - 2024-11-26 14:13:07 --> UTF-8 Support Enabled
INFO - 2024-11-26 14:13:07 --> Utf8 Class Initialized
INFO - 2024-11-26 14:13:07 --> URI Class Initialized
INFO - 2024-11-26 14:13:07 --> Router Class Initialized
INFO - 2024-11-26 14:13:07 --> Output Class Initialized
INFO - 2024-11-26 14:13:07 --> Security Class Initialized
DEBUG - 2024-11-26 14:13:07 --> Global POST, GET and COOKIE data sanitized
INFO - 2024-11-26 14:13:07 --> Input Class Initialized
INFO - 2024-11-26 14:13:07 --> Language Class Initialized
INFO - 2024-11-26 14:13:07 --> Loader Class Initialized
INFO - 2024-11-26 14:13:07 --> Helper loaded: url_helper
INFO - 2024-11-26 14:13:07 --> Database Driver Class Initialized
INFO - 2024-11-26 14:13:07 --> Controller Class Initialized
INFO - 2024-11-26 14:13:07 --> Model "Mconfigkey" initialized
INFO - 2024-11-26 14:13:07 --> Model "Mgoods_in" initialized
INFO - 2024-11-26 14:13:07 --> Final output sent to browser
DEBUG - 2024-11-26 14:13:07 --> Total execution time: 0.1266
INFO - 2024-11-26 14:13:07 --> Config Class Initialized
INFO - 2024-11-26 14:13:07 --> Hooks Class Initialized
DEBUG - 2024-11-26 14:13:07 --> UTF-8 Support Enabled
INFO - 2024-11-26 14:13:07 --> Utf8 Class Initialized
INFO - 2024-11-26 14:13:07 --> URI Class Initialized
INFO - 2024-11-26 14:13:07 --> Router Class Initialized
INFO - 2024-11-26 14:13:07 --> Output Class Initialized
INFO - 2024-11-26 14:13:07 --> Security Class Initialized
DEBUG - 2024-11-26 14:13:07 --> Global POST, GET and COOKIE data sanitized
INFO - 2024-11-26 14:13:07 --> Input Class Initialized
INFO - 2024-11-26 14:13:07 --> Language Class Initialized
INFO - 2024-11-26 14:13:07 --> Loader Class Initialized
INFO - 2024-11-26 14:13:07 --> Helper loaded: url_helper
INFO - 2024-11-26 14:13:07 --> Database Driver Class Initialized
INFO - 2024-11-26 14:13:07 --> Controller Class Initialized
INFO - 2024-11-26 14:13:07 --> Model "Mconfigkey" initialized
INFO - 2024-11-26 14:13:07 --> Model "Mgoods_in" initialized
INFO - 2024-11-26 14:13:07 --> Final output sent to browser
DEBUG - 2024-11-26 14:13:07 --> Total execution time: 0.0333
INFO - 2024-11-26 15:57:44 --> Config Class Initialized
INFO - 2024-11-26 15:57:44 --> Hooks Class Initialized
DEBUG - 2024-11-26 15:57:44 --> UTF-8 Support Enabled
INFO - 2024-11-26 15:57:44 --> Utf8 Class Initialized
INFO - 2024-11-26 15:57:44 --> URI Class Initialized
INFO - 2024-11-26 15:57:44 --> Router Class Initialized
INFO - 2024-11-26 15:57:44 --> Output Class Initialized
INFO - 2024-11-26 15:57:44 --> Security Class Initialized
DEBUG - 2024-11-26 15:57:44 --> Global POST, GET and COOKIE data sanitized
INFO - 2024-11-26 15:57:44 --> Input Class Initialized
INFO - 2024-11-26 15:57:44 --> Language Class Initialized
INFO - 2024-11-26 15:57:44 --> Loader Class Initialized
INFO - 2024-11-26 15:57:44 --> Helper loaded: url_helper
INFO - 2024-11-26 15:57:44 --> Database Driver Class Initialized
INFO - 2024-11-26 15:57:44 --> Controller Class Initialized
INFO - 2024-11-26 15:57:44 --> Model "Mconfigkey" initialized
INFO - 2024-11-26 15:57:44 --> Model "Mportal_data" initialized
INFO - 2024-11-26 15:57:44 --> Final output sent to browser
DEBUG - 2024-11-26 15:57:44 --> Total execution time: 0.2655
INFO - 2024-11-26 15:57:48 --> Config Class Initialized
INFO - 2024-11-26 15:57:48 --> Hooks Class Initialized
DEBUG - 2024-11-26 15:57:48 --> UTF-8 Support Enabled
INFO - 2024-11-26 15:57:48 --> Utf8 Class Initialized
INFO - 2024-11-26 15:57:48 --> URI Class Initialized
INFO - 2024-11-26 15:57:48 --> Router Class Initialized
INFO - 2024-11-26 15:57:48 --> Output Class Initialized
INFO - 2024-11-26 15:57:48 --> Security Class Initialized
DEBUG - 2024-11-26 15:57:48 --> Global POST, GET and COOKIE data sanitized
INFO - 2024-11-26 15:57:48 --> Input Class Initialized
INFO - 2024-11-26 15:57:48 --> Language Class Initialized
INFO - 2024-11-26 15:57:48 --> Loader Class Initialized
INFO - 2024-11-26 15:57:48 --> Helper loaded: url_helper
INFO - 2024-11-26 15:57:48 --> Database Driver Class Initialized
INFO - 2024-11-26 15:57:48 --> Controller Class Initialized
INFO - 2024-11-26 15:57:48 --> Model "Mconfigkey" initialized
INFO - 2024-11-26 15:57:48 --> Model "Msync_doc_aw" initialized
INFO - 2024-11-26 15:57:48 --> Final output sent to browser
DEBUG - 2024-11-26 15:57:48 --> Total execution time: 0.0914
INFO - 2024-11-26 15:57:49 --> Config Class Initialized
INFO - 2024-11-26 15:57:49 --> Hooks Class Initialized
DEBUG - 2024-11-26 15:57:49 --> UTF-8 Support Enabled
INFO - 2024-11-26 15:57:49 --> Utf8 Class Initialized
INFO - 2024-11-26 15:57:49 --> URI Class Initialized
INFO - 2024-11-26 15:57:49 --> Router Class Initialized
INFO - 2024-11-26 15:57:49 --> Output Class Initialized
INFO - 2024-11-26 15:57:49 --> Security Class Initialized
DEBUG - 2024-11-26 15:57:49 --> Global POST, GET and COOKIE data sanitized
INFO - 2024-11-26 15:57:49 --> Input Class Initialized
INFO - 2024-11-26 15:57:49 --> Language Class Initialized
INFO - 2024-11-26 15:57:49 --> Loader Class Initialized
INFO - 2024-11-26 15:57:49 --> Helper loaded: url_helper
INFO - 2024-11-26 15:57:49 --> Database Driver Class Initialized
INFO - 2024-11-26 15:57:49 --> Controller Class Initialized
INFO - 2024-11-26 15:57:49 --> Model "Mconfigkey" initialized
INFO - 2024-11-26 15:57:49 --> Model "Msync_doc_aw" initialized
INFO - 2024-11-26 15:57:50 --> Final output sent to browser
DEBUG - 2024-11-26 15:57:50 --> Total execution time: 0.0765
INFO - 2024-11-26 15:58:03 --> Config Class Initialized
INFO - 2024-11-26 15:58:03 --> Hooks Class Initialized
DEBUG - 2024-11-26 15:58:03 --> UTF-8 Support Enabled
INFO - 2024-11-26 15:58:03 --> Utf8 Class Initialized
INFO - 2024-11-26 15:58:03 --> URI Class Initialized
INFO - 2024-11-26 15:58:03 --> Router Class Initialized
INFO - 2024-11-26 15:58:03 --> Output Class Initialized
INFO - 2024-11-26 15:58:03 --> Security Class Initialized
DEBUG - 2024-11-26 15:58:03 --> Global POST, GET and COOKIE data sanitized
INFO - 2024-11-26 15:58:03 --> Input Class Initialized
INFO - 2024-11-26 15:58:03 --> Language Class Initialized
INFO - 2024-11-26 15:58:03 --> Loader Class Initialized
INFO - 2024-11-26 15:58:03 --> Helper loaded: url_helper
INFO - 2024-11-26 15:58:03 --> Database Driver Class Initialized
INFO - 2024-11-26 15:58:03 --> Controller Class Initialized
INFO - 2024-11-26 15:58:03 --> Model "Mconfigkey" initialized
INFO - 2024-11-26 15:58:03 --> Model "Msync_doc_aw" initialized
INFO - 2024-11-26 15:58:03 --> Final output sent to browser
DEBUG - 2024-11-26 15:58:03 --> Total execution time: 0.0838
INFO - 2024-11-26 15:58:06 --> Config Class Initialized
INFO - 2024-11-26 15:58:06 --> Hooks Class Initialized
DEBUG - 2024-11-26 15:58:06 --> UTF-8 Support Enabled
INFO - 2024-11-26 15:58:06 --> Utf8 Class Initialized
INFO - 2024-11-26 15:58:06 --> URI Class Initialized
INFO - 2024-11-26 15:58:06 --> Router Class Initialized
INFO - 2024-11-26 15:58:06 --> Output Class Initialized
INFO - 2024-11-26 15:58:06 --> Security Class Initialized
DEBUG - 2024-11-26 15:58:06 --> Global POST, GET and COOKIE data sanitized
INFO - 2024-11-26 15:58:06 --> Input Class Initialized
INFO - 2024-11-26 15:58:06 --> Language Class Initialized
INFO - 2024-11-26 15:58:06 --> Loader Class Initialized
INFO - 2024-11-26 15:58:06 --> Helper loaded: url_helper
INFO - 2024-11-26 15:58:06 --> Database Driver Class Initialized
INFO - 2024-11-26 15:58:06 --> Controller Class Initialized
INFO - 2024-11-26 15:58:06 --> Model "Mconfigkey" initialized
INFO - 2024-11-26 15:58:06 --> Model "Msync_doc_aw" initialized
INFO - 2024-11-26 15:58:06 --> Final output sent to browser
DEBUG - 2024-11-26 15:58:06 --> Total execution time: 0.5302
INFO - 2024-11-26 15:58:19 --> Config Class Initialized
INFO - 2024-11-26 15:58:19 --> Hooks Class Initialized
DEBUG - 2024-11-26 15:58:19 --> UTF-8 Support Enabled
INFO - 2024-11-26 15:58:19 --> Utf8 Class Initialized
INFO - 2024-11-26 15:58:19 --> URI Class Initialized
INFO - 2024-11-26 15:58:19 --> Router Class Initialized
INFO - 2024-11-26 15:58:19 --> Output Class Initialized
INFO - 2024-11-26 15:58:19 --> Security Class Initialized
DEBUG - 2024-11-26 15:58:19 --> Global POST, GET and COOKIE data sanitized
INFO - 2024-11-26 15:58:19 --> Input Class Initialized
INFO - 2024-11-26 15:58:19 --> Language Class Initialized
INFO - 2024-11-26 15:58:19 --> Loader Class Initialized
INFO - 2024-11-26 15:58:19 --> Helper loaded: url_helper
INFO - 2024-11-26 15:58:19 --> Database Driver Class Initialized
INFO - 2024-11-26 15:58:19 --> Controller Class Initialized
INFO - 2024-11-26 15:58:19 --> Model "Mconfigkey" initialized
INFO - 2024-11-26 15:58:19 --> Model "Msync_doc_aw" initialized
INFO - 2024-11-26 15:58:19 --> Final output sent to browser
DEBUG - 2024-11-26 15:58:19 --> Total execution time: 0.5279
INFO - 2024-11-26 15:58:24 --> Config Class Initialized
INFO - 2024-11-26 15:58:24 --> Hooks Class Initialized
DEBUG - 2024-11-26 15:58:24 --> UTF-8 Support Enabled
INFO - 2024-11-26 15:58:24 --> Utf8 Class Initialized
INFO - 2024-11-26 15:58:24 --> URI Class Initialized
INFO - 2024-11-26 15:58:24 --> Router Class Initialized
INFO - 2024-11-26 15:58:24 --> Output Class Initialized
INFO - 2024-11-26 15:58:24 --> Security Class Initialized
DEBUG - 2024-11-26 15:58:24 --> Global POST, GET and COOKIE data sanitized
INFO - 2024-11-26 15:58:24 --> Input Class Initialized
INFO - 2024-11-26 15:58:24 --> Language Class Initialized
INFO - 2024-11-26 15:58:24 --> Loader Class Initialized
INFO - 2024-11-26 15:58:24 --> Helper loaded: url_helper
INFO - 2024-11-26 15:58:24 --> Database Driver Class Initialized
INFO - 2024-11-26 15:58:24 --> Controller Class Initialized
INFO - 2024-11-26 15:58:24 --> Model "Mconfigkey" initialized
INFO - 2024-11-26 15:58:24 --> Final output sent to browser
DEBUG - 2024-11-26 15:58:24 --> Total execution time: 0.0184
INFO - 2024-11-26 15:58:28 --> Config Class Initialized
INFO - 2024-11-26 15:58:28 --> Hooks Class Initialized
DEBUG - 2024-11-26 15:58:28 --> UTF-8 Support Enabled
INFO - 2024-11-26 15:58:28 --> Utf8 Class Initialized
INFO - 2024-11-26 15:58:28 --> URI Class Initialized
INFO - 2024-11-26 15:58:28 --> Router Class Initialized
INFO - 2024-11-26 15:58:28 --> Output Class Initialized
INFO - 2024-11-26 15:58:28 --> Security Class Initialized
DEBUG - 2024-11-26 15:58:28 --> Global POST, GET and COOKIE data sanitized
INFO - 2024-11-26 15:58:28 --> Input Class Initialized
INFO - 2024-11-26 15:58:28 --> Language Class Initialized
INFO - 2024-11-26 15:58:28 --> Loader Class Initialized
INFO - 2024-11-26 15:58:28 --> Helper loaded: url_helper
INFO - 2024-11-26 15:58:28 --> Database Driver Class Initialized
INFO - 2024-11-26 15:58:28 --> Controller Class Initialized
INFO - 2024-11-26 15:58:28 --> Model "Mconfigkey" initialized
INFO - 2024-11-26 15:58:28 --> Model "Msync_doc_aw" initialized
INFO - 2024-11-26 15:58:28 --> Final output sent to browser
DEBUG - 2024-11-26 15:58:28 --> Total execution time: 0.0865
INFO - 2024-11-26 15:58:46 --> Config Class Initialized
INFO - 2024-11-26 15:58:46 --> Hooks Class Initialized
DEBUG - 2024-11-26 15:58:46 --> UTF-8 Support Enabled
INFO - 2024-11-26 15:58:46 --> Utf8 Class Initialized
INFO - 2024-11-26 15:58:46 --> URI Class Initialized
INFO - 2024-11-26 15:58:46 --> Router Class Initialized
INFO - 2024-11-26 15:58:46 --> Output Class Initialized
INFO - 2024-11-26 15:58:46 --> Security Class Initialized
DEBUG - 2024-11-26 15:58:46 --> Global POST, GET and COOKIE data sanitized
INFO - 2024-11-26 15:58:46 --> Input Class Initialized
INFO - 2024-11-26 15:58:46 --> Language Class Initialized
INFO - 2024-11-26 15:58:46 --> Loader Class Initialized
INFO - 2024-11-26 15:58:46 --> Helper loaded: url_helper
INFO - 2024-11-26 15:58:46 --> Database Driver Class Initialized
INFO - 2024-11-26 15:58:46 --> Controller Class Initialized
INFO - 2024-11-26 15:58:46 --> Model "Mconfigkey" initialized
INFO - 2024-11-26 15:58:46 --> Model "Msync_doc_aw" initialized
INFO - 2024-11-26 15:58:47 --> Final output sent to browser
DEBUG - 2024-11-26 15:58:47 --> Total execution time: 0.0798
INFO - 2024-11-26 15:58:48 --> Config Class Initialized
INFO - 2024-11-26 15:58:48 --> Hooks Class Initialized
DEBUG - 2024-11-26 15:58:48 --> UTF-8 Support Enabled
INFO - 2024-11-26 15:58:48 --> Utf8 Class Initialized
INFO - 2024-11-26 15:58:48 --> URI Class Initialized
INFO - 2024-11-26 15:58:48 --> Router Class Initialized
INFO - 2024-11-26 15:58:48 --> Output Class Initialized
INFO - 2024-11-26 15:58:48 --> Security Class Initialized
DEBUG - 2024-11-26 15:58:48 --> Global POST, GET and COOKIE data sanitized
INFO - 2024-11-26 15:58:48 --> Input Class Initialized
INFO - 2024-11-26 15:58:48 --> Language Class Initialized
INFO - 2024-11-26 15:58:48 --> Loader Class Initialized
INFO - 2024-11-26 15:58:48 --> Helper loaded: url_helper
INFO - 2024-11-26 15:58:48 --> Database Driver Class Initialized
INFO - 2024-11-26 15:58:48 --> Controller Class Initialized
INFO - 2024-11-26 15:58:48 --> Model "Mconfigkey" initialized
INFO - 2024-11-26 15:58:48 --> Model "Msync_doc_aw" initialized
INFO - 2024-11-26 15:58:48 --> Final output sent to browser
DEBUG - 2024-11-26 15:58:48 --> Total execution time: 0.4859
INFO - 2024-11-26 15:59:02 --> Config Class Initialized
INFO - 2024-11-26 15:59:02 --> Hooks Class Initialized
DEBUG - 2024-11-26 15:59:02 --> UTF-8 Support Enabled
INFO - 2024-11-26 15:59:02 --> Utf8 Class Initialized
INFO - 2024-11-26 15:59:02 --> URI Class Initialized
INFO - 2024-11-26 15:59:02 --> Router Class Initialized
INFO - 2024-11-26 15:59:02 --> Output Class Initialized
INFO - 2024-11-26 15:59:02 --> Security Class Initialized
DEBUG - 2024-11-26 15:59:02 --> Global POST, GET and COOKIE data sanitized
INFO - 2024-11-26 15:59:02 --> Input Class Initialized
INFO - 2024-11-26 15:59:02 --> Language Class Initialized
INFO - 2024-11-26 15:59:02 --> Loader Class Initialized
INFO - 2024-11-26 15:59:02 --> Helper loaded: url_helper
INFO - 2024-11-26 15:59:02 --> Database Driver Class Initialized
INFO - 2024-11-26 15:59:02 --> Controller Class Initialized
INFO - 2024-11-26 15:59:02 --> Model "Mconfigkey" initialized
INFO - 2024-11-26 15:59:02 --> Model "Msync_doc_aw" initialized
INFO - 2024-11-26 15:59:02 --> Final output sent to browser
DEBUG - 2024-11-26 15:59:02 --> Total execution time: 0.0821
INFO - 2024-11-26 15:59:04 --> Config Class Initialized
INFO - 2024-11-26 15:59:04 --> Hooks Class Initialized
DEBUG - 2024-11-26 15:59:04 --> UTF-8 Support Enabled
INFO - 2024-11-26 15:59:04 --> Utf8 Class Initialized
INFO - 2024-11-26 15:59:04 --> URI Class Initialized
INFO - 2024-11-26 15:59:04 --> Router Class Initialized
INFO - 2024-11-26 15:59:04 --> Output Class Initialized
INFO - 2024-11-26 15:59:04 --> Security Class Initialized
DEBUG - 2024-11-26 15:59:04 --> Global POST, GET and COOKIE data sanitized
INFO - 2024-11-26 15:59:04 --> Input Class Initialized
INFO - 2024-11-26 15:59:04 --> Language Class Initialized
INFO - 2024-11-26 15:59:04 --> Loader Class Initialized
INFO - 2024-11-26 15:59:04 --> Helper loaded: url_helper
INFO - 2024-11-26 15:59:04 --> Database Driver Class Initialized
INFO - 2024-11-26 15:59:04 --> Controller Class Initialized
INFO - 2024-11-26 15:59:04 --> Model "Mconfigkey" initialized
INFO - 2024-11-26 15:59:04 --> Model "Msync_doc_aw" initialized
INFO - 2024-11-26 15:59:05 --> Final output sent to browser
DEBUG - 2024-11-26 15:59:05 --> Total execution time: 0.5043
