INFO - 2025-02-25 13:27:44 --> Config Class Initialized
INFO - 2025-02-25 13:27:44 --> Hooks Class Initialized
DEBUG - 2025-02-25 13:27:44 --> UTF-8 Support Enabled
INFO - 2025-02-25 13:27:44 --> Utf8 Class Initialized
INFO - 2025-02-25 13:27:44 --> URI Class Initialized
INFO - 2025-02-25 13:27:44 --> Router Class Initialized
INFO - 2025-02-25 13:27:44 --> Output Class Initialized
INFO - 2025-02-25 13:27:44 --> Security Class Initialized
DEBUG - 2025-02-25 13:27:44 --> Global POST, GET and COOKIE data sanitized
INFO - 2025-02-25 13:27:44 --> Input Class Initialized
INFO - 2025-02-25 13:27:44 --> Language Class Initialized
INFO - 2025-02-25 13:27:44 --> Loader Class Initialized
INFO - 2025-02-25 13:27:44 --> Helper loaded: url_helper
INFO - 2025-02-25 13:27:44 --> Database Driver Class Initialized
INFO - 2025-02-25 13:27:44 --> Controller Class Initialized
INFO - 2025-02-25 13:27:44 --> Model "Mauth" initialized
INFO - 2025-02-25 13:27:44 --> Model "Mconfigkey" initialized
INFO - 2025-02-25 13:27:44 --> Final output sent to browser
DEBUG - 2025-02-25 13:27:44 --> Total execution time: 0.6036
INFO - 2025-02-25 13:27:51 --> Config Class Initialized
INFO - 2025-02-25 13:27:51 --> Hooks Class Initialized
DEBUG - 2025-02-25 13:27:51 --> UTF-8 Support Enabled
INFO - 2025-02-25 13:27:51 --> Utf8 Class Initialized
INFO - 2025-02-25 13:27:51 --> URI Class Initialized
INFO - 2025-02-25 13:27:51 --> Router Class Initialized
INFO - 2025-02-25 13:27:51 --> Output Class Initialized
INFO - 2025-02-25 13:27:51 --> Security Class Initialized
DEBUG - 2025-02-25 13:27:51 --> Global POST, GET and COOKIE data sanitized
INFO - 2025-02-25 13:27:51 --> Input Class Initialized
INFO - 2025-02-25 13:27:51 --> Language Class Initialized
INFO - 2025-02-25 13:27:51 --> Loader Class Initialized
INFO - 2025-02-25 13:27:51 --> Helper loaded: url_helper
INFO - 2025-02-25 13:27:51 --> Database Driver Class Initialized
INFO - 2025-02-25 13:27:51 --> Controller Class Initialized
INFO - 2025-02-25 13:27:51 --> Model "Mconfigkey" initialized
INFO - 2025-02-25 13:27:51 --> Model "Mportal_data" initialized
INFO - 2025-02-25 13:27:51 --> Final output sent to browser
DEBUG - 2025-02-25 13:27:51 --> Total execution time: 0.0687
INFO - 2025-02-25 13:27:53 --> Config Class Initialized
INFO - 2025-02-25 13:27:53 --> Hooks Class Initialized
DEBUG - 2025-02-25 13:27:53 --> UTF-8 Support Enabled
INFO - 2025-02-25 13:27:53 --> Utf8 Class Initialized
INFO - 2025-02-25 13:27:53 --> URI Class Initialized
INFO - 2025-02-25 13:27:53 --> Router Class Initialized
INFO - 2025-02-25 13:27:53 --> Output Class Initialized
INFO - 2025-02-25 13:27:53 --> Security Class Initialized
DEBUG - 2025-02-25 13:27:53 --> Global POST, GET and COOKIE data sanitized
INFO - 2025-02-25 13:27:53 --> Input Class Initialized
INFO - 2025-02-25 13:27:53 --> Language Class Initialized
INFO - 2025-02-25 13:27:53 --> Loader Class Initialized
INFO - 2025-02-25 13:27:53 --> Helper loaded: url_helper
INFO - 2025-02-25 13:27:53 --> Database Driver Class Initialized
INFO - 2025-02-25 13:27:53 --> Controller Class Initialized
INFO - 2025-02-25 13:27:53 --> Model "Mconfigkey" initialized
INFO - 2025-02-25 13:27:53 --> Model "Msync_doc_aw" initialized
INFO - 2025-02-25 13:27:54 --> Final output sent to browser
DEBUG - 2025-02-25 13:27:54 --> Total execution time: 0.2013
INFO - 2025-02-25 13:27:58 --> Config Class Initialized
INFO - 2025-02-25 13:27:58 --> Hooks Class Initialized
DEBUG - 2025-02-25 13:27:58 --> UTF-8 Support Enabled
INFO - 2025-02-25 13:27:58 --> Utf8 Class Initialized
INFO - 2025-02-25 13:27:58 --> URI Class Initialized
INFO - 2025-02-25 13:27:58 --> Router Class Initialized
INFO - 2025-02-25 13:27:58 --> Output Class Initialized
INFO - 2025-02-25 13:27:58 --> Security Class Initialized
DEBUG - 2025-02-25 13:27:58 --> Global POST, GET and COOKIE data sanitized
INFO - 2025-02-25 13:27:58 --> Input Class Initialized
INFO - 2025-02-25 13:27:58 --> Language Class Initialized
INFO - 2025-02-25 13:27:58 --> Loader Class Initialized
INFO - 2025-02-25 13:27:58 --> Helper loaded: url_helper
INFO - 2025-02-25 13:27:58 --> Database Driver Class Initialized
INFO - 2025-02-25 13:27:58 --> Controller Class Initialized
INFO - 2025-02-25 13:27:58 --> Model "Mconfigkey" initialized
INFO - 2025-02-25 13:27:58 --> Model "Msync_doc_aw" initialized
INFO - 2025-02-25 13:28:16 --> Final output sent to browser
DEBUG - 2025-02-25 13:28:16 --> Total execution time: 18.0874
INFO - 2025-02-25 13:28:16 --> Config Class Initialized
INFO - 2025-02-25 13:28:16 --> Hooks Class Initialized
DEBUG - 2025-02-25 13:28:16 --> UTF-8 Support Enabled
INFO - 2025-02-25 13:28:16 --> Utf8 Class Initialized
INFO - 2025-02-25 13:28:16 --> URI Class Initialized
INFO - 2025-02-25 13:28:16 --> Router Class Initialized
INFO - 2025-02-25 13:28:16 --> Output Class Initialized
INFO - 2025-02-25 13:28:16 --> Security Class Initialized
DEBUG - 2025-02-25 13:28:16 --> Global POST, GET and COOKIE data sanitized
INFO - 2025-02-25 13:28:16 --> Input Class Initialized
INFO - 2025-02-25 13:28:16 --> Language Class Initialized
INFO - 2025-02-25 13:28:16 --> Loader Class Initialized
INFO - 2025-02-25 13:28:16 --> Helper loaded: url_helper
INFO - 2025-02-25 13:28:16 --> Database Driver Class Initialized
INFO - 2025-02-25 13:28:16 --> Controller Class Initialized
INFO - 2025-02-25 13:28:16 --> Model "Mconfigkey" initialized
INFO - 2025-02-25 13:28:16 --> Model "Msync_doc_aw" initialized
INFO - 2025-02-25 13:28:16 --> Final output sent to browser
DEBUG - 2025-02-25 13:28:16 --> Total execution time: 0.2027
INFO - 2025-02-25 13:28:21 --> Config Class Initialized
INFO - 2025-02-25 13:28:21 --> Hooks Class Initialized
DEBUG - 2025-02-25 13:28:21 --> UTF-8 Support Enabled
INFO - 2025-02-25 13:28:21 --> Utf8 Class Initialized
INFO - 2025-02-25 13:28:21 --> URI Class Initialized
INFO - 2025-02-25 13:28:21 --> Router Class Initialized
INFO - 2025-02-25 13:28:21 --> Output Class Initialized
INFO - 2025-02-25 13:28:21 --> Security Class Initialized
DEBUG - 2025-02-25 13:28:21 --> Global POST, GET and COOKIE data sanitized
INFO - 2025-02-25 13:28:21 --> Input Class Initialized
INFO - 2025-02-25 13:28:21 --> Language Class Initialized
INFO - 2025-02-25 13:28:21 --> Loader Class Initialized
INFO - 2025-02-25 13:28:21 --> Helper loaded: url_helper
INFO - 2025-02-25 13:28:21 --> Database Driver Class Initialized
INFO - 2025-02-25 13:28:21 --> Controller Class Initialized
INFO - 2025-02-25 13:28:21 --> Model "Mconfigkey" initialized
INFO - 2025-02-25 13:28:21 --> Model "Msync_doc_aw" initialized
INFO - 2025-02-25 13:28:21 --> Final output sent to browser
DEBUG - 2025-02-25 13:28:21 --> Total execution time: 0.1847
INFO - 2025-02-25 13:28:29 --> Config Class Initialized
INFO - 2025-02-25 13:28:29 --> Hooks Class Initialized
DEBUG - 2025-02-25 13:28:29 --> UTF-8 Support Enabled
INFO - 2025-02-25 13:28:29 --> Utf8 Class Initialized
INFO - 2025-02-25 13:28:29 --> URI Class Initialized
INFO - 2025-02-25 13:28:29 --> Router Class Initialized
INFO - 2025-02-25 13:28:29 --> Output Class Initialized
INFO - 2025-02-25 13:28:29 --> Security Class Initialized
DEBUG - 2025-02-25 13:28:29 --> Global POST, GET and COOKIE data sanitized
INFO - 2025-02-25 13:28:29 --> Input Class Initialized
INFO - 2025-02-25 13:28:29 --> Language Class Initialized
INFO - 2025-02-25 13:28:29 --> Loader Class Initialized
INFO - 2025-02-25 13:28:29 --> Helper loaded: url_helper
INFO - 2025-02-25 13:28:29 --> Database Driver Class Initialized
INFO - 2025-02-25 13:28:29 --> Controller Class Initialized
INFO - 2025-02-25 13:28:29 --> Model "Mconfigkey" initialized
INFO - 2025-02-25 13:28:29 --> Model "Mportal_data" initialized
INFO - 2025-02-25 13:28:29 --> Final output sent to browser
DEBUG - 2025-02-25 13:28:29 --> Total execution time: 0.0581
INFO - 2025-02-25 13:28:32 --> Config Class Initialized
INFO - 2025-02-25 13:28:32 --> Hooks Class Initialized
DEBUG - 2025-02-25 13:28:32 --> UTF-8 Support Enabled
INFO - 2025-02-25 13:28:32 --> Utf8 Class Initialized
INFO - 2025-02-25 13:28:32 --> URI Class Initialized
INFO - 2025-02-25 13:28:32 --> Router Class Initialized
INFO - 2025-02-25 13:28:32 --> Output Class Initialized
INFO - 2025-02-25 13:28:32 --> Security Class Initialized
DEBUG - 2025-02-25 13:28:32 --> Global POST, GET and COOKIE data sanitized
INFO - 2025-02-25 13:28:32 --> Input Class Initialized
INFO - 2025-02-25 13:28:32 --> Language Class Initialized
INFO - 2025-02-25 13:28:32 --> Loader Class Initialized
INFO - 2025-02-25 13:28:32 --> Helper loaded: url_helper
INFO - 2025-02-25 13:28:32 --> Database Driver Class Initialized
INFO - 2025-02-25 13:28:32 --> Controller Class Initialized
INFO - 2025-02-25 13:28:32 --> Model "Mconfigkey" initialized
INFO - 2025-02-25 13:28:32 --> Model "Msync_delivery_instruction" initialized
INFO - 2025-02-25 13:28:32 --> Final output sent to browser
DEBUG - 2025-02-25 13:28:32 --> Total execution time: 0.0585
INFO - 2025-02-25 13:28:34 --> Config Class Initialized
INFO - 2025-02-25 13:28:34 --> Hooks Class Initialized
DEBUG - 2025-02-25 13:28:34 --> UTF-8 Support Enabled
INFO - 2025-02-25 13:28:34 --> Utf8 Class Initialized
INFO - 2025-02-25 13:28:34 --> URI Class Initialized
INFO - 2025-02-25 13:28:34 --> Router Class Initialized
INFO - 2025-02-25 13:28:34 --> Output Class Initialized
INFO - 2025-02-25 13:28:34 --> Security Class Initialized
DEBUG - 2025-02-25 13:28:34 --> Global POST, GET and COOKIE data sanitized
INFO - 2025-02-25 13:28:34 --> Input Class Initialized
INFO - 2025-02-25 13:28:34 --> Language Class Initialized
INFO - 2025-02-25 13:28:34 --> Loader Class Initialized
INFO - 2025-02-25 13:28:34 --> Helper loaded: url_helper
INFO - 2025-02-25 13:28:34 --> Database Driver Class Initialized
INFO - 2025-02-25 13:28:34 --> Controller Class Initialized
INFO - 2025-02-25 13:28:34 --> Model "Mconfigkey" initialized
INFO - 2025-02-25 13:28:34 --> Model "Msync_delivery_instruction" initialized
INFO - 2025-02-25 13:28:34 --> Final output sent to browser
DEBUG - 2025-02-25 13:28:34 --> Total execution time: 0.7711
INFO - 2025-02-25 15:15:43 --> Config Class Initialized
INFO - 2025-02-25 15:15:43 --> Hooks Class Initialized
DEBUG - 2025-02-25 15:15:43 --> UTF-8 Support Enabled
INFO - 2025-02-25 15:15:43 --> Utf8 Class Initialized
INFO - 2025-02-25 15:15:43 --> URI Class Initialized
INFO - 2025-02-25 15:15:43 --> Router Class Initialized
INFO - 2025-02-25 15:15:43 --> Config Class Initialized
INFO - 2025-02-25 15:15:43 --> Hooks Class Initialized
DEBUG - 2025-02-25 15:15:43 --> UTF-8 Support Enabled
INFO - 2025-02-25 15:15:43 --> Utf8 Class Initialized
INFO - 2025-02-25 15:15:43 --> URI Class Initialized
INFO - 2025-02-25 15:15:43 --> Router Class Initialized
INFO - 2025-02-25 15:15:43 --> Output Class Initialized
INFO - 2025-02-25 15:15:43 --> Output Class Initialized
INFO - 2025-02-25 15:15:43 --> Security Class Initialized
INFO - 2025-02-25 15:15:43 --> Security Class Initialized
DEBUG - 2025-02-25 15:15:43 --> Global POST, GET and COOKIE data sanitized
DEBUG - 2025-02-25 15:15:43 --> Global POST, GET and COOKIE data sanitized
INFO - 2025-02-25 15:15:43 --> Input Class Initialized
INFO - 2025-02-25 15:15:43 --> Input Class Initialized
INFO - 2025-02-25 15:15:43 --> Language Class Initialized
INFO - 2025-02-25 15:15:43 --> Language Class Initialized
INFO - 2025-02-25 15:15:43 --> Loader Class Initialized
INFO - 2025-02-25 15:15:43 --> Loader Class Initialized
INFO - 2025-02-25 15:15:43 --> Helper loaded: url_helper
INFO - 2025-02-25 15:15:43 --> Helper loaded: url_helper
INFO - 2025-02-25 15:15:43 --> Database Driver Class Initialized
INFO - 2025-02-25 15:15:43 --> Database Driver Class Initialized
INFO - 2025-02-25 15:15:43 --> Controller Class Initialized
INFO - 2025-02-25 15:15:43 --> Controller Class Initialized
INFO - 2025-02-25 15:15:43 --> Model "Mconfigkey" initialized
INFO - 2025-02-25 15:15:43 --> Model "Mconfigkey" initialized
INFO - 2025-02-25 15:15:43 --> Model "Msync_delivery_instruction" initialized
INFO - 2025-02-25 15:15:43 --> Model "Msync_delivery_instruction" initialized
INFO - 2025-02-25 15:15:43 --> Final output sent to browser
DEBUG - 2025-02-25 15:15:43 --> Total execution time: 0.3701
INFO - 2025-02-25 15:15:44 --> Final output sent to browser
DEBUG - 2025-02-25 15:15:44 --> Total execution time: 1.0118
INFO - 2025-02-25 15:15:49 --> Config Class Initialized
INFO - 2025-02-25 15:15:49 --> Hooks Class Initialized
DEBUG - 2025-02-25 15:15:49 --> UTF-8 Support Enabled
INFO - 2025-02-25 15:15:49 --> Utf8 Class Initialized
INFO - 2025-02-25 15:15:49 --> URI Class Initialized
INFO - 2025-02-25 15:15:49 --> Router Class Initialized
INFO - 2025-02-25 15:15:49 --> Output Class Initialized
INFO - 2025-02-25 15:15:49 --> Security Class Initialized
DEBUG - 2025-02-25 15:15:49 --> Global POST, GET and COOKIE data sanitized
INFO - 2025-02-25 15:15:49 --> Input Class Initialized
INFO - 2025-02-25 15:15:49 --> Language Class Initialized
INFO - 2025-02-25 15:15:49 --> Loader Class Initialized
INFO - 2025-02-25 15:15:49 --> Helper loaded: url_helper
INFO - 2025-02-25 15:15:49 --> Database Driver Class Initialized
INFO - 2025-02-25 15:15:49 --> Controller Class Initialized
INFO - 2025-02-25 15:15:49 --> Model "Mconfigkey" initialized
INFO - 2025-02-25 15:15:49 --> Model "Msync_delivery_instruction" initialized
INFO - 2025-02-25 15:15:50 --> Final output sent to browser
DEBUG - 2025-02-25 15:15:50 --> Total execution time: 0.6069
INFO - 2025-02-25 15:16:02 --> Config Class Initialized
INFO - 2025-02-25 15:16:02 --> Hooks Class Initialized
DEBUG - 2025-02-25 15:16:02 --> UTF-8 Support Enabled
INFO - 2025-02-25 15:16:02 --> Utf8 Class Initialized
INFO - 2025-02-25 15:16:02 --> URI Class Initialized
INFO - 2025-02-25 15:16:02 --> Router Class Initialized
INFO - 2025-02-25 15:16:02 --> Output Class Initialized
INFO - 2025-02-25 15:16:02 --> Security Class Initialized
DEBUG - 2025-02-25 15:16:02 --> Global POST, GET and COOKIE data sanitized
INFO - 2025-02-25 15:16:02 --> Input Class Initialized
INFO - 2025-02-25 15:16:02 --> Language Class Initialized
INFO - 2025-02-25 15:16:02 --> Loader Class Initialized
INFO - 2025-02-25 15:16:02 --> Helper loaded: url_helper
INFO - 2025-02-25 15:16:02 --> Database Driver Class Initialized
INFO - 2025-02-25 15:16:02 --> Controller Class Initialized
INFO - 2025-02-25 15:16:02 --> Model "Mconfigkey" initialized
INFO - 2025-02-25 15:16:02 --> Model "Msync_doc_aw" initialized
INFO - 2025-02-25 15:16:21 --> Final output sent to browser
DEBUG - 2025-02-25 15:16:21 --> Total execution time: 19.0083
INFO - 2025-02-25 15:16:21 --> Config Class Initialized
INFO - 2025-02-25 15:16:21 --> Hooks Class Initialized
DEBUG - 2025-02-25 15:16:21 --> UTF-8 Support Enabled
INFO - 2025-02-25 15:16:21 --> Utf8 Class Initialized
INFO - 2025-02-25 15:16:21 --> URI Class Initialized
INFO - 2025-02-25 15:16:21 --> Router Class Initialized
INFO - 2025-02-25 15:16:21 --> Output Class Initialized
INFO - 2025-02-25 15:16:21 --> Security Class Initialized
DEBUG - 2025-02-25 15:16:21 --> Global POST, GET and COOKIE data sanitized
INFO - 2025-02-25 15:16:21 --> Input Class Initialized
INFO - 2025-02-25 15:16:21 --> Language Class Initialized
INFO - 2025-02-25 15:16:21 --> Loader Class Initialized
INFO - 2025-02-25 15:16:21 --> Helper loaded: url_helper
INFO - 2025-02-25 15:16:21 --> Database Driver Class Initialized
INFO - 2025-02-25 15:16:21 --> Controller Class Initialized
INFO - 2025-02-25 15:16:21 --> Model "Mconfigkey" initialized
INFO - 2025-02-25 15:16:21 --> Model "Msync_doc_aw" initialized
INFO - 2025-02-25 15:16:21 --> Final output sent to browser
DEBUG - 2025-02-25 15:16:21 --> Total execution time: 0.2551
INFO - 2025-02-25 15:16:30 --> Config Class Initialized
INFO - 2025-02-25 15:16:30 --> Hooks Class Initialized
DEBUG - 2025-02-25 15:16:30 --> UTF-8 Support Enabled
INFO - 2025-02-25 15:16:30 --> Utf8 Class Initialized
INFO - 2025-02-25 15:16:30 --> URI Class Initialized
INFO - 2025-02-25 15:16:30 --> Router Class Initialized
INFO - 2025-02-25 15:16:30 --> Output Class Initialized
INFO - 2025-02-25 15:16:30 --> Security Class Initialized
DEBUG - 2025-02-25 15:16:30 --> Global POST, GET and COOKIE data sanitized
INFO - 2025-02-25 15:16:30 --> Input Class Initialized
INFO - 2025-02-25 15:16:30 --> Language Class Initialized
INFO - 2025-02-25 15:16:30 --> Loader Class Initialized
INFO - 2025-02-25 15:16:30 --> Helper loaded: url_helper
INFO - 2025-02-25 15:16:30 --> Database Driver Class Initialized
INFO - 2025-02-25 15:16:30 --> Controller Class Initialized
INFO - 2025-02-25 15:16:30 --> Model "Mconfigkey" initialized
INFO - 2025-02-25 15:16:30 --> Model "Mportal_data" initialized
INFO - 2025-02-25 15:16:30 --> Final output sent to browser
DEBUG - 2025-02-25 15:16:30 --> Total execution time: 0.0684
INFO - 2025-02-25 15:16:32 --> Config Class Initialized
INFO - 2025-02-25 15:16:32 --> Hooks Class Initialized
DEBUG - 2025-02-25 15:16:32 --> UTF-8 Support Enabled
INFO - 2025-02-25 15:16:32 --> Utf8 Class Initialized
INFO - 2025-02-25 15:16:32 --> URI Class Initialized
INFO - 2025-02-25 15:16:32 --> Router Class Initialized
INFO - 2025-02-25 15:16:32 --> Output Class Initialized
INFO - 2025-02-25 15:16:32 --> Security Class Initialized
DEBUG - 2025-02-25 15:16:32 --> Global POST, GET and COOKIE data sanitized
INFO - 2025-02-25 15:16:32 --> Input Class Initialized
INFO - 2025-02-25 15:16:32 --> Language Class Initialized
INFO - 2025-02-25 15:16:32 --> Loader Class Initialized
INFO - 2025-02-25 15:16:32 --> Helper loaded: url_helper
INFO - 2025-02-25 15:16:32 --> Database Driver Class Initialized
INFO - 2025-02-25 15:16:32 --> Controller Class Initialized
INFO - 2025-02-25 15:16:32 --> Model "Mconfigkey" initialized
INFO - 2025-02-25 15:16:32 --> Model "Mportal_data" initialized
INFO - 2025-02-25 15:16:32 --> Final output sent to browser
DEBUG - 2025-02-25 15:16:32 --> Total execution time: 0.0307
INFO - 2025-02-25 15:16:40 --> Config Class Initialized
INFO - 2025-02-25 15:16:40 --> Hooks Class Initialized
DEBUG - 2025-02-25 15:16:40 --> UTF-8 Support Enabled
INFO - 2025-02-25 15:16:40 --> Utf8 Class Initialized
INFO - 2025-02-25 15:16:40 --> URI Class Initialized
INFO - 2025-02-25 15:16:40 --> Router Class Initialized
INFO - 2025-02-25 15:16:40 --> Output Class Initialized
INFO - 2025-02-25 15:16:40 --> Security Class Initialized
DEBUG - 2025-02-25 15:16:40 --> Global POST, GET and COOKIE data sanitized
INFO - 2025-02-25 15:16:40 --> Input Class Initialized
INFO - 2025-02-25 15:16:40 --> Language Class Initialized
INFO - 2025-02-25 15:16:40 --> Loader Class Initialized
INFO - 2025-02-25 15:16:40 --> Helper loaded: url_helper
INFO - 2025-02-25 15:16:40 --> Database Driver Class Initialized
INFO - 2025-02-25 15:16:40 --> Controller Class Initialized
INFO - 2025-02-25 15:16:40 --> Model "Mauth" initialized
INFO - 2025-02-25 15:16:40 --> Model "Mconfigkey" initialized
ERROR - 2025-02-25 15:16:40 --> Severity: Warning --> array_merge(): Expected parameter 1 to be an array, null given D:\xampp\htdocs\plb\dummyservice\application\controllers\PortalApiPlb.php 64
INFO - 2025-02-25 15:16:43 --> Final output sent to browser
DEBUG - 2025-02-25 15:16:43 --> Total execution time: 2.3673
INFO - 2025-02-25 15:16:53 --> Config Class Initialized
INFO - 2025-02-25 15:16:53 --> Hooks Class Initialized
DEBUG - 2025-02-25 15:16:53 --> UTF-8 Support Enabled
INFO - 2025-02-25 15:16:53 --> Utf8 Class Initialized
INFO - 2025-02-25 15:16:53 --> URI Class Initialized
INFO - 2025-02-25 15:16:53 --> Router Class Initialized
INFO - 2025-02-25 15:16:53 --> Output Class Initialized
INFO - 2025-02-25 15:16:53 --> Security Class Initialized
DEBUG - 2025-02-25 15:16:53 --> Global POST, GET and COOKIE data sanitized
INFO - 2025-02-25 15:16:53 --> Input Class Initialized
INFO - 2025-02-25 15:16:53 --> Language Class Initialized
INFO - 2025-02-25 15:16:53 --> Loader Class Initialized
INFO - 2025-02-25 15:16:53 --> Helper loaded: url_helper
INFO - 2025-02-25 15:16:53 --> Database Driver Class Initialized
INFO - 2025-02-25 15:16:53 --> Controller Class Initialized
INFO - 2025-02-25 15:16:53 --> Model "Mauth" initialized
INFO - 2025-02-25 15:16:53 --> Model "Mconfigkey" initialized
ERROR - 2025-02-25 15:16:53 --> Severity: Warning --> array_merge(): Expected parameter 1 to be an array, null given D:\xampp\htdocs\plb\dummyservice\application\controllers\PortalApiPlb.php 64
INFO - 2025-02-25 15:16:54 --> Final output sent to browser
DEBUG - 2025-02-25 15:16:54 --> Total execution time: 1.4156
INFO - 2025-02-25 15:16:56 --> Config Class Initialized
INFO - 2025-02-25 15:16:56 --> Hooks Class Initialized
DEBUG - 2025-02-25 15:16:56 --> UTF-8 Support Enabled
INFO - 2025-02-25 15:16:56 --> Utf8 Class Initialized
INFO - 2025-02-25 15:16:56 --> URI Class Initialized
INFO - 2025-02-25 15:16:56 --> Router Class Initialized
INFO - 2025-02-25 15:16:56 --> Output Class Initialized
INFO - 2025-02-25 15:16:56 --> Security Class Initialized
DEBUG - 2025-02-25 15:16:56 --> Global POST, GET and COOKIE data sanitized
INFO - 2025-02-25 15:16:56 --> Input Class Initialized
INFO - 2025-02-25 15:16:56 --> Language Class Initialized
INFO - 2025-02-25 15:16:56 --> Loader Class Initialized
INFO - 2025-02-25 15:16:56 --> Helper loaded: url_helper
INFO - 2025-02-25 15:16:56 --> Database Driver Class Initialized
INFO - 2025-02-25 15:16:56 --> Controller Class Initialized
INFO - 2025-02-25 15:16:56 --> Model "Mauth" initialized
INFO - 2025-02-25 15:16:56 --> Model "Mconfigkey" initialized
ERROR - 2025-02-25 15:16:56 --> Severity: Warning --> array_merge(): Expected parameter 1 to be an array, null given D:\xampp\htdocs\plb\dummyservice\application\controllers\PortalApiPlb.php 64
INFO - 2025-02-25 15:16:58 --> Final output sent to browser
DEBUG - 2025-02-25 15:16:58 --> Total execution time: 1.8342
INFO - 2025-02-25 15:16:59 --> Config Class Initialized
INFO - 2025-02-25 15:16:59 --> Hooks Class Initialized
DEBUG - 2025-02-25 15:16:59 --> UTF-8 Support Enabled
INFO - 2025-02-25 15:16:59 --> Utf8 Class Initialized
INFO - 2025-02-25 15:16:59 --> URI Class Initialized
INFO - 2025-02-25 15:16:59 --> Router Class Initialized
INFO - 2025-02-25 15:16:59 --> Output Class Initialized
INFO - 2025-02-25 15:16:59 --> Security Class Initialized
DEBUG - 2025-02-25 15:16:59 --> Global POST, GET and COOKIE data sanitized
INFO - 2025-02-25 15:16:59 --> Input Class Initialized
INFO - 2025-02-25 15:16:59 --> Language Class Initialized
INFO - 2025-02-25 15:16:59 --> Loader Class Initialized
INFO - 2025-02-25 15:16:59 --> Helper loaded: url_helper
INFO - 2025-02-25 15:16:59 --> Database Driver Class Initialized
INFO - 2025-02-25 15:16:59 --> Controller Class Initialized
INFO - 2025-02-25 15:16:59 --> Model "Mauth" initialized
INFO - 2025-02-25 15:16:59 --> Model "Mconfigkey" initialized
ERROR - 2025-02-25 15:16:59 --> Severity: Warning --> array_merge(): Expected parameter 1 to be an array, null given D:\xampp\htdocs\plb\dummyservice\application\controllers\PortalApiPlb.php 64
INFO - 2025-02-25 15:17:01 --> Final output sent to browser
DEBUG - 2025-02-25 15:17:01 --> Total execution time: 2.0577
INFO - 2025-02-25 15:17:47 --> Config Class Initialized
INFO - 2025-02-25 15:17:47 --> Hooks Class Initialized
DEBUG - 2025-02-25 15:17:47 --> UTF-8 Support Enabled
INFO - 2025-02-25 15:17:47 --> Utf8 Class Initialized
INFO - 2025-02-25 15:17:47 --> URI Class Initialized
INFO - 2025-02-25 15:17:47 --> Router Class Initialized
INFO - 2025-02-25 15:17:47 --> Output Class Initialized
INFO - 2025-02-25 15:17:47 --> Security Class Initialized
DEBUG - 2025-02-25 15:17:47 --> Global POST, GET and COOKIE data sanitized
INFO - 2025-02-25 15:17:47 --> Input Class Initialized
INFO - 2025-02-25 15:17:47 --> Language Class Initialized
INFO - 2025-02-25 15:17:47 --> Loader Class Initialized
INFO - 2025-02-25 15:17:47 --> Helper loaded: url_helper
INFO - 2025-02-25 15:17:47 --> Database Driver Class Initialized
INFO - 2025-02-25 15:17:47 --> Controller Class Initialized
INFO - 2025-02-25 15:17:47 --> Model "Mauth" initialized
INFO - 2025-02-25 15:17:47 --> Model "Mconfigkey" initialized
INFO - 2025-02-25 15:17:47 --> Model "Mportal_data" initialized
ERROR - 2025-02-25 15:17:49 --> Severity: Warning --> Use of undefined constant nothing - assumed 'nothing' (this will throw an Error in a future version of PHP) D:\xampp\htdocs\plb\dummyservice\application\controllers\PortalApiPlb.php 318
ERROR - 2025-02-25 15:17:49 --> Severity: Warning --> array_key_exists() expects parameter 2 to be array, string given D:\xampp\htdocs\plb\dummyservice\application\controllers\PortalApiPlb.php 481
INFO - 2025-02-25 15:17:49 --> Final output sent to browser
DEBUG - 2025-02-25 15:17:49 --> Total execution time: 2.4222
INFO - 2025-02-25 15:18:16 --> Config Class Initialized
INFO - 2025-02-25 15:18:16 --> Hooks Class Initialized
DEBUG - 2025-02-25 15:18:16 --> UTF-8 Support Enabled
INFO - 2025-02-25 15:18:16 --> Utf8 Class Initialized
INFO - 2025-02-25 15:18:16 --> URI Class Initialized
INFO - 2025-02-25 15:18:16 --> Router Class Initialized
INFO - 2025-02-25 15:18:16 --> Output Class Initialized
INFO - 2025-02-25 15:18:16 --> Security Class Initialized
DEBUG - 2025-02-25 15:18:16 --> Global POST, GET and COOKIE data sanitized
INFO - 2025-02-25 15:18:16 --> Input Class Initialized
INFO - 2025-02-25 15:18:16 --> Language Class Initialized
INFO - 2025-02-25 15:18:16 --> Loader Class Initialized
INFO - 2025-02-25 15:18:16 --> Helper loaded: url_helper
INFO - 2025-02-25 15:18:16 --> Database Driver Class Initialized
INFO - 2025-02-25 15:18:16 --> Controller Class Initialized
INFO - 2025-02-25 15:18:16 --> Model "Mconfigkey" initialized
INFO - 2025-02-25 15:18:16 --> Model "Msync_doc_aw" initialized
INFO - 2025-02-25 15:18:16 --> Final output sent to browser
DEBUG - 2025-02-25 15:18:16 --> Total execution time: 0.1795
INFO - 2025-02-25 15:18:24 --> Config Class Initialized
INFO - 2025-02-25 15:18:24 --> Hooks Class Initialized
DEBUG - 2025-02-25 15:18:24 --> UTF-8 Support Enabled
INFO - 2025-02-25 15:18:24 --> Utf8 Class Initialized
INFO - 2025-02-25 15:18:24 --> URI Class Initialized
INFO - 2025-02-25 15:18:24 --> Router Class Initialized
INFO - 2025-02-25 15:18:24 --> Output Class Initialized
INFO - 2025-02-25 15:18:24 --> Security Class Initialized
DEBUG - 2025-02-25 15:18:24 --> Global POST, GET and COOKIE data sanitized
INFO - 2025-02-25 15:18:24 --> Input Class Initialized
INFO - 2025-02-25 15:18:24 --> Language Class Initialized
INFO - 2025-02-25 15:18:24 --> Loader Class Initialized
INFO - 2025-02-25 15:18:24 --> Helper loaded: url_helper
INFO - 2025-02-25 15:18:24 --> Database Driver Class Initialized
INFO - 2025-02-25 15:18:24 --> Controller Class Initialized
INFO - 2025-02-25 15:18:24 --> Model "Mauth" initialized
INFO - 2025-02-25 15:18:24 --> Model "Mconfigkey" initialized
ERROR - 2025-02-25 15:18:24 --> Severity: Warning --> array_merge(): Expected parameter 1 to be an array, null given D:\xampp\htdocs\plb\dummyservice\application\controllers\PortalApiPlb.php 64
INFO - 2025-02-25 15:18:24 --> Final output sent to browser
DEBUG - 2025-02-25 15:18:25 --> Total execution time: 0.3764
INFO - 2025-02-25 15:18:38 --> Config Class Initialized
INFO - 2025-02-25 15:18:38 --> Hooks Class Initialized
DEBUG - 2025-02-25 15:18:38 --> UTF-8 Support Enabled
INFO - 2025-02-25 15:18:38 --> Utf8 Class Initialized
INFO - 2025-02-25 15:18:38 --> URI Class Initialized
INFO - 2025-02-25 15:18:38 --> Router Class Initialized
INFO - 2025-02-25 15:18:38 --> Output Class Initialized
INFO - 2025-02-25 15:18:38 --> Security Class Initialized
DEBUG - 2025-02-25 15:18:38 --> Global POST, GET and COOKIE data sanitized
INFO - 2025-02-25 15:18:38 --> Input Class Initialized
INFO - 2025-02-25 15:18:38 --> Language Class Initialized
INFO - 2025-02-25 15:18:38 --> Loader Class Initialized
INFO - 2025-02-25 15:18:38 --> Helper loaded: url_helper
INFO - 2025-02-25 15:18:38 --> Database Driver Class Initialized
INFO - 2025-02-25 15:18:38 --> Controller Class Initialized
INFO - 2025-02-25 15:18:38 --> Model "Mauth" initialized
INFO - 2025-02-25 15:18:38 --> Model "Mconfigkey" initialized
INFO - 2025-02-25 15:18:39 --> Model "Mportal_data" initialized
ERROR - 2025-02-25 15:18:40 --> Severity: Warning --> Use of undefined constant nothing - assumed 'nothing' (this will throw an Error in a future version of PHP) D:\xampp\htdocs\plb\dummyservice\application\controllers\PortalApiPlb.php 318
ERROR - 2025-02-25 15:18:41 --> Severity: Warning --> array_key_exists() expects parameter 2 to be array, string given D:\xampp\htdocs\plb\dummyservice\application\controllers\PortalApiPlb.php 481
INFO - 2025-02-25 15:18:41 --> Final output sent to browser
DEBUG - 2025-02-25 15:18:41 --> Total execution time: 3.3682
INFO - 2025-02-25 15:18:47 --> Config Class Initialized
INFO - 2025-02-25 15:18:47 --> Hooks Class Initialized
DEBUG - 2025-02-25 15:18:47 --> UTF-8 Support Enabled
INFO - 2025-02-25 15:18:47 --> Utf8 Class Initialized
INFO - 2025-02-25 15:18:47 --> URI Class Initialized
INFO - 2025-02-25 15:18:47 --> Router Class Initialized
INFO - 2025-02-25 15:18:47 --> Output Class Initialized
INFO - 2025-02-25 15:18:47 --> Security Class Initialized
DEBUG - 2025-02-25 15:18:47 --> Global POST, GET and COOKIE data sanitized
INFO - 2025-02-25 15:18:47 --> Input Class Initialized
INFO - 2025-02-25 15:18:47 --> Language Class Initialized
INFO - 2025-02-25 15:18:47 --> Loader Class Initialized
INFO - 2025-02-25 15:18:47 --> Helper loaded: url_helper
INFO - 2025-02-25 15:18:47 --> Database Driver Class Initialized
INFO - 2025-02-25 15:18:47 --> Controller Class Initialized
INFO - 2025-02-25 15:18:47 --> Model "Mconfigkey" initialized
INFO - 2025-02-25 15:18:47 --> Model "Mportal_data" initialized
INFO - 2025-02-25 15:18:47 --> Final output sent to browser
DEBUG - 2025-02-25 15:18:47 --> Total execution time: 0.0288
INFO - 2025-02-25 15:18:50 --> Config Class Initialized
INFO - 2025-02-25 15:18:50 --> Hooks Class Initialized
DEBUG - 2025-02-25 15:18:50 --> UTF-8 Support Enabled
INFO - 2025-02-25 15:18:50 --> Utf8 Class Initialized
INFO - 2025-02-25 15:18:50 --> URI Class Initialized
INFO - 2025-02-25 15:18:50 --> Router Class Initialized
INFO - 2025-02-25 15:18:50 --> Output Class Initialized
INFO - 2025-02-25 15:18:50 --> Security Class Initialized
DEBUG - 2025-02-25 15:18:50 --> Global POST, GET and COOKIE data sanitized
INFO - 2025-02-25 15:18:50 --> Input Class Initialized
INFO - 2025-02-25 15:18:50 --> Language Class Initialized
INFO - 2025-02-25 15:18:50 --> Loader Class Initialized
INFO - 2025-02-25 15:18:50 --> Helper loaded: url_helper
INFO - 2025-02-25 15:18:50 --> Database Driver Class Initialized
INFO - 2025-02-25 15:18:50 --> Controller Class Initialized
INFO - 2025-02-25 15:18:50 --> Model "Mconfigkey" initialized
INFO - 2025-02-25 15:18:50 --> Model "Mportal_data" initialized
INFO - 2025-02-25 15:18:50 --> Final output sent to browser
DEBUG - 2025-02-25 15:18:50 --> Total execution time: 0.0439
INFO - 2025-02-25 15:18:55 --> Config Class Initialized
INFO - 2025-02-25 15:18:55 --> Hooks Class Initialized
DEBUG - 2025-02-25 15:18:55 --> UTF-8 Support Enabled
INFO - 2025-02-25 15:18:55 --> Utf8 Class Initialized
INFO - 2025-02-25 15:18:55 --> URI Class Initialized
INFO - 2025-02-25 15:18:55 --> Router Class Initialized
INFO - 2025-02-25 15:18:55 --> Output Class Initialized
INFO - 2025-02-25 15:18:55 --> Security Class Initialized
DEBUG - 2025-02-25 15:18:55 --> Global POST, GET and COOKIE data sanitized
INFO - 2025-02-25 15:18:55 --> Input Class Initialized
INFO - 2025-02-25 15:18:55 --> Language Class Initialized
INFO - 2025-02-25 15:18:55 --> Loader Class Initialized
INFO - 2025-02-25 15:18:55 --> Helper loaded: url_helper
INFO - 2025-02-25 15:18:55 --> Database Driver Class Initialized
INFO - 2025-02-25 15:18:55 --> Controller Class Initialized
INFO - 2025-02-25 15:18:55 --> Model "Mconfigkey" initialized
INFO - 2025-02-25 15:18:55 --> Model "Mportal_data" initialized
INFO - 2025-02-25 15:18:55 --> Final output sent to browser
DEBUG - 2025-02-25 15:18:55 --> Total execution time: 0.0392
INFO - 2025-02-25 15:19:05 --> Config Class Initialized
INFO - 2025-02-25 15:19:05 --> Hooks Class Initialized
DEBUG - 2025-02-25 15:19:05 --> UTF-8 Support Enabled
INFO - 2025-02-25 15:19:05 --> Utf8 Class Initialized
INFO - 2025-02-25 15:19:06 --> URI Class Initialized
INFO - 2025-02-25 15:19:06 --> Router Class Initialized
INFO - 2025-02-25 15:19:06 --> Output Class Initialized
INFO - 2025-02-25 15:19:06 --> Security Class Initialized
DEBUG - 2025-02-25 15:19:06 --> Global POST, GET and COOKIE data sanitized
INFO - 2025-02-25 15:19:06 --> Input Class Initialized
INFO - 2025-02-25 15:19:06 --> Language Class Initialized
INFO - 2025-02-25 15:19:06 --> Loader Class Initialized
INFO - 2025-02-25 15:19:06 --> Helper loaded: url_helper
INFO - 2025-02-25 15:19:06 --> Database Driver Class Initialized
INFO - 2025-02-25 15:19:06 --> Controller Class Initialized
INFO - 2025-02-25 15:19:06 --> Model "Mconfigkey" initialized
INFO - 2025-02-25 15:19:06 --> Model "Msync_doc_aw" initialized
INFO - 2025-02-25 15:19:06 --> Final output sent to browser
DEBUG - 2025-02-25 15:19:06 --> Total execution time: 0.1781
INFO - 2025-02-25 15:19:29 --> Config Class Initialized
INFO - 2025-02-25 15:19:29 --> Hooks Class Initialized
DEBUG - 2025-02-25 15:19:29 --> UTF-8 Support Enabled
INFO - 2025-02-25 15:19:29 --> Utf8 Class Initialized
INFO - 2025-02-25 15:19:29 --> URI Class Initialized
INFO - 2025-02-25 15:19:29 --> Router Class Initialized
INFO - 2025-02-25 15:19:29 --> Output Class Initialized
INFO - 2025-02-25 15:19:29 --> Security Class Initialized
DEBUG - 2025-02-25 15:19:29 --> Global POST, GET and COOKIE data sanitized
INFO - 2025-02-25 15:19:29 --> Input Class Initialized
INFO - 2025-02-25 15:19:29 --> Language Class Initialized
INFO - 2025-02-25 15:19:29 --> Loader Class Initialized
INFO - 2025-02-25 15:19:29 --> Helper loaded: url_helper
INFO - 2025-02-25 15:19:29 --> Database Driver Class Initialized
INFO - 2025-02-25 15:19:29 --> Controller Class Initialized
INFO - 2025-02-25 15:19:29 --> Model "Mauth" initialized
INFO - 2025-02-25 15:19:29 --> Model "Mconfigkey" initialized
ERROR - 2025-02-25 15:19:29 --> Severity: Warning --> array_merge(): Expected parameter 1 to be an array, null given D:\xampp\htdocs\plb\dummyservice\application\controllers\PortalApiPlb.php 64
INFO - 2025-02-25 15:19:31 --> Final output sent to browser
DEBUG - 2025-02-25 15:19:31 --> Total execution time: 2.0392
INFO - 2025-02-25 15:19:38 --> Config Class Initialized
INFO - 2025-02-25 15:19:38 --> Hooks Class Initialized
DEBUG - 2025-02-25 15:19:38 --> UTF-8 Support Enabled
INFO - 2025-02-25 15:19:38 --> Utf8 Class Initialized
INFO - 2025-02-25 15:19:38 --> URI Class Initialized
INFO - 2025-02-25 15:19:38 --> Router Class Initialized
INFO - 2025-02-25 15:19:38 --> Output Class Initialized
INFO - 2025-02-25 15:19:38 --> Security Class Initialized
DEBUG - 2025-02-25 15:19:38 --> Global POST, GET and COOKIE data sanitized
INFO - 2025-02-25 15:19:38 --> Input Class Initialized
INFO - 2025-02-25 15:19:38 --> Language Class Initialized
INFO - 2025-02-25 15:19:38 --> Loader Class Initialized
INFO - 2025-02-25 15:19:38 --> Helper loaded: url_helper
INFO - 2025-02-25 15:19:38 --> Database Driver Class Initialized
INFO - 2025-02-25 15:19:38 --> Controller Class Initialized
INFO - 2025-02-25 15:19:38 --> Model "Mauth" initialized
INFO - 2025-02-25 15:19:38 --> Model "Mconfigkey" initialized
INFO - 2025-02-25 15:19:40 --> Model "Mportal_data" initialized
ERROR - 2025-02-25 15:19:41 --> Severity: Warning --> Use of undefined constant nothing - assumed 'nothing' (this will throw an Error in a future version of PHP) D:\xampp\htdocs\plb\dummyservice\application\controllers\PortalApiPlb.php 318
ERROR - 2025-02-25 15:19:42 --> Severity: Warning --> array_key_exists() expects parameter 2 to be array, string given D:\xampp\htdocs\plb\dummyservice\application\controllers\PortalApiPlb.php 481
INFO - 2025-02-25 15:19:42 --> Final output sent to browser
DEBUG - 2025-02-25 15:19:42 --> Total execution time: 3.4394
INFO - 2025-02-25 15:19:44 --> Config Class Initialized
INFO - 2025-02-25 15:19:44 --> Hooks Class Initialized
DEBUG - 2025-02-25 15:19:44 --> UTF-8 Support Enabled
INFO - 2025-02-25 15:19:44 --> Utf8 Class Initialized
INFO - 2025-02-25 15:19:44 --> URI Class Initialized
INFO - 2025-02-25 15:19:44 --> Router Class Initialized
INFO - 2025-02-25 15:19:44 --> Output Class Initialized
INFO - 2025-02-25 15:19:44 --> Security Class Initialized
DEBUG - 2025-02-25 15:19:44 --> Global POST, GET and COOKIE data sanitized
INFO - 2025-02-25 15:19:44 --> Input Class Initialized
INFO - 2025-02-25 15:19:44 --> Language Class Initialized
INFO - 2025-02-25 15:19:44 --> Loader Class Initialized
INFO - 2025-02-25 15:19:44 --> Helper loaded: url_helper
INFO - 2025-02-25 15:19:44 --> Database Driver Class Initialized
INFO - 2025-02-25 15:19:44 --> Controller Class Initialized
INFO - 2025-02-25 15:19:44 --> Model "Mconfigkey" initialized
INFO - 2025-02-25 15:19:44 --> Model "Mportal_data" initialized
INFO - 2025-02-25 15:19:44 --> Final output sent to browser
DEBUG - 2025-02-25 15:19:44 --> Total execution time: 0.0286
INFO - 2025-02-25 15:19:46 --> Config Class Initialized
INFO - 2025-02-25 15:19:46 --> Hooks Class Initialized
DEBUG - 2025-02-25 15:19:46 --> UTF-8 Support Enabled
INFO - 2025-02-25 15:19:46 --> Utf8 Class Initialized
INFO - 2025-02-25 15:19:46 --> URI Class Initialized
INFO - 2025-02-25 15:19:46 --> Router Class Initialized
INFO - 2025-02-25 15:19:46 --> Output Class Initialized
INFO - 2025-02-25 15:19:46 --> Security Class Initialized
DEBUG - 2025-02-25 15:19:46 --> Global POST, GET and COOKIE data sanitized
INFO - 2025-02-25 15:19:46 --> Input Class Initialized
INFO - 2025-02-25 15:19:46 --> Language Class Initialized
INFO - 2025-02-25 15:19:46 --> Loader Class Initialized
INFO - 2025-02-25 15:19:46 --> Helper loaded: url_helper
INFO - 2025-02-25 15:19:46 --> Database Driver Class Initialized
INFO - 2025-02-25 15:19:46 --> Controller Class Initialized
INFO - 2025-02-25 15:19:46 --> Model "Mconfigkey" initialized
INFO - 2025-02-25 15:19:46 --> Model "Mportal_data" initialized
INFO - 2025-02-25 15:19:46 --> Final output sent to browser
DEBUG - 2025-02-25 15:19:46 --> Total execution time: 0.0393
INFO - 2025-02-25 15:19:52 --> Config Class Initialized
INFO - 2025-02-25 15:19:52 --> Hooks Class Initialized
DEBUG - 2025-02-25 15:19:52 --> UTF-8 Support Enabled
INFO - 2025-02-25 15:19:52 --> Utf8 Class Initialized
INFO - 2025-02-25 15:19:52 --> URI Class Initialized
INFO - 2025-02-25 15:19:52 --> Router Class Initialized
INFO - 2025-02-25 15:19:52 --> Output Class Initialized
INFO - 2025-02-25 15:19:52 --> Security Class Initialized
DEBUG - 2025-02-25 15:19:52 --> Global POST, GET and COOKIE data sanitized
INFO - 2025-02-25 15:19:52 --> Input Class Initialized
INFO - 2025-02-25 15:19:52 --> Language Class Initialized
INFO - 2025-02-25 15:19:52 --> Loader Class Initialized
INFO - 2025-02-25 15:19:52 --> Helper loaded: url_helper
INFO - 2025-02-25 15:19:52 --> Database Driver Class Initialized
INFO - 2025-02-25 15:19:52 --> Controller Class Initialized
INFO - 2025-02-25 15:19:52 --> Model "Mconfigkey" initialized
INFO - 2025-02-25 15:19:52 --> Model "Mportal_data" initialized
INFO - 2025-02-25 15:19:52 --> Final output sent to browser
DEBUG - 2025-02-25 15:19:52 --> Total execution time: 0.0339
INFO - 2025-02-25 15:19:54 --> Config Class Initialized
INFO - 2025-02-25 15:19:54 --> Hooks Class Initialized
DEBUG - 2025-02-25 15:19:54 --> UTF-8 Support Enabled
INFO - 2025-02-25 15:19:54 --> Utf8 Class Initialized
INFO - 2025-02-25 15:19:54 --> URI Class Initialized
INFO - 2025-02-25 15:19:54 --> Router Class Initialized
INFO - 2025-02-25 15:19:54 --> Output Class Initialized
INFO - 2025-02-25 15:19:54 --> Security Class Initialized
DEBUG - 2025-02-25 15:19:54 --> Global POST, GET and COOKIE data sanitized
INFO - 2025-02-25 15:19:54 --> Input Class Initialized
INFO - 2025-02-25 15:19:54 --> Language Class Initialized
INFO - 2025-02-25 15:19:54 --> Loader Class Initialized
INFO - 2025-02-25 15:19:54 --> Helper loaded: url_helper
INFO - 2025-02-25 15:19:54 --> Database Driver Class Initialized
INFO - 2025-02-25 15:19:54 --> Controller Class Initialized
INFO - 2025-02-25 15:19:54 --> Model "Mconfigkey" initialized
INFO - 2025-02-25 15:19:54 --> Model "Mportal_data" initialized
INFO - 2025-02-25 15:19:54 --> Final output sent to browser
DEBUG - 2025-02-25 15:19:54 --> Total execution time: 0.0404
INFO - 2025-02-25 15:19:56 --> Config Class Initialized
INFO - 2025-02-25 15:19:56 --> Hooks Class Initialized
DEBUG - 2025-02-25 15:19:56 --> UTF-8 Support Enabled
INFO - 2025-02-25 15:19:56 --> Utf8 Class Initialized
INFO - 2025-02-25 15:19:56 --> URI Class Initialized
INFO - 2025-02-25 15:19:56 --> Router Class Initialized
INFO - 2025-02-25 15:19:56 --> Output Class Initialized
INFO - 2025-02-25 15:19:56 --> Security Class Initialized
DEBUG - 2025-02-25 15:19:56 --> Global POST, GET and COOKIE data sanitized
INFO - 2025-02-25 15:19:56 --> Input Class Initialized
INFO - 2025-02-25 15:19:56 --> Language Class Initialized
INFO - 2025-02-25 15:19:56 --> Loader Class Initialized
INFO - 2025-02-25 15:19:56 --> Helper loaded: url_helper
INFO - 2025-02-25 15:19:56 --> Database Driver Class Initialized
INFO - 2025-02-25 15:19:56 --> Controller Class Initialized
INFO - 2025-02-25 15:19:56 --> Model "Mconfigkey" initialized
INFO - 2025-02-25 15:19:56 --> Model "Mportal_data" initialized
INFO - 2025-02-25 15:19:56 --> Final output sent to browser
DEBUG - 2025-02-25 15:19:56 --> Total execution time: 0.0223
INFO - 2025-02-25 15:20:05 --> Config Class Initialized
INFO - 2025-02-25 15:20:05 --> Hooks Class Initialized
DEBUG - 2025-02-25 15:20:05 --> UTF-8 Support Enabled
INFO - 2025-02-25 15:20:05 --> Utf8 Class Initialized
INFO - 2025-02-25 15:20:05 --> URI Class Initialized
INFO - 2025-02-25 15:20:05 --> Router Class Initialized
INFO - 2025-02-25 15:20:05 --> Output Class Initialized
INFO - 2025-02-25 15:20:05 --> Security Class Initialized
DEBUG - 2025-02-25 15:20:05 --> Global POST, GET and COOKIE data sanitized
INFO - 2025-02-25 15:20:05 --> Input Class Initialized
INFO - 2025-02-25 15:20:05 --> Language Class Initialized
INFO - 2025-02-25 15:20:05 --> Loader Class Initialized
INFO - 2025-02-25 15:20:05 --> Helper loaded: url_helper
INFO - 2025-02-25 15:20:05 --> Database Driver Class Initialized
INFO - 2025-02-25 15:20:05 --> Controller Class Initialized
INFO - 2025-02-25 15:20:05 --> Model "Mauth" initialized
INFO - 2025-02-25 15:20:05 --> Model "Mconfigkey" initialized
INFO - 2025-02-25 15:20:08 --> Model "Mportal_data" initialized
ERROR - 2025-02-25 15:20:09 --> Severity: Warning --> Use of undefined constant nothing - assumed 'nothing' (this will throw an Error in a future version of PHP) D:\xampp\htdocs\plb\dummyservice\application\controllers\PortalApiPlb.php 318
ERROR - 2025-02-25 15:20:09 --> Severity: Warning --> array_key_exists() expects parameter 2 to be array, string given D:\xampp\htdocs\plb\dummyservice\application\controllers\PortalApiPlb.php 481
INFO - 2025-02-25 15:20:09 --> Final output sent to browser
DEBUG - 2025-02-25 15:20:09 --> Total execution time: 4.7905
INFO - 2025-02-25 15:20:12 --> Config Class Initialized
INFO - 2025-02-25 15:20:12 --> Hooks Class Initialized
DEBUG - 2025-02-25 15:20:12 --> UTF-8 Support Enabled
INFO - 2025-02-25 15:20:12 --> Utf8 Class Initialized
INFO - 2025-02-25 15:20:12 --> URI Class Initialized
INFO - 2025-02-25 15:20:12 --> Router Class Initialized
INFO - 2025-02-25 15:20:12 --> Output Class Initialized
INFO - 2025-02-25 15:20:12 --> Security Class Initialized
DEBUG - 2025-02-25 15:20:12 --> Global POST, GET and COOKIE data sanitized
INFO - 2025-02-25 15:20:12 --> Input Class Initialized
INFO - 2025-02-25 15:20:12 --> Language Class Initialized
INFO - 2025-02-25 15:20:12 --> Loader Class Initialized
INFO - 2025-02-25 15:20:12 --> Helper loaded: url_helper
INFO - 2025-02-25 15:20:12 --> Database Driver Class Initialized
INFO - 2025-02-25 15:20:12 --> Controller Class Initialized
INFO - 2025-02-25 15:20:12 --> Model "Mconfigkey" initialized
INFO - 2025-02-25 15:20:12 --> Model "Mportal_data" initialized
INFO - 2025-02-25 15:20:12 --> Final output sent to browser
DEBUG - 2025-02-25 15:20:12 --> Total execution time: 0.0219
INFO - 2025-02-25 15:20:13 --> Config Class Initialized
INFO - 2025-02-25 15:20:13 --> Hooks Class Initialized
DEBUG - 2025-02-25 15:20:13 --> UTF-8 Support Enabled
INFO - 2025-02-25 15:20:13 --> Utf8 Class Initialized
INFO - 2025-02-25 15:20:13 --> URI Class Initialized
INFO - 2025-02-25 15:20:13 --> Router Class Initialized
INFO - 2025-02-25 15:20:13 --> Output Class Initialized
INFO - 2025-02-25 15:20:13 --> Security Class Initialized
DEBUG - 2025-02-25 15:20:13 --> Global POST, GET and COOKIE data sanitized
INFO - 2025-02-25 15:20:13 --> Input Class Initialized
INFO - 2025-02-25 15:20:13 --> Language Class Initialized
INFO - 2025-02-25 15:20:13 --> Loader Class Initialized
INFO - 2025-02-25 15:20:13 --> Helper loaded: url_helper
INFO - 2025-02-25 15:20:13 --> Database Driver Class Initialized
INFO - 2025-02-25 15:20:13 --> Controller Class Initialized
INFO - 2025-02-25 15:20:13 --> Model "Mconfigkey" initialized
INFO - 2025-02-25 15:20:13 --> Model "Mportal_data" initialized
INFO - 2025-02-25 15:20:13 --> Final output sent to browser
DEBUG - 2025-02-25 15:20:13 --> Total execution time: 0.0216
INFO - 2025-02-25 15:20:13 --> Config Class Initialized
INFO - 2025-02-25 15:20:13 --> Hooks Class Initialized
DEBUG - 2025-02-25 15:20:13 --> UTF-8 Support Enabled
INFO - 2025-02-25 15:20:13 --> Utf8 Class Initialized
INFO - 2025-02-25 15:20:13 --> URI Class Initialized
INFO - 2025-02-25 15:20:13 --> Router Class Initialized
INFO - 2025-02-25 15:20:13 --> Output Class Initialized
INFO - 2025-02-25 15:20:13 --> Security Class Initialized
DEBUG - 2025-02-25 15:20:13 --> Global POST, GET and COOKIE data sanitized
INFO - 2025-02-25 15:20:13 --> Input Class Initialized
INFO - 2025-02-25 15:20:13 --> Language Class Initialized
INFO - 2025-02-25 15:20:13 --> Loader Class Initialized
INFO - 2025-02-25 15:20:13 --> Helper loaded: url_helper
INFO - 2025-02-25 15:20:13 --> Database Driver Class Initialized
INFO - 2025-02-25 15:20:13 --> Controller Class Initialized
INFO - 2025-02-25 15:20:13 --> Model "Mconfigkey" initialized
INFO - 2025-02-25 15:20:13 --> Model "Mportal_data" initialized
INFO - 2025-02-25 15:20:13 --> Final output sent to browser
DEBUG - 2025-02-25 15:20:13 --> Total execution time: 0.0217
INFO - 2025-02-25 15:20:13 --> Config Class Initialized
INFO - 2025-02-25 15:20:13 --> Hooks Class Initialized
DEBUG - 2025-02-25 15:20:13 --> UTF-8 Support Enabled
INFO - 2025-02-25 15:20:13 --> Utf8 Class Initialized
INFO - 2025-02-25 15:20:13 --> URI Class Initialized
INFO - 2025-02-25 15:20:13 --> Router Class Initialized
INFO - 2025-02-25 15:20:13 --> Output Class Initialized
INFO - 2025-02-25 15:20:13 --> Security Class Initialized
DEBUG - 2025-02-25 15:20:13 --> Global POST, GET and COOKIE data sanitized
INFO - 2025-02-25 15:20:13 --> Input Class Initialized
INFO - 2025-02-25 15:20:13 --> Language Class Initialized
INFO - 2025-02-25 15:20:13 --> Loader Class Initialized
INFO - 2025-02-25 15:20:13 --> Helper loaded: url_helper
INFO - 2025-02-25 15:20:13 --> Database Driver Class Initialized
INFO - 2025-02-25 15:20:13 --> Controller Class Initialized
INFO - 2025-02-25 15:20:13 --> Model "Mconfigkey" initialized
INFO - 2025-02-25 15:20:13 --> Model "Mportal_data" initialized
INFO - 2025-02-25 15:20:13 --> Final output sent to browser
DEBUG - 2025-02-25 15:20:13 --> Total execution time: 0.0215
INFO - 2025-02-25 15:20:13 --> Config Class Initialized
INFO - 2025-02-25 15:20:13 --> Hooks Class Initialized
DEBUG - 2025-02-25 15:20:13 --> UTF-8 Support Enabled
INFO - 2025-02-25 15:20:13 --> Utf8 Class Initialized
INFO - 2025-02-25 15:20:13 --> URI Class Initialized
INFO - 2025-02-25 15:20:13 --> Router Class Initialized
INFO - 2025-02-25 15:20:13 --> Output Class Initialized
INFO - 2025-02-25 15:20:13 --> Security Class Initialized
DEBUG - 2025-02-25 15:20:13 --> Global POST, GET and COOKIE data sanitized
INFO - 2025-02-25 15:20:13 --> Input Class Initialized
INFO - 2025-02-25 15:20:13 --> Language Class Initialized
INFO - 2025-02-25 15:20:13 --> Loader Class Initialized
INFO - 2025-02-25 15:20:13 --> Helper loaded: url_helper
INFO - 2025-02-25 15:20:13 --> Database Driver Class Initialized
INFO - 2025-02-25 15:20:13 --> Controller Class Initialized
INFO - 2025-02-25 15:20:13 --> Model "Mconfigkey" initialized
INFO - 2025-02-25 15:20:13 --> Model "Mportal_data" initialized
INFO - 2025-02-25 15:20:13 --> Final output sent to browser
DEBUG - 2025-02-25 15:20:13 --> Total execution time: 0.0217
INFO - 2025-02-25 15:20:13 --> Config Class Initialized
INFO - 2025-02-25 15:20:13 --> Hooks Class Initialized
DEBUG - 2025-02-25 15:20:13 --> UTF-8 Support Enabled
INFO - 2025-02-25 15:20:13 --> Utf8 Class Initialized
INFO - 2025-02-25 15:20:13 --> URI Class Initialized
INFO - 2025-02-25 15:20:13 --> Router Class Initialized
INFO - 2025-02-25 15:20:13 --> Output Class Initialized
INFO - 2025-02-25 15:20:13 --> Security Class Initialized
DEBUG - 2025-02-25 15:20:13 --> Global POST, GET and COOKIE data sanitized
INFO - 2025-02-25 15:20:13 --> Input Class Initialized
INFO - 2025-02-25 15:20:13 --> Language Class Initialized
INFO - 2025-02-25 15:20:13 --> Loader Class Initialized
INFO - 2025-02-25 15:20:13 --> Helper loaded: url_helper
INFO - 2025-02-25 15:20:13 --> Database Driver Class Initialized
INFO - 2025-02-25 15:20:13 --> Controller Class Initialized
INFO - 2025-02-25 15:20:13 --> Model "Mconfigkey" initialized
INFO - 2025-02-25 15:20:13 --> Model "Mportal_data" initialized
INFO - 2025-02-25 15:20:13 --> Final output sent to browser
DEBUG - 2025-02-25 15:20:13 --> Total execution time: 0.0218
INFO - 2025-02-25 15:20:15 --> Config Class Initialized
INFO - 2025-02-25 15:20:15 --> Hooks Class Initialized
DEBUG - 2025-02-25 15:20:15 --> UTF-8 Support Enabled
INFO - 2025-02-25 15:20:15 --> Utf8 Class Initialized
INFO - 2025-02-25 15:20:15 --> URI Class Initialized
INFO - 2025-02-25 15:20:15 --> Router Class Initialized
INFO - 2025-02-25 15:20:15 --> Output Class Initialized
INFO - 2025-02-25 15:20:15 --> Security Class Initialized
DEBUG - 2025-02-25 15:20:15 --> Global POST, GET and COOKIE data sanitized
INFO - 2025-02-25 15:20:15 --> Input Class Initialized
INFO - 2025-02-25 15:20:15 --> Language Class Initialized
INFO - 2025-02-25 15:20:15 --> Loader Class Initialized
INFO - 2025-02-25 15:20:15 --> Helper loaded: url_helper
INFO - 2025-02-25 15:20:15 --> Database Driver Class Initialized
INFO - 2025-02-25 15:20:15 --> Controller Class Initialized
INFO - 2025-02-25 15:20:15 --> Model "Mauth" initialized
INFO - 2025-02-25 15:20:15 --> Model "Mconfigkey" initialized
ERROR - 2025-02-25 15:20:15 --> Severity: Warning --> array_merge(): Expected parameter 1 to be an array, null given D:\xampp\htdocs\plb\dummyservice\application\controllers\PortalApiPlb.php 64
INFO - 2025-02-25 15:20:15 --> Final output sent to browser
DEBUG - 2025-02-25 15:20:15 --> Total execution time: 0.3686
INFO - 2025-02-25 15:20:24 --> Config Class Initialized
INFO - 2025-02-25 15:20:24 --> Hooks Class Initialized
DEBUG - 2025-02-25 15:20:24 --> UTF-8 Support Enabled
INFO - 2025-02-25 15:20:24 --> Utf8 Class Initialized
INFO - 2025-02-25 15:20:24 --> URI Class Initialized
INFO - 2025-02-25 15:20:24 --> Router Class Initialized
INFO - 2025-02-25 15:20:24 --> Output Class Initialized
INFO - 2025-02-25 15:20:24 --> Security Class Initialized
DEBUG - 2025-02-25 15:20:24 --> Global POST, GET and COOKIE data sanitized
INFO - 2025-02-25 15:20:24 --> Input Class Initialized
INFO - 2025-02-25 15:20:24 --> Language Class Initialized
INFO - 2025-02-25 15:20:24 --> Loader Class Initialized
INFO - 2025-02-25 15:20:24 --> Helper loaded: url_helper
INFO - 2025-02-25 15:20:24 --> Database Driver Class Initialized
INFO - 2025-02-25 15:20:24 --> Controller Class Initialized
INFO - 2025-02-25 15:20:24 --> Model "Mauth" initialized
INFO - 2025-02-25 15:20:24 --> Model "Mconfigkey" initialized
INFO - 2025-02-25 15:20:25 --> Model "Mportal_data" initialized
ERROR - 2025-02-25 15:20:25 --> Severity: Warning --> Use of undefined constant nothing - assumed 'nothing' (this will throw an Error in a future version of PHP) D:\xampp\htdocs\plb\dummyservice\application\controllers\PortalApiPlb.php 318
ERROR - 2025-02-25 15:20:26 --> Severity: Warning --> array_key_exists() expects parameter 2 to be array, string given D:\xampp\htdocs\plb\dummyservice\application\controllers\PortalApiPlb.php 481
INFO - 2025-02-25 15:20:26 --> Final output sent to browser
DEBUG - 2025-02-25 15:20:26 --> Total execution time: 2.0856
INFO - 2025-02-25 15:20:29 --> Config Class Initialized
INFO - 2025-02-25 15:20:29 --> Hooks Class Initialized
DEBUG - 2025-02-25 15:20:29 --> UTF-8 Support Enabled
INFO - 2025-02-25 15:20:29 --> Utf8 Class Initialized
INFO - 2025-02-25 15:20:29 --> URI Class Initialized
INFO - 2025-02-25 15:20:29 --> Router Class Initialized
INFO - 2025-02-25 15:20:29 --> Output Class Initialized
INFO - 2025-02-25 15:20:29 --> Security Class Initialized
DEBUG - 2025-02-25 15:20:29 --> Global POST, GET and COOKIE data sanitized
INFO - 2025-02-25 15:20:29 --> Input Class Initialized
INFO - 2025-02-25 15:20:29 --> Language Class Initialized
INFO - 2025-02-25 15:20:29 --> Loader Class Initialized
INFO - 2025-02-25 15:20:29 --> Helper loaded: url_helper
INFO - 2025-02-25 15:20:29 --> Database Driver Class Initialized
INFO - 2025-02-25 15:20:29 --> Controller Class Initialized
INFO - 2025-02-25 15:20:29 --> Model "Mconfigkey" initialized
INFO - 2025-02-25 15:20:29 --> Model "Mportal_data" initialized
INFO - 2025-02-25 15:20:29 --> Final output sent to browser
DEBUG - 2025-02-25 15:20:29 --> Total execution time: 0.0396
INFO - 2025-02-25 15:20:30 --> Config Class Initialized
INFO - 2025-02-25 15:20:30 --> Hooks Class Initialized
DEBUG - 2025-02-25 15:20:30 --> UTF-8 Support Enabled
INFO - 2025-02-25 15:20:30 --> Utf8 Class Initialized
INFO - 2025-02-25 15:20:30 --> URI Class Initialized
INFO - 2025-02-25 15:20:30 --> Router Class Initialized
INFO - 2025-02-25 15:20:30 --> Output Class Initialized
INFO - 2025-02-25 15:20:30 --> Security Class Initialized
DEBUG - 2025-02-25 15:20:30 --> Global POST, GET and COOKIE data sanitized
INFO - 2025-02-25 15:20:30 --> Input Class Initialized
INFO - 2025-02-25 15:20:30 --> Language Class Initialized
INFO - 2025-02-25 15:20:30 --> Loader Class Initialized
INFO - 2025-02-25 15:20:30 --> Helper loaded: url_helper
INFO - 2025-02-25 15:20:30 --> Database Driver Class Initialized
INFO - 2025-02-25 15:20:30 --> Controller Class Initialized
INFO - 2025-02-25 15:20:30 --> Model "Mconfigkey" initialized
INFO - 2025-02-25 15:20:30 --> Model "Mportal_data" initialized
INFO - 2025-02-25 15:20:30 --> Final output sent to browser
DEBUG - 2025-02-25 15:20:30 --> Total execution time: 0.0406
INFO - 2025-02-25 15:20:32 --> Config Class Initialized
INFO - 2025-02-25 15:20:32 --> Hooks Class Initialized
DEBUG - 2025-02-25 15:20:32 --> UTF-8 Support Enabled
INFO - 2025-02-25 15:20:32 --> Utf8 Class Initialized
INFO - 2025-02-25 15:20:32 --> URI Class Initialized
INFO - 2025-02-25 15:20:32 --> Router Class Initialized
INFO - 2025-02-25 15:20:32 --> Output Class Initialized
INFO - 2025-02-25 15:20:32 --> Security Class Initialized
DEBUG - 2025-02-25 15:20:32 --> Global POST, GET and COOKIE data sanitized
INFO - 2025-02-25 15:20:32 --> Input Class Initialized
INFO - 2025-02-25 15:20:32 --> Language Class Initialized
INFO - 2025-02-25 15:20:32 --> Loader Class Initialized
INFO - 2025-02-25 15:20:32 --> Helper loaded: url_helper
INFO - 2025-02-25 15:20:32 --> Database Driver Class Initialized
INFO - 2025-02-25 15:20:32 --> Controller Class Initialized
INFO - 2025-02-25 15:20:32 --> Model "Mconfigkey" initialized
INFO - 2025-02-25 15:20:32 --> Model "Mportal_data" initialized
INFO - 2025-02-25 15:20:32 --> Final output sent to browser
DEBUG - 2025-02-25 15:20:32 --> Total execution time: 0.0219
INFO - 2025-02-25 15:20:34 --> Config Class Initialized
INFO - 2025-02-25 15:20:34 --> Hooks Class Initialized
DEBUG - 2025-02-25 15:20:34 --> UTF-8 Support Enabled
INFO - 2025-02-25 15:20:34 --> Utf8 Class Initialized
INFO - 2025-02-25 15:20:34 --> URI Class Initialized
INFO - 2025-02-25 15:20:34 --> Router Class Initialized
INFO - 2025-02-25 15:20:34 --> Output Class Initialized
INFO - 2025-02-25 15:20:34 --> Security Class Initialized
DEBUG - 2025-02-25 15:20:34 --> Global POST, GET and COOKIE data sanitized
INFO - 2025-02-25 15:20:34 --> Input Class Initialized
INFO - 2025-02-25 15:20:34 --> Language Class Initialized
INFO - 2025-02-25 15:20:34 --> Loader Class Initialized
INFO - 2025-02-25 15:20:34 --> Helper loaded: url_helper
INFO - 2025-02-25 15:20:34 --> Database Driver Class Initialized
INFO - 2025-02-25 15:20:34 --> Controller Class Initialized
INFO - 2025-02-25 15:20:34 --> Model "Mconfigkey" initialized
INFO - 2025-02-25 15:20:34 --> Model "Mportal_data" initialized
INFO - 2025-02-25 15:20:34 --> Final output sent to browser
DEBUG - 2025-02-25 15:20:34 --> Total execution time: 0.0397
INFO - 2025-02-25 15:20:34 --> Config Class Initialized
INFO - 2025-02-25 15:20:34 --> Hooks Class Initialized
DEBUG - 2025-02-25 15:20:34 --> UTF-8 Support Enabled
INFO - 2025-02-25 15:20:34 --> Utf8 Class Initialized
INFO - 2025-02-25 15:20:34 --> URI Class Initialized
INFO - 2025-02-25 15:20:34 --> Router Class Initialized
INFO - 2025-02-25 15:20:34 --> Output Class Initialized
INFO - 2025-02-25 15:20:34 --> Security Class Initialized
DEBUG - 2025-02-25 15:20:34 --> Global POST, GET and COOKIE data sanitized
INFO - 2025-02-25 15:20:34 --> Input Class Initialized
INFO - 2025-02-25 15:20:34 --> Language Class Initialized
INFO - 2025-02-25 15:20:34 --> Loader Class Initialized
INFO - 2025-02-25 15:20:34 --> Helper loaded: url_helper
INFO - 2025-02-25 15:20:34 --> Database Driver Class Initialized
INFO - 2025-02-25 15:20:34 --> Controller Class Initialized
INFO - 2025-02-25 15:20:34 --> Model "Mauth" initialized
INFO - 2025-02-25 15:20:34 --> Model "Mconfigkey" initialized
ERROR - 2025-02-25 15:20:34 --> Severity: Warning --> array_merge(): Expected parameter 1 to be an array, null given D:\xampp\htdocs\plb\dummyservice\application\controllers\PortalApiPlb.php 64
INFO - 2025-02-25 15:20:37 --> Final output sent to browser
DEBUG - 2025-02-25 15:20:37 --> Total execution time: 2.6867
INFO - 2025-02-25 15:20:40 --> Config Class Initialized
INFO - 2025-02-25 15:20:40 --> Hooks Class Initialized
DEBUG - 2025-02-25 15:20:40 --> UTF-8 Support Enabled
INFO - 2025-02-25 15:20:40 --> Utf8 Class Initialized
INFO - 2025-02-25 15:20:40 --> URI Class Initialized
INFO - 2025-02-25 15:20:40 --> Router Class Initialized
INFO - 2025-02-25 15:20:40 --> Output Class Initialized
INFO - 2025-02-25 15:20:40 --> Security Class Initialized
DEBUG - 2025-02-25 15:20:40 --> Global POST, GET and COOKIE data sanitized
INFO - 2025-02-25 15:20:40 --> Input Class Initialized
INFO - 2025-02-25 15:20:40 --> Language Class Initialized
INFO - 2025-02-25 15:20:40 --> Loader Class Initialized
INFO - 2025-02-25 15:20:40 --> Helper loaded: url_helper
INFO - 2025-02-25 15:20:40 --> Database Driver Class Initialized
INFO - 2025-02-25 15:20:40 --> Controller Class Initialized
INFO - 2025-02-25 15:20:40 --> Model "Mauth" initialized
INFO - 2025-02-25 15:20:40 --> Model "Mconfigkey" initialized
INFO - 2025-02-25 15:20:44 --> Model "Mportal_data" initialized
ERROR - 2025-02-25 15:20:45 --> Severity: Warning --> Use of undefined constant nothing - assumed 'nothing' (this will throw an Error in a future version of PHP) D:\xampp\htdocs\plb\dummyservice\application\controllers\PortalApiPlb.php 318
ERROR - 2025-02-25 15:20:45 --> Severity: Warning --> array_key_exists() expects parameter 2 to be array, string given D:\xampp\htdocs\plb\dummyservice\application\controllers\PortalApiPlb.php 481
INFO - 2025-02-25 15:20:45 --> Final output sent to browser
DEBUG - 2025-02-25 15:20:45 --> Total execution time: 5.3142
INFO - 2025-02-25 15:20:49 --> Config Class Initialized
INFO - 2025-02-25 15:20:49 --> Hooks Class Initialized
DEBUG - 2025-02-25 15:20:49 --> UTF-8 Support Enabled
INFO - 2025-02-25 15:20:49 --> Utf8 Class Initialized
INFO - 2025-02-25 15:20:49 --> URI Class Initialized
INFO - 2025-02-25 15:20:49 --> Router Class Initialized
INFO - 2025-02-25 15:20:49 --> Output Class Initialized
INFO - 2025-02-25 15:20:49 --> Security Class Initialized
DEBUG - 2025-02-25 15:20:49 --> Global POST, GET and COOKIE data sanitized
INFO - 2025-02-25 15:20:49 --> Input Class Initialized
INFO - 2025-02-25 15:20:49 --> Language Class Initialized
INFO - 2025-02-25 15:20:49 --> Loader Class Initialized
INFO - 2025-02-25 15:20:49 --> Helper loaded: url_helper
INFO - 2025-02-25 15:20:49 --> Database Driver Class Initialized
INFO - 2025-02-25 15:20:49 --> Controller Class Initialized
INFO - 2025-02-25 15:20:49 --> Model "Mconfigkey" initialized
INFO - 2025-02-25 15:20:49 --> Model "Mportal_data" initialized
INFO - 2025-02-25 15:20:49 --> Final output sent to browser
DEBUG - 2025-02-25 15:20:49 --> Total execution time: 0.0292
INFO - 2025-02-25 15:20:52 --> Config Class Initialized
INFO - 2025-02-25 15:20:52 --> Hooks Class Initialized
DEBUG - 2025-02-25 15:20:52 --> UTF-8 Support Enabled
INFO - 2025-02-25 15:20:52 --> Utf8 Class Initialized
INFO - 2025-02-25 15:20:52 --> URI Class Initialized
INFO - 2025-02-25 15:20:52 --> Router Class Initialized
INFO - 2025-02-25 15:20:52 --> Output Class Initialized
INFO - 2025-02-25 15:20:52 --> Security Class Initialized
DEBUG - 2025-02-25 15:20:52 --> Global POST, GET and COOKIE data sanitized
INFO - 2025-02-25 15:20:52 --> Input Class Initialized
INFO - 2025-02-25 15:20:52 --> Language Class Initialized
INFO - 2025-02-25 15:20:52 --> Loader Class Initialized
INFO - 2025-02-25 15:20:52 --> Helper loaded: url_helper
INFO - 2025-02-25 15:20:52 --> Database Driver Class Initialized
INFO - 2025-02-25 15:20:52 --> Controller Class Initialized
INFO - 2025-02-25 15:20:52 --> Model "Mconfigkey" initialized
INFO - 2025-02-25 15:20:52 --> Model "Mportal_data" initialized
INFO - 2025-02-25 15:20:52 --> Final output sent to browser
DEBUG - 2025-02-25 15:20:52 --> Total execution time: 0.0391
INFO - 2025-02-25 15:21:52 --> Config Class Initialized
INFO - 2025-02-25 15:21:52 --> Hooks Class Initialized
DEBUG - 2025-02-25 15:21:52 --> UTF-8 Support Enabled
INFO - 2025-02-25 15:21:52 --> Utf8 Class Initialized
INFO - 2025-02-25 15:21:52 --> URI Class Initialized
INFO - 2025-02-25 15:21:52 --> Router Class Initialized
INFO - 2025-02-25 15:21:52 --> Output Class Initialized
INFO - 2025-02-25 15:21:52 --> Security Class Initialized
DEBUG - 2025-02-25 15:21:52 --> Global POST, GET and COOKIE data sanitized
INFO - 2025-02-25 15:21:52 --> Input Class Initialized
INFO - 2025-02-25 15:21:52 --> Language Class Initialized
INFO - 2025-02-25 15:21:52 --> Loader Class Initialized
INFO - 2025-02-25 15:21:52 --> Helper loaded: url_helper
INFO - 2025-02-25 15:21:52 --> Database Driver Class Initialized
INFO - 2025-02-25 15:21:52 --> Controller Class Initialized
INFO - 2025-02-25 15:21:52 --> Model "Mauth" initialized
INFO - 2025-02-25 15:21:52 --> Model "Mconfigkey" initialized
ERROR - 2025-02-25 15:21:52 --> Severity: Warning --> array_merge(): Expected parameter 1 to be an array, null given D:\xampp\htdocs\plb\dummyservice\application\controllers\PortalApiPlb.php 64
INFO - 2025-02-25 15:21:54 --> Final output sent to browser
DEBUG - 2025-02-25 15:21:54 --> Total execution time: 2.3463
INFO - 2025-02-25 15:22:56 --> Config Class Initialized
INFO - 2025-02-25 15:22:56 --> Hooks Class Initialized
DEBUG - 2025-02-25 15:22:56 --> UTF-8 Support Enabled
INFO - 2025-02-25 15:22:56 --> Utf8 Class Initialized
INFO - 2025-02-25 15:22:56 --> URI Class Initialized
INFO - 2025-02-25 15:22:56 --> Router Class Initialized
INFO - 2025-02-25 15:22:56 --> Output Class Initialized
INFO - 2025-02-25 15:22:56 --> Security Class Initialized
DEBUG - 2025-02-25 15:22:56 --> Global POST, GET and COOKIE data sanitized
INFO - 2025-02-25 15:22:56 --> Input Class Initialized
INFO - 2025-02-25 15:22:56 --> Language Class Initialized
INFO - 2025-02-25 15:22:56 --> Loader Class Initialized
INFO - 2025-02-25 15:22:56 --> Helper loaded: url_helper
INFO - 2025-02-25 15:22:56 --> Database Driver Class Initialized
INFO - 2025-02-25 15:22:56 --> Controller Class Initialized
INFO - 2025-02-25 15:22:56 --> Model "Mauth" initialized
INFO - 2025-02-25 15:22:56 --> Model "Mconfigkey" initialized
INFO - 2025-02-25 15:22:57 --> Model "Mportal_data" initialized
ERROR - 2025-02-25 15:22:58 --> Severity: Warning --> Use of undefined constant nothing - assumed 'nothing' (this will throw an Error in a future version of PHP) D:\xampp\htdocs\plb\dummyservice\application\controllers\PortalApiPlb.php 318
ERROR - 2025-02-25 15:22:59 --> Severity: Warning --> array_key_exists() expects parameter 2 to be array, string given D:\xampp\htdocs\plb\dummyservice\application\controllers\PortalApiPlb.php 481
INFO - 2025-02-25 15:22:59 --> Final output sent to browser
DEBUG - 2025-02-25 15:22:59 --> Total execution time: 3.0311
INFO - 2025-02-25 15:23:12 --> Config Class Initialized
INFO - 2025-02-25 15:23:12 --> Hooks Class Initialized
DEBUG - 2025-02-25 15:23:12 --> UTF-8 Support Enabled
INFO - 2025-02-25 15:23:12 --> Utf8 Class Initialized
INFO - 2025-02-25 15:23:12 --> URI Class Initialized
INFO - 2025-02-25 15:23:12 --> Router Class Initialized
INFO - 2025-02-25 15:23:12 --> Output Class Initialized
INFO - 2025-02-25 15:23:12 --> Security Class Initialized
DEBUG - 2025-02-25 15:23:12 --> Global POST, GET and COOKIE data sanitized
INFO - 2025-02-25 15:23:12 --> Input Class Initialized
INFO - 2025-02-25 15:23:12 --> Language Class Initialized
INFO - 2025-02-25 15:23:12 --> Loader Class Initialized
INFO - 2025-02-25 15:23:12 --> Helper loaded: url_helper
INFO - 2025-02-25 15:23:12 --> Database Driver Class Initialized
INFO - 2025-02-25 15:23:12 --> Controller Class Initialized
INFO - 2025-02-25 15:23:12 --> Model "Mauth" initialized
INFO - 2025-02-25 15:23:12 --> Model "Mconfigkey" initialized
INFO - 2025-02-25 15:23:14 --> Model "Mportal_data" initialized
ERROR - 2025-02-25 15:23:15 --> Severity: Warning --> Use of undefined constant nothing - assumed 'nothing' (this will throw an Error in a future version of PHP) D:\xampp\htdocs\plb\dummyservice\application\controllers\PortalApiPlb.php 318
ERROR - 2025-02-25 15:23:16 --> Severity: Warning --> array_key_exists() expects parameter 2 to be array, string given D:\xampp\htdocs\plb\dummyservice\application\controllers\PortalApiPlb.php 481
INFO - 2025-02-25 15:23:16 --> Final output sent to browser
DEBUG - 2025-02-25 15:23:16 --> Total execution time: 3.7076
INFO - 2025-02-25 15:23:22 --> Config Class Initialized
INFO - 2025-02-25 15:23:22 --> Hooks Class Initialized
DEBUG - 2025-02-25 15:23:22 --> UTF-8 Support Enabled
INFO - 2025-02-25 15:23:22 --> Utf8 Class Initialized
INFO - 2025-02-25 15:23:22 --> URI Class Initialized
INFO - 2025-02-25 15:23:22 --> Router Class Initialized
INFO - 2025-02-25 15:23:22 --> Output Class Initialized
INFO - 2025-02-25 15:23:22 --> Security Class Initialized
DEBUG - 2025-02-25 15:23:22 --> Global POST, GET and COOKIE data sanitized
INFO - 2025-02-25 15:23:22 --> Input Class Initialized
INFO - 2025-02-25 15:23:22 --> Language Class Initialized
INFO - 2025-02-25 15:23:22 --> Loader Class Initialized
INFO - 2025-02-25 15:23:22 --> Helper loaded: url_helper
INFO - 2025-02-25 15:23:22 --> Database Driver Class Initialized
INFO - 2025-02-25 15:23:22 --> Controller Class Initialized
INFO - 2025-02-25 15:23:22 --> Model "Mauth" initialized
INFO - 2025-02-25 15:23:22 --> Model "Mconfigkey" initialized
INFO - 2025-02-25 15:23:22 --> Model "Mportal_data" initialized
ERROR - 2025-02-25 15:23:23 --> Severity: Warning --> Use of undefined constant nothing - assumed 'nothing' (this will throw an Error in a future version of PHP) D:\xampp\htdocs\plb\dummyservice\application\controllers\PortalApiPlb.php 318
ERROR - 2025-02-25 15:23:24 --> Severity: Warning --> array_key_exists() expects parameter 2 to be array, string given D:\xampp\htdocs\plb\dummyservice\application\controllers\PortalApiPlb.php 481
INFO - 2025-02-25 15:23:24 --> Final output sent to browser
DEBUG - 2025-02-25 15:23:24 --> Total execution time: 2.1649
INFO - 2025-02-25 15:23:58 --> Config Class Initialized
INFO - 2025-02-25 15:23:58 --> Hooks Class Initialized
DEBUG - 2025-02-25 15:23:58 --> UTF-8 Support Enabled
INFO - 2025-02-25 15:23:58 --> Utf8 Class Initialized
INFO - 2025-02-25 15:23:58 --> URI Class Initialized
INFO - 2025-02-25 15:23:58 --> Router Class Initialized
INFO - 2025-02-25 15:23:58 --> Output Class Initialized
INFO - 2025-02-25 15:23:58 --> Security Class Initialized
DEBUG - 2025-02-25 15:23:58 --> Global POST, GET and COOKIE data sanitized
INFO - 2025-02-25 15:23:58 --> Input Class Initialized
INFO - 2025-02-25 15:23:58 --> Language Class Initialized
INFO - 2025-02-25 15:23:58 --> Loader Class Initialized
INFO - 2025-02-25 15:23:58 --> Helper loaded: url_helper
INFO - 2025-02-25 15:23:58 --> Database Driver Class Initialized
INFO - 2025-02-25 15:23:58 --> Controller Class Initialized
INFO - 2025-02-25 15:23:58 --> Model "Mauth" initialized
INFO - 2025-02-25 15:23:58 --> Model "Mconfigkey" initialized
ERROR - 2025-02-25 15:23:59 --> Severity: Warning --> file_put_contents(D:/uploads/internal/from_portal/): failed to open stream: No such file or directory D:\xampp\htdocs\plb\dummyservice\application\controllers\PortalApiPlb.php 408
INFO - 2025-02-25 15:23:59 --> Model "Mportal_data" initialized
ERROR - 2025-02-25 15:23:59 --> Severity: Warning --> Use of undefined constant nothing - assumed 'nothing' (this will throw an Error in a future version of PHP) D:\xampp\htdocs\plb\dummyservice\application\controllers\PortalApiPlb.php 318
ERROR - 2025-02-25 15:24:00 --> Severity: Warning --> array_key_exists() expects parameter 2 to be array, string given D:\xampp\htdocs\plb\dummyservice\application\controllers\PortalApiPlb.php 481
INFO - 2025-02-25 15:24:00 --> Final output sent to browser
DEBUG - 2025-02-25 15:24:00 --> Total execution time: 1.2277
INFO - 2025-02-25 15:24:09 --> Config Class Initialized
INFO - 2025-02-25 15:24:09 --> Hooks Class Initialized
DEBUG - 2025-02-25 15:24:09 --> UTF-8 Support Enabled
INFO - 2025-02-25 15:24:09 --> Utf8 Class Initialized
INFO - 2025-02-25 15:24:09 --> URI Class Initialized
INFO - 2025-02-25 15:24:09 --> Router Class Initialized
INFO - 2025-02-25 15:24:09 --> Output Class Initialized
INFO - 2025-02-25 15:24:09 --> Security Class Initialized
DEBUG - 2025-02-25 15:24:09 --> Global POST, GET and COOKIE data sanitized
INFO - 2025-02-25 15:24:09 --> Input Class Initialized
INFO - 2025-02-25 15:24:09 --> Language Class Initialized
INFO - 2025-02-25 15:24:09 --> Loader Class Initialized
INFO - 2025-02-25 15:24:09 --> Helper loaded: url_helper
INFO - 2025-02-25 15:24:09 --> Database Driver Class Initialized
INFO - 2025-02-25 15:24:09 --> Controller Class Initialized
INFO - 2025-02-25 15:24:09 --> Model "Mauth" initialized
INFO - 2025-02-25 15:24:09 --> Model "Mconfigkey" initialized
ERROR - 2025-02-25 15:24:09 --> Severity: Warning --> file_put_contents(D:/uploads/internal/from_portal/): failed to open stream: No such file or directory D:\xampp\htdocs\plb\dummyservice\application\controllers\PortalApiPlb.php 408
INFO - 2025-02-25 15:24:09 --> Model "Mportal_data" initialized
ERROR - 2025-02-25 15:24:09 --> Severity: Warning --> Use of undefined constant nothing - assumed 'nothing' (this will throw an Error in a future version of PHP) D:\xampp\htdocs\plb\dummyservice\application\controllers\PortalApiPlb.php 318
ERROR - 2025-02-25 15:24:10 --> Severity: Warning --> array_key_exists() expects parameter 2 to be array, string given D:\xampp\htdocs\plb\dummyservice\application\controllers\PortalApiPlb.php 481
INFO - 2025-02-25 15:24:10 --> Final output sent to browser
DEBUG - 2025-02-25 15:24:10 --> Total execution time: 1.4568
INFO - 2025-02-25 15:27:14 --> Config Class Initialized
INFO - 2025-02-25 15:27:14 --> Hooks Class Initialized
DEBUG - 2025-02-25 15:27:14 --> UTF-8 Support Enabled
INFO - 2025-02-25 15:27:14 --> Utf8 Class Initialized
INFO - 2025-02-25 15:27:14 --> URI Class Initialized
INFO - 2025-02-25 15:27:14 --> Router Class Initialized
INFO - 2025-02-25 15:27:14 --> Output Class Initialized
INFO - 2025-02-25 15:27:14 --> Security Class Initialized
DEBUG - 2025-02-25 15:27:14 --> Global POST, GET and COOKIE data sanitized
INFO - 2025-02-25 15:27:14 --> Input Class Initialized
INFO - 2025-02-25 15:27:14 --> Language Class Initialized
INFO - 2025-02-25 15:27:14 --> Loader Class Initialized
INFO - 2025-02-25 15:27:14 --> Helper loaded: url_helper
INFO - 2025-02-25 15:27:14 --> Database Driver Class Initialized
INFO - 2025-02-25 15:27:14 --> Controller Class Initialized
INFO - 2025-02-25 15:27:14 --> Model "Mauth" initialized
INFO - 2025-02-25 15:27:14 --> Model "Mconfigkey" initialized
ERROR - 2025-02-25 15:27:14 --> Severity: Warning --> array_merge(): Expected parameter 1 to be an array, null given D:\xampp\htdocs\plb\dummyservice\application\controllers\PortalApiPlb.php 64
INFO - 2025-02-25 15:27:15 --> Final output sent to browser
DEBUG - 2025-02-25 15:27:15 --> Total execution time: 1.0019
INFO - 2025-02-25 15:27:23 --> Config Class Initialized
INFO - 2025-02-25 15:27:23 --> Hooks Class Initialized
DEBUG - 2025-02-25 15:27:23 --> UTF-8 Support Enabled
INFO - 2025-02-25 15:27:23 --> Utf8 Class Initialized
INFO - 2025-02-25 15:27:23 --> URI Class Initialized
INFO - 2025-02-25 15:27:23 --> Router Class Initialized
INFO - 2025-02-25 15:27:23 --> Output Class Initialized
INFO - 2025-02-25 15:27:23 --> Security Class Initialized
DEBUG - 2025-02-25 15:27:23 --> Global POST, GET and COOKIE data sanitized
INFO - 2025-02-25 15:27:23 --> Input Class Initialized
INFO - 2025-02-25 15:27:23 --> Language Class Initialized
INFO - 2025-02-25 15:27:23 --> Loader Class Initialized
INFO - 2025-02-25 15:27:23 --> Helper loaded: url_helper
INFO - 2025-02-25 15:27:23 --> Database Driver Class Initialized
INFO - 2025-02-25 15:27:23 --> Controller Class Initialized
INFO - 2025-02-25 15:27:23 --> Model "Mauth" initialized
INFO - 2025-02-25 15:27:23 --> Model "Mconfigkey" initialized
INFO - 2025-02-25 15:27:25 --> Model "Mportal_data" initialized
ERROR - 2025-02-25 15:27:26 --> Severity: Warning --> Use of undefined constant nothing - assumed 'nothing' (this will throw an Error in a future version of PHP) D:\xampp\htdocs\plb\dummyservice\application\controllers\PortalApiPlb.php 318
ERROR - 2025-02-25 15:27:26 --> Severity: Warning --> array_key_exists() expects parameter 2 to be array, string given D:\xampp\htdocs\plb\dummyservice\application\controllers\PortalApiPlb.php 481
INFO - 2025-02-25 15:27:26 --> Final output sent to browser
DEBUG - 2025-02-25 15:27:26 --> Total execution time: 3.1214
INFO - 2025-02-25 15:27:30 --> Config Class Initialized
INFO - 2025-02-25 15:27:30 --> Hooks Class Initialized
DEBUG - 2025-02-25 15:27:30 --> UTF-8 Support Enabled
INFO - 2025-02-25 15:27:30 --> Utf8 Class Initialized
INFO - 2025-02-25 15:27:30 --> URI Class Initialized
INFO - 2025-02-25 15:27:30 --> Router Class Initialized
INFO - 2025-02-25 15:27:30 --> Output Class Initialized
INFO - 2025-02-25 15:27:30 --> Security Class Initialized
DEBUG - 2025-02-25 15:27:30 --> Global POST, GET and COOKIE data sanitized
INFO - 2025-02-25 15:27:30 --> Input Class Initialized
INFO - 2025-02-25 15:27:30 --> Language Class Initialized
INFO - 2025-02-25 15:27:30 --> Loader Class Initialized
INFO - 2025-02-25 15:27:30 --> Helper loaded: url_helper
INFO - 2025-02-25 15:27:30 --> Database Driver Class Initialized
INFO - 2025-02-25 15:27:30 --> Controller Class Initialized
INFO - 2025-02-25 15:27:30 --> Model "Mconfigkey" initialized
INFO - 2025-02-25 15:27:30 --> Model "Mportal_data" initialized
INFO - 2025-02-25 15:27:30 --> Final output sent to browser
DEBUG - 2025-02-25 15:27:30 --> Total execution time: 0.0469
INFO - 2025-02-25 15:27:32 --> Config Class Initialized
INFO - 2025-02-25 15:27:32 --> Hooks Class Initialized
DEBUG - 2025-02-25 15:27:32 --> UTF-8 Support Enabled
INFO - 2025-02-25 15:27:32 --> Utf8 Class Initialized
INFO - 2025-02-25 15:27:32 --> URI Class Initialized
INFO - 2025-02-25 15:27:32 --> Router Class Initialized
INFO - 2025-02-25 15:27:32 --> Output Class Initialized
INFO - 2025-02-25 15:27:32 --> Security Class Initialized
DEBUG - 2025-02-25 15:27:32 --> Global POST, GET and COOKIE data sanitized
INFO - 2025-02-25 15:27:32 --> Input Class Initialized
INFO - 2025-02-25 15:27:32 --> Language Class Initialized
INFO - 2025-02-25 15:27:32 --> Loader Class Initialized
INFO - 2025-02-25 15:27:32 --> Helper loaded: url_helper
INFO - 2025-02-25 15:27:32 --> Database Driver Class Initialized
INFO - 2025-02-25 15:27:32 --> Controller Class Initialized
INFO - 2025-02-25 15:27:32 --> Model "Mconfigkey" initialized
INFO - 2025-02-25 15:27:32 --> Model "Mportal_data" initialized
INFO - 2025-02-25 15:27:32 --> Final output sent to browser
DEBUG - 2025-02-25 15:27:32 --> Total execution time: 0.0403
INFO - 2025-02-25 15:27:50 --> Config Class Initialized
INFO - 2025-02-25 15:27:50 --> Hooks Class Initialized
DEBUG - 2025-02-25 15:27:50 --> UTF-8 Support Enabled
INFO - 2025-02-25 15:27:50 --> Utf8 Class Initialized
INFO - 2025-02-25 15:27:50 --> URI Class Initialized
INFO - 2025-02-25 15:27:50 --> Router Class Initialized
INFO - 2025-02-25 15:27:50 --> Output Class Initialized
INFO - 2025-02-25 15:27:50 --> Security Class Initialized
DEBUG - 2025-02-25 15:27:50 --> Global POST, GET and COOKIE data sanitized
INFO - 2025-02-25 15:27:50 --> Input Class Initialized
INFO - 2025-02-25 15:27:50 --> Language Class Initialized
INFO - 2025-02-25 15:27:50 --> Loader Class Initialized
INFO - 2025-02-25 15:27:50 --> Helper loaded: url_helper
INFO - 2025-02-25 15:27:50 --> Database Driver Class Initialized
INFO - 2025-02-25 15:27:50 --> Controller Class Initialized
INFO - 2025-02-25 15:27:50 --> Model "Mconfigkey" initialized
INFO - 2025-02-25 15:27:50 --> Final output sent to browser
DEBUG - 2025-02-25 15:27:50 --> Total execution time: 0.0271
INFO - 2025-02-25 15:27:54 --> Config Class Initialized
INFO - 2025-02-25 15:27:54 --> Hooks Class Initialized
DEBUG - 2025-02-25 15:27:54 --> UTF-8 Support Enabled
INFO - 2025-02-25 15:27:54 --> Utf8 Class Initialized
INFO - 2025-02-25 15:27:54 --> URI Class Initialized
INFO - 2025-02-25 15:27:54 --> Router Class Initialized
INFO - 2025-02-25 15:27:54 --> Output Class Initialized
INFO - 2025-02-25 15:27:54 --> Security Class Initialized
DEBUG - 2025-02-25 15:27:54 --> Global POST, GET and COOKIE data sanitized
INFO - 2025-02-25 15:27:54 --> Input Class Initialized
INFO - 2025-02-25 15:27:54 --> Language Class Initialized
INFO - 2025-02-25 15:27:54 --> Loader Class Initialized
INFO - 2025-02-25 15:27:54 --> Helper loaded: url_helper
INFO - 2025-02-25 15:27:54 --> Database Driver Class Initialized
INFO - 2025-02-25 15:27:54 --> Controller Class Initialized
INFO - 2025-02-25 15:27:54 --> Model "Mconfigkey" initialized
INFO - 2025-02-25 15:27:54 --> Model "Mportal_data" initialized
INFO - 2025-02-25 15:27:54 --> Final output sent to browser
DEBUG - 2025-02-25 15:27:54 --> Total execution time: 0.0398
INFO - 2025-02-25 15:28:03 --> Config Class Initialized
INFO - 2025-02-25 15:28:03 --> Hooks Class Initialized
DEBUG - 2025-02-25 15:28:03 --> UTF-8 Support Enabled
INFO - 2025-02-25 15:28:03 --> Utf8 Class Initialized
INFO - 2025-02-25 15:28:03 --> URI Class Initialized
INFO - 2025-02-25 15:28:03 --> Router Class Initialized
INFO - 2025-02-25 15:28:03 --> Output Class Initialized
INFO - 2025-02-25 15:28:03 --> Security Class Initialized
DEBUG - 2025-02-25 15:28:03 --> Global POST, GET and COOKIE data sanitized
INFO - 2025-02-25 15:28:03 --> Input Class Initialized
INFO - 2025-02-25 15:28:03 --> Language Class Initialized
INFO - 2025-02-25 15:28:03 --> Loader Class Initialized
INFO - 2025-02-25 15:28:03 --> Helper loaded: url_helper
INFO - 2025-02-25 15:28:03 --> Database Driver Class Initialized
INFO - 2025-02-25 15:28:03 --> Controller Class Initialized
INFO - 2025-02-25 15:28:03 --> Model "Mauth" initialized
INFO - 2025-02-25 15:28:03 --> Model "Mconfigkey" initialized
INFO - 2025-02-25 15:28:04 --> Model "Mportal_data" initialized
ERROR - 2025-02-25 15:28:05 --> Severity: Warning --> Use of undefined constant nothing - assumed 'nothing' (this will throw an Error in a future version of PHP) D:\xampp\htdocs\plb\dummyservice\application\controllers\PortalApiPlb.php 318
ERROR - 2025-02-25 15:28:05 --> Severity: Warning --> array_key_exists() expects parameter 2 to be array, string given D:\xampp\htdocs\plb\dummyservice\application\controllers\PortalApiPlb.php 481
INFO - 2025-02-25 15:28:05 --> Final output sent to browser
DEBUG - 2025-02-25 15:28:05 --> Total execution time: 2.0667
INFO - 2025-02-25 15:28:22 --> Config Class Initialized
INFO - 2025-02-25 15:28:22 --> Hooks Class Initialized
DEBUG - 2025-02-25 15:28:22 --> UTF-8 Support Enabled
INFO - 2025-02-25 15:28:22 --> Utf8 Class Initialized
INFO - 2025-02-25 15:28:22 --> URI Class Initialized
INFO - 2025-02-25 15:28:22 --> Router Class Initialized
INFO - 2025-02-25 15:28:22 --> Output Class Initialized
INFO - 2025-02-25 15:28:22 --> Security Class Initialized
DEBUG - 2025-02-25 15:28:22 --> Global POST, GET and COOKIE data sanitized
INFO - 2025-02-25 15:28:22 --> Input Class Initialized
INFO - 2025-02-25 15:28:22 --> Language Class Initialized
INFO - 2025-02-25 15:28:22 --> Loader Class Initialized
INFO - 2025-02-25 15:28:22 --> Helper loaded: url_helper
INFO - 2025-02-25 15:28:22 --> Database Driver Class Initialized
INFO - 2025-02-25 15:28:22 --> Controller Class Initialized
INFO - 2025-02-25 15:28:22 --> Model "Mauth" initialized
INFO - 2025-02-25 15:28:22 --> Model "Mconfigkey" initialized
ERROR - 2025-02-25 15:28:22 --> Severity: Warning --> array_merge(): Expected parameter 1 to be an array, null given D:\xampp\htdocs\plb\dummyservice\application\controllers\PortalApiPlb.php 64
INFO - 2025-02-25 15:28:22 --> Final output sent to browser
DEBUG - 2025-02-25 15:28:22 --> Total execution time: 0.8324
INFO - 2025-02-25 15:29:01 --> Config Class Initialized
INFO - 2025-02-25 15:29:01 --> Hooks Class Initialized
DEBUG - 2025-02-25 15:29:01 --> UTF-8 Support Enabled
INFO - 2025-02-25 15:29:01 --> Utf8 Class Initialized
INFO - 2025-02-25 15:29:01 --> URI Class Initialized
INFO - 2025-02-25 15:29:01 --> Router Class Initialized
INFO - 2025-02-25 15:29:01 --> Output Class Initialized
INFO - 2025-02-25 15:29:01 --> Security Class Initialized
DEBUG - 2025-02-25 15:29:01 --> Global POST, GET and COOKIE data sanitized
INFO - 2025-02-25 15:29:01 --> Input Class Initialized
INFO - 2025-02-25 15:29:01 --> Language Class Initialized
INFO - 2025-02-25 15:29:01 --> Loader Class Initialized
INFO - 2025-02-25 15:29:01 --> Helper loaded: url_helper
INFO - 2025-02-25 15:29:01 --> Database Driver Class Initialized
INFO - 2025-02-25 15:29:01 --> Controller Class Initialized
INFO - 2025-02-25 15:29:01 --> Model "Mauth" initialized
INFO - 2025-02-25 15:29:01 --> Model "Mconfigkey" initialized
ERROR - 2025-02-25 15:29:01 --> Severity: Warning --> array_merge(): Expected parameter 1 to be an array, null given D:\xampp\htdocs\plb\dummyservice\application\controllers\PortalApiPlb.php 64
INFO - 2025-02-25 15:29:02 --> Final output sent to browser
DEBUG - 2025-02-25 15:29:02 --> Total execution time: 0.2686
INFO - 2025-02-25 15:29:35 --> Config Class Initialized
INFO - 2025-02-25 15:29:35 --> Hooks Class Initialized
DEBUG - 2025-02-25 15:29:35 --> UTF-8 Support Enabled
INFO - 2025-02-25 15:29:35 --> Utf8 Class Initialized
INFO - 2025-02-25 15:29:35 --> URI Class Initialized
INFO - 2025-02-25 15:29:35 --> Router Class Initialized
INFO - 2025-02-25 15:29:35 --> Output Class Initialized
INFO - 2025-02-25 15:29:35 --> Security Class Initialized
DEBUG - 2025-02-25 15:29:35 --> Global POST, GET and COOKIE data sanitized
INFO - 2025-02-25 15:29:35 --> Input Class Initialized
INFO - 2025-02-25 15:29:35 --> Language Class Initialized
INFO - 2025-02-25 15:29:35 --> Loader Class Initialized
INFO - 2025-02-25 15:29:35 --> Helper loaded: url_helper
INFO - 2025-02-25 15:29:35 --> Database Driver Class Initialized
INFO - 2025-02-25 15:29:35 --> Controller Class Initialized
INFO - 2025-02-25 15:29:35 --> Model "Mauth" initialized
INFO - 2025-02-25 15:29:35 --> Model "Mconfigkey" initialized
ERROR - 2025-02-25 15:29:35 --> Severity: Warning --> array_merge(): Expected parameter 1 to be an array, null given D:\xampp\htdocs\plb\dummyservice\application\controllers\PortalApiPlb.php 64
INFO - 2025-02-25 15:29:35 --> Final output sent to browser
DEBUG - 2025-02-25 15:29:35 --> Total execution time: 0.5266
INFO - 2025-02-25 15:29:46 --> Config Class Initialized
INFO - 2025-02-25 15:29:46 --> Hooks Class Initialized
DEBUG - 2025-02-25 15:29:46 --> UTF-8 Support Enabled
INFO - 2025-02-25 15:29:46 --> Utf8 Class Initialized
INFO - 2025-02-25 15:29:46 --> URI Class Initialized
INFO - 2025-02-25 15:29:46 --> Router Class Initialized
INFO - 2025-02-25 15:29:46 --> Output Class Initialized
INFO - 2025-02-25 15:29:46 --> Security Class Initialized
DEBUG - 2025-02-25 15:29:46 --> Global POST, GET and COOKIE data sanitized
INFO - 2025-02-25 15:29:46 --> Input Class Initialized
INFO - 2025-02-25 15:29:46 --> Language Class Initialized
INFO - 2025-02-25 15:29:46 --> Loader Class Initialized
INFO - 2025-02-25 15:29:46 --> Helper loaded: url_helper
INFO - 2025-02-25 15:29:46 --> Database Driver Class Initialized
INFO - 2025-02-25 15:29:46 --> Controller Class Initialized
INFO - 2025-02-25 15:29:46 --> Model "Mauth" initialized
INFO - 2025-02-25 15:29:46 --> Model "Mconfigkey" initialized
ERROR - 2025-02-25 15:29:46 --> Severity: Warning --> array_merge(): Expected parameter 1 to be an array, null given D:\xampp\htdocs\plb\dummyservice\application\controllers\PortalApiPlb.php 64
INFO - 2025-02-25 15:29:48 --> Final output sent to browser
DEBUG - 2025-02-25 15:29:48 --> Total execution time: 1.8226
INFO - 2025-02-25 15:30:07 --> Config Class Initialized
INFO - 2025-02-25 15:30:07 --> Hooks Class Initialized
DEBUG - 2025-02-25 15:30:07 --> UTF-8 Support Enabled
INFO - 2025-02-25 15:30:07 --> Utf8 Class Initialized
INFO - 2025-02-25 15:30:07 --> URI Class Initialized
INFO - 2025-02-25 15:30:07 --> Router Class Initialized
INFO - 2025-02-25 15:30:07 --> Output Class Initialized
INFO - 2025-02-25 15:30:07 --> Security Class Initialized
DEBUG - 2025-02-25 15:30:07 --> Global POST, GET and COOKIE data sanitized
INFO - 2025-02-25 15:30:07 --> Input Class Initialized
INFO - 2025-02-25 15:30:07 --> Language Class Initialized
INFO - 2025-02-25 15:30:07 --> Loader Class Initialized
INFO - 2025-02-25 15:30:07 --> Helper loaded: url_helper
INFO - 2025-02-25 15:30:07 --> Database Driver Class Initialized
INFO - 2025-02-25 15:30:07 --> Controller Class Initialized
INFO - 2025-02-25 15:30:07 --> Model "Mauth" initialized
INFO - 2025-02-25 15:30:07 --> Model "Mconfigkey" initialized
ERROR - 2025-02-25 15:30:07 --> Severity: Warning --> array_merge(): Expected parameter 1 to be an array, null given D:\xampp\htdocs\plb\dummyservice\application\controllers\PortalApiPlb.php 64
INFO - 2025-02-25 15:30:08 --> Final output sent to browser
DEBUG - 2025-02-25 15:30:08 --> Total execution time: 0.7097
INFO - 2025-02-25 15:30:18 --> Config Class Initialized
INFO - 2025-02-25 15:30:18 --> Hooks Class Initialized
DEBUG - 2025-02-25 15:30:18 --> UTF-8 Support Enabled
INFO - 2025-02-25 15:30:18 --> Utf8 Class Initialized
INFO - 2025-02-25 15:30:18 --> URI Class Initialized
INFO - 2025-02-25 15:30:18 --> Router Class Initialized
INFO - 2025-02-25 15:30:18 --> Output Class Initialized
INFO - 2025-02-25 15:30:18 --> Security Class Initialized
DEBUG - 2025-02-25 15:30:18 --> Global POST, GET and COOKIE data sanitized
INFO - 2025-02-25 15:30:18 --> Input Class Initialized
INFO - 2025-02-25 15:30:18 --> Language Class Initialized
INFO - 2025-02-25 15:30:18 --> Loader Class Initialized
INFO - 2025-02-25 15:30:18 --> Helper loaded: url_helper
INFO - 2025-02-25 15:30:18 --> Database Driver Class Initialized
INFO - 2025-02-25 15:30:18 --> Controller Class Initialized
INFO - 2025-02-25 15:30:18 --> Model "Mauth" initialized
INFO - 2025-02-25 15:30:18 --> Model "Mconfigkey" initialized
INFO - 2025-02-25 15:30:19 --> Model "Mportal_data" initialized
ERROR - 2025-02-25 15:30:21 --> Severity: Warning --> Use of undefined constant nothing - assumed 'nothing' (this will throw an Error in a future version of PHP) D:\xampp\htdocs\plb\dummyservice\application\controllers\PortalApiPlb.php 318
ERROR - 2025-02-25 15:30:21 --> Severity: Warning --> array_key_exists() expects parameter 2 to be array, string given D:\xampp\htdocs\plb\dummyservice\application\controllers\PortalApiPlb.php 481
INFO - 2025-02-25 15:30:21 --> Final output sent to browser
DEBUG - 2025-02-25 15:30:21 --> Total execution time: 3.3902
INFO - 2025-02-25 15:31:11 --> Config Class Initialized
INFO - 2025-02-25 15:31:11 --> Hooks Class Initialized
DEBUG - 2025-02-25 15:31:11 --> UTF-8 Support Enabled
INFO - 2025-02-25 15:31:11 --> Utf8 Class Initialized
INFO - 2025-02-25 15:31:11 --> URI Class Initialized
INFO - 2025-02-25 15:31:11 --> Router Class Initialized
INFO - 2025-02-25 15:31:11 --> Output Class Initialized
INFO - 2025-02-25 15:31:11 --> Security Class Initialized
DEBUG - 2025-02-25 15:31:11 --> Global POST, GET and COOKIE data sanitized
INFO - 2025-02-25 15:31:11 --> Input Class Initialized
INFO - 2025-02-25 15:31:11 --> Language Class Initialized
INFO - 2025-02-25 15:31:11 --> Loader Class Initialized
INFO - 2025-02-25 15:31:11 --> Helper loaded: url_helper
INFO - 2025-02-25 15:31:11 --> Database Driver Class Initialized
INFO - 2025-02-25 15:31:11 --> Controller Class Initialized
INFO - 2025-02-25 15:31:11 --> Model "Mauth" initialized
INFO - 2025-02-25 15:31:11 --> Model "Mconfigkey" initialized
ERROR - 2025-02-25 15:31:11 --> Severity: Warning --> array_merge(): Expected parameter 1 to be an array, null given D:\xampp\htdocs\plb\dummyservice\application\controllers\PortalApiPlb.php 64
INFO - 2025-02-25 15:31:13 --> Final output sent to browser
DEBUG - 2025-02-25 15:31:13 --> Total execution time: 1.0935
INFO - 2025-02-25 15:31:17 --> Config Class Initialized
INFO - 2025-02-25 15:31:17 --> Hooks Class Initialized
DEBUG - 2025-02-25 15:31:17 --> UTF-8 Support Enabled
INFO - 2025-02-25 15:31:17 --> Utf8 Class Initialized
INFO - 2025-02-25 15:31:17 --> URI Class Initialized
INFO - 2025-02-25 15:31:17 --> Router Class Initialized
INFO - 2025-02-25 15:31:17 --> Output Class Initialized
INFO - 2025-02-25 15:31:17 --> Security Class Initialized
DEBUG - 2025-02-25 15:31:17 --> Global POST, GET and COOKIE data sanitized
INFO - 2025-02-25 15:31:17 --> Input Class Initialized
INFO - 2025-02-25 15:31:17 --> Language Class Initialized
INFO - 2025-02-25 15:31:17 --> Loader Class Initialized
INFO - 2025-02-25 15:31:17 --> Helper loaded: url_helper
INFO - 2025-02-25 15:31:17 --> Database Driver Class Initialized
INFO - 2025-02-25 15:31:17 --> Controller Class Initialized
INFO - 2025-02-25 15:31:17 --> Model "Mauth" initialized
INFO - 2025-02-25 15:31:17 --> Model "Mconfigkey" initialized
INFO - 2025-02-25 15:31:17 --> Model "Mportal_data" initialized
ERROR - 2025-02-25 15:31:19 --> Severity: Warning --> Use of undefined constant nothing - assumed 'nothing' (this will throw an Error in a future version of PHP) D:\xampp\htdocs\plb\dummyservice\application\controllers\PortalApiPlb.php 318
ERROR - 2025-02-25 15:31:19 --> Severity: Warning --> array_key_exists() expects parameter 2 to be array, string given D:\xampp\htdocs\plb\dummyservice\application\controllers\PortalApiPlb.php 481
INFO - 2025-02-25 15:31:19 --> Final output sent to browser
DEBUG - 2025-02-25 15:31:19 --> Total execution time: 1.6690
INFO - 2025-02-25 15:46:26 --> Config Class Initialized
INFO - 2025-02-25 15:46:26 --> Hooks Class Initialized
DEBUG - 2025-02-25 15:46:26 --> UTF-8 Support Enabled
INFO - 2025-02-25 15:46:26 --> Utf8 Class Initialized
INFO - 2025-02-25 15:46:26 --> URI Class Initialized
INFO - 2025-02-25 15:46:26 --> Router Class Initialized
INFO - 2025-02-25 15:46:26 --> Output Class Initialized
INFO - 2025-02-25 15:46:26 --> Security Class Initialized
DEBUG - 2025-02-25 15:46:26 --> Global POST, GET and COOKIE data sanitized
INFO - 2025-02-25 15:46:26 --> Input Class Initialized
INFO - 2025-02-25 15:46:26 --> Language Class Initialized
INFO - 2025-02-25 15:46:26 --> Loader Class Initialized
INFO - 2025-02-25 15:46:26 --> Helper loaded: url_helper
INFO - 2025-02-25 15:46:26 --> Database Driver Class Initialized
INFO - 2025-02-25 15:46:26 --> Controller Class Initialized
INFO - 2025-02-25 15:46:26 --> Model "Mauth" initialized
INFO - 2025-02-25 15:46:26 --> Model "Mconfigkey" initialized
ERROR - 2025-02-25 15:46:26 --> Severity: Warning --> array_merge(): Expected parameter 1 to be an array, null given D:\xampp\htdocs\plb\dummyservice\application\controllers\PortalApiPlb.php 64
INFO - 2025-02-25 15:46:28 --> Final output sent to browser
DEBUG - 2025-02-25 15:46:28 --> Total execution time: 2.1222
INFO - 2025-02-25 15:46:35 --> Config Class Initialized
INFO - 2025-02-25 15:46:35 --> Hooks Class Initialized
DEBUG - 2025-02-25 15:46:35 --> UTF-8 Support Enabled
INFO - 2025-02-25 15:46:35 --> Utf8 Class Initialized
INFO - 2025-02-25 15:46:35 --> URI Class Initialized
INFO - 2025-02-25 15:46:35 --> Router Class Initialized
INFO - 2025-02-25 15:46:35 --> Output Class Initialized
INFO - 2025-02-25 15:46:35 --> Security Class Initialized
DEBUG - 2025-02-25 15:46:35 --> Global POST, GET and COOKIE data sanitized
INFO - 2025-02-25 15:46:35 --> Input Class Initialized
INFO - 2025-02-25 15:46:35 --> Language Class Initialized
INFO - 2025-02-25 15:46:35 --> Loader Class Initialized
INFO - 2025-02-25 15:46:35 --> Helper loaded: url_helper
INFO - 2025-02-25 15:46:35 --> Database Driver Class Initialized
INFO - 2025-02-25 15:46:35 --> Controller Class Initialized
INFO - 2025-02-25 15:46:35 --> Model "Mauth" initialized
INFO - 2025-02-25 15:46:35 --> Model "Mconfigkey" initialized
INFO - 2025-02-25 15:46:35 --> Model "Mportal_data" initialized
ERROR - 2025-02-25 15:46:36 --> Severity: Warning --> Use of undefined constant nothing - assumed 'nothing' (this will throw an Error in a future version of PHP) D:\xampp\htdocs\plb\dummyservice\application\controllers\PortalApiPlb.php 318
ERROR - 2025-02-25 15:46:37 --> Severity: Warning --> array_key_exists() expects parameter 2 to be array, string given D:\xampp\htdocs\plb\dummyservice\application\controllers\PortalApiPlb.php 481
INFO - 2025-02-25 15:46:37 --> Final output sent to browser
DEBUG - 2025-02-25 15:46:37 --> Total execution time: 2.2969
INFO - 2025-02-25 15:46:41 --> Config Class Initialized
INFO - 2025-02-25 15:46:41 --> Hooks Class Initialized
DEBUG - 2025-02-25 15:46:41 --> UTF-8 Support Enabled
INFO - 2025-02-25 15:46:41 --> Utf8 Class Initialized
INFO - 2025-02-25 15:46:41 --> URI Class Initialized
INFO - 2025-02-25 15:46:41 --> Router Class Initialized
INFO - 2025-02-25 15:46:41 --> Output Class Initialized
INFO - 2025-02-25 15:46:41 --> Security Class Initialized
DEBUG - 2025-02-25 15:46:41 --> Global POST, GET and COOKIE data sanitized
INFO - 2025-02-25 15:46:41 --> Input Class Initialized
INFO - 2025-02-25 15:46:41 --> Language Class Initialized
INFO - 2025-02-25 15:46:41 --> Loader Class Initialized
INFO - 2025-02-25 15:46:41 --> Helper loaded: url_helper
INFO - 2025-02-25 15:46:41 --> Database Driver Class Initialized
INFO - 2025-02-25 15:46:41 --> Controller Class Initialized
INFO - 2025-02-25 15:46:41 --> Model "Mauth" initialized
INFO - 2025-02-25 15:46:41 --> Model "Mconfigkey" initialized
ERROR - 2025-02-25 15:46:41 --> Severity: Warning --> array_merge(): Expected parameter 1 to be an array, null given D:\xampp\htdocs\plb\dummyservice\application\controllers\PortalApiPlb.php 64
INFO - 2025-02-25 15:46:45 --> Final output sent to browser
DEBUG - 2025-02-25 15:46:45 --> Total execution time: 4.6850
INFO - 2025-02-25 15:46:49 --> Config Class Initialized
INFO - 2025-02-25 15:46:49 --> Hooks Class Initialized
DEBUG - 2025-02-25 15:46:49 --> UTF-8 Support Enabled
INFO - 2025-02-25 15:46:49 --> Utf8 Class Initialized
INFO - 2025-02-25 15:46:49 --> URI Class Initialized
INFO - 2025-02-25 15:46:49 --> Router Class Initialized
INFO - 2025-02-25 15:46:49 --> Output Class Initialized
INFO - 2025-02-25 15:46:49 --> Security Class Initialized
DEBUG - 2025-02-25 15:46:49 --> Global POST, GET and COOKIE data sanitized
INFO - 2025-02-25 15:46:49 --> Input Class Initialized
INFO - 2025-02-25 15:46:49 --> Language Class Initialized
INFO - 2025-02-25 15:46:49 --> Loader Class Initialized
INFO - 2025-02-25 15:46:49 --> Helper loaded: url_helper
INFO - 2025-02-25 15:46:49 --> Database Driver Class Initialized
INFO - 2025-02-25 15:46:49 --> Controller Class Initialized
INFO - 2025-02-25 15:46:49 --> Model "Mauth" initialized
INFO - 2025-02-25 15:46:49 --> Model "Mconfigkey" initialized
INFO - 2025-02-25 15:46:50 --> Model "Mportal_data" initialized
ERROR - 2025-02-25 15:46:51 --> Severity: Warning --> Use of undefined constant nothing - assumed 'nothing' (this will throw an Error in a future version of PHP) D:\xampp\htdocs\plb\dummyservice\application\controllers\PortalApiPlb.php 318
ERROR - 2025-02-25 15:46:51 --> Severity: Warning --> array_key_exists() expects parameter 2 to be array, string given D:\xampp\htdocs\plb\dummyservice\application\controllers\PortalApiPlb.php 481
INFO - 2025-02-25 15:46:51 --> Final output sent to browser
DEBUG - 2025-02-25 15:46:51 --> Total execution time: 2.9245
