INFO - 2025-05-27 12:13:35 --> Config Class Initialized
INFO - 2025-05-27 12:13:35 --> Hooks Class Initialized
DEBUG - 2025-05-27 12:13:36 --> UTF-8 Support Enabled
INFO - 2025-05-27 12:13:36 --> Utf8 Class Initialized
INFO - 2025-05-27 12:13:36 --> URI Class Initialized
INFO - 2025-05-27 12:13:36 --> Router Class Initialized
INFO - 2025-05-27 12:13:36 --> Output Class Initialized
INFO - 2025-05-27 12:13:36 --> Security Class Initialized
DEBUG - 2025-05-27 12:13:36 --> Global POST, GET and COOKIE data sanitized
INFO - 2025-05-27 12:13:36 --> Input Class Initialized
INFO - 2025-05-27 12:13:36 --> Language Class Initialized
INFO - 2025-05-27 12:13:36 --> Loader Class Initialized
INFO - 2025-05-27 12:13:36 --> Helper loaded: url_helper
INFO - 2025-05-27 12:13:36 --> Database Driver Class Initialized
INFO - 2025-05-27 12:13:36 --> Controller Class Initialized
INFO - 2025-05-27 12:13:36 --> Model "Mconfigkey" initialized
INFO - 2025-05-27 12:13:36 --> Final output sent to browser
DEBUG - 2025-05-27 12:13:36 --> Total execution time: 0.6840
INFO - 2025-05-27 12:34:07 --> Config Class Initialized
INFO - 2025-05-27 12:34:07 --> Hooks Class Initialized
DEBUG - 2025-05-27 12:34:07 --> UTF-8 Support Enabled
INFO - 2025-05-27 12:34:07 --> Utf8 Class Initialized
INFO - 2025-05-27 12:34:07 --> URI Class Initialized
INFO - 2025-05-27 12:34:07 --> Router Class Initialized
INFO - 2025-05-27 12:34:07 --> Output Class Initialized
INFO - 2025-05-27 12:34:07 --> Security Class Initialized
DEBUG - 2025-05-27 12:34:07 --> Global POST, GET and COOKIE data sanitized
INFO - 2025-05-27 12:34:07 --> Input Class Initialized
INFO - 2025-05-27 12:34:07 --> Language Class Initialized
INFO - 2025-05-27 12:34:07 --> Loader Class Initialized
INFO - 2025-05-27 12:34:07 --> Helper loaded: url_helper
INFO - 2025-05-27 12:34:07 --> Database Driver Class Initialized
INFO - 2025-05-27 12:34:07 --> Controller Class Initialized
INFO - 2025-05-27 12:34:07 --> Model "Mauth" initialized
INFO - 2025-05-27 12:34:07 --> Model "Mconfigkey" initialized
INFO - 2025-05-27 12:34:07 --> Final output sent to browser
DEBUG - 2025-05-27 12:34:07 --> Total execution time: 0.0495
INFO - 2025-05-27 12:34:32 --> Config Class Initialized
INFO - 2025-05-27 12:34:32 --> Hooks Class Initialized
DEBUG - 2025-05-27 12:34:32 --> UTF-8 Support Enabled
INFO - 2025-05-27 12:34:32 --> Utf8 Class Initialized
INFO - 2025-05-27 12:34:32 --> URI Class Initialized
INFO - 2025-05-27 12:34:32 --> Router Class Initialized
INFO - 2025-05-27 12:34:32 --> Output Class Initialized
INFO - 2025-05-27 12:34:32 --> Security Class Initialized
DEBUG - 2025-05-27 12:34:32 --> Global POST, GET and COOKIE data sanitized
INFO - 2025-05-27 12:34:32 --> Input Class Initialized
INFO - 2025-05-27 12:34:32 --> Language Class Initialized
INFO - 2025-05-27 12:34:32 --> Loader Class Initialized
INFO - 2025-05-27 12:34:32 --> Helper loaded: url_helper
INFO - 2025-05-27 12:34:32 --> Database Driver Class Initialized
INFO - 2025-05-27 12:34:32 --> Controller Class Initialized
INFO - 2025-05-27 12:34:32 --> Model "Mconfigkey" initialized
INFO - 2025-05-27 12:34:32 --> Model "Mext_rpt_stock_card" initialized
INFO - 2025-05-27 12:34:32 --> Final output sent to browser
DEBUG - 2025-05-27 12:34:32 --> Total execution time: 0.2665
INFO - 2025-05-27 12:35:28 --> Config Class Initialized
INFO - 2025-05-27 12:35:28 --> Hooks Class Initialized
DEBUG - 2025-05-27 12:35:28 --> UTF-8 Support Enabled
INFO - 2025-05-27 12:35:28 --> Utf8 Class Initialized
INFO - 2025-05-27 12:35:28 --> URI Class Initialized
INFO - 2025-05-27 12:35:28 --> Router Class Initialized
INFO - 2025-05-27 12:35:28 --> Output Class Initialized
INFO - 2025-05-27 12:35:28 --> Security Class Initialized
DEBUG - 2025-05-27 12:35:28 --> Global POST, GET and COOKIE data sanitized
INFO - 2025-05-27 12:35:28 --> Input Class Initialized
INFO - 2025-05-27 12:35:28 --> Language Class Initialized
INFO - 2025-05-27 12:35:28 --> Loader Class Initialized
INFO - 2025-05-27 12:35:28 --> Helper loaded: url_helper
INFO - 2025-05-27 12:35:28 --> Database Driver Class Initialized
INFO - 2025-05-27 12:35:28 --> Controller Class Initialized
INFO - 2025-05-27 12:35:28 --> Model "Mconfigkey" initialized
INFO - 2025-05-27 12:35:28 --> Final output sent to browser
DEBUG - 2025-05-27 12:35:28 --> Total execution time: 0.0231
INFO - 2025-05-27 12:35:35 --> Config Class Initialized
INFO - 2025-05-27 12:35:35 --> Hooks Class Initialized
DEBUG - 2025-05-27 12:35:35 --> UTF-8 Support Enabled
INFO - 2025-05-27 12:35:35 --> Utf8 Class Initialized
INFO - 2025-05-27 12:35:35 --> URI Class Initialized
INFO - 2025-05-27 12:35:35 --> Router Class Initialized
INFO - 2025-05-27 12:35:35 --> Output Class Initialized
INFO - 2025-05-27 12:35:35 --> Security Class Initialized
DEBUG - 2025-05-27 12:35:35 --> Global POST, GET and COOKIE data sanitized
INFO - 2025-05-27 12:35:35 --> Input Class Initialized
INFO - 2025-05-27 12:35:35 --> Language Class Initialized
INFO - 2025-05-27 12:35:35 --> Loader Class Initialized
INFO - 2025-05-27 12:35:35 --> Helper loaded: url_helper
INFO - 2025-05-27 12:35:35 --> Database Driver Class Initialized
INFO - 2025-05-27 12:35:35 --> Controller Class Initialized
INFO - 2025-05-27 12:35:35 --> Model "Mauth" initialized
INFO - 2025-05-27 12:35:35 --> Model "Mconfigkey" initialized
INFO - 2025-05-27 12:35:35 --> Final output sent to browser
DEBUG - 2025-05-27 12:35:35 --> Total execution time: 0.0265
INFO - 2025-05-27 12:35:42 --> Config Class Initialized
INFO - 2025-05-27 12:35:42 --> Hooks Class Initialized
DEBUG - 2025-05-27 12:35:42 --> UTF-8 Support Enabled
INFO - 2025-05-27 12:35:42 --> Utf8 Class Initialized
INFO - 2025-05-27 12:35:42 --> URI Class Initialized
INFO - 2025-05-27 12:35:42 --> Router Class Initialized
INFO - 2025-05-27 12:35:42 --> Output Class Initialized
INFO - 2025-05-27 12:35:42 --> Security Class Initialized
DEBUG - 2025-05-27 12:35:42 --> Global POST, GET and COOKIE data sanitized
INFO - 2025-05-27 12:35:42 --> Input Class Initialized
INFO - 2025-05-27 12:35:42 --> Language Class Initialized
INFO - 2025-05-27 12:35:42 --> Loader Class Initialized
INFO - 2025-05-27 12:35:42 --> Helper loaded: url_helper
INFO - 2025-05-27 12:35:42 --> Database Driver Class Initialized
INFO - 2025-05-27 12:35:42 --> Controller Class Initialized
INFO - 2025-05-27 12:35:42 --> Model "Mconfigkey" initialized
INFO - 2025-05-27 12:35:42 --> Model "Mext_rpt_pemasukan" initialized
INFO - 2025-05-27 12:35:42 --> Final output sent to browser
DEBUG - 2025-05-27 12:35:42 --> Total execution time: 0.9217
INFO - 2025-05-27 12:36:05 --> Config Class Initialized
INFO - 2025-05-27 12:36:05 --> Hooks Class Initialized
DEBUG - 2025-05-27 12:36:05 --> UTF-8 Support Enabled
INFO - 2025-05-27 12:36:05 --> Utf8 Class Initialized
INFO - 2025-05-27 12:36:05 --> URI Class Initialized
INFO - 2025-05-27 12:36:05 --> Router Class Initialized
INFO - 2025-05-27 12:36:05 --> Output Class Initialized
INFO - 2025-05-27 12:36:05 --> Security Class Initialized
DEBUG - 2025-05-27 12:36:05 --> Global POST, GET and COOKIE data sanitized
INFO - 2025-05-27 12:36:05 --> Input Class Initialized
INFO - 2025-05-27 12:36:05 --> Language Class Initialized
INFO - 2025-05-27 12:36:05 --> Loader Class Initialized
INFO - 2025-05-27 12:36:05 --> Helper loaded: url_helper
INFO - 2025-05-27 12:36:05 --> Database Driver Class Initialized
INFO - 2025-05-27 12:36:05 --> Controller Class Initialized
INFO - 2025-05-27 12:36:05 --> Model "Mconfigkey" initialized
INFO - 2025-05-27 12:36:05 --> Model "Mext_rpt_stock_card" initialized
INFO - 2025-05-27 12:36:05 --> Final output sent to browser
DEBUG - 2025-05-27 12:36:05 --> Total execution time: 0.2669
INFO - 2025-05-27 15:15:35 --> Config Class Initialized
INFO - 2025-05-27 15:15:35 --> Hooks Class Initialized
DEBUG - 2025-05-27 15:15:35 --> UTF-8 Support Enabled
INFO - 2025-05-27 15:15:35 --> Utf8 Class Initialized
INFO - 2025-05-27 15:15:35 --> URI Class Initialized
INFO - 2025-05-27 15:15:35 --> Router Class Initialized
INFO - 2025-05-27 15:15:35 --> Output Class Initialized
INFO - 2025-05-27 15:15:35 --> Security Class Initialized
DEBUG - 2025-05-27 15:15:35 --> Global POST, GET and COOKIE data sanitized
INFO - 2025-05-27 15:15:35 --> Input Class Initialized
INFO - 2025-05-27 15:15:35 --> Language Class Initialized
INFO - 2025-05-27 15:15:35 --> Loader Class Initialized
INFO - 2025-05-27 15:15:35 --> Helper loaded: url_helper
INFO - 2025-05-27 15:15:35 --> Database Driver Class Initialized
INFO - 2025-05-27 15:15:35 --> Controller Class Initialized
INFO - 2025-05-27 15:15:35 --> Model "Mconfigkey" initialized
INFO - 2025-05-27 15:15:35 --> Final output sent to browser
DEBUG - 2025-05-27 15:15:35 --> Total execution time: 0.0227
INFO - 2025-05-27 15:52:40 --> Config Class Initialized
INFO - 2025-05-27 15:52:40 --> Hooks Class Initialized
DEBUG - 2025-05-27 15:52:40 --> UTF-8 Support Enabled
INFO - 2025-05-27 15:52:40 --> Utf8 Class Initialized
INFO - 2025-05-27 15:52:40 --> URI Class Initialized
INFO - 2025-05-27 15:52:40 --> Router Class Initialized
INFO - 2025-05-27 15:52:40 --> Output Class Initialized
INFO - 2025-05-27 15:52:40 --> Security Class Initialized
DEBUG - 2025-05-27 15:52:40 --> Global POST, GET and COOKIE data sanitized
INFO - 2025-05-27 15:52:40 --> Input Class Initialized
INFO - 2025-05-27 15:52:40 --> Language Class Initialized
INFO - 2025-05-27 15:52:40 --> Loader Class Initialized
INFO - 2025-05-27 15:52:40 --> Helper loaded: url_helper
INFO - 2025-05-27 15:52:40 --> Database Driver Class Initialized
INFO - 2025-05-27 15:52:40 --> Controller Class Initialized
INFO - 2025-05-27 15:52:40 --> Model "Mconfigkey" initialized
INFO - 2025-05-27 15:52:40 --> Final output sent to browser
DEBUG - 2025-05-27 15:52:40 --> Total execution time: 0.0288
INFO - 2025-05-27 21:06:15 --> Config Class Initialized
INFO - 2025-05-27 21:06:15 --> Hooks Class Initialized
DEBUG - 2025-05-27 21:06:15 --> UTF-8 Support Enabled
INFO - 2025-05-27 21:06:15 --> Utf8 Class Initialized
INFO - 2025-05-27 21:06:15 --> URI Class Initialized
INFO - 2025-05-27 21:06:15 --> Router Class Initialized
INFO - 2025-05-27 21:06:15 --> Output Class Initialized
INFO - 2025-05-27 21:06:15 --> Security Class Initialized
DEBUG - 2025-05-27 21:06:15 --> Global POST, GET and COOKIE data sanitized
INFO - 2025-05-27 21:06:15 --> Input Class Initialized
INFO - 2025-05-27 21:06:15 --> Language Class Initialized
INFO - 2025-05-27 21:06:15 --> Loader Class Initialized
INFO - 2025-05-27 21:06:15 --> Helper loaded: url_helper
INFO - 2025-05-27 21:06:15 --> Database Driver Class Initialized
INFO - 2025-05-27 21:06:15 --> Controller Class Initialized
INFO - 2025-05-27 21:06:15 --> Model "Mconfigkey" initialized
INFO - 2025-05-27 21:06:15 --> Final output sent to browser
DEBUG - 2025-05-27 21:06:15 --> Total execution time: 0.0224
INFO - 2025-05-27 21:06:22 --> Config Class Initialized
INFO - 2025-05-27 21:06:22 --> Hooks Class Initialized
DEBUG - 2025-05-27 21:06:22 --> UTF-8 Support Enabled
INFO - 2025-05-27 21:06:22 --> Utf8 Class Initialized
INFO - 2025-05-27 21:06:22 --> URI Class Initialized
INFO - 2025-05-27 21:06:22 --> Router Class Initialized
INFO - 2025-05-27 21:06:22 --> Output Class Initialized
INFO - 2025-05-27 21:06:22 --> Security Class Initialized
DEBUG - 2025-05-27 21:06:22 --> Global POST, GET and COOKIE data sanitized
INFO - 2025-05-27 21:06:22 --> Input Class Initialized
INFO - 2025-05-27 21:06:22 --> Language Class Initialized
INFO - 2025-05-27 21:06:22 --> Loader Class Initialized
INFO - 2025-05-27 21:06:22 --> Helper loaded: url_helper
INFO - 2025-05-27 21:06:22 --> Database Driver Class Initialized
INFO - 2025-05-27 21:06:22 --> Controller Class Initialized
INFO - 2025-05-27 21:06:22 --> Model "Mauth" initialized
INFO - 2025-05-27 21:06:22 --> Model "Mconfigkey" initialized
INFO - 2025-05-27 21:06:22 --> Final output sent to browser
DEBUG - 2025-05-27 21:06:22 --> Total execution time: 0.0272
INFO - 2025-05-27 21:06:29 --> Config Class Initialized
INFO - 2025-05-27 21:06:29 --> Hooks Class Initialized
DEBUG - 2025-05-27 21:06:29 --> UTF-8 Support Enabled
INFO - 2025-05-27 21:06:29 --> Utf8 Class Initialized
INFO - 2025-05-27 21:06:29 --> URI Class Initialized
INFO - 2025-05-27 21:06:29 --> Router Class Initialized
INFO - 2025-05-27 21:06:29 --> Output Class Initialized
INFO - 2025-05-27 21:06:29 --> Security Class Initialized
DEBUG - 2025-05-27 21:06:29 --> Global POST, GET and COOKIE data sanitized
INFO - 2025-05-27 21:06:29 --> Input Class Initialized
INFO - 2025-05-27 21:06:29 --> Language Class Initialized
INFO - 2025-05-27 21:06:29 --> Loader Class Initialized
INFO - 2025-05-27 21:06:29 --> Helper loaded: url_helper
INFO - 2025-05-27 21:06:29 --> Database Driver Class Initialized
INFO - 2025-05-27 21:06:29 --> Controller Class Initialized
INFO - 2025-05-27 21:06:29 --> Model "Mconfigkey" initialized
INFO - 2025-05-27 21:06:29 --> Model "Mext_rpt_stock_card" initialized
INFO - 2025-05-27 21:06:29 --> Final output sent to browser
DEBUG - 2025-05-27 21:06:29 --> Total execution time: 0.3372
INFO - 2025-05-27 21:17:59 --> Config Class Initialized
INFO - 2025-05-27 21:17:59 --> Hooks Class Initialized
DEBUG - 2025-05-27 21:17:59 --> UTF-8 Support Enabled
INFO - 2025-05-27 21:17:59 --> Utf8 Class Initialized
INFO - 2025-05-27 21:17:59 --> URI Class Initialized
INFO - 2025-05-27 21:17:59 --> Router Class Initialized
INFO - 2025-05-27 21:17:59 --> Output Class Initialized
INFO - 2025-05-27 21:17:59 --> Security Class Initialized
DEBUG - 2025-05-27 21:17:59 --> Global POST, GET and COOKIE data sanitized
INFO - 2025-05-27 21:17:59 --> Input Class Initialized
INFO - 2025-05-27 21:17:59 --> Language Class Initialized
INFO - 2025-05-27 21:17:59 --> Loader Class Initialized
INFO - 2025-05-27 21:17:59 --> Helper loaded: url_helper
INFO - 2025-05-27 21:17:59 --> Database Driver Class Initialized
INFO - 2025-05-27 21:17:59 --> Controller Class Initialized
INFO - 2025-05-27 21:17:59 --> Model "Mconfigkey" initialized
INFO - 2025-05-27 21:17:59 --> Final output sent to browser
DEBUG - 2025-05-27 21:17:59 --> Total execution time: 0.0251
INFO - 2025-05-27 21:18:04 --> Config Class Initialized
INFO - 2025-05-27 21:18:04 --> Hooks Class Initialized
DEBUG - 2025-05-27 21:18:04 --> UTF-8 Support Enabled
INFO - 2025-05-27 21:18:04 --> Utf8 Class Initialized
INFO - 2025-05-27 21:18:04 --> URI Class Initialized
INFO - 2025-05-27 21:18:04 --> Router Class Initialized
INFO - 2025-05-27 21:18:04 --> Output Class Initialized
INFO - 2025-05-27 21:18:04 --> Security Class Initialized
DEBUG - 2025-05-27 21:18:04 --> Global POST, GET and COOKIE data sanitized
INFO - 2025-05-27 21:18:04 --> Input Class Initialized
INFO - 2025-05-27 21:18:04 --> Language Class Initialized
INFO - 2025-05-27 21:18:04 --> Loader Class Initialized
INFO - 2025-05-27 21:18:04 --> Helper loaded: url_helper
INFO - 2025-05-27 21:18:04 --> Database Driver Class Initialized
INFO - 2025-05-27 21:18:04 --> Controller Class Initialized
INFO - 2025-05-27 21:18:04 --> Model "Mauth" initialized
INFO - 2025-05-27 21:18:04 --> Model "Mconfigkey" initialized
INFO - 2025-05-27 21:18:04 --> Final output sent to browser
DEBUG - 2025-05-27 21:18:04 --> Total execution time: 0.0295
INFO - 2025-05-27 21:18:10 --> Config Class Initialized
INFO - 2025-05-27 21:18:10 --> Hooks Class Initialized
DEBUG - 2025-05-27 21:18:10 --> UTF-8 Support Enabled
INFO - 2025-05-27 21:18:10 --> Utf8 Class Initialized
INFO - 2025-05-27 21:18:10 --> URI Class Initialized
INFO - 2025-05-27 21:18:10 --> Router Class Initialized
INFO - 2025-05-27 21:18:10 --> Output Class Initialized
INFO - 2025-05-27 21:18:10 --> Security Class Initialized
DEBUG - 2025-05-27 21:18:10 --> Global POST, GET and COOKIE data sanitized
INFO - 2025-05-27 21:18:10 --> Input Class Initialized
INFO - 2025-05-27 21:18:10 --> Language Class Initialized
INFO - 2025-05-27 21:18:10 --> Loader Class Initialized
INFO - 2025-05-27 21:18:10 --> Helper loaded: url_helper
INFO - 2025-05-27 21:18:10 --> Database Driver Class Initialized
INFO - 2025-05-27 21:18:10 --> Controller Class Initialized
INFO - 2025-05-27 21:18:10 --> Model "Mconfigkey" initialized
INFO - 2025-05-27 21:18:10 --> Model "Msync_delivery_instruction" initialized
INFO - 2025-05-27 21:18:10 --> Final output sent to browser
DEBUG - 2025-05-27 21:18:10 --> Total execution time: 0.0694
INFO - 2025-05-27 21:18:15 --> Config Class Initialized
INFO - 2025-05-27 21:18:15 --> Hooks Class Initialized
DEBUG - 2025-05-27 21:18:15 --> UTF-8 Support Enabled
INFO - 2025-05-27 21:18:15 --> Utf8 Class Initialized
INFO - 2025-05-27 21:18:15 --> URI Class Initialized
INFO - 2025-05-27 21:18:15 --> Router Class Initialized
INFO - 2025-05-27 21:18:15 --> Output Class Initialized
INFO - 2025-05-27 21:18:15 --> Security Class Initialized
DEBUG - 2025-05-27 21:18:15 --> Global POST, GET and COOKIE data sanitized
INFO - 2025-05-27 21:18:15 --> Input Class Initialized
INFO - 2025-05-27 21:18:15 --> Language Class Initialized
INFO - 2025-05-27 21:18:15 --> Loader Class Initialized
INFO - 2025-05-27 21:18:15 --> Helper loaded: url_helper
INFO - 2025-05-27 21:18:15 --> Database Driver Class Initialized
INFO - 2025-05-27 21:18:15 --> Controller Class Initialized
INFO - 2025-05-27 21:18:15 --> Model "Mconfigkey" initialized
INFO - 2025-05-27 21:18:16 --> Model "Mgoods_delivery" initialized
INFO - 2025-05-27 21:18:16 --> Final output sent to browser
DEBUG - 2025-05-27 21:18:16 --> Total execution time: 0.0921
INFO - 2025-05-27 21:18:18 --> Config Class Initialized
INFO - 2025-05-27 21:18:18 --> Hooks Class Initialized
DEBUG - 2025-05-27 21:18:18 --> UTF-8 Support Enabled
INFO - 2025-05-27 21:18:18 --> Utf8 Class Initialized
INFO - 2025-05-27 21:18:18 --> URI Class Initialized
INFO - 2025-05-27 21:18:18 --> Router Class Initialized
INFO - 2025-05-27 21:18:18 --> Output Class Initialized
INFO - 2025-05-27 21:18:18 --> Security Class Initialized
DEBUG - 2025-05-27 21:18:18 --> Global POST, GET and COOKIE data sanitized
INFO - 2025-05-27 21:18:18 --> Input Class Initialized
INFO - 2025-05-27 21:18:18 --> Language Class Initialized
INFO - 2025-05-27 21:18:18 --> Loader Class Initialized
INFO - 2025-05-27 21:18:18 --> Helper loaded: url_helper
INFO - 2025-05-27 21:18:18 --> Database Driver Class Initialized
INFO - 2025-05-27 21:18:18 --> Controller Class Initialized
INFO - 2025-05-27 21:18:18 --> Model "Mconfigkey" initialized
INFO - 2025-05-27 21:18:18 --> Model "Mgoods_delivery" initialized
INFO - 2025-05-27 21:18:18 --> Final output sent to browser
DEBUG - 2025-05-27 21:18:18 --> Total execution time: 0.0345
INFO - 2025-05-27 21:18:28 --> Config Class Initialized
INFO - 2025-05-27 21:18:28 --> Hooks Class Initialized
DEBUG - 2025-05-27 21:18:28 --> UTF-8 Support Enabled
INFO - 2025-05-27 21:18:28 --> Utf8 Class Initialized
INFO - 2025-05-27 21:18:28 --> URI Class Initialized
INFO - 2025-05-27 21:18:28 --> Router Class Initialized
INFO - 2025-05-27 21:18:28 --> Output Class Initialized
INFO - 2025-05-27 21:18:28 --> Security Class Initialized
DEBUG - 2025-05-27 21:18:28 --> Global POST, GET and COOKIE data sanitized
INFO - 2025-05-27 21:18:28 --> Input Class Initialized
INFO - 2025-05-27 21:18:28 --> Language Class Initialized
INFO - 2025-05-27 21:18:28 --> Loader Class Initialized
INFO - 2025-05-27 21:18:28 --> Helper loaded: url_helper
INFO - 2025-05-27 21:18:28 --> Database Driver Class Initialized
INFO - 2025-05-27 21:18:28 --> Controller Class Initialized
INFO - 2025-05-27 21:18:28 --> Model "Mconfigkey" initialized
INFO - 2025-05-27 21:18:28 --> Model "Mgoods_delivery" initialized
INFO - 2025-05-27 21:18:30 --> Final output sent to browser
DEBUG - 2025-05-27 21:18:30 --> Total execution time: 2.3515
INFO - 2025-05-27 21:18:35 --> Config Class Initialized
INFO - 2025-05-27 21:18:35 --> Hooks Class Initialized
DEBUG - 2025-05-27 21:18:35 --> UTF-8 Support Enabled
INFO - 2025-05-27 21:18:35 --> Utf8 Class Initialized
INFO - 2025-05-27 21:18:35 --> URI Class Initialized
INFO - 2025-05-27 21:18:35 --> Router Class Initialized
INFO - 2025-05-27 21:18:35 --> Output Class Initialized
INFO - 2025-05-27 21:18:35 --> Security Class Initialized
DEBUG - 2025-05-27 21:18:35 --> Global POST, GET and COOKIE data sanitized
INFO - 2025-05-27 21:18:35 --> Input Class Initialized
INFO - 2025-05-27 21:18:35 --> Language Class Initialized
INFO - 2025-05-27 21:18:35 --> Loader Class Initialized
INFO - 2025-05-27 21:18:35 --> Helper loaded: url_helper
INFO - 2025-05-27 21:18:35 --> Database Driver Class Initialized
INFO - 2025-05-27 21:18:35 --> Controller Class Initialized
INFO - 2025-05-27 21:18:35 --> Model "Mconfigkey" initialized
INFO - 2025-05-27 21:18:35 --> Model "Mgoods_delivery" initialized
INFO - 2025-05-27 21:18:37 --> Final output sent to browser
DEBUG - 2025-05-27 21:18:37 --> Total execution time: 2.3440
INFO - 2025-05-27 21:18:49 --> Config Class Initialized
INFO - 2025-05-27 21:18:49 --> Hooks Class Initialized
DEBUG - 2025-05-27 21:18:49 --> UTF-8 Support Enabled
INFO - 2025-05-27 21:18:49 --> Utf8 Class Initialized
INFO - 2025-05-27 21:18:49 --> URI Class Initialized
INFO - 2025-05-27 21:18:49 --> Router Class Initialized
INFO - 2025-05-27 21:18:49 --> Output Class Initialized
INFO - 2025-05-27 21:18:49 --> Security Class Initialized
DEBUG - 2025-05-27 21:18:49 --> Global POST, GET and COOKIE data sanitized
INFO - 2025-05-27 21:18:49 --> Input Class Initialized
INFO - 2025-05-27 21:18:49 --> Language Class Initialized
INFO - 2025-05-27 21:18:49 --> Loader Class Initialized
INFO - 2025-05-27 21:18:49 --> Helper loaded: url_helper
INFO - 2025-05-27 21:18:49 --> Database Driver Class Initialized
INFO - 2025-05-27 21:18:49 --> Controller Class Initialized
INFO - 2025-05-27 21:18:49 --> Model "Mconfigkey" initialized
INFO - 2025-05-27 21:18:49 --> Model "Mgoods_delivery" initialized
INFO - 2025-05-27 21:18:51 --> Final output sent to browser
DEBUG - 2025-05-27 21:18:51 --> Total execution time: 2.1877
INFO - 2025-05-27 21:19:03 --> Config Class Initialized
INFO - 2025-05-27 21:19:03 --> Hooks Class Initialized
DEBUG - 2025-05-27 21:19:03 --> UTF-8 Support Enabled
INFO - 2025-05-27 21:19:03 --> Utf8 Class Initialized
INFO - 2025-05-27 21:19:03 --> URI Class Initialized
INFO - 2025-05-27 21:19:03 --> Router Class Initialized
INFO - 2025-05-27 21:19:03 --> Output Class Initialized
INFO - 2025-05-27 21:19:03 --> Security Class Initialized
DEBUG - 2025-05-27 21:19:03 --> Global POST, GET and COOKIE data sanitized
INFO - 2025-05-27 21:19:03 --> Input Class Initialized
INFO - 2025-05-27 21:19:03 --> Language Class Initialized
INFO - 2025-05-27 21:19:03 --> Loader Class Initialized
INFO - 2025-05-27 21:19:03 --> Helper loaded: url_helper
INFO - 2025-05-27 21:19:03 --> Database Driver Class Initialized
INFO - 2025-05-27 21:19:03 --> Controller Class Initialized
INFO - 2025-05-27 21:19:03 --> Model "Mconfigkey" initialized
INFO - 2025-05-27 21:19:03 --> Model "Mgoods_control" initialized
INFO - 2025-05-27 21:19:03 --> Final output sent to browser
DEBUG - 2025-05-27 21:19:03 --> Total execution time: 0.0366
INFO - 2025-05-27 21:19:11 --> Config Class Initialized
INFO - 2025-05-27 21:19:11 --> Hooks Class Initialized
DEBUG - 2025-05-27 21:19:11 --> UTF-8 Support Enabled
INFO - 2025-05-27 21:19:11 --> Utf8 Class Initialized
INFO - 2025-05-27 21:19:11 --> URI Class Initialized
INFO - 2025-05-27 21:19:11 --> Router Class Initialized
INFO - 2025-05-27 21:19:11 --> Output Class Initialized
INFO - 2025-05-27 21:19:11 --> Security Class Initialized
DEBUG - 2025-05-27 21:19:11 --> Global POST, GET and COOKIE data sanitized
INFO - 2025-05-27 21:19:11 --> Input Class Initialized
INFO - 2025-05-27 21:19:11 --> Language Class Initialized
INFO - 2025-05-27 21:19:11 --> Loader Class Initialized
INFO - 2025-05-27 21:19:11 --> Helper loaded: url_helper
INFO - 2025-05-27 21:19:11 --> Database Driver Class Initialized
INFO - 2025-05-27 21:19:11 --> Controller Class Initialized
INFO - 2025-05-27 21:19:11 --> Model "Mconfigkey" initialized
INFO - 2025-05-27 21:19:11 --> Model "Msto_goods" initialized
INFO - 2025-05-27 21:19:11 --> Final output sent to browser
DEBUG - 2025-05-27 21:19:11 --> Total execution time: 0.1031
INFO - 2025-05-27 21:19:14 --> Config Class Initialized
INFO - 2025-05-27 21:19:14 --> Hooks Class Initialized
DEBUG - 2025-05-27 21:19:14 --> UTF-8 Support Enabled
INFO - 2025-05-27 21:19:14 --> Utf8 Class Initialized
INFO - 2025-05-27 21:19:14 --> URI Class Initialized
INFO - 2025-05-27 21:19:14 --> Router Class Initialized
INFO - 2025-05-27 21:19:14 --> Output Class Initialized
INFO - 2025-05-27 21:19:14 --> Security Class Initialized
DEBUG - 2025-05-27 21:19:14 --> Global POST, GET and COOKIE data sanitized
INFO - 2025-05-27 21:19:14 --> Input Class Initialized
INFO - 2025-05-27 21:19:14 --> Language Class Initialized
INFO - 2025-05-27 21:19:14 --> Loader Class Initialized
INFO - 2025-05-27 21:19:14 --> Helper loaded: url_helper
INFO - 2025-05-27 21:19:14 --> Database Driver Class Initialized
INFO - 2025-05-27 21:19:14 --> Controller Class Initialized
INFO - 2025-05-27 21:19:14 --> Model "Mconfigkey" initialized
INFO - 2025-05-27 21:19:14 --> Model "Msto_goods" initialized
INFO - 2025-05-27 21:19:14 --> Final output sent to browser
DEBUG - 2025-05-27 21:19:14 --> Total execution time: 0.0885
INFO - 2025-05-27 21:19:27 --> Config Class Initialized
INFO - 2025-05-27 21:19:27 --> Hooks Class Initialized
DEBUG - 2025-05-27 21:19:27 --> UTF-8 Support Enabled
INFO - 2025-05-27 21:19:27 --> Utf8 Class Initialized
INFO - 2025-05-27 21:19:27 --> URI Class Initialized
INFO - 2025-05-27 21:19:27 --> Router Class Initialized
INFO - 2025-05-27 21:19:27 --> Output Class Initialized
INFO - 2025-05-27 21:19:27 --> Security Class Initialized
DEBUG - 2025-05-27 21:19:27 --> Global POST, GET and COOKIE data sanitized
INFO - 2025-05-27 21:19:27 --> Input Class Initialized
INFO - 2025-05-27 21:19:27 --> Language Class Initialized
INFO - 2025-05-27 21:19:27 --> Loader Class Initialized
INFO - 2025-05-27 21:19:27 --> Helper loaded: url_helper
INFO - 2025-05-27 21:19:27 --> Database Driver Class Initialized
INFO - 2025-05-27 21:19:27 --> Controller Class Initialized
INFO - 2025-05-27 21:19:27 --> Model "Mconfigkey" initialized
INFO - 2025-05-27 21:19:27 --> Model "Msync_delivery_instruction" initialized
INFO - 2025-05-27 21:19:27 --> Final output sent to browser
DEBUG - 2025-05-27 21:19:27 --> Total execution time: 0.0368
INFO - 2025-05-27 21:19:35 --> Config Class Initialized
INFO - 2025-05-27 21:19:35 --> Hooks Class Initialized
DEBUG - 2025-05-27 21:19:35 --> UTF-8 Support Enabled
INFO - 2025-05-27 21:19:35 --> Utf8 Class Initialized
INFO - 2025-05-27 21:19:35 --> URI Class Initialized
INFO - 2025-05-27 21:19:35 --> Router Class Initialized
INFO - 2025-05-27 21:19:35 --> Output Class Initialized
INFO - 2025-05-27 21:19:35 --> Security Class Initialized
DEBUG - 2025-05-27 21:19:35 --> Global POST, GET and COOKIE data sanitized
INFO - 2025-05-27 21:19:35 --> Input Class Initialized
INFO - 2025-05-27 21:19:35 --> Language Class Initialized
INFO - 2025-05-27 21:19:35 --> Loader Class Initialized
INFO - 2025-05-27 21:19:35 --> Helper loaded: url_helper
INFO - 2025-05-27 21:19:35 --> Database Driver Class Initialized
INFO - 2025-05-27 21:19:35 --> Controller Class Initialized
INFO - 2025-05-27 21:19:35 --> Model "Mconfigkey" initialized
INFO - 2025-05-27 21:19:35 --> Model "Msync_delivery_instruction" initialized
INFO - 2025-05-27 21:19:35 --> Final output sent to browser
DEBUG - 2025-05-27 21:19:35 --> Total execution time: 0.0331
