INFO - 2024-04-08 03:22:19 --> Config Class Initialized
INFO - 2024-04-08 03:22:19 --> Hooks Class Initialized
DEBUG - 2024-04-08 03:22:19 --> UTF-8 Support Enabled
INFO - 2024-04-08 03:22:19 --> Utf8 Class Initialized
INFO - 2024-04-08 03:22:19 --> URI Class Initialized
INFO - 2024-04-08 03:22:19 --> Router Class Initialized
INFO - 2024-04-08 03:22:19 --> Output Class Initialized
INFO - 2024-04-08 03:22:19 --> Security Class Initialized
DEBUG - 2024-04-08 03:22:19 --> Global POST, GET and COOKIE data sanitized
INFO - 2024-04-08 03:22:19 --> Input Class Initialized
INFO - 2024-04-08 03:22:19 --> Language Class Initialized
INFO - 2024-04-08 03:22:19 --> Loader Class Initialized
INFO - 2024-04-08 03:22:19 --> Helper loaded: url_helper
INFO - 2024-04-08 03:22:19 --> Database Driver Class Initialized
INFO - 2024-04-08 03:22:19 --> Controller Class Initialized
INFO - 2024-04-08 03:22:19 --> Model "Mconfigkey" initialized
INFO - 2024-04-08 03:22:19 --> Final output sent to browser
DEBUG - 2024-04-08 03:22:19 --> Total execution time: 0.0226
INFO - 2024-04-08 03:22:24 --> Config Class Initialized
INFO - 2024-04-08 03:22:24 --> Hooks Class Initialized
DEBUG - 2024-04-08 03:22:24 --> UTF-8 Support Enabled
INFO - 2024-04-08 03:22:24 --> Utf8 Class Initialized
INFO - 2024-04-08 03:22:24 --> URI Class Initialized
INFO - 2024-04-08 03:22:24 --> Router Class Initialized
INFO - 2024-04-08 03:22:24 --> Output Class Initialized
INFO - 2024-04-08 03:22:24 --> Security Class Initialized
DEBUG - 2024-04-08 03:22:24 --> Global POST, GET and COOKIE data sanitized
INFO - 2024-04-08 03:22:24 --> Input Class Initialized
INFO - 2024-04-08 03:22:24 --> Language Class Initialized
INFO - 2024-04-08 03:22:24 --> Loader Class Initialized
INFO - 2024-04-08 03:22:24 --> Helper loaded: url_helper
INFO - 2024-04-08 03:22:24 --> Database Driver Class Initialized
INFO - 2024-04-08 03:22:24 --> Controller Class Initialized
INFO - 2024-04-08 03:22:24 --> Model "Mauth" initialized
INFO - 2024-04-08 03:22:24 --> Model "Mconfigkey" initialized
INFO - 2024-04-08 03:22:24 --> Final output sent to browser
DEBUG - 2024-04-08 03:22:24 --> Total execution time: 0.0272
INFO - 2024-04-08 03:22:29 --> Config Class Initialized
INFO - 2024-04-08 03:22:29 --> Hooks Class Initialized
DEBUG - 2024-04-08 03:22:29 --> UTF-8 Support Enabled
INFO - 2024-04-08 03:22:29 --> Utf8 Class Initialized
INFO - 2024-04-08 03:22:29 --> URI Class Initialized
INFO - 2024-04-08 03:22:29 --> Router Class Initialized
INFO - 2024-04-08 03:22:29 --> Output Class Initialized
INFO - 2024-04-08 03:22:29 --> Security Class Initialized
DEBUG - 2024-04-08 03:22:29 --> Global POST, GET and COOKIE data sanitized
INFO - 2024-04-08 03:22:29 --> Input Class Initialized
INFO - 2024-04-08 03:22:29 --> Language Class Initialized
INFO - 2024-04-08 03:22:29 --> Loader Class Initialized
INFO - 2024-04-08 03:22:29 --> Helper loaded: url_helper
INFO - 2024-04-08 03:22:29 --> Database Driver Class Initialized
INFO - 2024-04-08 03:22:29 --> Controller Class Initialized
INFO - 2024-04-08 03:22:29 --> Model "Mconfigkey" initialized
INFO - 2024-04-08 03:22:29 --> Model "Mgoods_in" initialized
ERROR - 2024-04-08 03:22:29 --> Query error: [Microsoft][ODBC Driver 18 for SQL Server][SQL Server]Invalid column name 'MAPP_PARTNO'. - Invalid query: SELECT COUNT(*) AS "numrows"
FROM (
SELECT "A"."RECEIPT_NO", FORMAT(A.RECEIPT_DATE, 'yyyy-MM-dd') as RECEIPT_DATE, "A"."INVOICE_NO", "A"."PART_NO", "A"."MAPP_PARTNO", SUM(A.RECEIPT_QTY) as RECEIPT_QTY, "A"."BC_TYPE", "A"."NOMOR_AJU", "A"."TANGGAL_AJU", "A"."NOMOR_DAFTAR", "A"."TANGGAL_DAFTAR"
FROM "goods_in_detail" "A"
GROUP BY "A"."RECEIPT_NO", "A"."RECEIPT_DATE", "A"."INVOICE_NO", "A"."PART_NO", "A"."MAPP_PARTNO", "A"."BC_TYPE", "A"."NOMOR_AJU", "A"."TANGGAL_AJU", "A"."NOMOR_DAFTAR", "A"."TANGGAL_DAFTAR"
) CI_count_all_results
INFO - 2024-04-08 03:22:29 --> Language file loaded: language/english/db_lang.php
INFO - 2024-04-08 03:22:31 --> Config Class Initialized
INFO - 2024-04-08 03:22:31 --> Hooks Class Initialized
DEBUG - 2024-04-08 03:22:31 --> UTF-8 Support Enabled
INFO - 2024-04-08 03:22:31 --> Utf8 Class Initialized
INFO - 2024-04-08 03:22:31 --> URI Class Initialized
INFO - 2024-04-08 03:22:31 --> Router Class Initialized
INFO - 2024-04-08 03:22:31 --> Output Class Initialized
INFO - 2024-04-08 03:22:31 --> Security Class Initialized
DEBUG - 2024-04-08 03:22:31 --> Global POST, GET and COOKIE data sanitized
INFO - 2024-04-08 03:22:31 --> Input Class Initialized
INFO - 2024-04-08 03:22:31 --> Language Class Initialized
INFO - 2024-04-08 03:22:31 --> Loader Class Initialized
INFO - 2024-04-08 03:22:31 --> Helper loaded: url_helper
INFO - 2024-04-08 03:22:31 --> Database Driver Class Initialized
INFO - 2024-04-08 03:22:31 --> Controller Class Initialized
INFO - 2024-04-08 03:22:31 --> Model "Mconfigkey" initialized
INFO - 2024-04-08 03:22:31 --> Model "Mgoods_in" initialized
INFO - 2024-04-08 03:22:31 --> Final output sent to browser
DEBUG - 2024-04-08 03:22:31 --> Total execution time: 0.5388
INFO - 2024-04-08 03:22:35 --> Config Class Initialized
INFO - 2024-04-08 03:22:35 --> Hooks Class Initialized
DEBUG - 2024-04-08 03:22:35 --> UTF-8 Support Enabled
INFO - 2024-04-08 03:22:35 --> Utf8 Class Initialized
INFO - 2024-04-08 03:22:35 --> URI Class Initialized
INFO - 2024-04-08 03:22:35 --> Router Class Initialized
INFO - 2024-04-08 03:22:35 --> Output Class Initialized
INFO - 2024-04-08 03:22:35 --> Security Class Initialized
DEBUG - 2024-04-08 03:22:35 --> Global POST, GET and COOKIE data sanitized
INFO - 2024-04-08 03:22:35 --> Input Class Initialized
INFO - 2024-04-08 03:22:35 --> Language Class Initialized
INFO - 2024-04-08 03:22:35 --> Loader Class Initialized
INFO - 2024-04-08 03:22:35 --> Helper loaded: url_helper
INFO - 2024-04-08 03:22:35 --> Database Driver Class Initialized
INFO - 2024-04-08 03:22:35 --> Controller Class Initialized
INFO - 2024-04-08 03:22:35 --> Model "Mconfigkey" initialized
INFO - 2024-04-08 03:22:35 --> Model "Mgoods_in" initialized
INFO - 2024-04-08 03:22:36 --> Final output sent to browser
DEBUG - 2024-04-08 03:22:36 --> Total execution time: 1.1228
INFO - 2024-04-08 03:23:13 --> Config Class Initialized
INFO - 2024-04-08 03:23:13 --> Hooks Class Initialized
DEBUG - 2024-04-08 03:23:13 --> UTF-8 Support Enabled
INFO - 2024-04-08 03:23:13 --> Utf8 Class Initialized
INFO - 2024-04-08 03:23:13 --> URI Class Initialized
INFO - 2024-04-08 03:23:13 --> Router Class Initialized
INFO - 2024-04-08 03:23:13 --> Output Class Initialized
INFO - 2024-04-08 03:23:13 --> Security Class Initialized
DEBUG - 2024-04-08 03:23:13 --> Global POST, GET and COOKIE data sanitized
INFO - 2024-04-08 03:23:13 --> Input Class Initialized
INFO - 2024-04-08 03:23:13 --> Language Class Initialized
INFO - 2024-04-08 03:23:13 --> Loader Class Initialized
INFO - 2024-04-08 03:23:13 --> Helper loaded: url_helper
INFO - 2024-04-08 03:23:13 --> Database Driver Class Initialized
INFO - 2024-04-08 03:23:13 --> Controller Class Initialized
INFO - 2024-04-08 03:23:13 --> Model "Mconfigkey" initialized
INFO - 2024-04-08 03:23:13 --> Model "Mgoods_in" initialized
INFO - 2024-04-08 03:23:13 --> Final output sent to browser
DEBUG - 2024-04-08 03:23:13 --> Total execution time: 0.8091
INFO - 2024-04-08 03:24:34 --> Config Class Initialized
INFO - 2024-04-08 03:24:34 --> Hooks Class Initialized
DEBUG - 2024-04-08 03:24:34 --> UTF-8 Support Enabled
INFO - 2024-04-08 03:24:34 --> Utf8 Class Initialized
INFO - 2024-04-08 03:24:34 --> URI Class Initialized
INFO - 2024-04-08 03:24:34 --> Router Class Initialized
INFO - 2024-04-08 03:24:34 --> Output Class Initialized
INFO - 2024-04-08 03:24:34 --> Security Class Initialized
DEBUG - 2024-04-08 03:24:34 --> Global POST, GET and COOKIE data sanitized
INFO - 2024-04-08 03:24:34 --> Input Class Initialized
INFO - 2024-04-08 03:24:34 --> Language Class Initialized
INFO - 2024-04-08 03:24:34 --> Loader Class Initialized
INFO - 2024-04-08 03:24:34 --> Helper loaded: url_helper
INFO - 2024-04-08 03:24:34 --> Database Driver Class Initialized
INFO - 2024-04-08 03:24:34 --> Controller Class Initialized
INFO - 2024-04-08 03:24:34 --> Model "Mconfigkey" initialized
INFO - 2024-04-08 03:24:34 --> Model "Mgoods_in" initialized
INFO - 2024-04-08 03:24:35 --> Final output sent to browser
DEBUG - 2024-04-08 03:24:35 --> Total execution time: 0.8055
INFO - 2024-04-08 03:24:43 --> Config Class Initialized
INFO - 2024-04-08 03:24:43 --> Hooks Class Initialized
DEBUG - 2024-04-08 03:24:43 --> UTF-8 Support Enabled
INFO - 2024-04-08 03:24:43 --> Utf8 Class Initialized
INFO - 2024-04-08 03:24:43 --> URI Class Initialized
INFO - 2024-04-08 03:24:43 --> Router Class Initialized
INFO - 2024-04-08 03:24:43 --> Output Class Initialized
INFO - 2024-04-08 03:24:43 --> Security Class Initialized
DEBUG - 2024-04-08 03:24:43 --> Global POST, GET and COOKIE data sanitized
INFO - 2024-04-08 03:24:43 --> Input Class Initialized
INFO - 2024-04-08 03:24:43 --> Language Class Initialized
INFO - 2024-04-08 03:24:43 --> Loader Class Initialized
INFO - 2024-04-08 03:24:43 --> Helper loaded: url_helper
INFO - 2024-04-08 03:24:43 --> Database Driver Class Initialized
INFO - 2024-04-08 03:24:43 --> Controller Class Initialized
INFO - 2024-04-08 03:24:43 --> Model "Mconfigkey" initialized
INFO - 2024-04-08 03:24:43 --> Model "Mgoods_in" initialized
INFO - 2024-04-08 03:24:44 --> Final output sent to browser
DEBUG - 2024-04-08 03:24:44 --> Total execution time: 0.8246
INFO - 2024-04-08 03:24:45 --> Config Class Initialized
INFO - 2024-04-08 03:24:45 --> Hooks Class Initialized
DEBUG - 2024-04-08 03:24:45 --> UTF-8 Support Enabled
INFO - 2024-04-08 03:24:45 --> Utf8 Class Initialized
INFO - 2024-04-08 03:24:45 --> URI Class Initialized
INFO - 2024-04-08 03:24:45 --> Router Class Initialized
INFO - 2024-04-08 03:24:45 --> Output Class Initialized
INFO - 2024-04-08 03:24:45 --> Security Class Initialized
DEBUG - 2024-04-08 03:24:45 --> Global POST, GET and COOKIE data sanitized
INFO - 2024-04-08 03:24:45 --> Input Class Initialized
INFO - 2024-04-08 03:24:45 --> Language Class Initialized
INFO - 2024-04-08 03:24:45 --> Loader Class Initialized
INFO - 2024-04-08 03:24:45 --> Helper loaded: url_helper
INFO - 2024-04-08 03:24:45 --> Database Driver Class Initialized
INFO - 2024-04-08 03:24:45 --> Controller Class Initialized
INFO - 2024-04-08 03:24:45 --> Model "Mconfigkey" initialized
INFO - 2024-04-08 03:24:45 --> Model "Mgoods_in" initialized
INFO - 2024-04-08 03:24:46 --> Final output sent to browser
DEBUG - 2024-04-08 03:24:46 --> Total execution time: 1.0037
INFO - 2024-04-08 03:28:33 --> Config Class Initialized
INFO - 2024-04-08 03:28:33 --> Hooks Class Initialized
DEBUG - 2024-04-08 03:28:33 --> UTF-8 Support Enabled
INFO - 2024-04-08 03:28:33 --> Utf8 Class Initialized
INFO - 2024-04-08 03:28:33 --> URI Class Initialized
INFO - 2024-04-08 03:28:33 --> Router Class Initialized
INFO - 2024-04-08 03:28:33 --> Output Class Initialized
INFO - 2024-04-08 03:28:33 --> Security Class Initialized
DEBUG - 2024-04-08 03:28:33 --> Global POST, GET and COOKIE data sanitized
INFO - 2024-04-08 03:28:33 --> Input Class Initialized
INFO - 2024-04-08 03:28:33 --> Language Class Initialized
INFO - 2024-04-08 03:28:33 --> Loader Class Initialized
INFO - 2024-04-08 03:28:33 --> Helper loaded: url_helper
INFO - 2024-04-08 03:28:33 --> Database Driver Class Initialized
INFO - 2024-04-08 03:28:33 --> Controller Class Initialized
INFO - 2024-04-08 03:28:33 --> Model "Mconfigkey" initialized
INFO - 2024-04-08 03:28:33 --> Model "Mgoods_in" initialized
INFO - 2024-04-08 04:05:01 --> Config Class Initialized
INFO - 2024-04-08 04:05:01 --> Hooks Class Initialized
DEBUG - 2024-04-08 04:05:01 --> UTF-8 Support Enabled
INFO - 2024-04-08 04:05:01 --> Utf8 Class Initialized
INFO - 2024-04-08 04:05:01 --> URI Class Initialized
INFO - 2024-04-08 04:05:01 --> Router Class Initialized
INFO - 2024-04-08 04:05:01 --> Output Class Initialized
INFO - 2024-04-08 04:05:01 --> Security Class Initialized
DEBUG - 2024-04-08 04:05:01 --> Global POST, GET and COOKIE data sanitized
INFO - 2024-04-08 04:05:01 --> Input Class Initialized
INFO - 2024-04-08 04:05:01 --> Language Class Initialized
INFO - 2024-04-08 04:05:01 --> Loader Class Initialized
INFO - 2024-04-08 04:05:01 --> Helper loaded: url_helper
INFO - 2024-04-08 04:05:01 --> Database Driver Class Initialized
INFO - 2024-04-08 04:05:01 --> Controller Class Initialized
INFO - 2024-04-08 04:05:01 --> Model "Mconfigkey" initialized
INFO - 2024-04-08 04:05:01 --> Model "Mgoods_in" initialized
ERROR - 2024-04-08 04:05:02 --> Query error: [Microsoft][ODBC Driver 18 for SQL Server][SQL Server]The MERGE statement attempted to UPDATE or DELETE the same row more than once. This happens when a target row matches more than one source row. A MERGE statement cannot UPDATE/DELETE the same row of the target table multiple times. Refine the ON clause to ensure a target row matches at most one source row, or use the GROUP BY clause to group the source rows. - Invalid query: EXEC GET_RECEIVING_BINLOC
        @RECEIVE_DATE='2023-11-08',
        @VUSERNAME='seiwa',
        @VMODULES='load'
        
INFO - 2024-04-08 04:05:02 --> Language file loaded: language/english/db_lang.php
INFO - 2024-04-08 14:42:02 --> Config Class Initialized
INFO - 2024-04-08 14:42:02 --> Hooks Class Initialized
DEBUG - 2024-04-08 14:42:02 --> UTF-8 Support Enabled
INFO - 2024-04-08 14:42:02 --> Utf8 Class Initialized
INFO - 2024-04-08 14:42:02 --> URI Class Initialized
INFO - 2024-04-08 14:42:02 --> Router Class Initialized
INFO - 2024-04-08 14:42:02 --> Output Class Initialized
INFO - 2024-04-08 14:42:02 --> Security Class Initialized
DEBUG - 2024-04-08 14:42:02 --> Global POST, GET and COOKIE data sanitized
INFO - 2024-04-08 14:42:02 --> Input Class Initialized
INFO - 2024-04-08 14:42:02 --> Language Class Initialized
INFO - 2024-04-08 14:42:02 --> Loader Class Initialized
INFO - 2024-04-08 14:42:02 --> Helper loaded: url_helper
INFO - 2024-04-08 14:42:02 --> Database Driver Class Initialized
INFO - 2024-04-08 14:42:02 --> Controller Class Initialized
INFO - 2024-04-08 14:42:02 --> Model "Mconfigkey" initialized
INFO - 2024-04-08 14:42:02 --> Final output sent to browser
DEBUG - 2024-04-08 14:42:02 --> Total execution time: 0.0266
INFO - 2024-04-08 14:42:11 --> Config Class Initialized
INFO - 2024-04-08 14:42:11 --> Hooks Class Initialized
DEBUG - 2024-04-08 14:42:11 --> UTF-8 Support Enabled
INFO - 2024-04-08 14:42:11 --> Utf8 Class Initialized
INFO - 2024-04-08 14:42:11 --> URI Class Initialized
INFO - 2024-04-08 14:42:11 --> Router Class Initialized
INFO - 2024-04-08 14:42:11 --> Output Class Initialized
INFO - 2024-04-08 14:42:11 --> Security Class Initialized
DEBUG - 2024-04-08 14:42:11 --> Global POST, GET and COOKIE data sanitized
INFO - 2024-04-08 14:42:11 --> Input Class Initialized
INFO - 2024-04-08 14:42:11 --> Language Class Initialized
INFO - 2024-04-08 14:42:11 --> Loader Class Initialized
INFO - 2024-04-08 14:42:11 --> Helper loaded: url_helper
INFO - 2024-04-08 14:42:11 --> Database Driver Class Initialized
INFO - 2024-04-08 14:42:11 --> Controller Class Initialized
INFO - 2024-04-08 14:42:11 --> Model "Mauth" initialized
INFO - 2024-04-08 14:42:11 --> Model "Mconfigkey" initialized
INFO - 2024-04-08 14:42:11 --> Final output sent to browser
DEBUG - 2024-04-08 14:42:11 --> Total execution time: 0.0247
INFO - 2024-04-08 14:42:54 --> Config Class Initialized
INFO - 2024-04-08 14:42:54 --> Hooks Class Initialized
DEBUG - 2024-04-08 14:42:54 --> UTF-8 Support Enabled
INFO - 2024-04-08 14:42:54 --> Utf8 Class Initialized
INFO - 2024-04-08 14:42:54 --> URI Class Initialized
INFO - 2024-04-08 14:42:54 --> Router Class Initialized
INFO - 2024-04-08 14:42:54 --> Output Class Initialized
INFO - 2024-04-08 14:42:54 --> Security Class Initialized
DEBUG - 2024-04-08 14:42:54 --> Global POST, GET and COOKIE data sanitized
INFO - 2024-04-08 14:42:54 --> Input Class Initialized
INFO - 2024-04-08 14:42:54 --> Language Class Initialized
INFO - 2024-04-08 14:42:54 --> Loader Class Initialized
INFO - 2024-04-08 14:42:54 --> Helper loaded: url_helper
INFO - 2024-04-08 14:42:54 --> Database Driver Class Initialized
INFO - 2024-04-08 14:42:54 --> Controller Class Initialized
INFO - 2024-04-08 14:42:54 --> Model "Mconfigkey" initialized
INFO - 2024-04-08 14:42:54 --> Final output sent to browser
DEBUG - 2024-04-08 14:42:54 --> Total execution time: 0.0204
INFO - 2024-04-08 14:47:37 --> Config Class Initialized
INFO - 2024-04-08 14:47:37 --> Hooks Class Initialized
DEBUG - 2024-04-08 14:47:37 --> UTF-8 Support Enabled
INFO - 2024-04-08 14:47:37 --> Utf8 Class Initialized
INFO - 2024-04-08 14:47:37 --> URI Class Initialized
INFO - 2024-04-08 14:47:37 --> Router Class Initialized
INFO - 2024-04-08 14:47:37 --> Output Class Initialized
INFO - 2024-04-08 14:47:37 --> Security Class Initialized
DEBUG - 2024-04-08 14:47:37 --> Global POST, GET and COOKIE data sanitized
INFO - 2024-04-08 14:47:37 --> Input Class Initialized
INFO - 2024-04-08 14:47:37 --> Language Class Initialized
INFO - 2024-04-08 14:47:37 --> Loader Class Initialized
INFO - 2024-04-08 14:47:37 --> Helper loaded: url_helper
INFO - 2024-04-08 14:47:37 --> Database Driver Class Initialized
INFO - 2024-04-08 14:47:37 --> Controller Class Initialized
INFO - 2024-04-08 14:47:37 --> Model "Mconfigkey" initialized
INFO - 2024-04-08 14:47:37 --> Model "Mgoods_in" initialized
ERROR - 2024-04-08 14:47:37 --> Query error: [Microsoft][ODBC Driver 18 for SQL Server][SQL Server]Invalid column name 'MAPP_PARTNO'. - Invalid query: SELECT COUNT(*) AS "numrows"
FROM (
SELECT "A"."RECEIPT_NO", FORMAT(A.RECEIPT_DATE, 'yyyy-MM-dd') as RECEIPT_DATE, "A"."INVOICE_NO", "A"."PART_NO", "A"."MAPP_PARTNO", SUM(A.RECEIPT_QTY) as RECEIPT_QTY, "A"."BC_TYPE", "A"."NOMOR_AJU", "A"."TANGGAL_AJU", "A"."NOMOR_DAFTAR", "A"."TANGGAL_DAFTAR"
FROM "goods_in_detail" "A"
GROUP BY "A"."RECEIPT_NO", "A"."RECEIPT_DATE", "A"."INVOICE_NO", "A"."PART_NO", "A"."MAPP_PARTNO", "A"."BC_TYPE", "A"."NOMOR_AJU", "A"."TANGGAL_AJU", "A"."NOMOR_DAFTAR", "A"."TANGGAL_DAFTAR"
) CI_count_all_results
INFO - 2024-04-08 14:47:37 --> Language file loaded: language/english/db_lang.php
INFO - 2024-04-08 14:47:38 --> Config Class Initialized
INFO - 2024-04-08 14:47:38 --> Hooks Class Initialized
DEBUG - 2024-04-08 14:47:38 --> UTF-8 Support Enabled
INFO - 2024-04-08 14:47:38 --> Utf8 Class Initialized
INFO - 2024-04-08 14:47:38 --> URI Class Initialized
INFO - 2024-04-08 14:47:38 --> Router Class Initialized
INFO - 2024-04-08 14:47:39 --> Output Class Initialized
INFO - 2024-04-08 14:47:39 --> Security Class Initialized
DEBUG - 2024-04-08 14:47:39 --> Global POST, GET and COOKIE data sanitized
INFO - 2024-04-08 14:47:39 --> Input Class Initialized
INFO - 2024-04-08 14:47:39 --> Language Class Initialized
INFO - 2024-04-08 14:47:39 --> Loader Class Initialized
INFO - 2024-04-08 14:47:39 --> Helper loaded: url_helper
INFO - 2024-04-08 14:47:39 --> Database Driver Class Initialized
INFO - 2024-04-08 14:47:39 --> Controller Class Initialized
INFO - 2024-04-08 14:47:39 --> Model "Mconfigkey" initialized
INFO - 2024-04-08 14:47:39 --> Model "Mgoods_in" initialized
INFO - 2024-04-08 14:47:44 --> Config Class Initialized
INFO - 2024-04-08 14:47:44 --> Hooks Class Initialized
DEBUG - 2024-04-08 14:47:44 --> UTF-8 Support Enabled
INFO - 2024-04-08 14:47:44 --> Utf8 Class Initialized
INFO - 2024-04-08 14:47:44 --> URI Class Initialized
INFO - 2024-04-08 14:47:44 --> Router Class Initialized
INFO - 2024-04-08 14:47:44 --> Output Class Initialized
INFO - 2024-04-08 14:47:44 --> Security Class Initialized
DEBUG - 2024-04-08 14:47:44 --> Global POST, GET and COOKIE data sanitized
INFO - 2024-04-08 14:47:44 --> Input Class Initialized
INFO - 2024-04-08 14:47:44 --> Language Class Initialized
INFO - 2024-04-08 14:47:44 --> Loader Class Initialized
INFO - 2024-04-08 14:47:44 --> Helper loaded: url_helper
INFO - 2024-04-08 14:47:44 --> Database Driver Class Initialized
INFO - 2024-04-08 14:47:44 --> Controller Class Initialized
INFO - 2024-04-08 14:47:44 --> Model "Mconfigkey" initialized
INFO - 2024-04-08 14:47:44 --> Model "Mgoods_in" initialized
INFO - 2024-04-08 14:48:39 --> Config Class Initialized
INFO - 2024-04-08 14:48:39 --> Hooks Class Initialized
DEBUG - 2024-04-08 14:48:39 --> UTF-8 Support Enabled
INFO - 2024-04-08 14:48:39 --> Utf8 Class Initialized
INFO - 2024-04-08 14:48:39 --> URI Class Initialized
INFO - 2024-04-08 14:48:39 --> Router Class Initialized
INFO - 2024-04-08 14:48:39 --> Output Class Initialized
INFO - 2024-04-08 14:48:39 --> Security Class Initialized
DEBUG - 2024-04-08 14:48:39 --> Global POST, GET and COOKIE data sanitized
INFO - 2024-04-08 14:48:39 --> Input Class Initialized
INFO - 2024-04-08 14:48:39 --> Language Class Initialized
INFO - 2024-04-08 14:48:39 --> Loader Class Initialized
INFO - 2024-04-08 14:48:39 --> Helper loaded: url_helper
INFO - 2024-04-08 14:48:39 --> Database Driver Class Initialized
INFO - 2024-04-08 14:48:39 --> Controller Class Initialized
INFO - 2024-04-08 14:48:39 --> Model "Mconfigkey" initialized
INFO - 2024-04-08 14:48:39 --> Model "Mgoods_in" initialized
INFO - 2024-04-08 14:48:40 --> Final output sent to browser
DEBUG - 2024-04-08 14:48:40 --> Total execution time: 0.7996
INFO - 2024-04-08 14:48:51 --> Config Class Initialized
INFO - 2024-04-08 14:48:51 --> Hooks Class Initialized
DEBUG - 2024-04-08 14:48:51 --> UTF-8 Support Enabled
INFO - 2024-04-08 14:48:51 --> Utf8 Class Initialized
INFO - 2024-04-08 14:48:51 --> URI Class Initialized
INFO - 2024-04-08 14:48:51 --> Router Class Initialized
INFO - 2024-04-08 14:48:51 --> Output Class Initialized
INFO - 2024-04-08 14:48:51 --> Security Class Initialized
DEBUG - 2024-04-08 14:48:51 --> Global POST, GET and COOKIE data sanitized
INFO - 2024-04-08 14:48:51 --> Input Class Initialized
INFO - 2024-04-08 14:48:51 --> Language Class Initialized
INFO - 2024-04-08 14:48:51 --> Loader Class Initialized
INFO - 2024-04-08 14:48:51 --> Helper loaded: url_helper
INFO - 2024-04-08 14:48:51 --> Database Driver Class Initialized
INFO - 2024-04-08 14:48:51 --> Controller Class Initialized
INFO - 2024-04-08 14:48:51 --> Model "Mconfigkey" initialized
INFO - 2024-04-08 14:48:51 --> Model "Mgoods_in" initialized
INFO - 2024-04-08 14:48:52 --> Final output sent to browser
DEBUG - 2024-04-08 14:48:52 --> Total execution time: 0.7781
INFO - 2024-04-08 14:49:43 --> Config Class Initialized
INFO - 2024-04-08 14:49:43 --> Hooks Class Initialized
DEBUG - 2024-04-08 14:49:43 --> UTF-8 Support Enabled
INFO - 2024-04-08 14:49:43 --> Utf8 Class Initialized
INFO - 2024-04-08 14:49:43 --> URI Class Initialized
INFO - 2024-04-08 14:49:43 --> Router Class Initialized
INFO - 2024-04-08 14:49:43 --> Output Class Initialized
INFO - 2024-04-08 14:49:43 --> Security Class Initialized
DEBUG - 2024-04-08 14:49:43 --> Global POST, GET and COOKIE data sanitized
INFO - 2024-04-08 14:49:43 --> Input Class Initialized
INFO - 2024-04-08 14:49:43 --> Language Class Initialized
INFO - 2024-04-08 14:49:43 --> Loader Class Initialized
INFO - 2024-04-08 14:49:43 --> Helper loaded: url_helper
INFO - 2024-04-08 14:49:43 --> Database Driver Class Initialized
INFO - 2024-04-08 14:49:43 --> Controller Class Initialized
INFO - 2024-04-08 14:49:43 --> Model "Mconfigkey" initialized
INFO - 2024-04-08 14:49:43 --> Model "Mgoods_in" initialized
ERROR - 2024-04-08 14:49:44 --> Query error: [Microsoft][ODBC Driver 18 for SQL Server][SQL Server]The MERGE statement attempted to UPDATE or DELETE the same row more than once. This happens when a target row matches more than one source row. A MERGE statement cannot UPDATE/DELETE the same row of the target table multiple times. Refine the ON clause to ensure a target row matches at most one source row, or use the GROUP BY clause to group the source rows. - Invalid query: EXEC GET_RECEIVING_BINLOC
        @RECEIVE_DATE='2023-12-08',
        @VUSERNAME='seiwa',
        @VMODULES='load'
        
INFO - 2024-04-08 14:49:44 --> Language file loaded: language/english/db_lang.php
INFO - 2024-04-08 14:50:04 --> Config Class Initialized
INFO - 2024-04-08 14:50:04 --> Hooks Class Initialized
DEBUG - 2024-04-08 14:50:04 --> UTF-8 Support Enabled
INFO - 2024-04-08 14:50:04 --> Utf8 Class Initialized
INFO - 2024-04-08 14:50:04 --> URI Class Initialized
INFO - 2024-04-08 14:50:04 --> Router Class Initialized
INFO - 2024-04-08 14:50:04 --> Output Class Initialized
INFO - 2024-04-08 14:50:04 --> Security Class Initialized
DEBUG - 2024-04-08 14:50:04 --> Global POST, GET and COOKIE data sanitized
INFO - 2024-04-08 14:50:04 --> Input Class Initialized
INFO - 2024-04-08 14:50:04 --> Language Class Initialized
INFO - 2024-04-08 14:50:04 --> Loader Class Initialized
INFO - 2024-04-08 14:50:04 --> Helper loaded: url_helper
INFO - 2024-04-08 14:50:04 --> Database Driver Class Initialized
INFO - 2024-04-08 14:50:04 --> Controller Class Initialized
INFO - 2024-04-08 14:50:04 --> Model "Mconfigkey" initialized
INFO - 2024-04-08 14:50:04 --> Model "Mgoods_in" initialized
INFO - 2024-04-08 14:50:05 --> Final output sent to browser
DEBUG - 2024-04-08 14:50:05 --> Total execution time: 0.7635
INFO - 2024-04-08 14:51:03 --> Config Class Initialized
INFO - 2024-04-08 14:51:03 --> Hooks Class Initialized
DEBUG - 2024-04-08 14:51:03 --> UTF-8 Support Enabled
INFO - 2024-04-08 14:51:03 --> Utf8 Class Initialized
INFO - 2024-04-08 14:51:03 --> URI Class Initialized
INFO - 2024-04-08 14:51:03 --> Router Class Initialized
INFO - 2024-04-08 14:51:03 --> Output Class Initialized
INFO - 2024-04-08 14:51:03 --> Security Class Initialized
DEBUG - 2024-04-08 14:51:03 --> Global POST, GET and COOKIE data sanitized
INFO - 2024-04-08 14:51:03 --> Input Class Initialized
INFO - 2024-04-08 14:51:03 --> Language Class Initialized
INFO - 2024-04-08 14:51:03 --> Loader Class Initialized
INFO - 2024-04-08 14:51:03 --> Helper loaded: url_helper
INFO - 2024-04-08 14:51:03 --> Database Driver Class Initialized
INFO - 2024-04-08 14:51:03 --> Controller Class Initialized
INFO - 2024-04-08 14:51:03 --> Model "Mconfigkey" initialized
INFO - 2024-04-08 14:51:03 --> Model "Mgoods_in" initialized
INFO - 2024-04-08 14:51:04 --> Final output sent to browser
DEBUG - 2024-04-08 14:51:04 --> Total execution time: 0.7893
INFO - 2024-04-08 14:54:47 --> Config Class Initialized
INFO - 2024-04-08 14:54:47 --> Hooks Class Initialized
DEBUG - 2024-04-08 14:54:47 --> UTF-8 Support Enabled
INFO - 2024-04-08 14:54:47 --> Utf8 Class Initialized
INFO - 2024-04-08 14:54:47 --> URI Class Initialized
INFO - 2024-04-08 14:54:47 --> Router Class Initialized
INFO - 2024-04-08 14:54:47 --> Output Class Initialized
INFO - 2024-04-08 14:54:47 --> Security Class Initialized
DEBUG - 2024-04-08 14:54:47 --> Global POST, GET and COOKIE data sanitized
INFO - 2024-04-08 14:54:47 --> Input Class Initialized
INFO - 2024-04-08 14:54:47 --> Language Class Initialized
INFO - 2024-04-08 14:54:47 --> Loader Class Initialized
INFO - 2024-04-08 14:54:47 --> Helper loaded: url_helper
INFO - 2024-04-08 14:54:47 --> Database Driver Class Initialized
INFO - 2024-04-08 14:54:47 --> Controller Class Initialized
INFO - 2024-04-08 14:54:47 --> Model "Mconfigkey" initialized
INFO - 2024-04-08 14:54:47 --> Model "Mgoods_in" initialized
INFO - 2024-04-08 14:54:47 --> Final output sent to browser
DEBUG - 2024-04-08 14:54:47 --> Total execution time: 0.8089
INFO - 2024-04-08 22:28:28 --> Config Class Initialized
INFO - 2024-04-08 22:28:28 --> Hooks Class Initialized
DEBUG - 2024-04-08 22:28:28 --> UTF-8 Support Enabled
INFO - 2024-04-08 22:28:28 --> Utf8 Class Initialized
INFO - 2024-04-08 22:28:28 --> URI Class Initialized
INFO - 2024-04-08 22:28:28 --> Router Class Initialized
INFO - 2024-04-08 22:28:28 --> Output Class Initialized
INFO - 2024-04-08 22:28:28 --> Security Class Initialized
DEBUG - 2024-04-08 22:28:28 --> Global POST, GET and COOKIE data sanitized
INFO - 2024-04-08 22:28:28 --> Input Class Initialized
INFO - 2024-04-08 22:28:28 --> Language Class Initialized
INFO - 2024-04-08 22:28:28 --> Loader Class Initialized
INFO - 2024-04-08 22:28:28 --> Helper loaded: url_helper
INFO - 2024-04-08 22:28:28 --> Database Driver Class Initialized
INFO - 2024-04-08 22:28:28 --> Controller Class Initialized
INFO - 2024-04-08 22:28:28 --> Model "Mconfigkey" initialized
INFO - 2024-04-08 22:28:28 --> Final output sent to browser
DEBUG - 2024-04-08 22:28:28 --> Total execution time: 0.3996
INFO - 2024-04-08 22:28:35 --> Config Class Initialized
INFO - 2024-04-08 22:28:35 --> Hooks Class Initialized
DEBUG - 2024-04-08 22:28:35 --> UTF-8 Support Enabled
INFO - 2024-04-08 22:28:35 --> Utf8 Class Initialized
INFO - 2024-04-08 22:28:35 --> URI Class Initialized
INFO - 2024-04-08 22:28:35 --> Router Class Initialized
INFO - 2024-04-08 22:28:35 --> Output Class Initialized
INFO - 2024-04-08 22:28:35 --> Security Class Initialized
DEBUG - 2024-04-08 22:28:35 --> Global POST, GET and COOKIE data sanitized
INFO - 2024-04-08 22:28:35 --> Input Class Initialized
INFO - 2024-04-08 22:28:35 --> Language Class Initialized
INFO - 2024-04-08 22:28:35 --> Loader Class Initialized
INFO - 2024-04-08 22:28:35 --> Helper loaded: url_helper
INFO - 2024-04-08 22:28:35 --> Database Driver Class Initialized
INFO - 2024-04-08 22:28:35 --> Controller Class Initialized
INFO - 2024-04-08 22:28:35 --> Model "Mauth" initialized
INFO - 2024-04-08 22:28:35 --> Model "Mconfigkey" initialized
INFO - 2024-04-08 22:28:35 --> Final output sent to browser
DEBUG - 2024-04-08 22:28:35 --> Total execution time: 0.0348
INFO - 2024-04-08 22:28:39 --> Config Class Initialized
INFO - 2024-04-08 22:28:39 --> Hooks Class Initialized
DEBUG - 2024-04-08 22:28:39 --> UTF-8 Support Enabled
INFO - 2024-04-08 22:28:39 --> Utf8 Class Initialized
INFO - 2024-04-08 22:28:39 --> URI Class Initialized
INFO - 2024-04-08 22:28:39 --> Router Class Initialized
INFO - 2024-04-08 22:28:39 --> Output Class Initialized
INFO - 2024-04-08 22:28:39 --> Security Class Initialized
DEBUG - 2024-04-08 22:28:39 --> Global POST, GET and COOKIE data sanitized
INFO - 2024-04-08 22:28:39 --> Input Class Initialized
INFO - 2024-04-08 22:28:39 --> Language Class Initialized
INFO - 2024-04-08 22:28:39 --> Loader Class Initialized
INFO - 2024-04-08 22:28:39 --> Helper loaded: url_helper
INFO - 2024-04-08 22:28:39 --> Database Driver Class Initialized
INFO - 2024-04-08 22:28:39 --> Controller Class Initialized
INFO - 2024-04-08 22:28:39 --> Model "Mconfigkey" initialized
INFO - 2024-04-08 22:28:39 --> Model "Mgoods_in" initialized
ERROR - 2024-04-08 22:28:39 --> Query error: [Microsoft][ODBC Driver 18 for SQL Server][SQL Server]Invalid column name 'MAPP_PARTNO'. - Invalid query: SELECT COUNT(*) AS "numrows"
FROM (
SELECT "A"."RECEIPT_NO", FORMAT(A.RECEIPT_DATE, 'yyyy-MM-dd') as RECEIPT_DATE, "A"."INVOICE_NO", "A"."PART_NO", "A"."MAPP_PARTNO", SUM(A.RECEIPT_QTY) as RECEIPT_QTY, "A"."BC_TYPE", "A"."NOMOR_AJU", "A"."TANGGAL_AJU", "A"."NOMOR_DAFTAR", "A"."TANGGAL_DAFTAR"
FROM "goods_in_detail" "A"
GROUP BY "A"."RECEIPT_NO", "A"."RECEIPT_DATE", "A"."INVOICE_NO", "A"."PART_NO", "A"."MAPP_PARTNO", "A"."BC_TYPE", "A"."NOMOR_AJU", "A"."TANGGAL_AJU", "A"."NOMOR_DAFTAR", "A"."TANGGAL_DAFTAR"
) CI_count_all_results
INFO - 2024-04-08 22:28:39 --> Language file loaded: language/english/db_lang.php
INFO - 2024-04-08 22:28:41 --> Config Class Initialized
INFO - 2024-04-08 22:28:41 --> Hooks Class Initialized
DEBUG - 2024-04-08 22:28:41 --> UTF-8 Support Enabled
INFO - 2024-04-08 22:28:41 --> Utf8 Class Initialized
INFO - 2024-04-08 22:28:41 --> URI Class Initialized
INFO - 2024-04-08 22:28:41 --> Router Class Initialized
INFO - 2024-04-08 22:28:41 --> Output Class Initialized
INFO - 2024-04-08 22:28:41 --> Security Class Initialized
DEBUG - 2024-04-08 22:28:41 --> Global POST, GET and COOKIE data sanitized
INFO - 2024-04-08 22:28:41 --> Input Class Initialized
INFO - 2024-04-08 22:28:41 --> Language Class Initialized
INFO - 2024-04-08 22:28:41 --> Loader Class Initialized
INFO - 2024-04-08 22:28:41 --> Helper loaded: url_helper
INFO - 2024-04-08 22:28:41 --> Database Driver Class Initialized
INFO - 2024-04-08 22:28:41 --> Controller Class Initialized
INFO - 2024-04-08 22:28:41 --> Model "Mconfigkey" initialized
INFO - 2024-04-08 22:28:41 --> Model "Mgoods_in" initialized
INFO - 2024-04-08 22:28:42 --> Final output sent to browser
DEBUG - 2024-04-08 22:28:42 --> Total execution time: 0.5328
INFO - 2024-04-08 22:28:45 --> Config Class Initialized
INFO - 2024-04-08 22:28:45 --> Hooks Class Initialized
DEBUG - 2024-04-08 22:28:45 --> UTF-8 Support Enabled
INFO - 2024-04-08 22:28:45 --> Utf8 Class Initialized
INFO - 2024-04-08 22:28:45 --> URI Class Initialized
INFO - 2024-04-08 22:28:45 --> Router Class Initialized
INFO - 2024-04-08 22:28:45 --> Output Class Initialized
INFO - 2024-04-08 22:28:45 --> Security Class Initialized
DEBUG - 2024-04-08 22:28:45 --> Global POST, GET and COOKIE data sanitized
INFO - 2024-04-08 22:28:45 --> Input Class Initialized
INFO - 2024-04-08 22:28:45 --> Language Class Initialized
INFO - 2024-04-08 22:28:45 --> Loader Class Initialized
INFO - 2024-04-08 22:28:45 --> Helper loaded: url_helper
INFO - 2024-04-08 22:28:45 --> Database Driver Class Initialized
INFO - 2024-04-08 22:28:45 --> Controller Class Initialized
INFO - 2024-04-08 22:28:45 --> Model "Mconfigkey" initialized
INFO - 2024-04-08 22:28:45 --> Model "Mgoods_in" initialized
INFO - 2024-04-08 22:28:46 --> Final output sent to browser
DEBUG - 2024-04-08 22:28:46 --> Total execution time: 0.6206
INFO - 2024-04-08 22:34:45 --> Config Class Initialized
INFO - 2024-04-08 22:34:45 --> Hooks Class Initialized
DEBUG - 2024-04-08 22:34:45 --> UTF-8 Support Enabled
INFO - 2024-04-08 22:34:45 --> Utf8 Class Initialized
INFO - 2024-04-08 22:34:45 --> URI Class Initialized
INFO - 2024-04-08 22:34:45 --> Router Class Initialized
INFO - 2024-04-08 22:34:45 --> Output Class Initialized
INFO - 2024-04-08 22:34:45 --> Security Class Initialized
DEBUG - 2024-04-08 22:34:45 --> Global POST, GET and COOKIE data sanitized
INFO - 2024-04-08 22:34:45 --> Input Class Initialized
INFO - 2024-04-08 22:34:45 --> Language Class Initialized
INFO - 2024-04-08 22:34:45 --> Loader Class Initialized
INFO - 2024-04-08 22:34:45 --> Helper loaded: url_helper
INFO - 2024-04-08 22:34:45 --> Database Driver Class Initialized
INFO - 2024-04-08 22:34:45 --> Controller Class Initialized
INFO - 2024-04-08 22:34:45 --> Model "Mconfigkey" initialized
INFO - 2024-04-08 22:34:45 --> Model "Mgoods_in" initialized
INFO - 2024-04-08 22:34:45 --> Final output sent to browser
DEBUG - 2024-04-08 22:34:45 --> Total execution time: 0.6661
INFO - 2024-04-08 23:25:23 --> Config Class Initialized
INFO - 2024-04-08 23:25:23 --> Hooks Class Initialized
DEBUG - 2024-04-08 23:25:23 --> UTF-8 Support Enabled
INFO - 2024-04-08 23:25:23 --> Utf8 Class Initialized
INFO - 2024-04-08 23:25:23 --> URI Class Initialized
INFO - 2024-04-08 23:25:23 --> Router Class Initialized
INFO - 2024-04-08 23:25:23 --> Output Class Initialized
INFO - 2024-04-08 23:25:23 --> Security Class Initialized
DEBUG - 2024-04-08 23:25:23 --> Global POST, GET and COOKIE data sanitized
INFO - 2024-04-08 23:25:23 --> Input Class Initialized
INFO - 2024-04-08 23:25:23 --> Language Class Initialized
INFO - 2024-04-08 23:25:23 --> Loader Class Initialized
INFO - 2024-04-08 23:25:23 --> Helper loaded: url_helper
INFO - 2024-04-08 23:25:23 --> Database Driver Class Initialized
INFO - 2024-04-08 23:25:23 --> Controller Class Initialized
INFO - 2024-04-08 23:25:23 --> Model "Mconfigkey" initialized
INFO - 2024-04-08 23:25:23 --> Final output sent to browser
DEBUG - 2024-04-08 23:25:23 --> Total execution time: 0.0212
INFO - 2024-04-08 23:25:28 --> Config Class Initialized
INFO - 2024-04-08 23:25:28 --> Hooks Class Initialized
DEBUG - 2024-04-08 23:25:28 --> UTF-8 Support Enabled
INFO - 2024-04-08 23:25:28 --> Utf8 Class Initialized
INFO - 2024-04-08 23:25:28 --> URI Class Initialized
INFO - 2024-04-08 23:25:28 --> Router Class Initialized
INFO - 2024-04-08 23:25:28 --> Output Class Initialized
INFO - 2024-04-08 23:25:28 --> Security Class Initialized
DEBUG - 2024-04-08 23:25:28 --> Global POST, GET and COOKIE data sanitized
INFO - 2024-04-08 23:25:28 --> Input Class Initialized
INFO - 2024-04-08 23:25:28 --> Language Class Initialized
INFO - 2024-04-08 23:25:28 --> Loader Class Initialized
INFO - 2024-04-08 23:25:28 --> Helper loaded: url_helper
INFO - 2024-04-08 23:25:28 --> Database Driver Class Initialized
INFO - 2024-04-08 23:25:28 --> Controller Class Initialized
INFO - 2024-04-08 23:25:28 --> Model "Mconfigkey" initialized
INFO - 2024-04-08 23:25:28 --> Model "Mgoods_in" initialized
ERROR - 2024-04-08 23:25:28 --> Query error: [Microsoft][ODBC Driver 18 for SQL Server][SQL Server]Invalid column name 'MAPP_PARTNO'. - Invalid query: SELECT COUNT(*) AS "numrows"
FROM (
SELECT "A"."RECEIPT_NO", FORMAT(A.RECEIPT_DATE, 'yyyy-MM-dd') as RECEIPT_DATE, "A"."INVOICE_NO", "A"."PART_NO", "A"."MAPP_PARTNO", SUM(A.RECEIPT_QTY) as RECEIPT_QTY, "A"."BC_TYPE", "A"."NOMOR_AJU", "A"."TANGGAL_AJU", "A"."NOMOR_DAFTAR", "A"."TANGGAL_DAFTAR"
FROM "goods_in_detail" "A"
GROUP BY "A"."RECEIPT_NO", "A"."RECEIPT_DATE", "A"."INVOICE_NO", "A"."PART_NO", "A"."MAPP_PARTNO", "A"."BC_TYPE", "A"."NOMOR_AJU", "A"."TANGGAL_AJU", "A"."NOMOR_DAFTAR", "A"."TANGGAL_DAFTAR"
) CI_count_all_results
INFO - 2024-04-08 23:25:28 --> Language file loaded: language/english/db_lang.php
INFO - 2024-04-08 23:25:29 --> Config Class Initialized
INFO - 2024-04-08 23:25:29 --> Hooks Class Initialized
DEBUG - 2024-04-08 23:25:29 --> UTF-8 Support Enabled
INFO - 2024-04-08 23:25:29 --> Utf8 Class Initialized
INFO - 2024-04-08 23:25:29 --> URI Class Initialized
INFO - 2024-04-08 23:25:29 --> Router Class Initialized
INFO - 2024-04-08 23:25:29 --> Output Class Initialized
INFO - 2024-04-08 23:25:29 --> Security Class Initialized
DEBUG - 2024-04-08 23:25:29 --> Global POST, GET and COOKIE data sanitized
INFO - 2024-04-08 23:25:29 --> Input Class Initialized
INFO - 2024-04-08 23:25:29 --> Language Class Initialized
INFO - 2024-04-08 23:25:29 --> Loader Class Initialized
INFO - 2024-04-08 23:25:29 --> Helper loaded: url_helper
INFO - 2024-04-08 23:25:29 --> Database Driver Class Initialized
INFO - 2024-04-08 23:25:29 --> Controller Class Initialized
INFO - 2024-04-08 23:25:29 --> Model "Mconfigkey" initialized
INFO - 2024-04-08 23:25:29 --> Model "Mgoods_in" initialized
ERROR - 2024-04-08 23:25:30 --> Query error: [Microsoft][ODBC Driver 18 for SQL Server][SQL Server]Could not find stored procedure 'SP_SCAN_IN_WMS'. - Invalid query: EXEC SP_SCAN_IN_WMS
        @VRECEIVE_DATE='2024-04-08',
        @VUSERNAME='seiwa',
        @VMODULES='load'
        
INFO - 2024-04-08 23:25:30 --> Language file loaded: language/english/db_lang.php
INFO - 2024-04-08 23:26:24 --> Config Class Initialized
INFO - 2024-04-08 23:26:24 --> Hooks Class Initialized
DEBUG - 2024-04-08 23:26:24 --> UTF-8 Support Enabled
INFO - 2024-04-08 23:26:24 --> Utf8 Class Initialized
INFO - 2024-04-08 23:26:24 --> URI Class Initialized
INFO - 2024-04-08 23:26:24 --> Router Class Initialized
INFO - 2024-04-08 23:26:24 --> Output Class Initialized
INFO - 2024-04-08 23:26:24 --> Security Class Initialized
DEBUG - 2024-04-08 23:26:24 --> Global POST, GET and COOKIE data sanitized
INFO - 2024-04-08 23:26:24 --> Input Class Initialized
INFO - 2024-04-08 23:26:24 --> Language Class Initialized
INFO - 2024-04-08 23:26:24 --> Loader Class Initialized
INFO - 2024-04-08 23:26:24 --> Helper loaded: url_helper
INFO - 2024-04-08 23:26:24 --> Database Driver Class Initialized
INFO - 2024-04-08 23:26:24 --> Controller Class Initialized
INFO - 2024-04-08 23:26:24 --> Model "Mconfigkey" initialized
INFO - 2024-04-08 23:26:24 --> Model "Mgoods_in" initialized
INFO - 2024-04-08 23:26:25 --> Final output sent to browser
DEBUG - 2024-04-08 23:26:25 --> Total execution time: 0.5360
INFO - 2024-04-08 23:26:35 --> Config Class Initialized
INFO - 2024-04-08 23:26:35 --> Hooks Class Initialized
DEBUG - 2024-04-08 23:26:35 --> UTF-8 Support Enabled
INFO - 2024-04-08 23:26:35 --> Utf8 Class Initialized
INFO - 2024-04-08 23:26:35 --> URI Class Initialized
INFO - 2024-04-08 23:26:35 --> Router Class Initialized
INFO - 2024-04-08 23:26:35 --> Output Class Initialized
INFO - 2024-04-08 23:26:35 --> Security Class Initialized
DEBUG - 2024-04-08 23:26:35 --> Global POST, GET and COOKIE data sanitized
INFO - 2024-04-08 23:26:35 --> Input Class Initialized
INFO - 2024-04-08 23:26:35 --> Language Class Initialized
INFO - 2024-04-08 23:26:35 --> Loader Class Initialized
INFO - 2024-04-08 23:26:35 --> Helper loaded: url_helper
INFO - 2024-04-08 23:26:35 --> Database Driver Class Initialized
INFO - 2024-04-08 23:26:35 --> Controller Class Initialized
INFO - 2024-04-08 23:26:35 --> Model "Mconfigkey" initialized
INFO - 2024-04-08 23:26:35 --> Model "Mgoods_in" initialized
INFO - 2024-04-08 23:26:35 --> Final output sent to browser
DEBUG - 2024-04-08 23:26:35 --> Total execution time: 0.6081
INFO - 2024-04-08 23:27:09 --> Config Class Initialized
INFO - 2024-04-08 23:27:09 --> Hooks Class Initialized
DEBUG - 2024-04-08 23:27:09 --> UTF-8 Support Enabled
INFO - 2024-04-08 23:27:09 --> Utf8 Class Initialized
INFO - 2024-04-08 23:27:09 --> URI Class Initialized
INFO - 2024-04-08 23:27:09 --> Router Class Initialized
INFO - 2024-04-08 23:27:09 --> Output Class Initialized
INFO - 2024-04-08 23:27:09 --> Security Class Initialized
DEBUG - 2024-04-08 23:27:09 --> Global POST, GET and COOKIE data sanitized
INFO - 2024-04-08 23:27:09 --> Input Class Initialized
INFO - 2024-04-08 23:27:09 --> Language Class Initialized
INFO - 2024-04-08 23:27:09 --> Loader Class Initialized
INFO - 2024-04-08 23:27:09 --> Helper loaded: url_helper
INFO - 2024-04-08 23:27:09 --> Database Driver Class Initialized
INFO - 2024-04-08 23:27:09 --> Controller Class Initialized
INFO - 2024-04-08 23:27:09 --> Model "Mconfigkey" initialized
INFO - 2024-04-08 23:27:09 --> Model "Mgoods_in" initialized
INFO - 2024-04-08 23:27:10 --> Final output sent to browser
DEBUG - 2024-04-08 23:27:10 --> Total execution time: 0.6033
INFO - 2024-04-08 23:28:39 --> Config Class Initialized
INFO - 2024-04-08 23:28:39 --> Hooks Class Initialized
DEBUG - 2024-04-08 23:28:39 --> UTF-8 Support Enabled
INFO - 2024-04-08 23:28:39 --> Utf8 Class Initialized
INFO - 2024-04-08 23:28:39 --> URI Class Initialized
INFO - 2024-04-08 23:28:39 --> Router Class Initialized
INFO - 2024-04-08 23:28:39 --> Output Class Initialized
INFO - 2024-04-08 23:28:39 --> Security Class Initialized
DEBUG - 2024-04-08 23:28:39 --> Global POST, GET and COOKIE data sanitized
INFO - 2024-04-08 23:28:39 --> Input Class Initialized
INFO - 2024-04-08 23:28:39 --> Language Class Initialized
INFO - 2024-04-08 23:28:39 --> Loader Class Initialized
INFO - 2024-04-08 23:28:39 --> Helper loaded: url_helper
INFO - 2024-04-08 23:28:39 --> Database Driver Class Initialized
INFO - 2024-04-08 23:28:39 --> Controller Class Initialized
INFO - 2024-04-08 23:28:39 --> Model "Mconfigkey" initialized
INFO - 2024-04-08 23:28:39 --> Model "Mgoods_in" initialized
INFO - 2024-04-08 23:28:40 --> Final output sent to browser
DEBUG - 2024-04-08 23:28:40 --> Total execution time: 0.6101
