INFO - 2024-06-18 18:50:51 --> Config Class Initialized
INFO - 2024-06-18 18:50:51 --> Hooks Class Initialized
DEBUG - 2024-06-18 18:50:51 --> UTF-8 Support Enabled
INFO - 2024-06-18 18:50:51 --> Utf8 Class Initialized
INFO - 2024-06-18 18:50:51 --> URI Class Initialized
INFO - 2024-06-18 18:50:51 --> Router Class Initialized
INFO - 2024-06-18 18:50:51 --> Output Class Initialized
INFO - 2024-06-18 18:50:51 --> Security Class Initialized
DEBUG - 2024-06-18 18:50:51 --> Global POST, GET and COOKIE data sanitized
INFO - 2024-06-18 18:50:51 --> Input Class Initialized
INFO - 2024-06-18 18:50:51 --> Language Class Initialized
INFO - 2024-06-18 18:50:51 --> Loader Class Initialized
INFO - 2024-06-18 18:50:51 --> Helper loaded: url_helper
INFO - 2024-06-18 18:50:51 --> Database Driver Class Initialized
INFO - 2024-06-18 18:50:51 --> Controller Class Initialized
INFO - 2024-06-18 18:50:51 --> Final output sent to browser
DEBUG - 2024-06-18 18:50:51 --> Total execution time: 0.3521
INFO - 2024-06-18 18:51:05 --> Config Class Initialized
INFO - 2024-06-18 18:51:05 --> Hooks Class Initialized
DEBUG - 2024-06-18 18:51:05 --> UTF-8 Support Enabled
INFO - 2024-06-18 18:51:05 --> Utf8 Class Initialized
INFO - 2024-06-18 18:51:05 --> URI Class Initialized
INFO - 2024-06-18 18:51:05 --> Router Class Initialized
INFO - 2024-06-18 18:51:05 --> Output Class Initialized
INFO - 2024-06-18 18:51:05 --> Security Class Initialized
DEBUG - 2024-06-18 18:51:05 --> Global POST, GET and COOKIE data sanitized
INFO - 2024-06-18 18:51:05 --> Input Class Initialized
INFO - 2024-06-18 18:51:05 --> Language Class Initialized
ERROR - 2024-06-18 18:51:05 --> 404 Page Not Found: Portalapi/index
INFO - 2024-06-18 19:11:34 --> Config Class Initialized
INFO - 2024-06-18 19:11:34 --> Hooks Class Initialized
DEBUG - 2024-06-18 19:11:34 --> UTF-8 Support Enabled
INFO - 2024-06-18 19:11:34 --> Utf8 Class Initialized
INFO - 2024-06-18 19:11:34 --> URI Class Initialized
INFO - 2024-06-18 19:11:34 --> Router Class Initialized
INFO - 2024-06-18 19:11:34 --> Output Class Initialized
INFO - 2024-06-18 19:11:34 --> Security Class Initialized
DEBUG - 2024-06-18 19:11:34 --> Global POST, GET and COOKIE data sanitized
INFO - 2024-06-18 19:11:34 --> Input Class Initialized
INFO - 2024-06-18 19:11:34 --> Language Class Initialized
ERROR - 2024-06-18 19:11:34 --> 404 Page Not Found: Auth/index
INFO - 2024-06-18 19:11:43 --> Config Class Initialized
INFO - 2024-06-18 19:11:43 --> Hooks Class Initialized
DEBUG - 2024-06-18 19:11:43 --> UTF-8 Support Enabled
INFO - 2024-06-18 19:11:43 --> Utf8 Class Initialized
INFO - 2024-06-18 19:11:43 --> URI Class Initialized
INFO - 2024-06-18 19:11:43 --> Router Class Initialized
INFO - 2024-06-18 19:11:43 --> Output Class Initialized
INFO - 2024-06-18 19:11:43 --> Security Class Initialized
DEBUG - 2024-06-18 19:11:43 --> Global POST, GET and COOKIE data sanitized
INFO - 2024-06-18 19:11:43 --> Input Class Initialized
INFO - 2024-06-18 19:11:43 --> Language Class Initialized
INFO - 2024-06-18 19:11:43 --> Loader Class Initialized
INFO - 2024-06-18 19:11:43 --> Helper loaded: url_helper
INFO - 2024-06-18 19:11:43 --> Database Driver Class Initialized
INFO - 2024-06-18 19:11:43 --> Controller Class Initialized
INFO - 2024-06-18 19:11:43 --> Model "Mconfigkey" initialized
INFO - 2024-06-18 19:11:43 --> Final output sent to browser
DEBUG - 2024-06-18 19:11:43 --> Total execution time: 0.0815
INFO - 2024-06-18 19:11:55 --> Config Class Initialized
INFO - 2024-06-18 19:11:55 --> Hooks Class Initialized
DEBUG - 2024-06-18 19:11:55 --> UTF-8 Support Enabled
INFO - 2024-06-18 19:11:55 --> Utf8 Class Initialized
INFO - 2024-06-18 19:11:55 --> URI Class Initialized
INFO - 2024-06-18 19:11:55 --> Router Class Initialized
INFO - 2024-06-18 19:11:55 --> Output Class Initialized
INFO - 2024-06-18 19:11:55 --> Security Class Initialized
DEBUG - 2024-06-18 19:11:55 --> Global POST, GET and COOKIE data sanitized
INFO - 2024-06-18 19:11:55 --> Input Class Initialized
INFO - 2024-06-18 19:11:55 --> Language Class Initialized
ERROR - 2024-06-18 19:11:55 --> 404 Page Not Found: Auth/index
INFO - 2024-06-18 19:12:35 --> Config Class Initialized
INFO - 2024-06-18 19:12:35 --> Hooks Class Initialized
DEBUG - 2024-06-18 19:12:35 --> UTF-8 Support Enabled
INFO - 2024-06-18 19:12:35 --> Utf8 Class Initialized
INFO - 2024-06-18 19:12:35 --> URI Class Initialized
INFO - 2024-06-18 19:12:35 --> Router Class Initialized
INFO - 2024-06-18 19:12:35 --> Output Class Initialized
INFO - 2024-06-18 19:12:35 --> Security Class Initialized
DEBUG - 2024-06-18 19:12:35 --> Global POST, GET and COOKIE data sanitized
INFO - 2024-06-18 19:12:35 --> Input Class Initialized
INFO - 2024-06-18 19:12:35 --> Language Class Initialized
INFO - 2024-06-18 19:12:35 --> Loader Class Initialized
INFO - 2024-06-18 19:12:35 --> Helper loaded: url_helper
INFO - 2024-06-18 19:12:35 --> Database Driver Class Initialized
INFO - 2024-06-18 19:12:35 --> Controller Class Initialized
INFO - 2024-06-18 19:12:35 --> Final output sent to browser
DEBUG - 2024-06-18 19:12:35 --> Total execution time: 0.0186
INFO - 2024-06-18 19:12:40 --> Config Class Initialized
INFO - 2024-06-18 19:12:40 --> Hooks Class Initialized
DEBUG - 2024-06-18 19:12:40 --> UTF-8 Support Enabled
INFO - 2024-06-18 19:12:40 --> Utf8 Class Initialized
INFO - 2024-06-18 19:12:40 --> URI Class Initialized
INFO - 2024-06-18 19:12:40 --> Router Class Initialized
INFO - 2024-06-18 19:12:40 --> Output Class Initialized
INFO - 2024-06-18 19:12:40 --> Security Class Initialized
DEBUG - 2024-06-18 19:12:40 --> Global POST, GET and COOKIE data sanitized
INFO - 2024-06-18 19:12:40 --> Input Class Initialized
INFO - 2024-06-18 19:12:40 --> Language Class Initialized
ERROR - 2024-06-18 19:12:40 --> 404 Page Not Found: Auth/index
INFO - 2024-06-18 19:13:54 --> Config Class Initialized
INFO - 2024-06-18 19:13:54 --> Hooks Class Initialized
DEBUG - 2024-06-18 19:13:55 --> UTF-8 Support Enabled
INFO - 2024-06-18 19:13:55 --> Utf8 Class Initialized
INFO - 2024-06-18 19:13:55 --> URI Class Initialized
INFO - 2024-06-18 19:13:55 --> Router Class Initialized
INFO - 2024-06-18 19:13:55 --> Output Class Initialized
INFO - 2024-06-18 19:13:55 --> Security Class Initialized
DEBUG - 2024-06-18 19:13:55 --> Global POST, GET and COOKIE data sanitized
INFO - 2024-06-18 19:13:55 --> Input Class Initialized
INFO - 2024-06-18 19:13:55 --> Language Class Initialized
ERROR - 2024-06-18 19:13:55 --> 404 Page Not Found: Auth/index
INFO - 2024-06-18 19:14:03 --> Config Class Initialized
INFO - 2024-06-18 19:14:03 --> Hooks Class Initialized
DEBUG - 2024-06-18 19:14:03 --> UTF-8 Support Enabled
INFO - 2024-06-18 19:14:03 --> Utf8 Class Initialized
INFO - 2024-06-18 19:14:03 --> URI Class Initialized
INFO - 2024-06-18 19:14:03 --> Router Class Initialized
INFO - 2024-06-18 19:14:03 --> Output Class Initialized
INFO - 2024-06-18 19:14:03 --> Security Class Initialized
DEBUG - 2024-06-18 19:14:03 --> Global POST, GET and COOKIE data sanitized
INFO - 2024-06-18 19:14:03 --> Input Class Initialized
INFO - 2024-06-18 19:14:03 --> Language Class Initialized
INFO - 2024-06-18 19:14:03 --> Loader Class Initialized
INFO - 2024-06-18 19:14:03 --> Helper loaded: url_helper
INFO - 2024-06-18 19:14:03 --> Database Driver Class Initialized
INFO - 2024-06-18 19:14:03 --> Controller Class Initialized
INFO - 2024-06-18 19:14:03 --> Model "Mconfigkey" initialized
INFO - 2024-06-18 19:14:03 --> Final output sent to browser
DEBUG - 2024-06-18 19:14:03 --> Total execution time: 0.0191
INFO - 2024-06-18 19:14:07 --> Config Class Initialized
INFO - 2024-06-18 19:14:07 --> Hooks Class Initialized
DEBUG - 2024-06-18 19:14:07 --> UTF-8 Support Enabled
INFO - 2024-06-18 19:14:07 --> Utf8 Class Initialized
INFO - 2024-06-18 19:14:07 --> URI Class Initialized
INFO - 2024-06-18 19:14:07 --> Router Class Initialized
INFO - 2024-06-18 19:14:07 --> Output Class Initialized
INFO - 2024-06-18 19:14:07 --> Security Class Initialized
DEBUG - 2024-06-18 19:14:07 --> Global POST, GET and COOKIE data sanitized
INFO - 2024-06-18 19:14:07 --> Input Class Initialized
INFO - 2024-06-18 19:14:07 --> Language Class Initialized
INFO - 2024-06-18 19:14:07 --> Loader Class Initialized
INFO - 2024-06-18 19:14:07 --> Helper loaded: url_helper
INFO - 2024-06-18 19:14:07 --> Database Driver Class Initialized
INFO - 2024-06-18 19:14:07 --> Controller Class Initialized
INFO - 2024-06-18 19:14:07 --> Model "Mauth" initialized
INFO - 2024-06-18 19:14:07 --> Model "Mconfigkey" initialized
INFO - 2024-06-18 19:14:07 --> Final output sent to browser
DEBUG - 2024-06-18 19:14:07 --> Total execution time: 0.0241
INFO - 2024-06-18 19:14:21 --> Config Class Initialized
INFO - 2024-06-18 19:14:21 --> Hooks Class Initialized
DEBUG - 2024-06-18 19:14:21 --> UTF-8 Support Enabled
INFO - 2024-06-18 19:14:21 --> Utf8 Class Initialized
INFO - 2024-06-18 19:14:21 --> URI Class Initialized
INFO - 2024-06-18 19:14:21 --> Router Class Initialized
INFO - 2024-06-18 19:14:21 --> Output Class Initialized
INFO - 2024-06-18 19:14:21 --> Security Class Initialized
DEBUG - 2024-06-18 19:14:21 --> Global POST, GET and COOKIE data sanitized
INFO - 2024-06-18 19:14:21 --> Input Class Initialized
INFO - 2024-06-18 19:14:21 --> Language Class Initialized
INFO - 2024-06-18 19:14:21 --> Loader Class Initialized
INFO - 2024-06-18 19:14:21 --> Helper loaded: url_helper
INFO - 2024-06-18 19:14:21 --> Database Driver Class Initialized
INFO - 2024-06-18 19:14:21 --> Controller Class Initialized
INFO - 2024-06-18 19:14:21 --> Model "Mconfigkey" initialized
INFO - 2024-06-18 19:14:21 --> Model "Mgoods_in" initialized
INFO - 2024-06-18 19:14:21 --> Final output sent to browser
DEBUG - 2024-06-18 19:14:21 --> Total execution time: 0.0349
