INFO - 2024-11-27 10:05:52 --> Config Class Initialized
INFO - 2024-11-27 10:05:52 --> Hooks Class Initialized
DEBUG - 2024-11-27 10:05:52 --> UTF-8 Support Enabled
INFO - 2024-11-27 10:05:52 --> Utf8 Class Initialized
INFO - 2024-11-27 10:05:52 --> URI Class Initialized
INFO - 2024-11-27 10:05:52 --> Router Class Initialized
INFO - 2024-11-27 10:05:52 --> Output Class Initialized
INFO - 2024-11-27 10:05:52 --> Security Class Initialized
DEBUG - 2024-11-27 10:05:52 --> Global POST, GET and COOKIE data sanitized
INFO - 2024-11-27 10:05:52 --> Input Class Initialized
INFO - 2024-11-27 10:05:52 --> Language Class Initialized
INFO - 2024-11-27 10:05:52 --> Loader Class Initialized
INFO - 2024-11-27 10:05:52 --> Helper loaded: url_helper
INFO - 2024-11-27 10:05:52 --> Database Driver Class Initialized
INFO - 2024-11-27 10:05:52 --> Controller Class Initialized
INFO - 2024-11-27 10:05:52 --> Model "Mconfigkey" initialized
INFO - 2024-11-27 10:05:52 --> Final output sent to browser
DEBUG - 2024-11-27 10:05:52 --> Total execution time: 0.0227
INFO - 2024-11-27 17:28:27 --> Config Class Initialized
INFO - 2024-11-27 17:28:27 --> Hooks Class Initialized
DEBUG - 2024-11-27 17:28:27 --> UTF-8 Support Enabled
INFO - 2024-11-27 17:28:27 --> Utf8 Class Initialized
INFO - 2024-11-27 17:28:27 --> URI Class Initialized
INFO - 2024-11-27 17:28:27 --> Router Class Initialized
INFO - 2024-11-27 17:28:27 --> Output Class Initialized
INFO - 2024-11-27 17:28:27 --> Security Class Initialized
DEBUG - 2024-11-27 17:28:27 --> Global POST, GET and COOKIE data sanitized
INFO - 2024-11-27 17:28:27 --> Input Class Initialized
INFO - 2024-11-27 17:28:27 --> Language Class Initialized
INFO - 2024-11-27 17:28:27 --> Loader Class Initialized
INFO - 2024-11-27 17:28:27 --> Helper loaded: url_helper
INFO - 2024-11-27 17:28:27 --> Database Driver Class Initialized
INFO - 2024-11-27 17:28:27 --> Controller Class Initialized
INFO - 2024-11-27 17:28:27 --> Model "Mconfigkey" initialized
INFO - 2024-11-27 17:28:27 --> Final output sent to browser
DEBUG - 2024-11-27 17:28:27 --> Total execution time: 0.5108
