INFO - 2025-03-02 22:13:33 --> Config Class Initialized
INFO - 2025-03-02 22:13:33 --> Hooks Class Initialized
DEBUG - 2025-03-02 22:13:34 --> UTF-8 Support Enabled
INFO - 2025-03-02 22:13:34 --> Utf8 Class Initialized
INFO - 2025-03-02 22:13:34 --> URI Class Initialized
INFO - 2025-03-02 22:13:34 --> Router Class Initialized
INFO - 2025-03-02 22:13:34 --> Output Class Initialized
INFO - 2025-03-02 22:13:34 --> Security Class Initialized
DEBUG - 2025-03-02 22:13:34 --> Global POST, GET and COOKIE data sanitized
INFO - 2025-03-02 22:13:34 --> Input Class Initialized
INFO - 2025-03-02 22:13:34 --> Language Class Initialized
INFO - 2025-03-02 22:13:34 --> Loader Class Initialized
INFO - 2025-03-02 22:13:34 --> Helper loaded: url_helper
INFO - 2025-03-02 22:13:34 --> Database Driver Class Initialized
INFO - 2025-03-02 22:13:34 --> Controller Class Initialized
INFO - 2025-03-02 22:13:34 --> Model "Mconfigkey" initialized
INFO - 2025-03-02 22:13:34 --> Final output sent to browser
DEBUG - 2025-03-02 22:13:34 --> Total execution time: 0.5722
INFO - 2025-03-02 22:13:38 --> Config Class Initialized
INFO - 2025-03-02 22:13:38 --> Hooks Class Initialized
DEBUG - 2025-03-02 22:13:38 --> UTF-8 Support Enabled
INFO - 2025-03-02 22:13:38 --> Utf8 Class Initialized
INFO - 2025-03-02 22:13:38 --> URI Class Initialized
INFO - 2025-03-02 22:13:38 --> Router Class Initialized
INFO - 2025-03-02 22:13:38 --> Output Class Initialized
INFO - 2025-03-02 22:13:38 --> Security Class Initialized
DEBUG - 2025-03-02 22:13:38 --> Global POST, GET and COOKIE data sanitized
INFO - 2025-03-02 22:13:38 --> Input Class Initialized
INFO - 2025-03-02 22:13:38 --> Language Class Initialized
INFO - 2025-03-02 22:13:38 --> Loader Class Initialized
INFO - 2025-03-02 22:13:38 --> Helper loaded: url_helper
INFO - 2025-03-02 22:13:38 --> Database Driver Class Initialized
INFO - 2025-03-02 22:13:38 --> Controller Class Initialized
INFO - 2025-03-02 22:13:38 --> Model "Mauth" initialized
INFO - 2025-03-02 22:13:38 --> Model "Mconfigkey" initialized
INFO - 2025-03-02 22:13:38 --> Final output sent to browser
DEBUG - 2025-03-02 22:13:38 --> Total execution time: 0.0409
INFO - 2025-03-02 22:13:43 --> Config Class Initialized
INFO - 2025-03-02 22:13:43 --> Hooks Class Initialized
DEBUG - 2025-03-02 22:13:43 --> UTF-8 Support Enabled
INFO - 2025-03-02 22:13:43 --> Utf8 Class Initialized
INFO - 2025-03-02 22:13:43 --> URI Class Initialized
INFO - 2025-03-02 22:13:43 --> Router Class Initialized
INFO - 2025-03-02 22:13:43 --> Output Class Initialized
INFO - 2025-03-02 22:13:43 --> Security Class Initialized
DEBUG - 2025-03-02 22:13:43 --> Global POST, GET and COOKIE data sanitized
INFO - 2025-03-02 22:13:43 --> Input Class Initialized
INFO - 2025-03-02 22:13:43 --> Language Class Initialized
INFO - 2025-03-02 22:13:43 --> Loader Class Initialized
INFO - 2025-03-02 22:13:43 --> Helper loaded: url_helper
INFO - 2025-03-02 22:13:43 --> Database Driver Class Initialized
INFO - 2025-03-02 22:13:43 --> Controller Class Initialized
INFO - 2025-03-02 22:13:43 --> Model "Mconfigkey" initialized
INFO - 2025-03-02 22:13:43 --> Model "Mportal_data" initialized
INFO - 2025-03-02 22:13:43 --> Final output sent to browser
DEBUG - 2025-03-02 22:13:43 --> Total execution time: 0.0527
INFO - 2025-03-02 22:13:45 --> Config Class Initialized
INFO - 2025-03-02 22:13:45 --> Hooks Class Initialized
DEBUG - 2025-03-02 22:13:45 --> UTF-8 Support Enabled
INFO - 2025-03-02 22:13:45 --> Utf8 Class Initialized
INFO - 2025-03-02 22:13:45 --> URI Class Initialized
INFO - 2025-03-02 22:13:45 --> Router Class Initialized
INFO - 2025-03-02 22:13:45 --> Output Class Initialized
INFO - 2025-03-02 22:13:45 --> Security Class Initialized
DEBUG - 2025-03-02 22:13:45 --> Global POST, GET and COOKIE data sanitized
INFO - 2025-03-02 22:13:45 --> Input Class Initialized
INFO - 2025-03-02 22:13:45 --> Language Class Initialized
INFO - 2025-03-02 22:13:45 --> Loader Class Initialized
INFO - 2025-03-02 22:13:45 --> Helper loaded: url_helper
INFO - 2025-03-02 22:13:45 --> Database Driver Class Initialized
INFO - 2025-03-02 22:13:45 --> Controller Class Initialized
INFO - 2025-03-02 22:13:45 --> Model "Mauth" initialized
INFO - 2025-03-02 22:13:45 --> Model "Mconfigkey" initialized
ERROR - 2025-03-02 22:13:45 --> Severity: Warning --> array_merge(): Expected parameter 1 to be an array, null given D:\xampp\htdocs\plb\dummyservice\application\controllers\PortalApiPlb.php 64
INFO - 2025-03-02 22:13:46 --> Final output sent to browser
DEBUG - 2025-03-02 22:13:46 --> Total execution time: 1.1967
INFO - 2025-03-02 22:14:20 --> Config Class Initialized
INFO - 2025-03-02 22:14:20 --> Hooks Class Initialized
DEBUG - 2025-03-02 22:14:20 --> UTF-8 Support Enabled
INFO - 2025-03-02 22:14:20 --> Utf8 Class Initialized
INFO - 2025-03-02 22:14:20 --> URI Class Initialized
INFO - 2025-03-02 22:14:20 --> Router Class Initialized
INFO - 2025-03-02 22:14:20 --> Output Class Initialized
INFO - 2025-03-02 22:14:20 --> Security Class Initialized
DEBUG - 2025-03-02 22:14:20 --> Global POST, GET and COOKIE data sanitized
INFO - 2025-03-02 22:14:20 --> Input Class Initialized
INFO - 2025-03-02 22:14:20 --> Language Class Initialized
INFO - 2025-03-02 22:14:20 --> Loader Class Initialized
INFO - 2025-03-02 22:14:20 --> Helper loaded: url_helper
INFO - 2025-03-02 22:14:20 --> Database Driver Class Initialized
INFO - 2025-03-02 22:14:20 --> Controller Class Initialized
INFO - 2025-03-02 22:14:20 --> Model "Mauth" initialized
INFO - 2025-03-02 22:14:20 --> Model "Mconfigkey" initialized
INFO - 2025-03-02 22:14:22 --> Model "Mportal_data" initialized
ERROR - 2025-03-02 22:14:23 --> Severity: Warning --> Use of undefined constant nothing - assumed 'nothing' (this will throw an Error in a future version of PHP) D:\xampp\htdocs\plb\dummyservice\application\controllers\PortalApiPlb.php 318
ERROR - 2025-03-02 22:14:24 --> Severity: Warning --> array_key_exists() expects parameter 2 to be array, string given D:\xampp\htdocs\plb\dummyservice\application\controllers\PortalApiPlb.php 481
INFO - 2025-03-02 22:14:24 --> Final output sent to browser
DEBUG - 2025-03-02 22:14:24 --> Total execution time: 3.9912
INFO - 2025-03-02 22:14:27 --> Config Class Initialized
INFO - 2025-03-02 22:14:27 --> Hooks Class Initialized
DEBUG - 2025-03-02 22:14:27 --> UTF-8 Support Enabled
INFO - 2025-03-02 22:14:27 --> Utf8 Class Initialized
INFO - 2025-03-02 22:14:27 --> URI Class Initialized
INFO - 2025-03-02 22:14:27 --> Router Class Initialized
INFO - 2025-03-02 22:14:27 --> Output Class Initialized
INFO - 2025-03-02 22:14:27 --> Security Class Initialized
DEBUG - 2025-03-02 22:14:27 --> Global POST, GET and COOKIE data sanitized
INFO - 2025-03-02 22:14:27 --> Input Class Initialized
INFO - 2025-03-02 22:14:27 --> Language Class Initialized
INFO - 2025-03-02 22:14:27 --> Loader Class Initialized
INFO - 2025-03-02 22:14:27 --> Helper loaded: url_helper
INFO - 2025-03-02 22:14:27 --> Database Driver Class Initialized
INFO - 2025-03-02 22:14:27 --> Controller Class Initialized
INFO - 2025-03-02 22:14:27 --> Model "Mconfigkey" initialized
INFO - 2025-03-02 22:14:27 --> Model "Mportal_data" initialized
INFO - 2025-03-02 22:14:27 --> Final output sent to browser
DEBUG - 2025-03-02 22:14:27 --> Total execution time: 0.0534
INFO - 2025-03-02 22:14:30 --> Config Class Initialized
INFO - 2025-03-02 22:14:30 --> Hooks Class Initialized
DEBUG - 2025-03-02 22:14:30 --> UTF-8 Support Enabled
INFO - 2025-03-02 22:14:30 --> Utf8 Class Initialized
INFO - 2025-03-02 22:14:30 --> URI Class Initialized
INFO - 2025-03-02 22:14:30 --> Router Class Initialized
INFO - 2025-03-02 22:14:30 --> Output Class Initialized
INFO - 2025-03-02 22:14:30 --> Security Class Initialized
DEBUG - 2025-03-02 22:14:30 --> Global POST, GET and COOKIE data sanitized
INFO - 2025-03-02 22:14:30 --> Input Class Initialized
INFO - 2025-03-02 22:14:30 --> Language Class Initialized
INFO - 2025-03-02 22:14:30 --> Loader Class Initialized
INFO - 2025-03-02 22:14:30 --> Helper loaded: url_helper
INFO - 2025-03-02 22:14:30 --> Database Driver Class Initialized
INFO - 2025-03-02 22:14:30 --> Controller Class Initialized
INFO - 2025-03-02 22:14:30 --> Model "Mconfigkey" initialized
ERROR - 2025-03-02 22:14:30 --> Severity: Warning --> array_merge(): Expected parameter 1 to be an array, null given D:\xampp\htdocs\plb\dummyservice\application\controllers\PortalApi.php 51
INFO - 2025-03-02 22:14:47 --> Final output sent to browser
DEBUG - 2025-03-02 22:14:47 --> Total execution time: 16.9574
INFO - 2025-03-02 22:14:51 --> Config Class Initialized
INFO - 2025-03-02 22:14:51 --> Hooks Class Initialized
DEBUG - 2025-03-02 22:14:51 --> UTF-8 Support Enabled
INFO - 2025-03-02 22:14:51 --> Utf8 Class Initialized
INFO - 2025-03-02 22:14:51 --> URI Class Initialized
INFO - 2025-03-02 22:14:51 --> Router Class Initialized
INFO - 2025-03-02 22:14:51 --> Output Class Initialized
INFO - 2025-03-02 22:14:51 --> Security Class Initialized
DEBUG - 2025-03-02 22:14:51 --> Global POST, GET and COOKIE data sanitized
INFO - 2025-03-02 22:14:51 --> Input Class Initialized
INFO - 2025-03-02 22:14:51 --> Language Class Initialized
INFO - 2025-03-02 22:14:51 --> Loader Class Initialized
INFO - 2025-03-02 22:14:51 --> Helper loaded: url_helper
INFO - 2025-03-02 22:14:51 --> Database Driver Class Initialized
INFO - 2025-03-02 22:14:51 --> Controller Class Initialized
INFO - 2025-03-02 22:14:51 --> Model "Mconfigkey" initialized
INFO - 2025-03-02 22:14:51 --> Final output sent to browser
DEBUG - 2025-03-02 22:14:51 --> Total execution time: 0.2029
INFO - 2025-03-02 22:15:23 --> Config Class Initialized
INFO - 2025-03-02 22:15:23 --> Hooks Class Initialized
DEBUG - 2025-03-02 22:15:23 --> UTF-8 Support Enabled
INFO - 2025-03-02 22:15:23 --> Utf8 Class Initialized
INFO - 2025-03-02 22:15:23 --> URI Class Initialized
INFO - 2025-03-02 22:15:23 --> Router Class Initialized
INFO - 2025-03-02 22:15:23 --> Output Class Initialized
INFO - 2025-03-02 22:15:23 --> Security Class Initialized
DEBUG - 2025-03-02 22:15:23 --> Global POST, GET and COOKIE data sanitized
INFO - 2025-03-02 22:15:23 --> Input Class Initialized
INFO - 2025-03-02 22:15:23 --> Language Class Initialized
INFO - 2025-03-02 22:15:23 --> Loader Class Initialized
INFO - 2025-03-02 22:15:23 --> Helper loaded: url_helper
INFO - 2025-03-02 22:15:23 --> Database Driver Class Initialized
INFO - 2025-03-02 22:15:23 --> Controller Class Initialized
INFO - 2025-03-02 22:15:23 --> Model "Mauth" initialized
INFO - 2025-03-02 22:15:23 --> Model "Mconfigkey" initialized
ERROR - 2025-03-02 22:15:23 --> Severity: Warning --> array_merge(): Expected parameter 1 to be an array, null given D:\xampp\htdocs\plb\dummyservice\application\controllers\PortalApiPlb.php 64
INFO - 2025-03-02 22:15:24 --> Final output sent to browser
DEBUG - 2025-03-02 22:15:24 --> Total execution time: 0.6482
INFO - 2025-03-02 22:15:26 --> Config Class Initialized
INFO - 2025-03-02 22:15:26 --> Hooks Class Initialized
DEBUG - 2025-03-02 22:15:26 --> UTF-8 Support Enabled
INFO - 2025-03-02 22:15:26 --> Utf8 Class Initialized
INFO - 2025-03-02 22:15:26 --> URI Class Initialized
INFO - 2025-03-02 22:15:26 --> Router Class Initialized
INFO - 2025-03-02 22:15:26 --> Output Class Initialized
INFO - 2025-03-02 22:15:26 --> Security Class Initialized
DEBUG - 2025-03-02 22:15:26 --> Global POST, GET and COOKIE data sanitized
INFO - 2025-03-02 22:15:26 --> Input Class Initialized
INFO - 2025-03-02 22:15:26 --> Language Class Initialized
INFO - 2025-03-02 22:15:26 --> Loader Class Initialized
INFO - 2025-03-02 22:15:26 --> Helper loaded: url_helper
INFO - 2025-03-02 22:15:26 --> Database Driver Class Initialized
INFO - 2025-03-02 22:15:26 --> Controller Class Initialized
INFO - 2025-03-02 22:15:26 --> Model "Mauth" initialized
INFO - 2025-03-02 22:15:26 --> Model "Mconfigkey" initialized
INFO - 2025-03-02 22:15:27 --> Model "Mportal_data" initialized
ERROR - 2025-03-02 22:15:28 --> Severity: Warning --> Use of undefined constant nothing - assumed 'nothing' (this will throw an Error in a future version of PHP) D:\xampp\htdocs\plb\dummyservice\application\controllers\PortalApiPlb.php 318
ERROR - 2025-03-02 22:15:28 --> Severity: Warning --> array_key_exists() expects parameter 2 to be array, string given D:\xampp\htdocs\plb\dummyservice\application\controllers\PortalApiPlb.php 481
INFO - 2025-03-02 22:15:28 --> Final output sent to browser
DEBUG - 2025-03-02 22:15:28 --> Total execution time: 1.8149
