INFO - 2024-10-11 11:02:46 --> Config Class Initialized
INFO - 2024-10-11 11:02:46 --> Hooks Class Initialized
DEBUG - 2024-10-11 11:02:46 --> UTF-8 Support Enabled
INFO - 2024-10-11 11:02:46 --> Utf8 Class Initialized
INFO - 2024-10-11 11:02:46 --> URI Class Initialized
INFO - 2024-10-11 11:02:46 --> Router Class Initialized
INFO - 2024-10-11 11:02:46 --> Output Class Initialized
INFO - 2024-10-11 11:02:46 --> Security Class Initialized
DEBUG - 2024-10-11 11:02:46 --> Global POST, GET and COOKIE data sanitized
INFO - 2024-10-11 11:02:46 --> Input Class Initialized
INFO - 2024-10-11 11:02:46 --> Language Class Initialized
INFO - 2024-10-11 11:02:46 --> Loader Class Initialized
INFO - 2024-10-11 11:02:46 --> Helper loaded: url_helper
INFO - 2024-10-11 11:02:46 --> Database Driver Class Initialized
INFO - 2024-10-11 11:02:46 --> Controller Class Initialized
INFO - 2024-10-11 11:02:46 --> Model "Mconfigkey" initialized
INFO - 2024-10-11 11:02:46 --> Final output sent to browser
DEBUG - 2024-10-11 11:02:46 --> Total execution time: 0.0333
INFO - 2024-10-11 11:02:54 --> Config Class Initialized
INFO - 2024-10-11 11:02:54 --> Hooks Class Initialized
DEBUG - 2024-10-11 11:02:54 --> UTF-8 Support Enabled
INFO - 2024-10-11 11:02:54 --> Utf8 Class Initialized
INFO - 2024-10-11 11:02:54 --> URI Class Initialized
INFO - 2024-10-11 11:02:54 --> Router Class Initialized
INFO - 2024-10-11 11:02:54 --> Output Class Initialized
INFO - 2024-10-11 11:02:54 --> Security Class Initialized
DEBUG - 2024-10-11 11:02:54 --> Global POST, GET and COOKIE data sanitized
INFO - 2024-10-11 11:02:54 --> Input Class Initialized
INFO - 2024-10-11 11:02:54 --> Language Class Initialized
INFO - 2024-10-11 11:02:54 --> Loader Class Initialized
INFO - 2024-10-11 11:02:54 --> Helper loaded: url_helper
INFO - 2024-10-11 11:02:54 --> Database Driver Class Initialized
INFO - 2024-10-11 11:02:54 --> Controller Class Initialized
INFO - 2024-10-11 11:02:54 --> Model "Mauth" initialized
INFO - 2024-10-11 11:02:54 --> Model "Mconfigkey" initialized
INFO - 2024-10-11 11:02:54 --> Final output sent to browser
DEBUG - 2024-10-11 11:02:54 --> Total execution time: 0.0365
INFO - 2024-10-11 11:02:59 --> Config Class Initialized
INFO - 2024-10-11 11:02:59 --> Hooks Class Initialized
DEBUG - 2024-10-11 11:02:59 --> UTF-8 Support Enabled
INFO - 2024-10-11 11:02:59 --> Utf8 Class Initialized
INFO - 2024-10-11 11:02:59 --> URI Class Initialized
INFO - 2024-10-11 11:02:59 --> Router Class Initialized
INFO - 2024-10-11 11:02:59 --> Output Class Initialized
INFO - 2024-10-11 11:02:59 --> Security Class Initialized
DEBUG - 2024-10-11 11:02:59 --> Global POST, GET and COOKIE data sanitized
INFO - 2024-10-11 11:02:59 --> Input Class Initialized
INFO - 2024-10-11 11:02:59 --> Language Class Initialized
INFO - 2024-10-11 11:02:59 --> Loader Class Initialized
INFO - 2024-10-11 11:02:59 --> Helper loaded: url_helper
INFO - 2024-10-11 11:02:59 --> Database Driver Class Initialized
INFO - 2024-10-11 11:02:59 --> Controller Class Initialized
INFO - 2024-10-11 11:02:59 --> Model "Mconfigkey" initialized
INFO - 2024-10-11 11:02:59 --> Model "Msync_doc_aw" initialized
INFO - 2024-10-11 11:02:59 --> Final output sent to browser
DEBUG - 2024-10-11 11:02:59 --> Total execution time: 0.0688
INFO - 2024-10-11 11:03:02 --> Config Class Initialized
INFO - 2024-10-11 11:03:02 --> Hooks Class Initialized
DEBUG - 2024-10-11 11:03:02 --> UTF-8 Support Enabled
INFO - 2024-10-11 11:03:02 --> Utf8 Class Initialized
INFO - 2024-10-11 11:03:02 --> URI Class Initialized
INFO - 2024-10-11 11:03:02 --> Router Class Initialized
INFO - 2024-10-11 11:03:02 --> Output Class Initialized
INFO - 2024-10-11 11:03:02 --> Security Class Initialized
DEBUG - 2024-10-11 11:03:02 --> Global POST, GET and COOKIE data sanitized
INFO - 2024-10-11 11:03:02 --> Input Class Initialized
INFO - 2024-10-11 11:03:02 --> Language Class Initialized
INFO - 2024-10-11 11:03:02 --> Loader Class Initialized
INFO - 2024-10-11 11:03:02 --> Config Class Initialized
INFO - 2024-10-11 11:03:02 --> Hooks Class Initialized
INFO - 2024-10-11 11:03:02 --> Helper loaded: url_helper
DEBUG - 2024-10-11 11:03:02 --> UTF-8 Support Enabled
INFO - 2024-10-11 11:03:02 --> Utf8 Class Initialized
INFO - 2024-10-11 11:03:02 --> URI Class Initialized
INFO - 2024-10-11 11:03:02 --> Router Class Initialized
INFO - 2024-10-11 11:03:02 --> Output Class Initialized
INFO - 2024-10-11 11:03:02 --> Database Driver Class Initialized
INFO - 2024-10-11 11:03:02 --> Security Class Initialized
DEBUG - 2024-10-11 11:03:02 --> Global POST, GET and COOKIE data sanitized
INFO - 2024-10-11 11:03:02 --> Input Class Initialized
INFO - 2024-10-11 11:03:02 --> Language Class Initialized
INFO - 2024-10-11 11:03:02 --> Loader Class Initialized
INFO - 2024-10-11 11:03:02 --> Helper loaded: url_helper
INFO - 2024-10-11 11:03:02 --> Database Driver Class Initialized
INFO - 2024-10-11 11:03:02 --> Controller Class Initialized
INFO - 2024-10-11 11:03:02 --> Model "Mconfigkey" initialized
INFO - 2024-10-11 11:03:02 --> Model "Msync_doc_aw" initialized
INFO - 2024-10-11 11:03:02 --> Controller Class Initialized
INFO - 2024-10-11 11:03:02 --> Model "Mconfigkey" initialized
INFO - 2024-10-11 11:03:02 --> Model "Msync_doc_aw" initialized
INFO - 2024-10-11 11:03:02 --> Final output sent to browser
DEBUG - 2024-10-11 11:03:02 --> Total execution time: 0.0359
INFO - 2024-10-11 11:03:02 --> Final output sent to browser
DEBUG - 2024-10-11 11:03:02 --> Total execution time: 0.0449
INFO - 2024-10-11 11:09:08 --> Config Class Initialized
INFO - 2024-10-11 11:09:08 --> Hooks Class Initialized
DEBUG - 2024-10-11 11:09:08 --> UTF-8 Support Enabled
INFO - 2024-10-11 11:09:08 --> Utf8 Class Initialized
INFO - 2024-10-11 11:09:08 --> URI Class Initialized
INFO - 2024-10-11 11:09:08 --> Router Class Initialized
INFO - 2024-10-11 11:09:08 --> Output Class Initialized
INFO - 2024-10-11 11:09:08 --> Security Class Initialized
DEBUG - 2024-10-11 11:09:08 --> Global POST, GET and COOKIE data sanitized
INFO - 2024-10-11 11:09:08 --> Input Class Initialized
INFO - 2024-10-11 11:09:08 --> Language Class Initialized
INFO - 2024-10-11 11:09:08 --> Loader Class Initialized
INFO - 2024-10-11 11:09:08 --> Config Class Initialized
INFO - 2024-10-11 11:09:08 --> Hooks Class Initialized
INFO - 2024-10-11 11:09:08 --> Helper loaded: url_helper
DEBUG - 2024-10-11 11:09:08 --> UTF-8 Support Enabled
INFO - 2024-10-11 11:09:08 --> Utf8 Class Initialized
INFO - 2024-10-11 11:09:08 --> URI Class Initialized
INFO - 2024-10-11 11:09:08 --> Router Class Initialized
INFO - 2024-10-11 11:09:08 --> Output Class Initialized
INFO - 2024-10-11 11:09:08 --> Database Driver Class Initialized
INFO - 2024-10-11 11:09:08 --> Security Class Initialized
DEBUG - 2024-10-11 11:09:08 --> Global POST, GET and COOKIE data sanitized
INFO - 2024-10-11 11:09:08 --> Input Class Initialized
INFO - 2024-10-11 11:09:08 --> Language Class Initialized
INFO - 2024-10-11 11:09:08 --> Loader Class Initialized
INFO - 2024-10-11 11:09:08 --> Helper loaded: url_helper
INFO - 2024-10-11 11:09:08 --> Database Driver Class Initialized
INFO - 2024-10-11 11:09:08 --> Controller Class Initialized
INFO - 2024-10-11 11:09:08 --> Model "Mconfigkey" initialized
INFO - 2024-10-11 11:09:08 --> Model "Msync_doc_aw" initialized
INFO - 2024-10-11 11:09:08 --> Controller Class Initialized
INFO - 2024-10-11 11:09:08 --> Model "Mconfigkey" initialized
INFO - 2024-10-11 11:09:08 --> Model "Msync_doc_aw" initialized
INFO - 2024-10-11 11:09:08 --> Final output sent to browser
DEBUG - 2024-10-11 11:09:08 --> Total execution time: 0.0322
INFO - 2024-10-11 11:09:08 --> Final output sent to browser
DEBUG - 2024-10-11 11:09:08 --> Total execution time: 0.0834
INFO - 2024-10-11 13:11:53 --> Config Class Initialized
INFO - 2024-10-11 13:11:53 --> Hooks Class Initialized
DEBUG - 2024-10-11 13:11:53 --> UTF-8 Support Enabled
INFO - 2024-10-11 13:11:53 --> Utf8 Class Initialized
INFO - 2024-10-11 13:11:53 --> URI Class Initialized
INFO - 2024-10-11 13:11:53 --> Router Class Initialized
INFO - 2024-10-11 13:11:53 --> Output Class Initialized
INFO - 2024-10-11 13:11:53 --> Security Class Initialized
DEBUG - 2024-10-11 13:11:53 --> Global POST, GET and COOKIE data sanitized
INFO - 2024-10-11 13:11:53 --> Input Class Initialized
INFO - 2024-10-11 13:11:53 --> Language Class Initialized
INFO - 2024-10-11 13:11:53 --> Loader Class Initialized
INFO - 2024-10-11 13:11:53 --> Helper loaded: url_helper
INFO - 2024-10-11 13:11:53 --> Database Driver Class Initialized
INFO - 2024-10-11 13:11:53 --> Controller Class Initialized
INFO - 2024-10-11 13:11:53 --> Model "Mconfigkey" initialized
INFO - 2024-10-11 13:11:53 --> Final output sent to browser
DEBUG - 2024-10-11 13:11:53 --> Total execution time: 0.0199
INFO - 2024-10-11 15:58:44 --> Config Class Initialized
INFO - 2024-10-11 15:58:44 --> Hooks Class Initialized
DEBUG - 2024-10-11 15:58:44 --> UTF-8 Support Enabled
INFO - 2024-10-11 15:58:44 --> Utf8 Class Initialized
INFO - 2024-10-11 15:58:44 --> URI Class Initialized
INFO - 2024-10-11 15:58:44 --> Router Class Initialized
INFO - 2024-10-11 15:58:44 --> Output Class Initialized
INFO - 2024-10-11 15:58:44 --> Security Class Initialized
DEBUG - 2024-10-11 15:58:44 --> Global POST, GET and COOKIE data sanitized
INFO - 2024-10-11 15:58:44 --> Input Class Initialized
INFO - 2024-10-11 15:58:44 --> Language Class Initialized
INFO - 2024-10-11 15:58:44 --> Loader Class Initialized
INFO - 2024-10-11 15:58:44 --> Helper loaded: url_helper
INFO - 2024-10-11 15:58:44 --> Database Driver Class Initialized
INFO - 2024-10-11 15:58:44 --> Controller Class Initialized
INFO - 2024-10-11 15:58:44 --> Model "Mconfigkey" initialized
INFO - 2024-10-11 15:58:44 --> Final output sent to browser
DEBUG - 2024-10-11 15:58:44 --> Total execution time: 0.4002
INFO - 2024-10-11 15:58:48 --> Config Class Initialized
INFO - 2024-10-11 15:58:48 --> Hooks Class Initialized
DEBUG - 2024-10-11 15:58:48 --> UTF-8 Support Enabled
INFO - 2024-10-11 15:58:48 --> Utf8 Class Initialized
INFO - 2024-10-11 15:58:48 --> URI Class Initialized
INFO - 2024-10-11 15:58:48 --> Router Class Initialized
INFO - 2024-10-11 15:58:48 --> Output Class Initialized
INFO - 2024-10-11 15:58:48 --> Security Class Initialized
DEBUG - 2024-10-11 15:58:48 --> Global POST, GET and COOKIE data sanitized
INFO - 2024-10-11 15:58:48 --> Input Class Initialized
INFO - 2024-10-11 15:58:48 --> Language Class Initialized
INFO - 2024-10-11 15:58:48 --> Loader Class Initialized
INFO - 2024-10-11 15:58:48 --> Helper loaded: url_helper
INFO - 2024-10-11 15:58:48 --> Database Driver Class Initialized
INFO - 2024-10-11 15:58:48 --> Controller Class Initialized
INFO - 2024-10-11 15:58:48 --> Model "Mauth" initialized
INFO - 2024-10-11 15:58:48 --> Model "Mconfigkey" initialized
INFO - 2024-10-11 15:58:48 --> Final output sent to browser
DEBUG - 2024-10-11 15:58:48 --> Total execution time: 0.0348
INFO - 2024-10-11 15:58:51 --> Config Class Initialized
INFO - 2024-10-11 15:58:51 --> Hooks Class Initialized
DEBUG - 2024-10-11 15:58:51 --> UTF-8 Support Enabled
INFO - 2024-10-11 15:58:51 --> Utf8 Class Initialized
INFO - 2024-10-11 15:58:51 --> URI Class Initialized
INFO - 2024-10-11 15:58:51 --> Router Class Initialized
INFO - 2024-10-11 15:58:51 --> Output Class Initialized
INFO - 2024-10-11 15:58:51 --> Security Class Initialized
DEBUG - 2024-10-11 15:58:51 --> Global POST, GET and COOKIE data sanitized
INFO - 2024-10-11 15:58:51 --> Input Class Initialized
INFO - 2024-10-11 15:58:51 --> Language Class Initialized
INFO - 2024-10-11 15:58:51 --> Loader Class Initialized
INFO - 2024-10-11 15:58:51 --> Helper loaded: url_helper
INFO - 2024-10-11 15:58:51 --> Database Driver Class Initialized
INFO - 2024-10-11 15:58:51 --> Controller Class Initialized
INFO - 2024-10-11 15:58:51 --> Model "Mconfigkey" initialized
INFO - 2024-10-11 15:58:51 --> Model "Msync_doc_aw" initialized
INFO - 2024-10-11 15:58:51 --> Final output sent to browser
DEBUG - 2024-10-11 15:58:51 --> Total execution time: 0.0699
INFO - 2024-10-11 15:58:56 --> Config Class Initialized
INFO - 2024-10-11 15:58:56 --> Hooks Class Initialized
DEBUG - 2024-10-11 15:58:56 --> UTF-8 Support Enabled
INFO - 2024-10-11 15:58:56 --> Utf8 Class Initialized
INFO - 2024-10-11 15:58:56 --> URI Class Initialized
INFO - 2024-10-11 15:58:56 --> Router Class Initialized
INFO - 2024-10-11 15:58:56 --> Output Class Initialized
INFO - 2024-10-11 15:58:56 --> Security Class Initialized
DEBUG - 2024-10-11 15:58:56 --> Global POST, GET and COOKIE data sanitized
INFO - 2024-10-11 15:58:56 --> Input Class Initialized
INFO - 2024-10-11 15:58:56 --> Language Class Initialized
INFO - 2024-10-11 15:58:56 --> Loader Class Initialized
INFO - 2024-10-11 15:58:56 --> Helper loaded: url_helper
INFO - 2024-10-11 15:58:56 --> Database Driver Class Initialized
INFO - 2024-10-11 15:58:56 --> Controller Class Initialized
INFO - 2024-10-11 15:58:56 --> Model "Mconfigkey" initialized
INFO - 2024-10-11 15:58:56 --> Model "Mportal_data" initialized
INFO - 2024-10-11 15:58:56 --> Final output sent to browser
DEBUG - 2024-10-11 15:58:56 --> Total execution time: 0.0371
