INFO - 2025-05-20 09:17:02 --> Config Class Initialized
INFO - 2025-05-20 09:17:02 --> Hooks Class Initialized
DEBUG - 2025-05-20 09:17:02 --> UTF-8 Support Enabled
INFO - 2025-05-20 09:17:02 --> Utf8 Class Initialized
INFO - 2025-05-20 09:17:02 --> URI Class Initialized
INFO - 2025-05-20 09:17:02 --> Router Class Initialized
INFO - 2025-05-20 09:17:02 --> Output Class Initialized
INFO - 2025-05-20 09:17:02 --> Security Class Initialized
DEBUG - 2025-05-20 09:17:02 --> Global POST, GET and COOKIE data sanitized
INFO - 2025-05-20 09:17:02 --> Input Class Initialized
INFO - 2025-05-20 09:17:02 --> Language Class Initialized
INFO - 2025-05-20 09:17:02 --> Loader Class Initialized
INFO - 2025-05-20 09:17:02 --> Helper loaded: url_helper
INFO - 2025-05-20 09:17:02 --> Database Driver Class Initialized
INFO - 2025-05-20 09:17:02 --> Controller Class Initialized
INFO - 2025-05-20 09:17:02 --> Model "Mconfigkey" initialized
INFO - 2025-05-20 09:17:02 --> Final output sent to browser
DEBUG - 2025-05-20 09:17:02 --> Total execution time: 0.7012
INFO - 2025-05-20 09:17:12 --> Config Class Initialized
INFO - 2025-05-20 09:17:12 --> Hooks Class Initialized
DEBUG - 2025-05-20 09:17:12 --> UTF-8 Support Enabled
INFO - 2025-05-20 09:17:12 --> Utf8 Class Initialized
INFO - 2025-05-20 09:17:12 --> URI Class Initialized
INFO - 2025-05-20 09:17:12 --> Router Class Initialized
INFO - 2025-05-20 09:17:12 --> Output Class Initialized
INFO - 2025-05-20 09:17:12 --> Security Class Initialized
DEBUG - 2025-05-20 09:17:12 --> Global POST, GET and COOKIE data sanitized
INFO - 2025-05-20 09:17:12 --> Input Class Initialized
INFO - 2025-05-20 09:17:12 --> Language Class Initialized
INFO - 2025-05-20 09:17:12 --> Loader Class Initialized
INFO - 2025-05-20 09:17:12 --> Helper loaded: url_helper
INFO - 2025-05-20 09:17:12 --> Database Driver Class Initialized
INFO - 2025-05-20 09:17:12 --> Controller Class Initialized
INFO - 2025-05-20 09:17:12 --> Model "Mauth" initialized
INFO - 2025-05-20 09:17:12 --> Final output sent to browser
DEBUG - 2025-05-20 09:17:12 --> Total execution time: 0.0454
INFO - 2025-05-20 09:17:18 --> Config Class Initialized
INFO - 2025-05-20 09:17:18 --> Hooks Class Initialized
DEBUG - 2025-05-20 09:17:18 --> UTF-8 Support Enabled
INFO - 2025-05-20 09:17:18 --> Utf8 Class Initialized
INFO - 2025-05-20 09:17:18 --> URI Class Initialized
INFO - 2025-05-20 09:17:18 --> Router Class Initialized
INFO - 2025-05-20 09:17:18 --> Output Class Initialized
INFO - 2025-05-20 09:17:18 --> Security Class Initialized
DEBUG - 2025-05-20 09:17:18 --> Global POST, GET and COOKIE data sanitized
INFO - 2025-05-20 09:17:18 --> Input Class Initialized
INFO - 2025-05-20 09:17:18 --> Language Class Initialized
INFO - 2025-05-20 09:17:18 --> Loader Class Initialized
INFO - 2025-05-20 09:17:18 --> Helper loaded: url_helper
INFO - 2025-05-20 09:17:18 --> Database Driver Class Initialized
INFO - 2025-05-20 09:17:18 --> Controller Class Initialized
INFO - 2025-05-20 09:17:18 --> Model "Mauth" initialized
INFO - 2025-05-20 09:17:18 --> Model "Mconfigkey" initialized
INFO - 2025-05-20 09:17:18 --> Final output sent to browser
DEBUG - 2025-05-20 09:17:18 --> Total execution time: 0.0258
INFO - 2025-05-20 09:17:27 --> Config Class Initialized
INFO - 2025-05-20 09:17:27 --> Hooks Class Initialized
DEBUG - 2025-05-20 09:17:27 --> UTF-8 Support Enabled
INFO - 2025-05-20 09:17:27 --> Utf8 Class Initialized
INFO - 2025-05-20 09:17:27 --> URI Class Initialized
INFO - 2025-05-20 09:17:27 --> Router Class Initialized
INFO - 2025-05-20 09:17:27 --> Output Class Initialized
INFO - 2025-05-20 09:17:27 --> Security Class Initialized
DEBUG - 2025-05-20 09:17:27 --> Global POST, GET and COOKIE data sanitized
INFO - 2025-05-20 09:17:27 --> Input Class Initialized
INFO - 2025-05-20 09:17:27 --> Language Class Initialized
INFO - 2025-05-20 09:17:27 --> Loader Class Initialized
INFO - 2025-05-20 09:17:27 --> Helper loaded: url_helper
INFO - 2025-05-20 09:17:27 --> Database Driver Class Initialized
INFO - 2025-05-20 09:17:27 --> Controller Class Initialized
INFO - 2025-05-20 09:17:27 --> Model "Mconfigkey" initialized
INFO - 2025-05-20 09:17:27 --> Model "Msync_doc_aw" initialized
INFO - 2025-05-20 09:17:29 --> Final output sent to browser
DEBUG - 2025-05-20 09:17:29 --> Total execution time: 2.0970
INFO - 2025-05-20 09:17:46 --> Config Class Initialized
INFO - 2025-05-20 09:17:46 --> Hooks Class Initialized
DEBUG - 2025-05-20 09:17:46 --> UTF-8 Support Enabled
INFO - 2025-05-20 09:17:46 --> Utf8 Class Initialized
INFO - 2025-05-20 09:17:46 --> URI Class Initialized
INFO - 2025-05-20 09:17:46 --> Router Class Initialized
INFO - 2025-05-20 09:17:46 --> Output Class Initialized
INFO - 2025-05-20 09:17:46 --> Security Class Initialized
DEBUG - 2025-05-20 09:17:46 --> Global POST, GET and COOKIE data sanitized
INFO - 2025-05-20 09:17:46 --> Input Class Initialized
INFO - 2025-05-20 09:17:46 --> Language Class Initialized
INFO - 2025-05-20 09:17:46 --> Loader Class Initialized
INFO - 2025-05-20 09:17:46 --> Helper loaded: url_helper
INFO - 2025-05-20 09:17:46 --> Database Driver Class Initialized
INFO - 2025-05-20 09:17:46 --> Controller Class Initialized
INFO - 2025-05-20 09:17:46 --> Model "Mconfigkey" initialized
INFO - 2025-05-20 09:17:46 --> Model "Mportal_data" initialized
INFO - 2025-05-20 09:17:46 --> Final output sent to browser
DEBUG - 2025-05-20 09:17:46 --> Total execution time: 0.0905
INFO - 2025-05-20 09:17:50 --> Config Class Initialized
INFO - 2025-05-20 09:17:50 --> Hooks Class Initialized
DEBUG - 2025-05-20 09:17:50 --> UTF-8 Support Enabled
INFO - 2025-05-20 09:17:50 --> Utf8 Class Initialized
INFO - 2025-05-20 09:17:50 --> URI Class Initialized
INFO - 2025-05-20 09:17:50 --> Router Class Initialized
INFO - 2025-05-20 09:17:50 --> Output Class Initialized
INFO - 2025-05-20 09:17:50 --> Security Class Initialized
DEBUG - 2025-05-20 09:17:50 --> Global POST, GET and COOKIE data sanitized
INFO - 2025-05-20 09:17:50 --> Input Class Initialized
INFO - 2025-05-20 09:17:50 --> Language Class Initialized
INFO - 2025-05-20 09:17:50 --> Loader Class Initialized
INFO - 2025-05-20 09:17:50 --> Helper loaded: url_helper
INFO - 2025-05-20 09:17:50 --> Database Driver Class Initialized
INFO - 2025-05-20 09:17:50 --> Controller Class Initialized
INFO - 2025-05-20 09:17:50 --> Model "Mconfigkey" initialized
INFO - 2025-05-20 09:17:50 --> Model "Mgoods_in" initialized
INFO - 2025-05-20 09:17:50 --> Final output sent to browser
DEBUG - 2025-05-20 09:17:50 --> Total execution time: 0.0556
INFO - 2025-05-20 09:18:22 --> Config Class Initialized
INFO - 2025-05-20 09:18:22 --> Hooks Class Initialized
DEBUG - 2025-05-20 09:18:22 --> UTF-8 Support Enabled
INFO - 2025-05-20 09:18:22 --> Utf8 Class Initialized
INFO - 2025-05-20 09:18:22 --> URI Class Initialized
INFO - 2025-05-20 09:18:22 --> Router Class Initialized
INFO - 2025-05-20 09:18:22 --> Output Class Initialized
INFO - 2025-05-20 09:18:22 --> Security Class Initialized
DEBUG - 2025-05-20 09:18:22 --> Global POST, GET and COOKIE data sanitized
INFO - 2025-05-20 09:18:22 --> Input Class Initialized
INFO - 2025-05-20 09:18:22 --> Language Class Initialized
INFO - 2025-05-20 09:18:22 --> Loader Class Initialized
INFO - 2025-05-20 09:18:22 --> Helper loaded: url_helper
INFO - 2025-05-20 09:18:22 --> Database Driver Class Initialized
INFO - 2025-05-20 09:18:22 --> Controller Class Initialized
INFO - 2025-05-20 09:18:22 --> Model "Mconfigkey" initialized
INFO - 2025-05-20 09:18:22 --> Model "Mgoods_in" initialized
INFO - 2025-05-20 09:18:22 --> Final output sent to browser
DEBUG - 2025-05-20 09:18:22 --> Total execution time: 0.0229
INFO - 2025-05-20 09:18:22 --> Config Class Initialized
INFO - 2025-05-20 09:18:22 --> Hooks Class Initialized
DEBUG - 2025-05-20 09:18:22 --> UTF-8 Support Enabled
INFO - 2025-05-20 09:18:22 --> Utf8 Class Initialized
INFO - 2025-05-20 09:18:22 --> URI Class Initialized
INFO - 2025-05-20 09:18:22 --> Router Class Initialized
INFO - 2025-05-20 09:18:22 --> Output Class Initialized
INFO - 2025-05-20 09:18:22 --> Security Class Initialized
DEBUG - 2025-05-20 09:18:22 --> Global POST, GET and COOKIE data sanitized
INFO - 2025-05-20 09:18:22 --> Input Class Initialized
INFO - 2025-05-20 09:18:22 --> Language Class Initialized
INFO - 2025-05-20 09:18:22 --> Loader Class Initialized
INFO - 2025-05-20 09:18:22 --> Helper loaded: url_helper
INFO - 2025-05-20 09:18:22 --> Database Driver Class Initialized
INFO - 2025-05-20 09:18:22 --> Controller Class Initialized
INFO - 2025-05-20 09:18:22 --> Model "Mconfigkey" initialized
INFO - 2025-05-20 09:18:22 --> Model "Mgoods_in" initialized
INFO - 2025-05-20 09:18:22 --> Final output sent to browser
DEBUG - 2025-05-20 09:18:22 --> Total execution time: 0.0219
INFO - 2025-05-20 09:18:27 --> Config Class Initialized
INFO - 2025-05-20 09:18:27 --> Hooks Class Initialized
DEBUG - 2025-05-20 09:18:27 --> UTF-8 Support Enabled
INFO - 2025-05-20 09:18:27 --> Utf8 Class Initialized
INFO - 2025-05-20 09:18:27 --> URI Class Initialized
INFO - 2025-05-20 09:18:27 --> Router Class Initialized
INFO - 2025-05-20 09:18:27 --> Output Class Initialized
INFO - 2025-05-20 09:18:27 --> Security Class Initialized
DEBUG - 2025-05-20 09:18:27 --> Global POST, GET and COOKIE data sanitized
INFO - 2025-05-20 09:18:27 --> Input Class Initialized
INFO - 2025-05-20 09:18:27 --> Language Class Initialized
INFO - 2025-05-20 09:18:27 --> Loader Class Initialized
INFO - 2025-05-20 09:18:27 --> Helper loaded: url_helper
INFO - 2025-05-20 09:18:27 --> Database Driver Class Initialized
INFO - 2025-05-20 09:18:27 --> Controller Class Initialized
INFO - 2025-05-20 09:18:27 --> Model "Mconfigkey" initialized
INFO - 2025-05-20 09:18:27 --> Model "Mgoods_in" initialized
INFO - 2025-05-20 09:18:51 --> Config Class Initialized
INFO - 2025-05-20 09:18:51 --> Hooks Class Initialized
DEBUG - 2025-05-20 09:18:51 --> UTF-8 Support Enabled
INFO - 2025-05-20 09:18:51 --> Utf8 Class Initialized
INFO - 2025-05-20 09:18:51 --> URI Class Initialized
INFO - 2025-05-20 09:18:51 --> Router Class Initialized
INFO - 2025-05-20 09:18:51 --> Output Class Initialized
INFO - 2025-05-20 09:18:51 --> Security Class Initialized
DEBUG - 2025-05-20 09:18:51 --> Global POST, GET and COOKIE data sanitized
INFO - 2025-05-20 09:18:51 --> Input Class Initialized
INFO - 2025-05-20 09:18:51 --> Language Class Initialized
INFO - 2025-05-20 09:18:51 --> Loader Class Initialized
INFO - 2025-05-20 09:18:51 --> Helper loaded: url_helper
INFO - 2025-05-20 09:18:51 --> Database Driver Class Initialized
INFO - 2025-05-20 09:18:51 --> Controller Class Initialized
INFO - 2025-05-20 09:18:51 --> Model "Mconfigkey" initialized
INFO - 2025-05-20 09:18:51 --> Final output sent to browser
DEBUG - 2025-05-20 09:18:51 --> Total execution time: 0.0170
INFO - 2025-05-20 09:18:56 --> Config Class Initialized
INFO - 2025-05-20 09:18:56 --> Hooks Class Initialized
DEBUG - 2025-05-20 09:18:56 --> UTF-8 Support Enabled
INFO - 2025-05-20 09:18:56 --> Utf8 Class Initialized
INFO - 2025-05-20 09:18:56 --> URI Class Initialized
INFO - 2025-05-20 09:18:56 --> Router Class Initialized
INFO - 2025-05-20 09:18:56 --> Output Class Initialized
INFO - 2025-05-20 09:18:56 --> Security Class Initialized
DEBUG - 2025-05-20 09:18:56 --> Global POST, GET and COOKIE data sanitized
INFO - 2025-05-20 09:18:56 --> Input Class Initialized
INFO - 2025-05-20 09:18:56 --> Language Class Initialized
INFO - 2025-05-20 09:18:56 --> Loader Class Initialized
INFO - 2025-05-20 09:18:56 --> Helper loaded: url_helper
INFO - 2025-05-20 09:18:56 --> Database Driver Class Initialized
INFO - 2025-05-20 09:18:56 --> Controller Class Initialized
INFO - 2025-05-20 09:18:56 --> Model "Mconfigkey" initialized
INFO - 2025-05-20 09:18:56 --> Model "Mgoods_in" initialized
INFO - 2025-05-20 09:18:56 --> Final output sent to browser
DEBUG - 2025-05-20 09:18:56 --> Total execution time: 0.0420
INFO - 2025-05-20 09:19:00 --> Config Class Initialized
INFO - 2025-05-20 09:19:00 --> Hooks Class Initialized
DEBUG - 2025-05-20 09:19:00 --> UTF-8 Support Enabled
INFO - 2025-05-20 09:19:00 --> Utf8 Class Initialized
INFO - 2025-05-20 09:19:00 --> URI Class Initialized
INFO - 2025-05-20 09:19:00 --> Router Class Initialized
INFO - 2025-05-20 09:19:00 --> Output Class Initialized
INFO - 2025-05-20 09:19:00 --> Security Class Initialized
DEBUG - 2025-05-20 09:19:00 --> Global POST, GET and COOKIE data sanitized
INFO - 2025-05-20 09:19:00 --> Input Class Initialized
INFO - 2025-05-20 09:19:00 --> Language Class Initialized
INFO - 2025-05-20 09:19:00 --> Loader Class Initialized
INFO - 2025-05-20 09:19:00 --> Helper loaded: url_helper
INFO - 2025-05-20 09:19:00 --> Database Driver Class Initialized
INFO - 2025-05-20 09:19:00 --> Controller Class Initialized
INFO - 2025-05-20 09:19:00 --> Model "Mconfigkey" initialized
INFO - 2025-05-20 09:19:00 --> Model "Mgoods_in" initialized
INFO - 2025-05-20 09:19:00 --> Final output sent to browser
DEBUG - 2025-05-20 09:19:00 --> Total execution time: 0.1651
INFO - 2025-05-20 09:19:01 --> Config Class Initialized
INFO - 2025-05-20 09:19:01 --> Hooks Class Initialized
DEBUG - 2025-05-20 09:19:01 --> UTF-8 Support Enabled
INFO - 2025-05-20 09:19:01 --> Utf8 Class Initialized
INFO - 2025-05-20 09:19:01 --> URI Class Initialized
INFO - 2025-05-20 09:19:01 --> Router Class Initialized
INFO - 2025-05-20 09:19:01 --> Output Class Initialized
INFO - 2025-05-20 09:19:01 --> Security Class Initialized
DEBUG - 2025-05-20 09:19:01 --> Global POST, GET and COOKIE data sanitized
INFO - 2025-05-20 09:19:01 --> Input Class Initialized
INFO - 2025-05-20 09:19:01 --> Language Class Initialized
INFO - 2025-05-20 09:19:01 --> Loader Class Initialized
INFO - 2025-05-20 09:19:01 --> Helper loaded: url_helper
INFO - 2025-05-20 09:19:01 --> Database Driver Class Initialized
INFO - 2025-05-20 09:19:01 --> Controller Class Initialized
INFO - 2025-05-20 09:19:01 --> Model "Mconfigkey" initialized
INFO - 2025-05-20 09:19:01 --> Model "Mgoods_in" initialized
INFO - 2025-05-20 09:19:01 --> Final output sent to browser
DEBUG - 2025-05-20 09:19:01 --> Total execution time: 0.0669
INFO - 2025-05-20 09:19:11 --> Config Class Initialized
INFO - 2025-05-20 09:19:11 --> Hooks Class Initialized
DEBUG - 2025-05-20 09:19:11 --> UTF-8 Support Enabled
INFO - 2025-05-20 09:19:11 --> Utf8 Class Initialized
INFO - 2025-05-20 09:19:11 --> URI Class Initialized
INFO - 2025-05-20 09:19:11 --> Router Class Initialized
INFO - 2025-05-20 09:19:11 --> Output Class Initialized
INFO - 2025-05-20 09:19:11 --> Security Class Initialized
DEBUG - 2025-05-20 09:19:11 --> Global POST, GET and COOKIE data sanitized
INFO - 2025-05-20 09:19:11 --> Input Class Initialized
INFO - 2025-05-20 09:19:11 --> Language Class Initialized
INFO - 2025-05-20 09:19:11 --> Loader Class Initialized
INFO - 2025-05-20 09:19:11 --> Helper loaded: url_helper
INFO - 2025-05-20 09:19:11 --> Database Driver Class Initialized
INFO - 2025-05-20 09:19:11 --> Controller Class Initialized
INFO - 2025-05-20 09:19:11 --> Model "Mconfigkey" initialized
INFO - 2025-05-20 09:19:11 --> Model "Mgoods_in" initialized
INFO - 2025-05-20 09:19:12 --> Final output sent to browser
DEBUG - 2025-05-20 09:19:12 --> Total execution time: 0.1883
INFO - 2025-05-20 09:19:15 --> Config Class Initialized
INFO - 2025-05-20 09:19:15 --> Hooks Class Initialized
DEBUG - 2025-05-20 09:19:15 --> UTF-8 Support Enabled
INFO - 2025-05-20 09:19:15 --> Utf8 Class Initialized
INFO - 2025-05-20 09:19:15 --> URI Class Initialized
INFO - 2025-05-20 09:19:15 --> Router Class Initialized
INFO - 2025-05-20 09:19:15 --> Output Class Initialized
INFO - 2025-05-20 09:19:15 --> Security Class Initialized
DEBUG - 2025-05-20 09:19:15 --> Global POST, GET and COOKIE data sanitized
INFO - 2025-05-20 09:19:15 --> Input Class Initialized
INFO - 2025-05-20 09:19:15 --> Language Class Initialized
INFO - 2025-05-20 09:19:15 --> Loader Class Initialized
INFO - 2025-05-20 09:19:15 --> Helper loaded: url_helper
INFO - 2025-05-20 09:19:15 --> Database Driver Class Initialized
INFO - 2025-05-20 09:19:15 --> Controller Class Initialized
INFO - 2025-05-20 09:19:15 --> Model "Mconfigkey" initialized
INFO - 2025-05-20 09:19:15 --> Model "Mgoods_in" initialized
INFO - 2025-05-20 09:19:17 --> Final output sent to browser
DEBUG - 2025-05-20 09:19:17 --> Total execution time: 1.4242
INFO - 2025-05-20 09:19:29 --> Final output sent to browser
DEBUG - 2025-05-20 09:19:29 --> Total execution time: 61.5564
INFO - 2025-05-20 09:19:45 --> Config Class Initialized
INFO - 2025-05-20 09:19:45 --> Hooks Class Initialized
DEBUG - 2025-05-20 09:19:45 --> UTF-8 Support Enabled
INFO - 2025-05-20 09:19:45 --> Utf8 Class Initialized
INFO - 2025-05-20 09:19:45 --> URI Class Initialized
INFO - 2025-05-20 09:19:45 --> Router Class Initialized
INFO - 2025-05-20 09:19:45 --> Output Class Initialized
INFO - 2025-05-20 09:19:45 --> Security Class Initialized
DEBUG - 2025-05-20 09:19:45 --> Global POST, GET and COOKIE data sanitized
INFO - 2025-05-20 09:19:45 --> Input Class Initialized
INFO - 2025-05-20 09:19:45 --> Language Class Initialized
INFO - 2025-05-20 09:19:45 --> Loader Class Initialized
INFO - 2025-05-20 09:19:45 --> Helper loaded: url_helper
INFO - 2025-05-20 09:19:45 --> Database Driver Class Initialized
INFO - 2025-05-20 09:19:45 --> Controller Class Initialized
INFO - 2025-05-20 09:19:45 --> Model "Mconfigkey" initialized
INFO - 2025-05-20 09:19:45 --> Model "Mgoods_in" initialized
INFO - 2025-05-20 09:19:45 --> Final output sent to browser
DEBUG - 2025-05-20 09:19:45 --> Total execution time: 0.0563
INFO - 2025-05-20 09:19:54 --> Config Class Initialized
INFO - 2025-05-20 09:19:54 --> Hooks Class Initialized
DEBUG - 2025-05-20 09:19:54 --> UTF-8 Support Enabled
INFO - 2025-05-20 09:19:54 --> Utf8 Class Initialized
INFO - 2025-05-20 09:19:54 --> URI Class Initialized
INFO - 2025-05-20 09:19:54 --> Router Class Initialized
INFO - 2025-05-20 09:19:54 --> Output Class Initialized
INFO - 2025-05-20 09:19:54 --> Security Class Initialized
DEBUG - 2025-05-20 09:19:54 --> Global POST, GET and COOKIE data sanitized
INFO - 2025-05-20 09:19:54 --> Input Class Initialized
INFO - 2025-05-20 09:19:54 --> Language Class Initialized
INFO - 2025-05-20 09:19:54 --> Loader Class Initialized
INFO - 2025-05-20 09:19:54 --> Helper loaded: url_helper
INFO - 2025-05-20 09:19:54 --> Database Driver Class Initialized
INFO - 2025-05-20 09:19:54 --> Controller Class Initialized
INFO - 2025-05-20 09:19:54 --> Model "Mconfigkey" initialized
INFO - 2025-05-20 09:19:54 --> Model "Mgoods_in" initialized
INFO - 2025-05-20 09:19:55 --> Final output sent to browser
DEBUG - 2025-05-20 09:19:55 --> Total execution time: 1.0547
INFO - 2025-05-20 09:20:06 --> Config Class Initialized
INFO - 2025-05-20 09:20:06 --> Hooks Class Initialized
DEBUG - 2025-05-20 09:20:06 --> UTF-8 Support Enabled
INFO - 2025-05-20 09:20:06 --> Utf8 Class Initialized
INFO - 2025-05-20 09:20:06 --> URI Class Initialized
INFO - 2025-05-20 09:20:06 --> Router Class Initialized
INFO - 2025-05-20 09:20:06 --> Output Class Initialized
INFO - 2025-05-20 09:20:06 --> Security Class Initialized
DEBUG - 2025-05-20 09:20:06 --> Global POST, GET and COOKIE data sanitized
INFO - 2025-05-20 09:20:06 --> Input Class Initialized
INFO - 2025-05-20 09:20:06 --> Language Class Initialized
INFO - 2025-05-20 09:20:06 --> Loader Class Initialized
INFO - 2025-05-20 09:20:06 --> Helper loaded: url_helper
INFO - 2025-05-20 09:20:06 --> Database Driver Class Initialized
INFO - 2025-05-20 09:20:06 --> Controller Class Initialized
INFO - 2025-05-20 09:20:06 --> Model "Mconfigkey" initialized
INFO - 2025-05-20 09:20:06 --> Model "Mgoods_in" initialized
INFO - 2025-05-20 09:20:07 --> Final output sent to browser
DEBUG - 2025-05-20 09:20:07 --> Total execution time: 1.0615
INFO - 2025-05-20 09:20:23 --> Config Class Initialized
INFO - 2025-05-20 09:20:23 --> Hooks Class Initialized
DEBUG - 2025-05-20 09:20:23 --> UTF-8 Support Enabled
INFO - 2025-05-20 09:20:23 --> Utf8 Class Initialized
INFO - 2025-05-20 09:20:23 --> URI Class Initialized
INFO - 2025-05-20 09:20:23 --> Router Class Initialized
INFO - 2025-05-20 09:20:23 --> Output Class Initialized
INFO - 2025-05-20 09:20:23 --> Security Class Initialized
DEBUG - 2025-05-20 09:20:23 --> Global POST, GET and COOKIE data sanitized
INFO - 2025-05-20 09:20:23 --> Input Class Initialized
INFO - 2025-05-20 09:20:23 --> Language Class Initialized
INFO - 2025-05-20 09:20:23 --> Loader Class Initialized
INFO - 2025-05-20 09:20:23 --> Helper loaded: url_helper
INFO - 2025-05-20 09:20:23 --> Database Driver Class Initialized
INFO - 2025-05-20 09:20:23 --> Controller Class Initialized
INFO - 2025-05-20 09:20:23 --> Model "Mconfigkey" initialized
INFO - 2025-05-20 09:20:23 --> Model "Msync_doc_aw" initialized
INFO - 2025-05-20 09:20:25 --> Final output sent to browser
DEBUG - 2025-05-20 09:20:25 --> Total execution time: 1.7566
INFO - 2025-05-20 09:20:31 --> Config Class Initialized
INFO - 2025-05-20 09:20:31 --> Hooks Class Initialized
DEBUG - 2025-05-20 09:20:31 --> UTF-8 Support Enabled
INFO - 2025-05-20 09:20:31 --> Utf8 Class Initialized
INFO - 2025-05-20 09:20:31 --> URI Class Initialized
INFO - 2025-05-20 09:20:31 --> Router Class Initialized
INFO - 2025-05-20 09:20:31 --> Output Class Initialized
INFO - 2025-05-20 09:20:31 --> Security Class Initialized
DEBUG - 2025-05-20 09:20:31 --> Global POST, GET and COOKIE data sanitized
INFO - 2025-05-20 09:20:31 --> Input Class Initialized
INFO - 2025-05-20 09:20:31 --> Language Class Initialized
INFO - 2025-05-20 09:20:31 --> Loader Class Initialized
INFO - 2025-05-20 09:20:31 --> Helper loaded: url_helper
INFO - 2025-05-20 09:20:31 --> Database Driver Class Initialized
INFO - 2025-05-20 09:20:31 --> Controller Class Initialized
INFO - 2025-05-20 09:20:31 --> Model "Mconfigkey" initialized
INFO - 2025-05-20 09:20:31 --> Model "Msync_doc_aw" initialized
INFO - 2025-05-20 09:22:56 --> Final output sent to browser
DEBUG - 2025-05-20 09:22:56 --> Total execution time: 144.5672
INFO - 2025-05-20 09:22:56 --> Config Class Initialized
INFO - 2025-05-20 09:22:56 --> Hooks Class Initialized
DEBUG - 2025-05-20 09:22:56 --> UTF-8 Support Enabled
INFO - 2025-05-20 09:22:56 --> Utf8 Class Initialized
INFO - 2025-05-20 09:22:56 --> URI Class Initialized
INFO - 2025-05-20 09:22:56 --> Router Class Initialized
INFO - 2025-05-20 09:22:56 --> Output Class Initialized
INFO - 2025-05-20 09:22:56 --> Security Class Initialized
DEBUG - 2025-05-20 09:22:56 --> Global POST, GET and COOKIE data sanitized
INFO - 2025-05-20 09:22:56 --> Input Class Initialized
INFO - 2025-05-20 09:22:56 --> Language Class Initialized
INFO - 2025-05-20 09:22:56 --> Loader Class Initialized
INFO - 2025-05-20 09:22:56 --> Helper loaded: url_helper
INFO - 2025-05-20 09:22:56 --> Database Driver Class Initialized
INFO - 2025-05-20 09:22:56 --> Controller Class Initialized
INFO - 2025-05-20 09:22:56 --> Model "Mconfigkey" initialized
INFO - 2025-05-20 09:22:56 --> Model "Msync_doc_aw" initialized
INFO - 2025-05-20 09:22:58 --> Final output sent to browser
DEBUG - 2025-05-20 09:22:58 --> Total execution time: 2.2137
INFO - 2025-05-20 09:23:04 --> Config Class Initialized
INFO - 2025-05-20 09:23:04 --> Hooks Class Initialized
DEBUG - 2025-05-20 09:23:04 --> UTF-8 Support Enabled
INFO - 2025-05-20 09:23:04 --> Utf8 Class Initialized
INFO - 2025-05-20 09:23:04 --> URI Class Initialized
INFO - 2025-05-20 09:23:04 --> Router Class Initialized
INFO - 2025-05-20 09:23:04 --> Output Class Initialized
INFO - 2025-05-20 09:23:04 --> Security Class Initialized
DEBUG - 2025-05-20 09:23:04 --> Global POST, GET and COOKIE data sanitized
INFO - 2025-05-20 09:23:04 --> Input Class Initialized
INFO - 2025-05-20 09:23:04 --> Language Class Initialized
INFO - 2025-05-20 09:23:04 --> Loader Class Initialized
INFO - 2025-05-20 09:23:04 --> Helper loaded: url_helper
INFO - 2025-05-20 09:23:04 --> Database Driver Class Initialized
INFO - 2025-05-20 09:23:04 --> Controller Class Initialized
INFO - 2025-05-20 09:23:04 --> Model "Mconfigkey" initialized
INFO - 2025-05-20 09:23:04 --> Model "Msync_doc_aw" initialized
INFO - 2025-05-20 09:23:06 --> Final output sent to browser
DEBUG - 2025-05-20 09:23:06 --> Total execution time: 2.1235
INFO - 2025-05-20 09:23:07 --> Config Class Initialized
INFO - 2025-05-20 09:23:07 --> Hooks Class Initialized
DEBUG - 2025-05-20 09:23:07 --> UTF-8 Support Enabled
INFO - 2025-05-20 09:23:07 --> Utf8 Class Initialized
INFO - 2025-05-20 09:23:07 --> URI Class Initialized
INFO - 2025-05-20 09:23:07 --> Router Class Initialized
INFO - 2025-05-20 09:23:07 --> Output Class Initialized
INFO - 2025-05-20 09:23:07 --> Security Class Initialized
DEBUG - 2025-05-20 09:23:07 --> Global POST, GET and COOKIE data sanitized
INFO - 2025-05-20 09:23:07 --> Input Class Initialized
INFO - 2025-05-20 09:23:07 --> Language Class Initialized
INFO - 2025-05-20 09:23:07 --> Loader Class Initialized
INFO - 2025-05-20 09:23:07 --> Helper loaded: url_helper
INFO - 2025-05-20 09:23:07 --> Database Driver Class Initialized
INFO - 2025-05-20 09:23:07 --> Controller Class Initialized
INFO - 2025-05-20 09:23:07 --> Model "Mconfigkey" initialized
INFO - 2025-05-20 09:23:07 --> Model "Msync_doc_aw" initialized
INFO - 2025-05-20 09:23:09 --> Final output sent to browser
DEBUG - 2025-05-20 09:23:09 --> Total execution time: 1.8340
INFO - 2025-05-20 09:23:24 --> Config Class Initialized
INFO - 2025-05-20 09:23:24 --> Hooks Class Initialized
DEBUG - 2025-05-20 09:23:24 --> UTF-8 Support Enabled
INFO - 2025-05-20 09:23:24 --> Utf8 Class Initialized
INFO - 2025-05-20 09:23:24 --> URI Class Initialized
INFO - 2025-05-20 09:23:24 --> Router Class Initialized
INFO - 2025-05-20 09:23:24 --> Output Class Initialized
INFO - 2025-05-20 09:23:24 --> Security Class Initialized
DEBUG - 2025-05-20 09:23:24 --> Global POST, GET and COOKIE data sanitized
INFO - 2025-05-20 09:23:24 --> Input Class Initialized
INFO - 2025-05-20 09:23:24 --> Language Class Initialized
INFO - 2025-05-20 09:23:24 --> Loader Class Initialized
INFO - 2025-05-20 09:23:24 --> Helper loaded: url_helper
INFO - 2025-05-20 09:23:24 --> Database Driver Class Initialized
INFO - 2025-05-20 09:23:24 --> Controller Class Initialized
INFO - 2025-05-20 09:23:24 --> Model "Mconfigkey" initialized
INFO - 2025-05-20 09:23:24 --> Model "Mgoods_in" initialized
INFO - 2025-05-20 09:23:24 --> Final output sent to browser
DEBUG - 2025-05-20 09:23:24 --> Total execution time: 0.0365
INFO - 2025-05-20 09:23:30 --> Config Class Initialized
INFO - 2025-05-20 09:23:30 --> Hooks Class Initialized
DEBUG - 2025-05-20 09:23:30 --> UTF-8 Support Enabled
INFO - 2025-05-20 09:23:30 --> Utf8 Class Initialized
INFO - 2025-05-20 09:23:30 --> URI Class Initialized
INFO - 2025-05-20 09:23:30 --> Router Class Initialized
INFO - 2025-05-20 09:23:30 --> Output Class Initialized
INFO - 2025-05-20 09:23:30 --> Security Class Initialized
DEBUG - 2025-05-20 09:23:30 --> Global POST, GET and COOKIE data sanitized
INFO - 2025-05-20 09:23:30 --> Input Class Initialized
INFO - 2025-05-20 09:23:30 --> Language Class Initialized
INFO - 2025-05-20 09:23:30 --> Loader Class Initialized
INFO - 2025-05-20 09:23:30 --> Helper loaded: url_helper
INFO - 2025-05-20 09:23:30 --> Database Driver Class Initialized
INFO - 2025-05-20 09:23:30 --> Controller Class Initialized
INFO - 2025-05-20 09:23:30 --> Model "Mconfigkey" initialized
INFO - 2025-05-20 09:23:30 --> Model "Mgoods_in" initialized
INFO - 2025-05-20 09:23:30 --> Final output sent to browser
DEBUG - 2025-05-20 09:23:30 --> Total execution time: 0.2460
INFO - 2025-05-20 09:23:37 --> Config Class Initialized
INFO - 2025-05-20 09:23:37 --> Hooks Class Initialized
DEBUG - 2025-05-20 09:23:37 --> UTF-8 Support Enabled
INFO - 2025-05-20 09:23:37 --> Utf8 Class Initialized
INFO - 2025-05-20 09:23:37 --> URI Class Initialized
INFO - 2025-05-20 09:23:37 --> Router Class Initialized
INFO - 2025-05-20 09:23:37 --> Output Class Initialized
INFO - 2025-05-20 09:23:37 --> Security Class Initialized
DEBUG - 2025-05-20 09:23:37 --> Global POST, GET and COOKIE data sanitized
INFO - 2025-05-20 09:23:37 --> Input Class Initialized
INFO - 2025-05-20 09:23:37 --> Language Class Initialized
INFO - 2025-05-20 09:23:37 --> Loader Class Initialized
INFO - 2025-05-20 09:23:37 --> Helper loaded: url_helper
INFO - 2025-05-20 09:23:37 --> Database Driver Class Initialized
INFO - 2025-05-20 09:23:37 --> Controller Class Initialized
INFO - 2025-05-20 09:23:37 --> Model "Mconfigkey" initialized
INFO - 2025-05-20 09:23:37 --> Model "Mgoods_in" initialized
INFO - 2025-05-20 09:23:37 --> Final output sent to browser
DEBUG - 2025-05-20 09:23:37 --> Total execution time: 0.5937
INFO - 2025-05-20 09:23:38 --> Config Class Initialized
INFO - 2025-05-20 09:23:38 --> Hooks Class Initialized
DEBUG - 2025-05-20 09:23:38 --> UTF-8 Support Enabled
INFO - 2025-05-20 09:23:38 --> Utf8 Class Initialized
INFO - 2025-05-20 09:23:38 --> URI Class Initialized
INFO - 2025-05-20 09:23:38 --> Router Class Initialized
INFO - 2025-05-20 09:23:38 --> Output Class Initialized
INFO - 2025-05-20 09:23:38 --> Security Class Initialized
DEBUG - 2025-05-20 09:23:38 --> Global POST, GET and COOKIE data sanitized
INFO - 2025-05-20 09:23:38 --> Input Class Initialized
INFO - 2025-05-20 09:23:38 --> Language Class Initialized
INFO - 2025-05-20 09:23:38 --> Loader Class Initialized
INFO - 2025-05-20 09:23:38 --> Helper loaded: url_helper
INFO - 2025-05-20 09:23:38 --> Database Driver Class Initialized
INFO - 2025-05-20 09:23:38 --> Controller Class Initialized
INFO - 2025-05-20 09:23:38 --> Model "Mconfigkey" initialized
INFO - 2025-05-20 09:23:38 --> Model "Mgoods_in" initialized
INFO - 2025-05-20 09:23:38 --> Final output sent to browser
DEBUG - 2025-05-20 09:23:38 --> Total execution time: 0.0339
INFO - 2025-05-20 09:24:12 --> Config Class Initialized
INFO - 2025-05-20 09:24:12 --> Hooks Class Initialized
DEBUG - 2025-05-20 09:24:12 --> UTF-8 Support Enabled
INFO - 2025-05-20 09:24:12 --> Utf8 Class Initialized
INFO - 2025-05-20 09:24:12 --> URI Class Initialized
INFO - 2025-05-20 09:24:12 --> Router Class Initialized
INFO - 2025-05-20 09:24:12 --> Output Class Initialized
INFO - 2025-05-20 09:24:12 --> Security Class Initialized
DEBUG - 2025-05-20 09:24:12 --> Global POST, GET and COOKIE data sanitized
INFO - 2025-05-20 09:24:12 --> Input Class Initialized
INFO - 2025-05-20 09:24:12 --> Language Class Initialized
INFO - 2025-05-20 09:24:12 --> Loader Class Initialized
INFO - 2025-05-20 09:24:12 --> Helper loaded: url_helper
INFO - 2025-05-20 09:24:12 --> Database Driver Class Initialized
INFO - 2025-05-20 09:24:12 --> Controller Class Initialized
INFO - 2025-05-20 09:24:12 --> Model "Mconfigkey" initialized
INFO - 2025-05-20 09:24:12 --> Model "Mgoods_in" initialized
INFO - 2025-05-20 09:24:13 --> Final output sent to browser
DEBUG - 2025-05-20 09:24:13 --> Total execution time: 1.2178
INFO - 2025-05-20 09:24:21 --> Config Class Initialized
INFO - 2025-05-20 09:24:21 --> Hooks Class Initialized
DEBUG - 2025-05-20 09:24:21 --> UTF-8 Support Enabled
INFO - 2025-05-20 09:24:21 --> Utf8 Class Initialized
INFO - 2025-05-20 09:24:21 --> URI Class Initialized
INFO - 2025-05-20 09:24:21 --> Router Class Initialized
INFO - 2025-05-20 09:24:21 --> Output Class Initialized
INFO - 2025-05-20 09:24:21 --> Security Class Initialized
DEBUG - 2025-05-20 09:24:21 --> Global POST, GET and COOKIE data sanitized
INFO - 2025-05-20 09:24:21 --> Input Class Initialized
INFO - 2025-05-20 09:24:21 --> Language Class Initialized
INFO - 2025-05-20 09:24:21 --> Loader Class Initialized
INFO - 2025-05-20 09:24:21 --> Helper loaded: url_helper
INFO - 2025-05-20 09:24:21 --> Database Driver Class Initialized
INFO - 2025-05-20 09:24:21 --> Controller Class Initialized
INFO - 2025-05-20 09:24:21 --> Model "Mconfigkey" initialized
INFO - 2025-05-20 09:24:21 --> Model "Mgoods_in" initialized
INFO - 2025-05-20 09:24:22 --> Final output sent to browser
DEBUG - 2025-05-20 09:24:22 --> Total execution time: 1.0334
INFO - 2025-05-20 09:24:25 --> Config Class Initialized
INFO - 2025-05-20 09:24:25 --> Hooks Class Initialized
DEBUG - 2025-05-20 09:24:25 --> UTF-8 Support Enabled
INFO - 2025-05-20 09:24:25 --> Utf8 Class Initialized
INFO - 2025-05-20 09:24:25 --> URI Class Initialized
INFO - 2025-05-20 09:24:25 --> Router Class Initialized
INFO - 2025-05-20 09:24:25 --> Output Class Initialized
INFO - 2025-05-20 09:24:25 --> Security Class Initialized
DEBUG - 2025-05-20 09:24:25 --> Global POST, GET and COOKIE data sanitized
INFO - 2025-05-20 09:24:25 --> Input Class Initialized
INFO - 2025-05-20 09:24:25 --> Language Class Initialized
INFO - 2025-05-20 09:24:25 --> Loader Class Initialized
INFO - 2025-05-20 09:24:25 --> Helper loaded: url_helper
INFO - 2025-05-20 09:24:25 --> Database Driver Class Initialized
INFO - 2025-05-20 09:24:25 --> Controller Class Initialized
INFO - 2025-05-20 09:24:25 --> Model "Mconfigkey" initialized
INFO - 2025-05-20 09:24:25 --> Model "Mgoods_in" initialized
INFO - 2025-05-20 09:24:28 --> Final output sent to browser
DEBUG - 2025-05-20 09:24:28 --> Total execution time: 2.4363
INFO - 2025-05-20 09:24:31 --> Config Class Initialized
INFO - 2025-05-20 09:24:31 --> Hooks Class Initialized
DEBUG - 2025-05-20 09:24:31 --> UTF-8 Support Enabled
INFO - 2025-05-20 09:24:31 --> Utf8 Class Initialized
INFO - 2025-05-20 09:24:31 --> URI Class Initialized
INFO - 2025-05-20 09:24:31 --> Router Class Initialized
INFO - 2025-05-20 09:24:31 --> Output Class Initialized
INFO - 2025-05-20 09:24:31 --> Security Class Initialized
DEBUG - 2025-05-20 09:24:31 --> Global POST, GET and COOKIE data sanitized
INFO - 2025-05-20 09:24:31 --> Input Class Initialized
INFO - 2025-05-20 09:24:31 --> Language Class Initialized
INFO - 2025-05-20 09:24:31 --> Loader Class Initialized
INFO - 2025-05-20 09:24:31 --> Helper loaded: url_helper
INFO - 2025-05-20 09:24:31 --> Database Driver Class Initialized
INFO - 2025-05-20 09:24:31 --> Controller Class Initialized
INFO - 2025-05-20 09:24:31 --> Model "Mconfigkey" initialized
INFO - 2025-05-20 09:24:31 --> Model "Mgoods_in" initialized
INFO - 2025-05-20 09:24:31 --> Final output sent to browser
DEBUG - 2025-05-20 09:24:31 --> Total execution time: 0.0546
INFO - 2025-05-20 09:24:33 --> Config Class Initialized
INFO - 2025-05-20 09:24:33 --> Hooks Class Initialized
DEBUG - 2025-05-20 09:24:33 --> UTF-8 Support Enabled
INFO - 2025-05-20 09:24:33 --> Utf8 Class Initialized
INFO - 2025-05-20 09:24:33 --> URI Class Initialized
INFO - 2025-05-20 09:24:33 --> Router Class Initialized
INFO - 2025-05-20 09:24:33 --> Output Class Initialized
INFO - 2025-05-20 09:24:33 --> Security Class Initialized
DEBUG - 2025-05-20 09:24:33 --> Global POST, GET and COOKIE data sanitized
INFO - 2025-05-20 09:24:33 --> Input Class Initialized
INFO - 2025-05-20 09:24:33 --> Language Class Initialized
INFO - 2025-05-20 09:24:33 --> Loader Class Initialized
INFO - 2025-05-20 09:24:33 --> Helper loaded: url_helper
INFO - 2025-05-20 09:24:33 --> Database Driver Class Initialized
INFO - 2025-05-20 09:24:33 --> Controller Class Initialized
INFO - 2025-05-20 09:24:33 --> Model "Mconfigkey" initialized
INFO - 2025-05-20 09:24:33 --> Model "Mgoods_in" initialized
INFO - 2025-05-20 09:24:33 --> Final output sent to browser
DEBUG - 2025-05-20 09:24:33 --> Total execution time: 0.0611
INFO - 2025-05-20 09:24:35 --> Config Class Initialized
INFO - 2025-05-20 09:24:35 --> Hooks Class Initialized
DEBUG - 2025-05-20 09:24:35 --> UTF-8 Support Enabled
INFO - 2025-05-20 09:24:35 --> Utf8 Class Initialized
INFO - 2025-05-20 09:24:35 --> URI Class Initialized
INFO - 2025-05-20 09:24:35 --> Router Class Initialized
INFO - 2025-05-20 09:24:35 --> Output Class Initialized
INFO - 2025-05-20 09:24:35 --> Security Class Initialized
DEBUG - 2025-05-20 09:24:35 --> Global POST, GET and COOKIE data sanitized
INFO - 2025-05-20 09:24:35 --> Input Class Initialized
INFO - 2025-05-20 09:24:35 --> Language Class Initialized
INFO - 2025-05-20 09:24:35 --> Loader Class Initialized
INFO - 2025-05-20 09:24:35 --> Helper loaded: url_helper
INFO - 2025-05-20 09:24:35 --> Database Driver Class Initialized
INFO - 2025-05-20 09:24:35 --> Controller Class Initialized
INFO - 2025-05-20 09:24:35 --> Model "Mconfigkey" initialized
INFO - 2025-05-20 09:24:35 --> Model "Mgoods_in" initialized
INFO - 2025-05-20 09:24:38 --> Final output sent to browser
DEBUG - 2025-05-20 09:24:38 --> Total execution time: 2.3934
INFO - 2025-05-20 09:24:40 --> Config Class Initialized
INFO - 2025-05-20 09:24:40 --> Hooks Class Initialized
DEBUG - 2025-05-20 09:24:40 --> UTF-8 Support Enabled
INFO - 2025-05-20 09:24:40 --> Utf8 Class Initialized
INFO - 2025-05-20 09:24:40 --> URI Class Initialized
INFO - 2025-05-20 09:24:40 --> Router Class Initialized
INFO - 2025-05-20 09:24:40 --> Output Class Initialized
INFO - 2025-05-20 09:24:40 --> Security Class Initialized
DEBUG - 2025-05-20 09:24:40 --> Global POST, GET and COOKIE data sanitized
INFO - 2025-05-20 09:24:40 --> Input Class Initialized
INFO - 2025-05-20 09:24:40 --> Language Class Initialized
INFO - 2025-05-20 09:24:40 --> Loader Class Initialized
INFO - 2025-05-20 09:24:40 --> Helper loaded: url_helper
INFO - 2025-05-20 09:24:40 --> Database Driver Class Initialized
INFO - 2025-05-20 09:24:40 --> Controller Class Initialized
INFO - 2025-05-20 09:24:40 --> Model "Mconfigkey" initialized
INFO - 2025-05-20 09:24:40 --> Model "Mgoods_in" initialized
INFO - 2025-05-20 09:24:43 --> Final output sent to browser
DEBUG - 2025-05-20 09:24:43 --> Total execution time: 2.4370
INFO - 2025-05-20 09:24:54 --> Config Class Initialized
INFO - 2025-05-20 09:24:54 --> Hooks Class Initialized
DEBUG - 2025-05-20 09:24:54 --> UTF-8 Support Enabled
INFO - 2025-05-20 09:24:54 --> Utf8 Class Initialized
INFO - 2025-05-20 09:24:54 --> URI Class Initialized
INFO - 2025-05-20 09:24:54 --> Router Class Initialized
INFO - 2025-05-20 09:24:54 --> Output Class Initialized
INFO - 2025-05-20 09:24:54 --> Security Class Initialized
DEBUG - 2025-05-20 09:24:54 --> Global POST, GET and COOKIE data sanitized
INFO - 2025-05-20 09:24:54 --> Input Class Initialized
INFO - 2025-05-20 09:24:54 --> Language Class Initialized
INFO - 2025-05-20 09:24:54 --> Loader Class Initialized
INFO - 2025-05-20 09:24:54 --> Helper loaded: url_helper
INFO - 2025-05-20 09:24:54 --> Database Driver Class Initialized
INFO - 2025-05-20 09:24:54 --> Controller Class Initialized
INFO - 2025-05-20 09:24:54 --> Model "Mconfigkey" initialized
INFO - 2025-05-20 09:24:54 --> Model "Mgoods_in" initialized
INFO - 2025-05-20 09:24:57 --> Final output sent to browser
DEBUG - 2025-05-20 09:24:57 --> Total execution time: 2.4656
INFO - 2025-05-20 09:25:26 --> Config Class Initialized
INFO - 2025-05-20 09:25:26 --> Hooks Class Initialized
DEBUG - 2025-05-20 09:25:26 --> UTF-8 Support Enabled
INFO - 2025-05-20 09:25:26 --> Utf8 Class Initialized
INFO - 2025-05-20 09:25:26 --> URI Class Initialized
INFO - 2025-05-20 09:25:26 --> Router Class Initialized
INFO - 2025-05-20 09:25:26 --> Output Class Initialized
INFO - 2025-05-20 09:25:26 --> Security Class Initialized
DEBUG - 2025-05-20 09:25:26 --> Global POST, GET and COOKIE data sanitized
INFO - 2025-05-20 09:25:26 --> Input Class Initialized
INFO - 2025-05-20 09:25:26 --> Language Class Initialized
INFO - 2025-05-20 09:25:26 --> Loader Class Initialized
INFO - 2025-05-20 09:25:26 --> Helper loaded: url_helper
INFO - 2025-05-20 09:25:26 --> Database Driver Class Initialized
INFO - 2025-05-20 09:25:26 --> Controller Class Initialized
INFO - 2025-05-20 09:25:26 --> Model "Mconfigkey" initialized
INFO - 2025-05-20 09:25:26 --> Final output sent to browser
DEBUG - 2025-05-20 09:25:26 --> Total execution time: 0.0210
INFO - 2025-05-20 09:25:40 --> Config Class Initialized
INFO - 2025-05-20 09:25:40 --> Hooks Class Initialized
DEBUG - 2025-05-20 09:25:40 --> UTF-8 Support Enabled
INFO - 2025-05-20 09:25:40 --> Utf8 Class Initialized
INFO - 2025-05-20 09:25:40 --> URI Class Initialized
INFO - 2025-05-20 09:25:40 --> Router Class Initialized
INFO - 2025-05-20 09:25:40 --> Output Class Initialized
INFO - 2025-05-20 09:25:40 --> Security Class Initialized
DEBUG - 2025-05-20 09:25:40 --> Global POST, GET and COOKIE data sanitized
INFO - 2025-05-20 09:25:40 --> Input Class Initialized
INFO - 2025-05-20 09:25:40 --> Language Class Initialized
INFO - 2025-05-20 09:25:40 --> Loader Class Initialized
INFO - 2025-05-20 09:25:40 --> Helper loaded: url_helper
INFO - 2025-05-20 09:25:40 --> Database Driver Class Initialized
INFO - 2025-05-20 09:25:40 --> Controller Class Initialized
INFO - 2025-05-20 09:25:40 --> Model "Mconfigkey" initialized
INFO - 2025-05-20 09:25:40 --> Model "Mext_rpt_pemasukan" initialized
INFO - 2025-05-20 09:25:41 --> Final output sent to browser
DEBUG - 2025-05-20 09:25:41 --> Total execution time: 0.9195
INFO - 2025-05-20 09:26:30 --> Config Class Initialized
INFO - 2025-05-20 09:26:30 --> Hooks Class Initialized
DEBUG - 2025-05-20 09:26:30 --> UTF-8 Support Enabled
INFO - 2025-05-20 09:26:30 --> Utf8 Class Initialized
INFO - 2025-05-20 09:26:30 --> URI Class Initialized
INFO - 2025-05-20 09:26:30 --> Router Class Initialized
INFO - 2025-05-20 09:26:30 --> Output Class Initialized
INFO - 2025-05-20 09:26:30 --> Security Class Initialized
DEBUG - 2025-05-20 09:26:30 --> Global POST, GET and COOKIE data sanitized
INFO - 2025-05-20 09:26:30 --> Input Class Initialized
INFO - 2025-05-20 09:26:30 --> Language Class Initialized
INFO - 2025-05-20 09:26:30 --> Loader Class Initialized
INFO - 2025-05-20 09:26:30 --> Helper loaded: url_helper
INFO - 2025-05-20 09:26:30 --> Database Driver Class Initialized
INFO - 2025-05-20 09:26:30 --> Controller Class Initialized
INFO - 2025-05-20 09:26:30 --> Model "Mconfigkey" initialized
INFO - 2025-05-20 09:26:30 --> Model "Mext_rpt_pemasukan" initialized
INFO - 2025-05-20 09:26:31 --> Final output sent to browser
DEBUG - 2025-05-20 09:26:31 --> Total execution time: 0.7729
INFO - 2025-05-20 09:26:55 --> Config Class Initialized
INFO - 2025-05-20 09:26:55 --> Hooks Class Initialized
DEBUG - 2025-05-20 09:26:55 --> UTF-8 Support Enabled
INFO - 2025-05-20 09:26:55 --> Utf8 Class Initialized
INFO - 2025-05-20 09:26:55 --> URI Class Initialized
INFO - 2025-05-20 09:26:55 --> Router Class Initialized
INFO - 2025-05-20 09:26:55 --> Output Class Initialized
INFO - 2025-05-20 09:26:55 --> Security Class Initialized
DEBUG - 2025-05-20 09:26:55 --> Global POST, GET and COOKIE data sanitized
INFO - 2025-05-20 09:26:55 --> Input Class Initialized
INFO - 2025-05-20 09:26:55 --> Language Class Initialized
INFO - 2025-05-20 09:26:55 --> Loader Class Initialized
INFO - 2025-05-20 09:26:55 --> Helper loaded: url_helper
INFO - 2025-05-20 09:26:55 --> Database Driver Class Initialized
INFO - 2025-05-20 09:26:55 --> Controller Class Initialized
INFO - 2025-05-20 09:26:55 --> Model "Mconfigkey" initialized
INFO - 2025-05-20 09:26:55 --> Model "Msync_doc_aw" initialized
INFO - 2025-05-20 09:26:56 --> Final output sent to browser
DEBUG - 2025-05-20 09:26:56 --> Total execution time: 1.2835
INFO - 2025-05-20 09:26:59 --> Config Class Initialized
INFO - 2025-05-20 09:26:59 --> Hooks Class Initialized
DEBUG - 2025-05-20 09:26:59 --> UTF-8 Support Enabled
INFO - 2025-05-20 09:26:59 --> Utf8 Class Initialized
INFO - 2025-05-20 09:26:59 --> URI Class Initialized
INFO - 2025-05-20 09:26:59 --> Router Class Initialized
INFO - 2025-05-20 09:26:59 --> Output Class Initialized
INFO - 2025-05-20 09:26:59 --> Security Class Initialized
DEBUG - 2025-05-20 09:26:59 --> Global POST, GET and COOKIE data sanitized
INFO - 2025-05-20 09:26:59 --> Input Class Initialized
INFO - 2025-05-20 09:26:59 --> Language Class Initialized
INFO - 2025-05-20 09:26:59 --> Loader Class Initialized
INFO - 2025-05-20 09:26:59 --> Helper loaded: url_helper
INFO - 2025-05-20 09:26:59 --> Database Driver Class Initialized
INFO - 2025-05-20 09:26:59 --> Controller Class Initialized
INFO - 2025-05-20 09:26:59 --> Model "Mconfigkey" initialized
INFO - 2025-05-20 09:26:59 --> Model "Msync_doc_aw" initialized
INFO - 2025-05-20 09:27:00 --> Final output sent to browser
DEBUG - 2025-05-20 09:27:00 --> Total execution time: 1.3151
INFO - 2025-05-20 09:27:04 --> Config Class Initialized
INFO - 2025-05-20 09:27:04 --> Hooks Class Initialized
DEBUG - 2025-05-20 09:27:04 --> UTF-8 Support Enabled
INFO - 2025-05-20 09:27:04 --> Utf8 Class Initialized
INFO - 2025-05-20 09:27:04 --> URI Class Initialized
INFO - 2025-05-20 09:27:04 --> Router Class Initialized
INFO - 2025-05-20 09:27:04 --> Output Class Initialized
INFO - 2025-05-20 09:27:04 --> Security Class Initialized
DEBUG - 2025-05-20 09:27:04 --> Global POST, GET and COOKIE data sanitized
INFO - 2025-05-20 09:27:04 --> Input Class Initialized
INFO - 2025-05-20 09:27:04 --> Language Class Initialized
INFO - 2025-05-20 09:27:04 --> Loader Class Initialized
INFO - 2025-05-20 09:27:04 --> Helper loaded: url_helper
INFO - 2025-05-20 09:27:04 --> Database Driver Class Initialized
INFO - 2025-05-20 09:27:04 --> Controller Class Initialized
INFO - 2025-05-20 09:27:04 --> Model "Mconfigkey" initialized
INFO - 2025-05-20 09:27:04 --> Model "Msync_doc_aw" initialized
INFO - 2025-05-20 09:27:05 --> Final output sent to browser
DEBUG - 2025-05-20 09:27:05 --> Total execution time: 1.2624
INFO - 2025-05-20 09:27:08 --> Config Class Initialized
INFO - 2025-05-20 09:27:08 --> Hooks Class Initialized
DEBUG - 2025-05-20 09:27:08 --> UTF-8 Support Enabled
INFO - 2025-05-20 09:27:08 --> Utf8 Class Initialized
INFO - 2025-05-20 09:27:08 --> URI Class Initialized
INFO - 2025-05-20 09:27:08 --> Router Class Initialized
INFO - 2025-05-20 09:27:08 --> Output Class Initialized
INFO - 2025-05-20 09:27:08 --> Security Class Initialized
DEBUG - 2025-05-20 09:27:08 --> Global POST, GET and COOKIE data sanitized
INFO - 2025-05-20 09:27:08 --> Input Class Initialized
INFO - 2025-05-20 09:27:08 --> Language Class Initialized
INFO - 2025-05-20 09:27:08 --> Loader Class Initialized
INFO - 2025-05-20 09:27:08 --> Helper loaded: url_helper
INFO - 2025-05-20 09:27:08 --> Database Driver Class Initialized
INFO - 2025-05-20 09:27:08 --> Controller Class Initialized
INFO - 2025-05-20 09:27:08 --> Model "Mconfigkey" initialized
INFO - 2025-05-20 09:27:08 --> Model "Msync_doc_aw" initialized
INFO - 2025-05-20 09:27:09 --> Final output sent to browser
DEBUG - 2025-05-20 09:27:09 --> Total execution time: 1.1572
INFO - 2025-05-20 09:27:13 --> Config Class Initialized
INFO - 2025-05-20 09:27:13 --> Hooks Class Initialized
DEBUG - 2025-05-20 09:27:13 --> UTF-8 Support Enabled
INFO - 2025-05-20 09:27:13 --> Utf8 Class Initialized
INFO - 2025-05-20 09:27:13 --> URI Class Initialized
INFO - 2025-05-20 09:27:13 --> Router Class Initialized
INFO - 2025-05-20 09:27:13 --> Output Class Initialized
INFO - 2025-05-20 09:27:13 --> Security Class Initialized
DEBUG - 2025-05-20 09:27:13 --> Global POST, GET and COOKIE data sanitized
INFO - 2025-05-20 09:27:13 --> Input Class Initialized
INFO - 2025-05-20 09:27:13 --> Language Class Initialized
INFO - 2025-05-20 09:27:13 --> Loader Class Initialized
INFO - 2025-05-20 09:27:13 --> Helper loaded: url_helper
INFO - 2025-05-20 09:27:13 --> Database Driver Class Initialized
INFO - 2025-05-20 09:27:13 --> Controller Class Initialized
INFO - 2025-05-20 09:27:13 --> Model "Mconfigkey" initialized
INFO - 2025-05-20 09:27:13 --> Model "Msync_doc_aw" initialized
INFO - 2025-05-20 09:27:14 --> Final output sent to browser
DEBUG - 2025-05-20 09:27:14 --> Total execution time: 1.1336
INFO - 2025-05-20 09:27:15 --> Config Class Initialized
INFO - 2025-05-20 09:27:15 --> Hooks Class Initialized
DEBUG - 2025-05-20 09:27:15 --> UTF-8 Support Enabled
INFO - 2025-05-20 09:27:15 --> Utf8 Class Initialized
INFO - 2025-05-20 09:27:15 --> URI Class Initialized
INFO - 2025-05-20 09:27:15 --> Router Class Initialized
INFO - 2025-05-20 09:27:15 --> Output Class Initialized
INFO - 2025-05-20 09:27:15 --> Security Class Initialized
DEBUG - 2025-05-20 09:27:15 --> Global POST, GET and COOKIE data sanitized
INFO - 2025-05-20 09:27:15 --> Input Class Initialized
INFO - 2025-05-20 09:27:15 --> Language Class Initialized
INFO - 2025-05-20 09:27:15 --> Loader Class Initialized
INFO - 2025-05-20 09:27:15 --> Helper loaded: url_helper
INFO - 2025-05-20 09:27:15 --> Database Driver Class Initialized
INFO - 2025-05-20 09:27:15 --> Controller Class Initialized
INFO - 2025-05-20 09:27:15 --> Model "Mconfigkey" initialized
INFO - 2025-05-20 09:27:15 --> Model "Msync_doc_aw" initialized
INFO - 2025-05-20 09:27:16 --> Final output sent to browser
DEBUG - 2025-05-20 09:27:16 --> Total execution time: 1.2078
INFO - 2025-05-20 09:27:32 --> Config Class Initialized
INFO - 2025-05-20 09:27:32 --> Hooks Class Initialized
DEBUG - 2025-05-20 09:27:32 --> UTF-8 Support Enabled
INFO - 2025-05-20 09:27:32 --> Utf8 Class Initialized
INFO - 2025-05-20 09:27:32 --> URI Class Initialized
INFO - 2025-05-20 09:27:32 --> Router Class Initialized
INFO - 2025-05-20 09:27:32 --> Output Class Initialized
INFO - 2025-05-20 09:27:32 --> Security Class Initialized
DEBUG - 2025-05-20 09:27:32 --> Global POST, GET and COOKIE data sanitized
INFO - 2025-05-20 09:27:32 --> Input Class Initialized
INFO - 2025-05-20 09:27:32 --> Language Class Initialized
INFO - 2025-05-20 09:27:32 --> Loader Class Initialized
INFO - 2025-05-20 09:27:32 --> Helper loaded: url_helper
INFO - 2025-05-20 09:27:32 --> Database Driver Class Initialized
INFO - 2025-05-20 09:27:32 --> Controller Class Initialized
INFO - 2025-05-20 09:27:32 --> Model "Mconfigkey" initialized
INFO - 2025-05-20 09:27:32 --> Model "Msync_doc_aw" initialized
INFO - 2025-05-20 09:27:33 --> Final output sent to browser
DEBUG - 2025-05-20 09:27:33 --> Total execution time: 1.0391
INFO - 2025-05-20 09:27:33 --> Config Class Initialized
INFO - 2025-05-20 09:27:33 --> Hooks Class Initialized
DEBUG - 2025-05-20 09:27:33 --> UTF-8 Support Enabled
INFO - 2025-05-20 09:27:33 --> Utf8 Class Initialized
INFO - 2025-05-20 09:27:33 --> URI Class Initialized
INFO - 2025-05-20 09:27:33 --> Router Class Initialized
INFO - 2025-05-20 09:27:33 --> Output Class Initialized
INFO - 2025-05-20 09:27:33 --> Security Class Initialized
DEBUG - 2025-05-20 09:27:33 --> Global POST, GET and COOKIE data sanitized
INFO - 2025-05-20 09:27:33 --> Input Class Initialized
INFO - 2025-05-20 09:27:33 --> Language Class Initialized
INFO - 2025-05-20 09:27:33 --> Loader Class Initialized
INFO - 2025-05-20 09:27:33 --> Helper loaded: url_helper
INFO - 2025-05-20 09:27:33 --> Database Driver Class Initialized
INFO - 2025-05-20 09:27:33 --> Controller Class Initialized
INFO - 2025-05-20 09:27:33 --> Model "Mconfigkey" initialized
INFO - 2025-05-20 09:27:33 --> Model "Msync_doc_aw" initialized
INFO - 2025-05-20 09:27:34 --> Final output sent to browser
DEBUG - 2025-05-20 09:27:34 --> Total execution time: 1.0427
INFO - 2025-05-20 09:27:35 --> Config Class Initialized
INFO - 2025-05-20 09:27:35 --> Hooks Class Initialized
DEBUG - 2025-05-20 09:27:35 --> UTF-8 Support Enabled
INFO - 2025-05-20 09:27:35 --> Utf8 Class Initialized
INFO - 2025-05-20 09:27:35 --> URI Class Initialized
INFO - 2025-05-20 09:27:35 --> Router Class Initialized
INFO - 2025-05-20 09:27:35 --> Output Class Initialized
INFO - 2025-05-20 09:27:35 --> Security Class Initialized
DEBUG - 2025-05-20 09:27:35 --> Global POST, GET and COOKIE data sanitized
INFO - 2025-05-20 09:27:35 --> Input Class Initialized
INFO - 2025-05-20 09:27:35 --> Language Class Initialized
INFO - 2025-05-20 09:27:35 --> Loader Class Initialized
INFO - 2025-05-20 09:27:35 --> Helper loaded: url_helper
INFO - 2025-05-20 09:27:35 --> Database Driver Class Initialized
INFO - 2025-05-20 09:27:35 --> Controller Class Initialized
INFO - 2025-05-20 09:27:35 --> Model "Mconfigkey" initialized
INFO - 2025-05-20 09:27:35 --> Model "Msync_doc_aw" initialized
INFO - 2025-05-20 09:27:36 --> Final output sent to browser
DEBUG - 2025-05-20 09:27:36 --> Total execution time: 1.1574
INFO - 2025-05-20 09:27:59 --> Config Class Initialized
INFO - 2025-05-20 09:27:59 --> Hooks Class Initialized
DEBUG - 2025-05-20 09:27:59 --> UTF-8 Support Enabled
INFO - 2025-05-20 09:27:59 --> Utf8 Class Initialized
INFO - 2025-05-20 09:27:59 --> URI Class Initialized
INFO - 2025-05-20 09:27:59 --> Router Class Initialized
INFO - 2025-05-20 09:27:59 --> Output Class Initialized
INFO - 2025-05-20 09:27:59 --> Security Class Initialized
DEBUG - 2025-05-20 09:27:59 --> Global POST, GET and COOKIE data sanitized
INFO - 2025-05-20 09:27:59 --> Input Class Initialized
INFO - 2025-05-20 09:27:59 --> Language Class Initialized
INFO - 2025-05-20 09:27:59 --> Loader Class Initialized
INFO - 2025-05-20 09:27:59 --> Helper loaded: url_helper
INFO - 2025-05-20 09:27:59 --> Database Driver Class Initialized
INFO - 2025-05-20 09:27:59 --> Controller Class Initialized
INFO - 2025-05-20 09:27:59 --> Model "Mconfigkey" initialized
INFO - 2025-05-20 09:27:59 --> Model "Mgoods_in" initialized
INFO - 2025-05-20 09:28:00 --> Final output sent to browser
DEBUG - 2025-05-20 09:28:00 --> Total execution time: 0.0458
INFO - 2025-05-20 09:28:06 --> Config Class Initialized
INFO - 2025-05-20 09:28:06 --> Hooks Class Initialized
DEBUG - 2025-05-20 09:28:06 --> UTF-8 Support Enabled
INFO - 2025-05-20 09:28:06 --> Utf8 Class Initialized
INFO - 2025-05-20 09:28:06 --> URI Class Initialized
INFO - 2025-05-20 09:28:06 --> Router Class Initialized
INFO - 2025-05-20 09:28:07 --> Output Class Initialized
INFO - 2025-05-20 09:28:07 --> Security Class Initialized
DEBUG - 2025-05-20 09:28:07 --> Global POST, GET and COOKIE data sanitized
INFO - 2025-05-20 09:28:07 --> Input Class Initialized
INFO - 2025-05-20 09:28:07 --> Language Class Initialized
INFO - 2025-05-20 09:28:07 --> Loader Class Initialized
INFO - 2025-05-20 09:28:07 --> Helper loaded: url_helper
INFO - 2025-05-20 09:28:07 --> Database Driver Class Initialized
INFO - 2025-05-20 09:28:07 --> Controller Class Initialized
INFO - 2025-05-20 09:28:07 --> Model "Mconfigkey" initialized
INFO - 2025-05-20 09:28:07 --> Model "Mgoods_in" initialized
INFO - 2025-05-20 09:28:07 --> Final output sent to browser
DEBUG - 2025-05-20 09:28:07 --> Total execution time: 0.0419
INFO - 2025-05-20 09:28:23 --> Config Class Initialized
INFO - 2025-05-20 09:28:23 --> Hooks Class Initialized
DEBUG - 2025-05-20 09:28:23 --> UTF-8 Support Enabled
INFO - 2025-05-20 09:28:23 --> Utf8 Class Initialized
INFO - 2025-05-20 09:28:23 --> URI Class Initialized
INFO - 2025-05-20 09:28:23 --> Router Class Initialized
INFO - 2025-05-20 09:28:23 --> Output Class Initialized
INFO - 2025-05-20 09:28:23 --> Security Class Initialized
DEBUG - 2025-05-20 09:28:23 --> Global POST, GET and COOKIE data sanitized
INFO - 2025-05-20 09:28:23 --> Input Class Initialized
INFO - 2025-05-20 09:28:23 --> Language Class Initialized
INFO - 2025-05-20 09:28:23 --> Loader Class Initialized
INFO - 2025-05-20 09:28:23 --> Helper loaded: url_helper
INFO - 2025-05-20 09:28:23 --> Database Driver Class Initialized
INFO - 2025-05-20 09:28:23 --> Controller Class Initialized
INFO - 2025-05-20 09:28:23 --> Model "Mconfigkey" initialized
INFO - 2025-05-20 09:28:23 --> Model "Mgoods_in" initialized
INFO - 2025-05-20 09:28:23 --> Final output sent to browser
DEBUG - 2025-05-20 09:28:23 --> Total execution time: 0.0373
INFO - 2025-05-20 09:28:36 --> Config Class Initialized
INFO - 2025-05-20 09:28:36 --> Hooks Class Initialized
DEBUG - 2025-05-20 09:28:36 --> UTF-8 Support Enabled
INFO - 2025-05-20 09:28:36 --> Utf8 Class Initialized
INFO - 2025-05-20 09:28:36 --> URI Class Initialized
INFO - 2025-05-20 09:28:36 --> Router Class Initialized
INFO - 2025-05-20 09:28:36 --> Output Class Initialized
INFO - 2025-05-20 09:28:36 --> Security Class Initialized
DEBUG - 2025-05-20 09:28:36 --> Global POST, GET and COOKIE data sanitized
INFO - 2025-05-20 09:28:36 --> Input Class Initialized
INFO - 2025-05-20 09:28:36 --> Language Class Initialized
INFO - 2025-05-20 09:28:36 --> Loader Class Initialized
INFO - 2025-05-20 09:28:36 --> Helper loaded: url_helper
INFO - 2025-05-20 09:28:36 --> Database Driver Class Initialized
INFO - 2025-05-20 09:28:36 --> Controller Class Initialized
INFO - 2025-05-20 09:28:36 --> Model "Mconfigkey" initialized
INFO - 2025-05-20 09:28:36 --> Model "Mgoods_in" initialized
INFO - 2025-05-20 09:28:36 --> Final output sent to browser
DEBUG - 2025-05-20 09:28:36 --> Total execution time: 0.1366
INFO - 2025-05-20 09:28:43 --> Config Class Initialized
INFO - 2025-05-20 09:28:43 --> Hooks Class Initialized
DEBUG - 2025-05-20 09:28:43 --> UTF-8 Support Enabled
INFO - 2025-05-20 09:28:43 --> Utf8 Class Initialized
INFO - 2025-05-20 09:28:43 --> URI Class Initialized
INFO - 2025-05-20 09:28:43 --> Router Class Initialized
INFO - 2025-05-20 09:28:43 --> Output Class Initialized
INFO - 2025-05-20 09:28:43 --> Security Class Initialized
DEBUG - 2025-05-20 09:28:43 --> Global POST, GET and COOKIE data sanitized
INFO - 2025-05-20 09:28:43 --> Input Class Initialized
INFO - 2025-05-20 09:28:43 --> Language Class Initialized
INFO - 2025-05-20 09:28:43 --> Loader Class Initialized
INFO - 2025-05-20 09:28:43 --> Helper loaded: url_helper
INFO - 2025-05-20 09:28:43 --> Database Driver Class Initialized
INFO - 2025-05-20 09:28:43 --> Controller Class Initialized
INFO - 2025-05-20 09:28:43 --> Model "Mconfigkey" initialized
INFO - 2025-05-20 09:28:43 --> Model "Mgoods_in" initialized
INFO - 2025-05-20 09:28:43 --> Final output sent to browser
DEBUG - 2025-05-20 09:28:43 --> Total execution time: 0.3137
INFO - 2025-05-20 09:28:43 --> Config Class Initialized
INFO - 2025-05-20 09:28:43 --> Hooks Class Initialized
DEBUG - 2025-05-20 09:28:43 --> UTF-8 Support Enabled
INFO - 2025-05-20 09:28:43 --> Utf8 Class Initialized
INFO - 2025-05-20 09:28:43 --> URI Class Initialized
INFO - 2025-05-20 09:28:43 --> Router Class Initialized
INFO - 2025-05-20 09:28:43 --> Output Class Initialized
INFO - 2025-05-20 09:28:43 --> Security Class Initialized
DEBUG - 2025-05-20 09:28:43 --> Global POST, GET and COOKIE data sanitized
INFO - 2025-05-20 09:28:43 --> Input Class Initialized
INFO - 2025-05-20 09:28:43 --> Language Class Initialized
INFO - 2025-05-20 09:28:43 --> Loader Class Initialized
INFO - 2025-05-20 09:28:43 --> Helper loaded: url_helper
INFO - 2025-05-20 09:28:43 --> Database Driver Class Initialized
INFO - 2025-05-20 09:28:43 --> Controller Class Initialized
INFO - 2025-05-20 09:28:43 --> Model "Mconfigkey" initialized
INFO - 2025-05-20 09:28:43 --> Model "Mgoods_in" initialized
INFO - 2025-05-20 09:28:43 --> Final output sent to browser
DEBUG - 2025-05-20 09:28:43 --> Total execution time: 0.0365
INFO - 2025-05-20 09:29:08 --> Config Class Initialized
INFO - 2025-05-20 09:29:08 --> Hooks Class Initialized
DEBUG - 2025-05-20 09:29:08 --> UTF-8 Support Enabled
INFO - 2025-05-20 09:29:08 --> Utf8 Class Initialized
INFO - 2025-05-20 09:29:08 --> URI Class Initialized
INFO - 2025-05-20 09:29:08 --> Router Class Initialized
INFO - 2025-05-20 09:29:08 --> Output Class Initialized
INFO - 2025-05-20 09:29:08 --> Security Class Initialized
DEBUG - 2025-05-20 09:29:08 --> Global POST, GET and COOKIE data sanitized
INFO - 2025-05-20 09:29:08 --> Input Class Initialized
INFO - 2025-05-20 09:29:08 --> Language Class Initialized
INFO - 2025-05-20 09:29:08 --> Loader Class Initialized
INFO - 2025-05-20 09:29:08 --> Helper loaded: url_helper
INFO - 2025-05-20 09:29:08 --> Database Driver Class Initialized
INFO - 2025-05-20 09:29:08 --> Controller Class Initialized
INFO - 2025-05-20 09:29:08 --> Model "Mconfigkey" initialized
INFO - 2025-05-20 09:29:08 --> Model "Mgoods_in" initialized
INFO - 2025-05-20 09:29:08 --> Final output sent to browser
DEBUG - 2025-05-20 09:29:08 --> Total execution time: 0.0436
INFO - 2025-05-20 09:29:17 --> Config Class Initialized
INFO - 2025-05-20 09:29:17 --> Hooks Class Initialized
DEBUG - 2025-05-20 09:29:17 --> UTF-8 Support Enabled
INFO - 2025-05-20 09:29:17 --> Utf8 Class Initialized
INFO - 2025-05-20 09:29:17 --> URI Class Initialized
INFO - 2025-05-20 09:29:17 --> Router Class Initialized
INFO - 2025-05-20 09:29:17 --> Output Class Initialized
INFO - 2025-05-20 09:29:17 --> Security Class Initialized
DEBUG - 2025-05-20 09:29:17 --> Global POST, GET and COOKIE data sanitized
INFO - 2025-05-20 09:29:17 --> Input Class Initialized
INFO - 2025-05-20 09:29:17 --> Language Class Initialized
INFO - 2025-05-20 09:29:17 --> Loader Class Initialized
INFO - 2025-05-20 09:29:17 --> Helper loaded: url_helper
INFO - 2025-05-20 09:29:17 --> Database Driver Class Initialized
INFO - 2025-05-20 09:29:17 --> Controller Class Initialized
INFO - 2025-05-20 09:29:17 --> Model "Mconfigkey" initialized
INFO - 2025-05-20 09:29:17 --> Model "Mgoods_in" initialized
INFO - 2025-05-20 09:29:17 --> Final output sent to browser
DEBUG - 2025-05-20 09:29:17 --> Total execution time: 0.1277
INFO - 2025-05-20 09:29:24 --> Config Class Initialized
INFO - 2025-05-20 09:29:24 --> Hooks Class Initialized
DEBUG - 2025-05-20 09:29:24 --> UTF-8 Support Enabled
INFO - 2025-05-20 09:29:24 --> Utf8 Class Initialized
INFO - 2025-05-20 09:29:24 --> URI Class Initialized
INFO - 2025-05-20 09:29:24 --> Router Class Initialized
INFO - 2025-05-20 09:29:24 --> Output Class Initialized
INFO - 2025-05-20 09:29:24 --> Security Class Initialized
DEBUG - 2025-05-20 09:29:24 --> Global POST, GET and COOKIE data sanitized
INFO - 2025-05-20 09:29:24 --> Input Class Initialized
INFO - 2025-05-20 09:29:24 --> Language Class Initialized
INFO - 2025-05-20 09:29:24 --> Loader Class Initialized
INFO - 2025-05-20 09:29:24 --> Helper loaded: url_helper
INFO - 2025-05-20 09:29:24 --> Database Driver Class Initialized
INFO - 2025-05-20 09:29:24 --> Controller Class Initialized
INFO - 2025-05-20 09:29:24 --> Model "Mconfigkey" initialized
INFO - 2025-05-20 09:29:24 --> Model "Mgoods_in" initialized
INFO - 2025-05-20 09:29:24 --> Final output sent to browser
DEBUG - 2025-05-20 09:29:24 --> Total execution time: 0.2073
INFO - 2025-05-20 09:29:24 --> Config Class Initialized
INFO - 2025-05-20 09:29:24 --> Hooks Class Initialized
DEBUG - 2025-05-20 09:29:24 --> UTF-8 Support Enabled
INFO - 2025-05-20 09:29:24 --> Utf8 Class Initialized
INFO - 2025-05-20 09:29:24 --> URI Class Initialized
INFO - 2025-05-20 09:29:24 --> Router Class Initialized
INFO - 2025-05-20 09:29:24 --> Output Class Initialized
INFO - 2025-05-20 09:29:24 --> Security Class Initialized
DEBUG - 2025-05-20 09:29:24 --> Global POST, GET and COOKIE data sanitized
INFO - 2025-05-20 09:29:24 --> Input Class Initialized
INFO - 2025-05-20 09:29:24 --> Language Class Initialized
INFO - 2025-05-20 09:29:24 --> Loader Class Initialized
INFO - 2025-05-20 09:29:24 --> Helper loaded: url_helper
INFO - 2025-05-20 09:29:24 --> Database Driver Class Initialized
INFO - 2025-05-20 09:29:24 --> Controller Class Initialized
INFO - 2025-05-20 09:29:24 --> Model "Mconfigkey" initialized
INFO - 2025-05-20 09:29:24 --> Model "Mgoods_in" initialized
INFO - 2025-05-20 09:29:24 --> Final output sent to browser
DEBUG - 2025-05-20 09:29:24 --> Total execution time: 0.0347
INFO - 2025-05-20 09:29:37 --> Config Class Initialized
INFO - 2025-05-20 09:29:37 --> Hooks Class Initialized
DEBUG - 2025-05-20 09:29:37 --> UTF-8 Support Enabled
INFO - 2025-05-20 09:29:37 --> Utf8 Class Initialized
INFO - 2025-05-20 09:29:37 --> URI Class Initialized
INFO - 2025-05-20 09:29:37 --> Router Class Initialized
INFO - 2025-05-20 09:29:37 --> Output Class Initialized
INFO - 2025-05-20 09:29:37 --> Security Class Initialized
DEBUG - 2025-05-20 09:29:37 --> Global POST, GET and COOKIE data sanitized
INFO - 2025-05-20 09:29:37 --> Input Class Initialized
INFO - 2025-05-20 09:29:37 --> Language Class Initialized
INFO - 2025-05-20 09:29:37 --> Loader Class Initialized
INFO - 2025-05-20 09:29:37 --> Helper loaded: url_helper
INFO - 2025-05-20 09:29:37 --> Database Driver Class Initialized
INFO - 2025-05-20 09:29:37 --> Controller Class Initialized
INFO - 2025-05-20 09:29:37 --> Model "Mconfigkey" initialized
INFO - 2025-05-20 09:29:37 --> Model "Mext_rpt_pemasukan" initialized
INFO - 2025-05-20 09:29:37 --> Final output sent to browser
DEBUG - 2025-05-20 09:29:37 --> Total execution time: 0.6028
INFO - 2025-05-20 09:30:11 --> Config Class Initialized
INFO - 2025-05-20 09:30:11 --> Hooks Class Initialized
DEBUG - 2025-05-20 09:30:11 --> UTF-8 Support Enabled
INFO - 2025-05-20 09:30:11 --> Utf8 Class Initialized
INFO - 2025-05-20 09:30:11 --> URI Class Initialized
INFO - 2025-05-20 09:30:11 --> Router Class Initialized
INFO - 2025-05-20 09:30:11 --> Output Class Initialized
INFO - 2025-05-20 09:30:11 --> Security Class Initialized
DEBUG - 2025-05-20 09:30:11 --> Global POST, GET and COOKIE data sanitized
INFO - 2025-05-20 09:30:11 --> Input Class Initialized
INFO - 2025-05-20 09:30:11 --> Language Class Initialized
INFO - 2025-05-20 09:30:11 --> Loader Class Initialized
INFO - 2025-05-20 09:30:11 --> Helper loaded: url_helper
INFO - 2025-05-20 09:30:11 --> Database Driver Class Initialized
INFO - 2025-05-20 09:30:11 --> Controller Class Initialized
INFO - 2025-05-20 09:30:11 --> Model "Mconfigkey" initialized
INFO - 2025-05-20 09:30:11 --> Model "Mgoods_in" initialized
INFO - 2025-05-20 09:30:11 --> Final output sent to browser
DEBUG - 2025-05-20 09:30:11 --> Total execution time: 0.0370
INFO - 2025-05-20 09:30:17 --> Config Class Initialized
INFO - 2025-05-20 09:30:17 --> Hooks Class Initialized
DEBUG - 2025-05-20 09:30:17 --> UTF-8 Support Enabled
INFO - 2025-05-20 09:30:17 --> Utf8 Class Initialized
INFO - 2025-05-20 09:30:17 --> URI Class Initialized
INFO - 2025-05-20 09:30:17 --> Router Class Initialized
INFO - 2025-05-20 09:30:17 --> Output Class Initialized
INFO - 2025-05-20 09:30:17 --> Security Class Initialized
DEBUG - 2025-05-20 09:30:17 --> Global POST, GET and COOKIE data sanitized
INFO - 2025-05-20 09:30:17 --> Input Class Initialized
INFO - 2025-05-20 09:30:17 --> Language Class Initialized
INFO - 2025-05-20 09:30:17 --> Loader Class Initialized
INFO - 2025-05-20 09:30:17 --> Helper loaded: url_helper
INFO - 2025-05-20 09:30:17 --> Database Driver Class Initialized
INFO - 2025-05-20 09:30:17 --> Controller Class Initialized
INFO - 2025-05-20 09:30:17 --> Model "Mconfigkey" initialized
INFO - 2025-05-20 09:30:17 --> Model "Mgoods_in" initialized
INFO - 2025-05-20 09:30:17 --> Final output sent to browser
DEBUG - 2025-05-20 09:30:17 --> Total execution time: 0.1376
INFO - 2025-05-20 09:30:22 --> Config Class Initialized
INFO - 2025-05-20 09:30:22 --> Hooks Class Initialized
DEBUG - 2025-05-20 09:30:22 --> UTF-8 Support Enabled
INFO - 2025-05-20 09:30:22 --> Utf8 Class Initialized
INFO - 2025-05-20 09:30:22 --> URI Class Initialized
INFO - 2025-05-20 09:30:22 --> Router Class Initialized
INFO - 2025-05-20 09:30:22 --> Output Class Initialized
INFO - 2025-05-20 09:30:22 --> Security Class Initialized
DEBUG - 2025-05-20 09:30:22 --> Global POST, GET and COOKIE data sanitized
INFO - 2025-05-20 09:30:22 --> Input Class Initialized
INFO - 2025-05-20 09:30:22 --> Language Class Initialized
INFO - 2025-05-20 09:30:22 --> Loader Class Initialized
INFO - 2025-05-20 09:30:22 --> Helper loaded: url_helper
INFO - 2025-05-20 09:30:22 --> Database Driver Class Initialized
INFO - 2025-05-20 09:30:22 --> Controller Class Initialized
INFO - 2025-05-20 09:30:22 --> Model "Mconfigkey" initialized
INFO - 2025-05-20 09:30:22 --> Model "Mgoods_in" initialized
INFO - 2025-05-20 09:30:22 --> Final output sent to browser
DEBUG - 2025-05-20 09:30:22 --> Total execution time: 0.2686
INFO - 2025-05-20 09:30:22 --> Config Class Initialized
INFO - 2025-05-20 09:30:22 --> Hooks Class Initialized
DEBUG - 2025-05-20 09:30:22 --> UTF-8 Support Enabled
INFO - 2025-05-20 09:30:22 --> Utf8 Class Initialized
INFO - 2025-05-20 09:30:22 --> URI Class Initialized
INFO - 2025-05-20 09:30:22 --> Router Class Initialized
INFO - 2025-05-20 09:30:22 --> Output Class Initialized
INFO - 2025-05-20 09:30:22 --> Security Class Initialized
DEBUG - 2025-05-20 09:30:22 --> Global POST, GET and COOKIE data sanitized
INFO - 2025-05-20 09:30:22 --> Input Class Initialized
INFO - 2025-05-20 09:30:22 --> Language Class Initialized
INFO - 2025-05-20 09:30:22 --> Loader Class Initialized
INFO - 2025-05-20 09:30:22 --> Helper loaded: url_helper
INFO - 2025-05-20 09:30:22 --> Database Driver Class Initialized
INFO - 2025-05-20 09:30:22 --> Controller Class Initialized
INFO - 2025-05-20 09:30:22 --> Model "Mconfigkey" initialized
INFO - 2025-05-20 09:30:22 --> Model "Mgoods_in" initialized
INFO - 2025-05-20 09:30:22 --> Final output sent to browser
DEBUG - 2025-05-20 09:30:22 --> Total execution time: 0.0340
INFO - 2025-05-20 09:30:27 --> Config Class Initialized
INFO - 2025-05-20 09:30:27 --> Hooks Class Initialized
DEBUG - 2025-05-20 09:30:27 --> UTF-8 Support Enabled
INFO - 2025-05-20 09:30:27 --> Utf8 Class Initialized
INFO - 2025-05-20 09:30:27 --> URI Class Initialized
INFO - 2025-05-20 09:30:27 --> Router Class Initialized
INFO - 2025-05-20 09:30:27 --> Output Class Initialized
INFO - 2025-05-20 09:30:27 --> Security Class Initialized
DEBUG - 2025-05-20 09:30:27 --> Global POST, GET and COOKIE data sanitized
INFO - 2025-05-20 09:30:27 --> Input Class Initialized
INFO - 2025-05-20 09:30:27 --> Language Class Initialized
INFO - 2025-05-20 09:30:27 --> Loader Class Initialized
INFO - 2025-05-20 09:30:27 --> Helper loaded: url_helper
INFO - 2025-05-20 09:30:27 --> Database Driver Class Initialized
INFO - 2025-05-20 09:30:27 --> Controller Class Initialized
INFO - 2025-05-20 09:30:27 --> Model "Mconfigkey" initialized
INFO - 2025-05-20 09:30:27 --> Model "Mext_rpt_pemasukan" initialized
INFO - 2025-05-20 09:30:27 --> Final output sent to browser
DEBUG - 2025-05-20 09:30:27 --> Total execution time: 0.6050
INFO - 2025-05-20 09:30:29 --> Config Class Initialized
INFO - 2025-05-20 09:30:29 --> Hooks Class Initialized
DEBUG - 2025-05-20 09:30:29 --> UTF-8 Support Enabled
INFO - 2025-05-20 09:30:29 --> Utf8 Class Initialized
INFO - 2025-05-20 09:30:29 --> URI Class Initialized
INFO - 2025-05-20 09:30:29 --> Router Class Initialized
INFO - 2025-05-20 09:30:29 --> Output Class Initialized
INFO - 2025-05-20 09:30:29 --> Security Class Initialized
DEBUG - 2025-05-20 09:30:29 --> Global POST, GET and COOKIE data sanitized
INFO - 2025-05-20 09:30:29 --> Input Class Initialized
INFO - 2025-05-20 09:30:29 --> Language Class Initialized
INFO - 2025-05-20 09:30:29 --> Loader Class Initialized
INFO - 2025-05-20 09:30:29 --> Helper loaded: url_helper
INFO - 2025-05-20 09:30:29 --> Database Driver Class Initialized
INFO - 2025-05-20 09:30:29 --> Controller Class Initialized
INFO - 2025-05-20 09:30:29 --> Model "Mconfigkey" initialized
INFO - 2025-05-20 09:30:29 --> Model "Mext_rpt_pemasukan" initialized
INFO - 2025-05-20 09:30:30 --> Final output sent to browser
DEBUG - 2025-05-20 09:30:30 --> Total execution time: 0.5919
INFO - 2025-05-20 09:31:39 --> Config Class Initialized
INFO - 2025-05-20 09:31:39 --> Hooks Class Initialized
DEBUG - 2025-05-20 09:31:39 --> UTF-8 Support Enabled
INFO - 2025-05-20 09:31:39 --> Utf8 Class Initialized
INFO - 2025-05-20 09:31:39 --> URI Class Initialized
INFO - 2025-05-20 09:31:39 --> Router Class Initialized
INFO - 2025-05-20 09:31:39 --> Output Class Initialized
INFO - 2025-05-20 09:31:39 --> Security Class Initialized
DEBUG - 2025-05-20 09:31:39 --> Global POST, GET and COOKIE data sanitized
INFO - 2025-05-20 09:31:39 --> Input Class Initialized
INFO - 2025-05-20 09:31:39 --> Language Class Initialized
INFO - 2025-05-20 09:31:39 --> Loader Class Initialized
INFO - 2025-05-20 09:31:39 --> Helper loaded: url_helper
INFO - 2025-05-20 09:31:39 --> Database Driver Class Initialized
INFO - 2025-05-20 09:31:39 --> Controller Class Initialized
INFO - 2025-05-20 09:31:39 --> Model "Mconfigkey" initialized
INFO - 2025-05-20 09:31:39 --> Model "Mgoods_in" initialized
INFO - 2025-05-20 09:31:39 --> Final output sent to browser
DEBUG - 2025-05-20 09:31:39 --> Total execution time: 0.0453
INFO - 2025-05-20 09:31:45 --> Config Class Initialized
INFO - 2025-05-20 09:31:45 --> Hooks Class Initialized
DEBUG - 2025-05-20 09:31:45 --> UTF-8 Support Enabled
INFO - 2025-05-20 09:31:45 --> Utf8 Class Initialized
INFO - 2025-05-20 09:31:45 --> URI Class Initialized
INFO - 2025-05-20 09:31:45 --> Router Class Initialized
INFO - 2025-05-20 09:31:45 --> Output Class Initialized
INFO - 2025-05-20 09:31:45 --> Security Class Initialized
DEBUG - 2025-05-20 09:31:45 --> Global POST, GET and COOKIE data sanitized
INFO - 2025-05-20 09:31:45 --> Input Class Initialized
INFO - 2025-05-20 09:31:45 --> Language Class Initialized
INFO - 2025-05-20 09:31:45 --> Loader Class Initialized
INFO - 2025-05-20 09:31:45 --> Helper loaded: url_helper
INFO - 2025-05-20 09:31:45 --> Database Driver Class Initialized
INFO - 2025-05-20 09:31:45 --> Controller Class Initialized
INFO - 2025-05-20 09:31:45 --> Model "Mconfigkey" initialized
INFO - 2025-05-20 09:31:45 --> Model "Mgoods_in" initialized
INFO - 2025-05-20 09:31:45 --> Final output sent to browser
DEBUG - 2025-05-20 09:31:45 --> Total execution time: 0.1295
INFO - 2025-05-20 09:31:49 --> Config Class Initialized
INFO - 2025-05-20 09:31:49 --> Hooks Class Initialized
DEBUG - 2025-05-20 09:31:49 --> UTF-8 Support Enabled
INFO - 2025-05-20 09:31:49 --> Utf8 Class Initialized
INFO - 2025-05-20 09:31:49 --> URI Class Initialized
INFO - 2025-05-20 09:31:49 --> Router Class Initialized
INFO - 2025-05-20 09:31:49 --> Output Class Initialized
INFO - 2025-05-20 09:31:49 --> Security Class Initialized
DEBUG - 2025-05-20 09:31:49 --> Global POST, GET and COOKIE data sanitized
INFO - 2025-05-20 09:31:49 --> Input Class Initialized
INFO - 2025-05-20 09:31:49 --> Language Class Initialized
INFO - 2025-05-20 09:31:49 --> Loader Class Initialized
INFO - 2025-05-20 09:31:49 --> Helper loaded: url_helper
INFO - 2025-05-20 09:31:49 --> Database Driver Class Initialized
INFO - 2025-05-20 09:31:49 --> Controller Class Initialized
INFO - 2025-05-20 09:31:49 --> Model "Mconfigkey" initialized
INFO - 2025-05-20 09:31:49 --> Model "Mgoods_in" initialized
INFO - 2025-05-20 09:31:50 --> Final output sent to browser
DEBUG - 2025-05-20 09:31:50 --> Total execution time: 0.2046
INFO - 2025-05-20 09:31:50 --> Config Class Initialized
INFO - 2025-05-20 09:31:50 --> Hooks Class Initialized
DEBUG - 2025-05-20 09:31:50 --> UTF-8 Support Enabled
INFO - 2025-05-20 09:31:50 --> Utf8 Class Initialized
INFO - 2025-05-20 09:31:50 --> URI Class Initialized
INFO - 2025-05-20 09:31:50 --> Router Class Initialized
INFO - 2025-05-20 09:31:50 --> Output Class Initialized
INFO - 2025-05-20 09:31:50 --> Security Class Initialized
DEBUG - 2025-05-20 09:31:50 --> Global POST, GET and COOKIE data sanitized
INFO - 2025-05-20 09:31:50 --> Input Class Initialized
INFO - 2025-05-20 09:31:50 --> Language Class Initialized
INFO - 2025-05-20 09:31:50 --> Loader Class Initialized
INFO - 2025-05-20 09:31:50 --> Helper loaded: url_helper
INFO - 2025-05-20 09:31:50 --> Database Driver Class Initialized
INFO - 2025-05-20 09:31:50 --> Controller Class Initialized
INFO - 2025-05-20 09:31:50 --> Model "Mconfigkey" initialized
INFO - 2025-05-20 09:31:50 --> Model "Mgoods_in" initialized
INFO - 2025-05-20 09:31:50 --> Final output sent to browser
DEBUG - 2025-05-20 09:31:50 --> Total execution time: 0.0347
INFO - 2025-05-20 09:32:02 --> Config Class Initialized
INFO - 2025-05-20 09:32:02 --> Hooks Class Initialized
DEBUG - 2025-05-20 09:32:02 --> UTF-8 Support Enabled
INFO - 2025-05-20 09:32:02 --> Utf8 Class Initialized
INFO - 2025-05-20 09:32:02 --> URI Class Initialized
INFO - 2025-05-20 09:32:02 --> Router Class Initialized
INFO - 2025-05-20 09:32:02 --> Output Class Initialized
INFO - 2025-05-20 09:32:02 --> Security Class Initialized
DEBUG - 2025-05-20 09:32:02 --> Global POST, GET and COOKIE data sanitized
INFO - 2025-05-20 09:32:02 --> Input Class Initialized
INFO - 2025-05-20 09:32:02 --> Language Class Initialized
INFO - 2025-05-20 09:32:02 --> Loader Class Initialized
INFO - 2025-05-20 09:32:02 --> Helper loaded: url_helper
INFO - 2025-05-20 09:32:02 --> Database Driver Class Initialized
INFO - 2025-05-20 09:32:02 --> Controller Class Initialized
INFO - 2025-05-20 09:32:02 --> Model "Mconfigkey" initialized
INFO - 2025-05-20 09:32:02 --> Model "Mext_rpt_pemasukan" initialized
INFO - 2025-05-20 09:32:03 --> Final output sent to browser
DEBUG - 2025-05-20 09:32:03 --> Total execution time: 0.5867
INFO - 2025-05-20 09:32:05 --> Config Class Initialized
INFO - 2025-05-20 09:32:05 --> Hooks Class Initialized
DEBUG - 2025-05-20 09:32:05 --> UTF-8 Support Enabled
INFO - 2025-05-20 09:32:05 --> Utf8 Class Initialized
INFO - 2025-05-20 09:32:05 --> URI Class Initialized
INFO - 2025-05-20 09:32:05 --> Router Class Initialized
INFO - 2025-05-20 09:32:05 --> Output Class Initialized
INFO - 2025-05-20 09:32:05 --> Security Class Initialized
DEBUG - 2025-05-20 09:32:05 --> Global POST, GET and COOKIE data sanitized
INFO - 2025-05-20 09:32:05 --> Input Class Initialized
INFO - 2025-05-20 09:32:05 --> Language Class Initialized
INFO - 2025-05-20 09:32:05 --> Loader Class Initialized
INFO - 2025-05-20 09:32:05 --> Helper loaded: url_helper
INFO - 2025-05-20 09:32:05 --> Database Driver Class Initialized
INFO - 2025-05-20 09:32:05 --> Controller Class Initialized
INFO - 2025-05-20 09:32:05 --> Model "Mconfigkey" initialized
INFO - 2025-05-20 09:32:05 --> Model "Mext_rpt_pemasukan" initialized
INFO - 2025-05-20 09:32:06 --> Final output sent to browser
DEBUG - 2025-05-20 09:32:06 --> Total execution time: 0.6080
INFO - 2025-05-20 09:32:07 --> Config Class Initialized
INFO - 2025-05-20 09:32:07 --> Hooks Class Initialized
DEBUG - 2025-05-20 09:32:07 --> UTF-8 Support Enabled
INFO - 2025-05-20 09:32:07 --> Utf8 Class Initialized
INFO - 2025-05-20 09:32:07 --> URI Class Initialized
INFO - 2025-05-20 09:32:07 --> Router Class Initialized
INFO - 2025-05-20 09:32:07 --> Output Class Initialized
INFO - 2025-05-20 09:32:07 --> Security Class Initialized
DEBUG - 2025-05-20 09:32:07 --> Global POST, GET and COOKIE data sanitized
INFO - 2025-05-20 09:32:07 --> Input Class Initialized
INFO - 2025-05-20 09:32:07 --> Language Class Initialized
INFO - 2025-05-20 09:32:07 --> Loader Class Initialized
INFO - 2025-05-20 09:32:07 --> Helper loaded: url_helper
INFO - 2025-05-20 09:32:07 --> Database Driver Class Initialized
INFO - 2025-05-20 09:32:07 --> Controller Class Initialized
INFO - 2025-05-20 09:32:07 --> Model "Mconfigkey" initialized
INFO - 2025-05-20 09:32:07 --> Model "Mext_rpt_pemasukan" initialized
INFO - 2025-05-20 09:32:08 --> Final output sent to browser
DEBUG - 2025-05-20 09:32:08 --> Total execution time: 0.6690
INFO - 2025-05-20 09:33:08 --> Config Class Initialized
INFO - 2025-05-20 09:33:08 --> Hooks Class Initialized
DEBUG - 2025-05-20 09:33:08 --> UTF-8 Support Enabled
INFO - 2025-05-20 09:33:08 --> Utf8 Class Initialized
INFO - 2025-05-20 09:33:08 --> URI Class Initialized
INFO - 2025-05-20 09:33:08 --> Router Class Initialized
INFO - 2025-05-20 09:33:08 --> Output Class Initialized
INFO - 2025-05-20 09:33:08 --> Security Class Initialized
DEBUG - 2025-05-20 09:33:08 --> Global POST, GET and COOKIE data sanitized
INFO - 2025-05-20 09:33:08 --> Input Class Initialized
INFO - 2025-05-20 09:33:08 --> Language Class Initialized
INFO - 2025-05-20 09:33:08 --> Loader Class Initialized
INFO - 2025-05-20 09:33:08 --> Helper loaded: url_helper
INFO - 2025-05-20 09:33:08 --> Database Driver Class Initialized
INFO - 2025-05-20 09:33:08 --> Controller Class Initialized
INFO - 2025-05-20 09:33:08 --> Model "Mconfigkey" initialized
INFO - 2025-05-20 09:33:08 --> Model "Mgoods_in" initialized
INFO - 2025-05-20 09:33:08 --> Final output sent to browser
DEBUG - 2025-05-20 09:33:08 --> Total execution time: 0.0408
INFO - 2025-05-20 09:33:21 --> Config Class Initialized
INFO - 2025-05-20 09:33:21 --> Hooks Class Initialized
DEBUG - 2025-05-20 09:33:21 --> UTF-8 Support Enabled
INFO - 2025-05-20 09:33:21 --> Utf8 Class Initialized
INFO - 2025-05-20 09:33:21 --> URI Class Initialized
INFO - 2025-05-20 09:33:21 --> Router Class Initialized
INFO - 2025-05-20 09:33:21 --> Output Class Initialized
INFO - 2025-05-20 09:33:21 --> Security Class Initialized
DEBUG - 2025-05-20 09:33:21 --> Global POST, GET and COOKIE data sanitized
INFO - 2025-05-20 09:33:21 --> Input Class Initialized
INFO - 2025-05-20 09:33:21 --> Language Class Initialized
INFO - 2025-05-20 09:33:21 --> Loader Class Initialized
INFO - 2025-05-20 09:33:21 --> Helper loaded: url_helper
INFO - 2025-05-20 09:33:21 --> Database Driver Class Initialized
INFO - 2025-05-20 09:33:21 --> Controller Class Initialized
INFO - 2025-05-20 09:33:21 --> Model "Mconfigkey" initialized
INFO - 2025-05-20 09:33:21 --> Model "Mgoods_in" initialized
INFO - 2025-05-20 09:33:21 --> Final output sent to browser
DEBUG - 2025-05-20 09:33:21 --> Total execution time: 0.0341
INFO - 2025-05-20 09:33:32 --> Config Class Initialized
INFO - 2025-05-20 09:33:32 --> Hooks Class Initialized
DEBUG - 2025-05-20 09:33:32 --> UTF-8 Support Enabled
INFO - 2025-05-20 09:33:32 --> Utf8 Class Initialized
INFO - 2025-05-20 09:33:32 --> URI Class Initialized
INFO - 2025-05-20 09:33:32 --> Router Class Initialized
INFO - 2025-05-20 09:33:32 --> Output Class Initialized
INFO - 2025-05-20 09:33:32 --> Security Class Initialized
DEBUG - 2025-05-20 09:33:32 --> Global POST, GET and COOKIE data sanitized
INFO - 2025-05-20 09:33:32 --> Input Class Initialized
INFO - 2025-05-20 09:33:32 --> Language Class Initialized
INFO - 2025-05-20 09:33:32 --> Loader Class Initialized
INFO - 2025-05-20 09:33:32 --> Helper loaded: url_helper
INFO - 2025-05-20 09:33:32 --> Database Driver Class Initialized
INFO - 2025-05-20 09:33:32 --> Controller Class Initialized
INFO - 2025-05-20 09:33:32 --> Model "Mconfigkey" initialized
INFO - 2025-05-20 09:33:32 --> Model "Mgoods_in" initialized
INFO - 2025-05-20 09:33:32 --> Final output sent to browser
DEBUG - 2025-05-20 09:33:32 --> Total execution time: 0.0380
INFO - 2025-05-20 09:33:38 --> Config Class Initialized
INFO - 2025-05-20 09:33:38 --> Hooks Class Initialized
DEBUG - 2025-05-20 09:33:38 --> UTF-8 Support Enabled
INFO - 2025-05-20 09:33:38 --> Utf8 Class Initialized
INFO - 2025-05-20 09:33:38 --> URI Class Initialized
INFO - 2025-05-20 09:33:38 --> Router Class Initialized
INFO - 2025-05-20 09:33:38 --> Output Class Initialized
INFO - 2025-05-20 09:33:38 --> Security Class Initialized
DEBUG - 2025-05-20 09:33:38 --> Global POST, GET and COOKIE data sanitized
INFO - 2025-05-20 09:33:38 --> Input Class Initialized
INFO - 2025-05-20 09:33:38 --> Language Class Initialized
INFO - 2025-05-20 09:33:38 --> Loader Class Initialized
INFO - 2025-05-20 09:33:38 --> Helper loaded: url_helper
INFO - 2025-05-20 09:33:38 --> Database Driver Class Initialized
INFO - 2025-05-20 09:33:38 --> Controller Class Initialized
INFO - 2025-05-20 09:33:38 --> Model "Mconfigkey" initialized
INFO - 2025-05-20 09:33:38 --> Model "Mgoods_in" initialized
INFO - 2025-05-20 09:33:38 --> Final output sent to browser
DEBUG - 2025-05-20 09:33:38 --> Total execution time: 0.1323
INFO - 2025-05-20 09:33:47 --> Config Class Initialized
INFO - 2025-05-20 09:33:47 --> Hooks Class Initialized
DEBUG - 2025-05-20 09:33:47 --> UTF-8 Support Enabled
INFO - 2025-05-20 09:33:47 --> Utf8 Class Initialized
INFO - 2025-05-20 09:33:47 --> URI Class Initialized
INFO - 2025-05-20 09:33:47 --> Router Class Initialized
INFO - 2025-05-20 09:33:47 --> Output Class Initialized
INFO - 2025-05-20 09:33:47 --> Security Class Initialized
DEBUG - 2025-05-20 09:33:47 --> Global POST, GET and COOKIE data sanitized
INFO - 2025-05-20 09:33:47 --> Input Class Initialized
INFO - 2025-05-20 09:33:47 --> Language Class Initialized
INFO - 2025-05-20 09:33:47 --> Loader Class Initialized
INFO - 2025-05-20 09:33:47 --> Helper loaded: url_helper
INFO - 2025-05-20 09:33:47 --> Database Driver Class Initialized
INFO - 2025-05-20 09:33:47 --> Controller Class Initialized
INFO - 2025-05-20 09:33:47 --> Model "Mconfigkey" initialized
INFO - 2025-05-20 09:33:47 --> Model "Mgoods_in" initialized
INFO - 2025-05-20 09:33:47 --> Final output sent to browser
DEBUG - 2025-05-20 09:33:47 --> Total execution time: 0.1919
INFO - 2025-05-20 09:33:47 --> Config Class Initialized
INFO - 2025-05-20 09:33:47 --> Hooks Class Initialized
DEBUG - 2025-05-20 09:33:47 --> UTF-8 Support Enabled
INFO - 2025-05-20 09:33:47 --> Utf8 Class Initialized
INFO - 2025-05-20 09:33:47 --> URI Class Initialized
INFO - 2025-05-20 09:33:47 --> Router Class Initialized
INFO - 2025-05-20 09:33:47 --> Output Class Initialized
INFO - 2025-05-20 09:33:47 --> Security Class Initialized
DEBUG - 2025-05-20 09:33:47 --> Global POST, GET and COOKIE data sanitized
INFO - 2025-05-20 09:33:47 --> Input Class Initialized
INFO - 2025-05-20 09:33:47 --> Language Class Initialized
INFO - 2025-05-20 09:33:47 --> Loader Class Initialized
INFO - 2025-05-20 09:33:47 --> Helper loaded: url_helper
INFO - 2025-05-20 09:33:47 --> Database Driver Class Initialized
INFO - 2025-05-20 09:33:47 --> Controller Class Initialized
INFO - 2025-05-20 09:33:47 --> Model "Mconfigkey" initialized
INFO - 2025-05-20 09:33:47 --> Model "Mgoods_in" initialized
INFO - 2025-05-20 09:33:47 --> Final output sent to browser
DEBUG - 2025-05-20 09:33:47 --> Total execution time: 0.0346
INFO - 2025-05-20 09:33:56 --> Config Class Initialized
INFO - 2025-05-20 09:33:56 --> Hooks Class Initialized
DEBUG - 2025-05-20 09:33:56 --> UTF-8 Support Enabled
INFO - 2025-05-20 09:33:56 --> Utf8 Class Initialized
INFO - 2025-05-20 09:33:56 --> URI Class Initialized
INFO - 2025-05-20 09:33:56 --> Router Class Initialized
INFO - 2025-05-20 09:33:56 --> Output Class Initialized
INFO - 2025-05-20 09:33:56 --> Security Class Initialized
DEBUG - 2025-05-20 09:33:56 --> Global POST, GET and COOKIE data sanitized
INFO - 2025-05-20 09:33:56 --> Input Class Initialized
INFO - 2025-05-20 09:33:56 --> Language Class Initialized
INFO - 2025-05-20 09:33:56 --> Loader Class Initialized
INFO - 2025-05-20 09:33:56 --> Helper loaded: url_helper
INFO - 2025-05-20 09:33:56 --> Database Driver Class Initialized
INFO - 2025-05-20 09:33:56 --> Controller Class Initialized
INFO - 2025-05-20 09:33:56 --> Model "Mconfigkey" initialized
INFO - 2025-05-20 09:33:56 --> Model "Mgoods_in" initialized
INFO - 2025-05-20 09:33:56 --> Final output sent to browser
DEBUG - 2025-05-20 09:33:56 --> Total execution time: 0.1313
INFO - 2025-05-20 09:34:09 --> Config Class Initialized
INFO - 2025-05-20 09:34:09 --> Hooks Class Initialized
DEBUG - 2025-05-20 09:34:09 --> UTF-8 Support Enabled
INFO - 2025-05-20 09:34:09 --> Utf8 Class Initialized
INFO - 2025-05-20 09:34:09 --> URI Class Initialized
INFO - 2025-05-20 09:34:09 --> Router Class Initialized
INFO - 2025-05-20 09:34:09 --> Output Class Initialized
INFO - 2025-05-20 09:34:09 --> Security Class Initialized
DEBUG - 2025-05-20 09:34:09 --> Global POST, GET and COOKIE data sanitized
INFO - 2025-05-20 09:34:09 --> Input Class Initialized
INFO - 2025-05-20 09:34:09 --> Language Class Initialized
INFO - 2025-05-20 09:34:09 --> Loader Class Initialized
INFO - 2025-05-20 09:34:09 --> Helper loaded: url_helper
INFO - 2025-05-20 09:34:09 --> Database Driver Class Initialized
INFO - 2025-05-20 09:34:09 --> Controller Class Initialized
INFO - 2025-05-20 09:34:09 --> Model "Mconfigkey" initialized
INFO - 2025-05-20 09:34:09 --> Model "Mgoods_in" initialized
INFO - 2025-05-20 09:34:10 --> Final output sent to browser
DEBUG - 2025-05-20 09:34:10 --> Total execution time: 0.1853
INFO - 2025-05-20 09:34:10 --> Config Class Initialized
INFO - 2025-05-20 09:34:10 --> Hooks Class Initialized
DEBUG - 2025-05-20 09:34:10 --> UTF-8 Support Enabled
INFO - 2025-05-20 09:34:10 --> Utf8 Class Initialized
INFO - 2025-05-20 09:34:10 --> URI Class Initialized
INFO - 2025-05-20 09:34:10 --> Router Class Initialized
INFO - 2025-05-20 09:34:10 --> Output Class Initialized
INFO - 2025-05-20 09:34:10 --> Security Class Initialized
DEBUG - 2025-05-20 09:34:10 --> Global POST, GET and COOKIE data sanitized
INFO - 2025-05-20 09:34:10 --> Input Class Initialized
INFO - 2025-05-20 09:34:10 --> Language Class Initialized
INFO - 2025-05-20 09:34:10 --> Loader Class Initialized
INFO - 2025-05-20 09:34:10 --> Helper loaded: url_helper
INFO - 2025-05-20 09:34:10 --> Database Driver Class Initialized
INFO - 2025-05-20 09:34:10 --> Controller Class Initialized
INFO - 2025-05-20 09:34:10 --> Model "Mconfigkey" initialized
INFO - 2025-05-20 09:34:10 --> Model "Mgoods_in" initialized
INFO - 2025-05-20 09:34:10 --> Final output sent to browser
DEBUG - 2025-05-20 09:34:10 --> Total execution time: 0.0396
INFO - 2025-05-20 09:35:17 --> Config Class Initialized
INFO - 2025-05-20 09:35:17 --> Hooks Class Initialized
DEBUG - 2025-05-20 09:35:17 --> UTF-8 Support Enabled
INFO - 2025-05-20 09:35:17 --> Utf8 Class Initialized
INFO - 2025-05-20 09:35:17 --> URI Class Initialized
INFO - 2025-05-20 09:35:17 --> Router Class Initialized
INFO - 2025-05-20 09:35:17 --> Output Class Initialized
INFO - 2025-05-20 09:35:17 --> Security Class Initialized
DEBUG - 2025-05-20 09:35:17 --> Global POST, GET and COOKIE data sanitized
INFO - 2025-05-20 09:35:17 --> Input Class Initialized
INFO - 2025-05-20 09:35:17 --> Language Class Initialized
INFO - 2025-05-20 09:35:17 --> Loader Class Initialized
INFO - 2025-05-20 09:35:17 --> Helper loaded: url_helper
INFO - 2025-05-20 09:35:17 --> Database Driver Class Initialized
INFO - 2025-05-20 09:35:17 --> Controller Class Initialized
INFO - 2025-05-20 09:35:17 --> Model "Mconfigkey" initialized
INFO - 2025-05-20 09:35:17 --> Model "Msync_doc_aw" initialized
INFO - 2025-05-20 09:35:19 --> Final output sent to browser
DEBUG - 2025-05-20 09:35:19 --> Total execution time: 1.9709
INFO - 2025-05-20 09:35:23 --> Config Class Initialized
INFO - 2025-05-20 09:35:23 --> Hooks Class Initialized
DEBUG - 2025-05-20 09:35:23 --> UTF-8 Support Enabled
INFO - 2025-05-20 09:35:23 --> Utf8 Class Initialized
INFO - 2025-05-20 09:35:23 --> URI Class Initialized
INFO - 2025-05-20 09:35:23 --> Router Class Initialized
INFO - 2025-05-20 09:35:23 --> Output Class Initialized
INFO - 2025-05-20 09:35:23 --> Security Class Initialized
DEBUG - 2025-05-20 09:35:23 --> Global POST, GET and COOKIE data sanitized
INFO - 2025-05-20 09:35:23 --> Input Class Initialized
INFO - 2025-05-20 09:35:23 --> Language Class Initialized
INFO - 2025-05-20 09:35:23 --> Loader Class Initialized
INFO - 2025-05-20 09:35:23 --> Helper loaded: url_helper
INFO - 2025-05-20 09:35:23 --> Database Driver Class Initialized
INFO - 2025-05-20 09:35:23 --> Controller Class Initialized
INFO - 2025-05-20 09:35:23 --> Model "Mconfigkey" initialized
INFO - 2025-05-20 09:35:23 --> Model "Msync_doc_aw" initialized
INFO - 2025-05-20 09:35:23 --> Final output sent to browser
DEBUG - 2025-05-20 09:35:23 --> Total execution time: 0.1509
INFO - 2025-05-20 09:35:31 --> Config Class Initialized
INFO - 2025-05-20 09:35:31 --> Hooks Class Initialized
DEBUG - 2025-05-20 09:35:31 --> UTF-8 Support Enabled
INFO - 2025-05-20 09:35:31 --> Utf8 Class Initialized
INFO - 2025-05-20 09:35:31 --> URI Class Initialized
INFO - 2025-05-20 09:35:31 --> Router Class Initialized
INFO - 2025-05-20 09:35:31 --> Output Class Initialized
INFO - 2025-05-20 09:35:31 --> Security Class Initialized
DEBUG - 2025-05-20 09:35:31 --> Global POST, GET and COOKIE data sanitized
INFO - 2025-05-20 09:35:31 --> Input Class Initialized
INFO - 2025-05-20 09:35:31 --> Language Class Initialized
INFO - 2025-05-20 09:35:31 --> Loader Class Initialized
INFO - 2025-05-20 09:35:31 --> Helper loaded: url_helper
INFO - 2025-05-20 09:35:31 --> Database Driver Class Initialized
INFO - 2025-05-20 09:35:31 --> Controller Class Initialized
INFO - 2025-05-20 09:35:31 --> Model "Mconfigkey" initialized
INFO - 2025-05-20 09:35:31 --> Model "Msync_doc_aw" initialized
INFO - 2025-05-20 09:35:31 --> Final output sent to browser
DEBUG - 2025-05-20 09:35:31 --> Total execution time: 0.0559
INFO - 2025-05-20 09:35:55 --> Config Class Initialized
INFO - 2025-05-20 09:35:55 --> Hooks Class Initialized
DEBUG - 2025-05-20 09:35:55 --> UTF-8 Support Enabled
INFO - 2025-05-20 09:35:55 --> Utf8 Class Initialized
INFO - 2025-05-20 09:35:55 --> URI Class Initialized
INFO - 2025-05-20 09:35:55 --> Router Class Initialized
INFO - 2025-05-20 09:35:55 --> Output Class Initialized
INFO - 2025-05-20 09:35:55 --> Security Class Initialized
DEBUG - 2025-05-20 09:35:55 --> Global POST, GET and COOKIE data sanitized
INFO - 2025-05-20 09:35:55 --> Input Class Initialized
INFO - 2025-05-20 09:35:55 --> Language Class Initialized
INFO - 2025-05-20 09:35:55 --> Loader Class Initialized
INFO - 2025-05-20 09:35:55 --> Helper loaded: url_helper
INFO - 2025-05-20 09:35:55 --> Database Driver Class Initialized
INFO - 2025-05-20 09:35:55 --> Controller Class Initialized
INFO - 2025-05-20 09:35:55 --> Model "Mconfigkey" initialized
INFO - 2025-05-20 09:35:55 --> Model "Mgoods_in" initialized
INFO - 2025-05-20 09:35:55 --> Final output sent to browser
DEBUG - 2025-05-20 09:35:55 --> Total execution time: 0.0225
INFO - 2025-05-20 09:35:55 --> Config Class Initialized
INFO - 2025-05-20 09:35:55 --> Hooks Class Initialized
DEBUG - 2025-05-20 09:35:55 --> UTF-8 Support Enabled
INFO - 2025-05-20 09:35:55 --> Utf8 Class Initialized
INFO - 2025-05-20 09:35:55 --> URI Class Initialized
INFO - 2025-05-20 09:35:55 --> Router Class Initialized
INFO - 2025-05-20 09:35:55 --> Output Class Initialized
INFO - 2025-05-20 09:35:55 --> Security Class Initialized
DEBUG - 2025-05-20 09:35:55 --> Global POST, GET and COOKIE data sanitized
INFO - 2025-05-20 09:35:55 --> Input Class Initialized
INFO - 2025-05-20 09:35:55 --> Language Class Initialized
INFO - 2025-05-20 09:35:55 --> Loader Class Initialized
INFO - 2025-05-20 09:35:55 --> Helper loaded: url_helper
INFO - 2025-05-20 09:35:55 --> Database Driver Class Initialized
INFO - 2025-05-20 09:35:55 --> Controller Class Initialized
INFO - 2025-05-20 09:35:55 --> Model "Mconfigkey" initialized
INFO - 2025-05-20 09:35:55 --> Model "Mgoods_in" initialized
INFO - 2025-05-20 09:35:55 --> Final output sent to browser
DEBUG - 2025-05-20 09:35:55 --> Total execution time: 0.0221
INFO - 2025-05-20 09:36:07 --> Config Class Initialized
INFO - 2025-05-20 09:36:07 --> Hooks Class Initialized
DEBUG - 2025-05-20 09:36:07 --> UTF-8 Support Enabled
INFO - 2025-05-20 09:36:07 --> Utf8 Class Initialized
INFO - 2025-05-20 09:36:07 --> URI Class Initialized
INFO - 2025-05-20 09:36:07 --> Router Class Initialized
INFO - 2025-05-20 09:36:07 --> Output Class Initialized
INFO - 2025-05-20 09:36:07 --> Security Class Initialized
DEBUG - 2025-05-20 09:36:07 --> Global POST, GET and COOKIE data sanitized
INFO - 2025-05-20 09:36:07 --> Input Class Initialized
INFO - 2025-05-20 09:36:07 --> Language Class Initialized
INFO - 2025-05-20 09:36:07 --> Loader Class Initialized
INFO - 2025-05-20 09:36:07 --> Helper loaded: url_helper
INFO - 2025-05-20 09:36:07 --> Database Driver Class Initialized
INFO - 2025-05-20 09:36:07 --> Controller Class Initialized
INFO - 2025-05-20 09:36:07 --> Model "Mconfigkey" initialized
INFO - 2025-05-20 09:36:07 --> Model "Mgoods_in" initialized
INFO - 2025-05-20 09:36:46 --> Final output sent to browser
DEBUG - 2025-05-20 09:36:46 --> Total execution time: 38.4720
INFO - 2025-05-20 09:36:52 --> Config Class Initialized
INFO - 2025-05-20 09:36:52 --> Hooks Class Initialized
DEBUG - 2025-05-20 09:36:52 --> UTF-8 Support Enabled
INFO - 2025-05-20 09:36:52 --> Utf8 Class Initialized
INFO - 2025-05-20 09:36:52 --> URI Class Initialized
INFO - 2025-05-20 09:36:52 --> Router Class Initialized
INFO - 2025-05-20 09:36:52 --> Output Class Initialized
INFO - 2025-05-20 09:36:52 --> Security Class Initialized
DEBUG - 2025-05-20 09:36:52 --> Global POST, GET and COOKIE data sanitized
INFO - 2025-05-20 09:36:52 --> Input Class Initialized
INFO - 2025-05-20 09:36:52 --> Language Class Initialized
INFO - 2025-05-20 09:36:52 --> Loader Class Initialized
INFO - 2025-05-20 09:36:52 --> Helper loaded: url_helper
INFO - 2025-05-20 09:36:52 --> Database Driver Class Initialized
INFO - 2025-05-20 09:36:52 --> Controller Class Initialized
INFO - 2025-05-20 09:36:52 --> Model "Mconfigkey" initialized
INFO - 2025-05-20 09:36:52 --> Model "Mgoods_in" initialized
INFO - 2025-05-20 09:36:52 --> Final output sent to browser
DEBUG - 2025-05-20 09:36:52 --> Total execution time: 0.0220
INFO - 2025-05-20 09:37:05 --> Config Class Initialized
INFO - 2025-05-20 09:37:05 --> Hooks Class Initialized
DEBUG - 2025-05-20 09:37:05 --> UTF-8 Support Enabled
INFO - 2025-05-20 09:37:05 --> Utf8 Class Initialized
INFO - 2025-05-20 09:37:05 --> URI Class Initialized
INFO - 2025-05-20 09:37:05 --> Router Class Initialized
INFO - 2025-05-20 09:37:05 --> Output Class Initialized
INFO - 2025-05-20 09:37:05 --> Security Class Initialized
DEBUG - 2025-05-20 09:37:05 --> Global POST, GET and COOKIE data sanitized
INFO - 2025-05-20 09:37:05 --> Input Class Initialized
INFO - 2025-05-20 09:37:05 --> Language Class Initialized
INFO - 2025-05-20 09:37:05 --> Loader Class Initialized
INFO - 2025-05-20 09:37:05 --> Helper loaded: url_helper
INFO - 2025-05-20 09:37:05 --> Database Driver Class Initialized
INFO - 2025-05-20 09:37:06 --> Controller Class Initialized
INFO - 2025-05-20 09:37:06 --> Model "Mconfigkey" initialized
INFO - 2025-05-20 09:37:06 --> Model "Mgoods_in" initialized
INFO - 2025-05-20 09:37:06 --> Final output sent to browser
DEBUG - 2025-05-20 09:37:06 --> Total execution time: 0.0232
INFO - 2025-05-20 09:37:06 --> Config Class Initialized
INFO - 2025-05-20 09:37:06 --> Hooks Class Initialized
DEBUG - 2025-05-20 09:37:06 --> UTF-8 Support Enabled
INFO - 2025-05-20 09:37:06 --> Utf8 Class Initialized
INFO - 2025-05-20 09:37:06 --> URI Class Initialized
INFO - 2025-05-20 09:37:06 --> Router Class Initialized
INFO - 2025-05-20 09:37:06 --> Output Class Initialized
INFO - 2025-05-20 09:37:06 --> Security Class Initialized
DEBUG - 2025-05-20 09:37:06 --> Global POST, GET and COOKIE data sanitized
INFO - 2025-05-20 09:37:06 --> Input Class Initialized
INFO - 2025-05-20 09:37:06 --> Language Class Initialized
INFO - 2025-05-20 09:37:06 --> Loader Class Initialized
INFO - 2025-05-20 09:37:06 --> Helper loaded: url_helper
INFO - 2025-05-20 09:37:06 --> Database Driver Class Initialized
INFO - 2025-05-20 09:37:06 --> Controller Class Initialized
INFO - 2025-05-20 09:37:06 --> Model "Mconfigkey" initialized
INFO - 2025-05-20 09:37:06 --> Model "Mgoods_in" initialized
INFO - 2025-05-20 09:37:06 --> Final output sent to browser
DEBUG - 2025-05-20 09:37:06 --> Total execution time: 0.0247
INFO - 2025-05-20 09:37:12 --> Config Class Initialized
INFO - 2025-05-20 09:37:12 --> Hooks Class Initialized
DEBUG - 2025-05-20 09:37:12 --> UTF-8 Support Enabled
INFO - 2025-05-20 09:37:12 --> Utf8 Class Initialized
INFO - 2025-05-20 09:37:12 --> URI Class Initialized
INFO - 2025-05-20 09:37:12 --> Router Class Initialized
INFO - 2025-05-20 09:37:12 --> Output Class Initialized
INFO - 2025-05-20 09:37:12 --> Security Class Initialized
DEBUG - 2025-05-20 09:37:12 --> Global POST, GET and COOKIE data sanitized
INFO - 2025-05-20 09:37:12 --> Input Class Initialized
INFO - 2025-05-20 09:37:12 --> Language Class Initialized
INFO - 2025-05-20 09:37:12 --> Loader Class Initialized
INFO - 2025-05-20 09:37:12 --> Helper loaded: url_helper
INFO - 2025-05-20 09:37:12 --> Database Driver Class Initialized
INFO - 2025-05-20 09:37:12 --> Controller Class Initialized
INFO - 2025-05-20 09:37:12 --> Model "Mconfigkey" initialized
INFO - 2025-05-20 09:37:12 --> Model "Mgoods_in" initialized
INFO - 2025-05-20 09:37:49 --> Final output sent to browser
DEBUG - 2025-05-20 09:37:49 --> Total execution time: 37.1532
