INFO - 2024-05-06 23:46:16 --> Config Class Initialized
INFO - 2024-05-06 23:46:16 --> Hooks Class Initialized
DEBUG - 2024-05-06 23:46:16 --> UTF-8 Support Enabled
INFO - 2024-05-06 23:46:16 --> Utf8 Class Initialized
INFO - 2024-05-06 23:46:16 --> URI Class Initialized
INFO - 2024-05-06 23:46:16 --> Router Class Initialized
INFO - 2024-05-06 23:46:16 --> Output Class Initialized
INFO - 2024-05-06 23:46:16 --> Security Class Initialized
DEBUG - 2024-05-06 23:46:16 --> Global POST, GET and COOKIE data sanitized
INFO - 2024-05-06 23:46:16 --> Input Class Initialized
INFO - 2024-05-06 23:46:16 --> Language Class Initialized
INFO - 2024-05-06 23:46:16 --> Loader Class Initialized
INFO - 2024-05-06 23:46:16 --> Helper loaded: url_helper
INFO - 2024-05-06 23:46:16 --> Database Driver Class Initialized
INFO - 2024-05-06 23:46:16 --> Controller Class Initialized
INFO - 2024-05-06 23:46:16 --> Model "Mconfigkey" initialized
INFO - 2024-05-06 23:46:16 --> Final output sent to browser
DEBUG - 2024-05-06 23:46:16 --> Total execution time: 0.3387
INFO - 2024-05-06 23:46:22 --> Config Class Initialized
INFO - 2024-05-06 23:46:22 --> Hooks Class Initialized
DEBUG - 2024-05-06 23:46:22 --> UTF-8 Support Enabled
INFO - 2024-05-06 23:46:22 --> Utf8 Class Initialized
INFO - 2024-05-06 23:46:22 --> URI Class Initialized
INFO - 2024-05-06 23:46:22 --> Router Class Initialized
INFO - 2024-05-06 23:46:22 --> Output Class Initialized
INFO - 2024-05-06 23:46:22 --> Security Class Initialized
DEBUG - 2024-05-06 23:46:22 --> Global POST, GET and COOKIE data sanitized
INFO - 2024-05-06 23:46:22 --> Input Class Initialized
INFO - 2024-05-06 23:46:22 --> Language Class Initialized
INFO - 2024-05-06 23:46:22 --> Loader Class Initialized
INFO - 2024-05-06 23:46:22 --> Helper loaded: url_helper
INFO - 2024-05-06 23:46:22 --> Database Driver Class Initialized
INFO - 2024-05-06 23:46:22 --> Controller Class Initialized
INFO - 2024-05-06 23:46:22 --> Model "Mauth" initialized
INFO - 2024-05-06 23:46:22 --> Model "Mconfigkey" initialized
INFO - 2024-05-06 23:46:22 --> Final output sent to browser
DEBUG - 2024-05-06 23:46:22 --> Total execution time: 0.0643
INFO - 2024-05-06 23:46:29 --> Config Class Initialized
INFO - 2024-05-06 23:46:29 --> Hooks Class Initialized
DEBUG - 2024-05-06 23:46:29 --> UTF-8 Support Enabled
INFO - 2024-05-06 23:46:29 --> Utf8 Class Initialized
INFO - 2024-05-06 23:46:29 --> URI Class Initialized
INFO - 2024-05-06 23:46:29 --> Router Class Initialized
INFO - 2024-05-06 23:46:29 --> Output Class Initialized
INFO - 2024-05-06 23:46:29 --> Security Class Initialized
DEBUG - 2024-05-06 23:46:29 --> Global POST, GET and COOKIE data sanitized
INFO - 2024-05-06 23:46:29 --> Input Class Initialized
INFO - 2024-05-06 23:46:29 --> Language Class Initialized
INFO - 2024-05-06 23:46:29 --> Loader Class Initialized
INFO - 2024-05-06 23:46:29 --> Helper loaded: url_helper
INFO - 2024-05-06 23:46:29 --> Database Driver Class Initialized
INFO - 2024-05-06 23:46:29 --> Controller Class Initialized
INFO - 2024-05-06 23:46:29 --> Model "Mconfigkey" initialized
INFO - 2024-05-06 23:46:29 --> Model "Mportal_data" initialized
INFO - 2024-05-06 23:46:29 --> Final output sent to browser
DEBUG - 2024-05-06 23:46:29 --> Total execution time: 0.0896
INFO - 2024-05-06 23:46:30 --> Config Class Initialized
INFO - 2024-05-06 23:46:30 --> Hooks Class Initialized
DEBUG - 2024-05-06 23:46:30 --> UTF-8 Support Enabled
INFO - 2024-05-06 23:46:30 --> Utf8 Class Initialized
INFO - 2024-05-06 23:46:30 --> URI Class Initialized
INFO - 2024-05-06 23:46:30 --> Router Class Initialized
INFO - 2024-05-06 23:46:30 --> Output Class Initialized
INFO - 2024-05-06 23:46:30 --> Security Class Initialized
DEBUG - 2024-05-06 23:46:30 --> Global POST, GET and COOKIE data sanitized
INFO - 2024-05-06 23:46:30 --> Input Class Initialized
INFO - 2024-05-06 23:46:30 --> Language Class Initialized
INFO - 2024-05-06 23:46:30 --> Loader Class Initialized
INFO - 2024-05-06 23:46:30 --> Helper loaded: url_helper
INFO - 2024-05-06 23:46:30 --> Database Driver Class Initialized
INFO - 2024-05-06 23:46:30 --> Controller Class Initialized
INFO - 2024-05-06 23:46:30 --> Model "Mconfigkey" initialized
INFO - 2024-05-06 23:46:31 --> Model "Msync_doc_aw" initialized
INFO - 2024-05-06 23:46:32 --> Final output sent to browser
DEBUG - 2024-05-06 23:46:32 --> Total execution time: 1.5876
INFO - 2024-05-06 23:46:33 --> Config Class Initialized
INFO - 2024-05-06 23:46:33 --> Hooks Class Initialized
DEBUG - 2024-05-06 23:46:33 --> UTF-8 Support Enabled
INFO - 2024-05-06 23:46:33 --> Utf8 Class Initialized
INFO - 2024-05-06 23:46:33 --> URI Class Initialized
INFO - 2024-05-06 23:46:33 --> Router Class Initialized
INFO - 2024-05-06 23:46:33 --> Output Class Initialized
INFO - 2024-05-06 23:46:33 --> Security Class Initialized
DEBUG - 2024-05-06 23:46:33 --> Global POST, GET and COOKIE data sanitized
INFO - 2024-05-06 23:46:33 --> Input Class Initialized
INFO - 2024-05-06 23:46:33 --> Language Class Initialized
INFO - 2024-05-06 23:46:33 --> Loader Class Initialized
INFO - 2024-05-06 23:46:33 --> Helper loaded: url_helper
INFO - 2024-05-06 23:46:33 --> Database Driver Class Initialized
INFO - 2024-05-06 23:46:33 --> Controller Class Initialized
INFO - 2024-05-06 23:46:33 --> Model "Mconfigkey" initialized
INFO - 2024-05-06 23:46:33 --> Model "Mportal_data" initialized
INFO - 2024-05-06 23:46:33 --> Final output sent to browser
DEBUG - 2024-05-06 23:46:33 --> Total execution time: 0.0579
INFO - 2024-05-06 23:46:46 --> Config Class Initialized
INFO - 2024-05-06 23:46:46 --> Hooks Class Initialized
DEBUG - 2024-05-06 23:46:46 --> UTF-8 Support Enabled
INFO - 2024-05-06 23:46:46 --> Utf8 Class Initialized
INFO - 2024-05-06 23:46:46 --> URI Class Initialized
INFO - 2024-05-06 23:46:46 --> Router Class Initialized
INFO - 2024-05-06 23:46:46 --> Output Class Initialized
INFO - 2024-05-06 23:46:46 --> Security Class Initialized
DEBUG - 2024-05-06 23:46:46 --> Global POST, GET and COOKIE data sanitized
INFO - 2024-05-06 23:46:46 --> Input Class Initialized
INFO - 2024-05-06 23:46:46 --> Language Class Initialized
INFO - 2024-05-06 23:46:46 --> Loader Class Initialized
INFO - 2024-05-06 23:46:46 --> Helper loaded: url_helper
INFO - 2024-05-06 23:46:46 --> Database Driver Class Initialized
INFO - 2024-05-06 23:46:46 --> Controller Class Initialized
INFO - 2024-05-06 23:46:46 --> Model "Mconfigkey" initialized
INFO - 2024-05-06 23:46:46 --> Model "Msto_goods" initialized
INFO - 2024-05-06 23:46:46 --> Final output sent to browser
DEBUG - 2024-05-06 23:46:46 --> Total execution time: 0.0276
INFO - 2024-05-06 23:46:48 --> Config Class Initialized
INFO - 2024-05-06 23:46:48 --> Hooks Class Initialized
DEBUG - 2024-05-06 23:46:48 --> UTF-8 Support Enabled
INFO - 2024-05-06 23:46:48 --> Utf8 Class Initialized
INFO - 2024-05-06 23:46:48 --> URI Class Initialized
INFO - 2024-05-06 23:46:48 --> Router Class Initialized
INFO - 2024-05-06 23:46:48 --> Output Class Initialized
INFO - 2024-05-06 23:46:48 --> Security Class Initialized
DEBUG - 2024-05-06 23:46:48 --> Global POST, GET and COOKIE data sanitized
INFO - 2024-05-06 23:46:48 --> Input Class Initialized
INFO - 2024-05-06 23:46:48 --> Language Class Initialized
INFO - 2024-05-06 23:46:48 --> Loader Class Initialized
INFO - 2024-05-06 23:46:48 --> Helper loaded: url_helper
INFO - 2024-05-06 23:46:48 --> Database Driver Class Initialized
INFO - 2024-05-06 23:46:48 --> Controller Class Initialized
INFO - 2024-05-06 23:46:48 --> Model "Mconfigkey" initialized
INFO - 2024-05-06 23:46:48 --> Model "Msto_goods" initialized
INFO - 2024-05-06 23:46:48 --> Final output sent to browser
DEBUG - 2024-05-06 23:46:48 --> Total execution time: 0.0654
INFO - 2024-05-06 23:46:51 --> Config Class Initialized
INFO - 2024-05-06 23:46:51 --> Hooks Class Initialized
DEBUG - 2024-05-06 23:46:51 --> UTF-8 Support Enabled
INFO - 2024-05-06 23:46:51 --> Utf8 Class Initialized
INFO - 2024-05-06 23:46:51 --> URI Class Initialized
INFO - 2024-05-06 23:46:51 --> Router Class Initialized
INFO - 2024-05-06 23:46:51 --> Output Class Initialized
INFO - 2024-05-06 23:46:51 --> Security Class Initialized
DEBUG - 2024-05-06 23:46:51 --> Global POST, GET and COOKIE data sanitized
INFO - 2024-05-06 23:46:51 --> Input Class Initialized
INFO - 2024-05-06 23:46:51 --> Language Class Initialized
INFO - 2024-05-06 23:46:51 --> Loader Class Initialized
INFO - 2024-05-06 23:46:51 --> Helper loaded: url_helper
INFO - 2024-05-06 23:46:51 --> Database Driver Class Initialized
INFO - 2024-05-06 23:46:51 --> Controller Class Initialized
INFO - 2024-05-06 23:46:51 --> Model "Mconfigkey" initialized
INFO - 2024-05-06 23:46:51 --> Model "Msto_goods" initialized
INFO - 2024-05-06 23:46:51 --> Final output sent to browser
DEBUG - 2024-05-06 23:46:51 --> Total execution time: 0.0198
