INFO - 2023-11-14 01:25:05 --> Config Class Initialized
INFO - 2023-11-14 01:25:05 --> Hooks Class Initialized
DEBUG - 2023-11-14 01:25:06 --> UTF-8 Support Enabled
INFO - 2023-11-14 01:25:06 --> Utf8 Class Initialized
INFO - 2023-11-14 01:25:06 --> URI Class Initialized
INFO - 2023-11-14 01:25:06 --> Router Class Initialized
INFO - 2023-11-14 01:25:06 --> Output Class Initialized
INFO - 2023-11-14 01:25:06 --> Security Class Initialized
DEBUG - 2023-11-14 01:25:07 --> Global POST, GET and COOKIE data sanitized
INFO - 2023-11-14 01:25:07 --> Input Class Initialized
INFO - 2023-11-14 01:25:07 --> Language Class Initialized
INFO - 2023-11-14 01:25:07 --> Loader Class Initialized
INFO - 2023-11-14 01:25:07 --> Helper loaded: url_helper
INFO - 2023-11-14 01:25:07 --> Database Driver Class Initialized
INFO - 2023-11-14 01:25:08 --> Controller Class Initialized
INFO - 2023-11-14 01:25:09 --> Model "Mconfigkey" initialized
INFO - 2023-11-14 01:25:09 --> Final output sent to browser
DEBUG - 2023-11-14 01:25:09 --> Total execution time: 3.6696
INFO - 2023-11-14 02:28:13 --> Config Class Initialized
INFO - 2023-11-14 02:28:13 --> Hooks Class Initialized
DEBUG - 2023-11-14 02:28:13 --> UTF-8 Support Enabled
INFO - 2023-11-14 02:28:13 --> Utf8 Class Initialized
INFO - 2023-11-14 02:28:14 --> URI Class Initialized
INFO - 2023-11-14 02:28:14 --> Router Class Initialized
INFO - 2023-11-14 02:28:14 --> Output Class Initialized
INFO - 2023-11-14 02:28:14 --> Security Class Initialized
DEBUG - 2023-11-14 02:28:14 --> Global POST, GET and COOKIE data sanitized
INFO - 2023-11-14 02:28:14 --> Input Class Initialized
INFO - 2023-11-14 02:28:14 --> Language Class Initialized
INFO - 2023-11-14 02:28:14 --> Loader Class Initialized
INFO - 2023-11-14 02:28:14 --> Helper loaded: url_helper
INFO - 2023-11-14 02:28:14 --> Database Driver Class Initialized
INFO - 2023-11-14 02:28:15 --> Controller Class Initialized
INFO - 2023-11-14 02:28:15 --> Model "Mauth" initialized
INFO - 2023-11-14 02:28:15 --> Model "Mconfigkey" initialized
INFO - 2023-11-14 02:28:15 --> Final output sent to browser
DEBUG - 2023-11-14 02:28:15 --> Total execution time: 2.1289
INFO - 2023-11-14 02:28:23 --> Config Class Initialized
INFO - 2023-11-14 02:28:23 --> Hooks Class Initialized
DEBUG - 2023-11-14 02:28:23 --> UTF-8 Support Enabled
INFO - 2023-11-14 02:28:23 --> Utf8 Class Initialized
INFO - 2023-11-14 02:28:23 --> URI Class Initialized
INFO - 2023-11-14 02:28:23 --> Router Class Initialized
INFO - 2023-11-14 02:28:23 --> Output Class Initialized
INFO - 2023-11-14 02:28:23 --> Security Class Initialized
DEBUG - 2023-11-14 02:28:23 --> Global POST, GET and COOKIE data sanitized
INFO - 2023-11-14 02:28:23 --> Input Class Initialized
INFO - 2023-11-14 02:28:23 --> Language Class Initialized
INFO - 2023-11-14 02:28:23 --> Loader Class Initialized
INFO - 2023-11-14 02:28:23 --> Helper loaded: url_helper
INFO - 2023-11-14 02:28:23 --> Database Driver Class Initialized
INFO - 2023-11-14 02:28:23 --> Controller Class Initialized
INFO - 2023-11-14 02:28:23 --> Model "Mconfigkey" initialized
INFO - 2023-11-14 02:28:23 --> Model "Minv_wnt_in" initialized
INFO - 2023-11-14 02:28:23 --> Final output sent to browser
DEBUG - 2023-11-14 02:28:23 --> Total execution time: 0.4185
INFO - 2023-11-14 02:28:27 --> Config Class Initialized
INFO - 2023-11-14 02:28:27 --> Hooks Class Initialized
DEBUG - 2023-11-14 02:28:27 --> UTF-8 Support Enabled
INFO - 2023-11-14 02:28:27 --> Utf8 Class Initialized
INFO - 2023-11-14 02:28:27 --> URI Class Initialized
INFO - 2023-11-14 02:28:27 --> Router Class Initialized
INFO - 2023-11-14 02:28:27 --> Output Class Initialized
INFO - 2023-11-14 02:28:27 --> Security Class Initialized
DEBUG - 2023-11-14 02:28:27 --> Global POST, GET and COOKIE data sanitized
INFO - 2023-11-14 02:28:27 --> Input Class Initialized
INFO - 2023-11-14 02:28:27 --> Language Class Initialized
INFO - 2023-11-14 02:28:27 --> Loader Class Initialized
INFO - 2023-11-14 02:28:27 --> Helper loaded: url_helper
INFO - 2023-11-14 02:28:27 --> Database Driver Class Initialized
INFO - 2023-11-14 02:28:28 --> Controller Class Initialized
INFO - 2023-11-14 02:28:28 --> Model "Mconfigkey" initialized
INFO - 2023-11-14 02:28:28 --> Model "Minv_material_out" initialized
INFO - 2023-11-14 02:28:28 --> Final output sent to browser
DEBUG - 2023-11-14 02:28:28 --> Total execution time: 1.1199
INFO - 2023-11-14 02:28:56 --> Config Class Initialized
INFO - 2023-11-14 02:28:56 --> Hooks Class Initialized
DEBUG - 2023-11-14 02:28:56 --> UTF-8 Support Enabled
INFO - 2023-11-14 02:28:56 --> Utf8 Class Initialized
INFO - 2023-11-14 02:28:56 --> URI Class Initialized
INFO - 2023-11-14 02:28:56 --> Router Class Initialized
INFO - 2023-11-14 02:28:56 --> Output Class Initialized
INFO - 2023-11-14 02:28:56 --> Security Class Initialized
DEBUG - 2023-11-14 02:28:56 --> Global POST, GET and COOKIE data sanitized
INFO - 2023-11-14 02:28:56 --> Input Class Initialized
INFO - 2023-11-14 02:28:56 --> Language Class Initialized
INFO - 2023-11-14 02:28:56 --> Loader Class Initialized
INFO - 2023-11-14 02:28:56 --> Helper loaded: url_helper
INFO - 2023-11-14 02:28:56 --> Database Driver Class Initialized
INFO - 2023-11-14 02:28:57 --> Controller Class Initialized
INFO - 2023-11-14 02:28:57 --> Model "Mconfigkey" initialized
INFO - 2023-11-14 02:28:57 --> Final output sent to browser
DEBUG - 2023-11-14 02:28:57 --> Total execution time: 0.3672
INFO - 2023-11-14 02:29:05 --> Config Class Initialized
INFO - 2023-11-14 02:29:05 --> Hooks Class Initialized
DEBUG - 2023-11-14 02:29:05 --> UTF-8 Support Enabled
INFO - 2023-11-14 02:29:05 --> Utf8 Class Initialized
INFO - 2023-11-14 02:29:05 --> URI Class Initialized
INFO - 2023-11-14 02:29:05 --> Router Class Initialized
INFO - 2023-11-14 02:29:05 --> Output Class Initialized
INFO - 2023-11-14 02:29:05 --> Security Class Initialized
DEBUG - 2023-11-14 02:29:05 --> Global POST, GET and COOKIE data sanitized
INFO - 2023-11-14 02:29:05 --> Input Class Initialized
INFO - 2023-11-14 02:29:05 --> Language Class Initialized
INFO - 2023-11-14 02:29:05 --> Loader Class Initialized
INFO - 2023-11-14 02:29:05 --> Helper loaded: url_helper
INFO - 2023-11-14 02:29:05 --> Database Driver Class Initialized
INFO - 2023-11-14 02:29:06 --> Controller Class Initialized
INFO - 2023-11-14 02:29:06 --> Model "Mconfigkey" initialized
INFO - 2023-11-14 02:29:06 --> Model "Minv_material_out" initialized
INFO - 2023-11-14 02:29:06 --> Final output sent to browser
DEBUG - 2023-11-14 02:29:06 --> Total execution time: 0.6984
INFO - 2023-11-14 02:29:20 --> Config Class Initialized
INFO - 2023-11-14 02:29:20 --> Hooks Class Initialized
DEBUG - 2023-11-14 02:29:20 --> UTF-8 Support Enabled
INFO - 2023-11-14 02:29:20 --> Utf8 Class Initialized
INFO - 2023-11-14 02:29:20 --> URI Class Initialized
INFO - 2023-11-14 02:29:20 --> Router Class Initialized
INFO - 2023-11-14 02:29:20 --> Output Class Initialized
INFO - 2023-11-14 02:29:20 --> Security Class Initialized
DEBUG - 2023-11-14 02:29:20 --> Global POST, GET and COOKIE data sanitized
INFO - 2023-11-14 02:29:20 --> Input Class Initialized
INFO - 2023-11-14 02:29:20 --> Language Class Initialized
INFO - 2023-11-14 02:29:20 --> Loader Class Initialized
INFO - 2023-11-14 02:29:20 --> Helper loaded: url_helper
INFO - 2023-11-14 02:29:20 --> Database Driver Class Initialized
INFO - 2023-11-14 02:29:21 --> Controller Class Initialized
INFO - 2023-11-14 02:29:21 --> Model "Mconfigkey" initialized
INFO - 2023-11-14 02:29:21 --> Final output sent to browser
DEBUG - 2023-11-14 02:29:21 --> Total execution time: 0.7414
INFO - 2023-11-14 02:29:34 --> Config Class Initialized
INFO - 2023-11-14 02:29:34 --> Hooks Class Initialized
DEBUG - 2023-11-14 02:29:34 --> UTF-8 Support Enabled
INFO - 2023-11-14 02:29:34 --> Utf8 Class Initialized
INFO - 2023-11-14 02:29:34 --> URI Class Initialized
INFO - 2023-11-14 02:29:34 --> Router Class Initialized
INFO - 2023-11-14 02:29:34 --> Output Class Initialized
INFO - 2023-11-14 02:29:34 --> Security Class Initialized
DEBUG - 2023-11-14 02:29:34 --> Global POST, GET and COOKIE data sanitized
INFO - 2023-11-14 02:29:34 --> Input Class Initialized
INFO - 2023-11-14 02:29:34 --> Language Class Initialized
INFO - 2023-11-14 02:29:34 --> Loader Class Initialized
INFO - 2023-11-14 02:29:34 --> Helper loaded: url_helper
INFO - 2023-11-14 02:29:34 --> Database Driver Class Initialized
INFO - 2023-11-14 02:29:34 --> Controller Class Initialized
INFO - 2023-11-14 02:29:34 --> Model "Mconfigkey" initialized
INFO - 2023-11-14 02:29:34 --> Model "Mbcin_40" initialized
INFO - 2023-11-14 02:29:35 --> Final output sent to browser
DEBUG - 2023-11-14 02:29:35 --> Total execution time: 0.3984
INFO - 2023-11-14 02:29:37 --> Config Class Initialized
INFO - 2023-11-14 02:29:37 --> Hooks Class Initialized
DEBUG - 2023-11-14 02:29:37 --> UTF-8 Support Enabled
INFO - 2023-11-14 02:29:37 --> Utf8 Class Initialized
INFO - 2023-11-14 02:29:37 --> URI Class Initialized
INFO - 2023-11-14 02:29:37 --> Router Class Initialized
INFO - 2023-11-14 02:29:37 --> Output Class Initialized
INFO - 2023-11-14 02:29:37 --> Security Class Initialized
DEBUG - 2023-11-14 02:29:37 --> Global POST, GET and COOKIE data sanitized
INFO - 2023-11-14 02:29:37 --> Input Class Initialized
INFO - 2023-11-14 02:29:37 --> Language Class Initialized
INFO - 2023-11-14 02:29:37 --> Loader Class Initialized
INFO - 2023-11-14 02:29:37 --> Helper loaded: url_helper
INFO - 2023-11-14 02:29:37 --> Database Driver Class Initialized
INFO - 2023-11-14 02:29:37 --> Controller Class Initialized
INFO - 2023-11-14 02:29:37 --> Model "Mconfigkey" initialized
INFO - 2023-11-14 02:29:37 --> Model "Mbcin_262" initialized
INFO - 2023-11-14 02:29:37 --> Final output sent to browser
DEBUG - 2023-11-14 02:29:37 --> Total execution time: 0.4200
INFO - 2023-11-14 02:29:39 --> Config Class Initialized
INFO - 2023-11-14 02:29:39 --> Hooks Class Initialized
DEBUG - 2023-11-14 02:29:39 --> UTF-8 Support Enabled
INFO - 2023-11-14 02:29:39 --> Utf8 Class Initialized
INFO - 2023-11-14 02:29:39 --> URI Class Initialized
INFO - 2023-11-14 02:29:39 --> Router Class Initialized
INFO - 2023-11-14 02:29:39 --> Output Class Initialized
INFO - 2023-11-14 02:29:39 --> Security Class Initialized
DEBUG - 2023-11-14 02:29:39 --> Global POST, GET and COOKIE data sanitized
INFO - 2023-11-14 02:29:39 --> Input Class Initialized
INFO - 2023-11-14 02:29:39 --> Language Class Initialized
INFO - 2023-11-14 02:29:39 --> Loader Class Initialized
INFO - 2023-11-14 02:29:39 --> Helper loaded: url_helper
INFO - 2023-11-14 02:29:39 --> Database Driver Class Initialized
INFO - 2023-11-14 02:29:39 --> Controller Class Initialized
INFO - 2023-11-14 02:29:39 --> Model "Mconfigkey" initialized
INFO - 2023-11-14 02:29:39 --> Model "Mbcin_kurir20" initialized
INFO - 2023-11-14 02:29:39 --> Final output sent to browser
DEBUG - 2023-11-14 02:29:39 --> Total execution time: 0.7564
INFO - 2023-11-14 02:29:41 --> Config Class Initialized
INFO - 2023-11-14 02:29:41 --> Hooks Class Initialized
DEBUG - 2023-11-14 02:29:41 --> UTF-8 Support Enabled
INFO - 2023-11-14 02:29:41 --> Utf8 Class Initialized
INFO - 2023-11-14 02:29:41 --> URI Class Initialized
INFO - 2023-11-14 02:29:41 --> Router Class Initialized
INFO - 2023-11-14 02:29:41 --> Output Class Initialized
INFO - 2023-11-14 02:29:41 --> Security Class Initialized
DEBUG - 2023-11-14 02:29:41 --> Global POST, GET and COOKIE data sanitized
INFO - 2023-11-14 02:29:41 --> Input Class Initialized
INFO - 2023-11-14 02:29:41 --> Language Class Initialized
INFO - 2023-11-14 02:29:41 --> Loader Class Initialized
INFO - 2023-11-14 02:29:41 --> Helper loaded: url_helper
INFO - 2023-11-14 02:29:41 --> Database Driver Class Initialized
INFO - 2023-11-14 02:29:41 --> Controller Class Initialized
INFO - 2023-11-14 02:29:41 --> Model "Mconfigkey" initialized
INFO - 2023-11-14 02:29:41 --> Model "Mbcin_kurir23" initialized
INFO - 2023-11-14 02:29:41 --> Final output sent to browser
DEBUG - 2023-11-14 02:29:41 --> Total execution time: 0.6421
INFO - 2023-11-14 02:29:50 --> Config Class Initialized
INFO - 2023-11-14 02:29:50 --> Hooks Class Initialized
DEBUG - 2023-11-14 02:29:50 --> UTF-8 Support Enabled
INFO - 2023-11-14 02:29:50 --> Utf8 Class Initialized
INFO - 2023-11-14 02:29:50 --> URI Class Initialized
INFO - 2023-11-14 02:29:50 --> Router Class Initialized
INFO - 2023-11-14 02:29:50 --> Output Class Initialized
INFO - 2023-11-14 02:29:50 --> Security Class Initialized
DEBUG - 2023-11-14 02:29:50 --> Global POST, GET and COOKIE data sanitized
INFO - 2023-11-14 02:29:50 --> Input Class Initialized
INFO - 2023-11-14 02:29:50 --> Language Class Initialized
INFO - 2023-11-14 02:29:50 --> Loader Class Initialized
INFO - 2023-11-14 02:29:50 --> Helper loaded: url_helper
INFO - 2023-11-14 02:29:50 --> Database Driver Class Initialized
INFO - 2023-11-14 02:29:50 --> Controller Class Initialized
INFO - 2023-11-14 02:29:50 --> Model "Mconfigkey" initialized
INFO - 2023-11-14 02:29:50 --> Model "Mbcout_30" initialized
INFO - 2023-11-14 02:29:50 --> Final output sent to browser
DEBUG - 2023-11-14 02:29:50 --> Total execution time: 0.6434
INFO - 2023-11-14 02:29:52 --> Config Class Initialized
INFO - 2023-11-14 02:29:52 --> Hooks Class Initialized
DEBUG - 2023-11-14 02:29:52 --> UTF-8 Support Enabled
INFO - 2023-11-14 02:29:52 --> Utf8 Class Initialized
INFO - 2023-11-14 02:29:52 --> URI Class Initialized
INFO - 2023-11-14 02:29:52 --> Router Class Initialized
INFO - 2023-11-14 02:29:52 --> Output Class Initialized
INFO - 2023-11-14 02:29:52 --> Security Class Initialized
DEBUG - 2023-11-14 02:29:52 --> Global POST, GET and COOKIE data sanitized
INFO - 2023-11-14 02:29:52 --> Input Class Initialized
INFO - 2023-11-14 02:29:52 --> Language Class Initialized
INFO - 2023-11-14 02:29:52 --> Loader Class Initialized
INFO - 2023-11-14 02:29:52 --> Helper loaded: url_helper
INFO - 2023-11-14 02:29:52 --> Database Driver Class Initialized
INFO - 2023-11-14 02:29:53 --> Controller Class Initialized
INFO - 2023-11-14 02:29:53 --> Model "Mconfigkey" initialized
INFO - 2023-11-14 02:29:53 --> Model "Mbcout_261" initialized
INFO - 2023-11-14 02:29:53 --> Final output sent to browser
DEBUG - 2023-11-14 02:29:53 --> Total execution time: 0.4302
INFO - 2023-11-14 02:29:55 --> Config Class Initialized
INFO - 2023-11-14 02:29:55 --> Hooks Class Initialized
DEBUG - 2023-11-14 02:29:55 --> UTF-8 Support Enabled
INFO - 2023-11-14 02:29:55 --> Utf8 Class Initialized
INFO - 2023-11-14 02:29:55 --> URI Class Initialized
INFO - 2023-11-14 02:29:55 --> Router Class Initialized
INFO - 2023-11-14 02:29:55 --> Output Class Initialized
INFO - 2023-11-14 02:29:55 --> Security Class Initialized
DEBUG - 2023-11-14 02:29:55 --> Global POST, GET and COOKIE data sanitized
INFO - 2023-11-14 02:29:55 --> Input Class Initialized
INFO - 2023-11-14 02:29:55 --> Language Class Initialized
INFO - 2023-11-14 02:29:55 --> Loader Class Initialized
INFO - 2023-11-14 02:29:55 --> Helper loaded: url_helper
INFO - 2023-11-14 02:29:55 --> Database Driver Class Initialized
INFO - 2023-11-14 02:29:55 --> Controller Class Initialized
INFO - 2023-11-14 02:29:55 --> Model "Mconfigkey" initialized
INFO - 2023-11-14 02:29:55 --> Model "Mbcout_27" initialized
INFO - 2023-11-14 02:29:55 --> Final output sent to browser
DEBUG - 2023-11-14 02:29:55 --> Total execution time: 0.5004
INFO - 2023-11-14 02:30:03 --> Config Class Initialized
INFO - 2023-11-14 02:30:03 --> Hooks Class Initialized
DEBUG - 2023-11-14 02:30:03 --> UTF-8 Support Enabled
INFO - 2023-11-14 02:30:03 --> Utf8 Class Initialized
INFO - 2023-11-14 02:30:03 --> URI Class Initialized
INFO - 2023-11-14 02:30:03 --> Router Class Initialized
INFO - 2023-11-14 02:30:03 --> Output Class Initialized
INFO - 2023-11-14 02:30:03 --> Security Class Initialized
DEBUG - 2023-11-14 02:30:03 --> Global POST, GET and COOKIE data sanitized
INFO - 2023-11-14 02:30:03 --> Input Class Initialized
INFO - 2023-11-14 02:30:03 --> Language Class Initialized
INFO - 2023-11-14 02:30:03 --> Loader Class Initialized
INFO - 2023-11-14 02:30:03 --> Helper loaded: url_helper
INFO - 2023-11-14 02:30:03 --> Database Driver Class Initialized
INFO - 2023-11-14 02:30:03 --> Controller Class Initialized
INFO - 2023-11-14 02:30:03 --> Model "Mconfigkey" initialized
INFO - 2023-11-14 02:30:03 --> Model "Mbcin_23" initialized
INFO - 2023-11-14 02:30:03 --> Final output sent to browser
DEBUG - 2023-11-14 02:30:03 --> Total execution time: 0.4151
INFO - 2023-11-14 02:30:08 --> Config Class Initialized
INFO - 2023-11-14 02:30:08 --> Hooks Class Initialized
DEBUG - 2023-11-14 02:30:08 --> UTF-8 Support Enabled
INFO - 2023-11-14 02:30:08 --> Utf8 Class Initialized
INFO - 2023-11-14 02:30:08 --> URI Class Initialized
INFO - 2023-11-14 02:30:08 --> Router Class Initialized
INFO - 2023-11-14 02:30:08 --> Output Class Initialized
INFO - 2023-11-14 02:30:08 --> Security Class Initialized
DEBUG - 2023-11-14 02:30:08 --> Global POST, GET and COOKIE data sanitized
INFO - 2023-11-14 02:30:08 --> Input Class Initialized
INFO - 2023-11-14 02:30:08 --> Language Class Initialized
INFO - 2023-11-14 02:30:08 --> Loader Class Initialized
INFO - 2023-11-14 02:30:08 --> Helper loaded: url_helper
INFO - 2023-11-14 02:30:08 --> Database Driver Class Initialized
INFO - 2023-11-14 02:30:08 --> Controller Class Initialized
INFO - 2023-11-14 02:30:08 --> Model "Mconfigkey" initialized
INFO - 2023-11-14 02:30:08 --> Model "Mbcin_23" initialized
INFO - 2023-11-14 02:30:08 --> Final output sent to browser
DEBUG - 2023-11-14 02:30:08 --> Total execution time: 0.3819
INFO - 2023-11-14 02:30:21 --> Config Class Initialized
INFO - 2023-11-14 02:30:21 --> Hooks Class Initialized
DEBUG - 2023-11-14 02:30:21 --> UTF-8 Support Enabled
INFO - 2023-11-14 02:30:21 --> Utf8 Class Initialized
INFO - 2023-11-14 02:30:21 --> URI Class Initialized
INFO - 2023-11-14 02:30:21 --> Router Class Initialized
INFO - 2023-11-14 02:30:21 --> Output Class Initialized
INFO - 2023-11-14 02:30:21 --> Security Class Initialized
DEBUG - 2023-11-14 02:30:21 --> Global POST, GET and COOKIE data sanitized
INFO - 2023-11-14 02:30:21 --> Input Class Initialized
INFO - 2023-11-14 02:30:21 --> Language Class Initialized
INFO - 2023-11-14 02:30:21 --> Loader Class Initialized
INFO - 2023-11-14 02:30:21 --> Helper loaded: url_helper
INFO - 2023-11-14 02:30:21 --> Database Driver Class Initialized
INFO - 2023-11-14 02:30:21 --> Controller Class Initialized
INFO - 2023-11-14 02:30:21 --> Model "Mconfigkey" initialized
INFO - 2023-11-14 02:30:21 --> Model "Msync_doc_molts" initialized
INFO - 2023-11-14 02:30:22 --> Final output sent to browser
DEBUG - 2023-11-14 02:30:22 --> Total execution time: 0.5552
INFO - 2023-11-14 07:45:07 --> Config Class Initialized
INFO - 2023-11-14 07:45:07 --> Hooks Class Initialized
DEBUG - 2023-11-14 07:45:07 --> UTF-8 Support Enabled
INFO - 2023-11-14 07:45:07 --> Utf8 Class Initialized
INFO - 2023-11-14 07:45:07 --> URI Class Initialized
INFO - 2023-11-14 07:45:07 --> Router Class Initialized
INFO - 2023-11-14 07:45:07 --> Output Class Initialized
INFO - 2023-11-14 07:45:07 --> Security Class Initialized
DEBUG - 2023-11-14 07:45:07 --> Global POST, GET and COOKIE data sanitized
INFO - 2023-11-14 07:45:07 --> Input Class Initialized
INFO - 2023-11-14 07:45:07 --> Language Class Initialized
INFO - 2023-11-14 07:45:07 --> Loader Class Initialized
INFO - 2023-11-14 07:45:07 --> Helper loaded: url_helper
INFO - 2023-11-14 07:45:07 --> Database Driver Class Initialized
INFO - 2023-11-14 07:45:07 --> Controller Class Initialized
INFO - 2023-11-14 07:45:07 --> Model "Mconfigkey" initialized
INFO - 2023-11-14 07:45:07 --> Final output sent to browser
DEBUG - 2023-11-14 07:45:07 --> Total execution time: 0.4273
INFO - 2023-11-14 07:48:15 --> Config Class Initialized
INFO - 2023-11-14 07:48:15 --> Hooks Class Initialized
DEBUG - 2023-11-14 07:48:15 --> UTF-8 Support Enabled
INFO - 2023-11-14 07:48:15 --> Utf8 Class Initialized
INFO - 2023-11-14 07:48:15 --> URI Class Initialized
INFO - 2023-11-14 07:48:15 --> Router Class Initialized
INFO - 2023-11-14 07:48:15 --> Output Class Initialized
INFO - 2023-11-14 07:48:15 --> Security Class Initialized
DEBUG - 2023-11-14 07:48:15 --> Global POST, GET and COOKIE data sanitized
INFO - 2023-11-14 07:48:15 --> Input Class Initialized
INFO - 2023-11-14 07:48:15 --> Language Class Initialized
INFO - 2023-11-14 07:48:15 --> Loader Class Initialized
INFO - 2023-11-14 07:48:15 --> Helper loaded: url_helper
INFO - 2023-11-14 07:48:15 --> Database Driver Class Initialized
INFO - 2023-11-14 07:48:15 --> Controller Class Initialized
INFO - 2023-11-14 07:48:15 --> Model "Mauth" initialized
INFO - 2023-11-14 07:48:15 --> Model "Mconfigkey" initialized
INFO - 2023-11-14 07:48:15 --> Final output sent to browser
DEBUG - 2023-11-14 07:48:15 --> Total execution time: 0.4032
INFO - 2023-11-14 21:13:56 --> Config Class Initialized
INFO - 2023-11-14 21:13:56 --> Hooks Class Initialized
DEBUG - 2023-11-14 21:13:56 --> UTF-8 Support Enabled
INFO - 2023-11-14 21:13:56 --> Utf8 Class Initialized
INFO - 2023-11-14 21:13:56 --> URI Class Initialized
INFO - 2023-11-14 21:13:56 --> Router Class Initialized
INFO - 2023-11-14 21:13:56 --> Output Class Initialized
INFO - 2023-11-14 21:13:56 --> Security Class Initialized
DEBUG - 2023-11-14 21:13:56 --> Global POST, GET and COOKIE data sanitized
INFO - 2023-11-14 21:13:56 --> Input Class Initialized
INFO - 2023-11-14 21:13:56 --> Language Class Initialized
INFO - 2023-11-14 21:13:57 --> Loader Class Initialized
INFO - 2023-11-14 21:13:57 --> Helper loaded: url_helper
INFO - 2023-11-14 21:13:57 --> Database Driver Class Initialized
INFO - 2023-11-14 21:13:57 --> Controller Class Initialized
INFO - 2023-11-14 21:13:58 --> Model "Mconfigkey" initialized
INFO - 2023-11-14 21:13:58 --> Final output sent to browser
DEBUG - 2023-11-14 21:13:58 --> Total execution time: 2.0412
INFO - 2023-11-14 22:57:45 --> Config Class Initialized
INFO - 2023-11-14 22:57:45 --> Hooks Class Initialized
DEBUG - 2023-11-14 22:57:45 --> UTF-8 Support Enabled
INFO - 2023-11-14 22:57:45 --> Utf8 Class Initialized
INFO - 2023-11-14 22:57:45 --> URI Class Initialized
INFO - 2023-11-14 22:57:45 --> Router Class Initialized
INFO - 2023-11-14 22:57:45 --> Output Class Initialized
INFO - 2023-11-14 22:57:45 --> Security Class Initialized
DEBUG - 2023-11-14 22:57:45 --> Global POST, GET and COOKIE data sanitized
INFO - 2023-11-14 22:57:45 --> Input Class Initialized
INFO - 2023-11-14 22:57:45 --> Language Class Initialized
INFO - 2023-11-14 22:57:46 --> Loader Class Initialized
INFO - 2023-11-14 22:57:46 --> Helper loaded: url_helper
INFO - 2023-11-14 22:57:46 --> Database Driver Class Initialized
INFO - 2023-11-14 22:57:46 --> Controller Class Initialized
INFO - 2023-11-14 22:57:46 --> Model "Mauth" initialized
INFO - 2023-11-14 22:57:46 --> Model "Mconfigkey" initialized
INFO - 2023-11-14 22:57:46 --> Final output sent to browser
DEBUG - 2023-11-14 22:57:46 --> Total execution time: 0.4698
