INFO - 2024-04-25 05:19:55 --> Config Class Initialized
INFO - 2024-04-25 05:19:55 --> Hooks Class Initialized
DEBUG - 2024-04-25 05:19:55 --> UTF-8 Support Enabled
INFO - 2024-04-25 05:19:55 --> Utf8 Class Initialized
INFO - 2024-04-25 05:19:55 --> URI Class Initialized
INFO - 2024-04-25 05:19:55 --> Router Class Initialized
INFO - 2024-04-25 05:19:56 --> Output Class Initialized
INFO - 2024-04-25 05:19:56 --> Security Class Initialized
DEBUG - 2024-04-25 05:19:56 --> Global POST, GET and COOKIE data sanitized
INFO - 2024-04-25 05:19:56 --> Input Class Initialized
INFO - 2024-04-25 05:19:56 --> Language Class Initialized
INFO - 2024-04-25 05:19:56 --> Loader Class Initialized
INFO - 2024-04-25 05:19:56 --> Helper loaded: url_helper
INFO - 2024-04-25 05:19:56 --> Database Driver Class Initialized
INFO - 2024-04-25 05:19:56 --> Controller Class Initialized
INFO - 2024-04-25 05:19:56 --> Model "Mconfigkey" initialized
INFO - 2024-04-25 05:19:56 --> Final output sent to browser
DEBUG - 2024-04-25 05:19:56 --> Total execution time: 0.0237
INFO - 2024-04-25 05:19:58 --> Config Class Initialized
INFO - 2024-04-25 05:19:58 --> Hooks Class Initialized
DEBUG - 2024-04-25 05:19:58 --> UTF-8 Support Enabled
INFO - 2024-04-25 05:19:58 --> Utf8 Class Initialized
INFO - 2024-04-25 05:19:58 --> URI Class Initialized
INFO - 2024-04-25 05:19:58 --> Router Class Initialized
INFO - 2024-04-25 05:19:58 --> Output Class Initialized
INFO - 2024-04-25 05:19:58 --> Security Class Initialized
DEBUG - 2024-04-25 05:19:58 --> Global POST, GET and COOKIE data sanitized
INFO - 2024-04-25 05:19:58 --> Input Class Initialized
INFO - 2024-04-25 05:19:58 --> Language Class Initialized
INFO - 2024-04-25 05:19:58 --> Loader Class Initialized
INFO - 2024-04-25 05:19:58 --> Helper loaded: url_helper
INFO - 2024-04-25 05:19:58 --> Database Driver Class Initialized
INFO - 2024-04-25 05:19:58 --> Controller Class Initialized
INFO - 2024-04-25 05:19:58 --> Model "Mconfigkey" initialized
INFO - 2024-04-25 05:19:58 --> Final output sent to browser
DEBUG - 2024-04-25 05:19:58 --> Total execution time: 0.0194
INFO - 2024-04-25 05:20:01 --> Config Class Initialized
INFO - 2024-04-25 05:20:01 --> Hooks Class Initialized
DEBUG - 2024-04-25 05:20:01 --> UTF-8 Support Enabled
INFO - 2024-04-25 05:20:01 --> Utf8 Class Initialized
INFO - 2024-04-25 05:20:01 --> URI Class Initialized
INFO - 2024-04-25 05:20:01 --> Router Class Initialized
INFO - 2024-04-25 05:20:01 --> Output Class Initialized
INFO - 2024-04-25 05:20:01 --> Security Class Initialized
DEBUG - 2024-04-25 05:20:01 --> Global POST, GET and COOKIE data sanitized
INFO - 2024-04-25 05:20:01 --> Input Class Initialized
INFO - 2024-04-25 05:20:01 --> Language Class Initialized
INFO - 2024-04-25 05:20:01 --> Loader Class Initialized
INFO - 2024-04-25 05:20:01 --> Helper loaded: url_helper
INFO - 2024-04-25 05:20:01 --> Database Driver Class Initialized
INFO - 2024-04-25 05:20:01 --> Controller Class Initialized
INFO - 2024-04-25 05:20:01 --> Model "Mauth" initialized
INFO - 2024-04-25 05:20:01 --> Model "Mconfigkey" initialized
INFO - 2024-04-25 05:20:01 --> Final output sent to browser
DEBUG - 2024-04-25 05:20:01 --> Total execution time: 0.0344
INFO - 2024-04-25 05:20:04 --> Config Class Initialized
INFO - 2024-04-25 05:20:04 --> Hooks Class Initialized
DEBUG - 2024-04-25 05:20:04 --> UTF-8 Support Enabled
INFO - 2024-04-25 05:20:04 --> Utf8 Class Initialized
INFO - 2024-04-25 05:20:04 --> URI Class Initialized
INFO - 2024-04-25 05:20:04 --> Router Class Initialized
INFO - 2024-04-25 05:20:04 --> Output Class Initialized
INFO - 2024-04-25 05:20:04 --> Security Class Initialized
DEBUG - 2024-04-25 05:20:04 --> Global POST, GET and COOKIE data sanitized
INFO - 2024-04-25 05:20:04 --> Input Class Initialized
INFO - 2024-04-25 05:20:04 --> Language Class Initialized
INFO - 2024-04-25 05:20:04 --> Loader Class Initialized
INFO - 2024-04-25 05:20:04 --> Helper loaded: url_helper
INFO - 2024-04-25 05:20:04 --> Database Driver Class Initialized
INFO - 2024-04-25 05:20:04 --> Controller Class Initialized
INFO - 2024-04-25 05:20:04 --> Model "Mconfigkey" initialized
INFO - 2024-04-25 05:20:04 --> Model "Mgoods_stuffing" initialized
INFO - 2024-04-25 05:20:04 --> Final output sent to browser
DEBUG - 2024-04-25 05:20:04 --> Total execution time: 0.0360
INFO - 2024-04-25 05:20:05 --> Config Class Initialized
INFO - 2024-04-25 05:20:05 --> Hooks Class Initialized
DEBUG - 2024-04-25 05:20:05 --> UTF-8 Support Enabled
INFO - 2024-04-25 05:20:05 --> Utf8 Class Initialized
INFO - 2024-04-25 05:20:05 --> URI Class Initialized
INFO - 2024-04-25 05:20:05 --> Router Class Initialized
INFO - 2024-04-25 05:20:05 --> Output Class Initialized
INFO - 2024-04-25 05:20:05 --> Security Class Initialized
DEBUG - 2024-04-25 05:20:05 --> Global POST, GET and COOKIE data sanitized
INFO - 2024-04-25 05:20:05 --> Input Class Initialized
INFO - 2024-04-25 05:20:05 --> Language Class Initialized
INFO - 2024-04-25 05:20:05 --> Loader Class Initialized
INFO - 2024-04-25 05:20:05 --> Helper loaded: url_helper
INFO - 2024-04-25 05:20:05 --> Database Driver Class Initialized
INFO - 2024-04-25 05:20:05 --> Controller Class Initialized
INFO - 2024-04-25 05:20:05 --> Model "Mconfigkey" initialized
INFO - 2024-04-25 05:20:05 --> Model "Mgoods_stuffing" initialized
INFO - 2024-04-25 05:20:05 --> Final output sent to browser
DEBUG - 2024-04-25 05:20:05 --> Total execution time: 0.0207
INFO - 2024-04-25 05:26:35 --> Config Class Initialized
INFO - 2024-04-25 05:26:35 --> Hooks Class Initialized
DEBUG - 2024-04-25 05:26:35 --> UTF-8 Support Enabled
INFO - 2024-04-25 05:26:35 --> Utf8 Class Initialized
INFO - 2024-04-25 05:26:35 --> URI Class Initialized
INFO - 2024-04-25 05:26:35 --> Router Class Initialized
INFO - 2024-04-25 05:26:35 --> Output Class Initialized
INFO - 2024-04-25 05:26:35 --> Security Class Initialized
DEBUG - 2024-04-25 05:26:35 --> Global POST, GET and COOKIE data sanitized
INFO - 2024-04-25 05:26:35 --> Input Class Initialized
INFO - 2024-04-25 05:26:35 --> Language Class Initialized
INFO - 2024-04-25 05:26:35 --> Loader Class Initialized
INFO - 2024-04-25 05:26:35 --> Helper loaded: url_helper
INFO - 2024-04-25 05:26:35 --> Database Driver Class Initialized
INFO - 2024-04-25 05:26:35 --> Controller Class Initialized
INFO - 2024-04-25 05:26:35 --> Model "Mconfigkey" initialized
INFO - 2024-04-25 05:26:35 --> Model "Mgoods_stuffing" initialized
INFO - 2024-04-25 05:26:40 --> Final output sent to browser
DEBUG - 2024-04-25 05:26:40 --> Total execution time: 4.3555
INFO - 2024-04-25 05:36:13 --> Config Class Initialized
INFO - 2024-04-25 05:36:13 --> Hooks Class Initialized
DEBUG - 2024-04-25 05:36:13 --> UTF-8 Support Enabled
INFO - 2024-04-25 05:36:13 --> Utf8 Class Initialized
INFO - 2024-04-25 05:36:13 --> URI Class Initialized
INFO - 2024-04-25 05:36:13 --> Router Class Initialized
INFO - 2024-04-25 05:36:13 --> Output Class Initialized
INFO - 2024-04-25 05:36:13 --> Security Class Initialized
DEBUG - 2024-04-25 05:36:13 --> Global POST, GET and COOKIE data sanitized
INFO - 2024-04-25 05:36:13 --> Input Class Initialized
INFO - 2024-04-25 05:36:13 --> Language Class Initialized
INFO - 2024-04-25 05:36:13 --> Loader Class Initialized
INFO - 2024-04-25 05:36:13 --> Helper loaded: url_helper
INFO - 2024-04-25 05:36:13 --> Database Driver Class Initialized
INFO - 2024-04-25 05:36:13 --> Controller Class Initialized
INFO - 2024-04-25 05:36:13 --> Model "Mconfigkey" initialized
INFO - 2024-04-25 05:36:13 --> Final output sent to browser
DEBUG - 2024-04-25 05:36:13 --> Total execution time: 0.0200
INFO - 2024-04-25 05:36:16 --> Config Class Initialized
INFO - 2024-04-25 05:36:16 --> Hooks Class Initialized
DEBUG - 2024-04-25 05:36:16 --> UTF-8 Support Enabled
INFO - 2024-04-25 05:36:16 --> Utf8 Class Initialized
INFO - 2024-04-25 05:36:16 --> URI Class Initialized
INFO - 2024-04-25 05:36:16 --> Router Class Initialized
INFO - 2024-04-25 05:36:16 --> Output Class Initialized
INFO - 2024-04-25 05:36:16 --> Security Class Initialized
DEBUG - 2024-04-25 05:36:16 --> Global POST, GET and COOKIE data sanitized
INFO - 2024-04-25 05:36:16 --> Input Class Initialized
INFO - 2024-04-25 05:36:16 --> Language Class Initialized
INFO - 2024-04-25 05:36:16 --> Loader Class Initialized
INFO - 2024-04-25 05:36:16 --> Helper loaded: url_helper
INFO - 2024-04-25 05:36:16 --> Database Driver Class Initialized
INFO - 2024-04-25 05:36:16 --> Controller Class Initialized
INFO - 2024-04-25 05:36:16 --> Model "Mconfigkey" initialized
INFO - 2024-04-25 05:36:16 --> Model "Mgoods_stuffing" initialized
INFO - 2024-04-25 05:36:16 --> Final output sent to browser
DEBUG - 2024-04-25 05:36:16 --> Total execution time: 0.0347
INFO - 2024-04-25 05:36:18 --> Config Class Initialized
INFO - 2024-04-25 05:36:18 --> Hooks Class Initialized
DEBUG - 2024-04-25 05:36:18 --> UTF-8 Support Enabled
INFO - 2024-04-25 05:36:18 --> Utf8 Class Initialized
INFO - 2024-04-25 05:36:18 --> URI Class Initialized
INFO - 2024-04-25 05:36:18 --> Router Class Initialized
INFO - 2024-04-25 05:36:18 --> Output Class Initialized
INFO - 2024-04-25 05:36:18 --> Security Class Initialized
DEBUG - 2024-04-25 05:36:18 --> Global POST, GET and COOKIE data sanitized
INFO - 2024-04-25 05:36:18 --> Input Class Initialized
INFO - 2024-04-25 05:36:18 --> Language Class Initialized
INFO - 2024-04-25 05:36:18 --> Loader Class Initialized
INFO - 2024-04-25 05:36:18 --> Helper loaded: url_helper
INFO - 2024-04-25 05:36:18 --> Database Driver Class Initialized
INFO - 2024-04-25 05:36:18 --> Controller Class Initialized
INFO - 2024-04-25 05:36:18 --> Model "Mconfigkey" initialized
INFO - 2024-04-25 05:36:18 --> Model "Mgoods_stuffing" initialized
INFO - 2024-04-25 05:36:18 --> Final output sent to browser
DEBUG - 2024-04-25 05:36:18 --> Total execution time: 0.0219
INFO - 2024-04-25 05:36:20 --> Config Class Initialized
INFO - 2024-04-25 05:36:20 --> Hooks Class Initialized
DEBUG - 2024-04-25 05:36:20 --> UTF-8 Support Enabled
INFO - 2024-04-25 05:36:20 --> Utf8 Class Initialized
INFO - 2024-04-25 05:36:20 --> URI Class Initialized
INFO - 2024-04-25 05:36:20 --> Router Class Initialized
INFO - 2024-04-25 05:36:20 --> Output Class Initialized
INFO - 2024-04-25 05:36:20 --> Security Class Initialized
DEBUG - 2024-04-25 05:36:20 --> Global POST, GET and COOKIE data sanitized
INFO - 2024-04-25 05:36:20 --> Input Class Initialized
INFO - 2024-04-25 05:36:20 --> Language Class Initialized
INFO - 2024-04-25 05:36:20 --> Loader Class Initialized
INFO - 2024-04-25 05:36:20 --> Helper loaded: url_helper
INFO - 2024-04-25 05:36:20 --> Database Driver Class Initialized
INFO - 2024-04-25 05:36:20 --> Controller Class Initialized
INFO - 2024-04-25 05:36:20 --> Model "Mconfigkey" initialized
INFO - 2024-04-25 05:36:20 --> Model "Mgoods_stuffing" initialized
INFO - 2024-04-25 05:36:25 --> Final output sent to browser
DEBUG - 2024-04-25 05:36:25 --> Total execution time: 4.4609
INFO - 2024-04-25 05:36:30 --> Config Class Initialized
INFO - 2024-04-25 05:36:30 --> Hooks Class Initialized
DEBUG - 2024-04-25 05:36:30 --> UTF-8 Support Enabled
INFO - 2024-04-25 05:36:30 --> Utf8 Class Initialized
INFO - 2024-04-25 05:36:30 --> URI Class Initialized
INFO - 2024-04-25 05:36:30 --> Router Class Initialized
INFO - 2024-04-25 05:36:30 --> Output Class Initialized
INFO - 2024-04-25 05:36:30 --> Security Class Initialized
DEBUG - 2024-04-25 05:36:30 --> Global POST, GET and COOKIE data sanitized
INFO - 2024-04-25 05:36:30 --> Input Class Initialized
INFO - 2024-04-25 05:36:30 --> Language Class Initialized
INFO - 2024-04-25 05:36:30 --> Loader Class Initialized
INFO - 2024-04-25 05:36:30 --> Helper loaded: url_helper
INFO - 2024-04-25 05:36:30 --> Database Driver Class Initialized
INFO - 2024-04-25 05:36:30 --> Controller Class Initialized
INFO - 2024-04-25 05:36:30 --> Model "Mconfigkey" initialized
INFO - 2024-04-25 05:36:30 --> Model "Mgoods_stuffing" initialized
INFO - 2024-04-25 05:36:32 --> Final output sent to browser
DEBUG - 2024-04-25 05:36:32 --> Total execution time: 2.2052
INFO - 2024-04-25 05:36:41 --> Config Class Initialized
INFO - 2024-04-25 05:36:41 --> Hooks Class Initialized
DEBUG - 2024-04-25 05:36:41 --> UTF-8 Support Enabled
INFO - 2024-04-25 05:36:41 --> Utf8 Class Initialized
INFO - 2024-04-25 05:36:41 --> URI Class Initialized
INFO - 2024-04-25 05:36:41 --> Router Class Initialized
INFO - 2024-04-25 05:36:41 --> Output Class Initialized
INFO - 2024-04-25 05:36:41 --> Security Class Initialized
DEBUG - 2024-04-25 05:36:41 --> Global POST, GET and COOKIE data sanitized
INFO - 2024-04-25 05:36:41 --> Input Class Initialized
INFO - 2024-04-25 05:36:41 --> Language Class Initialized
INFO - 2024-04-25 05:36:41 --> Loader Class Initialized
INFO - 2024-04-25 05:36:41 --> Helper loaded: url_helper
INFO - 2024-04-25 05:36:41 --> Database Driver Class Initialized
INFO - 2024-04-25 05:36:41 --> Controller Class Initialized
INFO - 2024-04-25 05:36:41 --> Model "Mconfigkey" initialized
INFO - 2024-04-25 05:36:41 --> Final output sent to browser
DEBUG - 2024-04-25 05:36:41 --> Total execution time: 0.0191
INFO - 2024-04-25 05:36:46 --> Config Class Initialized
INFO - 2024-04-25 05:36:46 --> Hooks Class Initialized
DEBUG - 2024-04-25 05:36:46 --> UTF-8 Support Enabled
INFO - 2024-04-25 05:36:46 --> Utf8 Class Initialized
INFO - 2024-04-25 05:36:46 --> URI Class Initialized
INFO - 2024-04-25 05:36:46 --> Router Class Initialized
INFO - 2024-04-25 05:36:46 --> Output Class Initialized
INFO - 2024-04-25 05:36:46 --> Security Class Initialized
DEBUG - 2024-04-25 05:36:46 --> Global POST, GET and COOKIE data sanitized
INFO - 2024-04-25 05:36:46 --> Input Class Initialized
INFO - 2024-04-25 05:36:46 --> Language Class Initialized
INFO - 2024-04-25 05:36:46 --> Loader Class Initialized
INFO - 2024-04-25 05:36:46 --> Helper loaded: url_helper
INFO - 2024-04-25 05:36:46 --> Database Driver Class Initialized
INFO - 2024-04-25 05:36:46 --> Controller Class Initialized
INFO - 2024-04-25 05:36:46 --> Model "Mconfigkey" initialized
INFO - 2024-04-25 05:36:46 --> Model "Mgoods_stuffing" initialized
INFO - 2024-04-25 05:36:46 --> Final output sent to browser
DEBUG - 2024-04-25 05:36:46 --> Total execution time: 0.0359
INFO - 2024-04-25 05:36:48 --> Config Class Initialized
INFO - 2024-04-25 05:36:48 --> Hooks Class Initialized
DEBUG - 2024-04-25 05:36:48 --> UTF-8 Support Enabled
INFO - 2024-04-25 05:36:48 --> Utf8 Class Initialized
INFO - 2024-04-25 05:36:48 --> URI Class Initialized
INFO - 2024-04-25 05:36:48 --> Router Class Initialized
INFO - 2024-04-25 05:36:48 --> Output Class Initialized
INFO - 2024-04-25 05:36:48 --> Security Class Initialized
DEBUG - 2024-04-25 05:36:48 --> Global POST, GET and COOKIE data sanitized
INFO - 2024-04-25 05:36:48 --> Input Class Initialized
INFO - 2024-04-25 05:36:48 --> Language Class Initialized
INFO - 2024-04-25 05:36:48 --> Loader Class Initialized
INFO - 2024-04-25 05:36:48 --> Helper loaded: url_helper
INFO - 2024-04-25 05:36:48 --> Database Driver Class Initialized
INFO - 2024-04-25 05:36:48 --> Controller Class Initialized
INFO - 2024-04-25 05:36:48 --> Model "Mconfigkey" initialized
INFO - 2024-04-25 05:36:48 --> Model "Mgoods_stuffing" initialized
INFO - 2024-04-25 05:36:48 --> Final output sent to browser
DEBUG - 2024-04-25 05:36:48 --> Total execution time: 0.0215
INFO - 2024-04-25 05:36:51 --> Config Class Initialized
INFO - 2024-04-25 05:36:51 --> Hooks Class Initialized
DEBUG - 2024-04-25 05:36:51 --> UTF-8 Support Enabled
INFO - 2024-04-25 05:36:51 --> Utf8 Class Initialized
INFO - 2024-04-25 05:36:51 --> URI Class Initialized
INFO - 2024-04-25 05:36:51 --> Router Class Initialized
INFO - 2024-04-25 05:36:51 --> Output Class Initialized
INFO - 2024-04-25 05:36:51 --> Security Class Initialized
DEBUG - 2024-04-25 05:36:51 --> Global POST, GET and COOKIE data sanitized
INFO - 2024-04-25 05:36:51 --> Input Class Initialized
INFO - 2024-04-25 05:36:51 --> Language Class Initialized
INFO - 2024-04-25 05:36:51 --> Loader Class Initialized
INFO - 2024-04-25 05:36:51 --> Helper loaded: url_helper
INFO - 2024-04-25 05:36:51 --> Database Driver Class Initialized
INFO - 2024-04-25 05:36:51 --> Controller Class Initialized
INFO - 2024-04-25 05:36:51 --> Model "Mconfigkey" initialized
INFO - 2024-04-25 05:36:51 --> Model "Mgoods_stuffing" initialized
INFO - 2024-04-25 05:36:55 --> Final output sent to browser
DEBUG - 2024-04-25 05:36:55 --> Total execution time: 4.3624
INFO - 2024-04-25 05:36:56 --> Config Class Initialized
INFO - 2024-04-25 05:36:56 --> Hooks Class Initialized
DEBUG - 2024-04-25 05:36:56 --> UTF-8 Support Enabled
INFO - 2024-04-25 05:36:56 --> Utf8 Class Initialized
INFO - 2024-04-25 05:36:56 --> URI Class Initialized
INFO - 2024-04-25 05:36:56 --> Router Class Initialized
INFO - 2024-04-25 05:36:56 --> Output Class Initialized
INFO - 2024-04-25 05:36:56 --> Security Class Initialized
DEBUG - 2024-04-25 05:36:56 --> Global POST, GET and COOKIE data sanitized
INFO - 2024-04-25 05:36:56 --> Input Class Initialized
INFO - 2024-04-25 05:36:56 --> Language Class Initialized
INFO - 2024-04-25 05:36:56 --> Loader Class Initialized
INFO - 2024-04-25 05:36:56 --> Helper loaded: url_helper
INFO - 2024-04-25 05:36:56 --> Database Driver Class Initialized
INFO - 2024-04-25 05:36:56 --> Controller Class Initialized
INFO - 2024-04-25 05:36:56 --> Model "Mconfigkey" initialized
INFO - 2024-04-25 05:36:56 --> Model "Mgoods_stuffing" initialized
INFO - 2024-04-25 05:36:59 --> Final output sent to browser
DEBUG - 2024-04-25 05:36:59 --> Total execution time: 2.2266
INFO - 2024-04-25 05:49:59 --> Config Class Initialized
INFO - 2024-04-25 05:49:59 --> Hooks Class Initialized
DEBUG - 2024-04-25 05:49:59 --> UTF-8 Support Enabled
INFO - 2024-04-25 05:49:59 --> Utf8 Class Initialized
INFO - 2024-04-25 05:49:59 --> URI Class Initialized
INFO - 2024-04-25 05:49:59 --> Router Class Initialized
INFO - 2024-04-25 05:49:59 --> Output Class Initialized
INFO - 2024-04-25 05:49:59 --> Security Class Initialized
DEBUG - 2024-04-25 05:49:59 --> Global POST, GET and COOKIE data sanitized
INFO - 2024-04-25 05:49:59 --> Input Class Initialized
INFO - 2024-04-25 05:49:59 --> Language Class Initialized
INFO - 2024-04-25 05:49:59 --> Loader Class Initialized
INFO - 2024-04-25 05:49:59 --> Helper loaded: url_helper
INFO - 2024-04-25 05:49:59 --> Database Driver Class Initialized
INFO - 2024-04-25 05:49:59 --> Controller Class Initialized
INFO - 2024-04-25 05:49:59 --> Model "Mconfigkey" initialized
INFO - 2024-04-25 05:49:59 --> Final output sent to browser
DEBUG - 2024-04-25 05:49:59 --> Total execution time: 0.0208
INFO - 2024-04-25 05:50:03 --> Config Class Initialized
INFO - 2024-04-25 05:50:03 --> Hooks Class Initialized
DEBUG - 2024-04-25 05:50:03 --> UTF-8 Support Enabled
INFO - 2024-04-25 05:50:03 --> Utf8 Class Initialized
INFO - 2024-04-25 05:50:03 --> URI Class Initialized
INFO - 2024-04-25 05:50:03 --> Router Class Initialized
INFO - 2024-04-25 05:50:03 --> Output Class Initialized
INFO - 2024-04-25 05:50:03 --> Security Class Initialized
DEBUG - 2024-04-25 05:50:03 --> Global POST, GET and COOKIE data sanitized
INFO - 2024-04-25 05:50:03 --> Input Class Initialized
INFO - 2024-04-25 05:50:03 --> Language Class Initialized
INFO - 2024-04-25 05:50:03 --> Loader Class Initialized
INFO - 2024-04-25 05:50:03 --> Helper loaded: url_helper
INFO - 2024-04-25 05:50:03 --> Database Driver Class Initialized
INFO - 2024-04-25 05:50:03 --> Controller Class Initialized
INFO - 2024-04-25 05:50:03 --> Model "Mconfigkey" initialized
INFO - 2024-04-25 05:50:03 --> Model "Mgoods_stuffing" initialized
INFO - 2024-04-25 05:50:03 --> Final output sent to browser
DEBUG - 2024-04-25 05:50:03 --> Total execution time: 0.0351
INFO - 2024-04-25 05:50:05 --> Config Class Initialized
INFO - 2024-04-25 05:50:05 --> Hooks Class Initialized
DEBUG - 2024-04-25 05:50:05 --> UTF-8 Support Enabled
INFO - 2024-04-25 05:50:05 --> Utf8 Class Initialized
INFO - 2024-04-25 05:50:05 --> URI Class Initialized
INFO - 2024-04-25 05:50:05 --> Router Class Initialized
INFO - 2024-04-25 05:50:05 --> Output Class Initialized
INFO - 2024-04-25 05:50:05 --> Security Class Initialized
DEBUG - 2024-04-25 05:50:05 --> Global POST, GET and COOKIE data sanitized
INFO - 2024-04-25 05:50:05 --> Input Class Initialized
INFO - 2024-04-25 05:50:05 --> Language Class Initialized
INFO - 2024-04-25 05:50:05 --> Loader Class Initialized
INFO - 2024-04-25 05:50:05 --> Helper loaded: url_helper
INFO - 2024-04-25 05:50:05 --> Database Driver Class Initialized
INFO - 2024-04-25 05:50:05 --> Controller Class Initialized
INFO - 2024-04-25 05:50:05 --> Model "Mconfigkey" initialized
INFO - 2024-04-25 05:50:05 --> Model "Mgoods_stuffing" initialized
INFO - 2024-04-25 05:50:05 --> Final output sent to browser
DEBUG - 2024-04-25 05:50:05 --> Total execution time: 0.0211
INFO - 2024-04-25 05:50:07 --> Config Class Initialized
INFO - 2024-04-25 05:50:07 --> Hooks Class Initialized
DEBUG - 2024-04-25 05:50:07 --> UTF-8 Support Enabled
INFO - 2024-04-25 05:50:07 --> Utf8 Class Initialized
INFO - 2024-04-25 05:50:07 --> URI Class Initialized
INFO - 2024-04-25 05:50:07 --> Router Class Initialized
INFO - 2024-04-25 05:50:07 --> Output Class Initialized
INFO - 2024-04-25 05:50:07 --> Security Class Initialized
DEBUG - 2024-04-25 05:50:07 --> Global POST, GET and COOKIE data sanitized
INFO - 2024-04-25 05:50:07 --> Input Class Initialized
INFO - 2024-04-25 05:50:07 --> Language Class Initialized
INFO - 2024-04-25 05:50:07 --> Loader Class Initialized
INFO - 2024-04-25 05:50:07 --> Helper loaded: url_helper
INFO - 2024-04-25 05:50:07 --> Database Driver Class Initialized
INFO - 2024-04-25 05:50:07 --> Controller Class Initialized
INFO - 2024-04-25 05:50:07 --> Model "Mconfigkey" initialized
INFO - 2024-04-25 05:50:07 --> Model "Mgoods_stuffing" initialized
INFO - 2024-04-25 05:50:12 --> Final output sent to browser
DEBUG - 2024-04-25 05:50:12 --> Total execution time: 4.3756
INFO - 2024-04-25 05:50:13 --> Config Class Initialized
INFO - 2024-04-25 05:50:13 --> Hooks Class Initialized
DEBUG - 2024-04-25 05:50:13 --> UTF-8 Support Enabled
INFO - 2024-04-25 05:50:13 --> Utf8 Class Initialized
INFO - 2024-04-25 05:50:13 --> URI Class Initialized
INFO - 2024-04-25 05:50:13 --> Router Class Initialized
INFO - 2024-04-25 05:50:13 --> Output Class Initialized
INFO - 2024-04-25 05:50:13 --> Security Class Initialized
DEBUG - 2024-04-25 05:50:13 --> Global POST, GET and COOKIE data sanitized
INFO - 2024-04-25 05:50:13 --> Input Class Initialized
INFO - 2024-04-25 05:50:13 --> Language Class Initialized
INFO - 2024-04-25 05:50:13 --> Loader Class Initialized
INFO - 2024-04-25 05:50:13 --> Helper loaded: url_helper
INFO - 2024-04-25 05:50:13 --> Database Driver Class Initialized
INFO - 2024-04-25 05:50:13 --> Controller Class Initialized
INFO - 2024-04-25 05:50:13 --> Model "Mconfigkey" initialized
INFO - 2024-04-25 05:50:13 --> Model "Mgoods_stuffing" initialized
ERROR - 2024-04-25 05:50:13 --> Query error: [Microsoft][ODBC Driver 18 for SQL Server][SQL Server]The isnull function requires 2 argument(s). - Invalid query: 
        DECLARE @VJSON_DATA NVARCHAR(MAX);
		SET @VJSON_DATA =(
            SELECT * FROM VW_GET_SOURCE_PICKING_WMS 
            WHERE 
                NO_BUKTI ='PS240314' 
            FOR JSON PATH, INCLUDE_NULL_VALUES
		)
        SELECT 'true' as success, 'Data Picking dipilih' as message, isnull(@VJSON_DATA) AS vjson_data ; 
        
INFO - 2024-04-25 05:50:13 --> Language file loaded: language/english/db_lang.php
INFO - 2024-04-25 05:50:35 --> Config Class Initialized
INFO - 2024-04-25 05:50:35 --> Hooks Class Initialized
DEBUG - 2024-04-25 05:50:35 --> UTF-8 Support Enabled
INFO - 2024-04-25 05:50:35 --> Utf8 Class Initialized
INFO - 2024-04-25 05:50:35 --> URI Class Initialized
INFO - 2024-04-25 05:50:35 --> Router Class Initialized
INFO - 2024-04-25 05:50:35 --> Output Class Initialized
INFO - 2024-04-25 05:50:35 --> Security Class Initialized
DEBUG - 2024-04-25 05:50:35 --> Global POST, GET and COOKIE data sanitized
INFO - 2024-04-25 05:50:35 --> Input Class Initialized
INFO - 2024-04-25 05:50:35 --> Language Class Initialized
INFO - 2024-04-25 05:50:35 --> Loader Class Initialized
INFO - 2024-04-25 05:50:35 --> Helper loaded: url_helper
INFO - 2024-04-25 05:50:35 --> Database Driver Class Initialized
INFO - 2024-04-25 05:50:35 --> Controller Class Initialized
INFO - 2024-04-25 05:50:35 --> Model "Mconfigkey" initialized
INFO - 2024-04-25 05:50:35 --> Model "Mgoods_stuffing" initialized
ERROR - 2024-04-25 05:50:37 --> Query error: [Microsoft][ODBC Driver 18 for SQL Server][SQL Server]Must specify table to select from. - Invalid query: SELECT DISTINCT *
INFO - 2024-04-25 05:50:37 --> Language file loaded: language/english/db_lang.php
INFO - 2024-04-25 05:50:52 --> Config Class Initialized
INFO - 2024-04-25 05:50:52 --> Hooks Class Initialized
DEBUG - 2024-04-25 05:50:52 --> UTF-8 Support Enabled
INFO - 2024-04-25 05:50:52 --> Utf8 Class Initialized
INFO - 2024-04-25 05:50:52 --> URI Class Initialized
INFO - 2024-04-25 05:50:52 --> Router Class Initialized
INFO - 2024-04-25 05:50:52 --> Output Class Initialized
INFO - 2024-04-25 05:50:52 --> Security Class Initialized
DEBUG - 2024-04-25 05:50:52 --> Global POST, GET and COOKIE data sanitized
INFO - 2024-04-25 05:50:52 --> Input Class Initialized
INFO - 2024-04-25 05:50:52 --> Language Class Initialized
INFO - 2024-04-25 05:50:52 --> Loader Class Initialized
INFO - 2024-04-25 05:50:52 --> Helper loaded: url_helper
INFO - 2024-04-25 05:50:52 --> Database Driver Class Initialized
INFO - 2024-04-25 05:50:52 --> Controller Class Initialized
INFO - 2024-04-25 05:50:52 --> Model "Mconfigkey" initialized
INFO - 2024-04-25 05:50:52 --> Model "Mgoods_stuffing" initialized
ERROR - 2024-04-25 05:50:54 --> Query error: [Microsoft][ODBC Driver 18 for SQL Server][SQL Server]Must specify table to select from. - Invalid query: SELECT *
INFO - 2024-04-25 05:50:54 --> Language file loaded: language/english/db_lang.php
INFO - 2024-04-25 05:52:59 --> Config Class Initialized
INFO - 2024-04-25 05:52:59 --> Hooks Class Initialized
DEBUG - 2024-04-25 05:52:59 --> UTF-8 Support Enabled
INFO - 2024-04-25 05:52:59 --> Utf8 Class Initialized
INFO - 2024-04-25 05:52:59 --> URI Class Initialized
INFO - 2024-04-25 05:52:59 --> Router Class Initialized
INFO - 2024-04-25 05:52:59 --> Output Class Initialized
INFO - 2024-04-25 05:52:59 --> Security Class Initialized
DEBUG - 2024-04-25 05:52:59 --> Global POST, GET and COOKIE data sanitized
INFO - 2024-04-25 05:52:59 --> Input Class Initialized
INFO - 2024-04-25 05:52:59 --> Language Class Initialized
INFO - 2024-04-25 05:52:59 --> Loader Class Initialized
INFO - 2024-04-25 05:52:59 --> Helper loaded: url_helper
INFO - 2024-04-25 05:52:59 --> Database Driver Class Initialized
INFO - 2024-04-25 05:52:59 --> Controller Class Initialized
INFO - 2024-04-25 05:52:59 --> Model "Mconfigkey" initialized
INFO - 2024-04-25 05:52:59 --> Model "Mgoods_stuffing" initialized
INFO - 2024-04-25 05:53:01 --> Final output sent to browser
DEBUG - 2024-04-25 05:53:01 --> Total execution time: 2.2224
INFO - 2024-04-25 05:53:54 --> Config Class Initialized
INFO - 2024-04-25 05:53:54 --> Hooks Class Initialized
DEBUG - 2024-04-25 05:53:54 --> UTF-8 Support Enabled
INFO - 2024-04-25 05:53:54 --> Utf8 Class Initialized
INFO - 2024-04-25 05:53:54 --> URI Class Initialized
INFO - 2024-04-25 05:53:54 --> Router Class Initialized
INFO - 2024-04-25 05:53:54 --> Output Class Initialized
INFO - 2024-04-25 05:53:54 --> Security Class Initialized
DEBUG - 2024-04-25 05:53:54 --> Global POST, GET and COOKIE data sanitized
INFO - 2024-04-25 05:53:54 --> Input Class Initialized
INFO - 2024-04-25 05:53:54 --> Language Class Initialized
INFO - 2024-04-25 05:53:54 --> Loader Class Initialized
INFO - 2024-04-25 05:53:54 --> Helper loaded: url_helper
INFO - 2024-04-25 05:53:54 --> Database Driver Class Initialized
INFO - 2024-04-25 05:53:54 --> Controller Class Initialized
INFO - 2024-04-25 05:53:54 --> Model "Mconfigkey" initialized
INFO - 2024-04-25 05:53:54 --> Final output sent to browser
DEBUG - 2024-04-25 05:53:54 --> Total execution time: 0.0201
INFO - 2024-04-25 05:53:59 --> Config Class Initialized
INFO - 2024-04-25 05:53:59 --> Hooks Class Initialized
DEBUG - 2024-04-25 05:53:59 --> UTF-8 Support Enabled
INFO - 2024-04-25 05:53:59 --> Utf8 Class Initialized
INFO - 2024-04-25 05:53:59 --> URI Class Initialized
INFO - 2024-04-25 05:53:59 --> Router Class Initialized
INFO - 2024-04-25 05:53:59 --> Output Class Initialized
INFO - 2024-04-25 05:53:59 --> Security Class Initialized
DEBUG - 2024-04-25 05:53:59 --> Global POST, GET and COOKIE data sanitized
INFO - 2024-04-25 05:53:59 --> Input Class Initialized
INFO - 2024-04-25 05:53:59 --> Language Class Initialized
INFO - 2024-04-25 05:53:59 --> Loader Class Initialized
INFO - 2024-04-25 05:53:59 --> Helper loaded: url_helper
INFO - 2024-04-25 05:53:59 --> Database Driver Class Initialized
INFO - 2024-04-25 05:53:59 --> Controller Class Initialized
INFO - 2024-04-25 05:53:59 --> Model "Mconfigkey" initialized
INFO - 2024-04-25 05:53:59 --> Model "Mgoods_stuffing" initialized
INFO - 2024-04-25 05:53:59 --> Final output sent to browser
DEBUG - 2024-04-25 05:53:59 --> Total execution time: 0.0345
INFO - 2024-04-25 05:54:00 --> Config Class Initialized
INFO - 2024-04-25 05:54:00 --> Hooks Class Initialized
DEBUG - 2024-04-25 05:54:00 --> UTF-8 Support Enabled
INFO - 2024-04-25 05:54:00 --> Utf8 Class Initialized
INFO - 2024-04-25 05:54:00 --> URI Class Initialized
INFO - 2024-04-25 05:54:00 --> Router Class Initialized
INFO - 2024-04-25 05:54:00 --> Output Class Initialized
INFO - 2024-04-25 05:54:00 --> Security Class Initialized
DEBUG - 2024-04-25 05:54:00 --> Global POST, GET and COOKIE data sanitized
INFO - 2024-04-25 05:54:00 --> Input Class Initialized
INFO - 2024-04-25 05:54:00 --> Language Class Initialized
INFO - 2024-04-25 05:54:00 --> Loader Class Initialized
INFO - 2024-04-25 05:54:00 --> Helper loaded: url_helper
INFO - 2024-04-25 05:54:00 --> Database Driver Class Initialized
INFO - 2024-04-25 05:54:00 --> Controller Class Initialized
INFO - 2024-04-25 05:54:00 --> Model "Mconfigkey" initialized
INFO - 2024-04-25 05:54:00 --> Model "Mgoods_stuffing" initialized
INFO - 2024-04-25 05:54:00 --> Final output sent to browser
DEBUG - 2024-04-25 05:54:00 --> Total execution time: 0.0210
INFO - 2024-04-25 05:54:02 --> Config Class Initialized
INFO - 2024-04-25 05:54:02 --> Hooks Class Initialized
DEBUG - 2024-04-25 05:54:02 --> UTF-8 Support Enabled
INFO - 2024-04-25 05:54:02 --> Utf8 Class Initialized
INFO - 2024-04-25 05:54:02 --> URI Class Initialized
INFO - 2024-04-25 05:54:02 --> Router Class Initialized
INFO - 2024-04-25 05:54:02 --> Output Class Initialized
INFO - 2024-04-25 05:54:02 --> Security Class Initialized
DEBUG - 2024-04-25 05:54:02 --> Global POST, GET and COOKIE data sanitized
INFO - 2024-04-25 05:54:02 --> Input Class Initialized
INFO - 2024-04-25 05:54:02 --> Language Class Initialized
INFO - 2024-04-25 05:54:02 --> Loader Class Initialized
INFO - 2024-04-25 05:54:02 --> Helper loaded: url_helper
INFO - 2024-04-25 05:54:02 --> Database Driver Class Initialized
INFO - 2024-04-25 05:54:02 --> Controller Class Initialized
INFO - 2024-04-25 05:54:02 --> Model "Mconfigkey" initialized
INFO - 2024-04-25 05:54:02 --> Model "Mgoods_stuffing" initialized
INFO - 2024-04-25 05:54:07 --> Final output sent to browser
DEBUG - 2024-04-25 05:54:07 --> Total execution time: 4.4043
INFO - 2024-04-25 05:54:10 --> Config Class Initialized
INFO - 2024-04-25 05:54:10 --> Hooks Class Initialized
DEBUG - 2024-04-25 05:54:10 --> UTF-8 Support Enabled
INFO - 2024-04-25 05:54:10 --> Utf8 Class Initialized
INFO - 2024-04-25 05:54:10 --> URI Class Initialized
INFO - 2024-04-25 05:54:10 --> Router Class Initialized
INFO - 2024-04-25 05:54:10 --> Output Class Initialized
INFO - 2024-04-25 05:54:10 --> Security Class Initialized
DEBUG - 2024-04-25 05:54:10 --> Global POST, GET and COOKIE data sanitized
INFO - 2024-04-25 05:54:10 --> Input Class Initialized
INFO - 2024-04-25 05:54:10 --> Language Class Initialized
INFO - 2024-04-25 05:54:10 --> Loader Class Initialized
INFO - 2024-04-25 05:54:10 --> Helper loaded: url_helper
INFO - 2024-04-25 05:54:10 --> Database Driver Class Initialized
INFO - 2024-04-25 05:54:10 --> Controller Class Initialized
INFO - 2024-04-25 05:54:10 --> Model "Mconfigkey" initialized
INFO - 2024-04-25 05:54:10 --> Model "Mgoods_stuffing" initialized
INFO - 2024-04-25 05:54:12 --> Final output sent to browser
DEBUG - 2024-04-25 05:54:12 --> Total execution time: 2.1770
INFO - 2024-04-25 05:56:54 --> Config Class Initialized
INFO - 2024-04-25 05:56:54 --> Hooks Class Initialized
DEBUG - 2024-04-25 05:56:54 --> UTF-8 Support Enabled
INFO - 2024-04-25 05:56:54 --> Utf8 Class Initialized
INFO - 2024-04-25 05:56:54 --> URI Class Initialized
INFO - 2024-04-25 05:56:54 --> Router Class Initialized
INFO - 2024-04-25 05:56:54 --> Output Class Initialized
INFO - 2024-04-25 05:56:54 --> Security Class Initialized
DEBUG - 2024-04-25 05:56:54 --> Global POST, GET and COOKIE data sanitized
INFO - 2024-04-25 05:56:54 --> Input Class Initialized
INFO - 2024-04-25 05:56:54 --> Language Class Initialized
INFO - 2024-04-25 05:56:54 --> Loader Class Initialized
INFO - 2024-04-25 05:56:54 --> Helper loaded: url_helper
INFO - 2024-04-25 05:56:54 --> Database Driver Class Initialized
INFO - 2024-04-25 05:56:54 --> Controller Class Initialized
INFO - 2024-04-25 05:56:54 --> Model "Mconfigkey" initialized
INFO - 2024-04-25 05:56:54 --> Final output sent to browser
DEBUG - 2024-04-25 05:56:54 --> Total execution time: 0.0204
INFO - 2024-04-25 05:56:59 --> Config Class Initialized
INFO - 2024-04-25 05:56:59 --> Hooks Class Initialized
DEBUG - 2024-04-25 05:56:59 --> UTF-8 Support Enabled
INFO - 2024-04-25 05:56:59 --> Utf8 Class Initialized
INFO - 2024-04-25 05:56:59 --> URI Class Initialized
INFO - 2024-04-25 05:56:59 --> Router Class Initialized
INFO - 2024-04-25 05:56:59 --> Output Class Initialized
INFO - 2024-04-25 05:56:59 --> Security Class Initialized
DEBUG - 2024-04-25 05:56:59 --> Global POST, GET and COOKIE data sanitized
INFO - 2024-04-25 05:56:59 --> Input Class Initialized
INFO - 2024-04-25 05:56:59 --> Language Class Initialized
INFO - 2024-04-25 05:56:59 --> Loader Class Initialized
INFO - 2024-04-25 05:56:59 --> Helper loaded: url_helper
INFO - 2024-04-25 05:56:59 --> Database Driver Class Initialized
INFO - 2024-04-25 05:56:59 --> Controller Class Initialized
INFO - 2024-04-25 05:56:59 --> Model "Mconfigkey" initialized
INFO - 2024-04-25 05:56:59 --> Model "Mgoods_stuffing" initialized
INFO - 2024-04-25 05:56:59 --> Final output sent to browser
DEBUG - 2024-04-25 05:56:59 --> Total execution time: 0.0354
INFO - 2024-04-25 05:57:02 --> Config Class Initialized
INFO - 2024-04-25 05:57:02 --> Hooks Class Initialized
DEBUG - 2024-04-25 05:57:02 --> UTF-8 Support Enabled
INFO - 2024-04-25 05:57:02 --> Utf8 Class Initialized
INFO - 2024-04-25 05:57:02 --> URI Class Initialized
INFO - 2024-04-25 05:57:02 --> Router Class Initialized
INFO - 2024-04-25 05:57:02 --> Output Class Initialized
INFO - 2024-04-25 05:57:02 --> Security Class Initialized
DEBUG - 2024-04-25 05:57:02 --> Global POST, GET and COOKIE data sanitized
INFO - 2024-04-25 05:57:02 --> Input Class Initialized
INFO - 2024-04-25 05:57:02 --> Language Class Initialized
INFO - 2024-04-25 05:57:02 --> Loader Class Initialized
INFO - 2024-04-25 05:57:02 --> Helper loaded: url_helper
INFO - 2024-04-25 05:57:02 --> Database Driver Class Initialized
INFO - 2024-04-25 05:57:02 --> Controller Class Initialized
INFO - 2024-04-25 05:57:02 --> Model "Mconfigkey" initialized
INFO - 2024-04-25 05:57:02 --> Model "Mgoods_stuffing" initialized
INFO - 2024-04-25 05:57:02 --> Final output sent to browser
DEBUG - 2024-04-25 05:57:02 --> Total execution time: 0.0204
INFO - 2024-04-25 05:57:03 --> Config Class Initialized
INFO - 2024-04-25 05:57:03 --> Hooks Class Initialized
DEBUG - 2024-04-25 05:57:03 --> UTF-8 Support Enabled
INFO - 2024-04-25 05:57:03 --> Utf8 Class Initialized
INFO - 2024-04-25 05:57:03 --> URI Class Initialized
INFO - 2024-04-25 05:57:03 --> Router Class Initialized
INFO - 2024-04-25 05:57:03 --> Output Class Initialized
INFO - 2024-04-25 05:57:03 --> Security Class Initialized
DEBUG - 2024-04-25 05:57:03 --> Global POST, GET and COOKIE data sanitized
INFO - 2024-04-25 05:57:03 --> Input Class Initialized
INFO - 2024-04-25 05:57:03 --> Language Class Initialized
INFO - 2024-04-25 05:57:03 --> Loader Class Initialized
INFO - 2024-04-25 05:57:03 --> Helper loaded: url_helper
INFO - 2024-04-25 05:57:03 --> Database Driver Class Initialized
INFO - 2024-04-25 05:57:03 --> Controller Class Initialized
INFO - 2024-04-25 05:57:03 --> Model "Mconfigkey" initialized
INFO - 2024-04-25 05:57:03 --> Model "Mgoods_stuffing" initialized
INFO - 2024-04-25 05:57:08 --> Final output sent to browser
DEBUG - 2024-04-25 05:57:08 --> Total execution time: 4.4016
INFO - 2024-04-25 05:57:09 --> Config Class Initialized
INFO - 2024-04-25 05:57:09 --> Hooks Class Initialized
DEBUG - 2024-04-25 05:57:09 --> UTF-8 Support Enabled
INFO - 2024-04-25 05:57:09 --> Utf8 Class Initialized
INFO - 2024-04-25 05:57:09 --> URI Class Initialized
INFO - 2024-04-25 05:57:09 --> Router Class Initialized
INFO - 2024-04-25 05:57:09 --> Output Class Initialized
INFO - 2024-04-25 05:57:09 --> Security Class Initialized
DEBUG - 2024-04-25 05:57:09 --> Global POST, GET and COOKIE data sanitized
INFO - 2024-04-25 05:57:09 --> Input Class Initialized
INFO - 2024-04-25 05:57:09 --> Language Class Initialized
INFO - 2024-04-25 05:57:09 --> Loader Class Initialized
INFO - 2024-04-25 05:57:09 --> Helper loaded: url_helper
INFO - 2024-04-25 05:57:09 --> Database Driver Class Initialized
INFO - 2024-04-25 05:57:09 --> Controller Class Initialized
INFO - 2024-04-25 05:57:09 --> Model "Mconfigkey" initialized
INFO - 2024-04-25 05:57:09 --> Model "Mgoods_stuffing" initialized
INFO - 2024-04-25 05:57:11 --> Final output sent to browser
DEBUG - 2024-04-25 05:57:11 --> Total execution time: 2.1850
INFO - 2024-04-25 06:01:20 --> Config Class Initialized
INFO - 2024-04-25 06:01:20 --> Hooks Class Initialized
DEBUG - 2024-04-25 06:01:20 --> UTF-8 Support Enabled
INFO - 2024-04-25 06:01:20 --> Utf8 Class Initialized
INFO - 2024-04-25 06:01:20 --> URI Class Initialized
INFO - 2024-04-25 06:01:20 --> Router Class Initialized
INFO - 2024-04-25 06:01:20 --> Output Class Initialized
INFO - 2024-04-25 06:01:20 --> Security Class Initialized
DEBUG - 2024-04-25 06:01:20 --> Global POST, GET and COOKIE data sanitized
INFO - 2024-04-25 06:01:20 --> Input Class Initialized
INFO - 2024-04-25 06:01:20 --> Language Class Initialized
INFO - 2024-04-25 06:01:20 --> Loader Class Initialized
INFO - 2024-04-25 06:01:20 --> Helper loaded: url_helper
INFO - 2024-04-25 06:01:20 --> Database Driver Class Initialized
INFO - 2024-04-25 06:01:20 --> Controller Class Initialized
INFO - 2024-04-25 06:01:20 --> Model "Mconfigkey" initialized
INFO - 2024-04-25 06:01:20 --> Final output sent to browser
DEBUG - 2024-04-25 06:01:20 --> Total execution time: 0.0203
INFO - 2024-04-25 06:01:24 --> Config Class Initialized
INFO - 2024-04-25 06:01:24 --> Hooks Class Initialized
DEBUG - 2024-04-25 06:01:24 --> UTF-8 Support Enabled
INFO - 2024-04-25 06:01:24 --> Utf8 Class Initialized
INFO - 2024-04-25 06:01:24 --> URI Class Initialized
INFO - 2024-04-25 06:01:24 --> Router Class Initialized
INFO - 2024-04-25 06:01:24 --> Output Class Initialized
INFO - 2024-04-25 06:01:24 --> Security Class Initialized
DEBUG - 2024-04-25 06:01:24 --> Global POST, GET and COOKIE data sanitized
INFO - 2024-04-25 06:01:24 --> Input Class Initialized
INFO - 2024-04-25 06:01:24 --> Language Class Initialized
INFO - 2024-04-25 06:01:24 --> Loader Class Initialized
INFO - 2024-04-25 06:01:24 --> Helper loaded: url_helper
INFO - 2024-04-25 06:01:24 --> Database Driver Class Initialized
INFO - 2024-04-25 06:01:24 --> Controller Class Initialized
INFO - 2024-04-25 06:01:24 --> Model "Mconfigkey" initialized
INFO - 2024-04-25 06:01:24 --> Model "Mgoods_stuffing" initialized
INFO - 2024-04-25 06:01:24 --> Final output sent to browser
DEBUG - 2024-04-25 06:01:24 --> Total execution time: 0.0362
INFO - 2024-04-25 06:01:27 --> Config Class Initialized
INFO - 2024-04-25 06:01:27 --> Hooks Class Initialized
DEBUG - 2024-04-25 06:01:27 --> UTF-8 Support Enabled
INFO - 2024-04-25 06:01:27 --> Utf8 Class Initialized
INFO - 2024-04-25 06:01:27 --> URI Class Initialized
INFO - 2024-04-25 06:01:27 --> Router Class Initialized
INFO - 2024-04-25 06:01:27 --> Output Class Initialized
INFO - 2024-04-25 06:01:27 --> Security Class Initialized
DEBUG - 2024-04-25 06:01:27 --> Global POST, GET and COOKIE data sanitized
INFO - 2024-04-25 06:01:27 --> Input Class Initialized
INFO - 2024-04-25 06:01:27 --> Language Class Initialized
INFO - 2024-04-25 06:01:27 --> Loader Class Initialized
INFO - 2024-04-25 06:01:27 --> Helper loaded: url_helper
INFO - 2024-04-25 06:01:27 --> Database Driver Class Initialized
INFO - 2024-04-25 06:01:27 --> Controller Class Initialized
INFO - 2024-04-25 06:01:27 --> Model "Mconfigkey" initialized
INFO - 2024-04-25 06:01:27 --> Model "Mgoods_stuffing" initialized
INFO - 2024-04-25 06:01:27 --> Final output sent to browser
DEBUG - 2024-04-25 06:01:27 --> Total execution time: 0.0204
INFO - 2024-04-25 06:01:29 --> Config Class Initialized
INFO - 2024-04-25 06:01:29 --> Hooks Class Initialized
DEBUG - 2024-04-25 06:01:29 --> UTF-8 Support Enabled
INFO - 2024-04-25 06:01:29 --> Utf8 Class Initialized
INFO - 2024-04-25 06:01:29 --> URI Class Initialized
INFO - 2024-04-25 06:01:29 --> Router Class Initialized
INFO - 2024-04-25 06:01:29 --> Output Class Initialized
INFO - 2024-04-25 06:01:29 --> Security Class Initialized
DEBUG - 2024-04-25 06:01:29 --> Global POST, GET and COOKIE data sanitized
INFO - 2024-04-25 06:01:29 --> Input Class Initialized
INFO - 2024-04-25 06:01:29 --> Language Class Initialized
INFO - 2024-04-25 06:01:29 --> Loader Class Initialized
INFO - 2024-04-25 06:01:29 --> Helper loaded: url_helper
INFO - 2024-04-25 06:01:29 --> Database Driver Class Initialized
INFO - 2024-04-25 06:01:29 --> Controller Class Initialized
INFO - 2024-04-25 06:01:29 --> Model "Mconfigkey" initialized
INFO - 2024-04-25 06:01:29 --> Model "Mgoods_stuffing" initialized
INFO - 2024-04-25 06:01:34 --> Final output sent to browser
DEBUG - 2024-04-25 06:01:34 --> Total execution time: 4.3688
INFO - 2024-04-25 06:01:35 --> Config Class Initialized
INFO - 2024-04-25 06:01:35 --> Hooks Class Initialized
DEBUG - 2024-04-25 06:01:35 --> UTF-8 Support Enabled
INFO - 2024-04-25 06:01:35 --> Utf8 Class Initialized
INFO - 2024-04-25 06:01:35 --> URI Class Initialized
INFO - 2024-04-25 06:01:35 --> Router Class Initialized
INFO - 2024-04-25 06:01:35 --> Output Class Initialized
INFO - 2024-04-25 06:01:35 --> Security Class Initialized
DEBUG - 2024-04-25 06:01:35 --> Global POST, GET and COOKIE data sanitized
INFO - 2024-04-25 06:01:35 --> Input Class Initialized
INFO - 2024-04-25 06:01:35 --> Language Class Initialized
INFO - 2024-04-25 06:01:35 --> Loader Class Initialized
INFO - 2024-04-25 06:01:35 --> Helper loaded: url_helper
INFO - 2024-04-25 06:01:35 --> Database Driver Class Initialized
INFO - 2024-04-25 06:01:35 --> Controller Class Initialized
INFO - 2024-04-25 06:01:35 --> Model "Mconfigkey" initialized
INFO - 2024-04-25 06:01:35 --> Model "Mgoods_stuffing" initialized
INFO - 2024-04-25 06:01:37 --> Final output sent to browser
DEBUG - 2024-04-25 06:01:37 --> Total execution time: 2.2009
INFO - 2024-04-25 06:02:20 --> Config Class Initialized
INFO - 2024-04-25 06:02:20 --> Hooks Class Initialized
DEBUG - 2024-04-25 06:02:20 --> UTF-8 Support Enabled
INFO - 2024-04-25 06:02:20 --> Utf8 Class Initialized
INFO - 2024-04-25 06:02:20 --> URI Class Initialized
INFO - 2024-04-25 06:02:20 --> Router Class Initialized
INFO - 2024-04-25 06:02:20 --> Output Class Initialized
INFO - 2024-04-25 06:02:20 --> Security Class Initialized
DEBUG - 2024-04-25 06:02:20 --> Global POST, GET and COOKIE data sanitized
INFO - 2024-04-25 06:02:20 --> Input Class Initialized
INFO - 2024-04-25 06:02:20 --> Language Class Initialized
INFO - 2024-04-25 06:02:20 --> Loader Class Initialized
INFO - 2024-04-25 06:02:20 --> Helper loaded: url_helper
INFO - 2024-04-25 06:02:20 --> Database Driver Class Initialized
INFO - 2024-04-25 06:02:20 --> Controller Class Initialized
INFO - 2024-04-25 06:02:20 --> Model "Mconfigkey" initialized
INFO - 2024-04-25 06:02:20 --> Final output sent to browser
DEBUG - 2024-04-25 06:02:20 --> Total execution time: 0.0198
INFO - 2024-04-25 06:02:26 --> Config Class Initialized
INFO - 2024-04-25 06:02:26 --> Hooks Class Initialized
DEBUG - 2024-04-25 06:02:26 --> UTF-8 Support Enabled
INFO - 2024-04-25 06:02:26 --> Utf8 Class Initialized
INFO - 2024-04-25 06:02:26 --> URI Class Initialized
INFO - 2024-04-25 06:02:26 --> Router Class Initialized
INFO - 2024-04-25 06:02:26 --> Output Class Initialized
INFO - 2024-04-25 06:02:26 --> Security Class Initialized
DEBUG - 2024-04-25 06:02:26 --> Global POST, GET and COOKIE data sanitized
INFO - 2024-04-25 06:02:26 --> Input Class Initialized
INFO - 2024-04-25 06:02:26 --> Language Class Initialized
INFO - 2024-04-25 06:02:26 --> Loader Class Initialized
INFO - 2024-04-25 06:02:26 --> Helper loaded: url_helper
INFO - 2024-04-25 06:02:26 --> Database Driver Class Initialized
INFO - 2024-04-25 06:02:26 --> Controller Class Initialized
INFO - 2024-04-25 06:02:26 --> Model "Mconfigkey" initialized
INFO - 2024-04-25 06:02:26 --> Model "Mgoods_stuffing" initialized
INFO - 2024-04-25 06:02:26 --> Final output sent to browser
DEBUG - 2024-04-25 06:02:26 --> Total execution time: 0.0351
INFO - 2024-04-25 06:02:28 --> Config Class Initialized
INFO - 2024-04-25 06:02:28 --> Hooks Class Initialized
DEBUG - 2024-04-25 06:02:28 --> UTF-8 Support Enabled
INFO - 2024-04-25 06:02:28 --> Utf8 Class Initialized
INFO - 2024-04-25 06:02:28 --> URI Class Initialized
INFO - 2024-04-25 06:02:28 --> Router Class Initialized
INFO - 2024-04-25 06:02:28 --> Output Class Initialized
INFO - 2024-04-25 06:02:28 --> Security Class Initialized
DEBUG - 2024-04-25 06:02:28 --> Global POST, GET and COOKIE data sanitized
INFO - 2024-04-25 06:02:28 --> Input Class Initialized
INFO - 2024-04-25 06:02:28 --> Language Class Initialized
INFO - 2024-04-25 06:02:28 --> Loader Class Initialized
INFO - 2024-04-25 06:02:28 --> Helper loaded: url_helper
INFO - 2024-04-25 06:02:28 --> Database Driver Class Initialized
INFO - 2024-04-25 06:02:28 --> Controller Class Initialized
INFO - 2024-04-25 06:02:28 --> Model "Mconfigkey" initialized
INFO - 2024-04-25 06:02:28 --> Model "Mgoods_stuffing" initialized
INFO - 2024-04-25 06:02:28 --> Final output sent to browser
DEBUG - 2024-04-25 06:02:28 --> Total execution time: 0.0204
INFO - 2024-04-25 06:02:29 --> Config Class Initialized
INFO - 2024-04-25 06:02:29 --> Hooks Class Initialized
DEBUG - 2024-04-25 06:02:29 --> UTF-8 Support Enabled
INFO - 2024-04-25 06:02:29 --> Utf8 Class Initialized
INFO - 2024-04-25 06:02:29 --> URI Class Initialized
INFO - 2024-04-25 06:02:29 --> Router Class Initialized
INFO - 2024-04-25 06:02:29 --> Output Class Initialized
INFO - 2024-04-25 06:02:29 --> Security Class Initialized
DEBUG - 2024-04-25 06:02:29 --> Global POST, GET and COOKIE data sanitized
INFO - 2024-04-25 06:02:29 --> Input Class Initialized
INFO - 2024-04-25 06:02:29 --> Language Class Initialized
INFO - 2024-04-25 06:02:29 --> Loader Class Initialized
INFO - 2024-04-25 06:02:29 --> Helper loaded: url_helper
INFO - 2024-04-25 06:02:29 --> Database Driver Class Initialized
INFO - 2024-04-25 06:02:29 --> Controller Class Initialized
INFO - 2024-04-25 06:02:29 --> Model "Mconfigkey" initialized
INFO - 2024-04-25 06:02:29 --> Model "Mgoods_stuffing" initialized
INFO - 2024-04-25 06:02:34 --> Final output sent to browser
DEBUG - 2024-04-25 06:02:34 --> Total execution time: 4.3777
INFO - 2024-04-25 06:02:35 --> Config Class Initialized
INFO - 2024-04-25 06:02:35 --> Hooks Class Initialized
DEBUG - 2024-04-25 06:02:35 --> UTF-8 Support Enabled
INFO - 2024-04-25 06:02:35 --> Utf8 Class Initialized
INFO - 2024-04-25 06:02:35 --> URI Class Initialized
INFO - 2024-04-25 06:02:35 --> Router Class Initialized
INFO - 2024-04-25 06:02:35 --> Output Class Initialized
INFO - 2024-04-25 06:02:35 --> Security Class Initialized
DEBUG - 2024-04-25 06:02:35 --> Global POST, GET and COOKIE data sanitized
INFO - 2024-04-25 06:02:35 --> Input Class Initialized
INFO - 2024-04-25 06:02:35 --> Language Class Initialized
INFO - 2024-04-25 06:02:35 --> Loader Class Initialized
INFO - 2024-04-25 06:02:35 --> Helper loaded: url_helper
INFO - 2024-04-25 06:02:35 --> Database Driver Class Initialized
INFO - 2024-04-25 06:02:35 --> Controller Class Initialized
INFO - 2024-04-25 06:02:35 --> Model "Mconfigkey" initialized
INFO - 2024-04-25 06:02:35 --> Model "Mgoods_stuffing" initialized
INFO - 2024-04-25 06:02:37 --> Final output sent to browser
DEBUG - 2024-04-25 06:02:37 --> Total execution time: 2.2377
INFO - 2024-04-25 06:04:34 --> Config Class Initialized
INFO - 2024-04-25 06:04:34 --> Hooks Class Initialized
DEBUG - 2024-04-25 06:04:34 --> UTF-8 Support Enabled
INFO - 2024-04-25 06:04:34 --> Utf8 Class Initialized
INFO - 2024-04-25 06:04:34 --> URI Class Initialized
INFO - 2024-04-25 06:04:34 --> Router Class Initialized
INFO - 2024-04-25 06:04:34 --> Output Class Initialized
INFO - 2024-04-25 06:04:34 --> Security Class Initialized
DEBUG - 2024-04-25 06:04:34 --> Global POST, GET and COOKIE data sanitized
INFO - 2024-04-25 06:04:34 --> Input Class Initialized
INFO - 2024-04-25 06:04:34 --> Language Class Initialized
INFO - 2024-04-25 06:04:34 --> Loader Class Initialized
INFO - 2024-04-25 06:04:34 --> Helper loaded: url_helper
INFO - 2024-04-25 06:04:34 --> Database Driver Class Initialized
INFO - 2024-04-25 06:04:34 --> Controller Class Initialized
INFO - 2024-04-25 06:04:34 --> Model "Mconfigkey" initialized
INFO - 2024-04-25 06:04:34 --> Final output sent to browser
DEBUG - 2024-04-25 06:04:34 --> Total execution time: 0.0204
INFO - 2024-04-25 06:04:39 --> Config Class Initialized
INFO - 2024-04-25 06:04:39 --> Hooks Class Initialized
DEBUG - 2024-04-25 06:04:39 --> UTF-8 Support Enabled
INFO - 2024-04-25 06:04:39 --> Utf8 Class Initialized
INFO - 2024-04-25 06:04:39 --> URI Class Initialized
INFO - 2024-04-25 06:04:39 --> Router Class Initialized
INFO - 2024-04-25 06:04:39 --> Output Class Initialized
INFO - 2024-04-25 06:04:39 --> Security Class Initialized
DEBUG - 2024-04-25 06:04:39 --> Global POST, GET and COOKIE data sanitized
INFO - 2024-04-25 06:04:39 --> Input Class Initialized
INFO - 2024-04-25 06:04:39 --> Language Class Initialized
INFO - 2024-04-25 06:04:39 --> Loader Class Initialized
INFO - 2024-04-25 06:04:39 --> Helper loaded: url_helper
INFO - 2024-04-25 06:04:39 --> Database Driver Class Initialized
INFO - 2024-04-25 06:04:39 --> Controller Class Initialized
INFO - 2024-04-25 06:04:39 --> Model "Mconfigkey" initialized
INFO - 2024-04-25 06:04:39 --> Model "Mgoods_stuffing" initialized
INFO - 2024-04-25 06:04:39 --> Final output sent to browser
DEBUG - 2024-04-25 06:04:39 --> Total execution time: 0.0343
INFO - 2024-04-25 06:04:41 --> Config Class Initialized
INFO - 2024-04-25 06:04:41 --> Hooks Class Initialized
DEBUG - 2024-04-25 06:04:41 --> UTF-8 Support Enabled
INFO - 2024-04-25 06:04:41 --> Utf8 Class Initialized
INFO - 2024-04-25 06:04:41 --> URI Class Initialized
INFO - 2024-04-25 06:04:41 --> Router Class Initialized
INFO - 2024-04-25 06:04:41 --> Output Class Initialized
INFO - 2024-04-25 06:04:41 --> Security Class Initialized
DEBUG - 2024-04-25 06:04:41 --> Global POST, GET and COOKIE data sanitized
INFO - 2024-04-25 06:04:41 --> Input Class Initialized
INFO - 2024-04-25 06:04:41 --> Language Class Initialized
INFO - 2024-04-25 06:04:41 --> Loader Class Initialized
INFO - 2024-04-25 06:04:41 --> Helper loaded: url_helper
INFO - 2024-04-25 06:04:41 --> Database Driver Class Initialized
INFO - 2024-04-25 06:04:41 --> Controller Class Initialized
INFO - 2024-04-25 06:04:41 --> Model "Mconfigkey" initialized
INFO - 2024-04-25 06:04:41 --> Model "Mgoods_stuffing" initialized
INFO - 2024-04-25 06:04:41 --> Final output sent to browser
DEBUG - 2024-04-25 06:04:41 --> Total execution time: 0.0208
INFO - 2024-04-25 06:04:43 --> Config Class Initialized
INFO - 2024-04-25 06:04:43 --> Hooks Class Initialized
DEBUG - 2024-04-25 06:04:43 --> UTF-8 Support Enabled
INFO - 2024-04-25 06:04:43 --> Utf8 Class Initialized
INFO - 2024-04-25 06:04:43 --> URI Class Initialized
INFO - 2024-04-25 06:04:43 --> Router Class Initialized
INFO - 2024-04-25 06:04:43 --> Output Class Initialized
INFO - 2024-04-25 06:04:43 --> Security Class Initialized
DEBUG - 2024-04-25 06:04:43 --> Global POST, GET and COOKIE data sanitized
INFO - 2024-04-25 06:04:43 --> Input Class Initialized
INFO - 2024-04-25 06:04:43 --> Language Class Initialized
INFO - 2024-04-25 06:04:43 --> Loader Class Initialized
INFO - 2024-04-25 06:04:43 --> Helper loaded: url_helper
INFO - 2024-04-25 06:04:43 --> Database Driver Class Initialized
INFO - 2024-04-25 06:04:43 --> Controller Class Initialized
INFO - 2024-04-25 06:04:43 --> Model "Mconfigkey" initialized
INFO - 2024-04-25 06:04:43 --> Model "Mgoods_stuffing" initialized
INFO - 2024-04-25 06:04:47 --> Final output sent to browser
DEBUG - 2024-04-25 06:04:47 --> Total execution time: 4.3667
INFO - 2024-04-25 06:04:48 --> Config Class Initialized
INFO - 2024-04-25 06:04:48 --> Hooks Class Initialized
DEBUG - 2024-04-25 06:04:48 --> UTF-8 Support Enabled
INFO - 2024-04-25 06:04:48 --> Utf8 Class Initialized
INFO - 2024-04-25 06:04:48 --> URI Class Initialized
INFO - 2024-04-25 06:04:48 --> Router Class Initialized
INFO - 2024-04-25 06:04:48 --> Output Class Initialized
INFO - 2024-04-25 06:04:48 --> Security Class Initialized
DEBUG - 2024-04-25 06:04:48 --> Global POST, GET and COOKIE data sanitized
INFO - 2024-04-25 06:04:48 --> Input Class Initialized
INFO - 2024-04-25 06:04:48 --> Language Class Initialized
INFO - 2024-04-25 06:04:48 --> Loader Class Initialized
INFO - 2024-04-25 06:04:48 --> Helper loaded: url_helper
INFO - 2024-04-25 06:04:48 --> Database Driver Class Initialized
INFO - 2024-04-25 06:04:48 --> Controller Class Initialized
INFO - 2024-04-25 06:04:48 --> Model "Mconfigkey" initialized
INFO - 2024-04-25 06:04:48 --> Model "Mgoods_stuffing" initialized
INFO - 2024-04-25 06:04:50 --> Final output sent to browser
DEBUG - 2024-04-25 06:04:50 --> Total execution time: 2.1941
INFO - 2024-04-25 06:04:59 --> Config Class Initialized
INFO - 2024-04-25 06:04:59 --> Hooks Class Initialized
DEBUG - 2024-04-25 06:04:59 --> UTF-8 Support Enabled
INFO - 2024-04-25 06:04:59 --> Utf8 Class Initialized
INFO - 2024-04-25 06:04:59 --> URI Class Initialized
INFO - 2024-04-25 06:04:59 --> Router Class Initialized
INFO - 2024-04-25 06:04:59 --> Output Class Initialized
INFO - 2024-04-25 06:04:59 --> Security Class Initialized
DEBUG - 2024-04-25 06:04:59 --> Global POST, GET and COOKIE data sanitized
INFO - 2024-04-25 06:04:59 --> Input Class Initialized
INFO - 2024-04-25 06:04:59 --> Language Class Initialized
INFO - 2024-04-25 06:04:59 --> Loader Class Initialized
INFO - 2024-04-25 06:04:59 --> Helper loaded: url_helper
INFO - 2024-04-25 06:04:59 --> Database Driver Class Initialized
INFO - 2024-04-25 06:04:59 --> Controller Class Initialized
INFO - 2024-04-25 06:04:59 --> Model "Mconfigkey" initialized
INFO - 2024-04-25 06:04:59 --> Model "Mgoods_stuffing" initialized
INFO - 2024-04-25 06:05:03 --> Final output sent to browser
DEBUG - 2024-04-25 06:05:03 --> Total execution time: 4.3729
INFO - 2024-04-25 06:06:40 --> Config Class Initialized
INFO - 2024-04-25 06:06:40 --> Hooks Class Initialized
DEBUG - 2024-04-25 06:06:40 --> UTF-8 Support Enabled
INFO - 2024-04-25 06:06:40 --> Utf8 Class Initialized
INFO - 2024-04-25 06:06:40 --> URI Class Initialized
INFO - 2024-04-25 06:06:40 --> Router Class Initialized
INFO - 2024-04-25 06:06:40 --> Output Class Initialized
INFO - 2024-04-25 06:06:40 --> Security Class Initialized
DEBUG - 2024-04-25 06:06:40 --> Global POST, GET and COOKIE data sanitized
INFO - 2024-04-25 06:06:40 --> Input Class Initialized
INFO - 2024-04-25 06:06:40 --> Language Class Initialized
INFO - 2024-04-25 06:06:40 --> Loader Class Initialized
INFO - 2024-04-25 06:06:40 --> Helper loaded: url_helper
INFO - 2024-04-25 06:06:40 --> Database Driver Class Initialized
INFO - 2024-04-25 06:06:40 --> Controller Class Initialized
INFO - 2024-04-25 06:06:40 --> Model "Mconfigkey" initialized
INFO - 2024-04-25 06:06:40 --> Final output sent to browser
DEBUG - 2024-04-25 06:06:40 --> Total execution time: 0.0204
INFO - 2024-04-25 06:07:03 --> Config Class Initialized
INFO - 2024-04-25 06:07:03 --> Hooks Class Initialized
DEBUG - 2024-04-25 06:07:03 --> UTF-8 Support Enabled
INFO - 2024-04-25 06:07:03 --> Utf8 Class Initialized
INFO - 2024-04-25 06:07:03 --> URI Class Initialized
INFO - 2024-04-25 06:07:03 --> Router Class Initialized
INFO - 2024-04-25 06:07:03 --> Output Class Initialized
INFO - 2024-04-25 06:07:03 --> Security Class Initialized
DEBUG - 2024-04-25 06:07:03 --> Global POST, GET and COOKIE data sanitized
INFO - 2024-04-25 06:07:03 --> Input Class Initialized
INFO - 2024-04-25 06:07:03 --> Language Class Initialized
INFO - 2024-04-25 06:07:03 --> Loader Class Initialized
INFO - 2024-04-25 06:07:03 --> Helper loaded: url_helper
INFO - 2024-04-25 06:07:03 --> Database Driver Class Initialized
INFO - 2024-04-25 06:07:03 --> Controller Class Initialized
INFO - 2024-04-25 06:07:03 --> Model "Mconfigkey" initialized
INFO - 2024-04-25 06:07:03 --> Model "Mgoods_stuffing" initialized
INFO - 2024-04-25 06:07:03 --> Final output sent to browser
DEBUG - 2024-04-25 06:07:03 --> Total execution time: 0.0355
INFO - 2024-04-25 06:07:05 --> Config Class Initialized
INFO - 2024-04-25 06:07:05 --> Hooks Class Initialized
DEBUG - 2024-04-25 06:07:05 --> UTF-8 Support Enabled
INFO - 2024-04-25 06:07:05 --> Utf8 Class Initialized
INFO - 2024-04-25 06:07:05 --> URI Class Initialized
INFO - 2024-04-25 06:07:05 --> Router Class Initialized
INFO - 2024-04-25 06:07:05 --> Output Class Initialized
INFO - 2024-04-25 06:07:05 --> Security Class Initialized
DEBUG - 2024-04-25 06:07:05 --> Global POST, GET and COOKIE data sanitized
INFO - 2024-04-25 06:07:05 --> Input Class Initialized
INFO - 2024-04-25 06:07:05 --> Language Class Initialized
INFO - 2024-04-25 06:07:05 --> Loader Class Initialized
INFO - 2024-04-25 06:07:05 --> Helper loaded: url_helper
INFO - 2024-04-25 06:07:05 --> Database Driver Class Initialized
INFO - 2024-04-25 06:07:05 --> Controller Class Initialized
INFO - 2024-04-25 06:07:05 --> Model "Mconfigkey" initialized
INFO - 2024-04-25 06:07:05 --> Model "Mgoods_stuffing" initialized
INFO - 2024-04-25 06:07:05 --> Final output sent to browser
DEBUG - 2024-04-25 06:07:05 --> Total execution time: 0.0208
INFO - 2024-04-25 06:07:12 --> Config Class Initialized
INFO - 2024-04-25 06:07:12 --> Hooks Class Initialized
DEBUG - 2024-04-25 06:07:12 --> UTF-8 Support Enabled
INFO - 2024-04-25 06:07:12 --> Utf8 Class Initialized
INFO - 2024-04-25 06:07:12 --> URI Class Initialized
INFO - 2024-04-25 06:07:12 --> Router Class Initialized
INFO - 2024-04-25 06:07:12 --> Output Class Initialized
INFO - 2024-04-25 06:07:12 --> Security Class Initialized
DEBUG - 2024-04-25 06:07:12 --> Global POST, GET and COOKIE data sanitized
INFO - 2024-04-25 06:07:12 --> Input Class Initialized
INFO - 2024-04-25 06:07:12 --> Language Class Initialized
INFO - 2024-04-25 06:07:12 --> Loader Class Initialized
INFO - 2024-04-25 06:07:12 --> Helper loaded: url_helper
INFO - 2024-04-25 06:07:12 --> Database Driver Class Initialized
INFO - 2024-04-25 06:07:12 --> Controller Class Initialized
INFO - 2024-04-25 06:07:12 --> Model "Mconfigkey" initialized
INFO - 2024-04-25 06:07:12 --> Model "Mgoods_stuffing" initialized
INFO - 2024-04-25 06:07:16 --> Final output sent to browser
DEBUG - 2024-04-25 06:07:16 --> Total execution time: 4.4563
INFO - 2024-04-25 06:07:19 --> Config Class Initialized
INFO - 2024-04-25 06:07:19 --> Hooks Class Initialized
DEBUG - 2024-04-25 06:07:19 --> UTF-8 Support Enabled
INFO - 2024-04-25 06:07:19 --> Utf8 Class Initialized
INFO - 2024-04-25 06:07:19 --> URI Class Initialized
INFO - 2024-04-25 06:07:19 --> Router Class Initialized
INFO - 2024-04-25 06:07:19 --> Output Class Initialized
INFO - 2024-04-25 06:07:19 --> Security Class Initialized
DEBUG - 2024-04-25 06:07:19 --> Global POST, GET and COOKIE data sanitized
INFO - 2024-04-25 06:07:19 --> Input Class Initialized
INFO - 2024-04-25 06:07:19 --> Language Class Initialized
INFO - 2024-04-25 06:07:19 --> Loader Class Initialized
INFO - 2024-04-25 06:07:19 --> Helper loaded: url_helper
INFO - 2024-04-25 06:07:19 --> Database Driver Class Initialized
INFO - 2024-04-25 06:07:19 --> Controller Class Initialized
INFO - 2024-04-25 06:07:19 --> Model "Mconfigkey" initialized
INFO - 2024-04-25 06:07:19 --> Model "Mgoods_stuffing" initialized
INFO - 2024-04-25 06:07:21 --> Final output sent to browser
DEBUG - 2024-04-25 06:07:21 --> Total execution time: 2.1725
INFO - 2024-04-25 06:08:38 --> Config Class Initialized
INFO - 2024-04-25 06:08:38 --> Hooks Class Initialized
DEBUG - 2024-04-25 06:08:38 --> UTF-8 Support Enabled
INFO - 2024-04-25 06:08:38 --> Utf8 Class Initialized
INFO - 2024-04-25 06:08:38 --> URI Class Initialized
INFO - 2024-04-25 06:08:38 --> Router Class Initialized
INFO - 2024-04-25 06:08:38 --> Output Class Initialized
INFO - 2024-04-25 06:08:38 --> Security Class Initialized
DEBUG - 2024-04-25 06:08:38 --> Global POST, GET and COOKIE data sanitized
INFO - 2024-04-25 06:08:38 --> Input Class Initialized
INFO - 2024-04-25 06:08:38 --> Language Class Initialized
INFO - 2024-04-25 06:08:38 --> Loader Class Initialized
INFO - 2024-04-25 06:08:38 --> Helper loaded: url_helper
INFO - 2024-04-25 06:08:38 --> Database Driver Class Initialized
INFO - 2024-04-25 06:08:38 --> Controller Class Initialized
INFO - 2024-04-25 06:08:38 --> Model "Mconfigkey" initialized
INFO - 2024-04-25 06:08:38 --> Model "Mgoods_stuffing" initialized
INFO - 2024-04-25 06:08:42 --> Final output sent to browser
DEBUG - 2024-04-25 06:08:42 --> Total execution time: 4.3745
INFO - 2024-04-25 06:08:44 --> Config Class Initialized
INFO - 2024-04-25 06:08:44 --> Hooks Class Initialized
DEBUG - 2024-04-25 06:08:44 --> UTF-8 Support Enabled
INFO - 2024-04-25 06:08:44 --> Utf8 Class Initialized
INFO - 2024-04-25 06:08:44 --> URI Class Initialized
INFO - 2024-04-25 06:08:44 --> Router Class Initialized
INFO - 2024-04-25 06:08:44 --> Output Class Initialized
INFO - 2024-04-25 06:08:44 --> Security Class Initialized
DEBUG - 2024-04-25 06:08:44 --> Global POST, GET and COOKIE data sanitized
INFO - 2024-04-25 06:08:44 --> Input Class Initialized
INFO - 2024-04-25 06:08:44 --> Language Class Initialized
INFO - 2024-04-25 06:08:44 --> Loader Class Initialized
INFO - 2024-04-25 06:08:44 --> Helper loaded: url_helper
INFO - 2024-04-25 06:08:44 --> Database Driver Class Initialized
INFO - 2024-04-25 06:08:44 --> Controller Class Initialized
INFO - 2024-04-25 06:08:44 --> Model "Mconfigkey" initialized
INFO - 2024-04-25 06:08:44 --> Model "Mgoods_stuffing" initialized
INFO - 2024-04-25 06:08:46 --> Final output sent to browser
DEBUG - 2024-04-25 06:08:46 --> Total execution time: 2.1934
INFO - 2024-04-25 06:09:11 --> Config Class Initialized
INFO - 2024-04-25 06:09:11 --> Hooks Class Initialized
DEBUG - 2024-04-25 06:09:11 --> UTF-8 Support Enabled
INFO - 2024-04-25 06:09:11 --> Utf8 Class Initialized
INFO - 2024-04-25 06:09:11 --> URI Class Initialized
INFO - 2024-04-25 06:09:11 --> Router Class Initialized
INFO - 2024-04-25 06:09:11 --> Output Class Initialized
INFO - 2024-04-25 06:09:11 --> Security Class Initialized
DEBUG - 2024-04-25 06:09:11 --> Global POST, GET and COOKIE data sanitized
INFO - 2024-04-25 06:09:11 --> Input Class Initialized
INFO - 2024-04-25 06:09:11 --> Language Class Initialized
INFO - 2024-04-25 06:09:11 --> Loader Class Initialized
INFO - 2024-04-25 06:09:11 --> Helper loaded: url_helper
INFO - 2024-04-25 06:09:11 --> Database Driver Class Initialized
INFO - 2024-04-25 06:09:11 --> Controller Class Initialized
INFO - 2024-04-25 06:09:11 --> Model "Mconfigkey" initialized
INFO - 2024-04-25 06:09:11 --> Final output sent to browser
DEBUG - 2024-04-25 06:09:11 --> Total execution time: 0.0198
INFO - 2024-04-25 06:09:16 --> Config Class Initialized
INFO - 2024-04-25 06:09:16 --> Hooks Class Initialized
DEBUG - 2024-04-25 06:09:16 --> UTF-8 Support Enabled
INFO - 2024-04-25 06:09:16 --> Utf8 Class Initialized
INFO - 2024-04-25 06:09:16 --> URI Class Initialized
INFO - 2024-04-25 06:09:16 --> Router Class Initialized
INFO - 2024-04-25 06:09:16 --> Output Class Initialized
INFO - 2024-04-25 06:09:16 --> Security Class Initialized
DEBUG - 2024-04-25 06:09:16 --> Global POST, GET and COOKIE data sanitized
INFO - 2024-04-25 06:09:16 --> Input Class Initialized
INFO - 2024-04-25 06:09:16 --> Language Class Initialized
INFO - 2024-04-25 06:09:16 --> Loader Class Initialized
INFO - 2024-04-25 06:09:16 --> Helper loaded: url_helper
INFO - 2024-04-25 06:09:16 --> Database Driver Class Initialized
INFO - 2024-04-25 06:09:16 --> Controller Class Initialized
INFO - 2024-04-25 06:09:16 --> Model "Mconfigkey" initialized
INFO - 2024-04-25 06:09:16 --> Model "Mgoods_stuffing" initialized
INFO - 2024-04-25 06:09:16 --> Final output sent to browser
DEBUG - 2024-04-25 06:09:16 --> Total execution time: 0.0361
INFO - 2024-04-25 06:09:20 --> Config Class Initialized
INFO - 2024-04-25 06:09:20 --> Hooks Class Initialized
DEBUG - 2024-04-25 06:09:20 --> UTF-8 Support Enabled
INFO - 2024-04-25 06:09:20 --> Utf8 Class Initialized
INFO - 2024-04-25 06:09:20 --> URI Class Initialized
INFO - 2024-04-25 06:09:20 --> Router Class Initialized
INFO - 2024-04-25 06:09:20 --> Output Class Initialized
INFO - 2024-04-25 06:09:20 --> Security Class Initialized
DEBUG - 2024-04-25 06:09:20 --> Global POST, GET and COOKIE data sanitized
INFO - 2024-04-25 06:09:20 --> Input Class Initialized
INFO - 2024-04-25 06:09:20 --> Language Class Initialized
INFO - 2024-04-25 06:09:20 --> Loader Class Initialized
INFO - 2024-04-25 06:09:20 --> Helper loaded: url_helper
INFO - 2024-04-25 06:09:20 --> Database Driver Class Initialized
INFO - 2024-04-25 06:09:20 --> Controller Class Initialized
INFO - 2024-04-25 06:09:20 --> Model "Mconfigkey" initialized
INFO - 2024-04-25 06:09:20 --> Model "Mgoods_stuffing" initialized
INFO - 2024-04-25 06:09:20 --> Final output sent to browser
DEBUG - 2024-04-25 06:09:20 --> Total execution time: 0.0207
INFO - 2024-04-25 06:09:26 --> Config Class Initialized
INFO - 2024-04-25 06:09:26 --> Hooks Class Initialized
DEBUG - 2024-04-25 06:09:26 --> UTF-8 Support Enabled
INFO - 2024-04-25 06:09:26 --> Utf8 Class Initialized
INFO - 2024-04-25 06:09:26 --> URI Class Initialized
INFO - 2024-04-25 06:09:26 --> Router Class Initialized
INFO - 2024-04-25 06:09:26 --> Output Class Initialized
INFO - 2024-04-25 06:09:26 --> Security Class Initialized
DEBUG - 2024-04-25 06:09:26 --> Global POST, GET and COOKIE data sanitized
INFO - 2024-04-25 06:09:26 --> Input Class Initialized
INFO - 2024-04-25 06:09:26 --> Language Class Initialized
INFO - 2024-04-25 06:09:26 --> Loader Class Initialized
INFO - 2024-04-25 06:09:26 --> Helper loaded: url_helper
INFO - 2024-04-25 06:09:26 --> Database Driver Class Initialized
INFO - 2024-04-25 06:09:26 --> Controller Class Initialized
INFO - 2024-04-25 06:09:26 --> Model "Mconfigkey" initialized
INFO - 2024-04-25 06:09:26 --> Model "Mgoods_stuffing" initialized
INFO - 2024-04-25 06:09:30 --> Final output sent to browser
DEBUG - 2024-04-25 06:09:30 --> Total execution time: 4.4169
INFO - 2024-04-25 06:09:32 --> Config Class Initialized
INFO - 2024-04-25 06:09:32 --> Hooks Class Initialized
DEBUG - 2024-04-25 06:09:32 --> UTF-8 Support Enabled
INFO - 2024-04-25 06:09:32 --> Utf8 Class Initialized
INFO - 2024-04-25 06:09:32 --> URI Class Initialized
INFO - 2024-04-25 06:09:32 --> Router Class Initialized
INFO - 2024-04-25 06:09:32 --> Output Class Initialized
INFO - 2024-04-25 06:09:32 --> Security Class Initialized
DEBUG - 2024-04-25 06:09:32 --> Global POST, GET and COOKIE data sanitized
INFO - 2024-04-25 06:09:32 --> Input Class Initialized
INFO - 2024-04-25 06:09:32 --> Language Class Initialized
INFO - 2024-04-25 06:09:32 --> Loader Class Initialized
INFO - 2024-04-25 06:09:32 --> Helper loaded: url_helper
INFO - 2024-04-25 06:09:32 --> Database Driver Class Initialized
INFO - 2024-04-25 06:09:32 --> Controller Class Initialized
INFO - 2024-04-25 06:09:32 --> Model "Mconfigkey" initialized
INFO - 2024-04-25 06:09:32 --> Model "Mgoods_stuffing" initialized
INFO - 2024-04-25 06:09:34 --> Final output sent to browser
DEBUG - 2024-04-25 06:09:34 --> Total execution time: 2.2092
INFO - 2024-04-25 06:09:47 --> Config Class Initialized
INFO - 2024-04-25 06:09:47 --> Hooks Class Initialized
DEBUG - 2024-04-25 06:09:47 --> UTF-8 Support Enabled
INFO - 2024-04-25 06:09:47 --> Utf8 Class Initialized
INFO - 2024-04-25 06:09:47 --> URI Class Initialized
INFO - 2024-04-25 06:09:47 --> Router Class Initialized
INFO - 2024-04-25 06:09:47 --> Output Class Initialized
INFO - 2024-04-25 06:09:47 --> Security Class Initialized
DEBUG - 2024-04-25 06:09:47 --> Global POST, GET and COOKIE data sanitized
INFO - 2024-04-25 06:09:47 --> Input Class Initialized
INFO - 2024-04-25 06:09:47 --> Language Class Initialized
INFO - 2024-04-25 06:09:47 --> Loader Class Initialized
INFO - 2024-04-25 06:09:47 --> Helper loaded: url_helper
INFO - 2024-04-25 06:09:47 --> Database Driver Class Initialized
INFO - 2024-04-25 06:09:47 --> Controller Class Initialized
INFO - 2024-04-25 06:09:47 --> Model "Mconfigkey" initialized
INFO - 2024-04-25 06:09:47 --> Model "Mgoods_stuffing" initialized
INFO - 2024-04-25 06:09:51 --> Final output sent to browser
DEBUG - 2024-04-25 06:09:51 --> Total execution time: 4.3959
INFO - 2024-04-25 06:09:54 --> Config Class Initialized
INFO - 2024-04-25 06:09:54 --> Hooks Class Initialized
DEBUG - 2024-04-25 06:09:54 --> UTF-8 Support Enabled
INFO - 2024-04-25 06:09:54 --> Utf8 Class Initialized
INFO - 2024-04-25 06:09:54 --> URI Class Initialized
INFO - 2024-04-25 06:09:54 --> Router Class Initialized
INFO - 2024-04-25 06:09:54 --> Output Class Initialized
INFO - 2024-04-25 06:09:54 --> Security Class Initialized
DEBUG - 2024-04-25 06:09:54 --> Global POST, GET and COOKIE data sanitized
INFO - 2024-04-25 06:09:54 --> Input Class Initialized
INFO - 2024-04-25 06:09:54 --> Language Class Initialized
INFO - 2024-04-25 06:09:54 --> Loader Class Initialized
INFO - 2024-04-25 06:09:54 --> Helper loaded: url_helper
INFO - 2024-04-25 06:09:54 --> Database Driver Class Initialized
INFO - 2024-04-25 06:09:54 --> Controller Class Initialized
INFO - 2024-04-25 06:09:54 --> Model "Mconfigkey" initialized
INFO - 2024-04-25 06:09:54 --> Model "Mgoods_stuffing" initialized
INFO - 2024-04-25 06:09:56 --> Final output sent to browser
DEBUG - 2024-04-25 06:09:56 --> Total execution time: 2.1988
INFO - 2024-04-25 06:16:25 --> Config Class Initialized
INFO - 2024-04-25 06:16:25 --> Hooks Class Initialized
DEBUG - 2024-04-25 06:16:25 --> UTF-8 Support Enabled
INFO - 2024-04-25 06:16:25 --> Utf8 Class Initialized
INFO - 2024-04-25 06:16:25 --> URI Class Initialized
INFO - 2024-04-25 06:16:25 --> Router Class Initialized
INFO - 2024-04-25 06:16:25 --> Output Class Initialized
INFO - 2024-04-25 06:16:25 --> Security Class Initialized
DEBUG - 2024-04-25 06:16:25 --> Global POST, GET and COOKIE data sanitized
INFO - 2024-04-25 06:16:25 --> Input Class Initialized
INFO - 2024-04-25 06:16:25 --> Language Class Initialized
INFO - 2024-04-25 06:16:25 --> Loader Class Initialized
INFO - 2024-04-25 06:16:25 --> Helper loaded: url_helper
INFO - 2024-04-25 06:16:25 --> Database Driver Class Initialized
INFO - 2024-04-25 06:16:25 --> Controller Class Initialized
INFO - 2024-04-25 06:16:25 --> Model "Mconfigkey" initialized
INFO - 2024-04-25 06:16:25 --> Final output sent to browser
DEBUG - 2024-04-25 06:16:25 --> Total execution time: 0.0203
INFO - 2024-04-25 06:16:29 --> Config Class Initialized
INFO - 2024-04-25 06:16:29 --> Hooks Class Initialized
DEBUG - 2024-04-25 06:16:29 --> UTF-8 Support Enabled
INFO - 2024-04-25 06:16:29 --> Utf8 Class Initialized
INFO - 2024-04-25 06:16:29 --> URI Class Initialized
INFO - 2024-04-25 06:16:29 --> Router Class Initialized
INFO - 2024-04-25 06:16:29 --> Output Class Initialized
INFO - 2024-04-25 06:16:29 --> Security Class Initialized
DEBUG - 2024-04-25 06:16:29 --> Global POST, GET and COOKIE data sanitized
INFO - 2024-04-25 06:16:29 --> Input Class Initialized
INFO - 2024-04-25 06:16:29 --> Language Class Initialized
INFO - 2024-04-25 06:16:29 --> Loader Class Initialized
INFO - 2024-04-25 06:16:29 --> Helper loaded: url_helper
INFO - 2024-04-25 06:16:29 --> Database Driver Class Initialized
INFO - 2024-04-25 06:16:29 --> Controller Class Initialized
INFO - 2024-04-25 06:16:29 --> Model "Mconfigkey" initialized
INFO - 2024-04-25 06:16:29 --> Model "Mgoods_stuffing" initialized
INFO - 2024-04-25 06:16:29 --> Final output sent to browser
DEBUG - 2024-04-25 06:16:29 --> Total execution time: 0.0359
INFO - 2024-04-25 06:16:33 --> Config Class Initialized
INFO - 2024-04-25 06:16:33 --> Hooks Class Initialized
DEBUG - 2024-04-25 06:16:33 --> UTF-8 Support Enabled
INFO - 2024-04-25 06:16:33 --> Utf8 Class Initialized
INFO - 2024-04-25 06:16:33 --> URI Class Initialized
INFO - 2024-04-25 06:16:33 --> Router Class Initialized
INFO - 2024-04-25 06:16:33 --> Output Class Initialized
INFO - 2024-04-25 06:16:33 --> Security Class Initialized
DEBUG - 2024-04-25 06:16:33 --> Global POST, GET and COOKIE data sanitized
INFO - 2024-04-25 06:16:33 --> Input Class Initialized
INFO - 2024-04-25 06:16:33 --> Language Class Initialized
INFO - 2024-04-25 06:16:33 --> Loader Class Initialized
INFO - 2024-04-25 06:16:33 --> Helper loaded: url_helper
INFO - 2024-04-25 06:16:33 --> Database Driver Class Initialized
INFO - 2024-04-25 06:16:33 --> Controller Class Initialized
INFO - 2024-04-25 06:16:33 --> Model "Mconfigkey" initialized
INFO - 2024-04-25 06:16:33 --> Model "Mgoods_stuffing" initialized
INFO - 2024-04-25 06:16:33 --> Final output sent to browser
DEBUG - 2024-04-25 06:16:33 --> Total execution time: 0.0207
INFO - 2024-04-25 06:18:22 --> Config Class Initialized
INFO - 2024-04-25 06:18:22 --> Hooks Class Initialized
DEBUG - 2024-04-25 06:18:22 --> UTF-8 Support Enabled
INFO - 2024-04-25 06:18:22 --> Utf8 Class Initialized
INFO - 2024-04-25 06:18:22 --> URI Class Initialized
INFO - 2024-04-25 06:18:22 --> Router Class Initialized
INFO - 2024-04-25 06:18:22 --> Output Class Initialized
INFO - 2024-04-25 06:18:22 --> Security Class Initialized
DEBUG - 2024-04-25 06:18:22 --> Global POST, GET and COOKIE data sanitized
INFO - 2024-04-25 06:18:22 --> Input Class Initialized
INFO - 2024-04-25 06:18:22 --> Language Class Initialized
INFO - 2024-04-25 06:18:22 --> Loader Class Initialized
INFO - 2024-04-25 06:18:22 --> Helper loaded: url_helper
INFO - 2024-04-25 06:18:22 --> Database Driver Class Initialized
INFO - 2024-04-25 06:18:22 --> Controller Class Initialized
INFO - 2024-04-25 06:18:22 --> Model "Mconfigkey" initialized
INFO - 2024-04-25 06:18:22 --> Final output sent to browser
DEBUG - 2024-04-25 06:18:22 --> Total execution time: 0.0208
INFO - 2024-04-25 06:18:26 --> Config Class Initialized
INFO - 2024-04-25 06:18:26 --> Hooks Class Initialized
DEBUG - 2024-04-25 06:18:26 --> UTF-8 Support Enabled
INFO - 2024-04-25 06:18:26 --> Utf8 Class Initialized
INFO - 2024-04-25 06:18:26 --> URI Class Initialized
INFO - 2024-04-25 06:18:26 --> Router Class Initialized
INFO - 2024-04-25 06:18:26 --> Output Class Initialized
INFO - 2024-04-25 06:18:26 --> Security Class Initialized
DEBUG - 2024-04-25 06:18:26 --> Global POST, GET and COOKIE data sanitized
INFO - 2024-04-25 06:18:26 --> Input Class Initialized
INFO - 2024-04-25 06:18:26 --> Language Class Initialized
INFO - 2024-04-25 06:18:26 --> Loader Class Initialized
INFO - 2024-04-25 06:18:26 --> Helper loaded: url_helper
INFO - 2024-04-25 06:18:26 --> Database Driver Class Initialized
INFO - 2024-04-25 06:18:26 --> Controller Class Initialized
INFO - 2024-04-25 06:18:26 --> Model "Mconfigkey" initialized
INFO - 2024-04-25 06:18:26 --> Model "Mgoods_stuffing" initialized
INFO - 2024-04-25 06:18:26 --> Final output sent to browser
DEBUG - 2024-04-25 06:18:26 --> Total execution time: 0.0343
INFO - 2024-04-25 06:18:29 --> Config Class Initialized
INFO - 2024-04-25 06:18:29 --> Hooks Class Initialized
DEBUG - 2024-04-25 06:18:29 --> UTF-8 Support Enabled
INFO - 2024-04-25 06:18:29 --> Utf8 Class Initialized
INFO - 2024-04-25 06:18:29 --> URI Class Initialized
INFO - 2024-04-25 06:18:29 --> Router Class Initialized
INFO - 2024-04-25 06:18:29 --> Output Class Initialized
INFO - 2024-04-25 06:18:29 --> Security Class Initialized
DEBUG - 2024-04-25 06:18:29 --> Global POST, GET and COOKIE data sanitized
INFO - 2024-04-25 06:18:29 --> Input Class Initialized
INFO - 2024-04-25 06:18:29 --> Language Class Initialized
INFO - 2024-04-25 06:18:29 --> Loader Class Initialized
INFO - 2024-04-25 06:18:29 --> Helper loaded: url_helper
INFO - 2024-04-25 06:18:29 --> Database Driver Class Initialized
INFO - 2024-04-25 06:18:29 --> Controller Class Initialized
INFO - 2024-04-25 06:18:29 --> Model "Mconfigkey" initialized
INFO - 2024-04-25 06:18:29 --> Model "Mgoods_stuffing" initialized
INFO - 2024-04-25 06:18:29 --> Final output sent to browser
DEBUG - 2024-04-25 06:18:29 --> Total execution time: 0.0208
INFO - 2024-04-25 06:20:07 --> Config Class Initialized
INFO - 2024-04-25 06:20:07 --> Hooks Class Initialized
DEBUG - 2024-04-25 06:20:07 --> UTF-8 Support Enabled
INFO - 2024-04-25 06:20:07 --> Utf8 Class Initialized
INFO - 2024-04-25 06:20:07 --> URI Class Initialized
INFO - 2024-04-25 06:20:07 --> Router Class Initialized
INFO - 2024-04-25 06:20:07 --> Output Class Initialized
INFO - 2024-04-25 06:20:07 --> Security Class Initialized
DEBUG - 2024-04-25 06:20:07 --> Global POST, GET and COOKIE data sanitized
INFO - 2024-04-25 06:20:07 --> Input Class Initialized
INFO - 2024-04-25 06:20:07 --> Language Class Initialized
INFO - 2024-04-25 06:20:07 --> Loader Class Initialized
INFO - 2024-04-25 06:20:07 --> Helper loaded: url_helper
INFO - 2024-04-25 06:20:07 --> Database Driver Class Initialized
INFO - 2024-04-25 06:20:07 --> Controller Class Initialized
INFO - 2024-04-25 06:20:07 --> Model "Mconfigkey" initialized
INFO - 2024-04-25 06:20:07 --> Final output sent to browser
DEBUG - 2024-04-25 06:20:07 --> Total execution time: 0.0199
INFO - 2024-04-25 06:20:11 --> Config Class Initialized
INFO - 2024-04-25 06:20:11 --> Hooks Class Initialized
DEBUG - 2024-04-25 06:20:11 --> UTF-8 Support Enabled
INFO - 2024-04-25 06:20:11 --> Utf8 Class Initialized
INFO - 2024-04-25 06:20:11 --> URI Class Initialized
INFO - 2024-04-25 06:20:11 --> Router Class Initialized
INFO - 2024-04-25 06:20:11 --> Output Class Initialized
INFO - 2024-04-25 06:20:11 --> Security Class Initialized
DEBUG - 2024-04-25 06:20:11 --> Global POST, GET and COOKIE data sanitized
INFO - 2024-04-25 06:20:11 --> Input Class Initialized
INFO - 2024-04-25 06:20:11 --> Language Class Initialized
INFO - 2024-04-25 06:20:11 --> Loader Class Initialized
INFO - 2024-04-25 06:20:11 --> Helper loaded: url_helper
INFO - 2024-04-25 06:20:11 --> Database Driver Class Initialized
INFO - 2024-04-25 06:20:11 --> Controller Class Initialized
INFO - 2024-04-25 06:20:11 --> Model "Mconfigkey" initialized
INFO - 2024-04-25 06:20:11 --> Model "Mgoods_stuffing" initialized
INFO - 2024-04-25 06:20:11 --> Final output sent to browser
DEBUG - 2024-04-25 06:20:11 --> Total execution time: 0.0350
INFO - 2024-04-25 06:20:13 --> Config Class Initialized
INFO - 2024-04-25 06:20:13 --> Hooks Class Initialized
DEBUG - 2024-04-25 06:20:13 --> UTF-8 Support Enabled
INFO - 2024-04-25 06:20:13 --> Utf8 Class Initialized
INFO - 2024-04-25 06:20:13 --> URI Class Initialized
INFO - 2024-04-25 06:20:13 --> Router Class Initialized
INFO - 2024-04-25 06:20:13 --> Output Class Initialized
INFO - 2024-04-25 06:20:13 --> Security Class Initialized
DEBUG - 2024-04-25 06:20:13 --> Global POST, GET and COOKIE data sanitized
INFO - 2024-04-25 06:20:13 --> Input Class Initialized
INFO - 2024-04-25 06:20:13 --> Language Class Initialized
INFO - 2024-04-25 06:20:13 --> Loader Class Initialized
INFO - 2024-04-25 06:20:13 --> Helper loaded: url_helper
INFO - 2024-04-25 06:20:13 --> Database Driver Class Initialized
INFO - 2024-04-25 06:20:13 --> Controller Class Initialized
INFO - 2024-04-25 06:20:13 --> Model "Mconfigkey" initialized
INFO - 2024-04-25 06:20:13 --> Model "Mgoods_stuffing" initialized
INFO - 2024-04-25 06:20:13 --> Final output sent to browser
DEBUG - 2024-04-25 06:20:13 --> Total execution time: 0.0204
INFO - 2024-04-25 06:21:08 --> Config Class Initialized
INFO - 2024-04-25 06:21:08 --> Hooks Class Initialized
DEBUG - 2024-04-25 06:21:08 --> UTF-8 Support Enabled
INFO - 2024-04-25 06:21:08 --> Utf8 Class Initialized
INFO - 2024-04-25 06:21:08 --> URI Class Initialized
INFO - 2024-04-25 06:21:08 --> Router Class Initialized
INFO - 2024-04-25 06:21:08 --> Output Class Initialized
INFO - 2024-04-25 06:21:08 --> Security Class Initialized
DEBUG - 2024-04-25 06:21:08 --> Global POST, GET and COOKIE data sanitized
INFO - 2024-04-25 06:21:08 --> Input Class Initialized
INFO - 2024-04-25 06:21:08 --> Language Class Initialized
INFO - 2024-04-25 06:21:08 --> Loader Class Initialized
INFO - 2024-04-25 06:21:08 --> Helper loaded: url_helper
INFO - 2024-04-25 06:21:08 --> Database Driver Class Initialized
INFO - 2024-04-25 06:21:08 --> Controller Class Initialized
INFO - 2024-04-25 06:21:08 --> Model "Mconfigkey" initialized
INFO - 2024-04-25 06:21:08 --> Model "Mgoods_stuffing" initialized
INFO - 2024-04-25 06:21:08 --> Final output sent to browser
DEBUG - 2024-04-25 06:21:08 --> Total execution time: 0.0213
INFO - 2024-04-25 06:22:52 --> Config Class Initialized
INFO - 2024-04-25 06:22:52 --> Hooks Class Initialized
DEBUG - 2024-04-25 06:22:52 --> UTF-8 Support Enabled
INFO - 2024-04-25 06:22:52 --> Utf8 Class Initialized
INFO - 2024-04-25 06:22:52 --> URI Class Initialized
INFO - 2024-04-25 06:22:52 --> Router Class Initialized
INFO - 2024-04-25 06:22:52 --> Output Class Initialized
INFO - 2024-04-25 06:22:52 --> Security Class Initialized
DEBUG - 2024-04-25 06:22:52 --> Global POST, GET and COOKIE data sanitized
INFO - 2024-04-25 06:22:52 --> Input Class Initialized
INFO - 2024-04-25 06:22:52 --> Language Class Initialized
INFO - 2024-04-25 06:22:52 --> Loader Class Initialized
INFO - 2024-04-25 06:22:52 --> Helper loaded: url_helper
INFO - 2024-04-25 06:22:52 --> Database Driver Class Initialized
INFO - 2024-04-25 06:22:52 --> Controller Class Initialized
INFO - 2024-04-25 06:22:52 --> Model "Mconfigkey" initialized
INFO - 2024-04-25 06:22:52 --> Final output sent to browser
DEBUG - 2024-04-25 06:22:52 --> Total execution time: 0.0205
INFO - 2024-04-25 06:22:56 --> Config Class Initialized
INFO - 2024-04-25 06:22:56 --> Hooks Class Initialized
DEBUG - 2024-04-25 06:22:56 --> UTF-8 Support Enabled
INFO - 2024-04-25 06:22:56 --> Utf8 Class Initialized
INFO - 2024-04-25 06:22:56 --> URI Class Initialized
INFO - 2024-04-25 06:22:56 --> Router Class Initialized
INFO - 2024-04-25 06:22:56 --> Output Class Initialized
INFO - 2024-04-25 06:22:56 --> Security Class Initialized
DEBUG - 2024-04-25 06:22:56 --> Global POST, GET and COOKIE data sanitized
INFO - 2024-04-25 06:22:56 --> Input Class Initialized
INFO - 2024-04-25 06:22:56 --> Language Class Initialized
INFO - 2024-04-25 06:22:56 --> Loader Class Initialized
INFO - 2024-04-25 06:22:56 --> Helper loaded: url_helper
INFO - 2024-04-25 06:22:56 --> Database Driver Class Initialized
INFO - 2024-04-25 06:22:56 --> Controller Class Initialized
INFO - 2024-04-25 06:22:56 --> Model "Mconfigkey" initialized
INFO - 2024-04-25 06:22:56 --> Model "Mgoods_stuffing" initialized
INFO - 2024-04-25 06:22:56 --> Final output sent to browser
DEBUG - 2024-04-25 06:22:56 --> Total execution time: 0.0348
INFO - 2024-04-25 06:22:59 --> Config Class Initialized
INFO - 2024-04-25 06:22:59 --> Hooks Class Initialized
DEBUG - 2024-04-25 06:22:59 --> UTF-8 Support Enabled
INFO - 2024-04-25 06:22:59 --> Utf8 Class Initialized
INFO - 2024-04-25 06:22:59 --> URI Class Initialized
INFO - 2024-04-25 06:22:59 --> Router Class Initialized
INFO - 2024-04-25 06:22:59 --> Output Class Initialized
INFO - 2024-04-25 06:22:59 --> Security Class Initialized
DEBUG - 2024-04-25 06:22:59 --> Global POST, GET and COOKIE data sanitized
INFO - 2024-04-25 06:22:59 --> Input Class Initialized
INFO - 2024-04-25 06:22:59 --> Language Class Initialized
INFO - 2024-04-25 06:22:59 --> Loader Class Initialized
INFO - 2024-04-25 06:22:59 --> Helper loaded: url_helper
INFO - 2024-04-25 06:22:59 --> Database Driver Class Initialized
INFO - 2024-04-25 06:22:59 --> Controller Class Initialized
INFO - 2024-04-25 06:22:59 --> Model "Mconfigkey" initialized
INFO - 2024-04-25 06:22:59 --> Model "Mgoods_stuffing" initialized
INFO - 2024-04-25 06:22:59 --> Final output sent to browser
DEBUG - 2024-04-25 06:22:59 --> Total execution time: 0.0205
INFO - 2024-04-25 06:23:44 --> Config Class Initialized
INFO - 2024-04-25 06:23:44 --> Hooks Class Initialized
DEBUG - 2024-04-25 06:23:44 --> UTF-8 Support Enabled
INFO - 2024-04-25 06:23:44 --> Utf8 Class Initialized
INFO - 2024-04-25 06:23:44 --> URI Class Initialized
INFO - 2024-04-25 06:23:44 --> Router Class Initialized
INFO - 2024-04-25 06:23:44 --> Output Class Initialized
INFO - 2024-04-25 06:23:44 --> Security Class Initialized
DEBUG - 2024-04-25 06:23:44 --> Global POST, GET and COOKIE data sanitized
INFO - 2024-04-25 06:23:44 --> Input Class Initialized
INFO - 2024-04-25 06:23:44 --> Language Class Initialized
INFO - 2024-04-25 06:23:44 --> Loader Class Initialized
INFO - 2024-04-25 06:23:44 --> Helper loaded: url_helper
INFO - 2024-04-25 06:23:44 --> Database Driver Class Initialized
INFO - 2024-04-25 06:23:44 --> Controller Class Initialized
INFO - 2024-04-25 06:23:44 --> Model "Mconfigkey" initialized
INFO - 2024-04-25 06:23:44 --> Final output sent to browser
DEBUG - 2024-04-25 06:23:44 --> Total execution time: 0.0199
INFO - 2024-04-25 06:23:49 --> Config Class Initialized
INFO - 2024-04-25 06:23:49 --> Hooks Class Initialized
DEBUG - 2024-04-25 06:23:49 --> UTF-8 Support Enabled
INFO - 2024-04-25 06:23:49 --> Utf8 Class Initialized
INFO - 2024-04-25 06:23:49 --> URI Class Initialized
INFO - 2024-04-25 06:23:49 --> Router Class Initialized
INFO - 2024-04-25 06:23:49 --> Output Class Initialized
INFO - 2024-04-25 06:23:49 --> Security Class Initialized
DEBUG - 2024-04-25 06:23:49 --> Global POST, GET and COOKIE data sanitized
INFO - 2024-04-25 06:23:49 --> Input Class Initialized
INFO - 2024-04-25 06:23:49 --> Language Class Initialized
INFO - 2024-04-25 06:23:49 --> Loader Class Initialized
INFO - 2024-04-25 06:23:49 --> Helper loaded: url_helper
INFO - 2024-04-25 06:23:49 --> Database Driver Class Initialized
INFO - 2024-04-25 06:23:49 --> Controller Class Initialized
INFO - 2024-04-25 06:23:49 --> Model "Mconfigkey" initialized
INFO - 2024-04-25 06:23:49 --> Model "Mgoods_stuffing" initialized
INFO - 2024-04-25 06:23:49 --> Final output sent to browser
DEBUG - 2024-04-25 06:23:49 --> Total execution time: 0.0350
INFO - 2024-04-25 06:23:52 --> Config Class Initialized
INFO - 2024-04-25 06:23:52 --> Hooks Class Initialized
DEBUG - 2024-04-25 06:23:52 --> UTF-8 Support Enabled
INFO - 2024-04-25 06:23:52 --> Utf8 Class Initialized
INFO - 2024-04-25 06:23:52 --> URI Class Initialized
INFO - 2024-04-25 06:23:52 --> Router Class Initialized
INFO - 2024-04-25 06:23:52 --> Output Class Initialized
INFO - 2024-04-25 06:23:52 --> Security Class Initialized
DEBUG - 2024-04-25 06:23:52 --> Global POST, GET and COOKIE data sanitized
INFO - 2024-04-25 06:23:52 --> Input Class Initialized
INFO - 2024-04-25 06:23:52 --> Language Class Initialized
INFO - 2024-04-25 06:23:52 --> Loader Class Initialized
INFO - 2024-04-25 06:23:52 --> Helper loaded: url_helper
INFO - 2024-04-25 06:23:52 --> Database Driver Class Initialized
INFO - 2024-04-25 06:23:52 --> Controller Class Initialized
INFO - 2024-04-25 06:23:52 --> Model "Mconfigkey" initialized
INFO - 2024-04-25 06:23:52 --> Model "Mgoods_stuffing" initialized
INFO - 2024-04-25 06:23:52 --> Final output sent to browser
DEBUG - 2024-04-25 06:23:52 --> Total execution time: 0.0204
INFO - 2024-04-25 06:25:40 --> Config Class Initialized
INFO - 2024-04-25 06:25:40 --> Hooks Class Initialized
DEBUG - 2024-04-25 06:25:40 --> UTF-8 Support Enabled
INFO - 2024-04-25 06:25:40 --> Utf8 Class Initialized
INFO - 2024-04-25 06:25:40 --> URI Class Initialized
INFO - 2024-04-25 06:25:40 --> Router Class Initialized
INFO - 2024-04-25 06:25:40 --> Output Class Initialized
INFO - 2024-04-25 06:25:40 --> Security Class Initialized
DEBUG - 2024-04-25 06:25:40 --> Global POST, GET and COOKIE data sanitized
INFO - 2024-04-25 06:25:40 --> Input Class Initialized
INFO - 2024-04-25 06:25:40 --> Language Class Initialized
INFO - 2024-04-25 06:25:40 --> Loader Class Initialized
INFO - 2024-04-25 06:25:40 --> Helper loaded: url_helper
INFO - 2024-04-25 06:25:40 --> Database Driver Class Initialized
INFO - 2024-04-25 06:25:40 --> Controller Class Initialized
INFO - 2024-04-25 06:25:40 --> Model "Mconfigkey" initialized
INFO - 2024-04-25 06:25:40 --> Final output sent to browser
DEBUG - 2024-04-25 06:25:40 --> Total execution time: 0.0203
INFO - 2024-04-25 06:25:44 --> Config Class Initialized
INFO - 2024-04-25 06:25:44 --> Hooks Class Initialized
DEBUG - 2024-04-25 06:25:44 --> UTF-8 Support Enabled
INFO - 2024-04-25 06:25:44 --> Utf8 Class Initialized
INFO - 2024-04-25 06:25:44 --> URI Class Initialized
INFO - 2024-04-25 06:25:44 --> Router Class Initialized
INFO - 2024-04-25 06:25:44 --> Output Class Initialized
INFO - 2024-04-25 06:25:44 --> Security Class Initialized
DEBUG - 2024-04-25 06:25:44 --> Global POST, GET and COOKIE data sanitized
INFO - 2024-04-25 06:25:44 --> Input Class Initialized
INFO - 2024-04-25 06:25:44 --> Language Class Initialized
INFO - 2024-04-25 06:25:44 --> Loader Class Initialized
INFO - 2024-04-25 06:25:44 --> Helper loaded: url_helper
INFO - 2024-04-25 06:25:44 --> Database Driver Class Initialized
INFO - 2024-04-25 06:25:44 --> Controller Class Initialized
INFO - 2024-04-25 06:25:44 --> Model "Mconfigkey" initialized
INFO - 2024-04-25 06:25:44 --> Model "Mgoods_stuffing" initialized
INFO - 2024-04-25 06:25:44 --> Final output sent to browser
DEBUG - 2024-04-25 06:25:44 --> Total execution time: 0.0349
INFO - 2024-04-25 06:25:46 --> Config Class Initialized
INFO - 2024-04-25 06:25:46 --> Hooks Class Initialized
DEBUG - 2024-04-25 06:25:46 --> UTF-8 Support Enabled
INFO - 2024-04-25 06:25:46 --> Utf8 Class Initialized
INFO - 2024-04-25 06:25:46 --> URI Class Initialized
INFO - 2024-04-25 06:25:46 --> Router Class Initialized
INFO - 2024-04-25 06:25:46 --> Output Class Initialized
INFO - 2024-04-25 06:25:46 --> Security Class Initialized
DEBUG - 2024-04-25 06:25:46 --> Global POST, GET and COOKIE data sanitized
INFO - 2024-04-25 06:25:46 --> Input Class Initialized
INFO - 2024-04-25 06:25:46 --> Language Class Initialized
INFO - 2024-04-25 06:25:46 --> Loader Class Initialized
INFO - 2024-04-25 06:25:46 --> Helper loaded: url_helper
INFO - 2024-04-25 06:25:46 --> Database Driver Class Initialized
INFO - 2024-04-25 06:25:46 --> Controller Class Initialized
INFO - 2024-04-25 06:25:46 --> Model "Mconfigkey" initialized
INFO - 2024-04-25 06:25:46 --> Model "Mgoods_stuffing" initialized
INFO - 2024-04-25 06:25:46 --> Final output sent to browser
DEBUG - 2024-04-25 06:25:46 --> Total execution time: 0.0207
INFO - 2024-04-25 06:25:50 --> Config Class Initialized
INFO - 2024-04-25 06:25:50 --> Hooks Class Initialized
DEBUG - 2024-04-25 06:25:50 --> UTF-8 Support Enabled
INFO - 2024-04-25 06:25:50 --> Utf8 Class Initialized
INFO - 2024-04-25 06:25:50 --> URI Class Initialized
INFO - 2024-04-25 06:25:50 --> Router Class Initialized
INFO - 2024-04-25 06:25:50 --> Output Class Initialized
INFO - 2024-04-25 06:25:50 --> Security Class Initialized
DEBUG - 2024-04-25 06:25:50 --> Global POST, GET and COOKIE data sanitized
INFO - 2024-04-25 06:25:50 --> Input Class Initialized
INFO - 2024-04-25 06:25:50 --> Language Class Initialized
INFO - 2024-04-25 06:25:50 --> Loader Class Initialized
INFO - 2024-04-25 06:25:50 --> Helper loaded: url_helper
INFO - 2024-04-25 06:25:50 --> Database Driver Class Initialized
INFO - 2024-04-25 06:25:50 --> Controller Class Initialized
INFO - 2024-04-25 06:25:50 --> Model "Mconfigkey" initialized
INFO - 2024-04-25 06:25:50 --> Model "Mgoods_stuffing" initialized
INFO - 2024-04-25 06:25:55 --> Final output sent to browser
DEBUG - 2024-04-25 06:25:55 --> Total execution time: 4.4171
INFO - 2024-04-25 06:25:57 --> Config Class Initialized
INFO - 2024-04-25 06:25:57 --> Hooks Class Initialized
DEBUG - 2024-04-25 06:25:57 --> UTF-8 Support Enabled
INFO - 2024-04-25 06:25:57 --> Utf8 Class Initialized
INFO - 2024-04-25 06:25:57 --> URI Class Initialized
INFO - 2024-04-25 06:25:57 --> Router Class Initialized
INFO - 2024-04-25 06:25:57 --> Output Class Initialized
INFO - 2024-04-25 06:25:57 --> Security Class Initialized
DEBUG - 2024-04-25 06:25:57 --> Global POST, GET and COOKIE data sanitized
INFO - 2024-04-25 06:25:57 --> Input Class Initialized
INFO - 2024-04-25 06:25:57 --> Language Class Initialized
INFO - 2024-04-25 06:25:57 --> Loader Class Initialized
INFO - 2024-04-25 06:25:57 --> Helper loaded: url_helper
INFO - 2024-04-25 06:25:57 --> Database Driver Class Initialized
INFO - 2024-04-25 06:25:57 --> Controller Class Initialized
INFO - 2024-04-25 06:25:57 --> Model "Mconfigkey" initialized
INFO - 2024-04-25 06:25:57 --> Model "Mgoods_stuffing" initialized
INFO - 2024-04-25 06:26:00 --> Final output sent to browser
DEBUG - 2024-04-25 06:26:00 --> Total execution time: 2.2190
