INFO - 2025-01-22 11:39:50 --> Config Class Initialized
INFO - 2025-01-22 11:39:50 --> Hooks Class Initialized
DEBUG - 2025-01-22 11:39:51 --> UTF-8 Support Enabled
INFO - 2025-01-22 11:39:51 --> Utf8 Class Initialized
INFO - 2025-01-22 11:39:51 --> URI Class Initialized
INFO - 2025-01-22 11:39:51 --> Router Class Initialized
INFO - 2025-01-22 11:39:51 --> Output Class Initialized
INFO - 2025-01-22 11:39:51 --> Security Class Initialized
DEBUG - 2025-01-22 11:39:51 --> Global POST, GET and COOKIE data sanitized
INFO - 2025-01-22 11:39:51 --> Input Class Initialized
INFO - 2025-01-22 11:39:51 --> Language Class Initialized
INFO - 2025-01-22 11:39:51 --> Loader Class Initialized
INFO - 2025-01-22 11:39:51 --> Helper loaded: url_helper
INFO - 2025-01-22 11:39:51 --> Database Driver Class Initialized
INFO - 2025-01-22 11:39:51 --> Controller Class Initialized
INFO - 2025-01-22 11:39:51 --> Model "Mconfigkey" initialized
INFO - 2025-01-22 11:39:51 --> Final output sent to browser
DEBUG - 2025-01-22 11:39:51 --> Total execution time: 0.5652
INFO - 2025-01-22 17:26:31 --> Config Class Initialized
INFO - 2025-01-22 17:26:31 --> Hooks Class Initialized
DEBUG - 2025-01-22 17:26:31 --> UTF-8 Support Enabled
INFO - 2025-01-22 17:26:31 --> Utf8 Class Initialized
INFO - 2025-01-22 17:26:31 --> URI Class Initialized
INFO - 2025-01-22 17:26:31 --> Router Class Initialized
INFO - 2025-01-22 17:26:31 --> Output Class Initialized
INFO - 2025-01-22 17:26:31 --> Security Class Initialized
DEBUG - 2025-01-22 17:26:31 --> Global POST, GET and COOKIE data sanitized
INFO - 2025-01-22 17:26:31 --> Input Class Initialized
INFO - 2025-01-22 17:26:31 --> Language Class Initialized
INFO - 2025-01-22 17:26:31 --> Loader Class Initialized
INFO - 2025-01-22 17:26:31 --> Helper loaded: url_helper
INFO - 2025-01-22 17:26:31 --> Database Driver Class Initialized
INFO - 2025-01-22 17:26:31 --> Controller Class Initialized
INFO - 2025-01-22 17:26:31 --> Model "Mconfigkey" initialized
INFO - 2025-01-22 17:26:31 --> Final output sent to browser
DEBUG - 2025-01-22 17:26:31 --> Total execution time: 0.2684
INFO - 2025-01-22 21:32:46 --> Config Class Initialized
INFO - 2025-01-22 21:32:46 --> Hooks Class Initialized
DEBUG - 2025-01-22 21:32:46 --> UTF-8 Support Enabled
INFO - 2025-01-22 21:32:46 --> Utf8 Class Initialized
INFO - 2025-01-22 21:32:46 --> URI Class Initialized
INFO - 2025-01-22 21:32:46 --> Router Class Initialized
INFO - 2025-01-22 21:32:46 --> Output Class Initialized
INFO - 2025-01-22 21:32:46 --> Security Class Initialized
DEBUG - 2025-01-22 21:32:46 --> Global POST, GET and COOKIE data sanitized
INFO - 2025-01-22 21:32:46 --> Input Class Initialized
INFO - 2025-01-22 21:32:46 --> Language Class Initialized
INFO - 2025-01-22 21:32:46 --> Loader Class Initialized
INFO - 2025-01-22 21:32:46 --> Helper loaded: url_helper
INFO - 2025-01-22 21:32:46 --> Database Driver Class Initialized
INFO - 2025-01-22 21:32:46 --> Controller Class Initialized
INFO - 2025-01-22 21:32:46 --> Model "Mconfigkey" initialized
INFO - 2025-01-22 21:32:46 --> Final output sent to browser
DEBUG - 2025-01-22 21:32:46 --> Total execution time: 0.0229
