INFO - 2025-04-21 07:16:43 --> Config Class Initialized
INFO - 2025-04-21 07:16:43 --> Hooks Class Initialized
DEBUG - 2025-04-21 07:16:43 --> UTF-8 Support Enabled
INFO - 2025-04-21 07:16:43 --> Utf8 Class Initialized
INFO - 2025-04-21 07:16:43 --> URI Class Initialized
INFO - 2025-04-21 07:16:43 --> Router Class Initialized
INFO - 2025-04-21 07:16:44 --> Output Class Initialized
INFO - 2025-04-21 07:16:44 --> Security Class Initialized
DEBUG - 2025-04-21 07:16:44 --> Global POST, GET and COOKIE data sanitized
INFO - 2025-04-21 07:16:44 --> Input Class Initialized
INFO - 2025-04-21 07:16:44 --> Language Class Initialized
INFO - 2025-04-21 07:16:44 --> Loader Class Initialized
INFO - 2025-04-21 07:16:44 --> Helper loaded: url_helper
INFO - 2025-04-21 07:16:44 --> Database Driver Class Initialized
INFO - 2025-04-21 07:16:44 --> Controller Class Initialized
INFO - 2025-04-21 07:16:44 --> Model "Mconfigkey" initialized
INFO - 2025-04-21 07:16:44 --> Final output sent to browser
DEBUG - 2025-04-21 07:16:44 --> Total execution time: 0.7711
INFO - 2025-04-21 07:16:50 --> Config Class Initialized
INFO - 2025-04-21 07:16:50 --> Hooks Class Initialized
DEBUG - 2025-04-21 07:16:50 --> UTF-8 Support Enabled
INFO - 2025-04-21 07:16:50 --> Utf8 Class Initialized
INFO - 2025-04-21 07:16:50 --> URI Class Initialized
INFO - 2025-04-21 07:16:50 --> Router Class Initialized
INFO - 2025-04-21 07:16:50 --> Output Class Initialized
INFO - 2025-04-21 07:16:50 --> Security Class Initialized
DEBUG - 2025-04-21 07:16:50 --> Global POST, GET and COOKIE data sanitized
INFO - 2025-04-21 07:16:50 --> Input Class Initialized
INFO - 2025-04-21 07:16:50 --> Language Class Initialized
INFO - 2025-04-21 07:16:50 --> Loader Class Initialized
INFO - 2025-04-21 07:16:50 --> Helper loaded: url_helper
INFO - 2025-04-21 07:16:50 --> Database Driver Class Initialized
INFO - 2025-04-21 07:16:50 --> Controller Class Initialized
INFO - 2025-04-21 07:16:50 --> Model "Mauth" initialized
INFO - 2025-04-21 07:16:50 --> Model "Mconfigkey" initialized
INFO - 2025-04-21 07:16:50 --> Final output sent to browser
DEBUG - 2025-04-21 07:16:50 --> Total execution time: 0.0483
INFO - 2025-04-21 07:16:57 --> Config Class Initialized
INFO - 2025-04-21 07:16:57 --> Hooks Class Initialized
DEBUG - 2025-04-21 07:16:57 --> UTF-8 Support Enabled
INFO - 2025-04-21 07:16:57 --> Utf8 Class Initialized
INFO - 2025-04-21 07:16:57 --> URI Class Initialized
INFO - 2025-04-21 07:16:57 --> Router Class Initialized
INFO - 2025-04-21 07:16:57 --> Output Class Initialized
INFO - 2025-04-21 07:16:57 --> Security Class Initialized
DEBUG - 2025-04-21 07:16:57 --> Global POST, GET and COOKIE data sanitized
INFO - 2025-04-21 07:16:57 --> Input Class Initialized
INFO - 2025-04-21 07:16:57 --> Language Class Initialized
INFO - 2025-04-21 07:16:57 --> Loader Class Initialized
INFO - 2025-04-21 07:16:57 --> Helper loaded: url_helper
INFO - 2025-04-21 07:16:57 --> Database Driver Class Initialized
INFO - 2025-04-21 07:16:57 --> Controller Class Initialized
INFO - 2025-04-21 07:16:57 --> Model "Mconfigkey" initialized
INFO - 2025-04-21 07:16:57 --> Model "Msync_doc_aw" initialized
INFO - 2025-04-21 07:16:57 --> Final output sent to browser
DEBUG - 2025-04-21 07:16:57 --> Total execution time: 0.2287
INFO - 2025-04-21 07:16:59 --> Config Class Initialized
INFO - 2025-04-21 07:16:59 --> Hooks Class Initialized
DEBUG - 2025-04-21 07:16:59 --> UTF-8 Support Enabled
INFO - 2025-04-21 07:16:59 --> Utf8 Class Initialized
INFO - 2025-04-21 07:16:59 --> URI Class Initialized
INFO - 2025-04-21 07:16:59 --> Router Class Initialized
INFO - 2025-04-21 07:16:59 --> Output Class Initialized
INFO - 2025-04-21 07:16:59 --> Security Class Initialized
DEBUG - 2025-04-21 07:16:59 --> Global POST, GET and COOKIE data sanitized
INFO - 2025-04-21 07:16:59 --> Input Class Initialized
INFO - 2025-04-21 07:16:59 --> Language Class Initialized
INFO - 2025-04-21 07:16:59 --> Loader Class Initialized
INFO - 2025-04-21 07:16:59 --> Helper loaded: url_helper
INFO - 2025-04-21 07:16:59 --> Database Driver Class Initialized
INFO - 2025-04-21 07:16:59 --> Controller Class Initialized
INFO - 2025-04-21 07:16:59 --> Model "Mconfigkey" initialized
INFO - 2025-04-21 07:16:59 --> Model "Msync_doc_aw" initialized
INFO - 2025-04-21 07:17:23 --> Final output sent to browser
DEBUG - 2025-04-21 07:17:23 --> Total execution time: 23.7530
INFO - 2025-04-21 07:17:23 --> Config Class Initialized
INFO - 2025-04-21 07:17:23 --> Hooks Class Initialized
DEBUG - 2025-04-21 07:17:23 --> UTF-8 Support Enabled
INFO - 2025-04-21 07:17:23 --> Utf8 Class Initialized
INFO - 2025-04-21 07:17:23 --> URI Class Initialized
INFO - 2025-04-21 07:17:23 --> Router Class Initialized
INFO - 2025-04-21 07:17:23 --> Output Class Initialized
INFO - 2025-04-21 07:17:23 --> Security Class Initialized
DEBUG - 2025-04-21 07:17:23 --> Global POST, GET and COOKIE data sanitized
INFO - 2025-04-21 07:17:23 --> Input Class Initialized
INFO - 2025-04-21 07:17:23 --> Language Class Initialized
INFO - 2025-04-21 07:17:23 --> Loader Class Initialized
INFO - 2025-04-21 07:17:23 --> Helper loaded: url_helper
INFO - 2025-04-21 07:17:23 --> Database Driver Class Initialized
INFO - 2025-04-21 07:17:23 --> Controller Class Initialized
INFO - 2025-04-21 07:17:23 --> Model "Mconfigkey" initialized
INFO - 2025-04-21 07:17:23 --> Model "Msync_doc_aw" initialized
INFO - 2025-04-21 07:17:23 --> Final output sent to browser
DEBUG - 2025-04-21 07:17:23 --> Total execution time: 0.2473
INFO - 2025-04-21 07:18:43 --> Config Class Initialized
INFO - 2025-04-21 07:18:43 --> Hooks Class Initialized
DEBUG - 2025-04-21 07:18:43 --> UTF-8 Support Enabled
INFO - 2025-04-21 07:18:43 --> Utf8 Class Initialized
INFO - 2025-04-21 07:18:43 --> URI Class Initialized
INFO - 2025-04-21 07:18:43 --> Router Class Initialized
INFO - 2025-04-21 07:18:43 --> Output Class Initialized
INFO - 2025-04-21 07:18:43 --> Security Class Initialized
DEBUG - 2025-04-21 07:18:43 --> Global POST, GET and COOKIE data sanitized
INFO - 2025-04-21 07:18:43 --> Input Class Initialized
INFO - 2025-04-21 07:18:43 --> Language Class Initialized
INFO - 2025-04-21 07:18:43 --> Loader Class Initialized
INFO - 2025-04-21 07:18:43 --> Helper loaded: url_helper
INFO - 2025-04-21 07:18:43 --> Database Driver Class Initialized
INFO - 2025-04-21 07:18:43 --> Controller Class Initialized
INFO - 2025-04-21 07:18:43 --> Model "Mconfigkey" initialized
INFO - 2025-04-21 07:18:43 --> Model "Msync_doc_aw" initialized
INFO - 2025-04-21 07:19:08 --> Final output sent to browser
DEBUG - 2025-04-21 07:19:08 --> Total execution time: 25.0836
INFO - 2025-04-21 07:19:08 --> Config Class Initialized
INFO - 2025-04-21 07:19:08 --> Hooks Class Initialized
DEBUG - 2025-04-21 07:19:08 --> UTF-8 Support Enabled
INFO - 2025-04-21 07:19:08 --> Utf8 Class Initialized
INFO - 2025-04-21 07:19:08 --> URI Class Initialized
INFO - 2025-04-21 07:19:08 --> Router Class Initialized
INFO - 2025-04-21 07:19:08 --> Output Class Initialized
INFO - 2025-04-21 07:19:08 --> Security Class Initialized
DEBUG - 2025-04-21 07:19:08 --> Global POST, GET and COOKIE data sanitized
INFO - 2025-04-21 07:19:08 --> Input Class Initialized
INFO - 2025-04-21 07:19:08 --> Language Class Initialized
INFO - 2025-04-21 07:19:08 --> Loader Class Initialized
INFO - 2025-04-21 07:19:08 --> Helper loaded: url_helper
INFO - 2025-04-21 07:19:08 --> Database Driver Class Initialized
INFO - 2025-04-21 07:19:08 --> Controller Class Initialized
INFO - 2025-04-21 07:19:08 --> Model "Mconfigkey" initialized
INFO - 2025-04-21 07:19:08 --> Model "Msync_doc_aw" initialized
INFO - 2025-04-21 07:19:08 --> Final output sent to browser
DEBUG - 2025-04-21 07:19:08 --> Total execution time: 0.2534
INFO - 2025-04-21 07:42:57 --> Config Class Initialized
INFO - 2025-04-21 07:42:57 --> Hooks Class Initialized
DEBUG - 2025-04-21 07:42:57 --> UTF-8 Support Enabled
INFO - 2025-04-21 07:42:57 --> Utf8 Class Initialized
INFO - 2025-04-21 07:42:57 --> URI Class Initialized
INFO - 2025-04-21 07:42:57 --> Router Class Initialized
INFO - 2025-04-21 07:42:57 --> Output Class Initialized
INFO - 2025-04-21 07:42:57 --> Security Class Initialized
DEBUG - 2025-04-21 07:42:57 --> Global POST, GET and COOKIE data sanitized
INFO - 2025-04-21 07:42:57 --> Input Class Initialized
INFO - 2025-04-21 07:42:57 --> Language Class Initialized
INFO - 2025-04-21 07:42:57 --> Loader Class Initialized
INFO - 2025-04-21 07:42:57 --> Helper loaded: url_helper
INFO - 2025-04-21 07:42:57 --> Database Driver Class Initialized
INFO - 2025-04-21 07:42:57 --> Controller Class Initialized
INFO - 2025-04-21 07:42:57 --> Model "Mconfigkey" initialized
INFO - 2025-04-21 07:42:57 --> Model "Msync_doc_aw" initialized
INFO - 2025-04-21 07:42:57 --> Final output sent to browser
DEBUG - 2025-04-21 07:42:57 --> Total execution time: 0.0378
INFO - 2025-04-21 07:43:04 --> Config Class Initialized
INFO - 2025-04-21 07:43:04 --> Hooks Class Initialized
DEBUG - 2025-04-21 07:43:04 --> UTF-8 Support Enabled
INFO - 2025-04-21 07:43:04 --> Utf8 Class Initialized
INFO - 2025-04-21 07:43:04 --> URI Class Initialized
INFO - 2025-04-21 07:43:04 --> Router Class Initialized
INFO - 2025-04-21 07:43:04 --> Output Class Initialized
INFO - 2025-04-21 07:43:04 --> Security Class Initialized
DEBUG - 2025-04-21 07:43:04 --> Global POST, GET and COOKIE data sanitized
INFO - 2025-04-21 07:43:04 --> Input Class Initialized
INFO - 2025-04-21 07:43:04 --> Language Class Initialized
INFO - 2025-04-21 07:43:04 --> Loader Class Initialized
INFO - 2025-04-21 07:43:04 --> Helper loaded: url_helper
INFO - 2025-04-21 07:43:04 --> Database Driver Class Initialized
INFO - 2025-04-21 07:43:04 --> Controller Class Initialized
INFO - 2025-04-21 07:43:04 --> Model "Mconfigkey" initialized
INFO - 2025-04-21 07:43:04 --> Model "Mportal_data" initialized
INFO - 2025-04-21 07:43:04 --> Final output sent to browser
DEBUG - 2025-04-21 07:43:04 --> Total execution time: 0.0720
INFO - 2025-04-21 07:43:07 --> Config Class Initialized
INFO - 2025-04-21 07:43:07 --> Hooks Class Initialized
DEBUG - 2025-04-21 07:43:07 --> UTF-8 Support Enabled
INFO - 2025-04-21 07:43:07 --> Utf8 Class Initialized
INFO - 2025-04-21 07:43:07 --> URI Class Initialized
INFO - 2025-04-21 07:43:07 --> Router Class Initialized
INFO - 2025-04-21 07:43:07 --> Output Class Initialized
INFO - 2025-04-21 07:43:07 --> Security Class Initialized
DEBUG - 2025-04-21 07:43:07 --> Global POST, GET and COOKIE data sanitized
INFO - 2025-04-21 07:43:07 --> Input Class Initialized
INFO - 2025-04-21 07:43:07 --> Language Class Initialized
INFO - 2025-04-21 07:43:07 --> Loader Class Initialized
INFO - 2025-04-21 07:43:07 --> Helper loaded: url_helper
INFO - 2025-04-21 07:43:07 --> Database Driver Class Initialized
INFO - 2025-04-21 07:43:07 --> Controller Class Initialized
INFO - 2025-04-21 07:43:08 --> Model "Mconfigkey" initialized
INFO - 2025-04-21 07:43:08 --> Model "Mportal_data" initialized
INFO - 2025-04-21 07:43:08 --> Final output sent to browser
DEBUG - 2025-04-21 07:43:08 --> Total execution time: 0.0413
INFO - 2025-04-21 07:43:11 --> Config Class Initialized
INFO - 2025-04-21 07:43:11 --> Hooks Class Initialized
DEBUG - 2025-04-21 07:43:11 --> UTF-8 Support Enabled
INFO - 2025-04-21 07:43:11 --> Utf8 Class Initialized
INFO - 2025-04-21 07:43:11 --> URI Class Initialized
INFO - 2025-04-21 07:43:11 --> Router Class Initialized
INFO - 2025-04-21 07:43:11 --> Output Class Initialized
INFO - 2025-04-21 07:43:11 --> Security Class Initialized
DEBUG - 2025-04-21 07:43:11 --> Global POST, GET and COOKIE data sanitized
INFO - 2025-04-21 07:43:11 --> Input Class Initialized
INFO - 2025-04-21 07:43:11 --> Language Class Initialized
INFO - 2025-04-21 07:43:11 --> Loader Class Initialized
INFO - 2025-04-21 07:43:11 --> Helper loaded: url_helper
INFO - 2025-04-21 07:43:11 --> Database Driver Class Initialized
INFO - 2025-04-21 07:43:11 --> Controller Class Initialized
INFO - 2025-04-21 07:43:11 --> Model "Mauth" initialized
INFO - 2025-04-21 07:43:11 --> Model "Mconfigkey" initialized
ERROR - 2025-04-21 07:43:11 --> Severity: Warning --> array_merge(): Expected parameter 1 to be an array, null given D:\xampp\htdocs\plb\dummyservice\application\controllers\PortalApiPlb.php 64
INFO - 2025-04-21 07:43:12 --> Final output sent to browser
DEBUG - 2025-04-21 07:43:12 --> Total execution time: 0.4385
INFO - 2025-04-21 07:43:14 --> Config Class Initialized
INFO - 2025-04-21 07:43:14 --> Hooks Class Initialized
DEBUG - 2025-04-21 07:43:14 --> UTF-8 Support Enabled
INFO - 2025-04-21 07:43:14 --> Utf8 Class Initialized
INFO - 2025-04-21 07:43:14 --> URI Class Initialized
INFO - 2025-04-21 07:43:14 --> Router Class Initialized
INFO - 2025-04-21 07:43:14 --> Output Class Initialized
INFO - 2025-04-21 07:43:14 --> Security Class Initialized
DEBUG - 2025-04-21 07:43:14 --> Global POST, GET and COOKIE data sanitized
INFO - 2025-04-21 07:43:14 --> Input Class Initialized
INFO - 2025-04-21 07:43:14 --> Language Class Initialized
INFO - 2025-04-21 07:43:14 --> Loader Class Initialized
INFO - 2025-04-21 07:43:14 --> Helper loaded: url_helper
INFO - 2025-04-21 07:43:14 --> Database Driver Class Initialized
INFO - 2025-04-21 07:43:14 --> Controller Class Initialized
INFO - 2025-04-21 07:43:14 --> Model "Mauth" initialized
INFO - 2025-04-21 07:43:14 --> Model "Mconfigkey" initialized
ERROR - 2025-04-21 07:43:14 --> Severity: Warning --> array_merge(): Expected parameter 1 to be an array, null given D:\xampp\htdocs\plb\dummyservice\application\controllers\PortalApiPlb.php 64
INFO - 2025-04-21 07:43:14 --> Final output sent to browser
DEBUG - 2025-04-21 07:43:14 --> Total execution time: 0.1829
INFO - 2025-04-21 10:44:39 --> Config Class Initialized
INFO - 2025-04-21 10:44:39 --> Hooks Class Initialized
DEBUG - 2025-04-21 10:44:39 --> UTF-8 Support Enabled
INFO - 2025-04-21 10:44:39 --> Utf8 Class Initialized
INFO - 2025-04-21 10:44:39 --> URI Class Initialized
INFO - 2025-04-21 10:44:39 --> Router Class Initialized
INFO - 2025-04-21 10:44:39 --> Output Class Initialized
INFO - 2025-04-21 10:44:39 --> Security Class Initialized
DEBUG - 2025-04-21 10:44:39 --> Global POST, GET and COOKIE data sanitized
INFO - 2025-04-21 10:44:39 --> Input Class Initialized
INFO - 2025-04-21 10:44:39 --> Language Class Initialized
INFO - 2025-04-21 10:44:39 --> Loader Class Initialized
INFO - 2025-04-21 10:44:39 --> Helper loaded: url_helper
INFO - 2025-04-21 10:44:39 --> Database Driver Class Initialized
INFO - 2025-04-21 10:44:39 --> Controller Class Initialized
INFO - 2025-04-21 10:44:39 --> Model "Mconfigkey" initialized
INFO - 2025-04-21 10:44:39 --> Final output sent to browser
DEBUG - 2025-04-21 10:44:39 --> Total execution time: 0.0239
INFO - 2025-04-21 10:44:46 --> Config Class Initialized
INFO - 2025-04-21 10:44:46 --> Hooks Class Initialized
DEBUG - 2025-04-21 10:44:46 --> UTF-8 Support Enabled
INFO - 2025-04-21 10:44:46 --> Utf8 Class Initialized
INFO - 2025-04-21 10:44:46 --> URI Class Initialized
INFO - 2025-04-21 10:44:46 --> Router Class Initialized
INFO - 2025-04-21 10:44:46 --> Output Class Initialized
INFO - 2025-04-21 10:44:46 --> Security Class Initialized
DEBUG - 2025-04-21 10:44:46 --> Global POST, GET and COOKIE data sanitized
INFO - 2025-04-21 10:44:46 --> Input Class Initialized
INFO - 2025-04-21 10:44:46 --> Language Class Initialized
INFO - 2025-04-21 10:44:46 --> Loader Class Initialized
INFO - 2025-04-21 10:44:46 --> Helper loaded: url_helper
INFO - 2025-04-21 10:44:46 --> Database Driver Class Initialized
INFO - 2025-04-21 10:44:46 --> Controller Class Initialized
INFO - 2025-04-21 10:44:46 --> Model "Mauth" initialized
INFO - 2025-04-21 10:44:47 --> Final output sent to browser
DEBUG - 2025-04-21 10:44:47 --> Total execution time: 0.0264
INFO - 2025-04-21 10:44:52 --> Config Class Initialized
INFO - 2025-04-21 10:44:52 --> Hooks Class Initialized
DEBUG - 2025-04-21 10:44:52 --> UTF-8 Support Enabled
INFO - 2025-04-21 10:44:52 --> Utf8 Class Initialized
INFO - 2025-04-21 10:44:52 --> URI Class Initialized
INFO - 2025-04-21 10:44:52 --> Router Class Initialized
INFO - 2025-04-21 10:44:52 --> Output Class Initialized
INFO - 2025-04-21 10:44:52 --> Security Class Initialized
DEBUG - 2025-04-21 10:44:52 --> Global POST, GET and COOKIE data sanitized
INFO - 2025-04-21 10:44:52 --> Input Class Initialized
INFO - 2025-04-21 10:44:52 --> Language Class Initialized
INFO - 2025-04-21 10:44:52 --> Loader Class Initialized
INFO - 2025-04-21 10:44:52 --> Helper loaded: url_helper
INFO - 2025-04-21 10:44:52 --> Database Driver Class Initialized
INFO - 2025-04-21 10:44:52 --> Controller Class Initialized
INFO - 2025-04-21 10:44:52 --> Model "Mauth" initialized
INFO - 2025-04-21 10:44:52 --> Model "Mconfigkey" initialized
INFO - 2025-04-21 10:44:52 --> Final output sent to browser
DEBUG - 2025-04-21 10:44:52 --> Total execution time: 0.0336
INFO - 2025-04-21 10:44:55 --> Config Class Initialized
INFO - 2025-04-21 10:44:55 --> Hooks Class Initialized
DEBUG - 2025-04-21 10:44:55 --> UTF-8 Support Enabled
INFO - 2025-04-21 10:44:55 --> Utf8 Class Initialized
INFO - 2025-04-21 10:44:55 --> URI Class Initialized
INFO - 2025-04-21 10:44:55 --> Router Class Initialized
INFO - 2025-04-21 10:44:55 --> Output Class Initialized
INFO - 2025-04-21 10:44:55 --> Security Class Initialized
DEBUG - 2025-04-21 10:44:55 --> Global POST, GET and COOKIE data sanitized
INFO - 2025-04-21 10:44:55 --> Input Class Initialized
INFO - 2025-04-21 10:44:55 --> Language Class Initialized
INFO - 2025-04-21 10:44:55 --> Loader Class Initialized
INFO - 2025-04-21 10:44:55 --> Helper loaded: url_helper
INFO - 2025-04-21 10:44:55 --> Database Driver Class Initialized
INFO - 2025-04-21 10:44:55 --> Controller Class Initialized
INFO - 2025-04-21 10:44:55 --> Model "Mconfigkey" initialized
INFO - 2025-04-21 10:44:55 --> Model "Mbcin_16" initialized
INFO - 2025-04-21 10:44:55 --> Final output sent to browser
DEBUG - 2025-04-21 10:44:55 --> Total execution time: 0.0507
INFO - 2025-04-21 10:44:58 --> Config Class Initialized
INFO - 2025-04-21 10:44:58 --> Hooks Class Initialized
DEBUG - 2025-04-21 10:44:58 --> UTF-8 Support Enabled
INFO - 2025-04-21 10:44:58 --> Utf8 Class Initialized
INFO - 2025-04-21 10:44:58 --> URI Class Initialized
INFO - 2025-04-21 10:44:58 --> Router Class Initialized
INFO - 2025-04-21 10:44:58 --> Output Class Initialized
INFO - 2025-04-21 10:44:58 --> Security Class Initialized
DEBUG - 2025-04-21 10:44:58 --> Global POST, GET and COOKIE data sanitized
INFO - 2025-04-21 10:44:58 --> Input Class Initialized
INFO - 2025-04-21 10:44:58 --> Language Class Initialized
INFO - 2025-04-21 10:44:58 --> Loader Class Initialized
INFO - 2025-04-21 10:44:58 --> Helper loaded: url_helper
INFO - 2025-04-21 10:44:58 --> Database Driver Class Initialized
INFO - 2025-04-21 10:44:58 --> Controller Class Initialized
INFO - 2025-04-21 10:44:58 --> Model "Mconfigkey" initialized
INFO - 2025-04-21 10:44:58 --> Model "Mgoods_in" initialized
INFO - 2025-04-21 10:44:58 --> Final output sent to browser
DEBUG - 2025-04-21 10:44:58 --> Total execution time: 0.0634
INFO - 2025-04-21 15:32:26 --> Config Class Initialized
INFO - 2025-04-21 15:32:26 --> Hooks Class Initialized
DEBUG - 2025-04-21 15:32:26 --> UTF-8 Support Enabled
INFO - 2025-04-21 15:32:26 --> Utf8 Class Initialized
INFO - 2025-04-21 15:32:26 --> URI Class Initialized
INFO - 2025-04-21 15:32:26 --> Router Class Initialized
INFO - 2025-04-21 15:32:26 --> Output Class Initialized
INFO - 2025-04-21 15:32:26 --> Security Class Initialized
DEBUG - 2025-04-21 15:32:26 --> Global POST, GET and COOKIE data sanitized
INFO - 2025-04-21 15:32:26 --> Input Class Initialized
INFO - 2025-04-21 15:32:26 --> Language Class Initialized
INFO - 2025-04-21 15:32:26 --> Loader Class Initialized
INFO - 2025-04-21 15:32:26 --> Helper loaded: url_helper
INFO - 2025-04-21 15:32:26 --> Database Driver Class Initialized
INFO - 2025-04-21 15:32:26 --> Controller Class Initialized
INFO - 2025-04-21 15:32:26 --> Model "Mconfigkey" initialized
INFO - 2025-04-21 15:32:26 --> Final output sent to browser
DEBUG - 2025-04-21 15:32:26 --> Total execution time: 0.0244
INFO - 2025-04-21 15:32:33 --> Config Class Initialized
INFO - 2025-04-21 15:32:33 --> Hooks Class Initialized
DEBUG - 2025-04-21 15:32:33 --> UTF-8 Support Enabled
INFO - 2025-04-21 15:32:33 --> Utf8 Class Initialized
INFO - 2025-04-21 15:32:33 --> URI Class Initialized
INFO - 2025-04-21 15:32:33 --> Router Class Initialized
INFO - 2025-04-21 15:32:33 --> Output Class Initialized
INFO - 2025-04-21 15:32:33 --> Security Class Initialized
DEBUG - 2025-04-21 15:32:33 --> Global POST, GET and COOKIE data sanitized
INFO - 2025-04-21 15:32:33 --> Input Class Initialized
INFO - 2025-04-21 15:32:33 --> Language Class Initialized
INFO - 2025-04-21 15:32:33 --> Loader Class Initialized
INFO - 2025-04-21 15:32:33 --> Helper loaded: url_helper
INFO - 2025-04-21 15:32:33 --> Database Driver Class Initialized
INFO - 2025-04-21 15:32:33 --> Controller Class Initialized
INFO - 2025-04-21 15:32:33 --> Model "Mauth" initialized
INFO - 2025-04-21 15:32:33 --> Final output sent to browser
DEBUG - 2025-04-21 15:32:33 --> Total execution time: 0.0218
INFO - 2025-04-21 15:32:44 --> Config Class Initialized
INFO - 2025-04-21 15:32:44 --> Hooks Class Initialized
DEBUG - 2025-04-21 15:32:44 --> UTF-8 Support Enabled
INFO - 2025-04-21 15:32:44 --> Utf8 Class Initialized
INFO - 2025-04-21 15:32:44 --> URI Class Initialized
INFO - 2025-04-21 15:32:44 --> Router Class Initialized
INFO - 2025-04-21 15:32:44 --> Output Class Initialized
INFO - 2025-04-21 15:32:44 --> Security Class Initialized
DEBUG - 2025-04-21 15:32:44 --> Global POST, GET and COOKIE data sanitized
INFO - 2025-04-21 15:32:44 --> Input Class Initialized
INFO - 2025-04-21 15:32:44 --> Language Class Initialized
INFO - 2025-04-21 15:32:44 --> Loader Class Initialized
INFO - 2025-04-21 15:32:44 --> Helper loaded: url_helper
INFO - 2025-04-21 15:32:44 --> Database Driver Class Initialized
INFO - 2025-04-21 15:32:44 --> Controller Class Initialized
INFO - 2025-04-21 15:32:44 --> Model "Mauth" initialized
INFO - 2025-04-21 15:32:44 --> Model "Mconfigkey" initialized
INFO - 2025-04-21 15:32:44 --> Final output sent to browser
DEBUG - 2025-04-21 15:32:44 --> Total execution time: 0.0333
INFO - 2025-04-21 15:32:51 --> Config Class Initialized
INFO - 2025-04-21 15:32:51 --> Hooks Class Initialized
DEBUG - 2025-04-21 15:32:51 --> UTF-8 Support Enabled
INFO - 2025-04-21 15:32:51 --> Utf8 Class Initialized
INFO - 2025-04-21 15:32:51 --> URI Class Initialized
INFO - 2025-04-21 15:32:51 --> Router Class Initialized
INFO - 2025-04-21 15:32:51 --> Output Class Initialized
INFO - 2025-04-21 15:32:51 --> Security Class Initialized
DEBUG - 2025-04-21 15:32:51 --> Global POST, GET and COOKIE data sanitized
INFO - 2025-04-21 15:32:51 --> Input Class Initialized
INFO - 2025-04-21 15:32:51 --> Language Class Initialized
INFO - 2025-04-21 15:32:51 --> Loader Class Initialized
INFO - 2025-04-21 15:32:51 --> Helper loaded: url_helper
INFO - 2025-04-21 15:32:51 --> Database Driver Class Initialized
INFO - 2025-04-21 15:32:51 --> Controller Class Initialized
INFO - 2025-04-21 15:32:51 --> Model "Mconfigkey" initialized
INFO - 2025-04-21 15:32:51 --> Model "Mgoods_in" initialized
INFO - 2025-04-21 15:32:51 --> Final output sent to browser
DEBUG - 2025-04-21 15:32:51 --> Total execution time: 0.0397
INFO - 2025-04-21 15:33:01 --> Config Class Initialized
INFO - 2025-04-21 15:33:01 --> Hooks Class Initialized
DEBUG - 2025-04-21 15:33:01 --> UTF-8 Support Enabled
INFO - 2025-04-21 15:33:01 --> Utf8 Class Initialized
INFO - 2025-04-21 15:33:01 --> URI Class Initialized
INFO - 2025-04-21 15:33:01 --> Router Class Initialized
INFO - 2025-04-21 15:33:01 --> Output Class Initialized
INFO - 2025-04-21 15:33:01 --> Security Class Initialized
DEBUG - 2025-04-21 15:33:01 --> Global POST, GET and COOKIE data sanitized
INFO - 2025-04-21 15:33:01 --> Input Class Initialized
INFO - 2025-04-21 15:33:01 --> Language Class Initialized
INFO - 2025-04-21 15:33:01 --> Loader Class Initialized
INFO - 2025-04-21 15:33:01 --> Helper loaded: url_helper
INFO - 2025-04-21 15:33:01 --> Database Driver Class Initialized
INFO - 2025-04-21 15:33:01 --> Controller Class Initialized
INFO - 2025-04-21 15:33:01 --> Model "Mconfigkey" initialized
INFO - 2025-04-21 15:33:01 --> Model "Msync_doc_aw" initialized
INFO - 2025-04-21 15:33:01 --> Final output sent to browser
DEBUG - 2025-04-21 15:33:01 --> Total execution time: 0.2338
INFO - 2025-04-21 15:33:03 --> Config Class Initialized
INFO - 2025-04-21 15:33:03 --> Hooks Class Initialized
DEBUG - 2025-04-21 15:33:03 --> UTF-8 Support Enabled
INFO - 2025-04-21 15:33:03 --> Utf8 Class Initialized
INFO - 2025-04-21 15:33:03 --> URI Class Initialized
INFO - 2025-04-21 15:33:03 --> Router Class Initialized
INFO - 2025-04-21 15:33:03 --> Output Class Initialized
INFO - 2025-04-21 15:33:03 --> Security Class Initialized
DEBUG - 2025-04-21 15:33:03 --> Global POST, GET and COOKIE data sanitized
INFO - 2025-04-21 15:33:03 --> Input Class Initialized
INFO - 2025-04-21 15:33:03 --> Language Class Initialized
INFO - 2025-04-21 15:33:03 --> Loader Class Initialized
INFO - 2025-04-21 15:33:03 --> Helper loaded: url_helper
INFO - 2025-04-21 15:33:03 --> Database Driver Class Initialized
INFO - 2025-04-21 15:33:03 --> Controller Class Initialized
INFO - 2025-04-21 15:33:03 --> Model "Mconfigkey" initialized
INFO - 2025-04-21 15:33:03 --> Model "Mportal_data" initialized
INFO - 2025-04-21 15:33:03 --> Final output sent to browser
DEBUG - 2025-04-21 15:33:03 --> Total execution time: 0.0547
INFO - 2025-04-21 15:33:05 --> Config Class Initialized
INFO - 2025-04-21 15:33:05 --> Hooks Class Initialized
DEBUG - 2025-04-21 15:33:05 --> UTF-8 Support Enabled
INFO - 2025-04-21 15:33:05 --> Utf8 Class Initialized
INFO - 2025-04-21 15:33:05 --> URI Class Initialized
INFO - 2025-04-21 15:33:05 --> Router Class Initialized
INFO - 2025-04-21 15:33:05 --> Output Class Initialized
INFO - 2025-04-21 15:33:05 --> Security Class Initialized
DEBUG - 2025-04-21 15:33:05 --> Global POST, GET and COOKIE data sanitized
INFO - 2025-04-21 15:33:05 --> Input Class Initialized
INFO - 2025-04-21 15:33:05 --> Language Class Initialized
INFO - 2025-04-21 15:33:05 --> Loader Class Initialized
INFO - 2025-04-21 15:33:05 --> Helper loaded: url_helper
INFO - 2025-04-21 15:33:05 --> Database Driver Class Initialized
INFO - 2025-04-21 15:33:05 --> Controller Class Initialized
INFO - 2025-04-21 15:33:05 --> Model "Mconfigkey" initialized
INFO - 2025-04-21 15:33:05 --> Model "Mportal_data" initialized
INFO - 2025-04-21 15:33:05 --> Final output sent to browser
DEBUG - 2025-04-21 15:33:05 --> Total execution time: 0.0436
INFO - 2025-04-21 15:33:06 --> Config Class Initialized
INFO - 2025-04-21 15:33:06 --> Hooks Class Initialized
DEBUG - 2025-04-21 15:33:06 --> UTF-8 Support Enabled
INFO - 2025-04-21 15:33:06 --> Utf8 Class Initialized
INFO - 2025-04-21 15:33:06 --> URI Class Initialized
INFO - 2025-04-21 15:33:06 --> Router Class Initialized
INFO - 2025-04-21 15:33:06 --> Output Class Initialized
INFO - 2025-04-21 15:33:06 --> Security Class Initialized
DEBUG - 2025-04-21 15:33:06 --> Global POST, GET and COOKIE data sanitized
INFO - 2025-04-21 15:33:06 --> Input Class Initialized
INFO - 2025-04-21 15:33:06 --> Language Class Initialized
INFO - 2025-04-21 15:33:06 --> Loader Class Initialized
INFO - 2025-04-21 15:33:06 --> Helper loaded: url_helper
INFO - 2025-04-21 15:33:06 --> Database Driver Class Initialized
INFO - 2025-04-21 15:33:06 --> Controller Class Initialized
INFO - 2025-04-21 15:33:06 --> Model "Mconfigkey" initialized
INFO - 2025-04-21 15:33:06 --> Model "Msync_delivery_instruction" initialized
INFO - 2025-04-21 15:33:06 --> Final output sent to browser
DEBUG - 2025-04-21 15:33:06 --> Total execution time: 0.0564
INFO - 2025-04-21 15:34:41 --> Config Class Initialized
INFO - 2025-04-21 15:34:41 --> Hooks Class Initialized
DEBUG - 2025-04-21 15:34:41 --> UTF-8 Support Enabled
INFO - 2025-04-21 15:34:41 --> Utf8 Class Initialized
INFO - 2025-04-21 15:34:41 --> URI Class Initialized
INFO - 2025-04-21 15:34:41 --> Router Class Initialized
INFO - 2025-04-21 15:34:41 --> Output Class Initialized
INFO - 2025-04-21 15:34:41 --> Security Class Initialized
DEBUG - 2025-04-21 15:34:41 --> Global POST, GET and COOKIE data sanitized
INFO - 2025-04-21 15:34:41 --> Input Class Initialized
INFO - 2025-04-21 15:34:41 --> Language Class Initialized
INFO - 2025-04-21 15:34:41 --> Loader Class Initialized
INFO - 2025-04-21 15:34:41 --> Helper loaded: url_helper
INFO - 2025-04-21 15:34:41 --> Database Driver Class Initialized
INFO - 2025-04-21 15:34:41 --> Controller Class Initialized
INFO - 2025-04-21 15:34:41 --> Model "Mconfigkey" initialized
INFO - 2025-04-21 15:34:41 --> Model "Msync_doc_aw" initialized
INFO - 2025-04-21 15:35:04 --> Final output sent to browser
DEBUG - 2025-04-21 15:35:04 --> Total execution time: 23.3302
INFO - 2025-04-21 15:35:04 --> Config Class Initialized
INFO - 2025-04-21 15:35:04 --> Hooks Class Initialized
DEBUG - 2025-04-21 15:35:04 --> UTF-8 Support Enabled
INFO - 2025-04-21 15:35:04 --> Utf8 Class Initialized
INFO - 2025-04-21 15:35:04 --> URI Class Initialized
INFO - 2025-04-21 15:35:04 --> Router Class Initialized
INFO - 2025-04-21 15:35:04 --> Output Class Initialized
INFO - 2025-04-21 15:35:04 --> Security Class Initialized
DEBUG - 2025-04-21 15:35:04 --> Global POST, GET and COOKIE data sanitized
INFO - 2025-04-21 15:35:04 --> Input Class Initialized
INFO - 2025-04-21 15:35:04 --> Language Class Initialized
INFO - 2025-04-21 15:35:04 --> Loader Class Initialized
INFO - 2025-04-21 15:35:04 --> Helper loaded: url_helper
INFO - 2025-04-21 15:35:04 --> Database Driver Class Initialized
INFO - 2025-04-21 15:35:04 --> Controller Class Initialized
INFO - 2025-04-21 15:35:04 --> Model "Mconfigkey" initialized
INFO - 2025-04-21 15:35:04 --> Model "Msync_doc_aw" initialized
INFO - 2025-04-21 15:35:05 --> Final output sent to browser
DEBUG - 2025-04-21 15:35:05 --> Total execution time: 0.3050
INFO - 2025-04-21 15:35:54 --> Config Class Initialized
INFO - 2025-04-21 15:35:54 --> Hooks Class Initialized
DEBUG - 2025-04-21 15:35:54 --> UTF-8 Support Enabled
INFO - 2025-04-21 15:35:54 --> Utf8 Class Initialized
INFO - 2025-04-21 15:35:54 --> URI Class Initialized
INFO - 2025-04-21 15:35:54 --> Router Class Initialized
INFO - 2025-04-21 15:35:54 --> Output Class Initialized
INFO - 2025-04-21 15:35:54 --> Security Class Initialized
DEBUG - 2025-04-21 15:35:54 --> Global POST, GET and COOKIE data sanitized
INFO - 2025-04-21 15:35:54 --> Input Class Initialized
INFO - 2025-04-21 15:35:54 --> Language Class Initialized
INFO - 2025-04-21 15:35:54 --> Loader Class Initialized
INFO - 2025-04-21 15:35:54 --> Helper loaded: url_helper
INFO - 2025-04-21 15:35:54 --> Database Driver Class Initialized
INFO - 2025-04-21 15:35:54 --> Controller Class Initialized
INFO - 2025-04-21 15:35:54 --> Model "Mconfigkey" initialized
INFO - 2025-04-21 15:35:54 --> Model "Msync_doc_aw" initialized
INFO - 2025-04-21 15:36:52 --> Final output sent to browser
DEBUG - 2025-04-21 15:36:52 --> Total execution time: 58.0110
INFO - 2025-04-21 15:36:52 --> Config Class Initialized
INFO - 2025-04-21 15:36:52 --> Hooks Class Initialized
DEBUG - 2025-04-21 15:36:52 --> UTF-8 Support Enabled
INFO - 2025-04-21 15:36:52 --> Utf8 Class Initialized
INFO - 2025-04-21 15:36:52 --> URI Class Initialized
INFO - 2025-04-21 15:36:52 --> Router Class Initialized
INFO - 2025-04-21 15:36:52 --> Output Class Initialized
INFO - 2025-04-21 15:36:52 --> Security Class Initialized
DEBUG - 2025-04-21 15:36:52 --> Global POST, GET and COOKIE data sanitized
INFO - 2025-04-21 15:36:52 --> Input Class Initialized
INFO - 2025-04-21 15:36:52 --> Language Class Initialized
INFO - 2025-04-21 15:36:52 --> Loader Class Initialized
INFO - 2025-04-21 15:36:52 --> Helper loaded: url_helper
INFO - 2025-04-21 15:36:52 --> Database Driver Class Initialized
INFO - 2025-04-21 15:36:52 --> Controller Class Initialized
INFO - 2025-04-21 15:36:52 --> Model "Mconfigkey" initialized
INFO - 2025-04-21 15:36:52 --> Model "Msync_doc_aw" initialized
INFO - 2025-04-21 15:36:53 --> Final output sent to browser
DEBUG - 2025-04-21 15:36:53 --> Total execution time: 0.2451
INFO - 2025-04-21 15:37:10 --> Config Class Initialized
INFO - 2025-04-21 15:37:10 --> Hooks Class Initialized
DEBUG - 2025-04-21 15:37:10 --> UTF-8 Support Enabled
INFO - 2025-04-21 15:37:10 --> Utf8 Class Initialized
INFO - 2025-04-21 15:37:10 --> URI Class Initialized
INFO - 2025-04-21 15:37:10 --> Router Class Initialized
INFO - 2025-04-21 15:37:10 --> Output Class Initialized
INFO - 2025-04-21 15:37:10 --> Security Class Initialized
DEBUG - 2025-04-21 15:37:10 --> Global POST, GET and COOKIE data sanitized
INFO - 2025-04-21 15:37:10 --> Input Class Initialized
INFO - 2025-04-21 15:37:10 --> Language Class Initialized
INFO - 2025-04-21 15:37:10 --> Loader Class Initialized
INFO - 2025-04-21 15:37:10 --> Helper loaded: url_helper
INFO - 2025-04-21 15:37:10 --> Database Driver Class Initialized
INFO - 2025-04-21 15:37:10 --> Controller Class Initialized
INFO - 2025-04-21 15:37:10 --> Model "Mconfigkey" initialized
INFO - 2025-04-21 15:37:10 --> Model "Mportal_data" initialized
INFO - 2025-04-21 15:37:10 --> Final output sent to browser
DEBUG - 2025-04-21 15:37:10 --> Total execution time: 0.0528
INFO - 2025-04-21 15:37:19 --> Config Class Initialized
INFO - 2025-04-21 15:37:19 --> Hooks Class Initialized
DEBUG - 2025-04-21 15:37:19 --> UTF-8 Support Enabled
INFO - 2025-04-21 15:37:19 --> Utf8 Class Initialized
INFO - 2025-04-21 15:37:19 --> URI Class Initialized
INFO - 2025-04-21 15:37:19 --> Router Class Initialized
INFO - 2025-04-21 15:37:19 --> Output Class Initialized
INFO - 2025-04-21 15:37:19 --> Security Class Initialized
DEBUG - 2025-04-21 15:37:19 --> Global POST, GET and COOKIE data sanitized
INFO - 2025-04-21 15:37:19 --> Input Class Initialized
INFO - 2025-04-21 15:37:19 --> Language Class Initialized
INFO - 2025-04-21 15:37:19 --> Loader Class Initialized
INFO - 2025-04-21 15:37:19 --> Helper loaded: url_helper
INFO - 2025-04-21 15:37:19 --> Database Driver Class Initialized
INFO - 2025-04-21 15:37:19 --> Controller Class Initialized
INFO - 2025-04-21 15:37:19 --> Model "Mconfigkey" initialized
INFO - 2025-04-21 15:37:19 --> Model "Mportal_data" initialized
INFO - 2025-04-21 15:37:22 --> Final output sent to browser
DEBUG - 2025-04-21 15:37:22 --> Total execution time: 3.0582
INFO - 2025-04-21 15:37:23 --> Config Class Initialized
INFO - 2025-04-21 15:37:23 --> Hooks Class Initialized
DEBUG - 2025-04-21 15:37:23 --> UTF-8 Support Enabled
INFO - 2025-04-21 15:37:23 --> Utf8 Class Initialized
INFO - 2025-04-21 15:37:23 --> URI Class Initialized
INFO - 2025-04-21 15:37:23 --> Router Class Initialized
INFO - 2025-04-21 15:37:23 --> Output Class Initialized
INFO - 2025-04-21 15:37:23 --> Security Class Initialized
DEBUG - 2025-04-21 15:37:23 --> Global POST, GET and COOKIE data sanitized
INFO - 2025-04-21 15:37:23 --> Input Class Initialized
INFO - 2025-04-21 15:37:23 --> Language Class Initialized
INFO - 2025-04-21 15:37:23 --> Loader Class Initialized
INFO - 2025-04-21 15:37:23 --> Helper loaded: url_helper
INFO - 2025-04-21 15:37:23 --> Database Driver Class Initialized
INFO - 2025-04-21 15:37:23 --> Controller Class Initialized
INFO - 2025-04-21 15:37:23 --> Model "Mconfigkey" initialized
INFO - 2025-04-21 15:37:23 --> Model "Mportal_data" initialized
INFO - 2025-04-21 15:37:23 --> Final output sent to browser
DEBUG - 2025-04-21 15:37:23 --> Total execution time: 0.3676
INFO - 2025-04-21 15:38:27 --> Config Class Initialized
INFO - 2025-04-21 15:38:27 --> Hooks Class Initialized
DEBUG - 2025-04-21 15:38:27 --> UTF-8 Support Enabled
INFO - 2025-04-21 15:38:27 --> Utf8 Class Initialized
INFO - 2025-04-21 15:38:27 --> URI Class Initialized
INFO - 2025-04-21 15:38:27 --> Router Class Initialized
INFO - 2025-04-21 15:38:27 --> Output Class Initialized
INFO - 2025-04-21 15:38:27 --> Security Class Initialized
DEBUG - 2025-04-21 15:38:27 --> Global POST, GET and COOKIE data sanitized
INFO - 2025-04-21 15:38:27 --> Input Class Initialized
INFO - 2025-04-21 15:38:27 --> Language Class Initialized
INFO - 2025-04-21 15:38:27 --> Loader Class Initialized
INFO - 2025-04-21 15:38:27 --> Helper loaded: url_helper
INFO - 2025-04-21 15:38:27 --> Database Driver Class Initialized
INFO - 2025-04-21 15:38:27 --> Controller Class Initialized
INFO - 2025-04-21 15:38:27 --> Model "Mconfigkey" initialized
INFO - 2025-04-21 15:38:27 --> Model "Mbcin_16" initialized
INFO - 2025-04-21 15:38:27 --> Final output sent to browser
DEBUG - 2025-04-21 15:38:27 --> Total execution time: 0.0227
INFO - 2025-04-21 15:38:29 --> Config Class Initialized
INFO - 2025-04-21 15:38:29 --> Hooks Class Initialized
DEBUG - 2025-04-21 15:38:29 --> UTF-8 Support Enabled
INFO - 2025-04-21 15:38:29 --> Utf8 Class Initialized
INFO - 2025-04-21 15:38:29 --> URI Class Initialized
INFO - 2025-04-21 15:38:29 --> Router Class Initialized
INFO - 2025-04-21 15:38:29 --> Output Class Initialized
INFO - 2025-04-21 15:38:29 --> Security Class Initialized
DEBUG - 2025-04-21 15:38:29 --> Global POST, GET and COOKIE data sanitized
INFO - 2025-04-21 15:38:29 --> Input Class Initialized
INFO - 2025-04-21 15:38:29 --> Language Class Initialized
INFO - 2025-04-21 15:38:29 --> Loader Class Initialized
INFO - 2025-04-21 15:38:29 --> Helper loaded: url_helper
INFO - 2025-04-21 15:38:29 --> Database Driver Class Initialized
INFO - 2025-04-21 15:38:29 --> Controller Class Initialized
INFO - 2025-04-21 15:38:29 --> Model "Mconfigkey" initialized
INFO - 2025-04-21 15:38:29 --> Model "Mbcin_271_aw" initialized
INFO - 2025-04-21 15:38:29 --> Final output sent to browser
DEBUG - 2025-04-21 15:38:29 --> Total execution time: 0.1321
INFO - 2025-04-21 20:59:01 --> Config Class Initialized
INFO - 2025-04-21 20:59:01 --> Hooks Class Initialized
DEBUG - 2025-04-21 20:59:01 --> UTF-8 Support Enabled
INFO - 2025-04-21 20:59:01 --> Utf8 Class Initialized
INFO - 2025-04-21 20:59:01 --> URI Class Initialized
INFO - 2025-04-21 20:59:01 --> Router Class Initialized
INFO - 2025-04-21 20:59:01 --> Output Class Initialized
INFO - 2025-04-21 20:59:01 --> Security Class Initialized
DEBUG - 2025-04-21 20:59:01 --> Global POST, GET and COOKIE data sanitized
INFO - 2025-04-21 20:59:01 --> Input Class Initialized
INFO - 2025-04-21 20:59:01 --> Language Class Initialized
INFO - 2025-04-21 20:59:01 --> Loader Class Initialized
INFO - 2025-04-21 20:59:01 --> Helper loaded: url_helper
INFO - 2025-04-21 20:59:01 --> Database Driver Class Initialized
INFO - 2025-04-21 20:59:01 --> Controller Class Initialized
INFO - 2025-04-21 20:59:01 --> Model "Mconfigkey" initialized
INFO - 2025-04-21 20:59:01 --> Final output sent to browser
DEBUG - 2025-04-21 20:59:01 --> Total execution time: 0.0302
INFO - 2025-04-21 20:59:38 --> Config Class Initialized
INFO - 2025-04-21 20:59:38 --> Hooks Class Initialized
DEBUG - 2025-04-21 20:59:38 --> UTF-8 Support Enabled
INFO - 2025-04-21 20:59:38 --> Utf8 Class Initialized
INFO - 2025-04-21 20:59:38 --> URI Class Initialized
INFO - 2025-04-21 20:59:38 --> Router Class Initialized
INFO - 2025-04-21 20:59:38 --> Output Class Initialized
INFO - 2025-04-21 20:59:38 --> Security Class Initialized
DEBUG - 2025-04-21 20:59:38 --> Global POST, GET and COOKIE data sanitized
INFO - 2025-04-21 20:59:38 --> Input Class Initialized
INFO - 2025-04-21 20:59:38 --> Language Class Initialized
INFO - 2025-04-21 20:59:38 --> Loader Class Initialized
INFO - 2025-04-21 20:59:38 --> Helper loaded: url_helper
INFO - 2025-04-21 20:59:38 --> Database Driver Class Initialized
INFO - 2025-04-21 20:59:38 --> Controller Class Initialized
INFO - 2025-04-21 20:59:38 --> Model "Mconfigkey" initialized
INFO - 2025-04-21 20:59:38 --> Final output sent to browser
DEBUG - 2025-04-21 20:59:38 --> Total execution time: 0.0250
INFO - 2025-04-21 20:59:47 --> Config Class Initialized
INFO - 2025-04-21 20:59:47 --> Hooks Class Initialized
DEBUG - 2025-04-21 20:59:47 --> UTF-8 Support Enabled
INFO - 2025-04-21 20:59:47 --> Utf8 Class Initialized
INFO - 2025-04-21 20:59:47 --> URI Class Initialized
INFO - 2025-04-21 20:59:47 --> Router Class Initialized
INFO - 2025-04-21 20:59:47 --> Output Class Initialized
INFO - 2025-04-21 20:59:47 --> Security Class Initialized
DEBUG - 2025-04-21 20:59:47 --> Global POST, GET and COOKIE data sanitized
INFO - 2025-04-21 20:59:47 --> Input Class Initialized
INFO - 2025-04-21 20:59:47 --> Language Class Initialized
INFO - 2025-04-21 20:59:47 --> Loader Class Initialized
INFO - 2025-04-21 20:59:47 --> Helper loaded: url_helper
INFO - 2025-04-21 20:59:47 --> Database Driver Class Initialized
INFO - 2025-04-21 20:59:47 --> Controller Class Initialized
INFO - 2025-04-21 20:59:47 --> Model "Mconfigkey" initialized
INFO - 2025-04-21 20:59:47 --> Final output sent to browser
DEBUG - 2025-04-21 20:59:47 --> Total execution time: 0.0209
INFO - 2025-04-21 20:59:48 --> Config Class Initialized
INFO - 2025-04-21 20:59:48 --> Hooks Class Initialized
DEBUG - 2025-04-21 20:59:48 --> UTF-8 Support Enabled
INFO - 2025-04-21 20:59:48 --> Utf8 Class Initialized
INFO - 2025-04-21 20:59:48 --> URI Class Initialized
INFO - 2025-04-21 20:59:48 --> Router Class Initialized
INFO - 2025-04-21 20:59:48 --> Output Class Initialized
INFO - 2025-04-21 20:59:48 --> Security Class Initialized
DEBUG - 2025-04-21 20:59:48 --> Global POST, GET and COOKIE data sanitized
INFO - 2025-04-21 20:59:48 --> Input Class Initialized
INFO - 2025-04-21 20:59:48 --> Language Class Initialized
INFO - 2025-04-21 20:59:48 --> Loader Class Initialized
INFO - 2025-04-21 20:59:48 --> Helper loaded: url_helper
INFO - 2025-04-21 20:59:48 --> Database Driver Class Initialized
INFO - 2025-04-21 20:59:48 --> Controller Class Initialized
INFO - 2025-04-21 20:59:48 --> Model "Mconfigkey" initialized
INFO - 2025-04-21 20:59:48 --> Final output sent to browser
DEBUG - 2025-04-21 20:59:48 --> Total execution time: 0.0209
