INFO - 2023-11-20 23:10:18 --> Config Class Initialized
INFO - 2023-11-20 23:10:18 --> Hooks Class Initialized
DEBUG - 2023-11-20 23:10:19 --> UTF-8 Support Enabled
INFO - 2023-11-20 23:10:19 --> Utf8 Class Initialized
INFO - 2023-11-20 23:10:19 --> URI Class Initialized
INFO - 2023-11-20 23:10:19 --> Router Class Initialized
INFO - 2023-11-20 23:10:19 --> Output Class Initialized
INFO - 2023-11-20 23:10:19 --> Security Class Initialized
DEBUG - 2023-11-20 23:10:19 --> Global POST, GET and COOKIE data sanitized
INFO - 2023-11-20 23:10:19 --> Input Class Initialized
INFO - 2023-11-20 23:10:19 --> Language Class Initialized
INFO - 2023-11-20 23:10:19 --> Loader Class Initialized
INFO - 2023-11-20 23:10:19 --> Helper loaded: url_helper
INFO - 2023-11-20 23:10:20 --> Database Driver Class Initialized
INFO - 2023-11-20 23:10:20 --> Controller Class Initialized
INFO - 2023-11-20 23:10:20 --> Model "Mauth" initialized
INFO - 2023-11-20 23:10:21 --> Model "Mconfigkey" initialized
INFO - 2023-11-20 23:10:21 --> Final output sent to browser
DEBUG - 2023-11-20 23:10:21 --> Total execution time: 2.2963
INFO - 2023-11-20 23:10:32 --> Config Class Initialized
INFO - 2023-11-20 23:10:32 --> Hooks Class Initialized
DEBUG - 2023-11-20 23:10:32 --> UTF-8 Support Enabled
INFO - 2023-11-20 23:10:32 --> Utf8 Class Initialized
INFO - 2023-11-20 23:10:32 --> URI Class Initialized
INFO - 2023-11-20 23:10:32 --> Router Class Initialized
INFO - 2023-11-20 23:10:32 --> Output Class Initialized
INFO - 2023-11-20 23:10:32 --> Security Class Initialized
DEBUG - 2023-11-20 23:10:32 --> Global POST, GET and COOKIE data sanitized
INFO - 2023-11-20 23:10:32 --> Input Class Initialized
INFO - 2023-11-20 23:10:32 --> Language Class Initialized
INFO - 2023-11-20 23:10:32 --> Loader Class Initialized
INFO - 2023-11-20 23:10:32 --> Helper loaded: url_helper
INFO - 2023-11-20 23:10:32 --> Database Driver Class Initialized
INFO - 2023-11-20 23:10:32 --> Controller Class Initialized
INFO - 2023-11-20 23:10:32 --> Model "Mconfigkey" initialized
INFO - 2023-11-20 23:10:32 --> Model "Mext_rpt_pemasukan" initialized
INFO - 2023-11-20 23:10:32 --> Final output sent to browser
DEBUG - 2023-11-20 23:10:32 --> Total execution time: 0.5645
INFO - 2023-11-20 23:12:13 --> Config Class Initialized
INFO - 2023-11-20 23:12:13 --> Hooks Class Initialized
DEBUG - 2023-11-20 23:12:13 --> UTF-8 Support Enabled
INFO - 2023-11-20 23:12:13 --> Utf8 Class Initialized
INFO - 2023-11-20 23:12:13 --> URI Class Initialized
INFO - 2023-11-20 23:12:13 --> Router Class Initialized
INFO - 2023-11-20 23:12:13 --> Output Class Initialized
INFO - 2023-11-20 23:12:13 --> Security Class Initialized
DEBUG - 2023-11-20 23:12:13 --> Global POST, GET and COOKIE data sanitized
INFO - 2023-11-20 23:12:13 --> Input Class Initialized
INFO - 2023-11-20 23:12:13 --> Language Class Initialized
INFO - 2023-11-20 23:12:13 --> Loader Class Initialized
INFO - 2023-11-20 23:12:13 --> Helper loaded: url_helper
INFO - 2023-11-20 23:12:13 --> Database Driver Class Initialized
INFO - 2023-11-20 23:12:13 --> Controller Class Initialized
INFO - 2023-11-20 23:12:13 --> Model "Mconfigkey" initialized
INFO - 2023-11-20 23:12:13 --> Model "Mext_rpt_pemasukan" initialized
INFO - 2023-11-20 23:12:13 --> Final output sent to browser
DEBUG - 2023-11-20 23:12:13 --> Total execution time: 0.3268
INFO - 2023-11-20 23:12:17 --> Config Class Initialized
INFO - 2023-11-20 23:12:17 --> Hooks Class Initialized
DEBUG - 2023-11-20 23:12:17 --> UTF-8 Support Enabled
INFO - 2023-11-20 23:12:17 --> Utf8 Class Initialized
INFO - 2023-11-20 23:12:17 --> URI Class Initialized
INFO - 2023-11-20 23:12:17 --> Router Class Initialized
INFO - 2023-11-20 23:12:17 --> Output Class Initialized
INFO - 2023-11-20 23:12:17 --> Security Class Initialized
DEBUG - 2023-11-20 23:12:17 --> Global POST, GET and COOKIE data sanitized
INFO - 2023-11-20 23:12:17 --> Input Class Initialized
INFO - 2023-11-20 23:12:17 --> Language Class Initialized
INFO - 2023-11-20 23:12:17 --> Loader Class Initialized
INFO - 2023-11-20 23:12:17 --> Helper loaded: url_helper
INFO - 2023-11-20 23:12:17 --> Database Driver Class Initialized
INFO - 2023-11-20 23:12:17 --> Controller Class Initialized
INFO - 2023-11-20 23:12:17 --> Model "Mconfigkey" initialized
INFO - 2023-11-20 23:12:17 --> Model "Mext_rpt_pemasukan" initialized
INFO - 2023-11-20 23:12:17 --> Final output sent to browser
DEBUG - 2023-11-20 23:12:17 --> Total execution time: 0.4363
INFO - 2023-11-20 23:13:45 --> Config Class Initialized
INFO - 2023-11-20 23:13:45 --> Hooks Class Initialized
DEBUG - 2023-11-20 23:13:45 --> UTF-8 Support Enabled
INFO - 2023-11-20 23:13:45 --> Utf8 Class Initialized
INFO - 2023-11-20 23:13:45 --> URI Class Initialized
INFO - 2023-11-20 23:13:45 --> Router Class Initialized
INFO - 2023-11-20 23:13:45 --> Output Class Initialized
INFO - 2023-11-20 23:13:45 --> Security Class Initialized
DEBUG - 2023-11-20 23:13:45 --> Global POST, GET and COOKIE data sanitized
INFO - 2023-11-20 23:13:45 --> Input Class Initialized
INFO - 2023-11-20 23:13:45 --> Language Class Initialized
INFO - 2023-11-20 23:13:45 --> Loader Class Initialized
INFO - 2023-11-20 23:13:45 --> Helper loaded: url_helper
INFO - 2023-11-20 23:13:45 --> Database Driver Class Initialized
INFO - 2023-11-20 23:13:46 --> Controller Class Initialized
INFO - 2023-11-20 23:13:46 --> Model "Mconfigkey" initialized
ERROR - 2023-11-20 23:13:46 --> Severity: error --> Exception: Unable to locate the model you have specified: Mext_rpt_bahanbaku_penolong C:\xampp\htdocs\pabean\dummyservice\system\core\Loader.php 348
INFO - 2023-11-20 23:13:59 --> Config Class Initialized
INFO - 2023-11-20 23:13:59 --> Hooks Class Initialized
DEBUG - 2023-11-20 23:13:59 --> UTF-8 Support Enabled
INFO - 2023-11-20 23:13:59 --> Utf8 Class Initialized
INFO - 2023-11-20 23:13:59 --> URI Class Initialized
INFO - 2023-11-20 23:13:59 --> Router Class Initialized
INFO - 2023-11-20 23:13:59 --> Output Class Initialized
INFO - 2023-11-20 23:13:59 --> Security Class Initialized
DEBUG - 2023-11-20 23:13:59 --> Global POST, GET and COOKIE data sanitized
INFO - 2023-11-20 23:13:59 --> Input Class Initialized
INFO - 2023-11-20 23:13:59 --> Language Class Initialized
INFO - 2023-11-20 23:13:59 --> Loader Class Initialized
INFO - 2023-11-20 23:13:59 --> Helper loaded: url_helper
INFO - 2023-11-20 23:13:59 --> Database Driver Class Initialized
INFO - 2023-11-20 23:13:59 --> Controller Class Initialized
INFO - 2023-11-20 23:13:59 --> Model "Mconfigkey" initialized
ERROR - 2023-11-20 23:13:59 --> Severity: error --> Exception: Unable to locate the model you have specified: Mext_rpt_bahanbaku_penolong C:\xampp\htdocs\pabean\dummyservice\system\core\Loader.php 348
INFO - 2023-11-20 23:14:00 --> Config Class Initialized
INFO - 2023-11-20 23:14:00 --> Hooks Class Initialized
DEBUG - 2023-11-20 23:14:00 --> UTF-8 Support Enabled
INFO - 2023-11-20 23:14:00 --> Utf8 Class Initialized
INFO - 2023-11-20 23:14:00 --> URI Class Initialized
INFO - 2023-11-20 23:14:00 --> Router Class Initialized
INFO - 2023-11-20 23:14:00 --> Output Class Initialized
INFO - 2023-11-20 23:14:00 --> Security Class Initialized
DEBUG - 2023-11-20 23:14:00 --> Global POST, GET and COOKIE data sanitized
INFO - 2023-11-20 23:14:00 --> Input Class Initialized
INFO - 2023-11-20 23:14:00 --> Language Class Initialized
INFO - 2023-11-20 23:14:00 --> Loader Class Initialized
INFO - 2023-11-20 23:14:00 --> Helper loaded: url_helper
INFO - 2023-11-20 23:14:00 --> Database Driver Class Initialized
INFO - 2023-11-20 23:14:01 --> Controller Class Initialized
INFO - 2023-11-20 23:14:01 --> Model "Mconfigkey" initialized
ERROR - 2023-11-20 23:14:01 --> Severity: error --> Exception: Unable to locate the model you have specified: Mext_rpt_bahanbaku_penolong C:\xampp\htdocs\pabean\dummyservice\system\core\Loader.php 348
INFO - 2023-11-20 23:18:17 --> Config Class Initialized
INFO - 2023-11-20 23:18:17 --> Hooks Class Initialized
DEBUG - 2023-11-20 23:18:17 --> UTF-8 Support Enabled
INFO - 2023-11-20 23:18:17 --> Utf8 Class Initialized
INFO - 2023-11-20 23:18:17 --> URI Class Initialized
INFO - 2023-11-20 23:18:17 --> Router Class Initialized
INFO - 2023-11-20 23:18:17 --> Output Class Initialized
INFO - 2023-11-20 23:18:17 --> Security Class Initialized
DEBUG - 2023-11-20 23:18:17 --> Global POST, GET and COOKIE data sanitized
INFO - 2023-11-20 23:18:17 --> Input Class Initialized
INFO - 2023-11-20 23:18:17 --> Language Class Initialized
INFO - 2023-11-20 23:18:17 --> Loader Class Initialized
INFO - 2023-11-20 23:18:17 --> Helper loaded: url_helper
INFO - 2023-11-20 23:18:17 --> Database Driver Class Initialized
INFO - 2023-11-20 23:18:17 --> Controller Class Initialized
INFO - 2023-11-20 23:18:17 --> Model "Mconfigkey" initialized
INFO - 2023-11-20 23:18:17 --> Model "Mbcin_271" initialized
INFO - 2023-11-20 23:18:18 --> Final output sent to browser
DEBUG - 2023-11-20 23:18:18 --> Total execution time: 0.4550
INFO - 2023-11-20 23:18:29 --> Config Class Initialized
INFO - 2023-11-20 23:18:29 --> Hooks Class Initialized
DEBUG - 2023-11-20 23:18:29 --> UTF-8 Support Enabled
INFO - 2023-11-20 23:18:29 --> Utf8 Class Initialized
INFO - 2023-11-20 23:18:29 --> URI Class Initialized
INFO - 2023-11-20 23:18:29 --> Router Class Initialized
INFO - 2023-11-20 23:18:29 --> Output Class Initialized
INFO - 2023-11-20 23:18:29 --> Security Class Initialized
DEBUG - 2023-11-20 23:18:29 --> Global POST, GET and COOKIE data sanitized
INFO - 2023-11-20 23:18:29 --> Input Class Initialized
INFO - 2023-11-20 23:18:29 --> Language Class Initialized
INFO - 2023-11-20 23:18:29 --> Loader Class Initialized
INFO - 2023-11-20 23:18:29 --> Helper loaded: url_helper
INFO - 2023-11-20 23:18:29 --> Database Driver Class Initialized
INFO - 2023-11-20 23:18:29 --> Controller Class Initialized
INFO - 2023-11-20 23:18:29 --> Model "Mconfigkey" initialized
INFO - 2023-11-20 23:18:29 --> Model "Mbcin_40" initialized
INFO - 2023-11-20 23:18:29 --> Final output sent to browser
DEBUG - 2023-11-20 23:18:29 --> Total execution time: 0.4443
INFO - 2023-11-20 23:19:06 --> Config Class Initialized
INFO - 2023-11-20 23:19:06 --> Hooks Class Initialized
DEBUG - 2023-11-20 23:19:06 --> UTF-8 Support Enabled
INFO - 2023-11-20 23:19:06 --> Utf8 Class Initialized
INFO - 2023-11-20 23:19:06 --> URI Class Initialized
INFO - 2023-11-20 23:19:06 --> Router Class Initialized
INFO - 2023-11-20 23:19:06 --> Output Class Initialized
INFO - 2023-11-20 23:19:06 --> Security Class Initialized
DEBUG - 2023-11-20 23:19:06 --> Global POST, GET and COOKIE data sanitized
INFO - 2023-11-20 23:19:06 --> Input Class Initialized
INFO - 2023-11-20 23:19:06 --> Language Class Initialized
INFO - 2023-11-20 23:19:06 --> Loader Class Initialized
INFO - 2023-11-20 23:19:06 --> Helper loaded: url_helper
INFO - 2023-11-20 23:19:06 --> Database Driver Class Initialized
INFO - 2023-11-20 23:19:06 --> Controller Class Initialized
INFO - 2023-11-20 23:19:06 --> Model "Mconfigkey" initialized
INFO - 2023-11-20 23:19:06 --> Model "Mbcout_30" initialized
INFO - 2023-11-20 23:19:06 --> Final output sent to browser
DEBUG - 2023-11-20 23:19:06 --> Total execution time: 0.3712
INFO - 2023-11-20 23:19:27 --> Config Class Initialized
INFO - 2023-11-20 23:19:27 --> Hooks Class Initialized
DEBUG - 2023-11-20 23:19:27 --> UTF-8 Support Enabled
INFO - 2023-11-20 23:19:27 --> Utf8 Class Initialized
INFO - 2023-11-20 23:19:27 --> URI Class Initialized
INFO - 2023-11-20 23:19:27 --> Router Class Initialized
INFO - 2023-11-20 23:19:27 --> Output Class Initialized
INFO - 2023-11-20 23:19:27 --> Security Class Initialized
DEBUG - 2023-11-20 23:19:27 --> Global POST, GET and COOKIE data sanitized
INFO - 2023-11-20 23:19:27 --> Input Class Initialized
INFO - 2023-11-20 23:19:27 --> Language Class Initialized
INFO - 2023-11-20 23:19:27 --> Loader Class Initialized
INFO - 2023-11-20 23:19:27 --> Helper loaded: url_helper
INFO - 2023-11-20 23:19:27 --> Database Driver Class Initialized
INFO - 2023-11-20 23:19:28 --> Controller Class Initialized
INFO - 2023-11-20 23:19:28 --> Model "Mconfigkey" initialized
INFO - 2023-11-20 23:19:28 --> Model "Mbcin_262" initialized
INFO - 2023-11-20 23:19:28 --> Final output sent to browser
DEBUG - 2023-11-20 23:19:28 --> Total execution time: 0.3877
INFO - 2023-11-20 23:36:41 --> Config Class Initialized
INFO - 2023-11-20 23:36:41 --> Hooks Class Initialized
DEBUG - 2023-11-20 23:36:41 --> UTF-8 Support Enabled
INFO - 2023-11-20 23:36:41 --> Utf8 Class Initialized
INFO - 2023-11-20 23:36:41 --> URI Class Initialized
INFO - 2023-11-20 23:36:41 --> Router Class Initialized
INFO - 2023-11-20 23:36:41 --> Output Class Initialized
INFO - 2023-11-20 23:36:41 --> Security Class Initialized
DEBUG - 2023-11-20 23:36:41 --> Global POST, GET and COOKIE data sanitized
INFO - 2023-11-20 23:36:41 --> Input Class Initialized
INFO - 2023-11-20 23:36:41 --> Language Class Initialized
INFO - 2023-11-20 23:36:41 --> Loader Class Initialized
INFO - 2023-11-20 23:36:41 --> Helper loaded: url_helper
INFO - 2023-11-20 23:36:42 --> Database Driver Class Initialized
INFO - 2023-11-20 23:36:42 --> Controller Class Initialized
INFO - 2023-11-20 23:36:42 --> Model "Mauth" initialized
INFO - 2023-11-20 23:36:42 --> Model "Mconfigkey" initialized
INFO - 2023-11-20 23:36:42 --> Final output sent to browser
DEBUG - 2023-11-20 23:36:42 --> Total execution time: 1.5638
INFO - 2023-11-20 23:36:50 --> Config Class Initialized
INFO - 2023-11-20 23:36:50 --> Hooks Class Initialized
DEBUG - 2023-11-20 23:36:50 --> UTF-8 Support Enabled
INFO - 2023-11-20 23:36:50 --> Utf8 Class Initialized
INFO - 2023-11-20 23:36:50 --> URI Class Initialized
INFO - 2023-11-20 23:36:50 --> Router Class Initialized
INFO - 2023-11-20 23:36:50 --> Output Class Initialized
INFO - 2023-11-20 23:36:50 --> Security Class Initialized
DEBUG - 2023-11-20 23:36:50 --> Global POST, GET and COOKIE data sanitized
INFO - 2023-11-20 23:36:50 --> Input Class Initialized
INFO - 2023-11-20 23:36:50 --> Language Class Initialized
INFO - 2023-11-20 23:36:50 --> Loader Class Initialized
INFO - 2023-11-20 23:36:50 --> Helper loaded: url_helper
INFO - 2023-11-20 23:36:50 --> Database Driver Class Initialized
INFO - 2023-11-20 23:36:50 --> Controller Class Initialized
INFO - 2023-11-20 23:36:50 --> Model "Mconfigkey" initialized
INFO - 2023-11-20 23:36:50 --> Model "Mbcin_271" initialized
INFO - 2023-11-20 23:36:50 --> Final output sent to browser
DEBUG - 2023-11-20 23:36:50 --> Total execution time: 0.4936
INFO - 2023-11-20 23:36:53 --> Config Class Initialized
INFO - 2023-11-20 23:36:53 --> Hooks Class Initialized
DEBUG - 2023-11-20 23:36:53 --> UTF-8 Support Enabled
INFO - 2023-11-20 23:36:53 --> Utf8 Class Initialized
INFO - 2023-11-20 23:36:53 --> URI Class Initialized
INFO - 2023-11-20 23:36:53 --> Router Class Initialized
INFO - 2023-11-20 23:36:53 --> Output Class Initialized
INFO - 2023-11-20 23:36:53 --> Security Class Initialized
DEBUG - 2023-11-20 23:36:53 --> Global POST, GET and COOKIE data sanitized
INFO - 2023-11-20 23:36:53 --> Input Class Initialized
INFO - 2023-11-20 23:36:53 --> Language Class Initialized
INFO - 2023-11-20 23:36:53 --> Loader Class Initialized
INFO - 2023-11-20 23:36:53 --> Helper loaded: url_helper
INFO - 2023-11-20 23:36:53 --> Database Driver Class Initialized
INFO - 2023-11-20 23:36:53 --> Controller Class Initialized
INFO - 2023-11-20 23:36:53 --> Model "Mconfigkey" initialized
INFO - 2023-11-20 23:36:53 --> Model "Mbcin_40" initialized
INFO - 2023-11-20 23:36:53 --> Final output sent to browser
DEBUG - 2023-11-20 23:36:53 --> Total execution time: 0.3990
INFO - 2023-11-20 23:36:55 --> Config Class Initialized
INFO - 2023-11-20 23:36:55 --> Hooks Class Initialized
DEBUG - 2023-11-20 23:36:55 --> UTF-8 Support Enabled
INFO - 2023-11-20 23:36:55 --> Utf8 Class Initialized
INFO - 2023-11-20 23:36:55 --> URI Class Initialized
INFO - 2023-11-20 23:36:55 --> Router Class Initialized
INFO - 2023-11-20 23:36:55 --> Output Class Initialized
INFO - 2023-11-20 23:36:55 --> Security Class Initialized
DEBUG - 2023-11-20 23:36:55 --> Global POST, GET and COOKIE data sanitized
INFO - 2023-11-20 23:36:55 --> Input Class Initialized
INFO - 2023-11-20 23:36:55 --> Language Class Initialized
INFO - 2023-11-20 23:36:55 --> Loader Class Initialized
INFO - 2023-11-20 23:36:55 --> Helper loaded: url_helper
INFO - 2023-11-20 23:36:55 --> Database Driver Class Initialized
INFO - 2023-11-20 23:36:55 --> Controller Class Initialized
INFO - 2023-11-20 23:36:55 --> Model "Mconfigkey" initialized
INFO - 2023-11-20 23:36:55 --> Model "Mbcin_262" initialized
INFO - 2023-11-20 23:36:55 --> Final output sent to browser
DEBUG - 2023-11-20 23:36:55 --> Total execution time: 0.3709
INFO - 2023-11-20 23:39:24 --> Config Class Initialized
INFO - 2023-11-20 23:39:24 --> Hooks Class Initialized
DEBUG - 2023-11-20 23:39:25 --> UTF-8 Support Enabled
INFO - 2023-11-20 23:39:25 --> Utf8 Class Initialized
INFO - 2023-11-20 23:39:25 --> URI Class Initialized
INFO - 2023-11-20 23:39:25 --> Router Class Initialized
INFO - 2023-11-20 23:39:25 --> Output Class Initialized
INFO - 2023-11-20 23:39:25 --> Security Class Initialized
DEBUG - 2023-11-20 23:39:25 --> Global POST, GET and COOKIE data sanitized
INFO - 2023-11-20 23:39:25 --> Input Class Initialized
INFO - 2023-11-20 23:39:25 --> Language Class Initialized
INFO - 2023-11-20 23:39:25 --> Loader Class Initialized
INFO - 2023-11-20 23:39:25 --> Helper loaded: url_helper
INFO - 2023-11-20 23:39:25 --> Database Driver Class Initialized
INFO - 2023-11-20 23:39:25 --> Controller Class Initialized
INFO - 2023-11-20 23:39:25 --> Model "Mconfigkey" initialized
INFO - 2023-11-20 23:39:25 --> Final output sent to browser
DEBUG - 2023-11-20 23:39:25 --> Total execution time: 0.7919
INFO - 2023-11-20 23:39:31 --> Config Class Initialized
INFO - 2023-11-20 23:39:31 --> Hooks Class Initialized
DEBUG - 2023-11-20 23:39:31 --> UTF-8 Support Enabled
INFO - 2023-11-20 23:39:31 --> Utf8 Class Initialized
INFO - 2023-11-20 23:39:31 --> URI Class Initialized
INFO - 2023-11-20 23:39:31 --> Router Class Initialized
INFO - 2023-11-20 23:39:31 --> Output Class Initialized
INFO - 2023-11-20 23:39:31 --> Security Class Initialized
DEBUG - 2023-11-20 23:39:31 --> Global POST, GET and COOKIE data sanitized
INFO - 2023-11-20 23:39:31 --> Input Class Initialized
INFO - 2023-11-20 23:39:31 --> Language Class Initialized
INFO - 2023-11-20 23:39:31 --> Loader Class Initialized
INFO - 2023-11-20 23:39:31 --> Helper loaded: url_helper
INFO - 2023-11-20 23:39:31 --> Database Driver Class Initialized
INFO - 2023-11-20 23:39:31 --> Controller Class Initialized
INFO - 2023-11-20 23:39:31 --> Model "Mconfigkey" initialized
INFO - 2023-11-20 23:39:31 --> Model "Mbcin_40" initialized
INFO - 2023-11-20 23:39:31 --> Final output sent to browser
DEBUG - 2023-11-20 23:39:31 --> Total execution time: 0.3491
INFO - 2023-11-20 23:39:36 --> Config Class Initialized
INFO - 2023-11-20 23:39:36 --> Hooks Class Initialized
DEBUG - 2023-11-20 23:39:36 --> UTF-8 Support Enabled
INFO - 2023-11-20 23:39:36 --> Utf8 Class Initialized
INFO - 2023-11-20 23:39:36 --> URI Class Initialized
INFO - 2023-11-20 23:39:36 --> Router Class Initialized
INFO - 2023-11-20 23:39:36 --> Output Class Initialized
INFO - 2023-11-20 23:39:36 --> Security Class Initialized
DEBUG - 2023-11-20 23:39:36 --> Global POST, GET and COOKIE data sanitized
INFO - 2023-11-20 23:39:36 --> Input Class Initialized
INFO - 2023-11-20 23:39:36 --> Language Class Initialized
INFO - 2023-11-20 23:39:36 --> Loader Class Initialized
INFO - 2023-11-20 23:39:36 --> Helper loaded: url_helper
INFO - 2023-11-20 23:39:36 --> Database Driver Class Initialized
INFO - 2023-11-20 23:39:36 --> Controller Class Initialized
INFO - 2023-11-20 23:39:36 --> Model "Mconfigkey" initialized
INFO - 2023-11-20 23:39:36 --> Model "Mbcin_271" initialized
INFO - 2023-11-20 23:39:36 --> Final output sent to browser
DEBUG - 2023-11-20 23:39:36 --> Total execution time: 0.3242
INFO - 2023-11-20 23:39:56 --> Config Class Initialized
INFO - 2023-11-20 23:39:56 --> Hooks Class Initialized
DEBUG - 2023-11-20 23:39:56 --> UTF-8 Support Enabled
INFO - 2023-11-20 23:39:56 --> Utf8 Class Initialized
INFO - 2023-11-20 23:39:56 --> URI Class Initialized
INFO - 2023-11-20 23:39:56 --> Router Class Initialized
INFO - 2023-11-20 23:39:56 --> Output Class Initialized
INFO - 2023-11-20 23:39:56 --> Security Class Initialized
DEBUG - 2023-11-20 23:39:56 --> Global POST, GET and COOKIE data sanitized
INFO - 2023-11-20 23:39:56 --> Input Class Initialized
INFO - 2023-11-20 23:39:56 --> Language Class Initialized
INFO - 2023-11-20 23:39:56 --> Loader Class Initialized
INFO - 2023-11-20 23:39:56 --> Helper loaded: url_helper
INFO - 2023-11-20 23:39:56 --> Database Driver Class Initialized
INFO - 2023-11-20 23:39:56 --> Controller Class Initialized
INFO - 2023-11-20 23:39:56 --> Model "Mconfigkey" initialized
INFO - 2023-11-20 23:39:56 --> Final output sent to browser
DEBUG - 2023-11-20 23:39:56 --> Total execution time: 0.4897
INFO - 2023-11-20 23:40:01 --> Config Class Initialized
INFO - 2023-11-20 23:40:01 --> Hooks Class Initialized
DEBUG - 2023-11-20 23:40:01 --> UTF-8 Support Enabled
INFO - 2023-11-20 23:40:01 --> Utf8 Class Initialized
INFO - 2023-11-20 23:40:01 --> URI Class Initialized
INFO - 2023-11-20 23:40:01 --> Router Class Initialized
INFO - 2023-11-20 23:40:01 --> Output Class Initialized
INFO - 2023-11-20 23:40:01 --> Security Class Initialized
DEBUG - 2023-11-20 23:40:01 --> Global POST, GET and COOKIE data sanitized
INFO - 2023-11-20 23:40:01 --> Input Class Initialized
INFO - 2023-11-20 23:40:01 --> Language Class Initialized
INFO - 2023-11-20 23:40:01 --> Loader Class Initialized
INFO - 2023-11-20 23:40:01 --> Helper loaded: url_helper
INFO - 2023-11-20 23:40:01 --> Database Driver Class Initialized
INFO - 2023-11-20 23:40:01 --> Controller Class Initialized
INFO - 2023-11-20 23:40:01 --> Model "Mconfigkey" initialized
INFO - 2023-11-20 23:40:01 --> Model "Mbcin_271" initialized
INFO - 2023-11-20 23:40:01 --> Final output sent to browser
DEBUG - 2023-11-20 23:40:01 --> Total execution time: 0.3681
INFO - 2023-11-20 23:40:34 --> Config Class Initialized
INFO - 2023-11-20 23:40:34 --> Hooks Class Initialized
DEBUG - 2023-11-20 23:40:34 --> UTF-8 Support Enabled
INFO - 2023-11-20 23:40:34 --> Utf8 Class Initialized
INFO - 2023-11-20 23:40:34 --> URI Class Initialized
INFO - 2023-11-20 23:40:34 --> Router Class Initialized
INFO - 2023-11-20 23:40:34 --> Output Class Initialized
INFO - 2023-11-20 23:40:34 --> Security Class Initialized
DEBUG - 2023-11-20 23:40:34 --> Global POST, GET and COOKIE data sanitized
INFO - 2023-11-20 23:40:34 --> Input Class Initialized
INFO - 2023-11-20 23:40:34 --> Language Class Initialized
INFO - 2023-11-20 23:40:34 --> Loader Class Initialized
INFO - 2023-11-20 23:40:34 --> Helper loaded: url_helper
INFO - 2023-11-20 23:40:34 --> Database Driver Class Initialized
INFO - 2023-11-20 23:40:35 --> Controller Class Initialized
INFO - 2023-11-20 23:40:35 --> Model "Mconfigkey" initialized
INFO - 2023-11-20 23:40:35 --> Final output sent to browser
DEBUG - 2023-11-20 23:40:35 --> Total execution time: 0.7366
INFO - 2023-11-20 23:40:48 --> Config Class Initialized
INFO - 2023-11-20 23:40:48 --> Hooks Class Initialized
DEBUG - 2023-11-20 23:40:48 --> UTF-8 Support Enabled
INFO - 2023-11-20 23:40:48 --> Utf8 Class Initialized
INFO - 2023-11-20 23:40:48 --> URI Class Initialized
INFO - 2023-11-20 23:40:48 --> Router Class Initialized
INFO - 2023-11-20 23:40:48 --> Output Class Initialized
INFO - 2023-11-20 23:40:48 --> Security Class Initialized
DEBUG - 2023-11-20 23:40:48 --> Global POST, GET and COOKIE data sanitized
INFO - 2023-11-20 23:40:48 --> Input Class Initialized
INFO - 2023-11-20 23:40:48 --> Language Class Initialized
INFO - 2023-11-20 23:40:48 --> Loader Class Initialized
INFO - 2023-11-20 23:40:48 --> Helper loaded: url_helper
INFO - 2023-11-20 23:40:48 --> Database Driver Class Initialized
INFO - 2023-11-20 23:40:49 --> Controller Class Initialized
INFO - 2023-11-20 23:40:49 --> Model "Mconfigkey" initialized
INFO - 2023-11-20 23:40:49 --> Model "Mbcin_kurir23" initialized
INFO - 2023-11-20 23:40:49 --> Final output sent to browser
DEBUG - 2023-11-20 23:40:49 --> Total execution time: 0.7171
INFO - 2023-11-20 23:41:20 --> Config Class Initialized
INFO - 2023-11-20 23:41:20 --> Hooks Class Initialized
DEBUG - 2023-11-20 23:41:20 --> UTF-8 Support Enabled
INFO - 2023-11-20 23:41:20 --> Utf8 Class Initialized
INFO - 2023-11-20 23:41:20 --> URI Class Initialized
INFO - 2023-11-20 23:41:20 --> Router Class Initialized
INFO - 2023-11-20 23:41:20 --> Output Class Initialized
INFO - 2023-11-20 23:41:20 --> Security Class Initialized
DEBUG - 2023-11-20 23:41:20 --> Global POST, GET and COOKIE data sanitized
INFO - 2023-11-20 23:41:20 --> Input Class Initialized
INFO - 2023-11-20 23:41:20 --> Language Class Initialized
INFO - 2023-11-20 23:41:20 --> Loader Class Initialized
INFO - 2023-11-20 23:41:20 --> Helper loaded: url_helper
INFO - 2023-11-20 23:41:20 --> Database Driver Class Initialized
INFO - 2023-11-20 23:41:20 --> Controller Class Initialized
INFO - 2023-11-20 23:41:20 --> Model "Mconfigkey" initialized
INFO - 2023-11-20 23:41:20 --> Final output sent to browser
DEBUG - 2023-11-20 23:41:20 --> Total execution time: 0.3559
INFO - 2023-11-20 23:41:28 --> Config Class Initialized
INFO - 2023-11-20 23:41:28 --> Hooks Class Initialized
DEBUG - 2023-11-20 23:41:28 --> UTF-8 Support Enabled
INFO - 2023-11-20 23:41:28 --> Utf8 Class Initialized
INFO - 2023-11-20 23:41:28 --> URI Class Initialized
INFO - 2023-11-20 23:41:28 --> Router Class Initialized
INFO - 2023-11-20 23:41:28 --> Output Class Initialized
INFO - 2023-11-20 23:41:28 --> Security Class Initialized
DEBUG - 2023-11-20 23:41:28 --> Global POST, GET and COOKIE data sanitized
INFO - 2023-11-20 23:41:28 --> Input Class Initialized
INFO - 2023-11-20 23:41:28 --> Language Class Initialized
INFO - 2023-11-20 23:41:28 --> Loader Class Initialized
INFO - 2023-11-20 23:41:28 --> Helper loaded: url_helper
INFO - 2023-11-20 23:41:28 --> Database Driver Class Initialized
INFO - 2023-11-20 23:41:29 --> Controller Class Initialized
INFO - 2023-11-20 23:41:29 --> Model "Mconfigkey" initialized
INFO - 2023-11-20 23:41:29 --> Final output sent to browser
DEBUG - 2023-11-20 23:41:29 --> Total execution time: 0.8432
INFO - 2023-11-20 23:41:44 --> Config Class Initialized
INFO - 2023-11-20 23:41:44 --> Hooks Class Initialized
DEBUG - 2023-11-20 23:41:44 --> UTF-8 Support Enabled
INFO - 2023-11-20 23:41:44 --> Utf8 Class Initialized
INFO - 2023-11-20 23:41:44 --> URI Class Initialized
INFO - 2023-11-20 23:41:44 --> Router Class Initialized
INFO - 2023-11-20 23:41:44 --> Output Class Initialized
INFO - 2023-11-20 23:41:44 --> Security Class Initialized
DEBUG - 2023-11-20 23:41:44 --> Global POST, GET and COOKIE data sanitized
INFO - 2023-11-20 23:41:44 --> Input Class Initialized
INFO - 2023-11-20 23:41:44 --> Language Class Initialized
INFO - 2023-11-20 23:41:44 --> Loader Class Initialized
INFO - 2023-11-20 23:41:44 --> Helper loaded: url_helper
INFO - 2023-11-20 23:41:44 --> Database Driver Class Initialized
INFO - 2023-11-20 23:41:45 --> Controller Class Initialized
INFO - 2023-11-20 23:41:45 --> Model "Mconfigkey" initialized
INFO - 2023-11-20 23:41:45 --> Model "Mbcin_kurir20" initialized
INFO - 2023-11-20 23:41:45 --> Final output sent to browser
DEBUG - 2023-11-20 23:41:45 --> Total execution time: 0.3411
INFO - 2023-11-20 23:41:46 --> Config Class Initialized
INFO - 2023-11-20 23:41:46 --> Hooks Class Initialized
DEBUG - 2023-11-20 23:41:46 --> UTF-8 Support Enabled
INFO - 2023-11-20 23:41:46 --> Utf8 Class Initialized
INFO - 2023-11-20 23:41:46 --> URI Class Initialized
INFO - 2023-11-20 23:41:46 --> Router Class Initialized
INFO - 2023-11-20 23:41:46 --> Output Class Initialized
INFO - 2023-11-20 23:41:46 --> Security Class Initialized
DEBUG - 2023-11-20 23:41:46 --> Global POST, GET and COOKIE data sanitized
INFO - 2023-11-20 23:41:46 --> Input Class Initialized
INFO - 2023-11-20 23:41:46 --> Language Class Initialized
INFO - 2023-11-20 23:41:46 --> Loader Class Initialized
INFO - 2023-11-20 23:41:46 --> Helper loaded: url_helper
INFO - 2023-11-20 23:41:46 --> Database Driver Class Initialized
INFO - 2023-11-20 23:41:47 --> Controller Class Initialized
INFO - 2023-11-20 23:41:47 --> Model "Mconfigkey" initialized
INFO - 2023-11-20 23:41:47 --> Model "Mbcin_kurir23" initialized
INFO - 2023-11-20 23:41:47 --> Final output sent to browser
DEBUG - 2023-11-20 23:41:47 --> Total execution time: 0.3721
INFO - 2023-11-20 23:42:31 --> Config Class Initialized
INFO - 2023-11-20 23:42:31 --> Hooks Class Initialized
DEBUG - 2023-11-20 23:42:31 --> UTF-8 Support Enabled
INFO - 2023-11-20 23:42:31 --> Utf8 Class Initialized
INFO - 2023-11-20 23:42:31 --> URI Class Initialized
INFO - 2023-11-20 23:42:31 --> Router Class Initialized
INFO - 2023-11-20 23:42:32 --> Output Class Initialized
INFO - 2023-11-20 23:42:32 --> Security Class Initialized
DEBUG - 2023-11-20 23:42:32 --> Global POST, GET and COOKIE data sanitized
INFO - 2023-11-20 23:42:32 --> Input Class Initialized
INFO - 2023-11-20 23:42:32 --> Language Class Initialized
INFO - 2023-11-20 23:42:32 --> Loader Class Initialized
INFO - 2023-11-20 23:42:32 --> Helper loaded: url_helper
INFO - 2023-11-20 23:42:32 --> Database Driver Class Initialized
INFO - 2023-11-20 23:42:32 --> Controller Class Initialized
INFO - 2023-11-20 23:42:32 --> Model "Mconfigkey" initialized
INFO - 2023-11-20 23:42:32 --> Final output sent to browser
DEBUG - 2023-11-20 23:42:32 --> Total execution time: 0.7244
INFO - 2023-11-20 23:43:51 --> Config Class Initialized
INFO - 2023-11-20 23:43:51 --> Hooks Class Initialized
DEBUG - 2023-11-20 23:43:51 --> UTF-8 Support Enabled
INFO - 2023-11-20 23:43:51 --> Utf8 Class Initialized
INFO - 2023-11-20 23:43:51 --> URI Class Initialized
INFO - 2023-11-20 23:43:51 --> Router Class Initialized
INFO - 2023-11-20 23:43:51 --> Output Class Initialized
INFO - 2023-11-20 23:43:51 --> Security Class Initialized
DEBUG - 2023-11-20 23:43:51 --> Global POST, GET and COOKIE data sanitized
INFO - 2023-11-20 23:43:51 --> Input Class Initialized
INFO - 2023-11-20 23:43:51 --> Language Class Initialized
INFO - 2023-11-20 23:43:51 --> Loader Class Initialized
INFO - 2023-11-20 23:43:51 --> Helper loaded: url_helper
INFO - 2023-11-20 23:43:51 --> Database Driver Class Initialized
INFO - 2023-11-20 23:43:52 --> Controller Class Initialized
INFO - 2023-11-20 23:43:52 --> Model "Mconfigkey" initialized
INFO - 2023-11-20 23:43:52 --> Model "Mbcout_30" initialized
INFO - 2023-11-20 23:43:52 --> Final output sent to browser
DEBUG - 2023-11-20 23:43:52 --> Total execution time: 0.3417
INFO - 2023-11-20 23:44:23 --> Config Class Initialized
INFO - 2023-11-20 23:44:23 --> Hooks Class Initialized
DEBUG - 2023-11-20 23:44:23 --> UTF-8 Support Enabled
INFO - 2023-11-20 23:44:23 --> Utf8 Class Initialized
INFO - 2023-11-20 23:44:23 --> URI Class Initialized
INFO - 2023-11-20 23:44:23 --> Router Class Initialized
INFO - 2023-11-20 23:44:23 --> Output Class Initialized
INFO - 2023-11-20 23:44:23 --> Security Class Initialized
DEBUG - 2023-11-20 23:44:23 --> Global POST, GET and COOKIE data sanitized
INFO - 2023-11-20 23:44:23 --> Input Class Initialized
INFO - 2023-11-20 23:44:23 --> Language Class Initialized
INFO - 2023-11-20 23:44:23 --> Loader Class Initialized
INFO - 2023-11-20 23:44:24 --> Helper loaded: url_helper
INFO - 2023-11-20 23:44:24 --> Database Driver Class Initialized
INFO - 2023-11-20 23:44:24 --> Controller Class Initialized
INFO - 2023-11-20 23:44:24 --> Model "Mconfigkey" initialized
INFO - 2023-11-20 23:44:24 --> Final output sent to browser
DEBUG - 2023-11-20 23:44:24 --> Total execution time: 0.7800
INFO - 2023-11-20 23:44:40 --> Config Class Initialized
INFO - 2023-11-20 23:44:40 --> Hooks Class Initialized
DEBUG - 2023-11-20 23:44:40 --> UTF-8 Support Enabled
INFO - 2023-11-20 23:44:40 --> Utf8 Class Initialized
INFO - 2023-11-20 23:44:40 --> URI Class Initialized
INFO - 2023-11-20 23:44:40 --> Router Class Initialized
INFO - 2023-11-20 23:44:40 --> Output Class Initialized
INFO - 2023-11-20 23:44:40 --> Security Class Initialized
DEBUG - 2023-11-20 23:44:40 --> Global POST, GET and COOKIE data sanitized
INFO - 2023-11-20 23:44:40 --> Input Class Initialized
INFO - 2023-11-20 23:44:40 --> Language Class Initialized
INFO - 2023-11-20 23:44:40 --> Loader Class Initialized
INFO - 2023-11-20 23:44:40 --> Helper loaded: url_helper
INFO - 2023-11-20 23:44:40 --> Database Driver Class Initialized
INFO - 2023-11-20 23:44:40 --> Controller Class Initialized
INFO - 2023-11-20 23:44:40 --> Model "Mconfigkey" initialized
INFO - 2023-11-20 23:44:40 --> Final output sent to browser
DEBUG - 2023-11-20 23:44:40 --> Total execution time: 0.5366
INFO - 2023-11-20 23:44:45 --> Config Class Initialized
INFO - 2023-11-20 23:44:45 --> Hooks Class Initialized
DEBUG - 2023-11-20 23:44:45 --> UTF-8 Support Enabled
INFO - 2023-11-20 23:44:45 --> Utf8 Class Initialized
INFO - 2023-11-20 23:44:45 --> URI Class Initialized
INFO - 2023-11-20 23:44:45 --> Router Class Initialized
INFO - 2023-11-20 23:44:45 --> Output Class Initialized
INFO - 2023-11-20 23:44:45 --> Security Class Initialized
DEBUG - 2023-11-20 23:44:45 --> Global POST, GET and COOKIE data sanitized
INFO - 2023-11-20 23:44:45 --> Input Class Initialized
INFO - 2023-11-20 23:44:45 --> Language Class Initialized
INFO - 2023-11-20 23:44:45 --> Loader Class Initialized
INFO - 2023-11-20 23:44:45 --> Helper loaded: url_helper
INFO - 2023-11-20 23:44:45 --> Database Driver Class Initialized
INFO - 2023-11-20 23:44:45 --> Controller Class Initialized
INFO - 2023-11-20 23:44:45 --> Model "Mconfigkey" initialized
INFO - 2023-11-20 23:44:45 --> Model "Mbcout_30" initialized
INFO - 2023-11-20 23:44:45 --> Final output sent to browser
DEBUG - 2023-11-20 23:44:45 --> Total execution time: 0.3700
INFO - 2023-11-20 23:45:19 --> Config Class Initialized
INFO - 2023-11-20 23:45:19 --> Hooks Class Initialized
DEBUG - 2023-11-20 23:45:19 --> UTF-8 Support Enabled
INFO - 2023-11-20 23:45:19 --> Utf8 Class Initialized
INFO - 2023-11-20 23:45:19 --> URI Class Initialized
INFO - 2023-11-20 23:45:19 --> Router Class Initialized
INFO - 2023-11-20 23:45:19 --> Output Class Initialized
INFO - 2023-11-20 23:45:19 --> Security Class Initialized
DEBUG - 2023-11-20 23:45:19 --> Global POST, GET and COOKIE data sanitized
INFO - 2023-11-20 23:45:19 --> Input Class Initialized
INFO - 2023-11-20 23:45:19 --> Language Class Initialized
INFO - 2023-11-20 23:45:19 --> Loader Class Initialized
INFO - 2023-11-20 23:45:19 --> Helper loaded: url_helper
INFO - 2023-11-20 23:45:19 --> Database Driver Class Initialized
INFO - 2023-11-20 23:45:20 --> Controller Class Initialized
INFO - 2023-11-20 23:45:20 --> Model "Mconfigkey" initialized
INFO - 2023-11-20 23:45:20 --> Final output sent to browser
DEBUG - 2023-11-20 23:45:20 --> Total execution time: 0.9139
INFO - 2023-11-20 23:45:30 --> Config Class Initialized
INFO - 2023-11-20 23:45:30 --> Hooks Class Initialized
DEBUG - 2023-11-20 23:45:30 --> UTF-8 Support Enabled
INFO - 2023-11-20 23:45:30 --> Utf8 Class Initialized
INFO - 2023-11-20 23:45:30 --> URI Class Initialized
INFO - 2023-11-20 23:45:30 --> Router Class Initialized
INFO - 2023-11-20 23:45:30 --> Output Class Initialized
INFO - 2023-11-20 23:45:30 --> Security Class Initialized
DEBUG - 2023-11-20 23:45:30 --> Global POST, GET and COOKIE data sanitized
INFO - 2023-11-20 23:45:30 --> Input Class Initialized
INFO - 2023-11-20 23:45:30 --> Language Class Initialized
INFO - 2023-11-20 23:45:30 --> Loader Class Initialized
INFO - 2023-11-20 23:45:30 --> Helper loaded: url_helper
INFO - 2023-11-20 23:45:30 --> Database Driver Class Initialized
INFO - 2023-11-20 23:45:30 --> Controller Class Initialized
INFO - 2023-11-20 23:45:30 --> Model "Mconfigkey" initialized
INFO - 2023-11-20 23:45:30 --> Model "Mbcout_27" initialized
INFO - 2023-11-20 23:45:30 --> Final output sent to browser
DEBUG - 2023-11-20 23:45:30 --> Total execution time: 0.3861
INFO - 2023-11-20 23:45:33 --> Config Class Initialized
INFO - 2023-11-20 23:45:33 --> Hooks Class Initialized
DEBUG - 2023-11-20 23:45:33 --> UTF-8 Support Enabled
INFO - 2023-11-20 23:45:33 --> Utf8 Class Initialized
INFO - 2023-11-20 23:45:33 --> URI Class Initialized
INFO - 2023-11-20 23:45:33 --> Router Class Initialized
INFO - 2023-11-20 23:45:33 --> Output Class Initialized
INFO - 2023-11-20 23:45:33 --> Security Class Initialized
DEBUG - 2023-11-20 23:45:33 --> Global POST, GET and COOKIE data sanitized
INFO - 2023-11-20 23:45:33 --> Input Class Initialized
INFO - 2023-11-20 23:45:33 --> Language Class Initialized
INFO - 2023-11-20 23:45:33 --> Loader Class Initialized
INFO - 2023-11-20 23:45:33 --> Helper loaded: url_helper
INFO - 2023-11-20 23:45:33 --> Database Driver Class Initialized
INFO - 2023-11-20 23:45:33 --> Controller Class Initialized
INFO - 2023-11-20 23:45:33 --> Model "Mconfigkey" initialized
INFO - 2023-11-20 23:45:33 --> Model "Mbcout_41" initialized
INFO - 2023-11-20 23:45:34 --> Final output sent to browser
DEBUG - 2023-11-20 23:45:34 --> Total execution time: 0.3044
INFO - 2023-11-20 23:46:06 --> Config Class Initialized
INFO - 2023-11-20 23:46:06 --> Hooks Class Initialized
DEBUG - 2023-11-20 23:46:06 --> UTF-8 Support Enabled
INFO - 2023-11-20 23:46:06 --> Utf8 Class Initialized
INFO - 2023-11-20 23:46:06 --> URI Class Initialized
INFO - 2023-11-20 23:46:06 --> Router Class Initialized
INFO - 2023-11-20 23:46:06 --> Output Class Initialized
INFO - 2023-11-20 23:46:06 --> Security Class Initialized
DEBUG - 2023-11-20 23:46:06 --> Global POST, GET and COOKIE data sanitized
INFO - 2023-11-20 23:46:06 --> Input Class Initialized
INFO - 2023-11-20 23:46:06 --> Language Class Initialized
INFO - 2023-11-20 23:46:06 --> Loader Class Initialized
INFO - 2023-11-20 23:46:06 --> Helper loaded: url_helper
INFO - 2023-11-20 23:46:07 --> Database Driver Class Initialized
INFO - 2023-11-20 23:46:07 --> Controller Class Initialized
INFO - 2023-11-20 23:46:07 --> Model "Mconfigkey" initialized
INFO - 2023-11-20 23:46:07 --> Final output sent to browser
DEBUG - 2023-11-20 23:46:07 --> Total execution time: 0.8564
INFO - 2023-11-20 23:50:39 --> Config Class Initialized
INFO - 2023-11-20 23:50:39 --> Hooks Class Initialized
DEBUG - 2023-11-20 23:50:40 --> UTF-8 Support Enabled
INFO - 2023-11-20 23:50:40 --> Utf8 Class Initialized
INFO - 2023-11-20 23:50:40 --> URI Class Initialized
INFO - 2023-11-20 23:50:40 --> Router Class Initialized
INFO - 2023-11-20 23:50:40 --> Output Class Initialized
INFO - 2023-11-20 23:50:40 --> Security Class Initialized
DEBUG - 2023-11-20 23:50:40 --> Global POST, GET and COOKIE data sanitized
INFO - 2023-11-20 23:50:40 --> Input Class Initialized
INFO - 2023-11-20 23:50:40 --> Language Class Initialized
INFO - 2023-11-20 23:50:40 --> Loader Class Initialized
INFO - 2023-11-20 23:50:40 --> Helper loaded: url_helper
INFO - 2023-11-20 23:50:40 --> Database Driver Class Initialized
INFO - 2023-11-20 23:50:40 --> Controller Class Initialized
INFO - 2023-11-20 23:50:40 --> Model "Mconfigkey" initialized
INFO - 2023-11-20 23:50:40 --> Model "Minv_material_in" initialized
INFO - 2023-11-20 23:50:40 --> Final output sent to browser
DEBUG - 2023-11-20 23:50:40 --> Total execution time: 0.7492
INFO - 2023-11-20 23:52:23 --> Config Class Initialized
INFO - 2023-11-20 23:52:23 --> Hooks Class Initialized
DEBUG - 2023-11-20 23:52:23 --> UTF-8 Support Enabled
INFO - 2023-11-20 23:52:23 --> Utf8 Class Initialized
INFO - 2023-11-20 23:52:23 --> URI Class Initialized
INFO - 2023-11-20 23:52:23 --> Router Class Initialized
INFO - 2023-11-20 23:52:23 --> Output Class Initialized
INFO - 2023-11-20 23:52:23 --> Security Class Initialized
DEBUG - 2023-11-20 23:52:23 --> Global POST, GET and COOKIE data sanitized
INFO - 2023-11-20 23:52:23 --> Input Class Initialized
INFO - 2023-11-20 23:52:23 --> Language Class Initialized
INFO - 2023-11-20 23:52:23 --> Loader Class Initialized
INFO - 2023-11-20 23:52:23 --> Helper loaded: url_helper
INFO - 2023-11-20 23:52:24 --> Database Driver Class Initialized
INFO - 2023-11-20 23:52:24 --> Controller Class Initialized
INFO - 2023-11-20 23:52:24 --> Model "Mconfigkey" initialized
INFO - 2023-11-20 23:52:24 --> Final output sent to browser
DEBUG - 2023-11-20 23:52:24 --> Total execution time: 0.9966
INFO - 2023-11-20 23:52:34 --> Config Class Initialized
INFO - 2023-11-20 23:52:34 --> Hooks Class Initialized
DEBUG - 2023-11-20 23:52:34 --> UTF-8 Support Enabled
INFO - 2023-11-20 23:52:34 --> Utf8 Class Initialized
INFO - 2023-11-20 23:52:34 --> URI Class Initialized
INFO - 2023-11-20 23:52:34 --> Router Class Initialized
INFO - 2023-11-20 23:52:34 --> Output Class Initialized
INFO - 2023-11-20 23:52:34 --> Security Class Initialized
DEBUG - 2023-11-20 23:52:34 --> Global POST, GET and COOKIE data sanitized
INFO - 2023-11-20 23:52:34 --> Input Class Initialized
INFO - 2023-11-20 23:52:34 --> Language Class Initialized
INFO - 2023-11-20 23:52:34 --> Loader Class Initialized
INFO - 2023-11-20 23:52:34 --> Helper loaded: url_helper
INFO - 2023-11-20 23:52:34 --> Database Driver Class Initialized
INFO - 2023-11-20 23:52:35 --> Controller Class Initialized
INFO - 2023-11-20 23:52:35 --> Model "Mconfigkey" initialized
INFO - 2023-11-20 23:52:35 --> Model "Minv_material_control" initialized
INFO - 2023-11-20 23:52:35 --> Final output sent to browser
DEBUG - 2023-11-20 23:52:35 --> Total execution time: 0.4614
INFO - 2023-11-20 23:55:34 --> Config Class Initialized
INFO - 2023-11-20 23:55:34 --> Hooks Class Initialized
DEBUG - 2023-11-20 23:55:34 --> UTF-8 Support Enabled
INFO - 2023-11-20 23:55:34 --> Utf8 Class Initialized
INFO - 2023-11-20 23:55:34 --> URI Class Initialized
INFO - 2023-11-20 23:55:34 --> Router Class Initialized
INFO - 2023-11-20 23:55:34 --> Output Class Initialized
INFO - 2023-11-20 23:55:34 --> Security Class Initialized
DEBUG - 2023-11-20 23:55:34 --> Global POST, GET and COOKIE data sanitized
INFO - 2023-11-20 23:55:34 --> Input Class Initialized
INFO - 2023-11-20 23:55:34 --> Language Class Initialized
INFO - 2023-11-20 23:55:34 --> Loader Class Initialized
INFO - 2023-11-20 23:55:34 --> Helper loaded: url_helper
INFO - 2023-11-20 23:55:34 --> Database Driver Class Initialized
INFO - 2023-11-20 23:55:35 --> Controller Class Initialized
INFO - 2023-11-20 23:55:35 --> Model "Mconfigkey" initialized
INFO - 2023-11-20 23:55:35 --> Model "Minv_material_control" initialized
INFO - 2023-11-20 23:55:35 --> Final output sent to browser
DEBUG - 2023-11-20 23:55:35 --> Total execution time: 0.3361
INFO - 2023-11-20 23:56:57 --> Config Class Initialized
INFO - 2023-11-20 23:56:57 --> Hooks Class Initialized
DEBUG - 2023-11-20 23:56:57 --> UTF-8 Support Enabled
INFO - 2023-11-20 23:56:57 --> Utf8 Class Initialized
INFO - 2023-11-20 23:56:57 --> URI Class Initialized
INFO - 2023-11-20 23:56:57 --> Router Class Initialized
INFO - 2023-11-20 23:56:57 --> Output Class Initialized
INFO - 2023-11-20 23:56:57 --> Security Class Initialized
DEBUG - 2023-11-20 23:56:57 --> Global POST, GET and COOKIE data sanitized
INFO - 2023-11-20 23:56:57 --> Input Class Initialized
INFO - 2023-11-20 23:56:57 --> Language Class Initialized
INFO - 2023-11-20 23:56:57 --> Loader Class Initialized
INFO - 2023-11-20 23:56:57 --> Helper loaded: url_helper
INFO - 2023-11-20 23:56:57 --> Database Driver Class Initialized
INFO - 2023-11-20 23:56:57 --> Controller Class Initialized
INFO - 2023-11-20 23:56:57 --> Model "Mconfigkey" initialized
INFO - 2023-11-20 23:56:57 --> Model "Minv_wnt_in" initialized
INFO - 2023-11-20 23:56:57 --> Final output sent to browser
DEBUG - 2023-11-20 23:56:57 --> Total execution time: 0.5134
INFO - 2023-11-20 23:57:48 --> Config Class Initialized
INFO - 2023-11-20 23:57:48 --> Hooks Class Initialized
DEBUG - 2023-11-20 23:57:48 --> UTF-8 Support Enabled
INFO - 2023-11-20 23:57:48 --> Utf8 Class Initialized
INFO - 2023-11-20 23:57:48 --> URI Class Initialized
INFO - 2023-11-20 23:57:48 --> Router Class Initialized
INFO - 2023-11-20 23:57:48 --> Output Class Initialized
INFO - 2023-11-20 23:57:48 --> Security Class Initialized
DEBUG - 2023-11-20 23:57:48 --> Global POST, GET and COOKIE data sanitized
INFO - 2023-11-20 23:57:48 --> Input Class Initialized
INFO - 2023-11-20 23:57:48 --> Language Class Initialized
INFO - 2023-11-20 23:57:48 --> Loader Class Initialized
INFO - 2023-11-20 23:57:48 --> Helper loaded: url_helper
INFO - 2023-11-20 23:57:48 --> Database Driver Class Initialized
INFO - 2023-11-20 23:57:49 --> Controller Class Initialized
INFO - 2023-11-20 23:57:49 --> Model "Mconfigkey" initialized
INFO - 2023-11-20 23:57:49 --> Final output sent to browser
DEBUG - 2023-11-20 23:57:49 --> Total execution time: 1.0032
INFO - 2023-11-20 23:57:54 --> Config Class Initialized
INFO - 2023-11-20 23:57:54 --> Hooks Class Initialized
DEBUG - 2023-11-20 23:57:54 --> UTF-8 Support Enabled
INFO - 2023-11-20 23:57:54 --> Utf8 Class Initialized
INFO - 2023-11-20 23:57:54 --> URI Class Initialized
INFO - 2023-11-20 23:57:54 --> Router Class Initialized
INFO - 2023-11-20 23:57:54 --> Output Class Initialized
INFO - 2023-11-20 23:57:54 --> Security Class Initialized
DEBUG - 2023-11-20 23:57:54 --> Global POST, GET and COOKIE data sanitized
INFO - 2023-11-20 23:57:54 --> Input Class Initialized
INFO - 2023-11-20 23:57:54 --> Language Class Initialized
INFO - 2023-11-20 23:57:54 --> Loader Class Initialized
INFO - 2023-11-20 23:57:54 --> Helper loaded: url_helper
INFO - 2023-11-20 23:57:54 --> Database Driver Class Initialized
INFO - 2023-11-20 23:57:54 --> Controller Class Initialized
INFO - 2023-11-20 23:57:54 --> Model "Mconfigkey" initialized
INFO - 2023-11-20 23:57:54 --> Model "Minv_wnt_in" initialized
INFO - 2023-11-20 23:57:54 --> Final output sent to browser
DEBUG - 2023-11-20 23:57:54 --> Total execution time: 0.5082
INFO - 2023-11-20 23:57:56 --> Config Class Initialized
INFO - 2023-11-20 23:57:56 --> Hooks Class Initialized
DEBUG - 2023-11-20 23:57:56 --> UTF-8 Support Enabled
INFO - 2023-11-20 23:57:56 --> Utf8 Class Initialized
INFO - 2023-11-20 23:57:56 --> URI Class Initialized
INFO - 2023-11-20 23:57:56 --> Router Class Initialized
INFO - 2023-11-20 23:57:56 --> Output Class Initialized
INFO - 2023-11-20 23:57:56 --> Security Class Initialized
DEBUG - 2023-11-20 23:57:56 --> Global POST, GET and COOKIE data sanitized
INFO - 2023-11-20 23:57:56 --> Input Class Initialized
INFO - 2023-11-20 23:57:56 --> Language Class Initialized
INFO - 2023-11-20 23:57:57 --> Loader Class Initialized
INFO - 2023-11-20 23:57:57 --> Helper loaded: url_helper
INFO - 2023-11-20 23:57:57 --> Database Driver Class Initialized
INFO - 2023-11-20 23:57:57 --> Controller Class Initialized
INFO - 2023-11-20 23:57:57 --> Model "Mconfigkey" initialized
INFO - 2023-11-20 23:57:57 --> Model "Minv_material_out" initialized
INFO - 2023-11-20 23:57:57 --> Final output sent to browser
DEBUG - 2023-11-20 23:57:57 --> Total execution time: 0.9972
INFO - 2023-11-20 23:57:58 --> Config Class Initialized
INFO - 2023-11-20 23:57:58 --> Hooks Class Initialized
DEBUG - 2023-11-20 23:57:58 --> UTF-8 Support Enabled
INFO - 2023-11-20 23:57:58 --> Utf8 Class Initialized
INFO - 2023-11-20 23:57:58 --> URI Class Initialized
INFO - 2023-11-20 23:57:58 --> Router Class Initialized
INFO - 2023-11-20 23:57:58 --> Output Class Initialized
INFO - 2023-11-20 23:57:58 --> Security Class Initialized
DEBUG - 2023-11-20 23:57:58 --> Global POST, GET and COOKIE data sanitized
INFO - 2023-11-20 23:57:58 --> Input Class Initialized
INFO - 2023-11-20 23:57:58 --> Language Class Initialized
INFO - 2023-11-20 23:57:58 --> Loader Class Initialized
INFO - 2023-11-20 23:57:58 --> Helper loaded: url_helper
INFO - 2023-11-20 23:57:58 --> Database Driver Class Initialized
INFO - 2023-11-20 23:57:59 --> Controller Class Initialized
INFO - 2023-11-20 23:57:59 --> Model "Mconfigkey" initialized
INFO - 2023-11-20 23:57:59 --> Model "Minv_wnt_control" initialized
INFO - 2023-11-20 23:57:59 --> Final output sent to browser
DEBUG - 2023-11-20 23:57:59 --> Total execution time: 0.4048
INFO - 2023-11-20 23:58:01 --> Config Class Initialized
INFO - 2023-11-20 23:58:01 --> Hooks Class Initialized
DEBUG - 2023-11-20 23:58:01 --> UTF-8 Support Enabled
INFO - 2023-11-20 23:58:01 --> Utf8 Class Initialized
INFO - 2023-11-20 23:58:01 --> URI Class Initialized
INFO - 2023-11-20 23:58:01 --> Router Class Initialized
INFO - 2023-11-20 23:58:01 --> Output Class Initialized
INFO - 2023-11-20 23:58:01 --> Security Class Initialized
DEBUG - 2023-11-20 23:58:01 --> Global POST, GET and COOKIE data sanitized
INFO - 2023-11-20 23:58:01 --> Input Class Initialized
INFO - 2023-11-20 23:58:01 --> Language Class Initialized
INFO - 2023-11-20 23:58:01 --> Loader Class Initialized
INFO - 2023-11-20 23:58:01 --> Helper loaded: url_helper
INFO - 2023-11-20 23:58:01 --> Database Driver Class Initialized
INFO - 2023-11-20 23:58:01 --> Controller Class Initialized
INFO - 2023-11-20 23:58:01 --> Model "Mconfigkey" initialized
INFO - 2023-11-20 23:58:01 --> Model "Minv_wip_in" initialized
INFO - 2023-11-20 23:58:01 --> Final output sent to browser
DEBUG - 2023-11-20 23:58:01 --> Total execution time: 0.7600
INFO - 2023-11-20 23:58:02 --> Config Class Initialized
INFO - 2023-11-20 23:58:02 --> Hooks Class Initialized
DEBUG - 2023-11-20 23:58:02 --> UTF-8 Support Enabled
INFO - 2023-11-20 23:58:02 --> Utf8 Class Initialized
INFO - 2023-11-20 23:58:02 --> URI Class Initialized
INFO - 2023-11-20 23:58:02 --> Router Class Initialized
INFO - 2023-11-20 23:58:02 --> Output Class Initialized
INFO - 2023-11-20 23:58:02 --> Security Class Initialized
DEBUG - 2023-11-20 23:58:02 --> Global POST, GET and COOKIE data sanitized
INFO - 2023-11-20 23:58:02 --> Input Class Initialized
INFO - 2023-11-20 23:58:02 --> Language Class Initialized
INFO - 2023-11-20 23:58:02 --> Loader Class Initialized
INFO - 2023-11-20 23:58:02 --> Helper loaded: url_helper
INFO - 2023-11-20 23:58:02 --> Database Driver Class Initialized
INFO - 2023-11-20 23:58:02 --> Controller Class Initialized
INFO - 2023-11-20 23:58:02 --> Model "Mconfigkey" initialized
INFO - 2023-11-20 23:58:02 --> Model "Minv_wip_out" initialized
INFO - 2023-11-20 23:58:03 --> Config Class Initialized
INFO - 2023-11-20 23:58:03 --> Hooks Class Initialized
DEBUG - 2023-11-20 23:58:03 --> UTF-8 Support Enabled
INFO - 2023-11-20 23:58:03 --> Utf8 Class Initialized
INFO - 2023-11-20 23:58:03 --> URI Class Initialized
INFO - 2023-11-20 23:58:03 --> Router Class Initialized
INFO - 2023-11-20 23:58:03 --> Output Class Initialized
INFO - 2023-11-20 23:58:03 --> Security Class Initialized
DEBUG - 2023-11-20 23:58:03 --> Global POST, GET and COOKIE data sanitized
INFO - 2023-11-20 23:58:03 --> Input Class Initialized
INFO - 2023-11-20 23:58:03 --> Language Class Initialized
INFO - 2023-11-20 23:58:03 --> Loader Class Initialized
INFO - 2023-11-20 23:58:03 --> Helper loaded: url_helper
INFO - 2023-11-20 23:58:03 --> Database Driver Class Initialized
INFO - 2023-11-20 23:58:03 --> Final output sent to browser
DEBUG - 2023-11-20 23:58:03 --> Total execution time: 1.2367
INFO - 2023-11-20 23:58:03 --> Controller Class Initialized
INFO - 2023-11-20 23:58:03 --> Model "Mconfigkey" initialized
INFO - 2023-11-20 23:58:03 --> Model "Minv_wip_control" initialized
INFO - 2023-11-20 23:58:03 --> Final output sent to browser
DEBUG - 2023-11-20 23:58:03 --> Total execution time: 0.8368
INFO - 2023-11-20 23:58:04 --> Config Class Initialized
INFO - 2023-11-20 23:58:04 --> Hooks Class Initialized
DEBUG - 2023-11-20 23:58:04 --> UTF-8 Support Enabled
INFO - 2023-11-20 23:58:04 --> Utf8 Class Initialized
INFO - 2023-11-20 23:58:04 --> URI Class Initialized
INFO - 2023-11-20 23:58:04 --> Router Class Initialized
INFO - 2023-11-20 23:58:04 --> Output Class Initialized
INFO - 2023-11-20 23:58:04 --> Security Class Initialized
DEBUG - 2023-11-20 23:58:04 --> Global POST, GET and COOKIE data sanitized
INFO - 2023-11-20 23:58:04 --> Input Class Initialized
INFO - 2023-11-20 23:58:04 --> Language Class Initialized
INFO - 2023-11-20 23:58:04 --> Loader Class Initialized
INFO - 2023-11-20 23:58:04 --> Helper loaded: url_helper
INFO - 2023-11-20 23:58:04 --> Database Driver Class Initialized
INFO - 2023-11-20 23:58:04 --> Controller Class Initialized
INFO - 2023-11-20 23:58:04 --> Model "Mconfigkey" initialized
INFO - 2023-11-20 23:58:04 --> Model "Minv_fg_in" initialized
INFO - 2023-11-20 23:58:04 --> Final output sent to browser
DEBUG - 2023-11-20 23:58:04 --> Total execution time: 0.6342
INFO - 2023-11-20 23:58:05 --> Config Class Initialized
INFO - 2023-11-20 23:58:05 --> Hooks Class Initialized
DEBUG - 2023-11-20 23:58:05 --> UTF-8 Support Enabled
INFO - 2023-11-20 23:58:05 --> Utf8 Class Initialized
INFO - 2023-11-20 23:58:05 --> URI Class Initialized
INFO - 2023-11-20 23:58:05 --> Router Class Initialized
INFO - 2023-11-20 23:58:05 --> Output Class Initialized
INFO - 2023-11-20 23:58:05 --> Security Class Initialized
DEBUG - 2023-11-20 23:58:05 --> Global POST, GET and COOKIE data sanitized
INFO - 2023-11-20 23:58:05 --> Input Class Initialized
INFO - 2023-11-20 23:58:05 --> Language Class Initialized
INFO - 2023-11-20 23:58:05 --> Loader Class Initialized
INFO - 2023-11-20 23:58:05 --> Helper loaded: url_helper
INFO - 2023-11-20 23:58:05 --> Database Driver Class Initialized
INFO - 2023-11-20 23:58:06 --> Controller Class Initialized
INFO - 2023-11-20 23:58:06 --> Model "Mconfigkey" initialized
INFO - 2023-11-20 23:58:06 --> Model "Minv_fg_out" initialized
INFO - 2023-11-20 23:58:06 --> Final output sent to browser
DEBUG - 2023-11-20 23:58:06 --> Total execution time: 0.4323
INFO - 2023-11-20 23:58:06 --> Config Class Initialized
INFO - 2023-11-20 23:58:06 --> Hooks Class Initialized
DEBUG - 2023-11-20 23:58:06 --> UTF-8 Support Enabled
INFO - 2023-11-20 23:58:06 --> Utf8 Class Initialized
INFO - 2023-11-20 23:58:06 --> URI Class Initialized
INFO - 2023-11-20 23:58:06 --> Router Class Initialized
INFO - 2023-11-20 23:58:06 --> Output Class Initialized
INFO - 2023-11-20 23:58:06 --> Security Class Initialized
DEBUG - 2023-11-20 23:58:06 --> Global POST, GET and COOKIE data sanitized
INFO - 2023-11-20 23:58:06 --> Input Class Initialized
INFO - 2023-11-20 23:58:06 --> Language Class Initialized
INFO - 2023-11-20 23:58:06 --> Loader Class Initialized
INFO - 2023-11-20 23:58:06 --> Helper loaded: url_helper
INFO - 2023-11-20 23:58:06 --> Database Driver Class Initialized
INFO - 2023-11-20 23:58:06 --> Controller Class Initialized
INFO - 2023-11-20 23:58:06 --> Model "Mconfigkey" initialized
INFO - 2023-11-20 23:58:06 --> Model "Minv_fg_control" initialized
INFO - 2023-11-20 23:58:06 --> Final output sent to browser
DEBUG - 2023-11-20 23:58:06 --> Total execution time: 0.2717
INFO - 2023-11-20 23:58:40 --> Config Class Initialized
INFO - 2023-11-20 23:58:40 --> Hooks Class Initialized
DEBUG - 2023-11-20 23:58:40 --> UTF-8 Support Enabled
INFO - 2023-11-20 23:58:40 --> Utf8 Class Initialized
INFO - 2023-11-20 23:58:40 --> URI Class Initialized
INFO - 2023-11-20 23:58:40 --> Router Class Initialized
INFO - 2023-11-20 23:58:40 --> Output Class Initialized
INFO - 2023-11-20 23:58:40 --> Security Class Initialized
DEBUG - 2023-11-20 23:58:40 --> Global POST, GET and COOKIE data sanitized
INFO - 2023-11-20 23:58:40 --> Input Class Initialized
INFO - 2023-11-20 23:58:40 --> Language Class Initialized
INFO - 2023-11-20 23:58:40 --> Loader Class Initialized
INFO - 2023-11-20 23:58:40 --> Helper loaded: url_helper
INFO - 2023-11-20 23:58:40 --> Database Driver Class Initialized
INFO - 2023-11-20 23:58:40 --> Controller Class Initialized
INFO - 2023-11-20 23:58:40 --> Model "Mconfigkey" initialized
INFO - 2023-11-20 23:58:40 --> Model "Minv_wnt" initialized
INFO - 2023-11-20 23:58:40 --> Final output sent to browser
DEBUG - 2023-11-20 23:58:40 --> Total execution time: 0.3558
INFO - 2023-11-20 23:58:45 --> Config Class Initialized
INFO - 2023-11-20 23:58:45 --> Hooks Class Initialized
DEBUG - 2023-11-20 23:58:45 --> UTF-8 Support Enabled
INFO - 2023-11-20 23:58:45 --> Utf8 Class Initialized
INFO - 2023-11-20 23:58:45 --> URI Class Initialized
INFO - 2023-11-20 23:58:45 --> Router Class Initialized
INFO - 2023-11-20 23:58:45 --> Output Class Initialized
INFO - 2023-11-20 23:58:45 --> Security Class Initialized
DEBUG - 2023-11-20 23:58:45 --> Global POST, GET and COOKIE data sanitized
INFO - 2023-11-20 23:58:45 --> Input Class Initialized
INFO - 2023-11-20 23:58:45 --> Language Class Initialized
INFO - 2023-11-20 23:58:45 --> Loader Class Initialized
INFO - 2023-11-20 23:58:45 --> Helper loaded: url_helper
INFO - 2023-11-20 23:58:45 --> Database Driver Class Initialized
INFO - 2023-11-20 23:58:46 --> Controller Class Initialized
INFO - 2023-11-20 23:58:46 --> Model "Mconfigkey" initialized
INFO - 2023-11-20 23:58:46 --> Model "Minv_wnt" initialized
INFO - 2023-11-20 23:58:46 --> Final output sent to browser
DEBUG - 2023-11-20 23:58:46 --> Total execution time: 0.4145
INFO - 2023-11-20 23:58:52 --> Config Class Initialized
INFO - 2023-11-20 23:58:52 --> Hooks Class Initialized
DEBUG - 2023-11-20 23:58:52 --> UTF-8 Support Enabled
INFO - 2023-11-20 23:58:52 --> Utf8 Class Initialized
INFO - 2023-11-20 23:58:52 --> URI Class Initialized
INFO - 2023-11-20 23:58:52 --> Router Class Initialized
INFO - 2023-11-20 23:58:52 --> Output Class Initialized
INFO - 2023-11-20 23:58:52 --> Security Class Initialized
DEBUG - 2023-11-20 23:58:52 --> Global POST, GET and COOKIE data sanitized
INFO - 2023-11-20 23:58:52 --> Input Class Initialized
INFO - 2023-11-20 23:58:52 --> Language Class Initialized
INFO - 2023-11-20 23:58:52 --> Loader Class Initialized
INFO - 2023-11-20 23:58:52 --> Helper loaded: url_helper
INFO - 2023-11-20 23:58:52 --> Database Driver Class Initialized
INFO - 2023-11-20 23:58:52 --> Controller Class Initialized
INFO - 2023-11-20 23:58:53 --> Model "Mconfigkey" initialized
INFO - 2023-11-20 23:58:53 --> Model "Minv_wnt" initialized
INFO - 2023-11-20 23:58:53 --> Final output sent to browser
DEBUG - 2023-11-20 23:58:53 --> Total execution time: 0.7096
INFO - 2023-11-20 23:58:56 --> Config Class Initialized
INFO - 2023-11-20 23:58:56 --> Hooks Class Initialized
DEBUG - 2023-11-20 23:58:56 --> UTF-8 Support Enabled
INFO - 2023-11-20 23:58:56 --> Utf8 Class Initialized
INFO - 2023-11-20 23:58:56 --> URI Class Initialized
INFO - 2023-11-20 23:58:56 --> Router Class Initialized
INFO - 2023-11-20 23:58:56 --> Output Class Initialized
INFO - 2023-11-20 23:58:56 --> Security Class Initialized
DEBUG - 2023-11-20 23:58:56 --> Global POST, GET and COOKIE data sanitized
INFO - 2023-11-20 23:58:56 --> Input Class Initialized
INFO - 2023-11-20 23:58:56 --> Language Class Initialized
INFO - 2023-11-20 23:58:56 --> Loader Class Initialized
INFO - 2023-11-20 23:58:56 --> Helper loaded: url_helper
INFO - 2023-11-20 23:58:56 --> Database Driver Class Initialized
INFO - 2023-11-20 23:58:56 --> Controller Class Initialized
INFO - 2023-11-20 23:58:56 --> Model "Mconfigkey" initialized
INFO - 2023-11-20 23:58:56 --> Model "Minv_wnt" initialized
INFO - 2023-11-20 23:58:56 --> Final output sent to browser
DEBUG - 2023-11-20 23:58:56 --> Total execution time: 0.6420
INFO - 2023-11-20 23:59:21 --> Config Class Initialized
INFO - 2023-11-20 23:59:21 --> Hooks Class Initialized
DEBUG - 2023-11-20 23:59:21 --> UTF-8 Support Enabled
INFO - 2023-11-20 23:59:21 --> Utf8 Class Initialized
INFO - 2023-11-20 23:59:21 --> URI Class Initialized
INFO - 2023-11-20 23:59:21 --> Router Class Initialized
INFO - 2023-11-20 23:59:21 --> Output Class Initialized
INFO - 2023-11-20 23:59:21 --> Security Class Initialized
DEBUG - 2023-11-20 23:59:21 --> Global POST, GET and COOKIE data sanitized
INFO - 2023-11-20 23:59:21 --> Input Class Initialized
INFO - 2023-11-20 23:59:21 --> Language Class Initialized
INFO - 2023-11-20 23:59:21 --> Loader Class Initialized
INFO - 2023-11-20 23:59:21 --> Helper loaded: url_helper
INFO - 2023-11-20 23:59:21 --> Database Driver Class Initialized
INFO - 2023-11-20 23:59:22 --> Controller Class Initialized
INFO - 2023-11-20 23:59:22 --> Model "Mconfigkey" initialized
INFO - 2023-11-20 23:59:22 --> Final output sent to browser
DEBUG - 2023-11-20 23:59:22 --> Total execution time: 1.0808
INFO - 2023-11-20 23:59:30 --> Config Class Initialized
INFO - 2023-11-20 23:59:30 --> Hooks Class Initialized
DEBUG - 2023-11-20 23:59:30 --> UTF-8 Support Enabled
INFO - 2023-11-20 23:59:30 --> Utf8 Class Initialized
INFO - 2023-11-20 23:59:30 --> URI Class Initialized
INFO - 2023-11-20 23:59:30 --> Router Class Initialized
INFO - 2023-11-20 23:59:30 --> Output Class Initialized
INFO - 2023-11-20 23:59:31 --> Security Class Initialized
DEBUG - 2023-11-20 23:59:31 --> Global POST, GET and COOKIE data sanitized
INFO - 2023-11-20 23:59:31 --> Input Class Initialized
INFO - 2023-11-20 23:59:31 --> Language Class Initialized
INFO - 2023-11-20 23:59:31 --> Loader Class Initialized
INFO - 2023-11-20 23:59:31 --> Helper loaded: url_helper
INFO - 2023-11-20 23:59:31 --> Database Driver Class Initialized
INFO - 2023-11-20 23:59:31 --> Controller Class Initialized
INFO - 2023-11-20 23:59:31 --> Model "Mconfigkey" initialized
INFO - 2023-11-20 23:59:31 --> Model "Minv_wnt_in" initialized
INFO - 2023-11-20 23:59:31 --> Final output sent to browser
DEBUG - 2023-11-20 23:59:31 --> Total execution time: 0.4293
INFO - 2023-11-20 23:59:32 --> Config Class Initialized
INFO - 2023-11-20 23:59:32 --> Hooks Class Initialized
DEBUG - 2023-11-20 23:59:32 --> UTF-8 Support Enabled
INFO - 2023-11-20 23:59:32 --> Utf8 Class Initialized
INFO - 2023-11-20 23:59:32 --> URI Class Initialized
INFO - 2023-11-20 23:59:32 --> Router Class Initialized
INFO - 2023-11-20 23:59:32 --> Output Class Initialized
INFO - 2023-11-20 23:59:33 --> Security Class Initialized
DEBUG - 2023-11-20 23:59:33 --> Global POST, GET and COOKIE data sanitized
INFO - 2023-11-20 23:59:33 --> Input Class Initialized
INFO - 2023-11-20 23:59:33 --> Language Class Initialized
INFO - 2023-11-20 23:59:33 --> Loader Class Initialized
INFO - 2023-11-20 23:59:33 --> Helper loaded: url_helper
INFO - 2023-11-20 23:59:33 --> Database Driver Class Initialized
INFO - 2023-11-20 23:59:33 --> Controller Class Initialized
INFO - 2023-11-20 23:59:33 --> Model "Mconfigkey" initialized
INFO - 2023-11-20 23:59:33 --> Model "Minv_material_control" initialized
INFO - 2023-11-20 23:59:33 --> Final output sent to browser
DEBUG - 2023-11-20 23:59:33 --> Total execution time: 0.6669
INFO - 2023-11-20 23:59:46 --> Config Class Initialized
INFO - 2023-11-20 23:59:46 --> Hooks Class Initialized
DEBUG - 2023-11-20 23:59:46 --> UTF-8 Support Enabled
INFO - 2023-11-20 23:59:46 --> Utf8 Class Initialized
INFO - 2023-11-20 23:59:46 --> URI Class Initialized
INFO - 2023-11-20 23:59:46 --> Router Class Initialized
INFO - 2023-11-20 23:59:46 --> Output Class Initialized
INFO - 2023-11-20 23:59:46 --> Security Class Initialized
DEBUG - 2023-11-20 23:59:46 --> Global POST, GET and COOKIE data sanitized
INFO - 2023-11-20 23:59:46 --> Input Class Initialized
INFO - 2023-11-20 23:59:46 --> Language Class Initialized
INFO - 2023-11-20 23:59:46 --> Loader Class Initialized
INFO - 2023-11-20 23:59:46 --> Helper loaded: url_helper
INFO - 2023-11-20 23:59:46 --> Database Driver Class Initialized
INFO - 2023-11-20 23:59:46 --> Controller Class Initialized
INFO - 2023-11-20 23:59:46 --> Model "Mconfigkey" initialized
INFO - 2023-11-20 23:59:46 --> Model "Minv_wnt_control" initialized
INFO - 2023-11-20 23:59:46 --> Final output sent to browser
DEBUG - 2023-11-20 23:59:46 --> Total execution time: 0.3629
