INFO - 2024-12-12 09:09:56 --> Config Class Initialized
INFO - 2024-12-12 09:09:56 --> Hooks Class Initialized
DEBUG - 2024-12-12 09:09:56 --> UTF-8 Support Enabled
INFO - 2024-12-12 09:09:56 --> Utf8 Class Initialized
INFO - 2024-12-12 09:09:56 --> URI Class Initialized
INFO - 2024-12-12 09:09:56 --> Router Class Initialized
INFO - 2024-12-12 09:09:56 --> Output Class Initialized
INFO - 2024-12-12 09:09:56 --> Security Class Initialized
DEBUG - 2024-12-12 09:09:56 --> Global POST, GET and COOKIE data sanitized
INFO - 2024-12-12 09:09:56 --> Input Class Initialized
INFO - 2024-12-12 09:09:56 --> Language Class Initialized
INFO - 2024-12-12 09:09:56 --> Loader Class Initialized
INFO - 2024-12-12 09:09:56 --> Helper loaded: url_helper
INFO - 2024-12-12 09:09:56 --> Database Driver Class Initialized
INFO - 2024-12-12 09:09:56 --> Controller Class Initialized
INFO - 2024-12-12 09:09:56 --> Model "Mconfigkey" initialized
INFO - 2024-12-12 09:09:56 --> Final output sent to browser
DEBUG - 2024-12-12 09:09:56 --> Total execution time: 0.0216
INFO - 2024-12-12 09:10:01 --> Config Class Initialized
INFO - 2024-12-12 09:10:01 --> Hooks Class Initialized
DEBUG - 2024-12-12 09:10:01 --> UTF-8 Support Enabled
INFO - 2024-12-12 09:10:01 --> Utf8 Class Initialized
INFO - 2024-12-12 09:10:01 --> URI Class Initialized
INFO - 2024-12-12 09:10:01 --> Router Class Initialized
INFO - 2024-12-12 09:10:01 --> Output Class Initialized
INFO - 2024-12-12 09:10:01 --> Security Class Initialized
DEBUG - 2024-12-12 09:10:01 --> Global POST, GET and COOKIE data sanitized
INFO - 2024-12-12 09:10:01 --> Input Class Initialized
INFO - 2024-12-12 09:10:01 --> Language Class Initialized
INFO - 2024-12-12 09:10:01 --> Loader Class Initialized
INFO - 2024-12-12 09:10:01 --> Helper loaded: url_helper
INFO - 2024-12-12 09:10:01 --> Database Driver Class Initialized
INFO - 2024-12-12 09:10:01 --> Controller Class Initialized
INFO - 2024-12-12 09:10:01 --> Model "Mauth" initialized
INFO - 2024-12-12 09:10:01 --> Model "Mconfigkey" initialized
INFO - 2024-12-12 09:10:01 --> Final output sent to browser
DEBUG - 2024-12-12 09:10:01 --> Total execution time: 0.0248
INFO - 2024-12-12 09:10:05 --> Config Class Initialized
INFO - 2024-12-12 09:10:05 --> Hooks Class Initialized
DEBUG - 2024-12-12 09:10:05 --> UTF-8 Support Enabled
INFO - 2024-12-12 09:10:05 --> Utf8 Class Initialized
INFO - 2024-12-12 09:10:05 --> URI Class Initialized
INFO - 2024-12-12 09:10:05 --> Router Class Initialized
INFO - 2024-12-12 09:10:05 --> Output Class Initialized
INFO - 2024-12-12 09:10:05 --> Security Class Initialized
DEBUG - 2024-12-12 09:10:05 --> Global POST, GET and COOKIE data sanitized
INFO - 2024-12-12 09:10:05 --> Input Class Initialized
INFO - 2024-12-12 09:10:05 --> Language Class Initialized
INFO - 2024-12-12 09:10:05 --> Loader Class Initialized
INFO - 2024-12-12 09:10:05 --> Helper loaded: url_helper
INFO - 2024-12-12 09:10:05 --> Database Driver Class Initialized
INFO - 2024-12-12 09:10:05 --> Controller Class Initialized
INFO - 2024-12-12 09:10:05 --> Model "Mconfigkey" initialized
INFO - 2024-12-12 09:10:05 --> Model "Mportal_data" initialized
INFO - 2024-12-12 09:10:05 --> Final output sent to browser
DEBUG - 2024-12-12 09:10:05 --> Total execution time: 0.0293
INFO - 2024-12-12 09:10:08 --> Config Class Initialized
INFO - 2024-12-12 09:10:08 --> Hooks Class Initialized
DEBUG - 2024-12-12 09:10:08 --> UTF-8 Support Enabled
INFO - 2024-12-12 09:10:08 --> Utf8 Class Initialized
INFO - 2024-12-12 09:10:08 --> URI Class Initialized
INFO - 2024-12-12 09:10:08 --> Router Class Initialized
INFO - 2024-12-12 09:10:08 --> Output Class Initialized
INFO - 2024-12-12 09:10:08 --> Security Class Initialized
DEBUG - 2024-12-12 09:10:08 --> Global POST, GET and COOKIE data sanitized
INFO - 2024-12-12 09:10:08 --> Input Class Initialized
INFO - 2024-12-12 09:10:08 --> Language Class Initialized
INFO - 2024-12-12 09:10:08 --> Loader Class Initialized
INFO - 2024-12-12 09:10:08 --> Helper loaded: url_helper
INFO - 2024-12-12 09:10:08 --> Database Driver Class Initialized
INFO - 2024-12-12 09:10:08 --> Controller Class Initialized
INFO - 2024-12-12 09:10:08 --> Model "Mconfigkey" initialized
INFO - 2024-12-12 09:10:08 --> Model "Mportal_data" initialized
INFO - 2024-12-12 09:10:08 --> Final output sent to browser
DEBUG - 2024-12-12 09:10:08 --> Total execution time: 0.0257
INFO - 2024-12-12 09:10:09 --> Config Class Initialized
INFO - 2024-12-12 09:10:09 --> Hooks Class Initialized
DEBUG - 2024-12-12 09:10:09 --> UTF-8 Support Enabled
INFO - 2024-12-12 09:10:09 --> Utf8 Class Initialized
INFO - 2024-12-12 09:10:09 --> URI Class Initialized
INFO - 2024-12-12 09:10:09 --> Router Class Initialized
INFO - 2024-12-12 09:10:09 --> Output Class Initialized
INFO - 2024-12-12 09:10:09 --> Security Class Initialized
DEBUG - 2024-12-12 09:10:09 --> Global POST, GET and COOKIE data sanitized
INFO - 2024-12-12 09:10:09 --> Input Class Initialized
INFO - 2024-12-12 09:10:09 --> Language Class Initialized
INFO - 2024-12-12 09:10:09 --> Loader Class Initialized
INFO - 2024-12-12 09:10:09 --> Helper loaded: url_helper
INFO - 2024-12-12 09:10:09 --> Database Driver Class Initialized
INFO - 2024-12-12 09:10:09 --> Controller Class Initialized
INFO - 2024-12-12 09:10:09 --> Model "Mconfigkey" initialized
ERROR - 2024-12-12 09:10:09 --> Severity: Warning --> array_merge(): Expected parameter 1 to be an array, null given D:\xampp\htdocs\plb\dummyservice\application\controllers\PortalApiPlb.php 51
INFO - 2024-12-12 09:10:10 --> Final output sent to browser
DEBUG - 2024-12-12 09:10:10 --> Total execution time: 0.2044
INFO - 2024-12-12 09:10:15 --> Config Class Initialized
INFO - 2024-12-12 09:10:15 --> Hooks Class Initialized
DEBUG - 2024-12-12 09:10:15 --> UTF-8 Support Enabled
INFO - 2024-12-12 09:10:15 --> Utf8 Class Initialized
INFO - 2024-12-12 09:10:15 --> URI Class Initialized
INFO - 2024-12-12 09:10:15 --> Router Class Initialized
INFO - 2024-12-12 09:10:15 --> Output Class Initialized
INFO - 2024-12-12 09:10:15 --> Security Class Initialized
DEBUG - 2024-12-12 09:10:15 --> Global POST, GET and COOKIE data sanitized
INFO - 2024-12-12 09:10:15 --> Input Class Initialized
INFO - 2024-12-12 09:10:15 --> Language Class Initialized
INFO - 2024-12-12 09:10:15 --> Loader Class Initialized
INFO - 2024-12-12 09:10:15 --> Helper loaded: url_helper
INFO - 2024-12-12 09:10:15 --> Database Driver Class Initialized
INFO - 2024-12-12 09:10:15 --> Controller Class Initialized
INFO - 2024-12-12 09:10:15 --> Model "Mconfigkey" initialized
ERROR - 2024-12-12 09:10:15 --> Severity: Warning --> array_merge(): Expected parameter 1 to be an array, null given D:\xampp\htdocs\plb\dummyservice\application\controllers\PortalApiPlb.php 51
INFO - 2024-12-12 09:10:18 --> Final output sent to browser
DEBUG - 2024-12-12 09:10:18 --> Total execution time: 2.7316
INFO - 2024-12-12 09:11:19 --> Config Class Initialized
INFO - 2024-12-12 09:11:19 --> Hooks Class Initialized
DEBUG - 2024-12-12 09:11:19 --> UTF-8 Support Enabled
INFO - 2024-12-12 09:11:19 --> Utf8 Class Initialized
INFO - 2024-12-12 09:11:19 --> URI Class Initialized
INFO - 2024-12-12 09:11:19 --> Router Class Initialized
INFO - 2024-12-12 09:11:19 --> Output Class Initialized
INFO - 2024-12-12 09:11:19 --> Security Class Initialized
DEBUG - 2024-12-12 09:11:19 --> Global POST, GET and COOKIE data sanitized
INFO - 2024-12-12 09:11:19 --> Input Class Initialized
INFO - 2024-12-12 09:11:19 --> Language Class Initialized
INFO - 2024-12-12 09:11:19 --> Loader Class Initialized
INFO - 2024-12-12 09:11:19 --> Helper loaded: url_helper
INFO - 2024-12-12 09:11:19 --> Database Driver Class Initialized
INFO - 2024-12-12 09:11:19 --> Controller Class Initialized
INFO - 2024-12-12 09:11:19 --> Model "Mconfigkey" initialized
INFO - 2024-12-12 09:11:19 --> Final output sent to browser
DEBUG - 2024-12-12 09:11:19 --> Total execution time: 0.2670
INFO - 2024-12-12 09:11:26 --> Config Class Initialized
INFO - 2024-12-12 09:11:26 --> Hooks Class Initialized
DEBUG - 2024-12-12 09:11:26 --> UTF-8 Support Enabled
INFO - 2024-12-12 09:11:26 --> Utf8 Class Initialized
INFO - 2024-12-12 09:11:26 --> URI Class Initialized
INFO - 2024-12-12 09:11:26 --> Router Class Initialized
INFO - 2024-12-12 09:11:26 --> Output Class Initialized
INFO - 2024-12-12 09:11:26 --> Security Class Initialized
DEBUG - 2024-12-12 09:11:26 --> Global POST, GET and COOKIE data sanitized
INFO - 2024-12-12 09:11:26 --> Input Class Initialized
INFO - 2024-12-12 09:11:26 --> Language Class Initialized
INFO - 2024-12-12 09:11:26 --> Loader Class Initialized
INFO - 2024-12-12 09:11:26 --> Helper loaded: url_helper
INFO - 2024-12-12 09:11:26 --> Database Driver Class Initialized
INFO - 2024-12-12 09:11:26 --> Controller Class Initialized
INFO - 2024-12-12 09:11:26 --> Model "Mconfigkey" initialized
INFO - 2024-12-12 09:11:26 --> Final output sent to browser
DEBUG - 2024-12-12 09:11:26 --> Total execution time: 0.0192
INFO - 2024-12-12 09:11:32 --> Config Class Initialized
INFO - 2024-12-12 09:11:32 --> Hooks Class Initialized
DEBUG - 2024-12-12 09:11:32 --> UTF-8 Support Enabled
INFO - 2024-12-12 09:11:32 --> Utf8 Class Initialized
INFO - 2024-12-12 09:11:32 --> URI Class Initialized
INFO - 2024-12-12 09:11:32 --> Router Class Initialized
INFO - 2024-12-12 09:11:32 --> Output Class Initialized
INFO - 2024-12-12 09:11:32 --> Security Class Initialized
DEBUG - 2024-12-12 09:11:32 --> Global POST, GET and COOKIE data sanitized
INFO - 2024-12-12 09:11:32 --> Input Class Initialized
INFO - 2024-12-12 09:11:32 --> Language Class Initialized
INFO - 2024-12-12 09:11:32 --> Loader Class Initialized
INFO - 2024-12-12 09:11:32 --> Helper loaded: url_helper
INFO - 2024-12-12 09:11:32 --> Database Driver Class Initialized
INFO - 2024-12-12 09:11:32 --> Controller Class Initialized
INFO - 2024-12-12 09:11:32 --> Model "Mconfigkey" initialized
INFO - 2024-12-12 09:11:32 --> Model "Mportal_data" initialized
INFO - 2024-12-12 09:11:32 --> Final output sent to browser
DEBUG - 2024-12-12 09:11:32 --> Total execution time: 0.0250
INFO - 2024-12-12 09:11:33 --> Config Class Initialized
INFO - 2024-12-12 09:11:33 --> Hooks Class Initialized
DEBUG - 2024-12-12 09:11:33 --> UTF-8 Support Enabled
INFO - 2024-12-12 09:11:33 --> Utf8 Class Initialized
INFO - 2024-12-12 09:11:33 --> URI Class Initialized
INFO - 2024-12-12 09:11:33 --> Router Class Initialized
INFO - 2024-12-12 09:11:33 --> Output Class Initialized
INFO - 2024-12-12 09:11:33 --> Security Class Initialized
DEBUG - 2024-12-12 09:11:33 --> Global POST, GET and COOKIE data sanitized
INFO - 2024-12-12 09:11:33 --> Input Class Initialized
INFO - 2024-12-12 09:11:33 --> Language Class Initialized
INFO - 2024-12-12 09:11:33 --> Loader Class Initialized
INFO - 2024-12-12 09:11:33 --> Helper loaded: url_helper
INFO - 2024-12-12 09:11:33 --> Database Driver Class Initialized
INFO - 2024-12-12 09:11:33 --> Controller Class Initialized
INFO - 2024-12-12 09:11:33 --> Model "Mconfigkey" initialized
INFO - 2024-12-12 09:11:33 --> Model "Mportal_data" initialized
INFO - 2024-12-12 09:11:33 --> Final output sent to browser
DEBUG - 2024-12-12 09:11:33 --> Total execution time: 0.0267
INFO - 2024-12-12 09:11:39 --> Config Class Initialized
INFO - 2024-12-12 09:11:39 --> Hooks Class Initialized
DEBUG - 2024-12-12 09:11:39 --> UTF-8 Support Enabled
INFO - 2024-12-12 09:11:39 --> Utf8 Class Initialized
INFO - 2024-12-12 09:11:39 --> URI Class Initialized
INFO - 2024-12-12 09:11:39 --> Router Class Initialized
INFO - 2024-12-12 09:11:39 --> Output Class Initialized
INFO - 2024-12-12 09:11:39 --> Security Class Initialized
DEBUG - 2024-12-12 09:11:39 --> Global POST, GET and COOKIE data sanitized
INFO - 2024-12-12 09:11:39 --> Input Class Initialized
INFO - 2024-12-12 09:11:39 --> Language Class Initialized
INFO - 2024-12-12 09:11:39 --> Loader Class Initialized
INFO - 2024-12-12 09:11:39 --> Helper loaded: url_helper
INFO - 2024-12-12 09:11:39 --> Database Driver Class Initialized
INFO - 2024-12-12 09:11:39 --> Controller Class Initialized
INFO - 2024-12-12 09:11:39 --> Model "Mconfigkey" initialized
INFO - 2024-12-12 09:11:39 --> Final output sent to browser
DEBUG - 2024-12-12 09:11:39 --> Total execution time: 0.4277
INFO - 2024-12-12 09:11:49 --> Config Class Initialized
INFO - 2024-12-12 09:11:49 --> Hooks Class Initialized
DEBUG - 2024-12-12 09:11:49 --> UTF-8 Support Enabled
INFO - 2024-12-12 09:11:49 --> Utf8 Class Initialized
INFO - 2024-12-12 09:11:49 --> URI Class Initialized
INFO - 2024-12-12 09:11:49 --> Router Class Initialized
INFO - 2024-12-12 09:11:49 --> Output Class Initialized
INFO - 2024-12-12 09:11:49 --> Security Class Initialized
DEBUG - 2024-12-12 09:11:49 --> Global POST, GET and COOKIE data sanitized
INFO - 2024-12-12 09:11:49 --> Input Class Initialized
INFO - 2024-12-12 09:11:49 --> Language Class Initialized
INFO - 2024-12-12 09:11:49 --> Loader Class Initialized
INFO - 2024-12-12 09:11:49 --> Helper loaded: url_helper
INFO - 2024-12-12 09:11:49 --> Database Driver Class Initialized
INFO - 2024-12-12 09:11:49 --> Controller Class Initialized
INFO - 2024-12-12 09:11:49 --> Model "Mconfigkey" initialized
INFO - 2024-12-12 09:11:49 --> Final output sent to browser
DEBUG - 2024-12-12 09:11:49 --> Total execution time: 0.6182
INFO - 2024-12-12 09:11:53 --> Config Class Initialized
INFO - 2024-12-12 09:11:53 --> Hooks Class Initialized
DEBUG - 2024-12-12 09:11:53 --> UTF-8 Support Enabled
INFO - 2024-12-12 09:11:53 --> Utf8 Class Initialized
INFO - 2024-12-12 09:11:53 --> URI Class Initialized
INFO - 2024-12-12 09:11:53 --> Router Class Initialized
INFO - 2024-12-12 09:11:53 --> Output Class Initialized
INFO - 2024-12-12 09:11:53 --> Security Class Initialized
DEBUG - 2024-12-12 09:11:53 --> Global POST, GET and COOKIE data sanitized
INFO - 2024-12-12 09:11:53 --> Input Class Initialized
INFO - 2024-12-12 09:11:53 --> Language Class Initialized
INFO - 2024-12-12 09:11:53 --> Loader Class Initialized
INFO - 2024-12-12 09:11:53 --> Helper loaded: url_helper
INFO - 2024-12-12 09:11:53 --> Database Driver Class Initialized
INFO - 2024-12-12 09:11:53 --> Controller Class Initialized
INFO - 2024-12-12 09:11:53 --> Model "Mconfigkey" initialized
ERROR - 2024-12-12 09:11:53 --> Severity: Warning --> array_merge(): Expected parameter 1 to be an array, null given D:\xampp\htdocs\plb\dummyservice\application\controllers\PortalApi.php 51
INFO - 2024-12-12 09:11:54 --> Final output sent to browser
DEBUG - 2024-12-12 09:11:54 --> Total execution time: 0.6328
INFO - 2024-12-12 09:11:59 --> Config Class Initialized
INFO - 2024-12-12 09:11:59 --> Hooks Class Initialized
DEBUG - 2024-12-12 09:11:59 --> UTF-8 Support Enabled
INFO - 2024-12-12 09:11:59 --> Utf8 Class Initialized
INFO - 2024-12-12 09:11:59 --> URI Class Initialized
INFO - 2024-12-12 09:11:59 --> Router Class Initialized
INFO - 2024-12-12 09:11:59 --> Output Class Initialized
INFO - 2024-12-12 09:11:59 --> Security Class Initialized
DEBUG - 2024-12-12 09:11:59 --> Global POST, GET and COOKIE data sanitized
INFO - 2024-12-12 09:11:59 --> Input Class Initialized
INFO - 2024-12-12 09:11:59 --> Language Class Initialized
INFO - 2024-12-12 09:11:59 --> Loader Class Initialized
INFO - 2024-12-12 09:11:59 --> Helper loaded: url_helper
INFO - 2024-12-12 09:11:59 --> Database Driver Class Initialized
INFO - 2024-12-12 09:11:59 --> Controller Class Initialized
INFO - 2024-12-12 09:11:59 --> Model "Mconfigkey" initialized
ERROR - 2024-12-12 09:11:59 --> Severity: Warning --> array_merge(): Expected parameter 1 to be an array, null given D:\xampp\htdocs\plb\dummyservice\application\controllers\PortalApi.php 51
INFO - 2024-12-12 09:12:00 --> Final output sent to browser
DEBUG - 2024-12-12 09:12:00 --> Total execution time: 0.8394
INFO - 2024-12-12 09:12:04 --> Config Class Initialized
INFO - 2024-12-12 09:12:04 --> Hooks Class Initialized
DEBUG - 2024-12-12 09:12:04 --> UTF-8 Support Enabled
INFO - 2024-12-12 09:12:04 --> Utf8 Class Initialized
INFO - 2024-12-12 09:12:04 --> URI Class Initialized
INFO - 2024-12-12 09:12:04 --> Router Class Initialized
INFO - 2024-12-12 09:12:04 --> Output Class Initialized
INFO - 2024-12-12 09:12:04 --> Security Class Initialized
DEBUG - 2024-12-12 09:12:04 --> Global POST, GET and COOKIE data sanitized
INFO - 2024-12-12 09:12:04 --> Input Class Initialized
INFO - 2024-12-12 09:12:04 --> Language Class Initialized
INFO - 2024-12-12 09:12:04 --> Loader Class Initialized
INFO - 2024-12-12 09:12:04 --> Helper loaded: url_helper
INFO - 2024-12-12 09:12:04 --> Database Driver Class Initialized
INFO - 2024-12-12 09:12:04 --> Controller Class Initialized
INFO - 2024-12-12 09:12:04 --> Model "Mconfigkey" initialized
ERROR - 2024-12-12 09:12:04 --> Severity: Warning --> array_merge(): Expected parameter 1 to be an array, null given D:\xampp\htdocs\plb\dummyservice\application\controllers\PortalApi.php 51
INFO - 2024-12-12 09:12:05 --> Final output sent to browser
DEBUG - 2024-12-12 09:12:05 --> Total execution time: 1.1092
INFO - 2024-12-12 09:12:33 --> Config Class Initialized
INFO - 2024-12-12 09:12:33 --> Hooks Class Initialized
DEBUG - 2024-12-12 09:12:33 --> UTF-8 Support Enabled
INFO - 2024-12-12 09:12:33 --> Utf8 Class Initialized
INFO - 2024-12-12 09:12:33 --> URI Class Initialized
INFO - 2024-12-12 09:12:33 --> Router Class Initialized
INFO - 2024-12-12 09:12:33 --> Output Class Initialized
INFO - 2024-12-12 09:12:33 --> Security Class Initialized
DEBUG - 2024-12-12 09:12:33 --> Global POST, GET and COOKIE data sanitized
INFO - 2024-12-12 09:12:33 --> Input Class Initialized
INFO - 2024-12-12 09:12:33 --> Language Class Initialized
INFO - 2024-12-12 09:12:33 --> Loader Class Initialized
INFO - 2024-12-12 09:12:33 --> Helper loaded: url_helper
INFO - 2024-12-12 09:12:33 --> Database Driver Class Initialized
INFO - 2024-12-12 09:12:33 --> Controller Class Initialized
INFO - 2024-12-12 09:12:33 --> Model "Mconfigkey" initialized
INFO - 2024-12-12 09:12:34 --> Final output sent to browser
DEBUG - 2024-12-12 09:12:34 --> Total execution time: 0.1804
INFO - 2024-12-12 09:12:58 --> Config Class Initialized
INFO - 2024-12-12 09:12:58 --> Hooks Class Initialized
DEBUG - 2024-12-12 09:12:58 --> UTF-8 Support Enabled
INFO - 2024-12-12 09:12:58 --> Utf8 Class Initialized
INFO - 2024-12-12 09:12:58 --> URI Class Initialized
INFO - 2024-12-12 09:12:58 --> Router Class Initialized
INFO - 2024-12-12 09:12:58 --> Output Class Initialized
INFO - 2024-12-12 09:12:58 --> Security Class Initialized
DEBUG - 2024-12-12 09:12:58 --> Global POST, GET and COOKIE data sanitized
INFO - 2024-12-12 09:12:58 --> Input Class Initialized
INFO - 2024-12-12 09:12:58 --> Language Class Initialized
INFO - 2024-12-12 09:12:58 --> Loader Class Initialized
INFO - 2024-12-12 09:12:58 --> Helper loaded: url_helper
INFO - 2024-12-12 09:12:58 --> Database Driver Class Initialized
INFO - 2024-12-12 09:12:58 --> Controller Class Initialized
INFO - 2024-12-12 09:12:58 --> Model "Mconfigkey" initialized
INFO - 2024-12-12 09:12:58 --> Model "Mportal_data" initialized
INFO - 2024-12-12 09:12:58 --> Final output sent to browser
DEBUG - 2024-12-12 09:12:58 --> Total execution time: 0.0519
