INFO - 2024-02-17 21:05:41 --> Config Class Initialized
INFO - 2024-02-17 21:05:41 --> Hooks Class Initialized
DEBUG - 2024-02-17 21:05:41 --> UTF-8 Support Enabled
INFO - 2024-02-17 21:05:41 --> Utf8 Class Initialized
INFO - 2024-02-17 21:05:41 --> URI Class Initialized
INFO - 2024-02-17 21:05:41 --> Router Class Initialized
INFO - 2024-02-17 21:05:41 --> Output Class Initialized
INFO - 2024-02-17 21:05:41 --> Security Class Initialized
DEBUG - 2024-02-17 21:05:41 --> Global POST, GET and COOKIE data sanitized
INFO - 2024-02-17 21:05:41 --> Input Class Initialized
INFO - 2024-02-17 21:05:41 --> Language Class Initialized
INFO - 2024-02-17 21:05:41 --> Loader Class Initialized
INFO - 2024-02-17 21:05:41 --> Helper loaded: url_helper
INFO - 2024-02-17 21:05:41 --> Database Driver Class Initialized
INFO - 2024-02-17 21:05:41 --> Controller Class Initialized
INFO - 2024-02-17 21:05:41 --> Model "Mconfigkey" initialized
INFO - 2024-02-17 21:05:41 --> Final output sent to browser
DEBUG - 2024-02-17 21:05:41 --> Total execution time: 0.1397
INFO - 2024-02-17 21:05:51 --> Config Class Initialized
INFO - 2024-02-17 21:05:51 --> Hooks Class Initialized
DEBUG - 2024-02-17 21:05:51 --> UTF-8 Support Enabled
INFO - 2024-02-17 21:05:51 --> Utf8 Class Initialized
INFO - 2024-02-17 21:05:51 --> URI Class Initialized
INFO - 2024-02-17 21:05:51 --> Router Class Initialized
INFO - 2024-02-17 21:05:51 --> Output Class Initialized
INFO - 2024-02-17 21:05:51 --> Security Class Initialized
DEBUG - 2024-02-17 21:05:51 --> Global POST, GET and COOKIE data sanitized
INFO - 2024-02-17 21:05:51 --> Input Class Initialized
INFO - 2024-02-17 21:05:51 --> Language Class Initialized
INFO - 2024-02-17 21:05:51 --> Loader Class Initialized
INFO - 2024-02-17 21:05:51 --> Helper loaded: url_helper
INFO - 2024-02-17 21:05:51 --> Database Driver Class Initialized
INFO - 2024-02-17 21:05:51 --> Controller Class Initialized
INFO - 2024-02-17 21:05:51 --> Model "Mconfigkey" initialized
INFO - 2024-02-17 21:05:51 --> Final output sent to browser
DEBUG - 2024-02-17 21:05:51 --> Total execution time: 0.1359
