INFO - 2024-12-20 14:20:06 --> Config Class Initialized
INFO - 2024-12-20 14:20:06 --> Hooks Class Initialized
DEBUG - 2024-12-20 14:20:06 --> UTF-8 Support Enabled
INFO - 2024-12-20 14:20:06 --> Utf8 Class Initialized
INFO - 2024-12-20 14:20:06 --> URI Class Initialized
INFO - 2024-12-20 14:20:06 --> Router Class Initialized
INFO - 2024-12-20 14:20:06 --> Output Class Initialized
INFO - 2024-12-20 14:20:06 --> Security Class Initialized
DEBUG - 2024-12-20 14:20:06 --> Global POST, GET and COOKIE data sanitized
INFO - 2024-12-20 14:20:06 --> Input Class Initialized
INFO - 2024-12-20 14:20:06 --> Language Class Initialized
INFO - 2024-12-20 14:20:06 --> Loader Class Initialized
INFO - 2024-12-20 14:20:06 --> Helper loaded: url_helper
INFO - 2024-12-20 14:20:06 --> Database Driver Class Initialized
INFO - 2024-12-20 14:20:06 --> Controller Class Initialized
INFO - 2024-12-20 14:20:06 --> Model "Mconfigkey" initialized
INFO - 2024-12-20 14:20:06 --> Final output sent to browser
DEBUG - 2024-12-20 14:20:06 --> Total execution time: 0.5119
INFO - 2024-12-20 15:33:39 --> Config Class Initialized
INFO - 2024-12-20 15:33:39 --> Hooks Class Initialized
DEBUG - 2024-12-20 15:33:39 --> UTF-8 Support Enabled
INFO - 2024-12-20 15:33:39 --> Utf8 Class Initialized
INFO - 2024-12-20 15:33:39 --> URI Class Initialized
INFO - 2024-12-20 15:33:39 --> Router Class Initialized
INFO - 2024-12-20 15:33:39 --> Output Class Initialized
INFO - 2024-12-20 15:33:39 --> Security Class Initialized
DEBUG - 2024-12-20 15:33:39 --> Global POST, GET and COOKIE data sanitized
INFO - 2024-12-20 15:33:39 --> Input Class Initialized
INFO - 2024-12-20 15:33:39 --> Language Class Initialized
INFO - 2024-12-20 15:33:39 --> Loader Class Initialized
INFO - 2024-12-20 15:33:39 --> Helper loaded: url_helper
INFO - 2024-12-20 15:33:39 --> Database Driver Class Initialized
INFO - 2024-12-20 15:33:39 --> Controller Class Initialized
INFO - 2024-12-20 15:33:39 --> Model "Mconfigkey" initialized
INFO - 2024-12-20 15:33:39 --> Final output sent to browser
DEBUG - 2024-12-20 15:33:39 --> Total execution time: 0.0210
INFO - 2024-12-20 15:33:46 --> Config Class Initialized
INFO - 2024-12-20 15:33:46 --> Hooks Class Initialized
DEBUG - 2024-12-20 15:33:46 --> UTF-8 Support Enabled
INFO - 2024-12-20 15:33:46 --> Utf8 Class Initialized
INFO - 2024-12-20 15:33:46 --> URI Class Initialized
INFO - 2024-12-20 15:33:46 --> Router Class Initialized
INFO - 2024-12-20 15:33:46 --> Output Class Initialized
INFO - 2024-12-20 15:33:46 --> Security Class Initialized
DEBUG - 2024-12-20 15:33:46 --> Global POST, GET and COOKIE data sanitized
INFO - 2024-12-20 15:33:46 --> Input Class Initialized
INFO - 2024-12-20 15:33:46 --> Language Class Initialized
INFO - 2024-12-20 15:33:46 --> Loader Class Initialized
INFO - 2024-12-20 15:33:46 --> Helper loaded: url_helper
INFO - 2024-12-20 15:33:46 --> Database Driver Class Initialized
INFO - 2024-12-20 15:33:46 --> Controller Class Initialized
INFO - 2024-12-20 15:33:46 --> Model "Mauth" initialized
INFO - 2024-12-20 15:33:46 --> Final output sent to browser
DEBUG - 2024-12-20 15:33:46 --> Total execution time: 0.0297
INFO - 2024-12-20 15:33:52 --> Config Class Initialized
INFO - 2024-12-20 15:33:52 --> Hooks Class Initialized
DEBUG - 2024-12-20 15:33:52 --> UTF-8 Support Enabled
INFO - 2024-12-20 15:33:52 --> Utf8 Class Initialized
INFO - 2024-12-20 15:33:52 --> URI Class Initialized
INFO - 2024-12-20 15:33:52 --> Router Class Initialized
INFO - 2024-12-20 15:33:52 --> Output Class Initialized
INFO - 2024-12-20 15:33:52 --> Security Class Initialized
DEBUG - 2024-12-20 15:33:52 --> Global POST, GET and COOKIE data sanitized
INFO - 2024-12-20 15:33:52 --> Input Class Initialized
INFO - 2024-12-20 15:33:52 --> Language Class Initialized
INFO - 2024-12-20 15:33:52 --> Loader Class Initialized
INFO - 2024-12-20 15:33:52 --> Helper loaded: url_helper
INFO - 2024-12-20 15:33:52 --> Database Driver Class Initialized
INFO - 2024-12-20 15:33:52 --> Controller Class Initialized
INFO - 2024-12-20 15:33:52 --> Model "Mauth" initialized
INFO - 2024-12-20 15:33:52 --> Final output sent to browser
DEBUG - 2024-12-20 15:33:52 --> Total execution time: 0.0183
INFO - 2024-12-20 15:34:01 --> Config Class Initialized
INFO - 2024-12-20 15:34:01 --> Hooks Class Initialized
DEBUG - 2024-12-20 15:34:01 --> UTF-8 Support Enabled
INFO - 2024-12-20 15:34:01 --> Utf8 Class Initialized
INFO - 2024-12-20 15:34:01 --> URI Class Initialized
INFO - 2024-12-20 15:34:01 --> Router Class Initialized
INFO - 2024-12-20 15:34:01 --> Output Class Initialized
INFO - 2024-12-20 15:34:01 --> Security Class Initialized
DEBUG - 2024-12-20 15:34:01 --> Global POST, GET and COOKIE data sanitized
INFO - 2024-12-20 15:34:01 --> Input Class Initialized
INFO - 2024-12-20 15:34:01 --> Language Class Initialized
INFO - 2024-12-20 15:34:01 --> Loader Class Initialized
INFO - 2024-12-20 15:34:01 --> Helper loaded: url_helper
INFO - 2024-12-20 15:34:01 --> Database Driver Class Initialized
INFO - 2024-12-20 15:34:01 --> Controller Class Initialized
INFO - 2024-12-20 15:34:01 --> Model "Mauth" initialized
INFO - 2024-12-20 15:34:01 --> Model "Mconfigkey" initialized
INFO - 2024-12-20 15:34:01 --> Final output sent to browser
DEBUG - 2024-12-20 15:34:01 --> Total execution time: 0.0238
INFO - 2024-12-20 15:34:06 --> Config Class Initialized
INFO - 2024-12-20 15:34:06 --> Hooks Class Initialized
DEBUG - 2024-12-20 15:34:06 --> UTF-8 Support Enabled
INFO - 2024-12-20 15:34:06 --> Utf8 Class Initialized
INFO - 2024-12-20 15:34:06 --> URI Class Initialized
INFO - 2024-12-20 15:34:06 --> Router Class Initialized
INFO - 2024-12-20 15:34:06 --> Output Class Initialized
INFO - 2024-12-20 15:34:06 --> Security Class Initialized
DEBUG - 2024-12-20 15:34:06 --> Global POST, GET and COOKIE data sanitized
INFO - 2024-12-20 15:34:06 --> Input Class Initialized
INFO - 2024-12-20 15:34:06 --> Language Class Initialized
INFO - 2024-12-20 15:34:06 --> Loader Class Initialized
INFO - 2024-12-20 15:34:06 --> Helper loaded: url_helper
INFO - 2024-12-20 15:34:06 --> Database Driver Class Initialized
INFO - 2024-12-20 15:34:06 --> Controller Class Initialized
INFO - 2024-12-20 15:34:06 --> Model "Mconfigkey" initialized
INFO - 2024-12-20 15:34:06 --> Model "Mbcin_16" initialized
INFO - 2024-12-20 15:34:06 --> Final output sent to browser
DEBUG - 2024-12-20 15:34:06 --> Total execution time: 0.0305
INFO - 2024-12-20 15:34:08 --> Config Class Initialized
INFO - 2024-12-20 15:34:08 --> Hooks Class Initialized
DEBUG - 2024-12-20 15:34:08 --> UTF-8 Support Enabled
INFO - 2024-12-20 15:34:08 --> Utf8 Class Initialized
INFO - 2024-12-20 15:34:08 --> URI Class Initialized
INFO - 2024-12-20 15:34:08 --> Router Class Initialized
INFO - 2024-12-20 15:34:08 --> Output Class Initialized
INFO - 2024-12-20 15:34:08 --> Security Class Initialized
DEBUG - 2024-12-20 15:34:08 --> Global POST, GET and COOKIE data sanitized
INFO - 2024-12-20 15:34:08 --> Input Class Initialized
INFO - 2024-12-20 15:34:08 --> Language Class Initialized
INFO - 2024-12-20 15:34:08 --> Loader Class Initialized
INFO - 2024-12-20 15:34:08 --> Helper loaded: url_helper
INFO - 2024-12-20 15:34:08 --> Database Driver Class Initialized
INFO - 2024-12-20 15:34:08 --> Controller Class Initialized
INFO - 2024-12-20 15:34:08 --> Model "Mconfigkey" initialized
INFO - 2024-12-20 15:34:08 --> Model "Mbcin_271_aw" initialized
INFO - 2024-12-20 15:34:08 --> Final output sent to browser
DEBUG - 2024-12-20 15:34:08 --> Total execution time: 0.0778
