INFO - 2024-07-24 05:28:33 --> Config Class Initialized
INFO - 2024-07-24 05:28:33 --> Hooks Class Initialized
DEBUG - 2024-07-24 05:28:33 --> UTF-8 Support Enabled
INFO - 2024-07-24 05:28:33 --> Utf8 Class Initialized
INFO - 2024-07-24 05:28:33 --> URI Class Initialized
INFO - 2024-07-24 05:28:33 --> Router Class Initialized
INFO - 2024-07-24 05:28:33 --> Output Class Initialized
INFO - 2024-07-24 05:28:33 --> Security Class Initialized
DEBUG - 2024-07-24 05:28:33 --> Global POST, GET and COOKIE data sanitized
INFO - 2024-07-24 05:28:33 --> Input Class Initialized
INFO - 2024-07-24 05:28:33 --> Language Class Initialized
INFO - 2024-07-24 05:28:33 --> Loader Class Initialized
INFO - 2024-07-24 05:28:33 --> Helper loaded: url_helper
INFO - 2024-07-24 05:28:33 --> Database Driver Class Initialized
INFO - 2024-07-24 05:28:34 --> Controller Class Initialized
INFO - 2024-07-24 05:28:34 --> Model "Mconfigkey" initialized
INFO - 2024-07-24 05:28:34 --> Final output sent to browser
DEBUG - 2024-07-24 05:28:34 --> Total execution time: 0.4521
INFO - 2024-07-24 11:23:49 --> Config Class Initialized
INFO - 2024-07-24 11:23:49 --> Hooks Class Initialized
DEBUG - 2024-07-24 11:23:49 --> UTF-8 Support Enabled
INFO - 2024-07-24 11:23:49 --> Utf8 Class Initialized
INFO - 2024-07-24 11:23:49 --> URI Class Initialized
INFO - 2024-07-24 11:23:49 --> Router Class Initialized
INFO - 2024-07-24 11:23:49 --> Output Class Initialized
INFO - 2024-07-24 11:23:49 --> Security Class Initialized
DEBUG - 2024-07-24 11:23:49 --> Global POST, GET and COOKIE data sanitized
INFO - 2024-07-24 11:23:49 --> Input Class Initialized
INFO - 2024-07-24 11:23:49 --> Language Class Initialized
INFO - 2024-07-24 11:23:49 --> Loader Class Initialized
INFO - 2024-07-24 11:23:49 --> Helper loaded: url_helper
INFO - 2024-07-24 11:23:49 --> Database Driver Class Initialized
INFO - 2024-07-24 11:23:49 --> Controller Class Initialized
INFO - 2024-07-24 11:23:49 --> Model "Mauth" initialized
INFO - 2024-07-24 11:23:49 --> Model "Mconfigkey" initialized
INFO - 2024-07-24 11:23:49 --> Final output sent to browser
DEBUG - 2024-07-24 11:23:49 --> Total execution time: 0.0434
INFO - 2024-07-24 11:23:55 --> Config Class Initialized
INFO - 2024-07-24 11:23:55 --> Hooks Class Initialized
DEBUG - 2024-07-24 11:23:55 --> UTF-8 Support Enabled
INFO - 2024-07-24 11:23:55 --> Utf8 Class Initialized
INFO - 2024-07-24 11:23:55 --> URI Class Initialized
INFO - 2024-07-24 11:23:55 --> Router Class Initialized
INFO - 2024-07-24 11:23:55 --> Output Class Initialized
INFO - 2024-07-24 11:23:55 --> Security Class Initialized
DEBUG - 2024-07-24 11:23:55 --> Global POST, GET and COOKIE data sanitized
INFO - 2024-07-24 11:23:55 --> Input Class Initialized
INFO - 2024-07-24 11:23:55 --> Language Class Initialized
INFO - 2024-07-24 11:23:55 --> Loader Class Initialized
INFO - 2024-07-24 11:23:55 --> Helper loaded: url_helper
INFO - 2024-07-24 11:23:55 --> Database Driver Class Initialized
INFO - 2024-07-24 11:23:55 --> Controller Class Initialized
INFO - 2024-07-24 11:23:55 --> Model "Mconfigkey" initialized
INFO - 2024-07-24 11:23:55 --> Model "Mgoods_in" initialized
INFO - 2024-07-24 11:23:55 --> Final output sent to browser
DEBUG - 2024-07-24 11:23:55 --> Total execution time: 0.0327
INFO - 2024-07-24 11:23:58 --> Config Class Initialized
INFO - 2024-07-24 11:23:58 --> Hooks Class Initialized
DEBUG - 2024-07-24 11:23:58 --> UTF-8 Support Enabled
INFO - 2024-07-24 11:23:58 --> Utf8 Class Initialized
INFO - 2024-07-24 11:23:58 --> URI Class Initialized
INFO - 2024-07-24 11:23:58 --> Router Class Initialized
INFO - 2024-07-24 11:23:58 --> Output Class Initialized
INFO - 2024-07-24 11:23:58 --> Security Class Initialized
DEBUG - 2024-07-24 11:23:58 --> Global POST, GET and COOKIE data sanitized
INFO - 2024-07-24 11:23:58 --> Input Class Initialized
INFO - 2024-07-24 11:23:58 --> Language Class Initialized
INFO - 2024-07-24 11:23:58 --> Loader Class Initialized
INFO - 2024-07-24 11:23:58 --> Helper loaded: url_helper
INFO - 2024-07-24 11:23:58 --> Database Driver Class Initialized
INFO - 2024-07-24 11:23:58 --> Controller Class Initialized
INFO - 2024-07-24 11:23:58 --> Model "Mconfigkey" initialized
INFO - 2024-07-24 11:23:58 --> Model "Mgoods_in" initialized
INFO - 2024-07-24 11:23:58 --> Final output sent to browser
DEBUG - 2024-07-24 11:23:58 --> Total execution time: 0.0197
INFO - 2024-07-24 11:25:32 --> Config Class Initialized
INFO - 2024-07-24 11:25:32 --> Hooks Class Initialized
DEBUG - 2024-07-24 11:25:32 --> UTF-8 Support Enabled
INFO - 2024-07-24 11:25:32 --> Utf8 Class Initialized
INFO - 2024-07-24 11:25:32 --> URI Class Initialized
INFO - 2024-07-24 11:25:32 --> Router Class Initialized
INFO - 2024-07-24 11:25:32 --> Output Class Initialized
INFO - 2024-07-24 11:25:32 --> Security Class Initialized
DEBUG - 2024-07-24 11:25:32 --> Global POST, GET and COOKIE data sanitized
INFO - 2024-07-24 11:25:32 --> Input Class Initialized
INFO - 2024-07-24 11:25:32 --> Language Class Initialized
INFO - 2024-07-24 11:25:32 --> Loader Class Initialized
INFO - 2024-07-24 11:25:32 --> Helper loaded: url_helper
INFO - 2024-07-24 11:25:32 --> Database Driver Class Initialized
INFO - 2024-07-24 11:25:32 --> Controller Class Initialized
INFO - 2024-07-24 11:25:32 --> Model "Mconfigkey" initialized
INFO - 2024-07-24 11:25:32 --> Model "Mportal_data" initialized
INFO - 2024-07-24 11:25:32 --> Final output sent to browser
DEBUG - 2024-07-24 11:25:32 --> Total execution time: 0.0324
INFO - 2024-07-24 11:25:41 --> Config Class Initialized
INFO - 2024-07-24 11:25:41 --> Hooks Class Initialized
DEBUG - 2024-07-24 11:25:41 --> UTF-8 Support Enabled
INFO - 2024-07-24 11:25:41 --> Utf8 Class Initialized
INFO - 2024-07-24 11:25:41 --> URI Class Initialized
INFO - 2024-07-24 11:25:41 --> Router Class Initialized
INFO - 2024-07-24 11:25:41 --> Output Class Initialized
INFO - 2024-07-24 11:25:41 --> Security Class Initialized
DEBUG - 2024-07-24 11:25:41 --> Global POST, GET and COOKIE data sanitized
INFO - 2024-07-24 11:25:41 --> Input Class Initialized
INFO - 2024-07-24 11:25:41 --> Language Class Initialized
INFO - 2024-07-24 11:25:41 --> Loader Class Initialized
INFO - 2024-07-24 11:25:41 --> Helper loaded: url_helper
INFO - 2024-07-24 11:25:41 --> Database Driver Class Initialized
INFO - 2024-07-24 11:25:41 --> Controller Class Initialized
INFO - 2024-07-24 11:25:48 --> Final output sent to browser
DEBUG - 2024-07-24 11:25:48 --> Total execution time: 6.4021
INFO - 2024-07-24 11:26:10 --> Config Class Initialized
INFO - 2024-07-24 11:26:10 --> Hooks Class Initialized
DEBUG - 2024-07-24 11:26:10 --> UTF-8 Support Enabled
INFO - 2024-07-24 11:26:10 --> Utf8 Class Initialized
INFO - 2024-07-24 11:26:10 --> URI Class Initialized
INFO - 2024-07-24 11:26:10 --> Router Class Initialized
INFO - 2024-07-24 11:26:10 --> Output Class Initialized
INFO - 2024-07-24 11:26:10 --> Security Class Initialized
DEBUG - 2024-07-24 11:26:10 --> Global POST, GET and COOKIE data sanitized
INFO - 2024-07-24 11:26:10 --> Input Class Initialized
INFO - 2024-07-24 11:26:10 --> Language Class Initialized
INFO - 2024-07-24 11:26:10 --> Loader Class Initialized
INFO - 2024-07-24 11:26:10 --> Helper loaded: url_helper
INFO - 2024-07-24 11:26:10 --> Database Driver Class Initialized
INFO - 2024-07-24 11:26:10 --> Controller Class Initialized
INFO - 2024-07-24 11:26:10 --> Model "Mconfigkey" initialized
INFO - 2024-07-24 11:26:10 --> Final output sent to browser
DEBUG - 2024-07-24 11:26:10 --> Total execution time: 0.0195
INFO - 2024-07-24 11:26:17 --> Config Class Initialized
INFO - 2024-07-24 11:26:17 --> Hooks Class Initialized
DEBUG - 2024-07-24 11:26:17 --> UTF-8 Support Enabled
INFO - 2024-07-24 11:26:17 --> Utf8 Class Initialized
INFO - 2024-07-24 11:26:17 --> URI Class Initialized
INFO - 2024-07-24 11:26:17 --> Router Class Initialized
INFO - 2024-07-24 11:26:17 --> Output Class Initialized
INFO - 2024-07-24 11:26:17 --> Security Class Initialized
DEBUG - 2024-07-24 11:26:17 --> Global POST, GET and COOKIE data sanitized
INFO - 2024-07-24 11:26:17 --> Input Class Initialized
INFO - 2024-07-24 11:26:17 --> Language Class Initialized
INFO - 2024-07-24 11:26:17 --> Loader Class Initialized
INFO - 2024-07-24 11:26:17 --> Helper loaded: url_helper
INFO - 2024-07-24 11:26:17 --> Database Driver Class Initialized
INFO - 2024-07-24 11:26:17 --> Controller Class Initialized
INFO - 2024-07-24 11:26:17 --> Model "Mconfigkey" initialized
INFO - 2024-07-24 11:26:17 --> Model "Mportal_data" initialized
INFO - 2024-07-24 11:26:17 --> Final output sent to browser
DEBUG - 2024-07-24 11:26:17 --> Total execution time: 0.0218
INFO - 2024-07-24 11:26:21 --> Config Class Initialized
INFO - 2024-07-24 11:26:21 --> Hooks Class Initialized
DEBUG - 2024-07-24 11:26:21 --> UTF-8 Support Enabled
INFO - 2024-07-24 11:26:21 --> Utf8 Class Initialized
INFO - 2024-07-24 11:26:21 --> URI Class Initialized
INFO - 2024-07-24 11:26:21 --> Router Class Initialized
INFO - 2024-07-24 11:26:21 --> Output Class Initialized
INFO - 2024-07-24 11:26:21 --> Security Class Initialized
DEBUG - 2024-07-24 11:26:21 --> Global POST, GET and COOKIE data sanitized
INFO - 2024-07-24 11:26:21 --> Input Class Initialized
INFO - 2024-07-24 11:26:21 --> Language Class Initialized
INFO - 2024-07-24 11:26:21 --> Loader Class Initialized
INFO - 2024-07-24 11:26:21 --> Helper loaded: url_helper
INFO - 2024-07-24 11:26:21 --> Database Driver Class Initialized
INFO - 2024-07-24 11:26:21 --> Controller Class Initialized
INFO - 2024-07-24 11:26:38 --> Final output sent to browser
DEBUG - 2024-07-24 11:26:38 --> Total execution time: 17.1091
INFO - 2024-07-24 11:26:55 --> Config Class Initialized
INFO - 2024-07-24 11:26:55 --> Hooks Class Initialized
DEBUG - 2024-07-24 11:26:55 --> UTF-8 Support Enabled
INFO - 2024-07-24 11:26:55 --> Utf8 Class Initialized
INFO - 2024-07-24 11:26:55 --> URI Class Initialized
INFO - 2024-07-24 11:26:55 --> Router Class Initialized
INFO - 2024-07-24 11:26:55 --> Output Class Initialized
INFO - 2024-07-24 11:26:55 --> Security Class Initialized
DEBUG - 2024-07-24 11:26:55 --> Global POST, GET and COOKIE data sanitized
INFO - 2024-07-24 11:26:55 --> Input Class Initialized
INFO - 2024-07-24 11:26:55 --> Language Class Initialized
INFO - 2024-07-24 11:26:55 --> Loader Class Initialized
INFO - 2024-07-24 11:26:55 --> Helper loaded: url_helper
INFO - 2024-07-24 11:26:55 --> Database Driver Class Initialized
INFO - 2024-07-24 11:26:55 --> Controller Class Initialized
ERROR - 2024-07-24 11:27:06 --> Severity: Warning --> file_put_contents(D:/uploads/plb/from_portal/): failed to open stream: No such file or directory D:\xampp\htdocs\plb\dummyservice\application\controllers\PortalApi.php 227
INFO - 2024-07-24 11:27:06 --> Model "Mportal_data" initialized
INFO - 2024-07-24 11:27:06 --> Final output sent to browser
DEBUG - 2024-07-24 11:27:06 --> Total execution time: 10.7855
INFO - 2024-07-24 11:27:19 --> Config Class Initialized
INFO - 2024-07-24 11:27:19 --> Hooks Class Initialized
DEBUG - 2024-07-24 11:27:19 --> UTF-8 Support Enabled
INFO - 2024-07-24 11:27:19 --> Utf8 Class Initialized
INFO - 2024-07-24 11:27:19 --> URI Class Initialized
INFO - 2024-07-24 11:27:19 --> Router Class Initialized
INFO - 2024-07-24 11:27:19 --> Output Class Initialized
INFO - 2024-07-24 11:27:19 --> Security Class Initialized
DEBUG - 2024-07-24 11:27:19 --> Global POST, GET and COOKIE data sanitized
INFO - 2024-07-24 11:27:19 --> Input Class Initialized
INFO - 2024-07-24 11:27:19 --> Language Class Initialized
INFO - 2024-07-24 11:27:19 --> Loader Class Initialized
INFO - 2024-07-24 11:27:19 --> Helper loaded: url_helper
INFO - 2024-07-24 11:27:19 --> Database Driver Class Initialized
INFO - 2024-07-24 11:27:19 --> Controller Class Initialized
INFO - 2024-07-24 11:27:19 --> Model "Mconfigkey" initialized
INFO - 2024-07-24 11:27:19 --> Model "Mgoods_in" initialized
INFO - 2024-07-24 11:27:19 --> Final output sent to browser
DEBUG - 2024-07-24 11:27:19 --> Total execution time: 0.0213
INFO - 2024-07-24 11:27:23 --> Config Class Initialized
INFO - 2024-07-24 11:27:23 --> Hooks Class Initialized
DEBUG - 2024-07-24 11:27:23 --> UTF-8 Support Enabled
INFO - 2024-07-24 11:27:23 --> Utf8 Class Initialized
INFO - 2024-07-24 11:27:23 --> URI Class Initialized
INFO - 2024-07-24 11:27:23 --> Router Class Initialized
INFO - 2024-07-24 11:27:23 --> Output Class Initialized
INFO - 2024-07-24 11:27:23 --> Security Class Initialized
DEBUG - 2024-07-24 11:27:23 --> Global POST, GET and COOKIE data sanitized
INFO - 2024-07-24 11:27:23 --> Input Class Initialized
INFO - 2024-07-24 11:27:23 --> Language Class Initialized
INFO - 2024-07-24 11:27:23 --> Loader Class Initialized
INFO - 2024-07-24 11:27:23 --> Helper loaded: url_helper
INFO - 2024-07-24 11:27:23 --> Database Driver Class Initialized
INFO - 2024-07-24 11:27:23 --> Controller Class Initialized
INFO - 2024-07-24 11:27:23 --> Model "Mconfigkey" initialized
INFO - 2024-07-24 11:27:23 --> Model "Mgoods_in" initialized
INFO - 2024-07-24 11:27:23 --> Final output sent to browser
DEBUG - 2024-07-24 11:27:23 --> Total execution time: 0.0224
INFO - 2024-07-24 11:27:48 --> Config Class Initialized
INFO - 2024-07-24 11:27:48 --> Hooks Class Initialized
DEBUG - 2024-07-24 11:27:48 --> UTF-8 Support Enabled
INFO - 2024-07-24 11:27:48 --> Utf8 Class Initialized
INFO - 2024-07-24 11:27:48 --> URI Class Initialized
INFO - 2024-07-24 11:27:48 --> Router Class Initialized
INFO - 2024-07-24 11:27:48 --> Output Class Initialized
INFO - 2024-07-24 11:27:48 --> Security Class Initialized
DEBUG - 2024-07-24 11:27:48 --> Global POST, GET and COOKIE data sanitized
INFO - 2024-07-24 11:27:48 --> Input Class Initialized
INFO - 2024-07-24 11:27:48 --> Language Class Initialized
INFO - 2024-07-24 11:27:48 --> Loader Class Initialized
INFO - 2024-07-24 11:27:48 --> Helper loaded: url_helper
INFO - 2024-07-24 11:27:48 --> Database Driver Class Initialized
INFO - 2024-07-24 11:27:48 --> Controller Class Initialized
INFO - 2024-07-24 11:27:48 --> Model "Mconfigkey" initialized
INFO - 2024-07-24 11:27:48 --> Model "Mgoods_in" initialized
INFO - 2024-07-24 11:27:48 --> Final output sent to browser
DEBUG - 2024-07-24 11:27:48 --> Total execution time: 0.0241
INFO - 2024-07-24 11:27:56 --> Config Class Initialized
INFO - 2024-07-24 11:27:56 --> Hooks Class Initialized
DEBUG - 2024-07-24 11:27:56 --> UTF-8 Support Enabled
INFO - 2024-07-24 11:27:56 --> Utf8 Class Initialized
INFO - 2024-07-24 11:27:56 --> URI Class Initialized
INFO - 2024-07-24 11:27:56 --> Router Class Initialized
INFO - 2024-07-24 11:27:56 --> Output Class Initialized
INFO - 2024-07-24 11:27:56 --> Security Class Initialized
DEBUG - 2024-07-24 11:27:56 --> Global POST, GET and COOKIE data sanitized
INFO - 2024-07-24 11:27:56 --> Input Class Initialized
INFO - 2024-07-24 11:27:56 --> Language Class Initialized
INFO - 2024-07-24 11:27:56 --> Loader Class Initialized
INFO - 2024-07-24 11:27:56 --> Helper loaded: url_helper
INFO - 2024-07-24 11:27:56 --> Database Driver Class Initialized
INFO - 2024-07-24 11:27:56 --> Controller Class Initialized
INFO - 2024-07-24 11:27:56 --> Model "Mconfigkey" initialized
INFO - 2024-07-24 11:27:56 --> Model "Mgoods_in" initialized
INFO - 2024-07-24 11:27:56 --> Final output sent to browser
DEBUG - 2024-07-24 11:27:56 --> Total execution time: 0.0223
INFO - 2024-07-24 11:28:03 --> Config Class Initialized
INFO - 2024-07-24 11:28:03 --> Hooks Class Initialized
DEBUG - 2024-07-24 11:28:03 --> UTF-8 Support Enabled
INFO - 2024-07-24 11:28:03 --> Utf8 Class Initialized
INFO - 2024-07-24 11:28:03 --> URI Class Initialized
INFO - 2024-07-24 11:28:03 --> Router Class Initialized
INFO - 2024-07-24 11:28:03 --> Output Class Initialized
INFO - 2024-07-24 11:28:03 --> Security Class Initialized
DEBUG - 2024-07-24 11:28:03 --> Global POST, GET and COOKIE data sanitized
INFO - 2024-07-24 11:28:03 --> Input Class Initialized
INFO - 2024-07-24 11:28:03 --> Language Class Initialized
INFO - 2024-07-24 11:28:03 --> Loader Class Initialized
INFO - 2024-07-24 11:28:03 --> Helper loaded: url_helper
INFO - 2024-07-24 11:28:03 --> Database Driver Class Initialized
INFO - 2024-07-24 11:28:03 --> Controller Class Initialized
INFO - 2024-07-24 11:28:03 --> Model "Mconfigkey" initialized
INFO - 2024-07-24 11:28:03 --> Model "Mgoods_in" initialized
INFO - 2024-07-24 11:28:03 --> Final output sent to browser
DEBUG - 2024-07-24 11:28:03 --> Total execution time: 0.0223
INFO - 2024-07-24 11:29:55 --> Config Class Initialized
INFO - 2024-07-24 11:29:55 --> Hooks Class Initialized
DEBUG - 2024-07-24 11:29:55 --> UTF-8 Support Enabled
INFO - 2024-07-24 11:29:55 --> Utf8 Class Initialized
INFO - 2024-07-24 11:29:55 --> URI Class Initialized
INFO - 2024-07-24 11:29:55 --> Router Class Initialized
INFO - 2024-07-24 11:29:55 --> Output Class Initialized
INFO - 2024-07-24 11:29:55 --> Security Class Initialized
DEBUG - 2024-07-24 11:29:55 --> Global POST, GET and COOKIE data sanitized
INFO - 2024-07-24 11:29:55 --> Input Class Initialized
INFO - 2024-07-24 11:29:55 --> Language Class Initialized
INFO - 2024-07-24 11:29:55 --> Loader Class Initialized
INFO - 2024-07-24 11:29:55 --> Helper loaded: url_helper
INFO - 2024-07-24 11:29:55 --> Database Driver Class Initialized
INFO - 2024-07-24 11:29:55 --> Controller Class Initialized
INFO - 2024-07-24 11:29:55 --> Model "Mconfigkey" initialized
INFO - 2024-07-24 11:29:55 --> Model "Mgoods_in" initialized
INFO - 2024-07-24 11:29:55 --> Final output sent to browser
DEBUG - 2024-07-24 11:29:55 --> Total execution time: 0.0238
INFO - 2024-07-24 11:30:23 --> Config Class Initialized
INFO - 2024-07-24 11:30:23 --> Hooks Class Initialized
DEBUG - 2024-07-24 11:30:23 --> UTF-8 Support Enabled
INFO - 2024-07-24 11:30:23 --> Utf8 Class Initialized
INFO - 2024-07-24 11:30:23 --> URI Class Initialized
INFO - 2024-07-24 11:30:23 --> Router Class Initialized
INFO - 2024-07-24 11:30:23 --> Output Class Initialized
INFO - 2024-07-24 11:30:23 --> Security Class Initialized
DEBUG - 2024-07-24 11:30:23 --> Global POST, GET and COOKIE data sanitized
INFO - 2024-07-24 11:30:23 --> Input Class Initialized
INFO - 2024-07-24 11:30:23 --> Language Class Initialized
INFO - 2024-07-24 11:30:23 --> Loader Class Initialized
INFO - 2024-07-24 11:30:23 --> Helper loaded: url_helper
INFO - 2024-07-24 11:30:23 --> Database Driver Class Initialized
INFO - 2024-07-24 11:30:23 --> Controller Class Initialized
INFO - 2024-07-24 11:30:23 --> Model "Mconfigkey" initialized
INFO - 2024-07-24 11:30:23 --> Model "Mgoods_in" initialized
INFO - 2024-07-24 11:30:23 --> Final output sent to browser
DEBUG - 2024-07-24 11:30:23 --> Total execution time: 0.0275
INFO - 2024-07-24 11:34:28 --> Config Class Initialized
INFO - 2024-07-24 11:34:28 --> Hooks Class Initialized
DEBUG - 2024-07-24 11:34:28 --> UTF-8 Support Enabled
INFO - 2024-07-24 11:34:28 --> Utf8 Class Initialized
INFO - 2024-07-24 11:34:28 --> URI Class Initialized
INFO - 2024-07-24 11:34:28 --> Router Class Initialized
INFO - 2024-07-24 11:34:28 --> Output Class Initialized
INFO - 2024-07-24 11:34:28 --> Security Class Initialized
DEBUG - 2024-07-24 11:34:28 --> Global POST, GET and COOKIE data sanitized
INFO - 2024-07-24 11:34:28 --> Input Class Initialized
INFO - 2024-07-24 11:34:28 --> Language Class Initialized
INFO - 2024-07-24 11:34:28 --> Loader Class Initialized
INFO - 2024-07-24 11:34:28 --> Helper loaded: url_helper
INFO - 2024-07-24 11:34:28 --> Database Driver Class Initialized
INFO - 2024-07-24 11:34:28 --> Controller Class Initialized
INFO - 2024-07-24 11:34:28 --> Model "Mconfigkey" initialized
INFO - 2024-07-24 11:34:28 --> Final output sent to browser
DEBUG - 2024-07-24 11:34:28 --> Total execution time: 0.0202
INFO - 2024-07-24 11:34:38 --> Config Class Initialized
INFO - 2024-07-24 11:34:38 --> Hooks Class Initialized
DEBUG - 2024-07-24 11:34:38 --> UTF-8 Support Enabled
INFO - 2024-07-24 11:34:38 --> Utf8 Class Initialized
INFO - 2024-07-24 11:34:38 --> URI Class Initialized
INFO - 2024-07-24 11:34:38 --> Router Class Initialized
INFO - 2024-07-24 11:34:38 --> Output Class Initialized
INFO - 2024-07-24 11:34:38 --> Security Class Initialized
DEBUG - 2024-07-24 11:34:38 --> Global POST, GET and COOKIE data sanitized
INFO - 2024-07-24 11:34:38 --> Input Class Initialized
INFO - 2024-07-24 11:34:38 --> Language Class Initialized
INFO - 2024-07-24 11:34:38 --> Loader Class Initialized
INFO - 2024-07-24 11:34:38 --> Helper loaded: url_helper
INFO - 2024-07-24 11:34:38 --> Database Driver Class Initialized
INFO - 2024-07-24 11:34:38 --> Controller Class Initialized
INFO - 2024-07-24 11:34:38 --> Model "Mconfigkey" initialized
INFO - 2024-07-24 11:34:38 --> Model "Mmaster_tenant" initialized
INFO - 2024-07-24 11:34:38 --> Final output sent to browser
DEBUG - 2024-07-24 11:34:38 --> Total execution time: 0.0330
INFO - 2024-07-24 11:34:44 --> Config Class Initialized
INFO - 2024-07-24 11:34:44 --> Hooks Class Initialized
DEBUG - 2024-07-24 11:34:44 --> UTF-8 Support Enabled
INFO - 2024-07-24 11:34:44 --> Utf8 Class Initialized
INFO - 2024-07-24 11:34:44 --> URI Class Initialized
INFO - 2024-07-24 11:34:44 --> Router Class Initialized
INFO - 2024-07-24 11:34:44 --> Output Class Initialized
INFO - 2024-07-24 11:34:44 --> Security Class Initialized
DEBUG - 2024-07-24 11:34:44 --> Global POST, GET and COOKIE data sanitized
INFO - 2024-07-24 11:34:44 --> Input Class Initialized
INFO - 2024-07-24 11:34:44 --> Language Class Initialized
INFO - 2024-07-24 11:34:44 --> Loader Class Initialized
INFO - 2024-07-24 11:34:44 --> Helper loaded: url_helper
INFO - 2024-07-24 11:34:44 --> Database Driver Class Initialized
INFO - 2024-07-24 11:34:44 --> Controller Class Initialized
INFO - 2024-07-24 11:34:44 --> Model "Mconfigkey" initialized
INFO - 2024-07-24 11:34:44 --> Model "Mgoods_racking" initialized
INFO - 2024-07-24 11:34:44 --> Final output sent to browser
DEBUG - 2024-07-24 11:34:44 --> Total execution time: 0.0312
INFO - 2024-07-24 11:36:38 --> Config Class Initialized
INFO - 2024-07-24 11:36:38 --> Hooks Class Initialized
DEBUG - 2024-07-24 11:36:38 --> UTF-8 Support Enabled
INFO - 2024-07-24 11:36:38 --> Utf8 Class Initialized
INFO - 2024-07-24 11:36:38 --> URI Class Initialized
INFO - 2024-07-24 11:36:38 --> Router Class Initialized
INFO - 2024-07-24 11:36:38 --> Output Class Initialized
INFO - 2024-07-24 11:36:38 --> Security Class Initialized
DEBUG - 2024-07-24 11:36:38 --> Global POST, GET and COOKIE data sanitized
INFO - 2024-07-24 11:36:38 --> Input Class Initialized
INFO - 2024-07-24 11:36:38 --> Language Class Initialized
INFO - 2024-07-24 11:36:38 --> Loader Class Initialized
INFO - 2024-07-24 11:36:38 --> Helper loaded: url_helper
INFO - 2024-07-24 11:36:38 --> Database Driver Class Initialized
INFO - 2024-07-24 11:36:38 --> Controller Class Initialized
INFO - 2024-07-24 11:36:38 --> Model "Mconfigkey" initialized
INFO - 2024-07-24 11:36:38 --> Model "Mmst_item_hs" initialized
INFO - 2024-07-24 11:36:38 --> Final output sent to browser
DEBUG - 2024-07-24 11:36:38 --> Total execution time: 0.0320
INFO - 2024-07-24 11:36:50 --> Config Class Initialized
INFO - 2024-07-24 11:36:50 --> Hooks Class Initialized
DEBUG - 2024-07-24 11:36:50 --> UTF-8 Support Enabled
INFO - 2024-07-24 11:36:50 --> Utf8 Class Initialized
INFO - 2024-07-24 11:36:50 --> URI Class Initialized
INFO - 2024-07-24 11:36:50 --> Router Class Initialized
INFO - 2024-07-24 11:36:50 --> Output Class Initialized
INFO - 2024-07-24 11:36:50 --> Security Class Initialized
DEBUG - 2024-07-24 11:36:50 --> Global POST, GET and COOKIE data sanitized
INFO - 2024-07-24 11:36:50 --> Input Class Initialized
INFO - 2024-07-24 11:36:50 --> Language Class Initialized
INFO - 2024-07-24 11:36:50 --> Loader Class Initialized
INFO - 2024-07-24 11:36:50 --> Helper loaded: url_helper
INFO - 2024-07-24 11:36:50 --> Database Driver Class Initialized
INFO - 2024-07-24 11:36:50 --> Controller Class Initialized
INFO - 2024-07-24 11:36:50 --> Model "Mconfigkey" initialized
INFO - 2024-07-24 11:36:50 --> Model "Mbcout_27" initialized
INFO - 2024-07-24 11:36:50 --> Final output sent to browser
DEBUG - 2024-07-24 11:36:50 --> Total execution time: 0.0297
INFO - 2024-07-24 11:36:57 --> Config Class Initialized
INFO - 2024-07-24 11:36:57 --> Hooks Class Initialized
DEBUG - 2024-07-24 11:36:57 --> UTF-8 Support Enabled
INFO - 2024-07-24 11:36:57 --> Utf8 Class Initialized
INFO - 2024-07-24 11:36:57 --> URI Class Initialized
INFO - 2024-07-24 11:36:57 --> Router Class Initialized
INFO - 2024-07-24 11:36:57 --> Output Class Initialized
INFO - 2024-07-24 11:36:57 --> Security Class Initialized
DEBUG - 2024-07-24 11:36:57 --> Global POST, GET and COOKIE data sanitized
INFO - 2024-07-24 11:36:57 --> Input Class Initialized
INFO - 2024-07-24 11:36:57 --> Language Class Initialized
INFO - 2024-07-24 11:36:57 --> Loader Class Initialized
INFO - 2024-07-24 11:36:57 --> Helper loaded: url_helper
INFO - 2024-07-24 11:36:57 --> Database Driver Class Initialized
INFO - 2024-07-24 11:36:57 --> Controller Class Initialized
INFO - 2024-07-24 11:36:57 --> Model "Mconfigkey" initialized
INFO - 2024-07-24 11:36:57 --> Model "Mbcout_27" initialized
INFO - 2024-07-24 11:36:57 --> Final output sent to browser
DEBUG - 2024-07-24 11:36:57 --> Total execution time: 0.0264
INFO - 2024-07-24 11:37:00 --> Config Class Initialized
INFO - 2024-07-24 11:37:00 --> Hooks Class Initialized
DEBUG - 2024-07-24 11:37:00 --> UTF-8 Support Enabled
INFO - 2024-07-24 11:37:00 --> Utf8 Class Initialized
INFO - 2024-07-24 11:37:00 --> URI Class Initialized
INFO - 2024-07-24 11:37:00 --> Router Class Initialized
INFO - 2024-07-24 11:37:00 --> Output Class Initialized
INFO - 2024-07-24 11:37:00 --> Security Class Initialized
DEBUG - 2024-07-24 11:37:00 --> Global POST, GET and COOKIE data sanitized
INFO - 2024-07-24 11:37:00 --> Input Class Initialized
INFO - 2024-07-24 11:37:00 --> Language Class Initialized
INFO - 2024-07-24 11:37:00 --> Loader Class Initialized
INFO - 2024-07-24 11:37:00 --> Helper loaded: url_helper
INFO - 2024-07-24 11:37:00 --> Database Driver Class Initialized
INFO - 2024-07-24 11:37:00 --> Controller Class Initialized
INFO - 2024-07-24 11:37:00 --> Model "Mconfigkey" initialized
INFO - 2024-07-24 11:37:00 --> Model "Mbcout_27" initialized
INFO - 2024-07-24 11:37:00 --> Final output sent to browser
DEBUG - 2024-07-24 11:37:00 --> Total execution time: 0.0268
