INFO - 2024-10-03 10:27:16 --> Config Class Initialized
INFO - 2024-10-03 10:27:16 --> Hooks Class Initialized
DEBUG - 2024-10-03 10:27:16 --> UTF-8 Support Enabled
INFO - 2024-10-03 10:27:16 --> Utf8 Class Initialized
INFO - 2024-10-03 10:27:16 --> URI Class Initialized
INFO - 2024-10-03 10:27:16 --> Router Class Initialized
INFO - 2024-10-03 10:27:16 --> Output Class Initialized
INFO - 2024-10-03 10:27:16 --> Security Class Initialized
DEBUG - 2024-10-03 10:27:16 --> Global POST, GET and COOKIE data sanitized
INFO - 2024-10-03 10:27:16 --> Input Class Initialized
INFO - 2024-10-03 10:27:16 --> Language Class Initialized
INFO - 2024-10-03 10:27:16 --> Loader Class Initialized
INFO - 2024-10-03 10:27:16 --> Helper loaded: url_helper
INFO - 2024-10-03 10:27:16 --> Database Driver Class Initialized
INFO - 2024-10-03 10:27:16 --> Controller Class Initialized
INFO - 2024-10-03 10:27:16 --> Model "Mconfigkey" initialized
INFO - 2024-10-03 10:27:16 --> Final output sent to browser
DEBUG - 2024-10-03 10:27:16 --> Total execution time: 0.0249
INFO - 2024-10-03 10:27:20 --> Config Class Initialized
INFO - 2024-10-03 10:27:20 --> Hooks Class Initialized
DEBUG - 2024-10-03 10:27:20 --> UTF-8 Support Enabled
INFO - 2024-10-03 10:27:20 --> Utf8 Class Initialized
INFO - 2024-10-03 10:27:20 --> URI Class Initialized
INFO - 2024-10-03 10:27:20 --> Router Class Initialized
INFO - 2024-10-03 10:27:20 --> Output Class Initialized
INFO - 2024-10-03 10:27:20 --> Security Class Initialized
DEBUG - 2024-10-03 10:27:20 --> Global POST, GET and COOKIE data sanitized
INFO - 2024-10-03 10:27:20 --> Input Class Initialized
INFO - 2024-10-03 10:27:20 --> Language Class Initialized
INFO - 2024-10-03 10:27:20 --> Loader Class Initialized
INFO - 2024-10-03 10:27:20 --> Helper loaded: url_helper
INFO - 2024-10-03 10:27:20 --> Database Driver Class Initialized
INFO - 2024-10-03 10:27:20 --> Controller Class Initialized
INFO - 2024-10-03 10:27:20 --> Model "Mauth" initialized
INFO - 2024-10-03 10:27:20 --> Model "Mconfigkey" initialized
INFO - 2024-10-03 10:27:20 --> Final output sent to browser
DEBUG - 2024-10-03 10:27:20 --> Total execution time: 0.0260
INFO - 2024-10-03 10:27:29 --> Config Class Initialized
INFO - 2024-10-03 10:27:29 --> Hooks Class Initialized
DEBUG - 2024-10-03 10:27:29 --> UTF-8 Support Enabled
INFO - 2024-10-03 10:27:29 --> Utf8 Class Initialized
INFO - 2024-10-03 10:27:29 --> URI Class Initialized
INFO - 2024-10-03 10:27:29 --> Router Class Initialized
INFO - 2024-10-03 10:27:29 --> Output Class Initialized
INFO - 2024-10-03 10:27:29 --> Security Class Initialized
DEBUG - 2024-10-03 10:27:29 --> Global POST, GET and COOKIE data sanitized
INFO - 2024-10-03 10:27:29 --> Input Class Initialized
INFO - 2024-10-03 10:27:29 --> Language Class Initialized
INFO - 2024-10-03 10:27:29 --> Loader Class Initialized
INFO - 2024-10-03 10:27:29 --> Helper loaded: url_helper
INFO - 2024-10-03 10:27:29 --> Database Driver Class Initialized
INFO - 2024-10-03 10:27:29 --> Controller Class Initialized
INFO - 2024-10-03 10:27:29 --> Model "Mconfigkey" initialized
INFO - 2024-10-03 10:27:29 --> Model "Msync_doc_aw" initialized
INFO - 2024-10-03 10:27:29 --> Final output sent to browser
DEBUG - 2024-10-03 10:27:29 --> Total execution time: 0.0550
INFO - 2024-10-03 10:27:30 --> Config Class Initialized
INFO - 2024-10-03 10:27:30 --> Hooks Class Initialized
DEBUG - 2024-10-03 10:27:30 --> UTF-8 Support Enabled
INFO - 2024-10-03 10:27:30 --> Utf8 Class Initialized
INFO - 2024-10-03 10:27:30 --> URI Class Initialized
INFO - 2024-10-03 10:27:30 --> Router Class Initialized
INFO - 2024-10-03 10:27:30 --> Output Class Initialized
INFO - 2024-10-03 10:27:30 --> Security Class Initialized
DEBUG - 2024-10-03 10:27:30 --> Global POST, GET and COOKIE data sanitized
INFO - 2024-10-03 10:27:30 --> Input Class Initialized
INFO - 2024-10-03 10:27:30 --> Language Class Initialized
INFO - 2024-10-03 10:27:30 --> Loader Class Initialized
INFO - 2024-10-03 10:27:30 --> Helper loaded: url_helper
INFO - 2024-10-03 10:27:30 --> Database Driver Class Initialized
INFO - 2024-10-03 10:27:30 --> Controller Class Initialized
INFO - 2024-10-03 10:27:30 --> Model "Mconfigkey" initialized
INFO - 2024-10-03 10:27:30 --> Model "Msync_delivery_instruction" initialized
INFO - 2024-10-03 10:27:30 --> Final output sent to browser
DEBUG - 2024-10-03 10:27:30 --> Total execution time: 0.0204
INFO - 2024-10-03 10:27:56 --> Config Class Initialized
INFO - 2024-10-03 10:27:56 --> Hooks Class Initialized
DEBUG - 2024-10-03 10:27:56 --> UTF-8 Support Enabled
INFO - 2024-10-03 10:27:56 --> Utf8 Class Initialized
INFO - 2024-10-03 10:27:56 --> URI Class Initialized
INFO - 2024-10-03 10:27:56 --> Router Class Initialized
INFO - 2024-10-03 10:27:56 --> Output Class Initialized
INFO - 2024-10-03 10:27:56 --> Security Class Initialized
DEBUG - 2024-10-03 10:27:56 --> Global POST, GET and COOKIE data sanitized
INFO - 2024-10-03 10:27:56 --> Input Class Initialized
INFO - 2024-10-03 10:27:56 --> Language Class Initialized
INFO - 2024-10-03 10:27:56 --> Loader Class Initialized
INFO - 2024-10-03 10:27:56 --> Helper loaded: url_helper
INFO - 2024-10-03 10:27:56 --> Database Driver Class Initialized
INFO - 2024-10-03 10:27:56 --> Controller Class Initialized
INFO - 2024-10-03 10:27:56 --> Model "Mconfigkey" initialized
INFO - 2024-10-03 10:27:56 --> Model "Mportal_data" initialized
INFO - 2024-10-03 10:27:56 --> Final output sent to browser
DEBUG - 2024-10-03 10:27:56 --> Total execution time: 0.0382
INFO - 2024-10-03 10:28:21 --> Config Class Initialized
INFO - 2024-10-03 10:28:21 --> Hooks Class Initialized
DEBUG - 2024-10-03 10:28:21 --> UTF-8 Support Enabled
INFO - 2024-10-03 10:28:21 --> Utf8 Class Initialized
INFO - 2024-10-03 10:28:21 --> URI Class Initialized
INFO - 2024-10-03 10:28:21 --> Router Class Initialized
INFO - 2024-10-03 10:28:21 --> Output Class Initialized
INFO - 2024-10-03 10:28:21 --> Security Class Initialized
DEBUG - 2024-10-03 10:28:21 --> Global POST, GET and COOKIE data sanitized
INFO - 2024-10-03 10:28:21 --> Input Class Initialized
INFO - 2024-10-03 10:28:21 --> Language Class Initialized
INFO - 2024-10-03 10:28:21 --> Loader Class Initialized
INFO - 2024-10-03 10:28:21 --> Helper loaded: url_helper
INFO - 2024-10-03 10:28:21 --> Database Driver Class Initialized
INFO - 2024-10-03 10:28:21 --> Controller Class Initialized
INFO - 2024-10-03 10:28:21 --> Model "Mconfigkey" initialized
INFO - 2024-10-03 10:28:21 --> Model "Msync_delivery_instruction" initialized
INFO - 2024-10-03 10:28:21 --> Final output sent to browser
DEBUG - 2024-10-03 10:28:21 --> Total execution time: 0.0215
INFO - 2024-10-03 10:28:23 --> Config Class Initialized
INFO - 2024-10-03 10:28:23 --> Hooks Class Initialized
DEBUG - 2024-10-03 10:28:23 --> UTF-8 Support Enabled
INFO - 2024-10-03 10:28:23 --> Utf8 Class Initialized
INFO - 2024-10-03 10:28:23 --> URI Class Initialized
INFO - 2024-10-03 10:28:23 --> Router Class Initialized
INFO - 2024-10-03 10:28:23 --> Output Class Initialized
INFO - 2024-10-03 10:28:23 --> Security Class Initialized
DEBUG - 2024-10-03 10:28:23 --> Global POST, GET and COOKIE data sanitized
INFO - 2024-10-03 10:28:23 --> Input Class Initialized
INFO - 2024-10-03 10:28:23 --> Language Class Initialized
INFO - 2024-10-03 10:28:23 --> Loader Class Initialized
INFO - 2024-10-03 10:28:23 --> Helper loaded: url_helper
INFO - 2024-10-03 10:28:23 --> Database Driver Class Initialized
INFO - 2024-10-03 10:28:23 --> Controller Class Initialized
INFO - 2024-10-03 10:28:23 --> Model "Mconfigkey" initialized
INFO - 2024-10-03 10:28:23 --> Model "Msync_delivery_instruction" initialized
INFO - 2024-10-03 10:28:23 --> Final output sent to browser
DEBUG - 2024-10-03 10:28:23 --> Total execution time: 0.0216
INFO - 2024-10-03 10:28:36 --> Config Class Initialized
INFO - 2024-10-03 10:28:36 --> Hooks Class Initialized
DEBUG - 2024-10-03 10:28:36 --> UTF-8 Support Enabled
INFO - 2024-10-03 10:28:36 --> Utf8 Class Initialized
INFO - 2024-10-03 10:28:36 --> URI Class Initialized
INFO - 2024-10-03 10:28:36 --> Router Class Initialized
INFO - 2024-10-03 10:28:36 --> Output Class Initialized
INFO - 2024-10-03 10:28:36 --> Security Class Initialized
DEBUG - 2024-10-03 10:28:36 --> Global POST, GET and COOKIE data sanitized
INFO - 2024-10-03 10:28:36 --> Input Class Initialized
INFO - 2024-10-03 10:28:36 --> Language Class Initialized
INFO - 2024-10-03 10:28:36 --> Loader Class Initialized
INFO - 2024-10-03 10:28:36 --> Helper loaded: url_helper
INFO - 2024-10-03 10:28:36 --> Database Driver Class Initialized
INFO - 2024-10-03 10:28:36 --> Controller Class Initialized
INFO - 2024-10-03 10:28:36 --> Model "Mconfigkey" initialized
INFO - 2024-10-03 10:28:36 --> Model "Msync_delivery_instruction" initialized
INFO - 2024-10-03 10:28:36 --> Final output sent to browser
DEBUG - 2024-10-03 10:28:36 --> Total execution time: 0.0270
INFO - 2024-10-03 10:28:58 --> Config Class Initialized
INFO - 2024-10-03 10:28:58 --> Hooks Class Initialized
DEBUG - 2024-10-03 10:28:58 --> UTF-8 Support Enabled
INFO - 2024-10-03 10:28:58 --> Utf8 Class Initialized
INFO - 2024-10-03 10:28:58 --> URI Class Initialized
INFO - 2024-10-03 10:28:58 --> Router Class Initialized
INFO - 2024-10-03 10:28:58 --> Output Class Initialized
INFO - 2024-10-03 10:28:58 --> Security Class Initialized
DEBUG - 2024-10-03 10:28:58 --> Global POST, GET and COOKIE data sanitized
INFO - 2024-10-03 10:28:58 --> Input Class Initialized
INFO - 2024-10-03 10:28:58 --> Language Class Initialized
INFO - 2024-10-03 10:28:58 --> Loader Class Initialized
INFO - 2024-10-03 10:28:58 --> Helper loaded: url_helper
INFO - 2024-10-03 10:28:58 --> Database Driver Class Initialized
INFO - 2024-10-03 10:28:58 --> Controller Class Initialized
INFO - 2024-10-03 10:28:58 --> Model "Mconfigkey" initialized
INFO - 2024-10-03 10:28:58 --> Model "Mext_rpt_stock_card" initialized
INFO - 2024-10-03 10:29:00 --> Final output sent to browser
DEBUG - 2024-10-03 10:29:00 --> Total execution time: 1.2035
INFO - 2024-10-03 10:31:17 --> Config Class Initialized
INFO - 2024-10-03 10:31:17 --> Hooks Class Initialized
DEBUG - 2024-10-03 10:31:17 --> UTF-8 Support Enabled
INFO - 2024-10-03 10:31:17 --> Utf8 Class Initialized
INFO - 2024-10-03 10:31:17 --> URI Class Initialized
INFO - 2024-10-03 10:31:17 --> Router Class Initialized
INFO - 2024-10-03 10:31:17 --> Output Class Initialized
INFO - 2024-10-03 10:31:17 --> Security Class Initialized
DEBUG - 2024-10-03 10:31:17 --> Global POST, GET and COOKIE data sanitized
INFO - 2024-10-03 10:31:17 --> Input Class Initialized
INFO - 2024-10-03 10:31:17 --> Language Class Initialized
INFO - 2024-10-03 10:31:17 --> Loader Class Initialized
INFO - 2024-10-03 10:31:17 --> Helper loaded: url_helper
INFO - 2024-10-03 10:31:17 --> Database Driver Class Initialized
INFO - 2024-10-03 10:31:17 --> Controller Class Initialized
INFO - 2024-10-03 10:31:17 --> Model "Mconfigkey" initialized
INFO - 2024-10-03 10:31:17 --> Model "Msync_delivery_instruction" initialized
INFO - 2024-10-03 10:31:17 --> Final output sent to browser
DEBUG - 2024-10-03 10:31:17 --> Total execution time: 0.0524
INFO - 2024-10-03 10:31:30 --> Config Class Initialized
INFO - 2024-10-03 10:31:30 --> Hooks Class Initialized
DEBUG - 2024-10-03 10:31:30 --> UTF-8 Support Enabled
INFO - 2024-10-03 10:31:30 --> Utf8 Class Initialized
INFO - 2024-10-03 10:31:30 --> URI Class Initialized
INFO - 2024-10-03 10:31:30 --> Router Class Initialized
INFO - 2024-10-03 10:31:30 --> Output Class Initialized
INFO - 2024-10-03 10:31:30 --> Security Class Initialized
DEBUG - 2024-10-03 10:31:30 --> Global POST, GET and COOKIE data sanitized
INFO - 2024-10-03 10:31:30 --> Input Class Initialized
INFO - 2024-10-03 10:31:30 --> Language Class Initialized
INFO - 2024-10-03 10:31:30 --> Loader Class Initialized
INFO - 2024-10-03 10:31:30 --> Helper loaded: url_helper
INFO - 2024-10-03 10:31:30 --> Database Driver Class Initialized
INFO - 2024-10-03 10:31:30 --> Controller Class Initialized
INFO - 2024-10-03 10:31:30 --> Model "Mconfigkey" initialized
INFO - 2024-10-03 10:31:30 --> Model "Msync_delivery_instruction" initialized
INFO - 2024-10-03 10:31:30 --> Final output sent to browser
DEBUG - 2024-10-03 10:31:30 --> Total execution time: 0.0215
INFO - 2024-10-03 10:37:28 --> Config Class Initialized
INFO - 2024-10-03 10:37:28 --> Hooks Class Initialized
DEBUG - 2024-10-03 10:37:28 --> UTF-8 Support Enabled
INFO - 2024-10-03 10:37:28 --> Utf8 Class Initialized
INFO - 2024-10-03 10:37:28 --> URI Class Initialized
INFO - 2024-10-03 10:37:28 --> Router Class Initialized
INFO - 2024-10-03 10:37:28 --> Output Class Initialized
INFO - 2024-10-03 10:37:28 --> Security Class Initialized
DEBUG - 2024-10-03 10:37:28 --> Global POST, GET and COOKIE data sanitized
INFO - 2024-10-03 10:37:28 --> Input Class Initialized
INFO - 2024-10-03 10:37:28 --> Language Class Initialized
INFO - 2024-10-03 10:37:28 --> Loader Class Initialized
INFO - 2024-10-03 10:37:28 --> Helper loaded: url_helper
INFO - 2024-10-03 10:37:28 --> Database Driver Class Initialized
INFO - 2024-10-03 10:37:28 --> Controller Class Initialized
INFO - 2024-10-03 10:37:28 --> Model "Mconfigkey" initialized
INFO - 2024-10-03 10:37:28 --> Model "Mext_rpt_stock_card" initialized
INFO - 2024-10-03 10:37:28 --> Final output sent to browser
DEBUG - 2024-10-03 10:37:28 --> Total execution time: 0.5214
INFO - 2024-10-03 10:38:35 --> Config Class Initialized
INFO - 2024-10-03 10:38:35 --> Hooks Class Initialized
DEBUG - 2024-10-03 10:38:35 --> UTF-8 Support Enabled
INFO - 2024-10-03 10:38:35 --> Utf8 Class Initialized
INFO - 2024-10-03 10:38:35 --> URI Class Initialized
INFO - 2024-10-03 10:38:35 --> Router Class Initialized
INFO - 2024-10-03 10:38:35 --> Output Class Initialized
INFO - 2024-10-03 10:38:35 --> Security Class Initialized
DEBUG - 2024-10-03 10:38:35 --> Global POST, GET and COOKIE data sanitized
INFO - 2024-10-03 10:38:35 --> Input Class Initialized
INFO - 2024-10-03 10:38:35 --> Language Class Initialized
INFO - 2024-10-03 10:38:35 --> Loader Class Initialized
INFO - 2024-10-03 10:38:35 --> Helper loaded: url_helper
INFO - 2024-10-03 10:38:35 --> Database Driver Class Initialized
INFO - 2024-10-03 10:38:35 --> Controller Class Initialized
INFO - 2024-10-03 10:38:35 --> Model "Mconfigkey" initialized
INFO - 2024-10-03 10:38:35 --> Model "Mext_rpt_mutasi" initialized
INFO - 2024-10-03 10:38:36 --> Final output sent to browser
DEBUG - 2024-10-03 10:38:36 --> Total execution time: 1.0008
INFO - 2024-10-03 10:51:49 --> Config Class Initialized
INFO - 2024-10-03 10:51:49 --> Hooks Class Initialized
DEBUG - 2024-10-03 10:51:49 --> UTF-8 Support Enabled
INFO - 2024-10-03 10:51:49 --> Utf8 Class Initialized
INFO - 2024-10-03 10:51:49 --> URI Class Initialized
INFO - 2024-10-03 10:51:49 --> Router Class Initialized
INFO - 2024-10-03 10:51:49 --> Output Class Initialized
INFO - 2024-10-03 10:51:49 --> Security Class Initialized
DEBUG - 2024-10-03 10:51:49 --> Global POST, GET and COOKIE data sanitized
INFO - 2024-10-03 10:51:49 --> Input Class Initialized
INFO - 2024-10-03 10:51:49 --> Language Class Initialized
INFO - 2024-10-03 10:51:49 --> Loader Class Initialized
INFO - 2024-10-03 10:51:49 --> Helper loaded: url_helper
INFO - 2024-10-03 10:51:49 --> Database Driver Class Initialized
INFO - 2024-10-03 10:51:49 --> Controller Class Initialized
INFO - 2024-10-03 10:51:49 --> Model "Mconfigkey" initialized
INFO - 2024-10-03 10:51:49 --> Model "Mgoods_delivery" initialized
INFO - 2024-10-03 10:51:49 --> Final output sent to browser
DEBUG - 2024-10-03 10:51:49 --> Total execution time: 0.0226
INFO - 2024-10-03 10:51:51 --> Config Class Initialized
INFO - 2024-10-03 10:51:51 --> Hooks Class Initialized
DEBUG - 2024-10-03 10:51:51 --> UTF-8 Support Enabled
INFO - 2024-10-03 10:51:51 --> Utf8 Class Initialized
INFO - 2024-10-03 10:51:51 --> URI Class Initialized
INFO - 2024-10-03 10:51:51 --> Router Class Initialized
INFO - 2024-10-03 10:51:51 --> Output Class Initialized
INFO - 2024-10-03 10:51:51 --> Security Class Initialized
DEBUG - 2024-10-03 10:51:51 --> Global POST, GET and COOKIE data sanitized
INFO - 2024-10-03 10:51:51 --> Input Class Initialized
INFO - 2024-10-03 10:51:51 --> Language Class Initialized
INFO - 2024-10-03 10:51:51 --> Loader Class Initialized
INFO - 2024-10-03 10:51:51 --> Helper loaded: url_helper
INFO - 2024-10-03 10:51:51 --> Database Driver Class Initialized
INFO - 2024-10-03 10:51:51 --> Controller Class Initialized
INFO - 2024-10-03 10:51:51 --> Model "Mconfigkey" initialized
INFO - 2024-10-03 10:51:51 --> Model "Mgoods_delivery" initialized
INFO - 2024-10-03 10:51:51 --> Final output sent to browser
DEBUG - 2024-10-03 10:51:51 --> Total execution time: 0.0288
INFO - 2024-10-03 10:54:04 --> Config Class Initialized
INFO - 2024-10-03 10:54:04 --> Hooks Class Initialized
DEBUG - 2024-10-03 10:54:04 --> UTF-8 Support Enabled
INFO - 2024-10-03 10:54:04 --> Utf8 Class Initialized
INFO - 2024-10-03 10:54:04 --> URI Class Initialized
INFO - 2024-10-03 10:54:04 --> Router Class Initialized
INFO - 2024-10-03 10:54:04 --> Output Class Initialized
INFO - 2024-10-03 10:54:04 --> Security Class Initialized
DEBUG - 2024-10-03 10:54:04 --> Global POST, GET and COOKIE data sanitized
INFO - 2024-10-03 10:54:04 --> Input Class Initialized
INFO - 2024-10-03 10:54:04 --> Language Class Initialized
INFO - 2024-10-03 10:54:04 --> Loader Class Initialized
INFO - 2024-10-03 10:54:04 --> Helper loaded: url_helper
INFO - 2024-10-03 10:54:04 --> Database Driver Class Initialized
INFO - 2024-10-03 10:54:04 --> Controller Class Initialized
INFO - 2024-10-03 10:54:04 --> Model "Mconfigkey" initialized
INFO - 2024-10-03 10:54:04 --> Model "Msync_delivery_instruction" initialized
INFO - 2024-10-03 10:54:04 --> Final output sent to browser
DEBUG - 2024-10-03 10:54:04 --> Total execution time: 0.0285
INFO - 2024-10-03 10:54:10 --> Config Class Initialized
INFO - 2024-10-03 10:54:10 --> Hooks Class Initialized
DEBUG - 2024-10-03 10:54:10 --> UTF-8 Support Enabled
INFO - 2024-10-03 10:54:10 --> Utf8 Class Initialized
INFO - 2024-10-03 10:54:10 --> URI Class Initialized
INFO - 2024-10-03 10:54:10 --> Router Class Initialized
INFO - 2024-10-03 10:54:10 --> Output Class Initialized
INFO - 2024-10-03 10:54:10 --> Security Class Initialized
DEBUG - 2024-10-03 10:54:10 --> Global POST, GET and COOKIE data sanitized
INFO - 2024-10-03 10:54:10 --> Input Class Initialized
INFO - 2024-10-03 10:54:10 --> Language Class Initialized
INFO - 2024-10-03 10:54:10 --> Loader Class Initialized
INFO - 2024-10-03 10:54:10 --> Helper loaded: url_helper
INFO - 2024-10-03 10:54:10 --> Database Driver Class Initialized
INFO - 2024-10-03 10:54:10 --> Controller Class Initialized
INFO - 2024-10-03 10:54:10 --> Final output sent to browser
DEBUG - 2024-10-03 10:54:10 --> Total execution time: 0.6170
INFO - 2024-10-03 10:54:12 --> Config Class Initialized
INFO - 2024-10-03 10:54:12 --> Hooks Class Initialized
DEBUG - 2024-10-03 10:54:12 --> UTF-8 Support Enabled
INFO - 2024-10-03 10:54:12 --> Utf8 Class Initialized
INFO - 2024-10-03 10:54:12 --> URI Class Initialized
INFO - 2024-10-03 10:54:12 --> Router Class Initialized
INFO - 2024-10-03 10:54:12 --> Output Class Initialized
INFO - 2024-10-03 10:54:12 --> Security Class Initialized
DEBUG - 2024-10-03 10:54:12 --> Global POST, GET and COOKIE data sanitized
INFO - 2024-10-03 10:54:12 --> Input Class Initialized
INFO - 2024-10-03 10:54:12 --> Language Class Initialized
INFO - 2024-10-03 10:54:12 --> Loader Class Initialized
INFO - 2024-10-03 10:54:12 --> Helper loaded: url_helper
INFO - 2024-10-03 10:54:12 --> Database Driver Class Initialized
INFO - 2024-10-03 10:54:12 --> Controller Class Initialized
INFO - 2024-10-03 10:54:12 --> Model "Mconfigkey" initialized
INFO - 2024-10-03 10:54:12 --> Model "Msync_delivery_instruction" initialized
INFO - 2024-10-03 10:54:12 --> Final output sent to browser
DEBUG - 2024-10-03 10:54:12 --> Total execution time: 0.0239
INFO - 2024-10-03 10:54:14 --> Config Class Initialized
INFO - 2024-10-03 10:54:14 --> Hooks Class Initialized
DEBUG - 2024-10-03 10:54:14 --> UTF-8 Support Enabled
INFO - 2024-10-03 10:54:14 --> Utf8 Class Initialized
INFO - 2024-10-03 10:54:14 --> URI Class Initialized
INFO - 2024-10-03 10:54:14 --> Router Class Initialized
INFO - 2024-10-03 10:54:14 --> Output Class Initialized
INFO - 2024-10-03 10:54:14 --> Security Class Initialized
DEBUG - 2024-10-03 10:54:14 --> Global POST, GET and COOKIE data sanitized
INFO - 2024-10-03 10:54:14 --> Input Class Initialized
INFO - 2024-10-03 10:54:14 --> Language Class Initialized
INFO - 2024-10-03 10:54:14 --> Loader Class Initialized
INFO - 2024-10-03 10:54:14 --> Helper loaded: url_helper
INFO - 2024-10-03 10:54:14 --> Database Driver Class Initialized
INFO - 2024-10-03 10:54:14 --> Controller Class Initialized
INFO - 2024-10-03 10:54:14 --> Model "Mconfigkey" initialized
INFO - 2024-10-03 10:54:14 --> Model "Msync_delivery_instruction" initialized
INFO - 2024-10-03 10:54:14 --> Final output sent to browser
DEBUG - 2024-10-03 10:54:14 --> Total execution time: 0.1918
INFO - 2024-10-03 10:56:16 --> Config Class Initialized
INFO - 2024-10-03 10:56:16 --> Hooks Class Initialized
DEBUG - 2024-10-03 10:56:16 --> UTF-8 Support Enabled
INFO - 2024-10-03 10:56:16 --> Utf8 Class Initialized
INFO - 2024-10-03 10:56:16 --> URI Class Initialized
INFO - 2024-10-03 10:56:16 --> Router Class Initialized
INFO - 2024-10-03 10:56:16 --> Output Class Initialized
INFO - 2024-10-03 10:56:16 --> Security Class Initialized
DEBUG - 2024-10-03 10:56:16 --> Global POST, GET and COOKIE data sanitized
INFO - 2024-10-03 10:56:16 --> Input Class Initialized
INFO - 2024-10-03 10:56:16 --> Language Class Initialized
INFO - 2024-10-03 10:56:16 --> Loader Class Initialized
INFO - 2024-10-03 10:56:16 --> Helper loaded: url_helper
INFO - 2024-10-03 10:56:16 --> Database Driver Class Initialized
INFO - 2024-10-03 10:56:16 --> Controller Class Initialized
INFO - 2024-10-03 10:56:16 --> Model "Mconfigkey" initialized
INFO - 2024-10-03 10:56:16 --> Model "Msync_delivery_instruction" initialized
INFO - 2024-10-03 10:56:16 --> Final output sent to browser
DEBUG - 2024-10-03 10:56:16 --> Total execution time: 0.0252
INFO - 2024-10-03 10:56:30 --> Config Class Initialized
INFO - 2024-10-03 10:56:30 --> Hooks Class Initialized
DEBUG - 2024-10-03 10:56:30 --> UTF-8 Support Enabled
INFO - 2024-10-03 10:56:30 --> Utf8 Class Initialized
INFO - 2024-10-03 10:56:30 --> URI Class Initialized
INFO - 2024-10-03 10:56:30 --> Router Class Initialized
INFO - 2024-10-03 10:56:30 --> Output Class Initialized
INFO - 2024-10-03 10:56:30 --> Security Class Initialized
DEBUG - 2024-10-03 10:56:30 --> Global POST, GET and COOKIE data sanitized
INFO - 2024-10-03 10:56:30 --> Input Class Initialized
INFO - 2024-10-03 10:56:30 --> Language Class Initialized
INFO - 2024-10-03 10:56:30 --> Loader Class Initialized
INFO - 2024-10-03 10:56:30 --> Helper loaded: url_helper
INFO - 2024-10-03 10:56:30 --> Database Driver Class Initialized
INFO - 2024-10-03 10:56:30 --> Controller Class Initialized
INFO - 2024-10-03 10:56:31 --> Final output sent to browser
DEBUG - 2024-10-03 10:56:31 --> Total execution time: 0.6360
INFO - 2024-10-03 10:56:45 --> Config Class Initialized
INFO - 2024-10-03 10:56:45 --> Hooks Class Initialized
DEBUG - 2024-10-03 10:56:45 --> UTF-8 Support Enabled
INFO - 2024-10-03 10:56:45 --> Utf8 Class Initialized
INFO - 2024-10-03 10:56:45 --> URI Class Initialized
INFO - 2024-10-03 10:56:45 --> Router Class Initialized
INFO - 2024-10-03 10:56:45 --> Output Class Initialized
INFO - 2024-10-03 10:56:45 --> Security Class Initialized
DEBUG - 2024-10-03 10:56:45 --> Global POST, GET and COOKIE data sanitized
INFO - 2024-10-03 10:56:45 --> Input Class Initialized
INFO - 2024-10-03 10:56:45 --> Language Class Initialized
INFO - 2024-10-03 10:56:45 --> Loader Class Initialized
INFO - 2024-10-03 10:56:45 --> Helper loaded: url_helper
INFO - 2024-10-03 10:56:45 --> Database Driver Class Initialized
INFO - 2024-10-03 10:56:45 --> Controller Class Initialized
INFO - 2024-10-03 10:56:45 --> Model "Mconfigkey" initialized
INFO - 2024-10-03 10:56:45 --> Model "Msync_delivery_instruction" initialized
INFO - 2024-10-03 10:56:45 --> Final output sent to browser
DEBUG - 2024-10-03 10:56:45 --> Total execution time: 0.0228
INFO - 2024-10-03 10:56:49 --> Config Class Initialized
INFO - 2024-10-03 10:56:49 --> Hooks Class Initialized
DEBUG - 2024-10-03 10:56:49 --> UTF-8 Support Enabled
INFO - 2024-10-03 10:56:49 --> Utf8 Class Initialized
INFO - 2024-10-03 10:56:49 --> URI Class Initialized
INFO - 2024-10-03 10:56:49 --> Router Class Initialized
INFO - 2024-10-03 10:56:49 --> Output Class Initialized
INFO - 2024-10-03 10:56:49 --> Security Class Initialized
DEBUG - 2024-10-03 10:56:49 --> Global POST, GET and COOKIE data sanitized
INFO - 2024-10-03 10:56:49 --> Input Class Initialized
INFO - 2024-10-03 10:56:49 --> Language Class Initialized
INFO - 2024-10-03 10:56:49 --> Loader Class Initialized
INFO - 2024-10-03 10:56:49 --> Helper loaded: url_helper
INFO - 2024-10-03 10:56:49 --> Database Driver Class Initialized
INFO - 2024-10-03 10:56:49 --> Controller Class Initialized
INFO - 2024-10-03 10:56:49 --> Model "Mconfigkey" initialized
INFO - 2024-10-03 10:56:49 --> Model "Msync_delivery_instruction" initialized
INFO - 2024-10-03 10:56:49 --> Final output sent to browser
DEBUG - 2024-10-03 10:56:49 --> Total execution time: 0.0234
INFO - 2024-10-03 10:56:55 --> Config Class Initialized
INFO - 2024-10-03 10:56:55 --> Hooks Class Initialized
DEBUG - 2024-10-03 10:56:55 --> UTF-8 Support Enabled
INFO - 2024-10-03 10:56:55 --> Utf8 Class Initialized
INFO - 2024-10-03 10:56:55 --> URI Class Initialized
INFO - 2024-10-03 10:56:55 --> Router Class Initialized
INFO - 2024-10-03 10:56:55 --> Output Class Initialized
INFO - 2024-10-03 10:56:55 --> Security Class Initialized
DEBUG - 2024-10-03 10:56:55 --> Global POST, GET and COOKIE data sanitized
INFO - 2024-10-03 10:56:55 --> Input Class Initialized
INFO - 2024-10-03 10:56:55 --> Language Class Initialized
INFO - 2024-10-03 10:56:55 --> Loader Class Initialized
INFO - 2024-10-03 10:56:55 --> Helper loaded: url_helper
INFO - 2024-10-03 10:56:55 --> Database Driver Class Initialized
INFO - 2024-10-03 10:56:55 --> Controller Class Initialized
INFO - 2024-10-03 10:56:55 --> Model "Mconfigkey" initialized
INFO - 2024-10-03 10:56:55 --> Model "Msync_delivery_instruction" initialized
INFO - 2024-10-03 10:56:55 --> Final output sent to browser
DEBUG - 2024-10-03 10:56:55 --> Total execution time: 0.0224
INFO - 2024-10-03 10:56:59 --> Config Class Initialized
INFO - 2024-10-03 10:56:59 --> Hooks Class Initialized
DEBUG - 2024-10-03 10:56:59 --> UTF-8 Support Enabled
INFO - 2024-10-03 10:56:59 --> Utf8 Class Initialized
INFO - 2024-10-03 10:56:59 --> URI Class Initialized
INFO - 2024-10-03 10:56:59 --> Router Class Initialized
INFO - 2024-10-03 10:56:59 --> Output Class Initialized
INFO - 2024-10-03 10:56:59 --> Security Class Initialized
DEBUG - 2024-10-03 10:56:59 --> Global POST, GET and COOKIE data sanitized
INFO - 2024-10-03 10:56:59 --> Input Class Initialized
INFO - 2024-10-03 10:56:59 --> Language Class Initialized
INFO - 2024-10-03 10:56:59 --> Loader Class Initialized
INFO - 2024-10-03 10:56:59 --> Helper loaded: url_helper
INFO - 2024-10-03 10:56:59 --> Database Driver Class Initialized
INFO - 2024-10-03 10:56:59 --> Controller Class Initialized
INFO - 2024-10-03 10:56:59 --> Model "Mconfigkey" initialized
INFO - 2024-10-03 10:56:59 --> Model "Msync_delivery_instruction" initialized
INFO - 2024-10-03 10:56:59 --> Final output sent to browser
DEBUG - 2024-10-03 10:56:59 --> Total execution time: 0.0195
INFO - 2024-10-03 10:57:01 --> Config Class Initialized
INFO - 2024-10-03 10:57:01 --> Hooks Class Initialized
DEBUG - 2024-10-03 10:57:01 --> UTF-8 Support Enabled
INFO - 2024-10-03 10:57:01 --> Utf8 Class Initialized
INFO - 2024-10-03 10:57:01 --> URI Class Initialized
INFO - 2024-10-03 10:57:01 --> Router Class Initialized
INFO - 2024-10-03 10:57:01 --> Output Class Initialized
INFO - 2024-10-03 10:57:01 --> Security Class Initialized
DEBUG - 2024-10-03 10:57:01 --> Global POST, GET and COOKIE data sanitized
INFO - 2024-10-03 10:57:01 --> Input Class Initialized
INFO - 2024-10-03 10:57:01 --> Language Class Initialized
INFO - 2024-10-03 10:57:01 --> Loader Class Initialized
INFO - 2024-10-03 10:57:01 --> Helper loaded: url_helper
INFO - 2024-10-03 10:57:01 --> Database Driver Class Initialized
INFO - 2024-10-03 10:57:01 --> Controller Class Initialized
INFO - 2024-10-03 10:57:01 --> Model "Mconfigkey" initialized
INFO - 2024-10-03 10:57:01 --> Model "Msync_delivery_instruction" initialized
INFO - 2024-10-03 10:57:01 --> Final output sent to browser
DEBUG - 2024-10-03 10:57:01 --> Total execution time: 0.1469
INFO - 2024-10-03 10:57:40 --> Config Class Initialized
INFO - 2024-10-03 10:57:40 --> Hooks Class Initialized
DEBUG - 2024-10-03 10:57:40 --> UTF-8 Support Enabled
INFO - 2024-10-03 10:57:40 --> Utf8 Class Initialized
INFO - 2024-10-03 10:57:40 --> URI Class Initialized
INFO - 2024-10-03 10:57:40 --> Router Class Initialized
INFO - 2024-10-03 10:57:40 --> Output Class Initialized
INFO - 2024-10-03 10:57:40 --> Security Class Initialized
DEBUG - 2024-10-03 10:57:40 --> Global POST, GET and COOKIE data sanitized
INFO - 2024-10-03 10:57:40 --> Input Class Initialized
INFO - 2024-10-03 10:57:40 --> Language Class Initialized
INFO - 2024-10-03 10:57:40 --> Loader Class Initialized
INFO - 2024-10-03 10:57:40 --> Helper loaded: url_helper
INFO - 2024-10-03 10:57:40 --> Database Driver Class Initialized
INFO - 2024-10-03 10:57:40 --> Controller Class Initialized
INFO - 2024-10-03 10:57:40 --> Model "Mconfigkey" initialized
INFO - 2024-10-03 10:57:40 --> Model "Msync_delivery_instruction" initialized
INFO - 2024-10-03 10:57:40 --> Final output sent to browser
DEBUG - 2024-10-03 10:57:40 --> Total execution time: 0.0999
INFO - 2024-10-03 10:58:20 --> Config Class Initialized
INFO - 2024-10-03 10:58:20 --> Hooks Class Initialized
DEBUG - 2024-10-03 10:58:20 --> UTF-8 Support Enabled
INFO - 2024-10-03 10:58:20 --> Utf8 Class Initialized
INFO - 2024-10-03 10:58:20 --> URI Class Initialized
INFO - 2024-10-03 10:58:20 --> Router Class Initialized
INFO - 2024-10-03 10:58:20 --> Output Class Initialized
INFO - 2024-10-03 10:58:20 --> Security Class Initialized
DEBUG - 2024-10-03 10:58:20 --> Global POST, GET and COOKIE data sanitized
INFO - 2024-10-03 10:58:20 --> Input Class Initialized
INFO - 2024-10-03 10:58:20 --> Language Class Initialized
INFO - 2024-10-03 10:58:20 --> Loader Class Initialized
INFO - 2024-10-03 10:58:20 --> Helper loaded: url_helper
INFO - 2024-10-03 10:58:20 --> Database Driver Class Initialized
INFO - 2024-10-03 10:58:20 --> Controller Class Initialized
INFO - 2024-10-03 10:58:20 --> Model "Mconfigkey" initialized
INFO - 2024-10-03 10:58:20 --> Model "Msync_delivery_instruction" initialized
INFO - 2024-10-03 10:58:20 --> Final output sent to browser
DEBUG - 2024-10-03 10:58:20 --> Total execution time: 0.0240
INFO - 2024-10-03 10:58:28 --> Config Class Initialized
INFO - 2024-10-03 10:58:28 --> Hooks Class Initialized
DEBUG - 2024-10-03 10:58:28 --> UTF-8 Support Enabled
INFO - 2024-10-03 10:58:28 --> Utf8 Class Initialized
INFO - 2024-10-03 10:58:28 --> URI Class Initialized
INFO - 2024-10-03 10:58:28 --> Router Class Initialized
INFO - 2024-10-03 10:58:28 --> Output Class Initialized
INFO - 2024-10-03 10:58:28 --> Security Class Initialized
DEBUG - 2024-10-03 10:58:28 --> Global POST, GET and COOKIE data sanitized
INFO - 2024-10-03 10:58:28 --> Input Class Initialized
INFO - 2024-10-03 10:58:28 --> Language Class Initialized
INFO - 2024-10-03 10:58:28 --> Loader Class Initialized
INFO - 2024-10-03 10:58:28 --> Helper loaded: url_helper
INFO - 2024-10-03 10:58:28 --> Database Driver Class Initialized
INFO - 2024-10-03 10:58:28 --> Controller Class Initialized
INFO - 2024-10-03 10:58:33 --> Final output sent to browser
DEBUG - 2024-10-03 10:58:33 --> Total execution time: 5.0017
INFO - 2024-10-03 10:58:53 --> Config Class Initialized
INFO - 2024-10-03 10:58:53 --> Hooks Class Initialized
DEBUG - 2024-10-03 10:58:53 --> UTF-8 Support Enabled
INFO - 2024-10-03 10:58:53 --> Utf8 Class Initialized
INFO - 2024-10-03 10:58:53 --> URI Class Initialized
INFO - 2024-10-03 10:58:53 --> Router Class Initialized
INFO - 2024-10-03 10:58:53 --> Output Class Initialized
INFO - 2024-10-03 10:58:53 --> Security Class Initialized
DEBUG - 2024-10-03 10:58:53 --> Global POST, GET and COOKIE data sanitized
INFO - 2024-10-03 10:58:53 --> Input Class Initialized
INFO - 2024-10-03 10:58:53 --> Language Class Initialized
INFO - 2024-10-03 10:58:53 --> Loader Class Initialized
INFO - 2024-10-03 10:58:53 --> Helper loaded: url_helper
INFO - 2024-10-03 10:58:53 --> Database Driver Class Initialized
INFO - 2024-10-03 10:58:53 --> Controller Class Initialized
INFO - 2024-10-03 10:58:53 --> Model "Mconfigkey" initialized
INFO - 2024-10-03 10:58:53 --> Model "Msync_delivery_instruction" initialized
INFO - 2024-10-03 10:58:53 --> Final output sent to browser
DEBUG - 2024-10-03 10:58:53 --> Total execution time: 0.0215
INFO - 2024-10-03 10:58:56 --> Config Class Initialized
INFO - 2024-10-03 10:58:56 --> Hooks Class Initialized
DEBUG - 2024-10-03 10:58:56 --> UTF-8 Support Enabled
INFO - 2024-10-03 10:58:56 --> Utf8 Class Initialized
INFO - 2024-10-03 10:58:56 --> URI Class Initialized
INFO - 2024-10-03 10:58:56 --> Router Class Initialized
INFO - 2024-10-03 10:58:56 --> Output Class Initialized
INFO - 2024-10-03 10:58:56 --> Security Class Initialized
DEBUG - 2024-10-03 10:58:56 --> Global POST, GET and COOKIE data sanitized
INFO - 2024-10-03 10:58:56 --> Input Class Initialized
INFO - 2024-10-03 10:58:56 --> Language Class Initialized
INFO - 2024-10-03 10:58:56 --> Loader Class Initialized
INFO - 2024-10-03 10:58:56 --> Helper loaded: url_helper
INFO - 2024-10-03 10:58:56 --> Database Driver Class Initialized
INFO - 2024-10-03 10:58:56 --> Controller Class Initialized
INFO - 2024-10-03 10:58:56 --> Model "Mconfigkey" initialized
INFO - 2024-10-03 10:58:56 --> Model "Msync_delivery_instruction" initialized
INFO - 2024-10-03 10:58:56 --> Final output sent to browser
DEBUG - 2024-10-03 10:58:56 --> Total execution time: 0.1588
INFO - 2024-10-03 11:01:58 --> Config Class Initialized
INFO - 2024-10-03 11:01:58 --> Hooks Class Initialized
DEBUG - 2024-10-03 11:01:58 --> UTF-8 Support Enabled
INFO - 2024-10-03 11:01:58 --> Utf8 Class Initialized
INFO - 2024-10-03 11:01:58 --> URI Class Initialized
INFO - 2024-10-03 11:01:58 --> Router Class Initialized
INFO - 2024-10-03 11:01:58 --> Output Class Initialized
INFO - 2024-10-03 11:01:58 --> Security Class Initialized
DEBUG - 2024-10-03 11:01:58 --> Global POST, GET and COOKIE data sanitized
INFO - 2024-10-03 11:01:58 --> Input Class Initialized
INFO - 2024-10-03 11:01:58 --> Language Class Initialized
INFO - 2024-10-03 11:01:58 --> Loader Class Initialized
INFO - 2024-10-03 11:01:58 --> Helper loaded: url_helper
INFO - 2024-10-03 11:01:58 --> Database Driver Class Initialized
INFO - 2024-10-03 11:01:58 --> Controller Class Initialized
INFO - 2024-10-03 11:01:58 --> Model "Mconfigkey" initialized
INFO - 2024-10-03 11:01:58 --> Model "Msync_delivery_instruction" initialized
INFO - 2024-10-03 11:01:58 --> Final output sent to browser
DEBUG - 2024-10-03 11:01:58 --> Total execution time: 0.0691
INFO - 2024-10-03 11:11:37 --> Config Class Initialized
INFO - 2024-10-03 11:11:37 --> Hooks Class Initialized
DEBUG - 2024-10-03 11:11:37 --> UTF-8 Support Enabled
INFO - 2024-10-03 11:11:37 --> Utf8 Class Initialized
INFO - 2024-10-03 11:11:37 --> URI Class Initialized
INFO - 2024-10-03 11:11:37 --> Router Class Initialized
INFO - 2024-10-03 11:11:37 --> Output Class Initialized
INFO - 2024-10-03 11:11:37 --> Security Class Initialized
DEBUG - 2024-10-03 11:11:37 --> Global POST, GET and COOKIE data sanitized
INFO - 2024-10-03 11:11:37 --> Input Class Initialized
INFO - 2024-10-03 11:11:37 --> Language Class Initialized
INFO - 2024-10-03 11:11:37 --> Loader Class Initialized
INFO - 2024-10-03 11:11:37 --> Helper loaded: url_helper
INFO - 2024-10-03 11:11:37 --> Database Driver Class Initialized
INFO - 2024-10-03 11:11:37 --> Controller Class Initialized
INFO - 2024-10-03 11:11:37 --> Model "Mconfigkey" initialized
INFO - 2024-10-03 11:11:37 --> Model "Mportal_data" initialized
INFO - 2024-10-03 11:11:37 --> Final output sent to browser
DEBUG - 2024-10-03 11:11:37 --> Total execution time: 0.0284
INFO - 2024-10-03 11:14:57 --> Config Class Initialized
INFO - 2024-10-03 11:14:57 --> Hooks Class Initialized
DEBUG - 2024-10-03 11:14:57 --> UTF-8 Support Enabled
INFO - 2024-10-03 11:14:57 --> Utf8 Class Initialized
INFO - 2024-10-03 11:14:57 --> URI Class Initialized
INFO - 2024-10-03 11:14:57 --> Router Class Initialized
INFO - 2024-10-03 11:14:57 --> Output Class Initialized
INFO - 2024-10-03 11:14:57 --> Security Class Initialized
DEBUG - 2024-10-03 11:14:57 --> Global POST, GET and COOKIE data sanitized
INFO - 2024-10-03 11:14:57 --> Input Class Initialized
INFO - 2024-10-03 11:14:57 --> Language Class Initialized
INFO - 2024-10-03 11:14:57 --> Loader Class Initialized
INFO - 2024-10-03 11:14:57 --> Helper loaded: url_helper
INFO - 2024-10-03 11:14:57 --> Database Driver Class Initialized
INFO - 2024-10-03 11:14:57 --> Controller Class Initialized
INFO - 2024-10-03 11:14:57 --> Model "Mconfigkey" initialized
INFO - 2024-10-03 11:14:57 --> Model "Mportal_data" initialized
INFO - 2024-10-03 11:14:57 --> Final output sent to browser
DEBUG - 2024-10-03 11:14:57 --> Total execution time: 0.0248
INFO - 2024-10-03 11:15:00 --> Config Class Initialized
INFO - 2024-10-03 11:15:00 --> Hooks Class Initialized
DEBUG - 2024-10-03 11:15:00 --> UTF-8 Support Enabled
INFO - 2024-10-03 11:15:00 --> Utf8 Class Initialized
INFO - 2024-10-03 11:15:00 --> URI Class Initialized
INFO - 2024-10-03 11:15:00 --> Router Class Initialized
INFO - 2024-10-03 11:15:00 --> Output Class Initialized
INFO - 2024-10-03 11:15:00 --> Security Class Initialized
DEBUG - 2024-10-03 11:15:00 --> Global POST, GET and COOKIE data sanitized
INFO - 2024-10-03 11:15:00 --> Input Class Initialized
INFO - 2024-10-03 11:15:00 --> Language Class Initialized
INFO - 2024-10-03 11:15:00 --> Loader Class Initialized
INFO - 2024-10-03 11:15:00 --> Helper loaded: url_helper
INFO - 2024-10-03 11:15:00 --> Database Driver Class Initialized
INFO - 2024-10-03 11:15:00 --> Controller Class Initialized
INFO - 2024-10-03 11:15:00 --> Model "Mconfigkey" initialized
INFO - 2024-10-03 11:15:00 --> Model "Mportal_data" initialized
INFO - 2024-10-03 11:15:00 --> Final output sent to browser
DEBUG - 2024-10-03 11:15:00 --> Total execution time: 0.0216
INFO - 2024-10-03 11:15:03 --> Config Class Initialized
INFO - 2024-10-03 11:15:03 --> Hooks Class Initialized
DEBUG - 2024-10-03 11:15:03 --> UTF-8 Support Enabled
INFO - 2024-10-03 11:15:03 --> Utf8 Class Initialized
INFO - 2024-10-03 11:15:03 --> URI Class Initialized
INFO - 2024-10-03 11:15:03 --> Router Class Initialized
INFO - 2024-10-03 11:15:03 --> Output Class Initialized
INFO - 2024-10-03 11:15:03 --> Security Class Initialized
DEBUG - 2024-10-03 11:15:03 --> Global POST, GET and COOKIE data sanitized
INFO - 2024-10-03 11:15:03 --> Input Class Initialized
INFO - 2024-10-03 11:15:03 --> Language Class Initialized
INFO - 2024-10-03 11:15:03 --> Loader Class Initialized
INFO - 2024-10-03 11:15:03 --> Helper loaded: url_helper
INFO - 2024-10-03 11:15:03 --> Database Driver Class Initialized
INFO - 2024-10-03 11:15:03 --> Controller Class Initialized
INFO - 2024-10-03 11:15:03 --> Model "Mconfigkey" initialized
INFO - 2024-10-03 11:15:03 --> Model "Mportal_data" initialized
INFO - 2024-10-03 11:15:03 --> Final output sent to browser
DEBUG - 2024-10-03 11:15:03 --> Total execution time: 0.0230
INFO - 2024-10-03 11:15:05 --> Config Class Initialized
INFO - 2024-10-03 11:15:05 --> Hooks Class Initialized
DEBUG - 2024-10-03 11:15:05 --> UTF-8 Support Enabled
INFO - 2024-10-03 11:15:05 --> Utf8 Class Initialized
INFO - 2024-10-03 11:15:05 --> URI Class Initialized
INFO - 2024-10-03 11:15:05 --> Router Class Initialized
INFO - 2024-10-03 11:15:05 --> Output Class Initialized
INFO - 2024-10-03 11:15:05 --> Security Class Initialized
DEBUG - 2024-10-03 11:15:05 --> Global POST, GET and COOKIE data sanitized
INFO - 2024-10-03 11:15:05 --> Input Class Initialized
INFO - 2024-10-03 11:15:05 --> Language Class Initialized
INFO - 2024-10-03 11:15:05 --> Loader Class Initialized
INFO - 2024-10-03 11:15:05 --> Helper loaded: url_helper
INFO - 2024-10-03 11:15:05 --> Database Driver Class Initialized
INFO - 2024-10-03 11:15:05 --> Controller Class Initialized
INFO - 2024-10-03 11:15:05 --> Model "Mconfigkey" initialized
INFO - 2024-10-03 11:15:05 --> Model "Mportal_data" initialized
INFO - 2024-10-03 11:15:05 --> Final output sent to browser
DEBUG - 2024-10-03 11:15:05 --> Total execution time: 0.0225
INFO - 2024-10-03 11:15:05 --> Config Class Initialized
INFO - 2024-10-03 11:15:05 --> Hooks Class Initialized
DEBUG - 2024-10-03 11:15:05 --> UTF-8 Support Enabled
INFO - 2024-10-03 11:15:05 --> Utf8 Class Initialized
INFO - 2024-10-03 11:15:05 --> URI Class Initialized
INFO - 2024-10-03 11:15:05 --> Router Class Initialized
INFO - 2024-10-03 11:15:05 --> Output Class Initialized
INFO - 2024-10-03 11:15:05 --> Security Class Initialized
DEBUG - 2024-10-03 11:15:05 --> Global POST, GET and COOKIE data sanitized
INFO - 2024-10-03 11:15:05 --> Input Class Initialized
INFO - 2024-10-03 11:15:05 --> Language Class Initialized
INFO - 2024-10-03 11:15:05 --> Loader Class Initialized
INFO - 2024-10-03 11:15:05 --> Helper loaded: url_helper
INFO - 2024-10-03 11:15:05 --> Database Driver Class Initialized
INFO - 2024-10-03 11:15:05 --> Controller Class Initialized
INFO - 2024-10-03 11:15:05 --> Model "Mconfigkey" initialized
INFO - 2024-10-03 11:15:05 --> Model "Mportal_data" initialized
INFO - 2024-10-03 11:15:05 --> Final output sent to browser
DEBUG - 2024-10-03 11:15:05 --> Total execution time: 0.0223
INFO - 2024-10-03 11:16:08 --> Config Class Initialized
INFO - 2024-10-03 11:16:08 --> Hooks Class Initialized
DEBUG - 2024-10-03 11:16:08 --> UTF-8 Support Enabled
INFO - 2024-10-03 11:16:08 --> Utf8 Class Initialized
INFO - 2024-10-03 11:16:08 --> URI Class Initialized
INFO - 2024-10-03 11:16:08 --> Router Class Initialized
INFO - 2024-10-03 11:16:08 --> Output Class Initialized
INFO - 2024-10-03 11:16:08 --> Security Class Initialized
DEBUG - 2024-10-03 11:16:08 --> Global POST, GET and COOKIE data sanitized
INFO - 2024-10-03 11:16:08 --> Input Class Initialized
INFO - 2024-10-03 11:16:08 --> Language Class Initialized
INFO - 2024-10-03 11:16:08 --> Loader Class Initialized
INFO - 2024-10-03 11:16:08 --> Helper loaded: url_helper
INFO - 2024-10-03 11:16:08 --> Database Driver Class Initialized
INFO - 2024-10-03 11:16:08 --> Controller Class Initialized
INFO - 2024-10-03 11:16:08 --> Model "Mconfigkey" initialized
INFO - 2024-10-03 11:16:08 --> Model "Msync_delivery_instruction" initialized
INFO - 2024-10-03 11:16:08 --> Final output sent to browser
DEBUG - 2024-10-03 11:16:08 --> Total execution time: 0.0242
INFO - 2024-10-03 11:16:11 --> Config Class Initialized
INFO - 2024-10-03 11:16:11 --> Hooks Class Initialized
DEBUG - 2024-10-03 11:16:11 --> UTF-8 Support Enabled
INFO - 2024-10-03 11:16:11 --> Utf8 Class Initialized
INFO - 2024-10-03 11:16:11 --> URI Class Initialized
INFO - 2024-10-03 11:16:11 --> Router Class Initialized
INFO - 2024-10-03 11:16:11 --> Output Class Initialized
INFO - 2024-10-03 11:16:11 --> Security Class Initialized
DEBUG - 2024-10-03 11:16:11 --> Global POST, GET and COOKIE data sanitized
INFO - 2024-10-03 11:16:11 --> Input Class Initialized
INFO - 2024-10-03 11:16:11 --> Language Class Initialized
INFO - 2024-10-03 11:16:11 --> Loader Class Initialized
INFO - 2024-10-03 11:16:11 --> Helper loaded: url_helper
INFO - 2024-10-03 11:16:11 --> Database Driver Class Initialized
INFO - 2024-10-03 11:16:11 --> Controller Class Initialized
INFO - 2024-10-03 11:16:11 --> Final output sent to browser
DEBUG - 2024-10-03 11:16:11 --> Total execution time: 0.6099
INFO - 2024-10-03 11:16:13 --> Config Class Initialized
INFO - 2024-10-03 11:16:13 --> Hooks Class Initialized
DEBUG - 2024-10-03 11:16:13 --> UTF-8 Support Enabled
INFO - 2024-10-03 11:16:13 --> Utf8 Class Initialized
INFO - 2024-10-03 11:16:13 --> URI Class Initialized
INFO - 2024-10-03 11:16:13 --> Router Class Initialized
INFO - 2024-10-03 11:16:13 --> Output Class Initialized
INFO - 2024-10-03 11:16:13 --> Security Class Initialized
DEBUG - 2024-10-03 11:16:13 --> Global POST, GET and COOKIE data sanitized
INFO - 2024-10-03 11:16:13 --> Input Class Initialized
INFO - 2024-10-03 11:16:13 --> Language Class Initialized
INFO - 2024-10-03 11:16:13 --> Loader Class Initialized
INFO - 2024-10-03 11:16:13 --> Helper loaded: url_helper
INFO - 2024-10-03 11:16:13 --> Database Driver Class Initialized
INFO - 2024-10-03 11:16:13 --> Controller Class Initialized
INFO - 2024-10-03 11:16:13 --> Model "Mconfigkey" initialized
INFO - 2024-10-03 11:16:13 --> Model "Msync_delivery_instruction" initialized
INFO - 2024-10-03 11:16:13 --> Final output sent to browser
DEBUG - 2024-10-03 11:16:13 --> Total execution time: 0.0202
INFO - 2024-10-03 11:16:16 --> Config Class Initialized
INFO - 2024-10-03 11:16:16 --> Hooks Class Initialized
DEBUG - 2024-10-03 11:16:16 --> UTF-8 Support Enabled
INFO - 2024-10-03 11:16:16 --> Utf8 Class Initialized
INFO - 2024-10-03 11:16:16 --> URI Class Initialized
INFO - 2024-10-03 11:16:16 --> Router Class Initialized
INFO - 2024-10-03 11:16:16 --> Output Class Initialized
INFO - 2024-10-03 11:16:16 --> Security Class Initialized
DEBUG - 2024-10-03 11:16:16 --> Global POST, GET and COOKIE data sanitized
INFO - 2024-10-03 11:16:16 --> Input Class Initialized
INFO - 2024-10-03 11:16:16 --> Language Class Initialized
INFO - 2024-10-03 11:16:16 --> Loader Class Initialized
INFO - 2024-10-03 11:16:16 --> Helper loaded: url_helper
INFO - 2024-10-03 11:16:16 --> Database Driver Class Initialized
INFO - 2024-10-03 11:16:16 --> Controller Class Initialized
INFO - 2024-10-03 11:16:16 --> Model "Mconfigkey" initialized
INFO - 2024-10-03 11:16:16 --> Model "Msync_delivery_instruction" initialized
INFO - 2024-10-03 11:16:16 --> Final output sent to browser
DEBUG - 2024-10-03 11:16:16 --> Total execution time: 0.1837
INFO - 2024-10-03 11:16:40 --> Config Class Initialized
INFO - 2024-10-03 11:16:40 --> Hooks Class Initialized
DEBUG - 2024-10-03 11:16:40 --> UTF-8 Support Enabled
INFO - 2024-10-03 11:16:40 --> Utf8 Class Initialized
INFO - 2024-10-03 11:16:40 --> URI Class Initialized
INFO - 2024-10-03 11:16:40 --> Router Class Initialized
INFO - 2024-10-03 11:16:40 --> Output Class Initialized
INFO - 2024-10-03 11:16:40 --> Security Class Initialized
DEBUG - 2024-10-03 11:16:40 --> Global POST, GET and COOKIE data sanitized
INFO - 2024-10-03 11:16:40 --> Input Class Initialized
INFO - 2024-10-03 11:16:40 --> Language Class Initialized
INFO - 2024-10-03 11:16:40 --> Loader Class Initialized
INFO - 2024-10-03 11:16:40 --> Helper loaded: url_helper
INFO - 2024-10-03 11:16:40 --> Database Driver Class Initialized
INFO - 2024-10-03 11:16:40 --> Controller Class Initialized
INFO - 2024-10-03 11:16:40 --> Model "Mconfigkey" initialized
INFO - 2024-10-03 11:16:40 --> Model "Msync_delivery_instruction" initialized
INFO - 2024-10-03 11:16:40 --> Final output sent to browser
DEBUG - 2024-10-03 11:16:40 --> Total execution time: 0.0649
INFO - 2024-10-03 11:21:23 --> Config Class Initialized
INFO - 2024-10-03 11:21:23 --> Hooks Class Initialized
DEBUG - 2024-10-03 11:21:23 --> UTF-8 Support Enabled
INFO - 2024-10-03 11:21:23 --> Utf8 Class Initialized
INFO - 2024-10-03 11:21:23 --> URI Class Initialized
INFO - 2024-10-03 11:21:23 --> Router Class Initialized
INFO - 2024-10-03 11:21:23 --> Output Class Initialized
INFO - 2024-10-03 11:21:23 --> Security Class Initialized
DEBUG - 2024-10-03 11:21:23 --> Global POST, GET and COOKIE data sanitized
INFO - 2024-10-03 11:21:23 --> Input Class Initialized
INFO - 2024-10-03 11:21:23 --> Language Class Initialized
INFO - 2024-10-03 11:21:23 --> Loader Class Initialized
INFO - 2024-10-03 11:21:23 --> Helper loaded: url_helper
INFO - 2024-10-03 11:21:23 --> Database Driver Class Initialized
INFO - 2024-10-03 11:21:23 --> Controller Class Initialized
INFO - 2024-10-03 11:21:23 --> Model "Mconfigkey" initialized
INFO - 2024-10-03 11:21:23 --> Model "Msync_delivery_instruction" initialized
INFO - 2024-10-03 11:21:23 --> Final output sent to browser
DEBUG - 2024-10-03 11:21:23 --> Total execution time: 0.0582
INFO - 2024-10-03 11:34:49 --> Config Class Initialized
INFO - 2024-10-03 11:34:49 --> Hooks Class Initialized
DEBUG - 2024-10-03 11:34:49 --> UTF-8 Support Enabled
INFO - 2024-10-03 11:34:49 --> Utf8 Class Initialized
INFO - 2024-10-03 11:34:49 --> URI Class Initialized
INFO - 2024-10-03 11:34:49 --> Router Class Initialized
INFO - 2024-10-03 11:34:49 --> Output Class Initialized
INFO - 2024-10-03 11:34:49 --> Security Class Initialized
DEBUG - 2024-10-03 11:34:49 --> Global POST, GET and COOKIE data sanitized
INFO - 2024-10-03 11:34:49 --> Input Class Initialized
INFO - 2024-10-03 11:34:49 --> Language Class Initialized
INFO - 2024-10-03 11:34:49 --> Loader Class Initialized
INFO - 2024-10-03 11:34:49 --> Helper loaded: url_helper
INFO - 2024-10-03 11:34:49 --> Database Driver Class Initialized
INFO - 2024-10-03 11:34:49 --> Controller Class Initialized
INFO - 2024-10-03 11:34:49 --> Model "Mconfigkey" initialized
INFO - 2024-10-03 11:34:49 --> Final output sent to browser
DEBUG - 2024-10-03 11:34:49 --> Total execution time: 0.0196
INFO - 2024-10-03 11:34:51 --> Config Class Initialized
INFO - 2024-10-03 11:34:51 --> Hooks Class Initialized
DEBUG - 2024-10-03 11:34:51 --> UTF-8 Support Enabled
INFO - 2024-10-03 11:34:51 --> Utf8 Class Initialized
INFO - 2024-10-03 11:34:51 --> URI Class Initialized
INFO - 2024-10-03 11:34:51 --> Router Class Initialized
INFO - 2024-10-03 11:34:51 --> Output Class Initialized
INFO - 2024-10-03 11:34:51 --> Security Class Initialized
DEBUG - 2024-10-03 11:34:51 --> Global POST, GET and COOKIE data sanitized
INFO - 2024-10-03 11:34:51 --> Input Class Initialized
INFO - 2024-10-03 11:34:51 --> Language Class Initialized
INFO - 2024-10-03 11:34:51 --> Loader Class Initialized
INFO - 2024-10-03 11:34:51 --> Helper loaded: url_helper
INFO - 2024-10-03 11:34:51 --> Database Driver Class Initialized
INFO - 2024-10-03 11:34:51 --> Controller Class Initialized
INFO - 2024-10-03 11:34:51 --> Model "Mauth" initialized
INFO - 2024-10-03 11:34:51 --> Model "Mconfigkey" initialized
INFO - 2024-10-03 11:34:51 --> Final output sent to browser
DEBUG - 2024-10-03 11:34:51 --> Total execution time: 0.0234
INFO - 2024-10-03 11:44:27 --> Config Class Initialized
INFO - 2024-10-03 11:44:27 --> Hooks Class Initialized
DEBUG - 2024-10-03 11:44:27 --> UTF-8 Support Enabled
INFO - 2024-10-03 11:44:27 --> Utf8 Class Initialized
INFO - 2024-10-03 11:44:27 --> URI Class Initialized
INFO - 2024-10-03 11:44:27 --> Router Class Initialized
INFO - 2024-10-03 11:44:27 --> Output Class Initialized
INFO - 2024-10-03 11:44:27 --> Security Class Initialized
DEBUG - 2024-10-03 11:44:27 --> Global POST, GET and COOKIE data sanitized
INFO - 2024-10-03 11:44:27 --> Input Class Initialized
INFO - 2024-10-03 11:44:27 --> Language Class Initialized
INFO - 2024-10-03 11:44:27 --> Loader Class Initialized
INFO - 2024-10-03 11:44:27 --> Helper loaded: url_helper
INFO - 2024-10-03 11:44:27 --> Database Driver Class Initialized
INFO - 2024-10-03 11:44:27 --> Controller Class Initialized
INFO - 2024-10-03 11:44:27 --> Model "Mconfigkey" initialized
INFO - 2024-10-03 11:44:27 --> Model "Mbcout_27" initialized
ERROR - 2024-10-03 11:44:27 --> Query error: [Microsoft][ODBC Driver 18 for SQL Server][SQL Server]Invalid column name 'EDS_ID_HEADER'. - Invalid query: SELECT COUNT(*) AS "numrows"
FROM (
SELECT A.KODE_DOKUMEN_PABEAN, A.NAMA_PEMASOK, A.NOMOR_AJU, B.NOMORDOKUMEN as NOMOR_DOKUMEN, MAX(B.NOMORDOKUMEN) as NOMOR_BL, FORMAT(MAX(B.TANGGALDOKUMEN), 'yyyy-MM-dd') as TANGGAL_DOKUMEN, FORMAT(A.TANGGAL_AJU, 'yyyy-MM-dd') as TANGGAL_AJU, A.NOMOR_DAFTAR, FORMAT(A.TANGGAL_DAFTAR, 'yyyy-MM-dd') as TANGGAL_DAFTAR, A.MODE_SOURCE, A.ID_COMPANY, A.KODE_STATUS, MAX(C.URAIAN_DOKUMEN) as URAIAN_DOKUMEN, A.CIF, A.CIF_RUPIAH, A.HARGA_INVOICE, A.FOB
FROM "tr_bc_header" "A"
LEFT JOIN "PAB_DOKUMEN" "B" ON "A"."ID_HEADER_ORI" = "B"."EDS_ID_HEADER" AND "B"."KODEDOKUMEN"='380'
LEFT JOIN "PAB_DOKUMEN" "D" ON "A"."ID_HEADER_ORI" = "D"."EDS_ID_HEADER" AND "D"."KODEDOKUMEN"='705'
LEFT JOIN "referensi_dokumen" "C" ON "A"."KODE_STATUS" = "C"."TIPE_DOKUMEN" AND "A"."KODE_DOKUMEN_PABEAN"="C"."KODE_DOKUMEN"
WHERE "A"."KODE_DOKUMEN_PABEAN" = '27' AND "A"."ID_COMPANY" = 'PLB'
GROUP BY "A"."KODE_DOKUMEN_PABEAN", "A"."NAMA_PEMASOK", "A"."NOMOR_AJU", "B"."NOMORDOKUMEN", "B"."TANGGALDOKUMEN", "A"."TANGGAL_AJU", "A"."NOMOR_DAFTAR", "A"."TANGGAL_DAFTAR", "A"."MODE_SOURCE", "A"."ID_COMPANY", "A"."KODE_STATUS", "A"."CIF", "A"."CIF_RUPIAH", "A"."HARGA_INVOICE", "A"."FOB"
) CI_count_all_results
INFO - 2024-10-03 11:44:27 --> Language file loaded: language/english/db_lang.php
INFO - 2024-10-03 11:45:25 --> Config Class Initialized
INFO - 2024-10-03 11:45:25 --> Hooks Class Initialized
DEBUG - 2024-10-03 11:45:25 --> UTF-8 Support Enabled
INFO - 2024-10-03 11:45:25 --> Utf8 Class Initialized
INFO - 2024-10-03 11:45:25 --> URI Class Initialized
INFO - 2024-10-03 11:45:25 --> Router Class Initialized
INFO - 2024-10-03 11:45:25 --> Output Class Initialized
INFO - 2024-10-03 11:45:25 --> Security Class Initialized
DEBUG - 2024-10-03 11:45:25 --> Global POST, GET and COOKIE data sanitized
INFO - 2024-10-03 11:45:25 --> Input Class Initialized
INFO - 2024-10-03 11:45:25 --> Language Class Initialized
INFO - 2024-10-03 11:45:25 --> Loader Class Initialized
INFO - 2024-10-03 11:45:25 --> Helper loaded: url_helper
INFO - 2024-10-03 11:45:25 --> Database Driver Class Initialized
INFO - 2024-10-03 11:45:25 --> Controller Class Initialized
INFO - 2024-10-03 11:45:25 --> Model "Mconfigkey" initialized
INFO - 2024-10-03 11:45:25 --> Model "Mbcout_28" initialized
ERROR - 2024-10-03 11:45:25 --> Query error: [Microsoft][ODBC Driver 18 for SQL Server][SQL Server]Invalid column name 'EDS_ID_HEADER'. - Invalid query: SELECT COUNT(*) AS "numrows"
FROM (
SELECT A.KODE_DOKUMEN_PABEAN, A.NAMA_PEMASOK, A.NOMOR_AJU, B.NOMORDOKUMEN as NOMOR_DOKUMEN, MAX(B.NOMORDOKUMEN) as NOMOR_BL, FORMAT(MAX(B.TANGGALDOKUMEN), 'yyyy-MM-dd') as TANGGAL_DOKUMEN, FORMAT(A.TANGGAL_AJU, 'yyyy-MM-dd') as TANGGAL_AJU, A.NOMOR_DAFTAR, FORMAT(A.TANGGAL_DAFTAR, 'yyyy-MM-dd') as TANGGAL_DAFTAR, A.MODE_SOURCE, A.ID_COMPANY, A.KODE_STATUS, MAX(C.URAIAN_DOKUMEN) as URAIAN_DOKUMEN, A.CIF, A.CIF_RUPIAH, A.HARGA_INVOICE, A.FOB
FROM "tr_bc_header" "A"
LEFT JOIN "PAB_DOKUMEN" "B" ON "A"."ID_HEADER_ORI" = "B"."EDS_ID_HEADER" AND "B"."KODEDOKUMEN"='380'
LEFT JOIN "PAB_DOKUMEN" "D" ON "A"."ID_HEADER_ORI" = "D"."EDS_ID_HEADER" AND "D"."KODEDOKUMEN"='705'
LEFT JOIN "referensi_dokumen" "C" ON "A"."KODE_STATUS" = "C"."TIPE_DOKUMEN" AND "A"."KODE_DOKUMEN_PABEAN"="C"."KODE_DOKUMEN"
WHERE 
			A.KODE_DOKUMEN_PABEAN='28' AND 
			A.ID_COMPANY = 'PLB'
			
GROUP BY "A"."KODE_DOKUMEN_PABEAN", "A"."NAMA_PEMASOK", "A"."NOMOR_AJU", "B"."NOMORDOKUMEN", "B"."TANGGALDOKUMEN", "A"."TANGGAL_AJU", "A"."NOMOR_DAFTAR", "A"."TANGGAL_DAFTAR", "A"."MODE_SOURCE", "A"."ID_COMPANY", "A"."KODE_STATUS", "A"."CIF", "A"."CIF_RUPIAH", "A"."HARGA_INVOICE", "A"."FOB"
) CI_count_all_results
INFO - 2024-10-03 11:45:25 --> Language file loaded: language/english/db_lang.php
INFO - 2024-10-03 11:45:32 --> Config Class Initialized
INFO - 2024-10-03 11:45:32 --> Hooks Class Initialized
DEBUG - 2024-10-03 11:45:32 --> UTF-8 Support Enabled
INFO - 2024-10-03 11:45:32 --> Utf8 Class Initialized
INFO - 2024-10-03 11:45:32 --> URI Class Initialized
INFO - 2024-10-03 11:45:32 --> Router Class Initialized
INFO - 2024-10-03 11:45:32 --> Output Class Initialized
INFO - 2024-10-03 11:45:32 --> Security Class Initialized
DEBUG - 2024-10-03 11:45:32 --> Global POST, GET and COOKIE data sanitized
INFO - 2024-10-03 11:45:32 --> Input Class Initialized
INFO - 2024-10-03 11:45:32 --> Language Class Initialized
INFO - 2024-10-03 11:45:32 --> Loader Class Initialized
INFO - 2024-10-03 11:45:32 --> Helper loaded: url_helper
INFO - 2024-10-03 11:45:32 --> Database Driver Class Initialized
INFO - 2024-10-03 11:45:32 --> Controller Class Initialized
INFO - 2024-10-03 11:45:32 --> Model "Mconfigkey" initialized
INFO - 2024-10-03 11:45:32 --> Model "Mbcin_271" initialized
INFO - 2024-10-03 11:45:32 --> Final output sent to browser
DEBUG - 2024-10-03 11:45:32 --> Total execution time: 0.0392
INFO - 2024-10-03 11:46:29 --> Config Class Initialized
INFO - 2024-10-03 11:46:29 --> Hooks Class Initialized
DEBUG - 2024-10-03 11:46:29 --> UTF-8 Support Enabled
INFO - 2024-10-03 11:46:29 --> Utf8 Class Initialized
INFO - 2024-10-03 11:46:29 --> URI Class Initialized
INFO - 2024-10-03 11:46:29 --> Router Class Initialized
INFO - 2024-10-03 11:46:29 --> Output Class Initialized
INFO - 2024-10-03 11:46:29 --> Security Class Initialized
DEBUG - 2024-10-03 11:46:29 --> Global POST, GET and COOKIE data sanitized
INFO - 2024-10-03 11:46:29 --> Input Class Initialized
INFO - 2024-10-03 11:46:29 --> Language Class Initialized
INFO - 2024-10-03 11:46:29 --> Loader Class Initialized
INFO - 2024-10-03 11:46:29 --> Helper loaded: url_helper
INFO - 2024-10-03 11:46:29 --> Database Driver Class Initialized
INFO - 2024-10-03 11:46:29 --> Controller Class Initialized
INFO - 2024-10-03 11:46:29 --> Model "Mconfigkey" initialized
INFO - 2024-10-03 11:46:29 --> Model "Msync_delivery_instruction" initialized
INFO - 2024-10-03 11:46:29 --> Final output sent to browser
DEBUG - 2024-10-03 11:46:29 --> Total execution time: 0.0238
INFO - 2024-10-03 11:46:32 --> Config Class Initialized
INFO - 2024-10-03 11:46:32 --> Hooks Class Initialized
DEBUG - 2024-10-03 11:46:32 --> UTF-8 Support Enabled
INFO - 2024-10-03 11:46:32 --> Utf8 Class Initialized
INFO - 2024-10-03 11:46:32 --> URI Class Initialized
INFO - 2024-10-03 11:46:32 --> Router Class Initialized
INFO - 2024-10-03 11:46:32 --> Output Class Initialized
INFO - 2024-10-03 11:46:32 --> Security Class Initialized
DEBUG - 2024-10-03 11:46:32 --> Global POST, GET and COOKIE data sanitized
INFO - 2024-10-03 11:46:32 --> Input Class Initialized
INFO - 2024-10-03 11:46:32 --> Language Class Initialized
INFO - 2024-10-03 11:46:32 --> Loader Class Initialized
INFO - 2024-10-03 11:46:32 --> Helper loaded: url_helper
INFO - 2024-10-03 11:46:32 --> Database Driver Class Initialized
INFO - 2024-10-03 11:46:32 --> Controller Class Initialized
INFO - 2024-10-03 11:46:33 --> Final output sent to browser
DEBUG - 2024-10-03 11:46:33 --> Total execution time: 0.6620
INFO - 2024-10-03 11:46:38 --> Config Class Initialized
INFO - 2024-10-03 11:46:38 --> Hooks Class Initialized
DEBUG - 2024-10-03 11:46:38 --> UTF-8 Support Enabled
INFO - 2024-10-03 11:46:38 --> Utf8 Class Initialized
INFO - 2024-10-03 11:46:38 --> URI Class Initialized
INFO - 2024-10-03 11:46:38 --> Router Class Initialized
INFO - 2024-10-03 11:46:38 --> Output Class Initialized
INFO - 2024-10-03 11:46:38 --> Security Class Initialized
DEBUG - 2024-10-03 11:46:38 --> Global POST, GET and COOKIE data sanitized
INFO - 2024-10-03 11:46:38 --> Input Class Initialized
INFO - 2024-10-03 11:46:38 --> Language Class Initialized
INFO - 2024-10-03 11:46:38 --> Loader Class Initialized
INFO - 2024-10-03 11:46:38 --> Helper loaded: url_helper
INFO - 2024-10-03 11:46:38 --> Database Driver Class Initialized
INFO - 2024-10-03 11:46:38 --> Controller Class Initialized
INFO - 2024-10-03 11:46:38 --> Model "Mconfigkey" initialized
INFO - 2024-10-03 11:46:38 --> Model "Msync_delivery_instruction" initialized
INFO - 2024-10-03 11:46:38 --> Final output sent to browser
DEBUG - 2024-10-03 11:46:38 --> Total execution time: 0.0199
INFO - 2024-10-03 11:46:41 --> Config Class Initialized
INFO - 2024-10-03 11:46:41 --> Hooks Class Initialized
DEBUG - 2024-10-03 11:46:41 --> UTF-8 Support Enabled
INFO - 2024-10-03 11:46:41 --> Utf8 Class Initialized
INFO - 2024-10-03 11:46:41 --> URI Class Initialized
INFO - 2024-10-03 11:46:41 --> Router Class Initialized
INFO - 2024-10-03 11:46:41 --> Output Class Initialized
INFO - 2024-10-03 11:46:41 --> Security Class Initialized
DEBUG - 2024-10-03 11:46:41 --> Global POST, GET and COOKIE data sanitized
INFO - 2024-10-03 11:46:41 --> Input Class Initialized
INFO - 2024-10-03 11:46:41 --> Language Class Initialized
INFO - 2024-10-03 11:46:41 --> Loader Class Initialized
INFO - 2024-10-03 11:46:41 --> Helper loaded: url_helper
INFO - 2024-10-03 11:46:41 --> Database Driver Class Initialized
INFO - 2024-10-03 11:46:41 --> Controller Class Initialized
INFO - 2024-10-03 11:46:41 --> Model "Mconfigkey" initialized
INFO - 2024-10-03 11:46:41 --> Model "Msync_delivery_instruction" initialized
INFO - 2024-10-03 11:46:41 --> Final output sent to browser
DEBUG - 2024-10-03 11:46:41 --> Total execution time: 0.1685
INFO - 2024-10-03 11:46:51 --> Config Class Initialized
INFO - 2024-10-03 11:46:51 --> Hooks Class Initialized
DEBUG - 2024-10-03 11:46:51 --> UTF-8 Support Enabled
INFO - 2024-10-03 11:46:51 --> Utf8 Class Initialized
INFO - 2024-10-03 11:46:51 --> URI Class Initialized
INFO - 2024-10-03 11:46:51 --> Router Class Initialized
INFO - 2024-10-03 11:46:51 --> Output Class Initialized
INFO - 2024-10-03 11:46:51 --> Security Class Initialized
DEBUG - 2024-10-03 11:46:51 --> Global POST, GET and COOKIE data sanitized
INFO - 2024-10-03 11:46:51 --> Input Class Initialized
INFO - 2024-10-03 11:46:51 --> Language Class Initialized
INFO - 2024-10-03 11:46:51 --> Loader Class Initialized
INFO - 2024-10-03 11:46:51 --> Helper loaded: url_helper
INFO - 2024-10-03 11:46:51 --> Database Driver Class Initialized
INFO - 2024-10-03 11:46:51 --> Controller Class Initialized
INFO - 2024-10-03 11:46:51 --> Model "Mconfigkey" initialized
INFO - 2024-10-03 11:46:51 --> Model "Msync_delivery_instruction" initialized
INFO - 2024-10-03 11:46:51 --> Final output sent to browser
DEBUG - 2024-10-03 11:46:51 --> Total execution time: 0.0204
INFO - 2024-10-03 11:46:53 --> Config Class Initialized
INFO - 2024-10-03 11:46:53 --> Hooks Class Initialized
DEBUG - 2024-10-03 11:46:53 --> UTF-8 Support Enabled
INFO - 2024-10-03 11:46:53 --> Utf8 Class Initialized
INFO - 2024-10-03 11:46:53 --> URI Class Initialized
INFO - 2024-10-03 11:46:53 --> Router Class Initialized
INFO - 2024-10-03 11:46:53 --> Output Class Initialized
INFO - 2024-10-03 11:46:53 --> Security Class Initialized
DEBUG - 2024-10-03 11:46:53 --> Global POST, GET and COOKIE data sanitized
INFO - 2024-10-03 11:46:53 --> Input Class Initialized
INFO - 2024-10-03 11:46:53 --> Language Class Initialized
INFO - 2024-10-03 11:46:53 --> Loader Class Initialized
INFO - 2024-10-03 11:46:53 --> Helper loaded: url_helper
INFO - 2024-10-03 11:46:53 --> Database Driver Class Initialized
INFO - 2024-10-03 11:46:53 --> Controller Class Initialized
INFO - 2024-10-03 11:46:53 --> Model "Mconfigkey" initialized
INFO - 2024-10-03 11:46:53 --> Model "Msync_delivery_instruction" initialized
INFO - 2024-10-03 11:46:54 --> Final output sent to browser
DEBUG - 2024-10-03 11:46:54 --> Total execution time: 0.1880
INFO - 2024-10-03 13:45:34 --> Config Class Initialized
INFO - 2024-10-03 13:45:34 --> Hooks Class Initialized
DEBUG - 2024-10-03 13:45:34 --> UTF-8 Support Enabled
INFO - 2024-10-03 13:45:34 --> Utf8 Class Initialized
INFO - 2024-10-03 13:45:34 --> URI Class Initialized
INFO - 2024-10-03 13:45:34 --> Router Class Initialized
INFO - 2024-10-03 13:45:34 --> Output Class Initialized
INFO - 2024-10-03 13:45:34 --> Security Class Initialized
DEBUG - 2024-10-03 13:45:34 --> Global POST, GET and COOKIE data sanitized
INFO - 2024-10-03 13:45:34 --> Input Class Initialized
INFO - 2024-10-03 13:45:34 --> Language Class Initialized
INFO - 2024-10-03 13:45:35 --> Loader Class Initialized
INFO - 2024-10-03 13:45:35 --> Helper loaded: url_helper
INFO - 2024-10-03 13:45:35 --> Database Driver Class Initialized
INFO - 2024-10-03 13:45:35 --> Controller Class Initialized
INFO - 2024-10-03 13:45:35 --> Model "Mconfigkey" initialized
INFO - 2024-10-03 13:45:35 --> Final output sent to browser
DEBUG - 2024-10-03 13:45:35 --> Total execution time: 0.3979
INFO - 2024-10-03 17:25:31 --> Config Class Initialized
INFO - 2024-10-03 17:25:31 --> Hooks Class Initialized
DEBUG - 2024-10-03 17:25:31 --> UTF-8 Support Enabled
INFO - 2024-10-03 17:25:31 --> Utf8 Class Initialized
INFO - 2024-10-03 17:25:32 --> URI Class Initialized
INFO - 2024-10-03 17:25:32 --> Router Class Initialized
INFO - 2024-10-03 17:25:32 --> Output Class Initialized
INFO - 2024-10-03 17:25:32 --> Security Class Initialized
DEBUG - 2024-10-03 17:25:32 --> Global POST, GET and COOKIE data sanitized
INFO - 2024-10-03 17:25:32 --> Input Class Initialized
INFO - 2024-10-03 17:25:32 --> Language Class Initialized
INFO - 2024-10-03 17:25:32 --> Loader Class Initialized
INFO - 2024-10-03 17:25:32 --> Helper loaded: url_helper
INFO - 2024-10-03 17:25:32 --> Database Driver Class Initialized
INFO - 2024-10-03 17:25:32 --> Controller Class Initialized
INFO - 2024-10-03 17:25:32 --> Model "Mconfigkey" initialized
INFO - 2024-10-03 17:25:32 --> Final output sent to browser
DEBUG - 2024-10-03 17:25:32 --> Total execution time: 0.2114
