INFO - 2024-11-07 10:18:10 --> Config Class Initialized
INFO - 2024-11-07 10:18:10 --> Hooks Class Initialized
DEBUG - 2024-11-07 10:18:10 --> UTF-8 Support Enabled
INFO - 2024-11-07 10:18:10 --> Utf8 Class Initialized
INFO - 2024-11-07 10:18:10 --> URI Class Initialized
INFO - 2024-11-07 10:18:10 --> Router Class Initialized
INFO - 2024-11-07 10:18:10 --> Output Class Initialized
INFO - 2024-11-07 10:18:10 --> Security Class Initialized
DEBUG - 2024-11-07 10:18:10 --> Global POST, GET and COOKIE data sanitized
INFO - 2024-11-07 10:18:10 --> Input Class Initialized
INFO - 2024-11-07 10:18:10 --> Language Class Initialized
INFO - 2024-11-07 10:18:10 --> Loader Class Initialized
INFO - 2024-11-07 10:18:10 --> Helper loaded: url_helper
INFO - 2024-11-07 10:18:10 --> Database Driver Class Initialized
INFO - 2024-11-07 10:18:10 --> Controller Class Initialized
INFO - 2024-11-07 10:18:10 --> Model "Mauth" initialized
INFO - 2024-11-07 10:18:10 --> Model "Mconfigkey" initialized
INFO - 2024-11-07 10:18:10 --> Final output sent to browser
DEBUG - 2024-11-07 10:18:10 --> Total execution time: 0.3329
INFO - 2024-11-07 10:18:33 --> Config Class Initialized
INFO - 2024-11-07 10:18:33 --> Hooks Class Initialized
DEBUG - 2024-11-07 10:18:33 --> UTF-8 Support Enabled
INFO - 2024-11-07 10:18:33 --> Utf8 Class Initialized
INFO - 2024-11-07 10:18:33 --> URI Class Initialized
INFO - 2024-11-07 10:18:33 --> Router Class Initialized
INFO - 2024-11-07 10:18:33 --> Output Class Initialized
INFO - 2024-11-07 10:18:33 --> Security Class Initialized
DEBUG - 2024-11-07 10:18:33 --> Global POST, GET and COOKIE data sanitized
INFO - 2024-11-07 10:18:33 --> Input Class Initialized
INFO - 2024-11-07 10:18:33 --> Language Class Initialized
INFO - 2024-11-07 10:18:33 --> Loader Class Initialized
INFO - 2024-11-07 10:18:33 --> Helper loaded: url_helper
INFO - 2024-11-07 10:18:33 --> Database Driver Class Initialized
INFO - 2024-11-07 10:18:33 --> Controller Class Initialized
INFO - 2024-11-07 10:18:33 --> Model "Mconfigkey" initialized
INFO - 2024-11-07 10:18:33 --> Model "Mportal_data" initialized
INFO - 2024-11-07 10:18:33 --> Final output sent to browser
DEBUG - 2024-11-07 10:18:33 --> Total execution time: 0.0553
INFO - 2024-11-07 10:18:34 --> Config Class Initialized
INFO - 2024-11-07 10:18:34 --> Hooks Class Initialized
DEBUG - 2024-11-07 10:18:34 --> UTF-8 Support Enabled
INFO - 2024-11-07 10:18:34 --> Utf8 Class Initialized
INFO - 2024-11-07 10:18:34 --> URI Class Initialized
INFO - 2024-11-07 10:18:34 --> Router Class Initialized
INFO - 2024-11-07 10:18:34 --> Output Class Initialized
INFO - 2024-11-07 10:18:34 --> Security Class Initialized
DEBUG - 2024-11-07 10:18:34 --> Global POST, GET and COOKIE data sanitized
INFO - 2024-11-07 10:18:34 --> Input Class Initialized
INFO - 2024-11-07 10:18:34 --> Language Class Initialized
INFO - 2024-11-07 10:18:34 --> Loader Class Initialized
INFO - 2024-11-07 10:18:34 --> Helper loaded: url_helper
INFO - 2024-11-07 10:18:34 --> Database Driver Class Initialized
INFO - 2024-11-07 10:18:34 --> Controller Class Initialized
INFO - 2024-11-07 10:18:34 --> Model "Mconfigkey" initialized
INFO - 2024-11-07 10:18:34 --> Model "Msync_doc_aw" initialized
INFO - 2024-11-07 10:18:34 --> Final output sent to browser
DEBUG - 2024-11-07 10:18:34 --> Total execution time: 0.0730
