INFO - 2025-04-15 13:40:33 --> Config Class Initialized
INFO - 2025-04-15 13:40:33 --> Hooks Class Initialized
DEBUG - 2025-04-15 13:40:33 --> UTF-8 Support Enabled
INFO - 2025-04-15 13:40:33 --> Utf8 Class Initialized
INFO - 2025-04-15 13:40:33 --> URI Class Initialized
INFO - 2025-04-15 13:40:33 --> Router Class Initialized
INFO - 2025-04-15 13:40:34 --> Output Class Initialized
INFO - 2025-04-15 13:40:34 --> Security Class Initialized
DEBUG - 2025-04-15 13:40:34 --> Global POST, GET and COOKIE data sanitized
INFO - 2025-04-15 13:40:34 --> Input Class Initialized
INFO - 2025-04-15 13:40:34 --> Language Class Initialized
INFO - 2025-04-15 13:40:34 --> Loader Class Initialized
INFO - 2025-04-15 13:40:34 --> Helper loaded: url_helper
INFO - 2025-04-15 13:40:34 --> Database Driver Class Initialized
INFO - 2025-04-15 13:40:34 --> Controller Class Initialized
INFO - 2025-04-15 13:40:34 --> Model "Mconfigkey" initialized
INFO - 2025-04-15 13:40:34 --> Final output sent to browser
DEBUG - 2025-04-15 13:40:34 --> Total execution time: 0.6761
INFO - 2025-04-15 13:52:54 --> Config Class Initialized
INFO - 2025-04-15 13:52:54 --> Hooks Class Initialized
DEBUG - 2025-04-15 13:52:54 --> UTF-8 Support Enabled
INFO - 2025-04-15 13:52:54 --> Utf8 Class Initialized
INFO - 2025-04-15 13:52:54 --> URI Class Initialized
INFO - 2025-04-15 13:52:54 --> Router Class Initialized
INFO - 2025-04-15 13:52:54 --> Output Class Initialized
INFO - 2025-04-15 13:52:54 --> Security Class Initialized
DEBUG - 2025-04-15 13:52:54 --> Global POST, GET and COOKIE data sanitized
INFO - 2025-04-15 13:52:54 --> Input Class Initialized
INFO - 2025-04-15 13:52:54 --> Language Class Initialized
INFO - 2025-04-15 13:52:54 --> Loader Class Initialized
INFO - 2025-04-15 13:52:54 --> Helper loaded: url_helper
INFO - 2025-04-15 13:52:54 --> Database Driver Class Initialized
INFO - 2025-04-15 13:52:54 --> Controller Class Initialized
INFO - 2025-04-15 13:52:54 --> Model "Mauth" initialized
INFO - 2025-04-15 13:52:54 --> Final output sent to browser
DEBUG - 2025-04-15 13:52:54 --> Total execution time: 0.0429
INFO - 2025-04-15 13:53:29 --> Config Class Initialized
INFO - 2025-04-15 13:53:29 --> Hooks Class Initialized
DEBUG - 2025-04-15 13:53:29 --> UTF-8 Support Enabled
INFO - 2025-04-15 13:53:29 --> Utf8 Class Initialized
INFO - 2025-04-15 13:53:29 --> URI Class Initialized
INFO - 2025-04-15 13:53:29 --> Router Class Initialized
INFO - 2025-04-15 13:53:29 --> Output Class Initialized
INFO - 2025-04-15 13:53:29 --> Security Class Initialized
DEBUG - 2025-04-15 13:53:29 --> Global POST, GET and COOKIE data sanitized
INFO - 2025-04-15 13:53:29 --> Input Class Initialized
INFO - 2025-04-15 13:53:29 --> Language Class Initialized
INFO - 2025-04-15 13:53:29 --> Loader Class Initialized
INFO - 2025-04-15 13:53:29 --> Helper loaded: url_helper
INFO - 2025-04-15 13:53:29 --> Database Driver Class Initialized
INFO - 2025-04-15 13:53:29 --> Controller Class Initialized
INFO - 2025-04-15 13:53:29 --> Model "Mconfigkey" initialized
INFO - 2025-04-15 13:53:29 --> Final output sent to browser
DEBUG - 2025-04-15 13:53:29 --> Total execution time: 0.0212
