INFO - 2024-01-11 07:58:57 --> Config Class Initialized
INFO - 2024-01-11 07:58:57 --> Hooks Class Initialized
DEBUG - 2024-01-11 07:58:57 --> UTF-8 Support Enabled
INFO - 2024-01-11 07:58:57 --> Utf8 Class Initialized
INFO - 2024-01-11 07:58:57 --> URI Class Initialized
INFO - 2024-01-11 07:58:57 --> Router Class Initialized
INFO - 2024-01-11 07:58:57 --> Output Class Initialized
INFO - 2024-01-11 07:58:57 --> Security Class Initialized
DEBUG - 2024-01-11 07:58:57 --> Global POST, GET and COOKIE data sanitized
INFO - 2024-01-11 07:58:57 --> Input Class Initialized
INFO - 2024-01-11 07:58:57 --> Language Class Initialized
INFO - 2024-01-11 07:58:57 --> Loader Class Initialized
INFO - 2024-01-11 07:58:57 --> Helper loaded: url_helper
INFO - 2024-01-11 07:58:57 --> Database Driver Class Initialized
INFO - 2024-01-11 07:58:58 --> Controller Class Initialized
INFO - 2024-01-11 07:58:58 --> Model "Mauth" initialized
INFO - 2024-01-11 07:58:58 --> Final output sent to browser
DEBUG - 2024-01-11 07:58:58 --> Total execution time: 0.2300
INFO - 2024-01-11 07:59:13 --> Config Class Initialized
INFO - 2024-01-11 07:59:13 --> Hooks Class Initialized
DEBUG - 2024-01-11 07:59:13 --> UTF-8 Support Enabled
INFO - 2024-01-11 07:59:13 --> Utf8 Class Initialized
INFO - 2024-01-11 07:59:13 --> URI Class Initialized
INFO - 2024-01-11 07:59:13 --> Router Class Initialized
INFO - 2024-01-11 07:59:13 --> Output Class Initialized
INFO - 2024-01-11 07:59:13 --> Security Class Initialized
DEBUG - 2024-01-11 07:59:13 --> Global POST, GET and COOKIE data sanitized
INFO - 2024-01-11 07:59:13 --> Input Class Initialized
INFO - 2024-01-11 07:59:13 --> Language Class Initialized
INFO - 2024-01-11 07:59:13 --> Loader Class Initialized
INFO - 2024-01-11 07:59:13 --> Helper loaded: url_helper
INFO - 2024-01-11 07:59:13 --> Database Driver Class Initialized
INFO - 2024-01-11 07:59:13 --> Controller Class Initialized
INFO - 2024-01-11 07:59:13 --> Model "Mauth" initialized
INFO - 2024-01-11 07:59:13 --> Model "Mconfigkey" initialized
INFO - 2024-01-11 07:59:13 --> Final output sent to browser
DEBUG - 2024-01-11 07:59:13 --> Total execution time: 0.2198
INFO - 2024-01-11 07:59:19 --> Config Class Initialized
INFO - 2024-01-11 07:59:19 --> Hooks Class Initialized
DEBUG - 2024-01-11 07:59:19 --> UTF-8 Support Enabled
INFO - 2024-01-11 07:59:19 --> Utf8 Class Initialized
INFO - 2024-01-11 07:59:19 --> URI Class Initialized
INFO - 2024-01-11 07:59:19 --> Router Class Initialized
INFO - 2024-01-11 07:59:19 --> Output Class Initialized
INFO - 2024-01-11 07:59:19 --> Security Class Initialized
DEBUG - 2024-01-11 07:59:19 --> Global POST, GET and COOKIE data sanitized
INFO - 2024-01-11 07:59:19 --> Input Class Initialized
INFO - 2024-01-11 07:59:19 --> Language Class Initialized
INFO - 2024-01-11 07:59:19 --> Loader Class Initialized
INFO - 2024-01-11 07:59:19 --> Helper loaded: url_helper
INFO - 2024-01-11 07:59:19 --> Database Driver Class Initialized
INFO - 2024-01-11 07:59:19 --> Controller Class Initialized
INFO - 2024-01-11 07:59:19 --> Model "Mconfigkey" initialized
INFO - 2024-01-11 07:59:19 --> Model "Mbcin_16" initialized
INFO - 2024-01-11 07:59:20 --> Final output sent to browser
DEBUG - 2024-01-11 07:59:20 --> Total execution time: 0.1959
INFO - 2024-01-11 07:59:24 --> Config Class Initialized
INFO - 2024-01-11 07:59:24 --> Hooks Class Initialized
DEBUG - 2024-01-11 07:59:24 --> UTF-8 Support Enabled
INFO - 2024-01-11 07:59:24 --> Utf8 Class Initialized
INFO - 2024-01-11 07:59:24 --> URI Class Initialized
INFO - 2024-01-11 07:59:24 --> Router Class Initialized
INFO - 2024-01-11 07:59:24 --> Output Class Initialized
INFO - 2024-01-11 07:59:24 --> Security Class Initialized
DEBUG - 2024-01-11 07:59:24 --> Global POST, GET and COOKIE data sanitized
INFO - 2024-01-11 07:59:24 --> Input Class Initialized
INFO - 2024-01-11 07:59:24 --> Language Class Initialized
INFO - 2024-01-11 07:59:24 --> Loader Class Initialized
INFO - 2024-01-11 07:59:24 --> Helper loaded: url_helper
INFO - 2024-01-11 07:59:24 --> Database Driver Class Initialized
INFO - 2024-01-11 07:59:24 --> Controller Class Initialized
INFO - 2024-01-11 07:59:24 --> Model "Mconfigkey" initialized
INFO - 2024-01-11 07:59:24 --> Model "Minv_material_in_aw" initialized
INFO - 2024-01-11 07:59:24 --> Final output sent to browser
DEBUG - 2024-01-11 07:59:24 --> Total execution time: 0.2024
INFO - 2024-01-11 07:59:30 --> Config Class Initialized
INFO - 2024-01-11 07:59:30 --> Hooks Class Initialized
DEBUG - 2024-01-11 07:59:30 --> UTF-8 Support Enabled
INFO - 2024-01-11 07:59:30 --> Utf8 Class Initialized
INFO - 2024-01-11 07:59:30 --> URI Class Initialized
INFO - 2024-01-11 07:59:30 --> Router Class Initialized
INFO - 2024-01-11 07:59:30 --> Output Class Initialized
INFO - 2024-01-11 07:59:30 --> Security Class Initialized
DEBUG - 2024-01-11 07:59:30 --> Global POST, GET and COOKIE data sanitized
INFO - 2024-01-11 07:59:30 --> Input Class Initialized
INFO - 2024-01-11 07:59:30 --> Language Class Initialized
INFO - 2024-01-11 07:59:30 --> Loader Class Initialized
INFO - 2024-01-11 07:59:30 --> Helper loaded: url_helper
INFO - 2024-01-11 07:59:30 --> Database Driver Class Initialized
INFO - 2024-01-11 07:59:31 --> Controller Class Initialized
INFO - 2024-01-11 07:59:31 --> Model "Mconfigkey" initialized
INFO - 2024-01-11 07:59:31 --> Model "Minv_material_control_aw" initialized
INFO - 2024-01-11 07:59:31 --> Final output sent to browser
DEBUG - 2024-01-11 07:59:31 --> Total execution time: 0.1672
INFO - 2024-01-11 07:59:35 --> Config Class Initialized
INFO - 2024-01-11 07:59:35 --> Hooks Class Initialized
DEBUG - 2024-01-11 07:59:35 --> UTF-8 Support Enabled
INFO - 2024-01-11 07:59:35 --> Utf8 Class Initialized
INFO - 2024-01-11 07:59:35 --> URI Class Initialized
INFO - 2024-01-11 07:59:35 --> Router Class Initialized
INFO - 2024-01-11 07:59:35 --> Output Class Initialized
INFO - 2024-01-11 07:59:35 --> Security Class Initialized
DEBUG - 2024-01-11 07:59:35 --> Global POST, GET and COOKIE data sanitized
INFO - 2024-01-11 07:59:35 --> Input Class Initialized
INFO - 2024-01-11 07:59:35 --> Language Class Initialized
INFO - 2024-01-11 07:59:35 --> Loader Class Initialized
INFO - 2024-01-11 07:59:35 --> Helper loaded: url_helper
INFO - 2024-01-11 07:59:35 --> Database Driver Class Initialized
INFO - 2024-01-11 07:59:35 --> Controller Class Initialized
INFO - 2024-01-11 07:59:35 --> Model "Mconfigkey" initialized
INFO - 2024-01-11 07:59:35 --> Final output sent to browser
DEBUG - 2024-01-11 07:59:35 --> Total execution time: 0.1421
INFO - 2024-01-11 07:59:37 --> Config Class Initialized
INFO - 2024-01-11 07:59:37 --> Hooks Class Initialized
DEBUG - 2024-01-11 07:59:37 --> UTF-8 Support Enabled
INFO - 2024-01-11 07:59:37 --> Utf8 Class Initialized
INFO - 2024-01-11 07:59:37 --> URI Class Initialized
INFO - 2024-01-11 07:59:37 --> Router Class Initialized
INFO - 2024-01-11 07:59:37 --> Output Class Initialized
INFO - 2024-01-11 07:59:37 --> Security Class Initialized
DEBUG - 2024-01-11 07:59:37 --> Global POST, GET and COOKIE data sanitized
INFO - 2024-01-11 07:59:37 --> Input Class Initialized
INFO - 2024-01-11 07:59:37 --> Language Class Initialized
INFO - 2024-01-11 07:59:37 --> Loader Class Initialized
INFO - 2024-01-11 07:59:37 --> Helper loaded: url_helper
INFO - 2024-01-11 07:59:37 --> Database Driver Class Initialized
INFO - 2024-01-11 07:59:37 --> Controller Class Initialized
INFO - 2024-01-11 07:59:37 --> Model "Mconfigkey" initialized
INFO - 2024-01-11 07:59:37 --> Final output sent to browser
DEBUG - 2024-01-11 07:59:37 --> Total execution time: 0.1385
INFO - 2024-01-11 08:04:50 --> Config Class Initialized
INFO - 2024-01-11 08:04:50 --> Hooks Class Initialized
DEBUG - 2024-01-11 08:04:50 --> UTF-8 Support Enabled
INFO - 2024-01-11 08:04:50 --> Utf8 Class Initialized
INFO - 2024-01-11 08:04:50 --> URI Class Initialized
INFO - 2024-01-11 08:04:50 --> Router Class Initialized
INFO - 2024-01-11 08:04:50 --> Output Class Initialized
INFO - 2024-01-11 08:04:50 --> Security Class Initialized
DEBUG - 2024-01-11 08:04:50 --> Global POST, GET and COOKIE data sanitized
INFO - 2024-01-11 08:04:50 --> Input Class Initialized
INFO - 2024-01-11 08:04:50 --> Language Class Initialized
INFO - 2024-01-11 08:04:50 --> Loader Class Initialized
INFO - 2024-01-11 08:04:50 --> Helper loaded: url_helper
INFO - 2024-01-11 08:04:50 --> Database Driver Class Initialized
INFO - 2024-01-11 08:04:50 --> Controller Class Initialized
INFO - 2024-01-11 08:04:50 --> Model "Mauth" initialized
INFO - 2024-01-11 08:04:50 --> Model "Mconfigkey" initialized
INFO - 2024-01-11 08:04:50 --> Final output sent to browser
DEBUG - 2024-01-11 08:04:50 --> Total execution time: 0.2150
INFO - 2024-01-11 10:14:10 --> Config Class Initialized
INFO - 2024-01-11 10:14:10 --> Hooks Class Initialized
DEBUG - 2024-01-11 10:14:10 --> UTF-8 Support Enabled
INFO - 2024-01-11 10:14:10 --> Utf8 Class Initialized
INFO - 2024-01-11 10:14:10 --> URI Class Initialized
INFO - 2024-01-11 10:14:10 --> Router Class Initialized
INFO - 2024-01-11 10:14:10 --> Output Class Initialized
INFO - 2024-01-11 10:14:10 --> Security Class Initialized
DEBUG - 2024-01-11 10:14:10 --> Global POST, GET and COOKIE data sanitized
INFO - 2024-01-11 10:14:10 --> Input Class Initialized
INFO - 2024-01-11 10:14:10 --> Language Class Initialized
INFO - 2024-01-11 10:14:10 --> Loader Class Initialized
INFO - 2024-01-11 10:14:10 --> Helper loaded: url_helper
INFO - 2024-01-11 10:14:10 --> Database Driver Class Initialized
INFO - 2024-01-11 10:14:10 --> Controller Class Initialized
INFO - 2024-01-11 10:14:10 --> Model "Mconfigkey" initialized
INFO - 2024-01-11 10:14:10 --> Final output sent to browser
DEBUG - 2024-01-11 10:14:10 --> Total execution time: 0.1431
INFO - 2024-01-11 10:16:46 --> Config Class Initialized
INFO - 2024-01-11 10:16:46 --> Hooks Class Initialized
DEBUG - 2024-01-11 10:16:46 --> UTF-8 Support Enabled
INFO - 2024-01-11 10:16:46 --> Utf8 Class Initialized
INFO - 2024-01-11 10:16:46 --> URI Class Initialized
INFO - 2024-01-11 10:16:46 --> Router Class Initialized
INFO - 2024-01-11 10:16:46 --> Output Class Initialized
INFO - 2024-01-11 10:16:46 --> Security Class Initialized
DEBUG - 2024-01-11 10:16:46 --> Global POST, GET and COOKIE data sanitized
INFO - 2024-01-11 10:16:46 --> Input Class Initialized
INFO - 2024-01-11 10:16:46 --> Language Class Initialized
INFO - 2024-01-11 10:16:46 --> Loader Class Initialized
INFO - 2024-01-11 10:16:46 --> Helper loaded: url_helper
INFO - 2024-01-11 10:16:46 --> Database Driver Class Initialized
INFO - 2024-01-11 10:16:46 --> Controller Class Initialized
INFO - 2024-01-11 10:16:46 --> Model "Mauth" initialized
INFO - 2024-01-11 10:16:46 --> Final output sent to browser
DEBUG - 2024-01-11 10:16:46 --> Total execution time: 0.1622
INFO - 2024-01-11 10:19:26 --> Config Class Initialized
INFO - 2024-01-11 10:19:26 --> Hooks Class Initialized
DEBUG - 2024-01-11 10:19:26 --> UTF-8 Support Enabled
INFO - 2024-01-11 10:19:26 --> Utf8 Class Initialized
INFO - 2024-01-11 10:19:26 --> URI Class Initialized
INFO - 2024-01-11 10:19:26 --> Router Class Initialized
INFO - 2024-01-11 10:19:26 --> Output Class Initialized
INFO - 2024-01-11 10:19:26 --> Security Class Initialized
DEBUG - 2024-01-11 10:19:26 --> Global POST, GET and COOKIE data sanitized
INFO - 2024-01-11 10:19:26 --> Input Class Initialized
INFO - 2024-01-11 10:19:26 --> Language Class Initialized
INFO - 2024-01-11 10:19:26 --> Loader Class Initialized
INFO - 2024-01-11 10:19:26 --> Helper loaded: url_helper
INFO - 2024-01-11 10:19:26 --> Database Driver Class Initialized
INFO - 2024-01-11 10:19:26 --> Controller Class Initialized
INFO - 2024-01-11 10:19:26 --> Model "Mauth" initialized
INFO - 2024-01-11 10:19:26 --> Model "Mconfigkey" initialized
INFO - 2024-01-11 10:19:26 --> Final output sent to browser
DEBUG - 2024-01-11 10:19:26 --> Total execution time: 0.2139
